0 0 10 17558.2 4252.68 4305.56 113982 91 510 5 
3 1 10 15513.8 3527 2986.8 60451.9 51 270 2 
5 2 10 15512.8 3527 2985.8 60151.3 51 270 2 
7 4 10 15233.3 3295.92 2937.36 56915.6 49 270 4 
8 5 10 15105.4 3212.73 2892.68 55653.2 47 270 4 
11 7 10 15090.8 3212.73 2878.11 55544.4 47 270 4 
13 9 10 14395.7 2540.65 2855.06 51069.6 44 160 2 
14 10 10 14332.2 2519.93 2812.29 47888.3 44 150 2 
15 11 10 14236.5 2444.95 2791.53 44679.9 44 140 2 
16 12 10 14220.5 2452.77 2767.77 44528 44 130 2 
21 16 10 14038.4 2361.36 2677 43830.2 43 120 2 
24 18 10 13695.7 2123.86 2571.83 31139.3 39 60 2 
24 18 10 13687.4 2118.46 2568.89 31303.3 39 60 2 
25 19 10 13670.6 2118.46 2552.09 31236.6 39 60 2 
27 21 10 13643.1 2118.46 2524.6 31191.4 38 60 2 
27 21 10 13649.2 2191.15 2458.08 31384.1 38 60 2 
28 21 10 13520.5 2100.48 2420.04 29304.2 37 60 3 
29 22 10 13504.6 2114.46 2390.11 28249.1 37 50 3 
32 24 10 13503.4 2130.23 2373.18 28312.9 37 50 3 
35 26 10 13468.9 2109.76 2359.19 28584.7 37 40 2 
35 26 10 13463.5 2109.76 2353.79 28206.8 37 40 3 
36 27 10 13436.3 2109.76 2326.55 29244.6 37 40 3 
37 28 10 13443.4 2125.53 2317.87 29328.9 37 40 3 
38 29 10 13443.7 2127.12 2316.6 29422.1 37 40 3 
40 30 10 13443.1 2127.12 2315.95 29408.6 37 40 3 
42 33 10 13542.1 2235.4 2306.75 29964.5 37 30 2 
44 34 10 13542.5 2236.99 2305.49 30057.7 37 30 2 
47 36 10 13536.9 2236.99 2299.93 30031.3 37 30 2 
47 37 10 13535.6 2236.99 2298.59 30029.8 37 30 2 
48 37 10 13442.5 2161.77 2280.77 29040.7 37 30 2 
48 37 10 13358.8 2080.08 2278.69 28524.7 37 30 2 
49 38 10 13269.6 2038.26 2231.34 25411.3 35 30 2 
50 39 10 13185.8 1956.57 2229.26 24811.7 35 30 2 
50 39 10 13180.4 1956.57 2223.87 24797.1 35 30 2 
53 41 10 13180.4 1957.29 2223.16 24938.7 35 30 2 
53 41 10 13177.6 1957.29 2220.31 24936 35 30 2 
55 43 10 13177.6 1961.96 2215.64 24936 35 30 2 
55 43 10 13116.3 1901.46 2214.85 23804.4 34 20 2 
56 44 10 13114.8 1901.46 2213.33 23797.4 34 20 2 
56 45 10 13033.9 1845.61 2188.24 23211 34 10 1 
57 45 10 13031.6 1845.61 2186.02 23212.5 34 10 1 
60 47 10 13027.9 1880.05 2147.88 23426.5 34 10 1 
61 49 10 13021.9 1877.52 2144.41 23225.5 33 10 1 
62 49 10 12930.6 1870.69 2059.92 22857.8 33 10 1 
63 50 10 12924.7 1870.69 2053.99 22240.8 33 10 1 
65 51 10 12924.3 1870.69 2053.63 22258.9 33 10 1 
68 54 10 12922.8 1870.69 2052.11 22252 33 10 1 
72 57 10 12830.5 1780.49 2049.99 22009.6 33 10 1 
73 58 10 12767.5 1779.35 1988.18 22169.4 32 10 1 
77 61 10 12767.8 1781.93 1985.89 21828.6 32 10 1 
78 62 10 12767.5 1784.06 1983.48 22169.4 32 10 1 
81 65 10 12674.5 1693.7 1980.75 20894.9 31 10 1 
81 65 10 12670.2 1693.7 1976.54 20881.5 31 10 1 
83 66 10 12692.1 1737.17 1954.92 21527.1 31 0 0 
90 71 10 12619.1 1666.11 1953 20924.2 31 0 0 
91 72 10 12580.8 1628.25 1952.58 20535.2 30 0 0 
92 73 10 12581 1629.85 1951.11 20627.8 30 0 0 
94 75 10 12575.8 1628.25 1947.54 20876 30 0 0 
94 75 10 12420.2 1531.07 1889.11 20641 28 0 0 
99 79 10 12329.2 1446.15 1883.1 19549.6 28 0 0 
101 81 10 12327.5 1482.81 1844.71 18836.7 27 0 0 
104 83 10 12337.7 1497.07 1840.6 18670.5 27 0 0 
108 86 10 12268.5 1437.12 1831.4 17272.2 25 0 0 
112 89 10 12276.2 1469.81 1806.35 17462.1 25 0 0 
114 92 10 12272 1467.29 1804.74 17679.5 25 0 0 
120 96 10 12165.3 1374.46 1790.84 16268 24 0 0 
125 100 10 12176.9 1412.71 1764.2 16248.3 24 0 0 
132 106 10 12155.7 1412.71 1743.03 16526 24 0 0 
133 106 10 12151.5 1412.71 1738.76 15953 24 0 0 
137 110 10 11865.1 1193.81 1671.27 13744.2 21 0 0 
138 111 10 11877.9 1233.54 1644.36 14010.4 21 0 0 
141 113 10 11818.1 1233.54 1584.57 13827.3 21 0 0 
141 113 10 11811 1233.54 1577.43 13826.6 21 0 0 
149 121 10 11810.2 1233.54 1576.66 13822.8 21 0 0 
153 124 10 11817.2 1291.2 1525.98 13836.7 21 0 0 
162 132 10 11842.9 1328.84 1514.09 13999.2 21 0 0 
164 133 10 11842.8 1328.84 1513.95 13999.3 21 0 0 
165 134 10 11841.7 1328.84 1512.82 14001.9 21 0 0 
167 137 10 11839.8 1328.84 1511 14000.2 21 0 0 
167 137 10 11745.5 1296.81 1448.72 13683.4 20 0 0 
169 138 10 11653.6 1248.07 1405.55 13225.8 20 0 0 
180 147 10 11643.5 1238.04 1405.46 13082.7 20 0 0 
181 148 10 11516.4 1180.84 1335.61 11593.4 19 0 0 
185 151 10 11512.9 1180.84 1332.03 11580.7 19 0 0 
189 155 10 11435.2 1105.99 1329.21 11344.6 19 0 0 
191 157 10 11375.3 1063.95 1311.34 10480.7 18 0 0 
191 158 10 11371.7 1063.95 1307.77 10468.1 18 0 0 
193 159 10 11369.9 1063.95 1305.96 10466.5 18 0 0 
196 161 10 11411.3 1119.57 1291.76 10745.7 18 0 0 
199 165 10 11410.2 1119.57 1290.6 10699.4 18 0 0 
201 167 10 11410.1 1119.57 1290.5 10693.4 18 0 0 
202 168 10 11408.3 1119.57 1288.69 10691.7 18 0 0 
217 184 10 11403.9 1119.57 1284.37 10648.7 18 0 0 
239 206 10 11400.7 1119.57 1281.15 10644.4 18 0 0 
241 208 10 11400.6 1119.57 1281.04 10638.4 18 0 0 
254 220 10 11298.6 1028.57 1270 10031 17 0 0 
269 235 10 11395.5 1128.46 1267 10398.7 17 0 0 
275 241 10 11391.2 1128.46 1262.73 10389.1 17 0 0 
286 252 10 11260.1 1004.1 1256 10032.8 17 0 0 
287 253 10 11257.6 1004.1 1253.45 10033.5 17 0 0 
364 328 10 11354.4 1103.99 1250.45 10401.2 17 0 0 
375 339 10 11350.2 1103.99 1246.17 10391.7 17 0 0 
375 339 10 11350.2 1108.07 1242.09 10391.7 17 0 0 
380 345 10 11293.7 1064.1 1229.56 10335.2 17 0 0 
416 379 10 11202.4 974.031 1228.37 10243.9 17 0 0 
500 459 10 11202.4 976.917 1225.49 10243.9 17 0 0 
559 516 10 11202.4 978.253 1224.15 10243.9 17 0 0 
566 522 10 11202.4 983.5 1218.9 10243.9 17 0 0 
594 548 10 11224.6 1017.97 1206.64 10243.9 17 0 0 
594 548 10 11224.6 1021.73 1202.88 10243.9 17 0 0 
965 904 10 11224.6 1022.84 1201.77 10243.9 17 0 0 
2718 2570 10 11290.4 1090.53 1199.91 10243.9 17 0 0 
4670 4420 10 11341.4 1142.54 1198.85 10243.9 17 0 0 
