0 0 10 17906.2 4660.14 4246.05 95128.4 87 390 3 
1 0 10 15836 3440.99 3394.96 66807.3 53 330 5 
2 0 10 15701.8 3318.2 3383.62 63548.8 52 320 5 
2 0 10 15587.5 3217.54 3370.01 60556.1 51 310 5 
3 0 10 15408.3 3058.74 3349.52 59119.3 49 310 5 
3 1 10 15282.8 2988.35 3294.42 56045.1 48 300 5 
4 1 10 15233 2988.35 3244.68 55895 48 300 5 
4 1 10 15080.6 2895.49 3185.07 54249.4 47 300 5 
4 1 10 15077.6 2895.49 3182.13 52817.3 47 300 5 
5 2 10 15068.7 2895.49 3173.24 52821.1 47 300 5 
5 2 10 15014.9 2915.34 3099.53 51348.7 47 270 5 
6 3 10 14887.1 2825.21 3061.92 49214.6 46 250 5 
6 3 10 14312.9 2332.75 2980.16 41850.1 43 250 5 
7 4 10 14373.5 2456.08 2917.39 39318.7 43 240 5 
7 4 10 14369 2456.08 2912.95 39255.2 43 240 5 
12 8 10 13853.6 2117.73 2735.91 34645.4 41 210 4 
12 8 10 13853.1 2117.73 2735.35 34679.9 41 210 4 
12 8 10 13905.8 2173.23 2732.53 35166.5 41 210 3 
14 9 10 13874.9 2173.23 2701.65 34742.3 41 210 3 
14 9 10 13859.6 2176.43 2683.21 35242 41 210 3 
15 10 10 13875.6 2260.82 2614.8 34707.8 41 210 3 
16 11 10 13868.8 2260.82 2608.02 34653.8 41 210 3 
16 11 10 13496.3 1893.37 2602.89 26757.6 41 150 3 
17 12 10 13546.6 1954.24 2592.34 27406.3 41 140 4 
17 12 10 13545.3 1954.24 2591.06 27364.6 41 140 4 
19 13 10 13551.1 2041.83 2509.26 27350.3 41 140 4 
20 14 10 13412.5 1914.3 2498.24 26399.9 38 100 4 
21 15 10 13375.9 1914.3 2461.58 26274.8 38 100 4 
22 16 10 13372.7 1914.3 2458.41 26423.7 38 100 4 
22 16 10 13249.1 1818.64 2430.45 25225.7 37 100 4 
24 18 10 13185.1 1807.39 2377.72 25341.1 37 100 4 
25 19 10 13049.4 1711.94 2337.48 23865.4 36 100 4 
27 20 10 12927.8 1609.63 2318.15 21949.3 35 100 4 
28 22 10 12923.5 1609.63 2313.87 21927.8 35 100 4 
29 23 10 12816.2 1533.64 2282.54 21544 33 100 4 
30 23 10 12827.3 1557.76 2269.52 21391.7 33 100 4 
30 24 10 12827.3 1558.86 2268.42 21391.7 33 90 3 
34 26 10 12827.3 1567.14 2260.14 21391.7 33 80 3 
34 27 10 12819.8 1567.14 2252.62 21348.4 33 80 3 
40 32 10 12819.8 1574.23 2245.53 21522.9 33 80 3 
40 32 10 12794.4 1681.33 2113.08 21960.2 33 80 3 
40 32 10 12796.1 1685.6 2110.48 21964.1 33 80 3 
42 34 10 12687.4 1586.98 2100.4 19928.3 32 70 2 
44 36 10 12679.5 1586.98 2092.53 19900.6 32 70 2 
45 37 10 12677.3 1586.98 2090.29 19873.4 32 70 2 
46 38 10 12630.1 1539.98 2090.14 19422.6 32 70 2 
48 40 10 12653.6 1572.73 2080.87 19626.6 32 70 2 
52 43 10 12630.2 1594.22 2035.97 19494.3 32 70 2 
54 44 10 12627.5 1594.22 2033.28 19481.6 32 70 2 
54 45 10 12678.7 1660.9 2017.76 20273.3 32 70 2 
56 46 10 12677.5 1660.9 2016.65 20277.7 32 70 2 
56 47 10 12676.5 1660.9 2015.64 20273.3 32 70 2 
57 48 10 12622 1607.48 2014.52 19659.9 32 70 2 
57 48 10 12661.7 1660.9 2000.85 19815.2 32 60 3 
61 52 10 12661.2 1660.9 2000.25 19814.5 32 60 3 
62 52 10 12651.2 1660.9 1990.25 19784.5 32 60 3 
62 53 10 12550.6 1566.37 1984.19 19026.3 31 50 2 
63 54 10 12503.4 1519.37 1984.04 18575.5 31 50 2 
63 54 10 12503.4 1519.37 1984.04 18580.1 31 50 2 
72 61 10 12550.6 1571.71 1978.86 19200.8 31 40 2 
73 62 10 12587.9 1636.71 1951.2 19154.5 31 30 2 
75 64 10 12586.2 1636.71 1949.49 19157.6 31 30 2 
77 66 10 12491.8 1545.09 1946.75 18173.4 30 30 2 
77 66 10 12453.6 1546.71 1906.88 18520.5 30 30 2 
79 68 10 12459.9 1555.46 1904.49 18809.6 30 30 2 
81 70 10 12444.7 1564.64 1880.03 19138.7 30 30 2 
87 76 10 12397.1 1528.44 1868.61 18946.4 30 30 2 
88 77 10 12396.3 1528.44 1867.85 18947.3 30 30 2 
89 77 10 12395.2 1528.44 1866.74 18951.7 30 30 2 
93 82 10 12401.5 1577.5 1823.97 18861.4 30 30 2 
95 83 10 12395.4 1579.04 1816.4 18923 30 30 2 
96 85 10 12301.2 1486.87 1814.37 17685.6 29 20 2 
99 87 10 12293.4 1486.87 1806.56 17691.9 29 20 2 
100 88 10 12192.4 1435.32 1757.04 17036.6 28 10 1 
103 91 10 12188 1435.32 1752.68 17026.6 28 10 1 
105 93 10 12053 1306.29 1746.75 16050.1 27 10 1 
107 95 10 12060.2 1337.38 1722.87 16589.5 27 10 1 
114 101 10 12059.9 1337.38 1722.55 16730.2 27 10 1 
115 102 10 11930.3 1209.66 1720.68 16288.5 26 10 1 
119 106 10 12018.3 1298.45 1719.82 16555.1 26 10 1 
119 106 10 11928.9 1209.66 1719.29 16559.1 26 10 1 
122 109 10 11930.6 1213.34 1717.27 15145.7 26 10 1 
126 112 10 11963.8 1247.38 1716.44 15227.7 26 10 1 
128 115 10 11871 1156.65 1714.35 14913.4 26 10 1 
134 119 10 11742 1062.34 1679.66 14006.7 25 10 1 
142 127 10 11812.2 1140.86 1671.32 14022.9 24 10 1 
143 128 10 11810.4 1140.86 1669.53 14023.3 24 10 1 
146 130 10 11812.2 1143.53 1668.65 14022.9 24 10 1 
157 140 10 11683 1043.36 1639.65 12748.4 23 10 1 
161 144 10 11683 1057.12 1625.89 12748.4 23 10 1 
163 146 10 11681.6 1057.12 1624.52 12744 23 10 1 
176 157 10 11772.3 1147.85 1624.45 13033.6 23 10 1 
189 171 10 11767.9 1147.85 1620.09 13023.6 23 10 1 
189 171 10 11698.8 1080.85 1617.94 12616.7 22 10 1 
194 175 10 11694.4 1080.85 1613.57 12606.7 22 10 1 
208 188 10 11693 1080.85 1612.18 12634 22 10 1 
212 192 10 11724.3 1136.02 1588.24 12727.7 22 10 1 
220 199 10 11631.5 1047.11 1584.4 12727.7 22 10 1 
222 201 10 11609 1047.11 1561.9 12372.9 21 10 1 
228 207 10 11609 1052.89 1556.12 12372.9 21 10 1 
232 210 10 11609 1075.49 1533.52 12372.9 21 10 1 
233 211 10 11533.7 1002.14 1531.57 12029.2 21 10 1 
233 212 10 11606.7 1075.49 1531.23 12372.1 21 10 1 
240 218 10 11532.8 1002.14 1530.68 12032.1 21 10 1 
242 221 10 11575.7 1052.77 1522.95 11835.5 21 10 1 
243 222 10 11618.9 1112.84 1506.09 12377.8 21 10 1 
243 222 10 11545 1039.5 1505.54 12037.8 21 10 1 
248 226 10 11534.4 1039.5 1494.93 12034.1 21 10 1 
248 226 10 11493.9 1004.9 1488.96 11706.6 20 0 0 
252 230 10 11492.3 1004.9 1487.36 11704.6 20 0 0 
283 259 10 11489.9 1004.9 1484.99 11764.9 20 0 0 
290 266 10 11458.1 979.615 1478.47 11676 19 0 0 
291 267 10 11419.3 941.103 1478.2 11542.3 19 0 0 
293 268 10 11418.1 941.103 1476.95 11536.8 19 0 0 
293 269 10 11541.7 1090.87 1450.86 11432.1 19 0 0 
297 272 10 11540.8 1090.87 1449.97 11437.6 19 0 0 
302 277 10 11538.9 1090.87 1448 11438.8 19 0 0 
308 284 10 11349.3 903.019 1446.27 10910.1 19 0 0 
311 287 10 11348.5 903.019 1445.5 10901.8 19 0 0 
314 289 10 11385.7 949.499 1436.21 10842.9 19 0 0 
329 303 10 11280.1 858.065 1422.01 10046.2 18 0 0 
338 313 10 11262.4 841.316 1421.04 10003 18 0 0 
507 482 10 11225.6 808.883 1416.69 10003 18 0 0 
541 515 10 11190.5 778.142 1412.35 10096.2 18 0 0 
563 537 10 11189.8 778.142 1411.7 10099.9 18 0 0 
574 548 10 11191.8 815.385 1376.39 10433.1 18 0 0 
579 553 10 11190.9 815.385 1375.49 10444.1 18 0 0 
584 558 10 11183.8 816.699 1367.14 10511.5 18 0 0 
586 560 10 11183.5 816.699 1366.76 10820.3 17 0 0 
596 570 10 11089.6 723.617 1365.94 9873.06 16 0 0 
613 586 10 11083.5 723.617 1359.84 9486.81 16 0 0 
618 591 10 11037.2 723.617 1313.54 9285.49 15 0 0 
658 630 10 11033.8 723.617 1310.18 9235.81 15 0 0 
664 636 10 11032.8 723.617 1309.21 9243.41 15 0 0 
664 637 10 11044.9 746.032 1298.86 8702.51 14 0 0 
666 638 10 11043.9 746.032 1297.89 8710.11 14 0 0 
666 639 10 11130.1 834.201 1295.86 8800.24 14 0 0 
668 641 10 11130.1 835.439 1294.62 8800.24 14 0 0 
669 642 10 11126.1 842.647 1283.45 8541.51 14 0 0 
674 646 10 11035.4 752.093 1283.34 7650.21 13 0 0 
698 671 10 11053.1 771.369 1281.78 7675.68 13 0 0 
729 703 10 11053.1 775.798 1277.35 7675.68 13 0 0 
849 822 10 11014.1 737.393 1276.7 7475.77 13 0 0 
876 849 10 10864.4 597.23 1267.21 7275.98 13 0 0 
1002 974 10 10862.8 597.23 1265.53 7303.33 13 0 0 
1180 1152 10 10772.7 508.301 1264.41 6640.28 12 0 0 
1182 1155 10 10766.8 508.301 1258.5 6617.02 12 0 0 
1206 1178 10 10765.1 508.301 1256.83 7023.08 12 0 0 
1238 1207 10 10672.2 417.806 1254.35 6437.8 12 0 0 
1322 1290 10 10654.4 400.271 1254.16 6347.56 12 0 0 
1478 1444 10 10561.1 332.573 1228.54 4981.95 11 0 0 
1515 1481 10 10585.7 361.7 1224.01 5044.93 10 0 0 
1715 1682 10 10657.7 434.095 1223.59 5044.93 10 0 0 
1761 1728 10 10584.5 361.7 1222.82 5044.93 10 0 0 
1853 1819 10 10580.7 358.128 1222.56 4954.83 10 0 0 
2605 2570 10 10613.1 391.231 1221.83 4954.83 10 0 0 
3436 3368 10 10606.7 386.129 1220.6 5026.15 10 0 0 
3665 3587 10 10580.9 368.208 1212.71 5026.15 10 0 0 
3804 3720 10 10547.9 348.575 1199.3 4579.8 10 0 0 
3999 3919 10 10547.1 348.575 1198.57 4050.51 10 0 0 
4012 3933 10 10545.8 348.575 1197.18 4047.72 10 0 0 
4123 4040 10 10545.5 348.575 1196.89 3940.13 10 0 0 
4565 4479 10 10550.9 366.604 1184.3 3276.69 10 0 0 
4566 4480 10 10544.1 366.604 1177.53 3490.3 10 0 0 
4568 4482 10 10730.9 556.888 1174.06 3884.22 10 0 0 
4572 4486 10 10729.4 557.41 1171.97 3641.03 10 0 0 
4572 4486 10 10723.5 557.41 1166.09 3797.78 10 0 0 
4580 4494 10 10627.5 468.942 1158.55 3509.78 10 0 0 
4582 4496 10 10625.2 468.942 1156.23 3509.01 10 0 0 
4600 4514 10 10625.2 469.049 1156.13 3509.01 10 0 0 
4700 4609 10 10429.2 280.494 1148.68 3509.01 10 0 0 
