1 0 10 15587.8 2496.03 4091.74 272861 90 930 2 
1 0 10 15367 3232.42 3134.61 59387.9 50 360 3 
2 0 10 15446.4 3344.18 3102.25 61049.7 50 360 3 
2 0 10 15443.1 3344.18 3098.87 61045.1 50 360 3 
4 1 10 15434.8 3456.77 2978.04 59068.4 50 340 4 
4 1 10 15334.5 3367.72 2966.76 60712.4 50 340 3 
4 2 10 15121 3156.18 2964.79 57527.4 48 320 3 
5 2 10 15046.3 3110.69 2935.65 56167.7 48 300 3 
6 3 10 15036.4 3110.69 2925.69 56114.6 48 300 3 
7 4 10 15034.6 3110.69 2923.9 56384.3 48 300 3 
7 4 10 14995.4 3091.04 2904.34 53341.8 48 230 3 
7 4 10 14976.9 3091.04 2885.89 53207.7 48 230 3 
7 4 10 14975.1 3091.04 2884.11 53213.2 48 230 3 
8 4 10 14962.1 3091.04 2871.08 53183.4 48 230 3 
8 5 10 14912 3091.04 2821 52603.2 48 230 3 
10 6 10 14915.6 3139.61 2775.95 52813.6 48 220 3 
11 7 10 14883.2 3139.61 2743.54 52685.8 48 220 3 
11 7 10 14715.4 3017.08 2698.37 52291.5 47 220 3 
11 7 10 14713.4 3017.08 2696.36 52285.7 47 220 3 
11 8 10 14712.7 3017.08 2695.59 52280.3 47 220 3 
11 8 10 14709.5 3017.08 2692.38 52270 47 220 3 
13 9 10 14680.7 3017.08 2663.62 52935.2 47 220 2 
13 9 10 14622.6 3017.08 2605.49 52285.7 47 220 2 
13 9 10 14697.8 3152.54 2545.27 53205.4 47 220 2 
13 9 10 14594.8 3059.61 2535.19 51975.1 46 180 2 
14 10 10 14587.8 3059.61 2528.2 52006.5 46 180 2 
15 10 10 14523.9 3002.22 2521.68 52006.5 46 180 2 
16 11 10 14520.7 3002.22 2518.48 51970.6 46 180 2 
21 15 10 14592.1 3100.01 2492.1 52634.4 46 180 2 
25 18 10 14587.4 3100.01 2487.42 52603.7 46 180 2 
26 19 10 14584 3100.01 2484.01 52632.5 46 180 2 
28 21 10 14455.4 2989.58 2465.82 50595.4 46 180 2 
28 21 10 14290.1 2877.84 2412.23 47402.7 45 170 2 
28 21 10 14272.5 2885.57 2386.96 47003.3 44 160 2 
29 22 10 14270.9 2885.57 2385.34 47006.2 44 160 2 
30 23 10 14009 2786.51 2222.53 36250.3 44 150 5 
31 24 10 13926.8 2763.6 2163.24 35317.4 44 150 5 
32 25 10 14036.9 2886.9 2150.04 36378.6 44 130 5 
32 25 10 13833.3 2715.3 2118.04 34623 42 130 5 
36 27 10 13824.4 2721.84 2102.52 34422.5 42 110 6 
36 28 10 13699.9 2631.84 2068.04 33113.9 41 110 6 
39 30 10 13805.5 2743.65 2061.83 33796.3 41 110 5 
39 30 10 13687.6 2631.84 2055.72 33046.2 41 110 6 
40 31 10 13684.5 2631.84 2052.64 33047.4 41 110 6 
44 34 10 13684.5 2653.58 2030.9 33047.4 41 110 6 
45 35 10 13620.4 2631.84 1988.52 32436.9 41 100 5 
45 36 10 13164.2 2216.56 1947.66 28039.5 40 90 5 
47 37 10 13047 2124.06 1922.9 27693 36 90 5 
49 39 10 13046.5 2124.06 1922.41 27691.5 36 90 5 
51 40 10 13044.7 2144.52 1900.2 27100.9 35 70 4 
53 42 10 12606 1779.23 1826.81 23384.6 32 70 3 
54 42 10 12518.9 1693.63 1825.25 23276 31 70 3 
54 43 10 12504.2 1693.63 1810.54 23196.9 31 70 3 
56 45 10 12514.6 1724.88 1789.69 23462.4 31 70 3 
58 46 10 12416.9 1632.07 1784.86 22237.2 30 70 3 
59 47 10 12415.8 1632.07 1783.77 22539.2 30 70 4 
60 47 10 12429.2 1647.9 1781.34 23177.4 30 70 5 
60 47 10 12507 1746.15 1760.81 22237.2 30 70 3 
62 49 10 12506.3 1746.15 1760.11 22238.2 30 70 3 
62 49 10 12412 1655.39 1756.65 21266.1 29 70 3 
63 50 10 12404.1 1655.39 1748.74 21253.9 29 70 3 
63 50 10 12276.6 1531.32 1745.29 20078.7 27 50 2 
64 51 10 12275.9 1531.32 1744.59 20079.8 27 50 2 
65 52 10 12279.9 1567.38 1712.55 20099.9 27 40 1 
71 58 10 12156.2 1477.45 1678.73 19229.3 26 40 1 
83 68 10 12154.8 1477.45 1677.37 19225.5 26 40 1 
85 70 10 12152.4 1477.45 1674.91 19419.8 26 40 1 
90 75 10 12127.3 1456.11 1671.15 19134.2 26 40 1 
91 76 10 12101.3 1443.69 1657.57 19394.3 26 40 1 
102 85 10 12101.6 1452.85 1648.75 19189.5 26 40 1 
121 103 10 12076.5 1431.5 1644.99 18929.1 26 40 1 
123 105 10 12168.4 1523.5 1644.93 19298.7 26 40 2 
123 106 10 12087.9 1443.31 1644.62 18804.3 26 30 2 
139 120 10 12015.3 1372.64 1642.67 17609.7 26 20 1 
147 128 10 12015.3 1374.53 1640.78 17718.3 26 20 1 
152 132 10 11912.6 1280.47 1632.15 16589.4 25 20 1 
156 135 10 11923.8 1293.56 1630.26 16698 25 20 1 
174 153 10 11919.6 1293.56 1626.07 16695.5 25 20 1 
176 154 10 11795.2 1200.78 1594.44 15949 25 10 1 
202 178 10 11783.8 1192.33 1591.49 15914.8 25 10 1 
208 183 10 11783.6 1192.33 1591.23 16103.3 25 10 1 
212 187 10 11691.7 1101.61 1590.08 14897.4 24 10 1 
219 193 10 11690.9 1101.61 1589.25 14896.9 24 10 1 
223 197 10 11846 1277.74 1568.29 15889.4 24 10 1 
226 199 10 11846 1280.11 1565.92 15214 23 10 1 
232 205 10 11845.7 1280.11 1565.58 15213.6 23 10 1 
233 206 10 11834.2 1280.11 1554.09 15008.4 23 10 1 
236 208 10 11833.9 1280.11 1553.75 15008 23 10 1 
240 212 10 11864.9 1343.09 1521.79 15043.1 23 10 1 
247 218 10 11717.8 1197.77 1520.01 13618.2 22 10 1 
250 221 10 11717.8 1253.53 1464.25 13618.2 22 10 1 
257 227 10 11717 1253.53 1463.51 13516.2 22 10 1 
257 227 10 11811.1 1398.85 1412.24 14916.4 22 10 1 
278 246 10 11805.1 1398.85 1406.27 14904.5 22 10 1 
288 256 10 11767.6 1362.26 1405.36 14542.9 22 10 1 
292 260 10 11709.6 1305.62 1403.98 14233.5 22 10 1 
294 261 10 11736.4 1333.53 1402.86 14273.2 22 10 1 
295 262 10 11732.2 1333.53 1398.67 14270.7 22 10 1 
348 312 10 11725.8 1333.01 1392.76 14264.2 22 10 1 
350 314 10 11719.7 1333.68 1385.98 13829.2 22 10 1 
365 328 10 11713.2 1333.16 1380.06 13822.8 22 10 1 
371 334 10 11594.4 1214.46 1379.96 12520.5 20 10 1 
381 344 10 11594.3 1214.46 1379.81 12521.4 20 10 1 
390 351 10 11567.4 1216.26 1351.17 11717.7 20 10 1 
466 423 10 11587.4 1236.96 1350.41 11728 20 10 1 
490 445 10 11586.1 1236.96 1349.15 11499.5 20 10 1 
545 497 10 11495.5 1146.56 1348.89 10473.5 19 10 1 
585 534 10 11495.5 1152.42 1343.03 10473.5 19 10 1 
589 537 10 11495.5 1154.59 1340.86 10473.5 19 10 1 
608 555 10 11430.6 1093.01 1337.55 9699.45 19 0 0 
618 564 10 11428.7 1108.41 1320.32 9652.14 19 0 0 
623 569 10 11414.7 1100.13 1314.59 9386.34 19 0 0 
694 636 10 11414.7 1101.07 1313.64 9386.34 19 0 0 
696 638 10 11342.3 1029.91 1312.44 8619.25 18 0 0 
700 642 10 11342.3 1029.91 1312.42 8615.39 18 0 0 
727 665 10 11342.3 1033.03 1309.29 8615.39 18 0 0 
727 666 10 11369.9 1080.55 1289.33 8698.05 18 0 0 
765 700 10 11362.8 1076.21 1286.58 8597.77 18 0 0 
767 702 10 11348.8 1076.21 1272.55 8554.6 18 0 0 
772 707 10 11348.7 1076.21 1272.52 8554.6 18 0 0 
795 728 10 11374 1101.75 1272.3 9305.87 18 0 0 
873 800 10 11456.8 1191.6 1265.16 9432.27 18 0 0 
874 801 10 11404.4 1140.37 1264.07 8737.74 17 0 0 
879 806 10 11451.2 1187.57 1263.67 9084.49 17 0 0 
888 815 10 11392.9 1140.37 1252.51 8851.97 16 0 0 
892 818 10 11383.5 1138.58 1244.89 8753.09 16 0 0 
897 822 10 11382.3 1138.58 1243.67 8868.42 16 0 0 
962 883 10 11227.8 1010.53 1217.23 8225.42 16 0 0 
966 887 10 11183.1 979.056 1204.04 8164.91 16 0 0 
969 890 10 11180.4 979.056 1201.3 8160.91 16 0 0 
974 895 10 11103.8 915.331 1188.52 8086.85 16 0 0 
982 902 10 11145.8 964.129 1181.72 8067.1 15 0 0 
1136 1050 10 11017.7 839.837 1177.83 7609.76 14 0 0 
1497 1397 10 11017.4 839.837 1177.61 7230.2 14 0 0 
1829 1717 10 10978.5 804.1 1174.42 7115.08 14 0 0 
1831 1719 10 10978.5 804.1 1174.4 7111.22 14 0 0 
2002 1883 10 11002.1 829.165 1172.94 7111.22 14 0 0 
2265 2136 10 10809.4 646.073 1163.38 7857.18 14 0 0 
2272 2144 10 10778.1 615.126 1162.94 7763.03 14 0 0 
2278 2150 10 10840.1 755.662 1084.45 8501.56 14 0 0 
2755 2630 10 10813.4 755.662 1057.76 8498.4 13 0 0 
2761 2635 10 10813.2 755.662 1057.57 9234.16 13 0 0 
2835 2703 10 10785.7 728.326 1057.35 9151.5 13 0 0 
2884 2749 10 10785.5 728.326 1057.18 9146.44 13 0 0 
2898 2761 10 10783.7 728.326 1055.39 9137.36 13 0 0 
3769 3564 10 10779.7 728.326 1051.35 9137.36 13 0 0 
3879 3665 10 10865.6 815.326 1050.29 9008.59 12 0 0 
3993 3775 10 10778.3 728.326 1049.97 8877.81 11 0 0 
