0 0 10 17410.5 4462.55 3947.95 105641 92 410 4 
3 1 10 14949.2 2937.69 3011.52 43549 48 190 4 
3 1 10 14554 2641.27 2912.72 39768.4 46 170 3 
4 1 10 14447.1 2573.52 2873.61 38484.4 44 150 4 
4 2 10 14400.1 2573.52 2826.56 37651.9 44 150 4 
4 2 10 14333.1 2522.32 2810.79 37105.2 44 140 4 
5 2 10 14223.6 2422.16 2801.49 36034.4 43 130 4 
5 2 10 14009.1 2261.82 2747.27 34153.4 42 130 4 
8 4 10 13960.4 2259.68 2700.68 33629.1 42 130 5 
9 5 10 13979.4 2300.13 2679.3 34073.2 42 130 5 
9 6 10 13957.6 2300.13 2657.46 34445.3 42 130 5 
11 7 10 13942 2300.13 2641.9 33103.7 41 110 5 
11 7 10 13963.6 2343.65 2619.95 33667.4 41 110 4 
12 8 10 13857.9 2343.65 2514.28 33117.2 41 90 4 
13 9 10 13953.9 2489.97 2463.97 33225.5 41 70 3 
15 10 10 13953.9 2498.91 2455.04 33225.5 41 70 3 
22 16 10 13908.6 2498.91 2409.69 33097.1 41 70 3 
23 17 10 13914.1 2556.75 2357.4 33113.2 41 70 3 
24 18 10 13797.4 2458.78 2338.65 32242.1 40 70 4 
25 19 10 13699.5 2366.73 2332.73 31347.1 38 70 4 
26 20 10 13722.6 2404.27 2318.38 31035 38 70 4 
29 22 10 13794.3 2552.54 2241.81 30391 38 60 3 
33 25 10 13788.9 2552.54 2236.35 29866 38 30 2 
34 26 10 13825 2592.29 2232.74 30679.2 38 30 2 
36 28 10 13816.6 2592.29 2224.33 30623.9 38 30 2 
44 34 10 13690.4 2495.85 2194.53 29268 37 30 2 
45 34 10 13658.3 2519.67 2138.59 28780.2 37 30 2 
45 34 10 13547.6 2442.67 2104.89 28285.4 37 20 1 
46 35 10 13360.1 2272.77 2087.3 27276 36 20 1 
47 35 10 13375.5 2330.4 2045.07 28818.6 36 20 1 
47 36 10 13310.2 2296.93 2013.3 29125 36 20 1 
61 47 10 13309.9 2296.93 2012.98 29075.5 36 20 2 
64 49 10 13414.4 2417.1 1997.28 29034.7 36 20 2 
66 51 10 13310.6 2326.94 1983.67 28214.3 35 20 2 
67 52 10 13268.1 2285.81 1982.33 27788.6 34 20 2 
70 54 10 13263.5 2285.81 1977.73 27786.6 34 20 2 
73 57 10 13262.5 2285.81 1976.65 27780.8 34 20 2 
78 61 10 13262.5 2294.76 1967.7 27780.8 34 20 2 
82 64 10 13257.1 2296.45 1960.68 28093.2 34 20 2 
83 65 10 13156.3 2195.81 1960.5 27257.4 33 20 2 
88 69 10 13129.6 2195.81 1933.83 28028.1 33 20 2 
91 71 10 13128.8 2195.81 1932.98 28009.2 33 20 2 
92 72 10 13127.7 2195.81 1931.87 28009.7 33 20 2 
95 74 10 13019.2 2105.41 1913.83 27358.8 33 20 2 
98 76 10 12992.8 2084.05 1908.77 26946.7 33 20 2 
103 80 10 12911.9 2010.28 1901.62 25821 32 20 2 
107 84 10 12872.3 1975.18 1897.11 25224.8 32 20 2 
108 85 10 12866.9 1975.18 1891.72 25133.8 32 20 2 
109 85 10 12866.9 1976.88 1890.01 25133.8 32 20 2 
114 89 10 12814.7 1925.27 1889.47 24782.4 31 20 2 
116 91 10 12811.7 1925.27 1886.41 24769.6 31 20 2 
142 111 10 12683 1834.51 1848.51 23420.2 30 20 2 
146 115 10 12681.9 1834.51 1847.41 23420.7 30 20 2 
146 115 10 12651.2 1834.51 1816.68 23328.3 30 20 2 
154 121 10 12646.6 1834.51 1812.14 24040.5 30 20 2 
156 123 10 12636 1834.51 1801.47 24023.5 30 20 2 
164 130 10 12545.2 1744.11 1801.14 22780.8 29 20 2 
169 133 10 12542.3 1744.11 1798.18 22069.5 29 20 2 
189 149 10 12549.8 1764.88 1784.94 21107.1 28 10 1 
190 150 10 12548.1 1764.88 1783.18 21106.6 28 10 1 
195 154 10 12516 1732.98 1782.99 21166.3 28 10 1 
204 161 10 12449.3 1682.88 1766.47 20026.3 27 10 1 
206 162 10 12417.3 1650.98 1766.28 20086 27 10 1 
209 165 10 12406.4 1650.98 1755.38 20079.2 27 10 1 
212 167 10 12190 1463.85 1726.11 18232.8 25 10 1 
215 170 10 12188.2 1465.8 1722.39 17619 24 10 1 
241 191 10 12220.5 1561.35 1659.2 17638.2 24 0 0 
244 193 10 12153 1495.46 1657.53 17380 24 0 0 
264 210 10 12061.2 1405.46 1655.76 15973.5 23 0 0 
286 228 10 12068.4 1424.59 1643.82 15630.1 23 0 0 
290 231 10 11966.4 1362.4 1603.97 16303.2 23 0 0 
294 234 10 11871.4 1290.75 1580.61 15345.9 21 0 0 
294 234 10 11858.2 1290.75 1567.43 15227.9 21 0 0 
303 240 10 11836.3 1290.75 1545.52 15152.1 21 0 0 
304 241 10 11724.6 1199.98 1524.59 13888.3 21 0 0 
321 255 10 11623.1 1109.58 1513.51 12948.4 20 0 0 
352 280 10 11713.1 1238.49 1474.64 12948.4 20 0 0 
384 307 10 11804.4 1330.13 1474.31 13808.7 20 0 0 
403 323 10 11705.3 1236.88 1468.45 12995.4 20 0 0 
412 331 10 11615.2 1146.88 1468.31 11587.3 19 0 0 
474 381 10 11706.5 1238.51 1467.98 12447.6 19 0 0 
501 403 10 11550.4 1096.36 1454.04 11076.8 18 0 0 
505 407 10 11498.4 1045.27 1453.13 10557.2 17 0 0 
507 408 10 11489.7 1045.27 1444.42 10461.2 17 0 0 
524 421 10 11489.1 1047.77 1441.28 10461.2 17 0 0 
526 423 10 11488.3 1047.77 1440.57 10456.8 17 0 0 
569 458 10 11469.4 1051.09 1418.35 10368.1 17 0 0 
620 498 10 11461.9 1051.09 1410.77 10346 17 0 0 
630 507 10 11456.4 1051.09 1405.33 10303.2 17 0 0 
650 522 10 11455.7 1051.09 1404.56 10305.5 17 0 0 
667 536 10 11424.6 1021 1403.59 9510.77 17 0 0 
682 548 10 11394.4 991.003 1403.39 9153.05 16 0 0 
702 565 10 11423.6 1021.24 1402.37 9522.25 16 0 0 
722 581 10 11423.6 1025.91 1397.7 9522.25 16 0 0 
725 584 10 11422.8 1025.91 1396.93 9524.54 16 0 0 
785 632 10 11422.8 1025.99 1396.85 9524.54 16 0 0 
828 667 10 11422.8 1028.21 1394.64 9524.54 16 0 0 
900 725 10 11420 1028.21 1391.76 9517.19 16 0 0 
900 726 10 11418.4 1028.21 1390.19 9697.27 16 0 0 
1053 851 10 11262 873.412 1388.55 9161.83 15 0 0 
1081 875 10 11133.2 777.962 1355.22 8275.47 14 0 0 
1106 896 10 11177.8 823.863 1353.96 8366.78 14 0 0 
1135 919 10 11058.3 727.118 1331.17 8027.97 13 0 0 
1138 922 10 11036 727.118 1308.84 8027.97 13 0 0 
2483 2036 10 11034.5 727.118 1307.41 8026.53 13 0 0 
