Agent: 0ids: 13 27 46 25 23 45 17 19 26 20 42 6 0 5 34 18 37 44 
Agent: 1ids: 27 23 26 33 5 16 20 10 31 35 24 44 6 30 17 39 19 7 40 43 46 9 32 0 37 12 3 1 42 47 8 28 25 22 34 18 2 48 38 11 49 
Agent: 2ids: 41 36 0 30 38 5 27 49 2 48 40 11 15 16 25 8 13 29 1 33 37 18 12 32 19 20 10 24 44 21 14 46 23 34 3 22 
Agent: 3ids: 20 7 
Agent: 4ids: 7 45 
Agent: 5ids: 30 4 24 45 7 0 46 23 2 12 8 35 48 29 38 
Agent: 6ids: 12 0 48 20 14 35 
Agent: 7ids: 22 43 48 7 33 40 21 39 3 30 46 
Agent: 8ids: 38 25 4 43 40 5 9 0 37 42 30 32 13 18 
Agent: 9ids: 31 43 33 39 38 21 36 24 22 1 29 25 18 5 40 4 3 37 8 13 
Agent: 10ids: 37 26 20 18 29 4 44 13 47 49 6 21 17 10 48 11 39 35 31 9 
Agent: 11ids: 5 16 37 6 49 12 40 47 24 36 21 43 23 17 30 0 22 45 20 27 7 26 32 19 1 13 42 33 
Agent: 12ids: 20 26 45 6 37 4 21 14 11 9 47 8 40 42 17 36 32 0 10 38 2 33 43 25 19 22 31 16 5 13 1 18 49 35 30 39 46 29 28 15 
Agent: 13ids: 49 20 3 48 41 8 38 23 36 44 5 42 1 17 11 10 0 26 37 
Agent: 14ids: 3 0 39 1 19 14 10 35 44 48 40 20 26 45 38 25 27 31 5 24 16 34 49 6 13 41 30 
Agent: 15ids: 19 35 21 29 42 20 25 26 31 24 34 43 22 12 38 1 9 
Agent: 16ids: 27 20 28 35 39 2 43 1 33 9 22 18 32 29 16 5 17 42 3 30 36 0 12 40 45 31 21 19 44 48 26 37 46 38 4 6 8 7 25 24 
Agent: 17ids: 39 48 47 27 19 23 6 7 21 25 35 8 42 11 12 0 28 13 45 18 17 36 49 46 30 32 22 10 5 
Agent: 18ids: 47 38 7 44 17 45 34 22 37 14 9 6 42 15 40 4 16 24 35 11 12 36 0 
Agent: 19ids: 10 49 30 43 25 46 6 17 20 38 13 8 3 33 28 36 29 31 15 18 7 42 24 
Agent: 20ids: 48 25 2 8 38 9 1 49 21 28 5 37 24 30 6 15 12 42 26 14 36 10 11 46 45 29 39 44 23 41 19 34 32 35 22 40 18 16 13 31 0 27 43 20 
Agent: 21ids: 31 11 17 38 1 22 48 39 33 43 18 45 16 4 23 8 49 47 12 3 24 28 34 36 37 25 21 19 14 2 27 0 35 46 13 30 42 15 7 6 26 29 10 9 44 40 32 
Agent: 22ids: 15 1 38 2 22 40 13 46 16 3 4 37 43 30 20 9 28 47 24 0 19 39 31 26 12 48 10 25 18 8 27 49 35 21 5 29 33 32 17 36 7 23 6 14 
Agent: 23ids: 43 15 35 37 21 29 20 23 3 33 31 24 40 2 10 46 9 45 30 22 13 49 12 1 41 4 16 18 
Agent: 24ids: 44 22 7 46 45 48 41 33 0 36 10 27 20 25 28 18 40 2 47 39 9 5 34 31 6 43 14 17 38 24 13 16 35 32 29 21 
Agent: 25ids: 28 4 48 45 5 10 29 9 13 14 22 39 46 34 32 37 16 47 3 17 33 31 12 44 23 40 49 24 11 25 19 7 6 
Agent: 26ids: 25 23 12 33 34 49 48 6 18 14 45 20 43 29 19 35 24 44 4 42 15 47 27 1 11 
Agent: 27ids: 4 23 12 31 5 29 40 9 36 8 1 41 7 44 22 39 17 3 16 25 28 38 
Agent: 28ids: 28 46 26 32 43 24 25 27 22 16 15 44 5 34 13 40 48 33 14 19 35 37 
Agent: 29ids: 3 24 34 29 16 26 2 5 10 9 48 6 38 31 13 49 0 14 28 39 30 44 18 8 25 33 15 4 42 7 36 43 37 41 35 22 21 
Agent: 30ids: 37 6 48 5 27 12 39 11 17 23 7 29 20 14 42 4 31 8 32 49 34 30 3 41 21 40 2 
Agent: 31ids: 31 2 25 24 4 47 14 
Agent: 32ids: 12 10 6 9 45 48 42 7 26 28 2 41 4 31 43 8 14 21 
Agent: 33ids: 30 2 26 8 28 48 15 5 39 34 46 38 
Agent: 34ids: 15 45 26 49 42 18 9 25 35 29 31 30 10 11 46 36 
Agent: 35ids: 15 9 18 43 1 38 37 17 49 44 10 30 23 36 47 20 33 35 22 3 19 8 25 11 14 7 21 13 12 39 2 42 
Agent: 36ids: 9 47 41 38 39 45 48 29 10 17 43 21 27 19 16 28 18 36 30 6 1 23 40 15 24 33 7 26 8 46 
Agent: 37ids: 7 8 30 1 32 12 
Agent: 38ids: 28 49 33 19 5 9 31 4 3 23 37 30 8 14 13 15 24 45 12 10 40 35 41 25 17 46 43 18 36 32 20 21 22 11 1 44 48 6 0 38 7 42 2 27 
Agent: 39ids: 35 23 18 39 46 22 4 2 49 27 5 31 44 21 13 11 9 10 3 34 15 47 32 33 37 43 48 45 0 24 6 17 36 26 8 25 40 14 41 38 
Agent: 40ids: 47 39 24 10 29 0 11 43 48 44 33 12 34 18 31 6 
Agent: 41ids: 6 0 31 42 3 46 5 47 24 8 32 13 41 43 23 27 14 26 49 16 4 2 18 1 45 39 21 40 33 19 9 36 29 
Agent: 42ids: 16 31 7 30 34 20 37 28 33 17 47 48 2 3 42 15 44 12 39 26 11 9 5 41 
Agent: 43ids: 25 41 43 44 15 2 6 48 29 28 12 17 39 49 36 22 10 38 40 20 9 4 26 18 23 0 5 33 46 11 27 1 19 21 
Agent: 44ids: 44 7 24 43 41 17 36 0 14 4 12 35 31 23 22 29 2 46 49 
Agent: 45ids: 3 44 37 33 0 10 21 24 6 18 30 26 19 46 31 32 1 29 41 20 48 12 15 25 11 7 39 49 4 
Agent: 46ids: 47 3 43 4 15 7 12 44 39 48 49 18 28 46 21 40 30 35 13 1 42 32 33 10 14 19 36 11 23 41 20 2 6 
Agent: 47ids: 9 24 33 25 44 6 38 48 27 37 7 30 8 20 47 40 11 17 14 34 42 26 23 39 5 0 15 41 1 29 4 13 36 45 10 21 28 46 2 18 35 32 43 
Agent: 48ids: 20 46 27 43 13 44 19 
Agent: 49ids: 37 9 5 24 42 49 32 36 29 1 40 34 6 17 0 7 25 2 30 38 45 44 
0 0 10 18006 4749.93 4256.03 101015 91 430 4 
1 0 10 15353.6 2978.69 3374.86 57933.2 52 280 3 
2 0 10 15307.1 2978.69 3328.44 57408.8 52 270 2 
3 0 10 15307.1 3034.84 3272.29 57408.8 52 270 2 
3 0 10 15168.8 2949.33 3219.5 49883.3 50 230 2 
4 1 10 15008.2 2789.76 3218.44 48334 49 180 3 
4 1 10 14966.8 2789.76 3177.02 48056.7 49 180 3 
5 2 10 14811.6 2660.07 3151.55 47396.4 48 180 3 
6 3 10 14707.2 2597.88 3109.29 46523.7 48 180 3 
6 3 10 14637.9 2597.88 3040.03 45866.6 48 170 3 
7 3 10 14636.8 2597.88 3038.91 45343.6 48 170 3 
7 3 10 14575.8 2563.29 3012.53 45482.9 45 170 3 
8 5 10 14683.4 2673.71 3009.7 44734.7 45 160 3 
8 5 10 14570.3 2563.29 3006.96 45109.7 45 160 3 
9 5 10 14567.1 2563.29 3003.83 45116.3 45 160 3 
10 7 10 14552.9 2563.29 2989.57 45079.9 45 160 3 
12 9 10 14528 2541.56 2986.47 44888.2 45 150 4 
13 10 10 14520.3 2541.56 2978.73 44898.1 45 150 4 
14 10 10 14488.8 2541.56 2947.24 44760 45 150 4 
14 10 10 14510.9 2616.07 2894.81 44316.3 45 140 4 
15 11 10 14510.6 2616.07 2894.56 44311.8 45 140 4 
16 11 10 14595.1 2741.31 2853.83 45719.1 45 140 3 
16 12 10 14308.3 2585.49 2722.81 41393 43 130 3 
17 12 10 14297.1 2585.49 2711.58 41391.8 43 130 3 
17 13 10 14296.8 2595.7 2701.1 41609.3 43 130 3 
17 13 10 14197.9 2528.85 2669.08 40383.8 43 120 3 
18 13 10 14116.3 2450.58 2665.71 41003.2 43 120 3 
19 14 10 14115 2450.58 2664.43 41026.4 43 120 3 
20 15 10 13987 2358.39 2628.62 39633 42 110 3 
21 16 10 13919.2 2352.08 2567.13 38775.9 42 90 3 
23 18 10 13911.5 2352.08 2559.41 38760.2 42 90 3 
24 19 10 13788.4 2257.58 2530.81 37742 41 80 3 
25 19 10 13782.1 2257.58 2524.49 37714.9 41 80 3 
25 20 10 13942.7 2458.42 2484.3 37194.4 40 70 3 
28 22 10 13930.9 2489.42 2441.5 36932.8 40 70 3 
29 23 10 13833.4 2444.96 2388.46 34949.7 39 70 3 
30 24 10 13818.1 2449.94 2368.15 34485 39 70 4 
31 25 10 13799.6 2456.61 2342.94 34140.5 39 60 4 
35 28 10 13789.2 2456.61 2332.64 34099.4 39 60 4 
35 29 10 13789.2 2474.58 2314.67 33785.7 39 50 3 
37 30 10 13783.2 2474.58 2308.63 33755.8 39 50 3 
37 30 10 13683.3 2384.44 2298.87 32464.4 38 40 2 
38 31 10 13683.3 2438.65 2244.66 32337.1 37 40 2 
41 34 10 13581 2348.2 2232.77 30854.1 36 20 2 
42 35 10 13659.8 2433.67 2226.13 30787.4 36 10 1 
43 36 10 13525.3 2300.11 2225.15 29575.1 35 10 1 
45 38 10 13522.5 2300.11 2222.37 29552.2 35 10 1 
46 39 10 13419.3 2219.95 2199.37 28230.4 35 10 1 
48 41 10 13419.3 2228.32 2190.99 28230.4 35 10 1 
52 44 10 13415.9 2228.32 2187.59 28210.8 35 10 1 
53 45 10 13322.7 2137.92 2184.76 28024.4 35 10 1 
60 51 10 13193.3 2036.52 2156.83 27660.3 34 10 1 
61 52 10 13151 2035.3 2115.7 25101.1 34 10 1 
64 55 10 13150.5 2035.3 2115.17 25354.5 34 10 1 
65 55 10 12910.4 1831.07 2079.32 23500.1 33 10 1 
67 57 10 12823.7 1762.46 2061.2 22577.8 33 10 1 
69 59 10 12752.3 1709.85 2042.42 22577.8 33 10 1 
75 64 10 12602.4 1563.58 2038.8 21455.8 32 10 1 
77 66 10 12601.1 1563.58 2037.54 21446 32 10 1 
82 70 10 12600.5 1596.82 2003.63 21820.9 32 10 1 
85 73 10 12539.1 1542.12 1996.98 21651.6 32 10 1 
88 76 10 12525 1591.08 1933.97 21581.3 32 10 1 
89 78 10 12523.8 1591.08 1932.71 21571.5 32 10 1 
91 79 10 12581.2 1648.73 1932.48 22265.2 32 10 1 
92 80 10 12676.8 1789.54 1887.23 22992.4 32 10 1 
94 82 10 12552.1 1671.16 1880.97 21365.9 31 10 1 
96 83 10 12619.3 1787.73 1831.58 21132.9 30 10 1 
97 84 10 12613.5 1787.73 1825.77 20680.3 30 10 1 
100 87 10 12603.6 1787.73 1815.92 20657 30 10 1 
103 90 10 12521.3 1710.73 1810.57 20561.6 30 10 1 
106 93 10 12562 1754.29 1807.68 20630 30 10 1 
111 97 10 12553.8 1754.29 1799.54 20587.9 30 10 1 
112 98 10 12548.3 1754.29 1793.97 20590.3 30 10 1 
113 99 10 12548.1 1754.29 1793.79 20757.3 30 10 1 
115 101 10 12371.4 1579.49 1791.94 18603.1 29 10 1 
116 102 10 12439.7 1662.16 1777.55 19657.1 29 10 1 
117 103 10 12439.6 1662.16 1777.4 19662.1 29 10 1 
118 104 10 12429.8 1662.16 1767.64 19665.4 29 10 1 
121 107 10 12429.8 1662.16 1767.6 19679.2 29 10 1 
122 107 10 12429 1662.16 1766.85 19665.7 29 10 1 
123 109 10 12429 1662.16 1766.8 19679.6 29 10 1 
124 110 10 12198.4 1491.99 1706.38 18178.5 28 10 1 
125 111 10 12077.9 1371.53 1706.36 16249.2 27 10 1 
127 112 10 11987.2 1281.52 1705.68 15309.6 26 0 0 
127 113 10 11986 1281.52 1704.45 15299.1 26 0 0 
132 117 10 11982.9 1281.52 1701.36 16024.9 26 0 0 
135 120 10 11972.6 1281.52 1691.07 16024.9 26 0 0 
136 121 10 11982.9 1301.56 1681.32 15983.4 26 0 0 
140 125 10 12081.5 1418.57 1662.93 17099.2 26 0 0 
141 125 10 12020.1 1363.38 1656.77 17099.2 26 0 0 
142 126 10 11989.3 1361.04 1628.27 15898.7 26 0 0 
148 132 10 11972.5 1412.93 1559.59 15864.8 26 0 0 
156 139 10 11968.6 1412.93 1555.7 15848.2 26 0 0 
158 141 10 11965.9 1412.93 1552.97 15840.1 26 0 0 
162 144 10 11965.9 1421.21 1544.69 15840.1 26 0 0 
165 147 10 11965 1421.21 1543.8 15834.2 26 0 0 
170 152 10 11965 1421.75 1543.26 15774.9 26 0 0 
186 167 10 11965 1424.57 1540.44 15774.9 26 0 0 
192 172 10 11872.8 1332.4 1540.35 14539.4 25 0 0 
195 175 10 11872.8 1336.41 1536.34 14318.6 24 0 0 
210 189 10 11871.7 1336.41 1535.28 14628.6 24 0 0 
210 189 10 11952.4 1432.1 1520.33 14638.5 24 0 0 
215 193 10 11953.4 1435.35 1518.04 14483.3 24 0 0 
223 202 10 11916.7 1398.68 1518.01 14336.5 24 0 0 
234 211 10 12018.5 1521.6 1496.88 16490 24 0 0 
235 213 10 11825.7 1331.11 1494.56 17055.1 24 0 0 
252 227 10 11823.7 1331.11 1492.58 17049.3 24 0 0 
253 228 10 11854.7 1389.18 1465.54 17141.9 24 0 0 
257 232 10 11852.7 1389.18 1463.57 17136.1 24 0 0 
266 240 10 11890 1428.68 1461.3 17173.4 24 0 0 
266 240 10 11843.2 1389.18 1454.03 17088.9 24 0 0 
291 263 10 11776.6 1340.7 1435.88 17647 24 0 0 
298 270 10 11813.8 1380.21 1433.61 17684.3 24 0 0 
321 292 10 11722.3 1289.85 1432.46 16457 23 0 0 
322 293 10 11627.6 1198.62 1428.98 15450.2 21 0 0 
371 339 10 11621.8 1194.64 1427.13 15484.6 21 0 0 
371 339 10 11614.7 1194.64 1420.06 15439.2 21 0 0 
374 342 10 11503 1107.64 1395.4 14056.8 21 0 0 
384 352 10 11405.9 1013.66 1392.28 13093.4 20 0 0 
425 391 10 11456.8 1066.97 1389.83 13237.4 20 0 0 
433 398 10 11561.4 1173.63 1387.77 12673.4 20 0 0 
459 422 10 11568.1 1182.77 1385.29 12300.4 20 0 0 
467 429 10 11476.2 1092.9 1383.25 11528.6 18 0 0 
506 467 10 11476.9 1100.92 1375.98 11799.8 18 0 0 
510 471 10 11475.8 1100.92 1374.86 11794.8 18 0 0 
511 472 10 11476.9 1103.92 1372.98 11799.8 18 0 0 
522 483 10 11475.8 1103.92 1371.86 11794.8 18 0 0 
534 494 10 11463.8 1093.25 1370.53 11734.8 18 0 0 
954 909 10 11362.4 994.042 1368.39 10480 18 0 0 
959 914 10 11359.7 994.042 1365.7 9969.06 18 0 0 
960 915 10 11358.6 994.042 1364.58 9964.03 18 0 0 
973 927 10 11358.6 996.297 1362.32 9964.03 18 0 0 
1001 954 10 11358.6 996.642 1361.98 10060.1 18 0 0 
1002 955 10 11269.9 932.88 1336.99 9765.16 18 0 0 
1022 974 10 11268.4 932.88 1335.56 9753.57 18 0 0 
1033 985 10 11219.9 896.623 1323.25 9034.6 18 0 0 
1062 1012 10 11219.9 901.242 1318.63 9034.6 18 0 0 
1070 1020 10 11218.9 901.242 1317.71 8822.94 18 0 0 
1127 1075 10 11128.2 812.163 1316.05 8727.57 18 0 0 
1246 1189 10 11127.8 812.163 1315.6 8728.81 18 0 0 
1328 1269 10 10909.4 639.963 1269.45 8298.8 15 0 0 
1395 1334 10 10906.2 639.963 1266.21 7635.8 15 0 0 
1432 1371 10 10906.1 639.963 1266.16 7168.46 15 0 0 
1795 1722 10 10898.7 639.963 1258.78 7035.93 15 0 0 
2215 2136 10 10895.2 639.963 1255.19 6587.48 15 0 0 
2223 2143 10 10886.9 639.963 1246.95 6240.39 14 0 0 
