0 0 10 16438.4 3323.24 4115.12 126053 93 790 4 
0 0 10 15021.9 2673.61 3348.27 63768.3 48 410 3 
0 0 10 14986.6 2683.07 3303.52 63498.4 48 400 3 
1 0 10 14982.4 2683.07 3299.29 63466.1 48 400 3 
3 1 10 14956 2683.07 3272.88 63113.4 48 400 3 
4 1 10 14828.7 2625.27 3203.42 62592.9 47 370 3 
4 1 10 14641.4 2491.99 3149.4 58894.8 45 350 2 
4 2 10 14617.6 2477.08 3140.56 57228.7 45 350 2 
5 2 10 14600.2 2467.88 3132.33 58820.1 45 320 2 
6 3 10 14427.5 2311.24 3116.29 67864.3 45 310 2 
6 3 10 14334 2300.48 3033.56 47580.2 45 290 3 
7 4 10 14401 2407.08 2993.91 48296.1 45 280 4 
7 4 10 14402.4 2466.96 2935.42 47760.4 45 280 5 
10 6 10 14154.8 2397.32 2757.49 44765.5 44 260 3 
11 7 10 14126.6 2383.17 2743.43 44540.6 43 260 2 
12 8 10 14004.6 2358.54 2646.02 43187.4 42 260 3 
12 8 10 14004.6 2380.46 2624.1 43034.3 42 260 3 
13 9 10 13988.3 2365.24 2623.11 42896.6 41 260 3 
13 9 10 13968.6 2365.24 2603.37 44280.2 41 260 3 
13 9 10 13925.2 2365.24 2559.94 42620.8 41 260 3 
15 10 10 13831.6 2272.31 2559.32 40862 40 260 3 
15 11 10 13733.5 2222.57 2510.95 38127.5 39 250 3 
17 12 10 13734.3 2241.33 2492.95 38474.1 39 240 3 
17 12 10 13706.6 2241.33 2465.26 38272.2 39 240 3 
19 14 10 13824.8 2375.25 2449.56 36624.6 39 210 4 
19 14 10 13826.1 2377.7 2448.4 37128.2 39 210 4 
19 15 10 13822.4 2377.7 2444.74 37091 39 210 4 
20 15 10 13800.9 2377.7 2423.18 37027.8 39 210 4 
20 15 10 13729.4 2322.17 2407.24 34595.9 37 200 4 
21 16 10 13712.7 2322.17 2390.5 34434.7 37 200 4 
21 16 10 13670.8 2286.79 2383.99 34211.6 37 200 4 
23 17 10 13562.2 2191.13 2371.03 33353.3 36 200 4 
24 19 10 13388.1 2057.88 2330.23 29081.6 36 190 4 
25 20 10 13370.1 2057.78 2312.37 28219.4 35 160 4 
25 20 10 13350 2057.78 2292.22 28104.3 35 160 4 
26 20 10 13432.7 2154.91 2277.8 28448.8 35 160 4 
27 22 10 13431.8 2154.91 2276.87 28450.8 35 160 4 
29 23 10 13370.7 2108.62 2262.04 28098.4 35 120 4 
32 25 10 13251.6 2015.69 2235.92 26292.3 35 120 4 
33 26 10 13209 2009.57 2199.45 24981.9 34 100 5 
33 26 10 13102.4 1932.57 2169.84 24191.2 34 90 4 
35 28 10 13001.2 1842.13 2159.06 22965.6 33 90 4 
36 29 10 12959.6 1836.39 2123.21 23333.6 33 80 3 
38 30 10 12918.9 1836.39 2082.49 23097.2 33 80 3 
41 34 10 12838.7 1759.41 2079.31 22452.5 32 80 3 
42 35 10 12831.2 1759.41 2071.8 22430.5 32 80 3 
43 35 10 12732.1 1665.71 2066.35 21473 30 80 3 
43 36 10 12641.4 1596.71 2044.64 20828.8 30 80 3 
44 36 10 12600.8 1578.75 2022.03 20704.6 30 80 3 
49 40 10 12522.6 1557.75 1964.83 19535.6 29 70 3 
50 41 10 12520.7 1557.75 1962.96 19533.9 29 70 3 
50 41 10 12505.4 1575.56 1929.81 19686.7 29 60 3 
53 44 10 12500.7 1575.56 1925.1 19681.1 29 60 3 
59 49 10 12499.5 1575.56 1923.97 19661.3 29 60 3 
62 52 10 12491 1575.56 1915.44 19293.1 29 50 3 
63 52 10 12508.4 1604.34 1904.06 19312.9 29 50 3 
65 55 10 12507.9 1604.34 1903.57 18857.8 29 40 3 
71 59 10 12502.9 1604.34 1898.6 18876.5 29 30 2 
84 71 10 12577.9 1681.34 1896.59 19371 29 30 2 
86 72 10 12530.7 1639.74 1890.95 18352.4 29 30 2 
86 72 10 12345.2 1510.55 1834.67 18202.5 27 30 2 
89 75 10 12339.2 1510.55 1828.62 18200.9 27 30 2 
104 88 10 12244.2 1417.47 1826.72 17286.2 25 30 2 
108 92 10 12229 1403.84 1825.21 16811.4 24 30 2 
112 95 10 12229 1404.96 1824.09 16811.4 24 30 2 
116 99 10 12196 1404.96 1791 16190 24 20 2 
120 102 10 12156.8 1365.87 1790.98 15498.9 24 20 2 
126 107 10 12103.9 1323.28 1780.58 14995.1 24 20 2 
127 109 10 11982.6 1231.34 1751.31 14197.5 23 20 2 
137 118 10 11987 1239.08 1747.88 14377.2 23 10 1 
144 125 10 11986.8 1239.08 1747.71 14374.8 23 10 1 
149 129 10 11891.7 1148.36 1743.31 13497.1 22 10 1 
160 139 10 11891.5 1148.36 1743.15 13494.7 22 10 1 
165 143 10 11868.7 1137.94 1730.79 13384 22 10 1 
173 150 10 11819.2 1093.63 1725.55 13192.5 22 10 1 
181 157 10 11857.9 1137.9 1719.95 13143.9 22 10 1 
185 161 10 11790.6 1093.63 1697 12985.1 22 10 1 
190 166 10 11790.5 1093.63 1696.83 12982.7 22 10 1 
202 176 10 11755 1095.87 1659.15 13110 22 10 1 
204 178 10 11657.8 1001.22 1656.59 12565.6 22 10 1 
208 182 10 11661.1 1013.77 1647.34 12458.9 21 10 1 
211 185 10 11661.1 1018.25 1642.86 11933.2 20 10 1 
216 189 10 11661.1 1030.67 1630.44 11933.2 20 10 1 
224 197 10 11725.3 1122.63 1602.7 12154 20 10 1 
232 205 10 11675.8 1078.31 1597.47 11962.5 20 10 1 
234 207 10 11727.8 1131.19 1596.58 11962.5 20 10 1 
239 212 10 11603.6 1009.31 1594.28 11870.1 20 10 1 
241 213 10 11550.3 1032.26 1518.03 11793.6 20 10 1 
252 224 10 11547.4 1032.26 1515.18 11783.2 20 10 1 
258 230 10 11547 1032.26 1514.79 11785.1 20 10 1 
261 232 10 11452.8 941.976 1510.85 11467.1 19 10 1 
279 247 10 11453.5 946.127 1507.33 11467.8 19 10 1 
282 250 10 11467.2 988.165 1479.07 11331.5 19 0 0 
299 264 10 11398 925.934 1472.02 10351.2 18 0 0 
313 276 10 11489.4 1018.35 1471.06 10453.7 18 0 0 
314 277 10 11417.4 949.518 1467.9 10343.6 17 0 0 
316 278 10 11384.7 925.934 1458.76 10343.6 17 0 0 
325 286 10 11240.1 801.92 1438.2 9656.8 17 0 0 
327 288 10 11427.3 994.549 1432.76 10411.3 17 0 0 
329 290 10 11427.3 996.201 1431.11 10411.3 17 0 0 
336 296 10 11376 951.884 1424.08 10269.4 17 0 0 
346 305 10 11375.4 951.884 1423.53 10269.4 17 0 0 
354 311 10 11324 900.884 1423.08 10269.4 17 0 0 
355 312 10 11323.4 900.884 1422.53 10269.4 17 0 0 
357 314 10 11324 906.614 1417.35 10269.4 17 0 0 
361 317 10 11262.4 879.221 1383.13 9411.7 17 0 0 
363 320 10 11258.1 879.221 1378.92 9404.48 17 0 0 
371 327 10 11176 826.483 1349.47 9117.91 17 0 0 
375 330 10 11174.8 826.483 1348.34 9095.36 17 0 0 
376 331 10 11060.5 738.026 1322.5 8423.28 16 0 0 
383 338 10 11060 738.026 1321.95 8413.44 15 0 0 
400 354 10 11055.7 734.31 1321.43 8433.49 15 0 0 
404 358 10 11055.5 734.31 1321.22 8439.68 15 0 0 
409 362 10 11054.3 734.31 1320.01 8434.83 15 0 0 
411 364 10 11026 707.522 1318.46 8232.13 15 0 0 
413 365 10 11057.1 740.153 1316.95 8348.01 15 0 0 
417 369 10 11055.9 740.153 1315.74 8343.16 15 0 0 
449 399 10 11108.1 793.908 1314.18 8343.16 15 0 0 
527 468 10 11107.1 793.908 1313.18 8343.16 15 0 0 
577 513 10 11032.5 722.291 1310.21 7858.17 14 0 0 
631 561 10 11054.9 747.266 1307.65 8250.12 14 0 0 
637 567 10 11017.1 715.968 1301.13 7525.89 14 0 0 
638 568 10 10984.7 683.651 1301.07 7525.89 14 0 0 
643 572 10 10915 619.774 1295.25 6981.08 13 0 0 
652 580 10 10961.6 667.502 1294.13 6981.08 13 0 0 
690 614 10 10961.6 668.649 1292.98 6981.08 13 0 0 
713 635 10 10961.5 669.804 1291.73 6909.22 13 0 0 
870 777 10 10952.9 669.804 1283.1 6908.83 13 0 0 
884 790 10 11022.8 745.541 1277.23 7116.88 13 0 0 
885 791 10 10968.8 697.813 1271.01 6972.72 13 0 0 
913 815 10 10904.7 634.745 1269.95 6659.92 13 0 0 
1227 1091 10 10977.9 732.457 1245.44 6813.92 13 0 0 
1253 1114 10 10973.9 732.457 1241.42 6824.32 13 0 0 
1436 1284 10 10960 730.072 1229.9 7019.42 13 0 0 
1524 1364 10 10960 730.089 1229.88 7019.42 13 0 0 
1546 1384 10 10907.2 679.196 1227.95 6925.43 13 0 0 
1567 1403 10 10907.2 680.142 1227.01 6925.43 13 0 0 
1584 1420 10 10907.2 683.711 1223.44 6925.43 13 0 0 
1623 1456 10 11002.9 779.81 1223.13 7605.5 13 0 0 
1623 1457 10 10977.4 759.181 1218.17 7554.32 13 0 0 
1629 1462 10 10937.8 722.906 1214.87 7338.66 12 0 0 
1630 1462 10 10964.4 782.261 1182.13 7338.66 12 0 0 
1640 1471 10 10991.1 822.173 1168.95 7392.12 12 0 0 
1646 1477 10 10964.4 799.704 1164.71 7306.95 12 0 0 
1659 1489 10 10933.1 771.751 1161.34 6859.62 11 0 0 
1667 1496 10 10868.5 713.895 1154.58 6432.05 10 0 0 
1672 1501 10 10777.8 623.341 1154.47 5527.89 9 0 0 
1681 1509 10 10862 708.709 1153.32 4932.59 9 0 0 
1699 1525 10 10810.8 658.432 1152.4 4260.19 8 0 0 
1704 1530 10 10759.8 627.332 1132.43 4231.83 8 0 0 
1715 1540 10 10780.9 649.922 1131.03 4231.83 8 0 0 
1730 1553 10 10778.9 649.922 1128.97 4210.52 8 0 0 
1732 1556 10 10631.3 517.088 1114.22 3963.12 7 0 0 
1750 1572 10 10705.8 612.895 1092.95 3490.99 7 0 0 
1755 1577 10 10627.9 535.724 1092.18 3490.99 7 0 0 
1770 1591 10 10750.6 694.236 1056.41 2943.16 7 0 0 
1772 1592 10 10680.4 631.055 1049.36 2651.1 6 0 0 
1778 1598 10 10602.5 553.884 1048.6 2651.1 6 0 0 
1831 1649 10 10455.2 421.051 1034.15 2348.54 6 0 0 
1838 1657 10 10448.8 415.625 1033.19 2400.21 6 0 0 
1920 1734 10 10438.4 426.301 1012.15 2411.03 6 0 0 
1929 1742 10 10431.4 424.586 1006.86 2404.03 6 0 0 
1939 1751 10 10430.9 424.586 1006.31 2442.76 6 0 0 
2203 2005 10 10236.6 233.207 1003.44 1927.01 4 0 0 
2217 2018 10 10301.7 300.905 1000.81 2825.9 4 0 0 
2263 2062 10 10393.1 392.562 1000.51 2825.08 4 0 0 
2264 2063 10 10297.5 300.905 996.586 2639.47 4 0 0 
2272 2070 10 10288.4 300.905 987.543 2828.08 4 0 0 
2276 2073 10 10286.6 300.905 985.741 2819.26 4 0 0 
2737 2519 10 10293.8 315.056 978.782 2907.26 4 0 0 
2766 2548 10 10384.7 406.315 978.378 2878.01 4 0 0 
2784 2565 10 10313.9 344.305 969.638 2878.01 4 0 0 
2819 2599 10 10158.1 192.127 965.973 2878.01 4 0 0 
2852 2632 10 10247.4 284.07 963.352 2878.01 4 0 0 
2852 2632 10 10134.1 191.14 942.924 2878.01 4 0 0 
2884 2663 10 10107.9 191.14 916.774 2645.65 4 0 0 
3028 2806 10 10234.5 317.763 916.756 2904.86 4 0 0 
3046 2822 10 10106.2 191.14 915.04 3092.42 4 0 0 
3093 2869 10 10130 252.309 877.676 3092.42 4 0 0 
3146 2922 10 10036.8 162.057 874.732 2013.25 4 0 0 
3149 2925 10 10031.6 160.442 871.158 2125.65 3 0 0 
3149 2925 10 9963.4 94.0476 869.356 1189.65 2 0 0 
3696 3472 10 9962.13 101.855 860.275 1276.31 2 0 0 
