0 0 10 17036.7 3904.49 4132.17 124860 94 640 4 
2 0 10 14837.1 2627.05 3210.1 46149 48 190 4 
3 1 10 14680.9 2522.89 3158.01 45951.7 47 180 3 
4 1 10 14649.5 2522.89 3126.58 45669.1 47 180 3 
4 2 10 14499.8 2431.67 3068.16 43740.2 47 170 3 
6 3 10 14500.3 2579.38 2920.93 37794 47 130 2 
7 4 10 14490.5 2600.22 2890.24 37582.1 46 100 2 
8 5 10 14513 2660.29 2852.7 37525.3 46 90 2 
12 8 10 14402.4 2569.99 2832.41 36299.4 45 90 2 
12 8 10 14394 2569.99 2824.02 36239.9 45 90 2 
13 9 10 14423.8 2725.73 2698.08 35992.8 45 90 2 
14 10 10 14419.7 2725.73 2694 35983.4 45 90 2 
14 10 10 14357.5 2727.65 2629.84 35555.2 44 90 2 
22 16 10 14340.9 2727.65 2613.2 35467.1 44 80 2 
22 16 10 14227 2633.66 2593.33 34018.8 43 80 2 
23 17 10 13987 2406.66 2580.31 32108.9 42 80 2 
24 18 10 13967.6 2406.66 2560.9 32130 42 80 2 
26 19 10 13844.7 2316.52 2528.15 30762.7 41 80 2 
28 21 10 13840.6 2316.52 2524.07 30753.3 41 80 2 
29 22 10 13844.7 2353.45 2491.22 30762.7 41 80 2 
31 24 10 13856.4 2365.74 2490.69 30952.6 41 80 2 
31 24 10 13856.1 2365.74 2490.37 30934.2 41 80 2 
32 24 10 13759.5 2284.95 2474.54 30356.7 41 80 2 
33 25 10 13755.4 2284.95 2470.46 30347.3 41 80 2 
34 26 10 13605.3 2204.98 2400.32 30209.9 39 80 2 
35 27 10 13603 2204.98 2398.05 30147.6 39 80 2 
39 31 10 13601.8 2204.98 2396.85 30143.7 39 80 2 
44 35 10 13049.7 1750.53 2299.2 23912.6 38 70 3 
45 35 10 12833.3 1599.48 2233.79 22235.8 36 60 3 
45 35 10 12831.6 1599.48 2232.13 22259.9 36 60 3 
48 38 10 12809.1 1602.36 2206.69 21969.8 35 40 3 
51 41 10 12792 1602.36 2189.61 22374.2 35 40 3 
52 42 10 12701.5 1518.73 2182.73 21143 34 40 3 
59 48 10 12695.8 1518.73 2177.05 20915.8 34 30 2 
62 50 10 12694.3 1518.73 2175.56 20913.2 34 30 2 
64 51 10 12554.4 1421.43 2132.98 19815.3 33 30 2 
66 53 10 12552.9 1421.43 2131.49 19812.8 33 30 2 
74 59 10 12546.1 1421.43 2124.63 19785.1 33 30 2 
77 62 10 12545.2 1421.43 2123.81 19780.7 33 30 2 
79 63 10 12573.5 1453.95 2119.56 19970.2 33 20 2 
81 65 10 12579.9 1464.51 2115.37 20243 33 20 2 
81 65 10 12336.2 1314.62 2021.59 18795.3 29 20 2 
86 69 10 12332.4 1325.33 2007.04 18695.3 29 20 2 
89 71 10 12347.2 1362.25 1984.9 18752.4 29 20 1 
101 81 10 12383.8 1402.31 1981.54 19005.9 29 20 1 
107 86 10 12383.6 1402.31 1981.28 19017.8 29 20 1 
109 88 10 12211.3 1275.33 1935.98 17434.1 29 20 1 
109 89 10 12210.5 1275.33 1935.16 17429.7 29 20 1 
112 91 10 12227.6 1295.83 1931.75 17348.8 28 20 1 
113 92 10 12224.7 1295.83 1928.87 17348.5 28 20 1 
116 95 10 12224 1295.83 1928.17 17344.5 28 20 1 
123 100 10 12215.3 1295.83 1919.43 17335.8 28 20 1 
127 103 10 12212.8 1295.83 1916.96 17761 28 20 1 
131 106 10 12140.6 1225.31 1915.29 17208.7 28 20 1 
134 108 10 12121.6 1225.31 1896.32 17909.9 28 20 1 
134 109 10 12224.4 1335 1889.38 18215.6 28 20 1 
137 111 10 12221.5 1335 1886.45 18193.8 28 20 1 
137 112 10 12233.9 1385.92 1848.01 18199.3 28 0 0 
138 112 10 12233.9 1403.03 1830.91 18449.1 28 0 0 
145 118 10 12233.9 1408.58 1825.36 18095 28 0 0 
145 119 10 12159.4 1354.77 1804.59 17682 26 0 0 
153 125 10 12156.4 1354.77 1801.66 17660.3 26 0 0 
155 127 10 12155.4 1354.77 1800.66 17672.5 26 0 0 
156 127 10 12177 1412.84 1764.11 17209.7 26 0 0 
164 134 10 12171.6 1412.84 1758.74 17654.7 26 0 0 
171 140 10 12183.6 1469.73 1713.86 17460.3 25 0 0 
178 146 10 12108.8 1400.73 1708.07 17314.9 25 0 0 
180 148 10 12107.5 1400.73 1706.81 17311.5 25 0 0 
184 151 10 11971.4 1271.54 1699.91 16395.8 24 0 0 
193 159 10 11969.6 1271.54 1698.02 16382.8 24 0 0 
194 160 10 11855.3 1174.46 1680.84 16442 24 0 0 
198 163 10 11798.1 1121.58 1676.48 16098.6 24 0 0 
206 172 10 11696.6 1025.83 1670.81 14903.8 23 0 0 
222 186 10 11607.5 953.273 1654.26 14367 23 0 0 
226 190 10 11587.3 936.096 1651.2 14346.8 23 0 0 
243 205 10 11541.3 930.93 1610.32 14212.4 22 0 0 
246 208 10 11410.1 838.761 1571.36 12962 21 0 0 
269 229 10 11410.1 848.503 1561.62 12962 21 0 0 
294 253 10 11477.2 928.129 1549.07 12962.5 21 0 0 
300 259 10 11545.9 997.931 1548 13264.5 21 0 0 
302 260 10 11545.4 997.931 1547.46 13259.8 21 0 0 
322 279 10 11549.3 1016.78 1532.51 13220.7 21 0 0 
329 285 10 11370.4 846.041 1524.32 12950.5 21 0 0 
334 291 10 11370.4 846.489 1523.87 12950.5 21 0 0 
338 294 10 11492.1 977.49 1514.64 12800.5 21 0 0 
341 297 10 11413.2 898.924 1514.28 12800.5 21 0 0 
347 303 10 11322.9 838.495 1484.4 12216.7 21 0 0 
363 317 10 11273.5 791.495 1482.02 11924.5 21 0 0 
365 319 10 11283.5 805.664 1477.8 11750.9 21 0 0 
377 330 10 11281.8 805.664 1476.18 11746.9 21 0 0 
390 341 10 11333.4 857.865 1475.53 11755.1 21 0 0 
391 342 10 11331.8 857.865 1473.96 11651.3 21 0 0 
398 349 10 11330.2 857.865 1472.33 11647.3 21 0 0 
401 351 10 11233.2 764.381 1468.83 11323 21 0 0 
401 351 10 11326.7 865.817 1460.87 11416 21 0 0 
413 363 10 11333.6 874.707 1458.87 11871.2 21 0 0 
414 364 10 11241.5 784.547 1456.97 11228.8 20 0 0 
418 367 10 11164.2 715.744 1448.43 10808.8 20 0 0 
423 371 10 11158.5 715.744 1442.74 10585.2 19 0 0 
427 375 10 11157.9 715.744 1442.17 10862.4 19 0 0 
431 378 10 11189.7 748.744 1440.96 11050.5 19 0 0 
434 381 10 11049.2 611.423 1437.8 9991.44 19 0 0 
435 382 10 11090.9 660.848 1430.1 10447.8 18 0 0 
451 397 10 11144.5 766.922 1377.6 10999.1 18 0 0 
477 419 10 11137.1 766.922 1370.21 11166.5 17 0 0 
481 423 10 11047 683.659 1363.39 9827.72 16 0 0 
488 429 10 11046.9 683.659 1363.27 9838.29 16 0 0 
492 433 10 11046.5 683.659 1362.89 9820.95 16 0 0 
518 458 10 10995.6 635.108 1360.47 9187.04 16 0 0 
524 463 10 11007.2 649.606 1357.57 9196.88 16 0 0 
537 475 10 11027.3 679.155 1348.13 9177.36 16 0 0 
545 482 10 10986.4 663.972 1322.45 9177.36 16 0 0 
555 491 10 10986.4 663.972 1322.39 8924.78 16 0 0 
569 504 10 10968.4 663.972 1304.46 8618.61 16 0 0 
576 510 10 10888.2 586.052 1302.18 8322.32 16 0 0 
584 517 10 10885.7 594.9 1290.82 8313.47 16 0 0 
593 526 10 10792.2 504.891 1287.29 7326.15 14 0 0 
603 536 10 10764.6 492.966 1271.6 7672.32 14 0 0 
615 547 10 10764.6 493.077 1271.49 7672.32 14 0 0 
615 547 10 10764.8 495.418 1269.36 7672.32 14 0 0 
620 552 10 10727.8 501.977 1225.87 7593.29 14 0 0 
628 559 10 10722.8 506.416 1216.43 7593.29 14 0 0 
634 565 10 10758.7 571.748 1186.99 7251.46 14 0 0 
644 574 10 10731.2 549.921 1181.28 7223.92 14 0 0 
649 579 10 10733.7 553.75 1179.96 7320.77 14 0 0 
651 581 10 10732.8 554.046 1178.71 7448.59 13 0 0 
661 590 10 10695 525.272 1169.77 7410.88 13 0 0 
676 604 10 10694 525.272 1168.69 7784.46 13 0 0 
677 605 10 10729.8 574.284 1155.47 7315.25 12 0 0 
728 655 10 10658.5 506.339 1152.16 6354.66 11 0 0 
760 685 10 10658.5 506.531 1151.99 5966.27 11 0 0 
836 759 10 10658.4 506.531 1151.86 5968.05 11 0 0 
911 831 10 10658.4 510.482 1147.88 6271.02 11 0 0 
1192 1106 10 10715 587.806 1127.18 6688.26 11 0 0 
1197 1111 10 10689.5 587.806 1101.7 6778.66 11 0 0 
1423 1332 10 10649.2 564.686 1084.55 6738.39 11 0 0 
1431 1341 10 10578.3 496.742 1081.59 5966.35 10 0 0 
1442 1352 10 10512.1 430.653 1081.46 5126.69 9 0 0 
2142 2045 10 10496.7 419.199 1077.45 5126.69 9 0 0 
2157 2060 10 10496.7 421.655 1075 5308.3 9 0 0 
2299 2202 10 10434.2 367.98 1066.19 4738.37 8 0 0 
2556 2453 10 10377.2 312.568 1064.63 3950.84 8 0 0 
2691 2585 10 10372.8 312.568 1060.27 3877.39 8 0 0 
2836 2730 10 10396.4 340.047 1056.38 3915.2 8 0 0 
2855 2748 10 10359.7 312.568 1047.08 3794.08 8 0 0 
2898 2788 10 10341.4 296.77 1044.59 3318.58 8 0 0 
2928 2818 10 10249.7 218.205 1031.45 2846.64 7 0 0 
2930 2820 10 10217.7 190.709 1026.99 3156.12 6 0 0 
2932 2822 10 10212.1 190.709 1021.39 2698.73 5 0 0 
3659 3538 10 10227.6 209.623 1017.94 2698.73 5 0 0 
3709 3587 10 10264.9 247.804 1017.11 2773.45 5 0 0 
4315 4172 10 10288.5 272.215 1016.31 2773.45 5 0 0 
4475 4326 10 10226.3 247.132 979.186 2645.24 5 0 0 
4476 4327 10 10224 247.132 976.897 2644.47 5 0 0 
4496 4346 10 10223.2 246.3 976.856 2644.47 5 0 0 
4592 4436 10 10173.5 198.906 974.601 2536.37 4 0 0 
