0 0 10 17966.4 4832.34 4134.04 191956 92 720 3 
5 2 10 15586.3 3578.19 3008.09 51839 51 260 4 
5 2 10 15405.2 3400.65 3004.59 47758.2 50 250 4 
5 2 10 15350.4 3439.26 2911.11 46303 50 240 4 
6 3 10 15349.5 3439.26 2910.27 46307.6 50 240 4 
6 4 10 15240.3 3374.09 2866.22 47852.3 49 210 4 
7 4 10 15098.7 3246.5 2852.24 46935.1 48 210 4 
9 5 10 14944.8 3095.33 2849.46 44838.9 47 200 4 
9 5 10 14938 3095.33 2842.67 44846.5 47 200 4 
9 6 10 14814 3002.09 2811.89 42694.3 47 200 4 
11 7 10 14714.9 2911.79 2803.07 40967.9 46 180 3 
11 7 10 14690.8 2916.5 2774.27 40024.4 44 180 2 
13 9 10 14564.7 2796.62 2768.11 37007.6 44 170 2 
15 10 10 14420.7 2721.77 2698.97 37395.1 43 170 3 
15 10 10 14442.2 2812.29 2629.86 37565.2 43 160 4 
16 11 10 14383.4 2759.1 2624.26 36943.8 43 160 4 
16 11 10 14377 2759.1 2617.95 36937.5 43 160 4 
18 12 10 14442.2 2854.08 2588.08 37565.2 43 160 4 
19 13 10 14394.1 2810.61 2583.49 37163.5 43 160 4 
20 14 10 14387.1 2810.61 2576.51 37245.4 43 160 4 
21 14 10 14386.3 2810.61 2575.67 37250 43 160 4 
22 15 10 14121.5 2622.06 2499.42 34390.7 41 140 3 
22 15 10 14099.2 2618.96 2480.27 34040.5 41 140 3 
23 16 10 14185.2 2713.86 2471.33 34438.3 41 140 3 
23 16 10 14311.2 2844.86 2466.34 36657.5 41 140 3 
24 17 10 14211.5 2749.55 2461.96 35593 41 140 3 
26 18 10 14131.2 2692.14 2439.08 34371.3 41 140 3 
26 18 10 14069.1 2637.83 2431.29 34638.1 40 140 3 
27 19 10 14028.4 2637.83 2390.56 34340.7 40 130 4 
30 21 10 13893.9 2527.94 2366 32741.5 39 120 4 
34 25 10 13987.9 2644.9 2342.97 34189.6 39 120 4 
37 27 10 13877.9 2536.27 2341.6 33253.8 39 120 4 
39 28 10 13794.8 2513.95 2280.87 31576.1 39 110 4 
42 30 10 13692.8 2447.96 2244.88 30252.9 39 110 4 
44 32 10 13614.5 2376.7 2237.8 29565 39 110 4 
45 33 10 13792.1 2578.97 2213.09 31419.1 39 110 4 
46 33 10 13802.7 2628.77 2173.89 30191.8 38 100 4 
52 38 10 13510.2 2409.87 2100.37 28319.4 37 60 2 
53 39 10 13501.4 2409.87 2091.56 28302.7 37 60 2 
58 42 10 13497.9 2409.87 2088.07 28281.2 37 60 2 
61 44 10 13138.4 2074.6 2063.79 24894.1 34 50 2 
61 45 10 13137.1 2074.6 2062.54 24892.3 34 50 2 
62 45 10 13047 2002.21 2044.84 24192 33 50 2 
62 45 10 13043.6 2002.21 2041.35 24170.4 33 50 2 
63 46 10 13000 1958.92 2041.09 24179.4 33 50 2 
65 48 10 13000 1989.17 2010.83 23955.4 32 20 2 
66 49 10 12998.2 1989.17 2009.08 23951 32 20 2 
75 55 10 12998.2 1996.57 2001.68 23951 32 20 2 
79 58 10 12848.9 1892.97 1955.92 23083.6 32 20 2 
85 62 10 12945 2022.36 1922.63 23702.7 32 20 2 
88 65 10 12860.4 1951.98 1908.41 23179.3 32 20 2 
90 66 10 12762.4 1895.97 1866.43 22074.3 32 20 2 
91 67 10 12826.6 1971.9 1854.67 22872.3 32 20 2 
92 67 10 12770.4 1971.9 1798.53 23407.9 32 20 2 
102 75 10 12664.5 1881.89 1782.64 22566.8 32 20 2 
110 81 10 12635.7 1869.13 1766.55 22026.7 32 10 1 
112 83 10 12522.9 1775.74 1747.12 20736 31 10 1 
115 85 10 12522 1775.74 1746.25 20743.3 31 10 1 
125 93 10 12551.9 1811.04 1740.82 19960.6 31 0 0 
126 94 10 12544.3 1811.04 1733.3 20260.2 31 0 0 
129 96 10 12543.3 1811.04 1732.27 20260.7 31 0 0 
139 105 10 12546.3 1843.09 1703.22 20275.7 31 0 0 
148 112 10 12546.3 1845.82 1700.49 20275.7 31 0 0 
149 112 10 12539.1 1845.82 1693.32 19707.5 31 0 0 
149 113 10 12513.2 1847.94 1665.29 18948.4 31 0 0 
152 115 10 12413.3 1753.01 1660.28 17854.8 30 0 0 
158 120 10 12406.6 1753.01 1653.62 18035.3 30 0 0 
159 120 10 12354.6 1701.41 1653.23 18152.3 30 0 0 
162 123 10 12254 1616.13 1637.87 16973.3 29 0 0 
166 126 10 12027.3 1404.7 1622.61 14978.8 27 0 0 
172 130 10 11951.7 1330.3 1621.43 14300.9 27 0 0 
182 138 10 12030.3 1409.56 1620.73 14987.7 27 0 0 
188 142 10 11982.4 1372.66 1609.74 15855.9 27 0 0 
192 146 10 11959 1352.46 1606.49 15458.8 26 0 0 
193 146 10 12063.8 1460.6 1603.17 15668.4 26 0 0 
196 149 10 11957.6 1369.9 1587.68 14540.2 25 0 0 
197 149 10 12035.9 1453.24 1582.7 14696.9 25 0 0 
197 150 10 11959.4 1430.31 1529.09 13667.5 25 0 0 
205 156 10 11956 1430.31 1525.72 13373.5 25 0 0 
207 158 10 11952.7 1430.31 1522.37 13389.8 25 0 0 
208 159 10 11733.4 1225.95 1507.41 13389.8 25 0 0 
210 160 10 11765.2 1258.95 1506.29 13389.8 25 0 0 
212 162 10 11760.1 1258.95 1501.18 13671.3 25 0 0 
228 174 10 11756.4 1258.95 1497.46 13650.6 25 0 0 
228 174 10 11699.4 1225.95 1473.45 13650.6 25 0 0 
240 184 10 11699.4 1239.14 1460.26 13650.6 25 0 0 
241 185 10 11778.4 1320.53 1457.91 14126.9 24 0 0 
258 198 10 11684.5 1226.84 1457.64 13186.2 23 0 0 
277 214 10 11722.5 1297.3 1425.21 13469.7 23 0 0 
278 215 10 11722.2 1297.3 1424.92 13463 23 0 0 
296 229 10 11812 1389.31 1422.66 13899.2 23 0 0 
301 233 10 11811.7 1389.31 1422.38 13897.1 23 0 0 
303 234 10 11809.2 1389.31 1419.87 13892.6 23 0 0 
318 246 10 11807.9 1389.31 1418.64 13885.8 23 0 0 
322 249 10 11807.8 1389.31 1418.54 13525.1 23 0 0 
329 255 10 11806.2 1389.31 1416.86 13523.7 23 0 0 
350 273 10 11836 1420.1 1415.91 13702.8 23 0 0 
376 294 10 11801.4 1385.51 1415.9 14284.7 23 0 0 
377 295 10 11834.6 1420.1 1414.48 13218.6 23 0 0 
404 318 10 11831.9 1420.1 1411.84 13415.3 23 0 0 
425 334 10 11831.9 1422.46 1409.49 13415.3 23 0 0 
464 365 10 11957.9 1549.12 1408.79 13256.1 23 0 0 
475 373 10 11957.9 1559.9 1398.01 13256.1 23 0 0 
485 381 10 11674.1 1313.64 1360.45 12827.5 23 0 0 
487 383 10 11673 1313.64 1359.32 12832.4 23 0 0 
509 400 10 11671 1313.64 1357.38 12824.3 23 0 0 
541 427 10 11694.2 1361.5 1332.67 12894.8 23 0 0 
556 439 10 11692.5 1361.5 1331 12893.4 23 0 0 
594 470 10 11722.3 1392.3 1330.05 13042.6 23 0 0 
606 480 10 11692.5 1364 1328.5 12893.4 23 0 0 
647 512 10 11722.3 1394.79 1327.55 13042.6 23 0 0 
665 528 10 11877.8 1551.75 1326.04 12584.5 23 0 0 
670 531 10 11877.8 1578.24 1299.55 12584.5 23 0 0 
751 597 10 11828.8 1530.39 1298.46 12584.5 23 0 0 
816 648 10 11768 1490.58 1277.43 11551.4 22 0 0 
818 650 10 11766.1 1490.58 1275.49 11543.3 22 0 0 
821 652 10 11766 1490.58 1275.43 11803.6 22 0 0 
825 655 10 11765.5 1490.58 1274.95 11799.6 22 0 0 
836 664 10 11675.2 1400.49 1274.73 10920.4 21 0 0 
851 676 10 11578.9 1310.47 1268.41 10036.9 20 0 0 
864 687 10 11630.5 1364.94 1265.57 10801.2 20 0 0 
882 702 10 11657.1 1403.51 1253.63 11079.3 20 0 0 
942 750 10 11570.4 1326.02 1244.42 10208.5 19 0 0 
947 754 10 11637.7 1395.02 1242.73 10208.5 19 0 0 
958 763 10 11647.2 1425.16 1222.02 10415.6 19 0 0 
966 770 10 11616.8 1395.02 1221.79 10200.3 19 0 0 
970 773 10 11642.7 1425.16 1217.55 10397.7 19 0 0 
976 778 10 11612.6 1395.02 1217.54 10240.2 18 0 0 
978 780 10 11513 1302.85 1210.15 9378.86 17 0 0 
983 784 10 11509 1324.28 1184.68 9294.65 17 0 0 
993 792 10 11459.4 1278.29 1181.08 9098.28 15 0 0 
1040 830 10 11408.6 1228.29 1180.33 8548.38 14 0 0 
1048 837 10 11292.6 1112.5 1180.14 8548.38 14 0 0 
1053 841 10 11262.8 1112.5 1150.27 8548.38 14 0 0 
1062 849 10 11213.1 1067.11 1146.03 8464.96 14 0 0 
1195 958 10 11163.9 1028.19 1135.71 8363.8 14 0 0 
1198 960 10 11085.4 956.477 1128.92 7738.6 13 0 0 
1267 1015 10 11149.1 1021.27 1127.85 7738.6 13 0 0 
1273 1020 10 11066.5 956.477 1110.02 7738.6 13 0 0 
1410 1127 10 10913.7 815.886 1097.77 6707.52 10 0 0 
1422 1137 10 10811.5 723.834 1087.66 6707.52 10 0 0 
1432 1145 10 10707 629.285 1077.69 6067.2 10 0 0 
1440 1151 10 10774 715.912 1058.09 6729.15 10 0 0 
1475 1181 10 10774 730.225 1043.78 6308.97 9 0 0 
1476 1182 10 10760.2 730.225 1029.98 6154.21 9 0 0 
1722 1385 10 10743 714.28 1028.68 6341.76 9 0 0 
2622 2128 10 10704.1 676.422 1027.7 6294.92 9 0 0 
