0 0 10 18229.4 4878.04 4351.33 85344.9 91 350 2 
0 0 10 16408.6 3864.72 3543.85 56642.7 56 320 3 
1 0 10 16236.4 3945.65 3290.78 56651.6 56 290 2 
3 1 10 16086.7 3810.5 3276.2 54519.2 55 290 2 
3 1 10 16078.1 3810.5 3267.64 53273.2 55 280 2 
4 1 10 16021.6 3810.5 3211.11 52633 55 280 2 
4 2 10 16021.6 3818.09 3203.52 52633 55 270 2 
4 2 10 15990.8 3818.09 3172.74 52555.2 55 270 2 
5 2 10 15947.7 3818.09 3129.63 52407.7 55 270 2 
5 3 10 15946.8 3818.09 3128.73 52357.7 55 270 2 
6 3 10 15719.3 3664.25 3055.09 48821.2 54 260 2 
7 4 10 15620.5 3615.06 3005.41 47492.4 53 260 2 
7 4 10 15425.9 3479.17 2946.77 44410 53 250 2 
8 5 10 15155.3 3217.43 2937.87 42688 48 180 3 
8 5 10 15153.2 3217.43 2935.74 42681.2 48 180 3 
9 5 10 15146.3 3217.43 2928.9 42648.4 48 180 3 
9 6 10 15129.4 3217.43 2911.93 42598.1 48 180 3 
11 7 10 14974.5 3157.57 2816.94 41432.6 48 170 3 
12 9 10 14955.9 3157.57 2798.29 41369.3 48 170 3 
13 9 10 14983.9 3212.85 2771.09 41067.3 48 170 3 
14 10 10 14867.3 3097.4 2769.89 39156 47 170 3 
15 10 10 14867.3 3166.94 2700.35 39156 47 170 3 
15 11 10 14855 3166.94 2688.02 39063.8 47 170 3 
16 11 10 14853.3 3166.94 2686.34 39055.4 47 170 3 
16 12 10 14729.6 3067.43 2662.13 37424.3 46 140 3 
17 12 10 14729.4 3067.43 2661.94 37367 46 140 3 
17 12 10 14479.4 2865.94 2613.48 35231.2 43 140 3 
17 13 10 14474.3 2865.94 2608.33 35144.1 43 140 3 
18 13 10 14123.4 2517.53 2605.84 32474.5 42 120 2 
18 14 10 14109.9 2517.53 2592.33 32481.2 42 120 2 
19 14 10 14109.3 2523.82 2585.44 32064.1 42 120 2 
19 15 10 14200 2651.79 2548.2 33540.6 42 120 2 
20 15 10 14192.6 2651.79 2540.83 33490.5 42 120 2 
20 15 10 14091.8 2551.06 2540.72 32255.2 41 120 2 
21 16 10 14091.8 2555.61 2536.18 32255.2 41 120 2 
23 18 10 14084.4 2555.61 2528.83 32008.8 41 110 2 
26 20 10 14032 2555.61 2476.41 31837.1 41 90 2 
31 24 10 13140.9 1767.11 2373.8 23787.5 35 80 3 
32 25 10 13135.6 1767.11 2368.46 23772.1 35 80 3 
33 25 10 12984.9 1672.11 2312.78 22900.3 34 70 3 
34 26 10 12965 1666.78 2298.21 22632.9 33 60 2 
36 28 10 12974.5 1693.14 2281.36 22596.5 31 60 2 
38 30 10 12886.5 1607.42 2279.09 21888.4 31 60 2 
39 30 10 12811.7 1565.05 2246.67 22198.5 31 60 2 
39 31 10 12712.2 1474.61 2237.55 21975.5 30 60 2 
43 34 10 12568.3 1424 2144.26 21119.3 29 60 2 
51 41 10 12567.2 1424 2143.17 21115.5 29 60 2 
60 47 10 12597.2 1475.54 2121.71 21912.1 29 60 2 
62 49 10 12597 1475.54 2121.46 21840.3 29 60 3 
65 52 10 12589.1 1475.54 2113.59 22050 29 60 2 
71 57 10 12497.7 1385.54 2112.19 20767.5 28 50 1 
74 59 10 12497.7 1385.54 2112.12 20766.4 28 50 1 
75 60 10 12496.2 1385.54 2110.62 20758.9 28 50 1 
83 67 10 12586.5 1488.21 2098.33 21321.8 28 50 2 
83 67 10 12619.4 1570.21 2049.18 20154.5 27 50 2 
83 67 10 12515.3 1467.54 2047.74 19385.8 27 50 2 
96 78 10 12464.3 1422.58 2041.71 19287.2 27 50 2 
99 80 10 12391.2 1395.88 1995.29 17887.5 27 50 1 
100 81 10 12376.5 1395.88 1980.61 17871.4 27 50 1 
131 109 10 12375.4 1395.88 1979.53 17879.8 27 50 1 
139 116 10 12465.4 1487.9 1977.52 18128.9 27 50 1 
148 124 10 12465.4 1525.49 1939.92 18128.9 27 50 1 
153 128 10 12463.9 1556.65 1907.23 18055.7 27 50 1 
154 130 10 12370.2 1465.22 1904.93 16717.1 25 50 2 
168 143 10 12275.5 1387.63 1887.9 16068 25 20 2 
169 143 10 12285.1 1414.89 1870.16 15711.9 25 20 2 
170 144 10 12281.5 1414.89 1866.58 15756.9 25 20 2 
171 145 10 12293.8 1438.96 1854.85 15907.9 25 20 2 
180 153 10 12340.2 1490.24 1849.96 16049.7 25 20 2 
182 155 10 12192.9 1347.94 1844.98 15401.9 24 20 2 
190 162 10 12189.3 1347.94 1841.41 15447 24 20 2 
191 164 10 12140.1 1347.94 1792.17 14916.2 24 10 1 
198 169 10 12140.1 1367 1773.11 14916.2 24 10 1 
203 173 10 12186.5 1418.28 1768.22 15058.1 24 10 1 
205 176 10 12170.9 1418.28 1752.57 14779.3 23 10 1 
208 179 10 12084.9 1341.9 1742.98 14383.5 23 10 1 
214 184 10 12078.4 1341.9 1736.49 14406.7 23 10 1 
216 186 10 11971.7 1239.03 1732.69 13505.8 22 10 1 
231 200 10 11876.2 1144.9 1731.29 12631.8 20 10 1 
244 212 10 11873.7 1144.9 1728.81 12635 20 10 1 
253 220 10 11873.7 1157.76 1715.94 12635 20 10 1 
257 224 10 11873.7 1162.19 1711.51 12635 20 10 1 
269 235 10 11865 1162.19 1702.81 12457 20 10 1 
272 238 10 11908.7 1220.86 1687.82 12628.1 20 10 1 
276 242 10 11836.4 1172.94 1663.48 11944.9 19 10 1 
279 244 10 11827.8 1172.94 1654.85 11844.4 19 10 1 
279 244 10 11803.8 1172.94 1630.87 11942.9 19 10 1 
281 246 10 11582 978.052 1603.95 11942.9 19 10 1 
288 252 10 11559.2 966.076 1593.11 11752.2 19 10 1 
291 255 10 11465.3 873.907 1591.37 11056.3 18 0 0 
293 257 10 11464.3 873.907 1590.39 11051.3 18 0 0 
294 258 10 11451.3 907.962 1543.3 11043.8 17 0 0 
327 288 10 11434.1 891.582 1542.49 11245.5 17 0 0 
328 289 10 11325.5 810.803 1514.69 10417.6 16 0 0 
332 293 10 11216.1 708.01 1508.14 10417.6 16 0 0 
355 315 10 11315.7 816.431 1499.26 10351.6 16 0 0 
393 351 10 11167.9 676.851 1491.02 10138.5 16 0 0 
582 534 10 11167.2 699.94 1467.29 10374.1 16 0 0 
588 540 10 11240.2 779.885 1460.34 10427.8 16 0 0 
593 545 10 11174.7 714.327 1460.34 9752.36 15 0 0 
628 579 10 11101.1 679.704 1421.35 9544.26 14 0 0 
630 581 10 11096.7 679.704 1417 9538.6 14 0 0 
635 586 10 11095.3 679.704 1415.56 9530.82 14 0 0 
655 603 10 11036.7 645.944 1390.79 9530.82 14 0 0 
657 606 10 11016 634.382 1381.66 9530.82 14 0 0 
726 672 10 11020.6 639.072 1381.55 9409.49 14 0 0 
807 750 10 11016.1 639.072 1377.05 9001.05 14 0 0 
1134 1053 10 11016.5 645.36 1371.12 8630.57 14 0 0 
1247 1159 10 11028.9 659.012 1369.9 8655.45 14 0 0 
1556 1451 10 11028.9 661.312 1367.6 8655.45 14 0 0 
2024 1887 10 10975 610.279 1364.75 8223.12 14 0 0 
2098 1955 10 10869 519.725 1349.3 7618.92 13 0 0 
