Agent: 0ids: 18 2 11 23 43 13 41 28 9 21 49 35 33 39 24 32 34 26 27 8 31 15 20 5 16 44 29 17 3 10 22 47 14 0 48 6 42 7 37 40 12 46 30 1 
Agent: 1ids: 16 13 2 35 1 47 3 9 22 41 25 36 42 31 0 12 24 34 19 27 45 23 4 17 10 20 26 
Agent: 2ids: 44 8 15 19 27 20 41 25 22 31 7 13 36 17 24 39 49 10 0 38 23 3 40 32 45 21 2 1 48 26 42 6 28 12 30 46 37 33 4 14 47 
Agent: 3ids: 26 32 45 38 0 43 48 27 47 31 36 4 14 8 23 10 41 7 19 18 17 9 44 1 25 16 37 13 22 21 29 15 28 12 46 20 
Agent: 4ids: 10 29 8 21 11 33 
Agent: 5ids: 48 42 20 35 24 19 3 4 9 37 49 10 7 41 8 34 44 
Agent: 6ids: 49 11 45 2 12 46 16 48 40 26 4 30 33 13 25 41 39 18 
Agent: 7ids: 12 34 41 39 22 8 16 1 42 25 29 19 46 44 13 
Agent: 8ids: 26 22 17 8 19 13 3 34 16 11 6 41 28 31 18 35 12 25 14 44 
Agent: 9ids: 28 1 17 5 47 31 4 34 24 6 15 8 22 14 10 27 32 18 39 2 29 38 25 45 40 30 19 0 21 33 9 7 20 43 37 26 42 49 44 23 11 13 35 41 3 
Agent: 10ids: 44 30 47 
Agent: 11ids: 24 39 33 5 42 48 47 46 23 4 0 13 28 7 44 11 45 38 29 6 2 9 14 43 35 1 16 32 12 36 40 
Agent: 12ids: 11 35 2 13 1 40 3 20 45 25 34 8 47 9 16 36 48 44 21 7 28 29 14 41 23 31 38 22 19 32 46 12 0 49 37 5 
Agent: 13ids: 47 0 31 42 34 19 26 38 30 10 29 7 6 14 18 17 49 45 41 46 44 21 15 11 25 24 39 
Agent: 14ids: 11 16 14 19 27 6 20 45 23 31 46 3 
Agent: 15ids: 20 18 33 22 41 16 45 6 37 40 28 15 44 0 29 3 34 
Agent: 16ids: 35 0 30 48 20 43 31 16 23 7 46 8 12 17 18 14 36 38 40 41 13 19 29 44 2 27 11 22 37 21 6 33 32 39 10 34 9 5 47 49 
Agent: 17ids: 37 29 3 32 22 21 34 8 33 10 38 16 4 6 20 35 1 27 5 19 46 17 48 0 47 7 14 44 30 24 13 42 11 36 23 43 41 31 49 28 45 9 25 12 
Agent: 18ids: 38 5 37 43 7 47 34 0 27 26 16 35 28 14 31 23 44 21 42 18 45 40 15 32 46 39 6 19 13 1 30 
Agent: 19ids: 23 16 10 15 32 9 19 12 1 25 5 2 42 28 33 40 13 44 29 8 3 41 31 47 26 46 21 43 45 20 7 36 17 24 39 48 0 38 37 4 34 49 27 18 30 22 
Agent: 20ids: 6 11 42 49 43 21 31 12 22 7 36 
Agent: 21ids: 37 32 41 31 27 3 14 42 6 1 21 16 20 38 2 25 0 29 4 46 39 22 19 35 
Agent: 22ids: 13 34 37 16 35 2 27 10 41 32 1 26 11 21 12 36 46 25 3 7 23 38 48 
Agent: 23ids: 22 20 39 31 6 40 27 42 3 13 7 43 47 10 37 26 24 19 35 29 5 16 12 0 25 21 33 18 34 11 15 48 49 
Agent: 24ids: 39 42 14 33 
Agent: 25ids: 7 
Agent: 26ids: 32 47 23 44 43 39 11 19 2 8 12 0 48 22 5 49 
Agent: 27ids: 14 34 0 6 8 20 48 33 24 13 15 46 
Agent: 28ids: 33 14 46 29 22 23 4 5 6 45 26 35 17 7 16 21 11 44 39 8 25 43 1 24 32 28 0 27 37 2 12 10 47 3 36 13 41 48 15 38 18 49 31 9 34 42 19 
Agent: 29ids: 12 
Agent: 30ids: 24 6 22 0 8 34 31 19 27 15 43 42 46 4 33 26 48 28 9 30 21 10 1 3 44 16 5 13 40 7 12 45 38 17 35 2 49 18 32 37 41 23 39 36 20 
Agent: 31ids: 35 40 49 19 21 44 3 27 37 34 43 42 32 24 15 5 26 45 11 48 25 16 30 13 29 14 12 47 6 
Agent: 32ids: 42 4 14 30 29 28 48 34 16 23 1 11 13 15 20 38 10 19 
Agent: 33ids: 26 34 24 47 13 18 20 21 46 16 48 19 3 23 10 6 2 8 15 12 40 44 0 41 36 33 39 42 7 29 32 14 45 35 17 43 1 5 4 38 9 30 11 31 28 
Agent: 34ids: 8 49 15 40 41 18 16 42 47 14 11 27 4 10 48 7 22 1 12 23 26 9 37 32 24 38 36 43 5 35 28 13 46 0 17 
Agent: 35ids: 13 20 33 6 27 26 29 9 34 38 44 45 25 36 35 40 30 8 2 5 4 24 32 39 7 0 42 28 43 18 46 31 14 21 16 
Agent: 36ids: 29 16 15 36 45 39 35 47 27 25 10 38 9 32 14 41 44 5 13 22 30 1 31 26 21 0 48 42 11 28 3 18 40 2 43 6 24 34 7 17 8 49 46 20 19 4 33 12 37 
Agent: 37ids: 38 43 17 11 9 
Agent: 38ids: 6 32 49 22 48 43 35 39 15 41 42 13 38 27 21 44 34 12 25 37 
Agent: 39ids: 31 8 29 48 26 41 21 34 43 49 9 25 19 23 13 36 14 27 0 11 30 44 35 18 24 20 28 3 32 4 40 17 42 33 
Agent: 40ids: 21 33 49 16 37 1 3 44 26 12 11 24 36 5 35 9 15 28 18 7 
Agent: 41ids: 8 44 10 26 45 48 17 18 37 1 36 31 20 23 16 12 2 40 3 14 39 6 34 13 
Agent: 42ids: 31 21 33 28 12 46 23 47 41 19 6 27 20 38 9 15 39 3 1 42 4 14 43 18 13 49 0 25 48 40 7 5 44 17 29 30 8 45 35 10 32 34 
Agent: 43ids: 10 14 37 4 31 34 35 28 0 15 24 39 29 41 8 49 22 45 25 21 43 11 9 23 3 27 47 42 17 26 44 46 13 36 16 38 5 6 7 32 2 19 12 40 
Agent: 44ids: 47 10 31 48 16 
Agent: 45ids: 19 41 48 17 16 30 22 9 15 45 29 27 12 47 46 33 8 14 26 5 2 6 1 3 4 7 32 42 0 36 10 38 31 18 34 23 35 49 39 11 25 24 20 13 
Agent: 46ids: 0 6 8 15 12 5 43 17 24 49 2 10 4 1 45 44 28 26 19 47 11 37 3 35 32 20 41 30 46 
Agent: 47ids: 12 27 40 15 14 9 6 30 7 35 49 10 45 47 32 5 13 42 16 8 0 11 31 41 21 28 2 1 18 23 33 17 4 46 48 36 39 22 43 3 19 25 24 
Agent: 48ids: 10 14 16 42 43 28 9 6 26 34 19 20 12 24 22 32 44 0 30 35 2 39 3 37 46 31 29 36 47 7 25 48 1 11 27 18 33 15 41 45 5 17 4 40 
Agent: 49ids: 10 5 28 34 2 3 39 38 14 49 17 4 48 15 41 6 42 25 7 11 21 20 45 8 47 43 0 44 31 26 19 13 35 18 12 9 24 30 16 29 40 22 
0 0 10 18327.3 5199.29 4127.97 134265 89 600 3 
0 0 10 16140.9 3873.63 3267.31 87711.7 54 560 3 
1 0 10 15252.8 3009.87 3242.89 65834.5 49 350 3 
1 0 10 15125.5 2919.76 3205.78 62739.3 48 340 3 
2 0 10 14990 2844.39 3145.6 61655.5 47 340 4 
3 1 10 14872.8 2755.12 3117.71 58938.7 47 310 4 
5 2 10 14844.9 2755.12 3089.79 59477.2 47 310 4 
6 3 10 14830 2783.97 3046.01 59090.9 47 310 4 
6 4 10 14625.5 2622.64 3002.82 50468.4 44 270 4 
7 4 10 14588.4 2622.64 2965.73 50271 44 270 4 
7 4 10 14586.2 2622.64 2963.52 50257.7 44 270 4 
8 5 10 14510.5 2578.81 2931.73 48551.6 44 250 3 
8 5 10 14447.7 2658.12 2789.57 48544.3 44 250 3 
9 6 10 14406.2 2784.41 2621.79 47086.9 44 240 3 
10 6 10 14364.7 2780.59 2584.1 46515.2 44 230 3 
10 7 10 14350.5 2780.59 2569.93 46424.7 44 230 3 
10 7 10 14217.3 2671.91 2545.35 45562.4 44 220 3 
11 8 10 14090.2 2582.46 2507.79 44273.7 43 190 2 
12 8 10 14055.5 2582.46 2473.09 42783.7 43 170 2 
14 10 10 13955.7 2490.49 2465.22 40669.8 42 170 2 
15 10 10 13920.3 2532.38 2387.9 41154.5 42 170 2 
15 11 10 13820.4 2440.41 2380.03 39140.5 41 170 2 
17 12 10 13818.2 2440.41 2377.75 39123.6 41 170 2 
21 15 10 13782.1 2419.96 2362.13 39157.1 41 170 2 
22 17 10 13768.8 2419.96 2348.88 38996.5 41 170 2 
22 17 10 13481.7 2252.55 2229.14 33811.6 40 130 4 
25 19 10 13353.6 2161.79 2191.79 32738.1 39 120 3 
27 21 10 13306 2126.63 2179.38 32063.6 37 110 2 
27 21 10 13300.3 2126.63 2173.66 32006.7 37 110 2 
28 22 10 13152.7 2088.81 2063.91 30836.2 36 110 2 
29 23 10 13030.9 1998.66 2032.26 29626.9 36 110 2 
30 23 10 12937.4 1907.4 2030.04 28360.9 34 110 2 
30 24 10 12835.1 1816.04 2019.02 27397.5 34 110 2 
31 24 10 12835.1 1918.34 1916.72 27220 33 110 2 
32 25 10 12789 1918.34 1870.66 26673.3 32 110 2 
33 26 10 12783.1 1933.88 1849.25 26638.1 32 110 2 
35 27 10 12904.8 2077.46 1827.29 26701.7 32 110 2 
35 28 10 12630.9 1838.38 1792.54 25912.9 30 90 2 
37 29 10 12630.8 1838.38 1792.41 25857 30 90 2 
37 30 10 12625.6 1838.38 1787.26 25903.1 30 90 2 
38 30 10 12617 1872.67 1744.35 25470.8 30 80 3 
39 31 10 12597.7 1872.67 1725.05 25435.7 30 80 3 
41 33 10 12597.4 1872.67 1724.73 25429.3 30 80 3 
42 34 10 12585.1 1872.67 1712.46 24658 30 80 3 
42 34 10 12508.8 1817.48 1691.37 24694.1 30 80 3 
42 34 10 12550.8 1865.87 1684.9 23839.6 30 80 3 
43 35 10 12502.7 1818.87 1683.87 23058.3 30 70 3 
44 36 10 12529.9 1916.29 1613.65 24158.3 30 60 2 
44 36 10 12465.5 1852.23 1613.28 23920.9 30 60 2 
44 36 10 12460.2 1852.23 1608 23911.1 30 60 2 
47 38 10 12523.8 1931.39 1592.4 23974.7 30 60 2 
49 41 10 12508.9 1931.39 1577.53 23911 30 60 2 
53 44 10 12574.1 2005.81 1568.29 24048.6 30 60 2 
54 45 10 12573.8 2005.81 1567.98 24042.2 30 60 2 
57 48 10 12573.5 2005.81 1567.73 24031.2 30 60 2 
66 56 10 12564.2 2005.81 1558.43 23933.8 30 60 2 
69 59 10 12555.2 2005.81 1549.35 23917.3 30 60 2 
72 62 10 12464.5 1915.41 1549.1 23049.7 29 60 2 
86 74 10 12464.4 1915.41 1549.03 23039.2 29 60 2 
86 75 10 12463.8 1915.41 1548.44 23057.2 29 60 2 
87 75 10 12367.6 1824.65 1543 22186.1 28 60 2 
87 75 10 12367.6 1824.65 1542.93 22175.7 28 60 2 
90 78 10 12367 1824.65 1542.34 22193.7 28 60 2 
98 85 10 12352.1 1828.5 1523.59 22151.1 28 60 2 
101 88 10 12283.1 1785.98 1497.14 21479.9 28 60 2 
102 89 10 12282.9 1785.98 1496.97 21468.8 28 60 2 
111 97 10 12188.2 1721.71 1466.46 20433.5 26 60 2 
113 99 10 12053.2 1599.49 1453.73 19745.6 26 60 2 
118 103 10 12121.3 1667.85 1453.42 19615.7 26 60 3 
125 110 10 11875.1 1422.91 1452.15 20683.7 26 60 1 
128 113 10 11761.9 1332.78 1429.09 18766.3 26 60 2 
131 116 10 11752.6 1332.78 1419.82 18060.2 26 60 3 
137 121 10 11820.6 1401.14 1419.51 17974.3 26 60 4 
138 122 10 11814.2 1401.14 1413.09 17449.9 26 60 4 
141 126 10 11811.7 1401.14 1410.52 17430.5 26 60 4 
146 130 10 11809.5 1401.14 1408.39 17429.9 26 60 4 
149 133 10 11902.2 1493.92 1408.31 17977.8 26 40 3 
167 151 10 11809.5 1403.92 1405.61 17151.6 25 40 3 
228 210 10 11861.3 1458.89 1402.41 17423.2 25 40 2 
374 354 10 11858.7 1458.67 1400.08 17335.3 25 40 2 
423 402 10 11850.1 1451.82 1398.24 17335.3 25 40 2 
464 444 10 11850 1451.82 1398.18 17063 25 30 1 
467 446 10 11848.7 1451.82 1396.83 17056 25 30 1 
492 472 10 11940 1549.8 1390.2 17056 25 30 1 
496 476 10 11818.4 1435.75 1382.64 17056 25 30 1 
524 503 10 11906.4 1577.69 1328.76 16903.2 24 30 1 
537 516 10 11847.7 1520.61 1327.06 16903.2 24 30 1 
581 557 10 11721.5 1396.27 1325.25 16903.2 24 30 1 
918 898 10 11778.7 1454.6 1324.07 16903.2 24 30 1 
920 900 10 11742.5 1429.01 1313.5 16229.1 24 30 1 
931 911 10 11682.8 1370.09 1312.67 16222.7 24 30 1 
955 936 10 11520.3 1215.11 1305.16 16222.7 24 30 1 
1088 1070 10 11668.2 1363.23 1304.97 16222.7 24 30 1 
1160 1142 10 11700.6 1404.25 1296.39 16222.7 24 30 1 
1178 1160 10 11609.4 1313.92 1295.46 16222.7 24 30 1 
1181 1163 10 11618.7 1419.58 1199.08 15147 23 30 1 
1197 1179 10 11586.1 1392.1 1193.96 14917.7 23 30 1 
1202 1183 10 11582.1 1392.1 1189.95 15147 23 30 1 
1434 1408 10 11349.8 1160.01 1189.84 13396.7 20 30 1 
1452 1425 10 11440.6 1252.76 1187.8 14625.1 20 30 1 
1522 1492 10 11423.9 1243.99 1179.89 14625.1 20 30 1 
1537 1506 10 11376.6 1233.12 1143.53 14507.8 19 30 1 
1596 1564 10 11376.6 1235.79 1140.86 14507.8 19 30 1 
1598 1566 10 11376.6 1240.39 1136.26 14507.8 19 30 1 
1751 1719 10 11317.6 1181.34 1136.26 13430 18 30 2 
1764 1731 10 11315 1179.07 1135.9 13427.4 18 30 2 
1919 1880 10 11228.3 1093.28 1135.03 12065.4 17 10 1 
1919 1880 10 11097.5 999.28 1098.25 10931.8 16 10 1 
1923 1884 10 11032 933.723 1098.25 10256.4 15 10 1 
1946 1906 10 10940.1 843.397 1096.74 9494.08 13 10 1 
1992 1950 10 10936.8 842.843 1093.97 9593.65 13 10 1 
2009 1966 10 10841.2 759.121 1082.09 8826.04 13 10 1 
2116 2074 10 10920.1 842.843 1077.22 9399.98 13 10 1 
2145 2101 10 10896.3 835.429 1060.82 9399.98 13 10 1 
3099 3050 10 10784.3 748.682 1035.59 8606.04 13 10 1 
3104 3055 10 10767.2 748.682 1018.57 8536.98 12 10 1 
