0 0 10 18517.8 5332.85 4184.99 111620 90 550 4 
7 3 10 15418.1 2997.89 3420.23 68770.7 47 350 3 
7 3 10 15068.8 2704.48 3364.34 53769.3 47 300 2 
7 3 10 14942.3 2597.46 3344.83 51418.8 46 300 3 
7 3 10 14925.6 2597.46 3328.15 51324.1 46 300 3 
7 3 10 14827.9 2505.29 3322.61 49487.7 45 300 3 
8 4 10 14801 2505.29 3295.74 49134.9 45 300 3 
9 5 10 14615 2469.02 3145.93 46833.9 44 270 3 
9 5 10 14480 2377.84 3102.19 44617.5 44 270 3 
9 5 10 14473.1 2377.84 3095.23 44627.8 44 270 3 
11 7 10 14304.2 2297.8 3006.4 41883.6 43 270 3 
12 7 10 14168.5 2169.17 2999.36 41511.1 43 270 3 
13 8 10 14121.5 2169.17 2952.35 41010.5 43 270 3 
13 8 10 14109.5 2169.17 2940.37 40977.1 42 270 3 
13 8 10 14013.8 2128.05 2885.74 42639.9 42 220 2 
14 9 10 14000 2128.05 2871.93 42451.2 42 220 2 
14 9 10 14000 2130.92 2869.06 42451.2 42 220 2 
14 9 10 14055.5 2188.04 2867.47 42720.1 42 220 2 
15 10 10 14054 2188.04 2866 42253.9 41 220 2 
15 10 10 14053.6 2188.04 2865.54 42302.1 41 220 2 
16 10 10 14016.7 2170.85 2845.87 40621.2 41 210 2 
18 12 10 14012.9 2170.85 2842.07 39514.3 41 200 2 
20 14 10 14007.9 2170.85 2837.07 39443.9 41 200 2 
21 14 10 13989.4 2170.85 2818.55 39889.4 41 200 2 
21 15 10 13856.2 2074.85 2781.35 38975.4 40 200 2 
22 15 10 13832.9 2058.84 2774.11 38498.2 40 170 2 
25 17 10 13746.5 2012.97 2733.53 38190.2 40 170 2 
25 18 10 13771.3 2053.73 2717.61 38520.4 40 170 2 
26 18 10 13877.1 2168.01 2709.08 38498.2 40 170 2 
27 19 10 13880.6 2193.85 2686.78 39240.1 40 160 2 
27 19 10 13760.8 2100.61 2660.15 37288.2 40 150 2 
32 23 10 13377.7 1808.18 2569.49 33727.5 38 140 2 
32 23 10 13351.4 1811.06 2540.36 33702.7 37 140 2 
35 26 10 13256.2 1754.91 2501.28 32049.5 37 140 3 
41 30 10 13206.3 1708.3 2498.05 30558.7 36 130 3 
42 30 10 13205.3 1708.3 2497.01 30545.9 36 130 3 
44 32 10 13112.5 1618.3 2494.16 29034.5 35 130 3 
46 34 10 13202.5 1737.5 2464.97 28941.1 35 110 3 
47 35 10 13162.1 1722.05 2440.01 28384.7 35 110 3 
48 36 10 13208.2 1775.61 2432.61 28430.9 35 110 3 
49 36 10 13172.7 1775.61 2397.08 27559 35 100 2 
49 37 10 12935 1631.77 2303.23 24424.4 34 100 2 
51 38 10 13049.3 1768.49 2280.85 26146.3 34 100 2 
52 39 10 12923.1 1647.75 2275.36 26246.2 34 100 2 
53 40 10 13029.5 1768.49 2261.01 25863.7 34 100 2 
53 40 10 12999.8 1768.49 2231.3 24823 34 90 3 
54 40 10 12999.1 1768.49 2230.6 24820.4 34 90 3 
54 41 10 12996.4 1768.49 2227.91 24852.8 34 90 3 
55 42 10 12959.3 1758.14 2201.19 24580.1 33 90 3 
57 43 10 12955.9 1758.14 2197.8 24610 33 90 3 
60 45 10 12769.5 1694.55 2074.94 23713 32 80 3 
61 47 10 12762.9 1694.55 2068.38 23748.9 32 80 3 
62 48 10 12669.3 1603.79 2065.51 22786.6 31 80 3 
66 51 10 12525.2 1467.99 2057.18 22642.5 31 80 3 
70 53 10 12572.8 1523.28 2049.5 21799.4 30 60 2 
70 54 10 12544.7 1547.6 1997.09 20931.7 29 60 3 
71 55 10 12544.6 1547.6 1997.01 20927.6 29 60 3 
72 55 10 12544.6 1552.29 1992.32 21018.7 29 60 4 
76 58 10 12544.6 1552.29 1992.29 21012.6 29 60 4 
83 64 10 12472 1484.53 1987.48 20395.2 28 50 4 
89 68 10 12391 1429.24 1961.73 20395.2 28 50 4 
90 69 10 12403 1471.03 1932.01 20584.4 28 50 3 
92 71 10 12276.5 1374.88 1901.64 19218.6 27 50 3 
95 73 10 12186.5 1284.88 1901.64 17782.2 26 40 2 
96 74 10 12185 1284.88 1900.13 17778.4 26 40 2 
101 77 10 12183.1 1283.07 1900.02 18168.4 26 20 2 
101 78 10 12183.5 1285.81 1897.65 18160.5 26 10 1 
102 78 10 12092.6 1219.56 1873.01 16869.2 25 10 1 
104 80 10 12080.8 1219.56 1861.25 16784.7 25 10 1 
105 81 10 12080.4 1219.56 1860.88 16785.1 25 10 1 
106 82 10 11934.4 1162.14 1772.28 15470.8 24 10 1 
111 86 10 11860.6 1092.45 1768.19 15647.8 24 10 1 
113 88 10 11856.8 1092.45 1764.3 15638.8 24 10 1 
118 92 10 11855.3 1092.45 1762.81 15629.8 24 10 1 
121 94 10 11831.7 1092.45 1739.26 15468.9 24 10 1 
122 95 10 11829.4 1092.45 1736.97 15416.7 24 10 1 
128 100 10 11829.4 1092.51 1736.91 15416.7 24 10 1 
136 106 10 11828.9 1092.51 1736.34 15418.1 24 10 1 
141 110 10 11894.8 1162.2 1732.65 15529 24 0 0 
144 112 10 11894.3 1162.2 1732.08 15530.4 24 0 0 
144 112 10 11859.4 1164.45 1694.91 15493.5 24 0 0 
148 116 10 11840.2 1172.7 1667.48 15275 24 0 0 
153 120 10 11723.5 1079.74 1643.8 14055.2 23 0 0 
158 124 10 11720.9 1079.74 1641.17 14066.8 23 0 0 
165 130 10 11720.8 1079.74 1641.08 14067.9 23 0 0 
173 136 10 11716.5 1079.74 1636.76 14008.8 23 0 0 
181 142 10 11631.4 1008.56 1622.81 14252.2 23 0 0 
197 155 10 11595 976.396 1618.65 14215.8 23 0 0 
215 169 10 11595 1008.81 1586.24 14215.8 23 0 0 
228 179 10 11595 1009.33 1585.71 14215.8 23 0 0 
241 190 10 11595 1028.37 1566.67 14215.8 23 0 0 
248 195 10 11594.6 1028.37 1566.26 14304.6 23 0 0 
257 202 10 11494.4 938.478 1555.9 13654.9 22 0 0 
258 203 10 11423.4 867.838 1555.52 13173.9 22 0 0 
260 205 10 11420.3 867.838 1552.51 13128.5 21 0 0 
266 209 10 11411.9 864.786 1547.14 12959.6 21 0 0 
266 209 10 11314.5 774.786 1539.74 12756.3 20 0 0 
271 213 10 11314 774.786 1539.25 12760.8 20 0 0 
280 221 10 11282.6 744.198 1538.37 12140.6 20 0 0 
288 227 10 11281.6 744.198 1537.39 12148.4 20 0 0 
293 231 10 11280.2 744.198 1536.02 11307.4 19 0 0 
295 232 10 11278.3 744.198 1534.13 11272.3 19 0 0 
299 235 10 11276.1 744.198 1531.91 11266.9 19 0 0 
310 245 10 11136.2 616.847 1519.38 10387.2 18 0 0 
311 245 10 11034.9 529.733 1505.18 9353.72 16 0 0 
313 247 10 11034.4 529.733 1504.7 8785 16 0 0 
343 272 10 11019.4 529.733 1489.68 8653.97 16 0 0 
346 274 10 11011.7 529.733 1481.97 8649.78 16 0 0 
382 302 10 11008.8 529.733 1479.07 8291.87 15 0 0 
389 308 10 11008.6 529.733 1478.9 8292.78 15 0 0 
422 334 10 10990.1 529.733 1460.41 8442.79 15 0 0 
444 352 10 10990.1 535.183 1454.96 8442.79 15 0 0 
487 387 10 10990.7 538.106 1452.6 8292.55 15 0 0 
510 406 10 10989.3 538.106 1451.24 8291.73 15 0 0 
511 407 10 10993.6 547.157 1446.4 8297.95 15 0 0 
517 412 10 10991.2 547.157 1444.02 8297.02 15 0 0 
520 414 10 10990.7 547.157 1443.55 8292.55 15 0 0 
542 433 10 10895.3 456.814 1438.47 7684.47 14 0 0 
542 434 10 10883.3 456.814 1426.53 7537.98 14 0 0 
564 451 10 10882.8 456.814 1425.96 7597.42 14 0 0 
602 482 10 10882.2 456.814 1425.38 7841.45 14 0 0 
613 491 10 10962.7 537.736 1424.93 7841.45 14 0 0 
623 499 10 10949.1 526.471 1422.64 7933.43 14 0 0 
629 504 10 10948.4 526.471 1421.91 7753.89 14 0 0 
642 515 10 10891.4 472.256 1419.16 7605.68 14 0 0 
652 523 10 10889.4 472.256 1417.16 7602.94 14 0 0 
703 564 10 10888.9 472.256 1416.6 7629.9 14 0 0 
748 602 10 10887.5 472.256 1415.23 7629.08 14 0 0 
751 605 10 10885.6 472.256 1413.3 7625.35 14 0 0 
778 627 10 10885 472.256 1412.72 7582.66 14 0 0 
914 736 10 10907.1 507.945 1399.13 7594.03 14 0 0 
942 759 10 10900.2 507.945 1392.23 7657.88 14 0 0 
1001 807 10 10808.8 440 1368.79 6769.94 14 0 0 
1005 811 10 10717.3 349.789 1367.55 5958.9 13 0 0 
1023 827 10 10717.3 350.305 1367.03 5958.9 13 0 0 
1024 828 10 10816.9 453.061 1363.8 5958.9 13 0 0 
1068 863 10 10770.5 407.799 1362.69 5958.9 13 0 0 
1570 1269 10 10770 407.799 1362.19 6159.23 13 0 0 
1615 1306 10 10678.6 316.551 1362.07 5490.48 13 0 0 
1716 1387 10 10702.8 343.002 1359.82 5465.69 13 0 0 
2349 1902 10 10701.3 343.364 1357.9 5469.06 12 0 0 
2351 1904 10 10825.7 472.157 1353.52 5781.04 12 0 0 
2351 1904 10 10805.1 452.737 1352.35 5739.86 12 0 0 
2357 1909 10 10782.9 436.039 1346.84 5644.25 12 0 0 
2467 1999 10 10761.3 430.502 1330.78 5671.26 12 0 0 
2842 2301 10 10656.7 327.501 1329.25 5253.4 12 0 0 
3111 2516 10 10746.7 418.059 1328.65 5253.4 12 0 0 
3212 2596 10 10824.8 503.609 1321.24 5647.19 12 0 0 
3216 2600 10 10824.5 503.609 1320.93 5649.19 12 0 0 
3228 2609 10 10824.2 503.609 1320.57 5651.31 12 0 0 
3244 2622 10 10806.4 503.609 1302.81 5572.49 12 0 0 
3258 2633 10 10785.8 505.175 1280.65 5737.4 12 0 0 
3288 2658 10 10677.4 410.623 1266.73 5487.38 11 0 0 
3291 2660 10 10674.8 410.623 1264.17 5482.33 11 0 0 
3359 2719 10 10643 387.95 1255.03 5268.64 11 0 0 
3387 2742 10 10676.6 428.82 1247.8 5479.06 11 0 0 
3627 2938 10 10674.5 428.82 1245.69 5216.89 11 0 0 
4934 4012 10 10642.7 406.147 1236.55 5094.96 11 0 0 
