Agent: 0ids: 47 24 42 23 49 3 36 41 4 29 
Agent: 1ids: 11 41 37 5 36 19 14 46 22 15 32 35 23 
Agent: 2ids: 43 42 11 33 26 28 19 27 40 25 
Agent: 3ids: 47 45 25 6 31 7 3 28 33 38 49 24 35 39 21 20 40 13 42 17 10 43 12 34 0 9 48 32 23 36 15 16 27 18 14 26 4 19 37 29 44 1 30 46 5 
Agent: 4ids: 41 10 12 18 26 25 47 0 49 7 34 36 4 15 42 1 46 24 35 23 27 3 45 17 28 9 30 5 13 22 43 16 38 31 2 37 
Agent: 5ids: 37 11 31 0 27 19 6 42 46 16 43 49 14 24 15 44 26 22 5 28 38 36 47 39 9 10 30 21 35 7 13 4 17 34 3 45 32 23 2 12 25 29 
Agent: 6ids: 10 0 31 6 4 35 38 44 7 26 22 47 46 43 32 14 28 48 5 9 37 49 
Agent: 7ids: 8 24 37 2 19 5 1 44 30 33 25 13 
Agent: 8ids: 16 27 33 5 46 39 11 35 47 13 30 20 4 43 41 48 19 7 24 3 32 9 8 12 37 21 26 18 28 31 45 40 44 22 14 38 6 15 
Agent: 9ids: 11 4 48 14 29 40 18 22 42 33 37 46 28 21 23 20 27 0 
Agent: 10ids: 19 1 9 47 25 39 34 7 8 42 30 43 26 22 11 45 36 38 40 41 33 46 31 28 6 10 5 48 20 12 49 16 15 0 18 44 14 24 29 23 4 37 27 13 
Agent: 11ids: 38 7 20 12 46 19 0 36 34 27 39 48 
Agent: 12ids: 12 25 49 10 31 21 44 36 13 22 3 17 7 11 0 43 26 20 40 23 45 14 15 6 24 16 4 48 38 39 1 33 
Agent: 13ids: 6 1 11 29 41 31 3 37 45 30 16 9 25 46 42 24 2 32 35 0 7 44 20 19 22 21 5 8 34 48 49 43 27 12 26 33 39 28 13 14 17 36 15 4 
Agent: 14ids: 9 11 26 47 38 44 42 6 36 15 34 0 2 13 5 14 12 
Agent: 15ids: 17 31 9 3 12 35 13 8 28 23 37 34 32 5 44 2 1 36 6 19 11 14 41 16 20 48 24 30 42 49 38 40 
Agent: 16ids: 29 12 27 49 13 33 37 44 36 24 42 18 1 47 46 16 34 9 4 3 45 15 43 5 14 40 6 22 0 7 30 38 21 41 17 26 19 28 10 20 23 48 35 
Agent: 17ids: 9 46 8 6 44 19 3 27 0 11 42 31 24 39 49 34 47 20 41 35 33 22 
Agent: 18ids: 22 26 9 14 36 27 19 48 13 17 29 23 44 39 16 37 
Agent: 19ids: 39 46 10 19 17 13 42 15 25 47 44 40 20 38 7 28 26 16 48 32 22 30 2 35 41 31 3 45 0 9 27 6 12 
Agent: 20ids: 18 32 7 28 45 22 24 35 30 13 21 48 36 43 1 12 19 16 
Agent: 21ids: 4 47 11 3 36 27 32 9 41 1 34 24 19 2 20 13 22 17 44 21 42 23 28 
Agent: 22ids: 43 29 48 15 30 
Agent: 23ids: 7 44 24 15 17 41 
Agent: 24ids: 35 40 49 
Agent: 25ids: 31 0 8 14 26 23 27 19 7 16 35 49 44 30 12 17 11 40 32 45 42 
Agent: 26ids: 18 24 17 11 0 13 22 23 42 3 2 
Agent: 27ids: 25 47 44 29 23 33 10 31 28 46 8 21 41 19 
Agent: 28ids: 4 6 13 40 2 39 24 42 8 30 
Agent: 29ids: 2 48 34 17 21 3 45 1 38 19 30 8 6 4 36 18 14 16 43 42 37 26 46 33 5 25 44 35 12 32 41 28 0 22 
Agent: 30ids: 17 24 2 13 40 32 28 22 9 29 21 36 18 46 48 5 49 1 15 45 8 43 19 41 6 11 
Agent: 31ids: 7 4 38 23 29 0 9 16 21 42 25 19 12 18 45 10 34 39 27 32 11 31 13 35 20 26 
Agent: 32ids: 15 36 26 7 0 48 9 31 34 23 49 6 41 40 46 13 47 39 28 19 33 35 42 4 32 10 11 20 38 3 1 30 45 12 27 18 5 24 37 25 
Agent: 33ids: 4 2 14 5 35 24 39 8 48 9 7 25 44 49 31 13 28 26 45 42 36 37 33 12 38 
Agent: 34ids: 36 4 46 28 23 9 6 5 34 24 38 10 12 14 48 13 42 39 49 2 31 15 11 25 
Agent: 35ids: 32 6 17 8 16 10 9 34 49 47 27 4 44 38 7 36 23 33 39 46 31 25 18 12 24 42 14 11 41 0 15 28 13 21 45 1 5 
Agent: 36ids: 2 0 36 24 31 47 16 22 26 28 44 9 37 43 17 18 12 25 49 40 6 33 48 14 4 3 35 39 45 11 23 29 46 41 8 7 10 1 32 13 34 27 5 42 20 19 
Agent: 37ids: 42 8 14 31 2 35 18 10 44 3 7 27 5 47 46 38 20 30 37 17 16 12 21 19 6 22 34 0 
Agent: 38ids: 18 2 23 22 36 45 21 16 37 35 49 20 13 3 25 11 8 
Agent: 39ids: 22 9 42 15 48 2 44 7 6 49 33 11 29 31 17 39 24 38 36 23 37 0 19 46 4 26 47 32 18 43 1 13 45 14 
Agent: 40ids: 10 19 3 35 5 1 37 49 20 46 4 12 16 7 47 34 2 9 15 17 36 40 8 32 22 11 29 14 44 39 0 27 6 28 13 18 42 43 30 26 24 33 45 31 41 48 21 25 23 
Agent: 41ids: 1 31 7 25 44 17 46 35 26 16 10 21 47 8 41 34 48 28 33 29 24 30 20 12 3 2 22 39 49 23 38 37 14 42 11 4 5 13 40 19 36 43 45 15 0 32 9 27 
Agent: 42ids: 14 33 46 28 1 22 19 45 32 17 27 7 29 9 34 13 36 49 2 6 47 41 26 21 
Agent: 43ids: 26 19 14 16 11 27 10 9 41 13 8 1 35 31 15 5 12 30 23 32 46 22 44 4 45 17 49 
Agent: 44ids: 33 37 40 32 6 18 29 27 41 2 25 20 28 47 49 16 48 3 0 34 19 22 4 36 45 42 38 11 12 10 39 17 15 30 1 46 5 13 31 8 43 23 24 
Agent: 45ids: 23 5 4 26 32 2 24 17 7 11 22 44 10 46 39 19 42 27 36 33 20 8 47 25 48 9 14 41 45 13 0 6 3 40 38 
Agent: 46ids: 17 32 38 30 29 33 7 13 10 41 46 28 26 1 18 19 24 22 25 0 
Agent: 47ids: 21 34 36 32 23 25 10 19 18 48 8 37 40 3 1 41 46 31 24 22 6 26 9 0 42 47 15 49 44 33 38 20 12 28 4 43 45 16 27 5 
Agent: 48ids: 35 25 41 0 14 22 46 1 30 32 10 47 18 23 19 24 34 
Agent: 49ids: 40 
0 0 10 17478.9 4257.14 4221.75 157599 90 740 4 
6 3 10 14563.6 2604.1 2959.53 51758.3 44 290 3 
6 3 10 14339.1 2453.7 2885.37 48602.5 42 280 3 
6 3 10 14207.8 2322.64 2885.2 47712.7 41 280 3 
7 3 10 14161.8 2322.64 2839.2 46964.7 41 280 3 
7 3 10 14231.1 2404.93 2826.17 46964.7 41 280 3 
8 4 10 14159 2354.41 2804.61 46527 41 280 2 
11 6 10 14164.6 2365.71 2798.86 46343.6 41 250 2 
11 7 10 14164.1 2365.71 2798.4 46336.3 41 250 2 
14 8 10 14151.6 2365.71 2785.86 46320.2 41 250 2 
14 9 10 14137.1 2365.71 2771.42 46406.9 41 240 1 
16 11 10 14137.1 2371.08 2766.04 46406.9 41 240 1 
17 11 10 14007.3 2245.51 2761.74 42639.9 41 240 2 
17 11 10 13978.5 2245.51 2733.01 41894.5 41 240 2 
17 11 10 14101.3 2430.59 2670.7 45041.3 40 240 2 
19 12 10 14101.2 2430.59 2670.64 45044.3 40 240 2 
19 12 10 14067.8 2423.63 2644.16 44560.1 39 240 2 
20 13 10 14066.4 2423.63 2642.78 44552.9 39 240 2 
21 14 10 14055.3 2424.53 2630.81 44531.6 39 240 2 
21 15 10 14009.6 2418.53 2591.03 44539.4 39 240 2 
21 15 10 13886.8 2332.65 2554.18 40891.3 38 240 3 
22 15 10 13885.2 2332.65 2552.6 40860.8 38 240 3 
22 15 10 13792.3 2240.7 2551.59 38160.9 37 220 4 
22 15 10 13748.3 2248.9 2499.38 38090 37 220 4 
24 16 10 13817.5 2331.19 2486.34 38090 37 220 4 
24 17 10 13808.6 2369.46 2439.14 37998.6 37 210 3 
25 18 10 13777.1 2369.46 2407.69 37814.1 37 210 3 
26 18 10 13676.7 2283.42 2393.26 37570 36 200 3 
26 19 10 13668.3 2283.42 2384.89 37484.6 36 200 3 
27 19 10 13570.9 2202.45 2368.5 36585 36 190 2 
28 20 10 13606.3 2295.28 2311.05 36983.3 36 190 2 
29 21 10 13590.8 2303.86 2286.91 37064.8 36 180 2 
31 22 10 13570.2 2303.86 2266.3 36968.3 36 180 2 
33 24 10 13397.3 2150.13 2247.16 29267.7 36 160 2 
35 25 10 13396.9 2150.13 2246.79 29264.9 36 160 2 
35 25 10 13284.4 2082.67 2201.7 28144.9 36 150 2 
37 26 10 13270.4 2082.67 2187.76 28135.2 36 150 2 
38 27 10 13239.1 2083.79 2155.32 27489.2 36 140 2 
40 29 10 13027.6 1877.8 2149.83 27355.1 36 130 2 
40 29 10 12984.4 1876.22 2108.21 25846.5 35 100 2 
42 30 10 12913 1808.36 2104.66 25004 35 70 2 
43 31 10 12906.2 1808.36 2097.87 24976 35 70 2 
44 31 10 12833.1 1744.61 2088.48 23692.6 35 70 3 
44 32 10 12833 1744.61 2088.34 23690.8 35 70 3 
48 36 10 12681.4 1618 2063.35 22256 34 70 3 
49 36 10 12530.1 1507.55 2022.58 21666.5 34 70 3 
50 37 10 12515.7 1507.72 2007.98 21450 34 70 2 
51 38 10 12494.7 1516.3 1978.43 21514.7 34 70 2 
52 39 10 12460.2 1482.18 1978.01 20817.6 34 70 2 
54 40 10 12405.3 1437.89 1967.39 20286.6 33 70 3 
54 40 10 12402.1 1439.58 1962.48 20065.4 33 60 3 
60 45 10 12402.1 1441.72 1960.35 20065.4 33 60 3 
62 46 10 12402.1 1448.93 1953.14 19807.9 32 60 3 
63 47 10 12400.9 1448.93 1951.93 19803.7 32 60 3 
66 49 10 12400.9 1456.43 1944.43 19902.4 32 60 3 
67 50 10 12396.4 1456.43 1939.95 19894.9 32 60 3 
69 51 10 12300.7 1363.69 1937.01 18518 32 60 4 
71 52 10 12298.6 1363.69 1934.93 18572.2 32 60 4 
72 53 10 12300.7 1372.91 1927.79 18542 32 60 4 
74 54 10 12304.2 1385.26 1918.94 18535.6 32 60 4 
74 55 10 12312.2 1413.94 1898.26 18183 32 60 4 
75 56 10 12260.5 1369.27 1891.23 18139 30 60 4 
77 57 10 12230.9 1373.67 1857.24 18096.6 30 60 4 
80 59 10 12604.6 1784.68 1819.96 19626.3 30 40 3 
85 63 10 12604.3 1784.68 1819.6 19627.2 30 40 3 
85 63 10 12451.8 1693.07 1758.77 18259 30 40 3 
86 63 10 12466.3 1711.74 1754.58 17873.3 30 40 3 
88 66 10 12462.5 1709.21 1753.28 17761.5 30 40 3 
91 67 10 12462.5 1709.21 1753.28 17762.4 30 40 3 
93 69 10 12463 1774.98 1688.04 17890.4 30 40 3 
96 71 10 12462.5 1774.98 1687.47 17887.7 30 40 3 
97 72 10 12355.4 1682.31 1673.04 16909.2 29 40 2 
104 78 10 12352.1 1682.31 1669.77 16901.4 29 40 2 
107 81 10 12350.5 1682.31 1668.21 16888.5 29 40 2 
113 85 10 12350.2 1682.31 1667.9 16885.2 29 40 2 
116 87 10 12350.2 1685.21 1665.01 17255.2 29 40 2 
119 90 10 12347.9 1686.03 1661.86 17279.4 29 40 2 
121 92 10 12347.9 1686.03 1661.86 17280.3 29 40 2 
148 114 10 12295.1 1639.03 1656.04 17069 29 40 2 
154 119 10 12270.8 1620.19 1650.62 17111.9 29 30 2 
158 122 10 12164.8 1529.01 1635.82 15936.6 28 30 2 
159 123 10 12163.6 1529.01 1634.61 15932.4 28 30 2 
160 124 10 12163 1529.01 1633.98 16363.7 28 30 2 
161 124 10 12162.8 1529.01 1633.78 16368.1 28 30 2 
162 125 10 12161.3 1529.01 1632.27 16369 28 30 2 
165 128 10 12160.3 1529.01 1631.33 16356.6 28 30 2 
171 132 10 12163 1538.06 1624.93 16363.7 28 30 2 
171 132 10 12162.8 1538.06 1624.73 16368.1 28 30 2 
172 133 10 12161.6 1538.06 1623.52 16363.9 28 30 2 
172 133 10 12171.1 1593.62 1577.49 16464.6 28 30 2 
177 137 10 12169.9 1593.62 1576.28 16460.4 28 30 2 
182 142 10 12168.4 1593.62 1574.76 16461.4 28 30 2 
187 145 10 12167.6 1593.62 1574.02 16445.2 28 30 2 
196 153 10 12053 1482.08 1570.95 16314.1 28 30 2 
207 162 10 12052.6 1482.08 1570.53 16306 28 30 2 
213 166 10 12142.7 1572.64 1570.06 17561.6 28 30 2 
227 178 10 12142.7 1588.63 1554.06 17561.6 28 30 2 
238 187 10 12137.8 1588.19 1549.65 17518 28 30 2 
245 192 10 12137.4 1588.19 1549.25 17513.4 28 30 2 
274 216 10 12137.8 1604.52 1533.33 17476.4 28 30 2 
285 226 10 12001 1493.09 1507.89 16741.2 28 30 2 
288 228 10 12000.6 1493.09 1507.48 16736.6 28 30 2 
320 256 10 12090.6 1585.09 1505.49 18041.4 28 30 2 
337 270 10 11996.3 1492.82 1503.53 16963.2 28 30 2 
342 274 10 11904.1 1402.59 1501.49 16547.8 28 30 2 
374 302 10 11904.1 1418.28 1485.79 16547.8 28 30 2 
391 316 10 11874.4 1392.55 1481.81 15826.7 28 30 3 
393 318 10 11874.4 1408.24 1466.11 15826.7 28 30 3 
395 319 10 11873.9 1408.24 1465.69 15828.9 28 30 3 
425 344 10 11782.4 1316.77 1465.64 14615.5 26 30 3 
428 346 10 11700.4 1235.21 1465.15 14193.5 25 30 2 
478 388 10 11596.7 1160.09 1436.65 12661.7 25 20 1 
480 390 10 11593.6 1160.09 1433.53 12657.2 25 20 1 
485 394 10 11593.6 1160.09 1433.48 12651.1 25 20 1 
550 449 10 11593.6 1160.2 1433.37 12651.1 25 20 1 
1013 846 10 11689 1261.75 1427.22 13293.5 25 20 1 
1039 868 10 11431.5 1015.2 1416.32 12221.3 25 20 1 
1044 873 10 11412.3 1016.89 1395.37 11906.2 24 20 1 
1045 874 10 11409.6 1016.89 1392.74 11905.1 24 20 1 
1050 878 10 11407.6 1016.89 1390.75 11905.1 24 20 1 
1055 882 10 11406.5 1016.89 1389.64 11906.2 24 20 1 
1111 930 10 11486.4 1098.09 1388.28 11906.2 24 0 0 
1116 935 10 11404.4 1016.89 1387.51 11906.2 24 0 0 
1279 1069 10 11402.8 1015.73 1387.1 11927 24 0 0 
1287 1076 10 11369.1 982.683 1386.4 11617.9 23 0 0 
1528 1283 10 11365.7 982.683 1382.97 11499.7 23 0 0 
1741 1474 10 11275.6 893.568 1382.07 10185.3 23 0 0 
1747 1480 10 11232.9 851.099 1381.85 9828.97 23 0 0 
1777 1506 10 11221.7 847.794 1373.86 9355.89 23 0 0 
1784 1512 10 11220.7 847.794 1372.93 9342.48 23 0 0 
1816 1541 10 11217 845.015 1371.97 9342.48 23 0 0 
1836 1559 10 11034.9 692.985 1341.89 8701.36 23 0 0 
1846 1567 10 11093.9 764.732 1329.2 8701.36 23 0 0 
1846 1567 10 11020.7 692.985 1327.67 8701.36 23 0 0 
1849 1570 10 11342.7 1015.77 1326.94 8701.36 23 0 0 
2015 1717 10 11412.5 1086.06 1326.47 9099.4 23 0 0 
2217 1890 10 11364.1 1038.44 1325.71 9134.85 23 0 0 
2516 2152 10 11512.8 1187.85 1324.96 10296 23 0 0 
2616 2237 10 11402.1 1131.07 1271.03 9259.36 23 0 0 
2619 2239 10 11402.1 1138.9 1263.21 9259.36 23 0 0 
2761 2360 10 11391.3 1134.67 1256.64 9724.15 23 0 0 
2804 2395 10 11296.5 1040.25 1256.29 9135.59 23 0 0 
2826 2413 10 11203.4 948.749 1254.63 8415.06 22 0 0 
2854 2435 10 11199 948.749 1250.3 7978.88 22 0 0 
3026 2578 10 11103.4 857.858 1245.57 7722.7 20 0 0 
3040 2591 10 11095.6 858.479 1237.07 7316.42 20 0 0 
3047 2597 10 11093.3 858.479 1234.79 7303.6 20 0 0 
3062 2610 10 11174.6 939.854 1234.79 7419.72 19 0 0 
3079 2625 10 11092.4 860.479 1231.87 7339.44 19 0 0 
3093 2637 10 11093.8 863.561 1230.24 7628.11 19 0 0 
3093 2637 10 11058.8 834.102 1224.66 7539.78 19 0 0 
3167 2701 10 11026.7 802.277 1224.42 7009.51 19 0 0 
3170 2704 10 11128.3 915.432 1212.84 7627.65 19 0 0 
3173 2706 10 11221.4 1009.36 1212.07 7907.1 19 0 0 
3176 2709 10 11074.2 867.883 1206.31 7500.65 16 0 0 
3274 2791 10 11097.8 892.947 1204.85 7500.65 16 0 0 
3282 2799 10 10846.9 660.342 1186.6 7500.65 16 0 0 
3298 2813 10 10748.4 564.972 1183.47 6600.82 15 0 0 
3306 2819 10 10746.2 563.52 1182.64 6508.02 15 0 0 
3314 2827 10 10677 495.726 1181.28 5523.99 14 0 0 
3327 2838 10 10675.6 495.726 1179.87 5381.07 13 0 0 
3330 2840 10 10668.7 495.726 1172.93 5381.07 13 0 0 
3363 2869 10 10709.1 555.676 1153.39 5231.15 13 0 0 
3364 2870 10 10705.9 555.676 1150.22 5347.43 13 0 0 
3374 2879 10 10702.1 553.652 1148.42 5215.29 13 0 0 
3376 2881 10 10700.1 553.652 1146.49 5213.63 13 0 0 
3385 2888 10 10698.9 553.652 1145.24 5212.19 13 0 0 
3386 2889 10 10830 691.726 1138.24 5242.69 13 0 0 
3409 2909 10 10887.6 752.306 1135.26 5332.75 13 0 0 
3412 2912 10 10887.6 752.306 1135.25 5336.59 13 0 0 
3420 2918 10 10970.9 838.584 1132.36 5427.98 13 0 0 
3436 2932 10 10916.7 789.629 1127.05 5183.14 12 0 0 
3444 2939 10 10871.6 745.575 1125.99 5183.14 12 0 0 
3461 2953 10 10868.8 745.592 1123.23 5984.39 12 0 0 
3508 2995 10 10881.8 759.238 1122.58 5984.39 12 0 0 
3541 3024 10 10791.6 669.117 1122.48 4700.55 11 0 0 
