0 0 19 5800.41 1264.21 3536.2 22132.6 92 108 2 
0 0 19 5134.9 1223.44 2911.46 10780.2 49 0 0 
0 0 19 5139.98 1228.8 2911.18 10619.8 48 0 0 
2 0 19 4879.26 1140.77 2738.5 12750.1 45 0 0 
5 1 19 4727.77 1057.72 2670.06 7565.22 44 0 0 
5 1 19 4643.44 997.312 2646.13 7878.28 44 0 0 
6 1 19 4685.47 1125.06 2560.41 7078.46 41 0 0 
6 2 19 4661.15 1132.01 2529.14 6998.14 40 0 0 
7 2 19 4597.88 1091.66 2506.22 6704.47 38 0 0 
7 2 19 4589 1101.94 2487.07 6665.69 38 0 0 
7 2 19 4576.28 1101.94 2474.35 6775.56 38 0 0 
7 2 19 4534.99 1079.02 2455.97 6390.59 37 0 0 
7 2 19 4505.63 1098.13 2407.5 6020.98 37 0 0 
8 3 19 4522.46 1131.17 2391.29 6115.24 37 0 0 
10 4 19 4483.56 1095.81 2387.76 5587.47 37 0 0 
12 5 19 4424.51 1112.03 2312.48 5421.94 34 0 0 
12 5 19 4424.51 1120.2 2304.31 5421.94 34 0 0 
13 5 19 4427.13 1145.16 2281.97 5383.28 34 0 0 
14 6 19 4399.11 1127.06 2272.06 5045.76 33 0 0 
17 8 19 4372.97 1115.31 2257.67 4797.17 33 0 0 
18 9 19 4397.89 1142.49 2255.41 4812.76 33 0 0 
18 9 19 4394.89 1142.49 2252.4 4814.15 33 0 0 
19 9 19 4405.22 1163.12 2242.09 4951.03 33 0 0 
23 11 19 4405.22 1163.19 2242.02 4951.03 33 0 0 
23 12 19 4374.85 1179.99 2194.86 4882.85 32 0 0 
24 12 19 4359.91 1169.09 2190.83 4835.32 31 0 0 
24 12 19 4361.23 1171.01 2190.22 4855.13 31 0 0 
25 13 19 4310.76 1137.52 2173.24 4808 31 0 0 
26 14 19 4309.95 1157.54 2152.41 4808 31 0 0 
30 16 19 4309.95 1161.89 2148.06 4808 31 0 0 
30 16 19 4309.95 1162.54 2147.41 4808 31 0 0 
31 16 19 4311.58 1165.81 2145.76 4757 30 0 0 
31 17 19 4254.9 1147.75 2107.15 4332.4 30 0 0 
32 17 19 4270.19 1179.5 2090.69 3990.33 30 0 0 
35 19 19 4265.09 1179.5 2085.59 3983.8 30 0 0 
36 20 19 4251.01 1179.5 2071.51 3973.42 30 0 0 
42 24 19 4256.83 1187.44 2069.39 4020.03 30 0 0 
43 25 19 4255.74 1187.44 2068.3 4009.39 30 0 0 
43 25 19 4283.46 1229.67 2053.79 3973.42 30 0 0 
45 26 19 4270.38 1231.52 2038.86 3727.47 30 0 0 
47 27 19 4264.84 1249.3 2015.54 3727.47 30 0 0 
49 28 19 4271.99 1260.88 2011.11 3727.47 30 0 0 
53 31 19 4224.5 1248.27 1976.22 3484.63 28 0 0 
57 33 19 4187.24 1211.65 1975.59 3386.68 28 0 0 
58 34 19 4223.72 1248.27 1975.45 3489.56 28 0 0 
61 36 19 4184.37 1215.13 1969.24 2869.54 27 0 0 
67 40 19 4159.17 1201.52 1957.65 2894.49 26 0 0 
77 46 19 4036.31 1105.88 1930.42 2644.92 26 0 0 
79 47 19 4033.97 1105.88 1928.08 2632.18 26 0 0 
79 47 19 4033.97 1108.19 1925.78 2631.8 26 0 0 
92 56 19 4044.03 1122.65 1921.38 2653.46 26 0 0 
109 66 19 4087.54 1179.35 1908.19 2764.73 26 0 0 
110 67 19 4087.54 1181.65 1905.89 2764.34 26 0 0 
115 70 19 4118.12 1220.46 1897.65 3045.5 26 0 0 
122 74 19 4115.77 1220.46 1895.31 3032.76 26 0 0 
123 75 19 4092.88 1204.5 1888.38 2785.72 26 0 0 
127 78 19 4077.88 1192.35 1885.54 2552.18 25 0 0 
130 80 19 4074.04 1192.35 1881.69 2529.47 25 0 0 
131 81 19 4074.04 1206.28 1867.76 2541.24 25 0 0 
132 82 19 4071.7 1206.28 1865.41 2528.5 25 0 0 
135 84 19 4070.22 1206.28 1863.93 2532.97 25 0 0 
136 84 19 4033.08 1170.58 1862.5 3211.04 25 0 0 
136 84 19 4009.26 1213.3 1795.96 2793.52 25 0 0 
142 88 19 4025.85 1231.15 1794.7 2652.23 24 0 0 
142 88 19 4023.53 1250.78 1772.75 2542.33 24 0 0 
144 89 19 4021.19 1250.78 1770.41 2529.59 24 0 0 
148 92 19 4011.15 1243.71 1767.44 2432.55 23 0 0 
158 98 19 3947.98 1181.14 1766.84 2447.48 23 0 0 
159 98 19 3987.9 1240.73 1747.17 2861.53 23 0 0 
160 99 19 3992.67 1252.21 1740.46 3079.22 23 0 0 
162 100 19 3950.64 1246.04 1704.6 2580.18 22 0 0 
162 100 19 3952.52 1252.08 1700.44 1908.29 20 0 0 
165 102 19 3951.04 1252.08 1698.96 1912.76 20 0 0 
165 103 19 3933.86 1237.28 1696.58 1712.79 20 0 0 
174 109 19 3942.68 1252.72 1689.96 1773.92 20 0 0 
177 111 19 3943.48 1258.29 1685.18 1857.29 20 0 0 
181 113 19 3942.27 1260.39 1681.89 1844.9 20 0 0 
193 121 19 3945.83 1278.26 1667.58 1907.31 20 0 0 
196 123 19 3938.13 1288.46 1649.67 1793.64 19 0 0 
199 125 19 3941.69 1297.62 1644.07 1834.11 19 0 0 
224 142 19 3959.51 1318.84 1640.67 2023.7 19 0 0 
236 150 19 3941.69 1301.25 1640.44 1829.87 18 0 0 
241 154 19 3941.69 1308.41 1633.29 1829.87 18 0 0 
242 154 19 3941.69 1324.19 1617.5 1829.87 18 0 0 
249 159 19 3978.69 1365.56 1613.13 1829.87 18 0 0 
264 169 19 3976.59 1365.56 1611.03 1763.32 18 0 0 
273 174 19 3967.51 1359.99 1607.52 1723.13 18 0 0 
287 185 19 3965.16 1359.85 1605.3 1709.06 18 0 0 
306 197 19 3979.37 1375.51 1603.86 1891.55 18 0 0 
306 198 19 3943.47 1348.27 1595.2 1534.46 18 0 0 
316 204 19 3941.12 1348.13 1592.99 1520.39 18 0 0 
329 213 19 3941.59 1350.5 1591.09 1573.9 18 0 0 
351 228 19 3941.59 1358.81 1582.78 1573.9 18 0 0 
354 230 19 3969.55 1387.05 1582.5 1841.14 18 0 0 
377 245 19 3967.57 1387.05 1580.52 1832.74 18 0 0 
382 249 19 3961.74 1387.05 1574.69 1826.3 18 0 0 
385 250 19 3961.2 1387.05 1574.14 1813.61 18 0 0 
430 281 19 3973.05 1402.57 1570.48 1982.03 18 0 0 
479 314 19 3981.58 1417.98 1563.6 2127.71 18 0 0 
499 327 19 3910.87 1353.02 1557.86 2127.71 18 0 0 
527 344 19 3902.45 1353.02 1549.44 2078.44 18 0 0 
545 356 19 3890.48 1344.62 1545.86 2054.59 18 0 0 
573 374 19 3887.07 1344.3 1542.77 2054.59 18 0 0 
624 409 19 3887.07 1348.93 1538.13 2054.59 18 0 0 
677 445 19 3883.16 1348.93 1534.23 1997.75 18 0 0 
685 450 19 3880.24 1348.93 1531.31 2038.13 18 0 0 
902 598 19 3889.86 1376.86 1513 2123.5 18 0 0 
937 621 19 3888.69 1376.86 1511.83 2109.34 18 0 0 
973 646 19 3896.5 1391.37 1505.13 2109.34 18 0 0 
1005 667 19 3872.69 1371.94 1500.75 2028.87 18 0 0 
1026 682 19 3868.98 1368.38 1500.6 2139.39 18 0 0 
1212 808 19 3868.78 1368.38 1500.4 2198.91 18 0 0 
1271 849 19 3813.16 1315.66 1497.51 2198.91 18 0 0 
1434 961 19 3813.16 1319.69 1493.47 2198.91 18 0 0 
3438 2345 19 3703.69 1211.47 1492.22 2198.91 18 0 0 
4125 2822 19 3693.34 1201.29 1492.05 2039.55 18 0 0 
4174 2857 19 3703.38 1211.63 1491.75 2121.61 18 0 0 
4234 2898 19 3693.34 1203.85 1489.48 2042.33 18 0 0 
4668 3204 19 3693.34 1205.12 1488.22 2042.33 18 0 0 
5158 3549 19 3693.34 1207.58 1485.76 2042.33 18 0 0 
5213 3588 19 3685.53 1201.47 1484.06 2042.33 18 0 0 
5338 3674 19 3675.37 1201.6 1473.77 1995.84 18 0 0 
5919 4069 19 3675.37 1202.55 1472.83 1995.84 18 0 0 
6363 4374 19 3675.37 1203.81 1471.56 1995.84 18 0 0 
