0 0 19 6248.82 1512.92 3735.9 24922.1 94 54 1 
0 0 19 5078.25 1167.3 2910.95 10309.5 48 0 0 
1 0 19 5045.85 1210.08 2835.78 9692.39 46 0 0 
1 0 19 4934.98 1198 2736.98 8036.7 46 0 0 
3 0 19 5010.86 1311.41 2699.46 7865.52 45 0 0 
3 0 19 4984.71 1300.77 2683.95 8199.22 45 0 0 
4 0 19 4941.51 1283.08 2658.43 7468.9 43 0 0 
4 1 19 4995.91 1373.65 2622.27 7582.56 43 0 0 
5 1 19 4884.13 1325.15 2558.97 7263.4 41 0 0 
7 2 19 4820.75 1282.21 2538.54 6793.16 40 0 0 
7 2 19 4797.72 1275.4 2522.32 6680.52 40 0 0 
8 3 19 4642.79 1167.32 2475.47 5914.16 39 0 0 
10 3 19 4642.6 1179.45 2463.14 5890.98 39 0 0 
10 4 19 4639.88 1181.34 2458.54 5878.63 38 0 0 
11 4 19 4614.84 1181.34 2433.5 5688.6 38 0 0 
11 4 19 4621.66 1209.21 2412.44 5374.04 37 0 0 
11 4 19 4614.07 1218.52 2395.55 5172.67 37 0 0 
12 5 19 4525.35 1190.03 2335.31 4780.62 37 0 0 
12 5 19 4545.37 1225.4 2319.96 4866.29 36 0 0 
12 5 19 4542.05 1233.86 2308.2 4797.37 36 0 0 
14 6 19 4538.04 1233.86 2304.18 4782.61 36 0 0 
14 6 19 4540.53 1239.43 2301.11 4782.61 36 0 0 
14 6 19 4530.55 1269.03 2261.52 5286.16 36 0 0 
15 7 19 4530.4 1269.03 2261.37 5257.34 36 0 0 
17 8 19 4427.24 1186.16 2241.07 4850.68 34 0 0 
18 8 19 4420.76 1186.16 2234.6 4845.64 34 0 0 
18 8 19 4397.18 1171.09 2226.09 4775.39 34 0 0 
19 9 19 4390.36 1193.41 2196.94 4687.07 34 0 0 
19 9 19 4389.43 1194.53 2194.9 4686.14 34 0 0 
20 10 19 4401.4 1210.33 2191.07 4719.16 34 0 0 
21 10 19 4401.4 1225.76 2175.64 4719.16 34 0 0 
21 11 19 4394.3 1220.9 2173.4 4651.96 33 0 0 
22 11 19 4387.89 1220.9 2166.99 4640.88 33 0 0 
24 12 19 4335.64 1197.27 2138.37 5275.73 32 0 0 
25 13 19 4319.83 1185.54 2134.29 5195.69 31 0 0 
26 14 19 4195.71 1159.62 2036.09 4801.62 29 0 0 
31 17 19 4193.86 1159.62 2034.24 4784.65 29 0 0 
32 17 19 4188.43 1159.62 2028.81 4760.39 29 0 0 
34 18 19 4183.48 1160.21 2023.27 4534.66 29 0 0 
35 19 19 4180.41 1162.8 2017.61 4537.17 28 0 0 
39 21 19 4178.57 1162.8 2015.77 4520.19 28 0 0 
43 23 19 4173.94 1182.42 1991.51 4520.19 28 0 0 
43 23 19 4171.27 1182.42 1988.85 4510.01 28 0 0 
46 25 19 4178.85 1191.17 1987.68 4565.83 28 0 0 
47 26 19 4201.66 1214.59 1987.07 4616.74 28 0 0 
47 26 19 4178.85 1199.89 1978.96 4572.34 28 0 0 
48 27 19 4172.42 1199.89 1972.53 4364.39 28 0 0 
53 30 19 4164.55 1199.89 1964.66 4336.52 28 0 0 
59 33 19 4160.62 1199.89 1960.73 4332.26 28 0 0 
60 34 19 4154.47 1199.89 1954.58 4265.02 28 0 0 
64 36 19 4150.07 1239.93 1910.15 4051.75 26 0 0 
75 43 19 4148.65 1239.68 1908.97 3824.5 26 0 0 
79 46 19 4125.45 1229.93 1895.52 3857.71 26 0 0 
80 47 19 4172.25 1281.74 1890.51 3797.98 26 0 0 
81 47 19 4171.27 1281.74 1889.53 3646.6 26 0 0 
81 47 19 4154.19 1271.2 1883 3454.49 26 0 0 
84 49 19 4153.04 1271.2 1881.85 3443.41 26 0 0 
87 51 19 4113.87 1247.43 1866.44 3357.24 26 0 0 
90 53 19 4116.31 1250.21 1866.1 3371.39 26 0 0 
93 55 19 4119.45 1265.69 1853.76 3440.6 26 0 0 
95 56 19 4119.45 1295.38 1824.07 3440.6 26 0 0 
97 57 19 4152.31 1349.15 1803.15 3626.08 26 0 0 
97 57 19 4152.31 1349.21 1803.1 3626.08 26 0 0 
100 59 19 4151.85 1349.21 1802.64 3628.53 26 0 0 
102 61 19 4156.47 1363.6 1792.87 3617.64 26 0 0 
104 61 19 4153.98 1391.01 1762.97 3623.8 26 0 0 
104 62 19 4153.98 1399.32 1754.65 3623.8 26 0 0 
105 62 19 4083.66 1338.86 1744.8 3584.72 25 0 0 
109 65 19 4003.68 1263.37 1740.31 3198.58 24 0 0 
112 67 19 4006.78 1270.45 1736.34 3203.16 24 0 0 
112 67 19 4017.55 1285.37 1732.18 3233.81 24 0 0 
118 71 19 4026.15 1302.89 1723.26 3166.41 24 0 0 
123 74 19 4017.55 1302.89 1714.66 3158.07 24 0 0 
124 75 19 4002.55 1289.64 1712.91 3199.53 24 0 0 
140 86 19 3993.95 1289.64 1704.31 3191.19 24 0 0 
140 86 19 3999.01 1297.31 1701.71 2863.29 24 0 0 
148 91 19 3994.75 1297.31 1697.45 2884.37 24 0 0 
150 92 19 3985.54 1289.59 1695.95 2918.62 24 0 0 
159 99 19 3994.48 1300.49 1693.99 2943.31 24 0 0 
162 100 19 3994.6 1302.77 1691.84 2902.24 24 0 0 
174 108 19 3983.95 1293.86 1690.09 2919.81 24 0 0 
177 110 19 3983.95 1300.48 1683.47 2919.81 24 0 0 
185 116 19 4002.27 1324.34 1677.93 2698.52 24 0 0 
185 116 19 3980.01 1305.47 1674.54 2463.48 24 0 0 
187 118 19 3984.48 1312.55 1671.94 2469.44 24 0 0 
200 127 19 3980.22 1312.55 1667.68 2490.52 24 0 0 
201 127 19 3980.22 1313.6 1666.63 2413.43 23 0 0 
204 130 19 3971.01 1305.88 1665.13 2447.68 23 0 0 
210 133 19 3989.16 1324.5 1664.66 2438.12 23 0 0 
214 136 19 3979.95 1316.78 1663.17 2472.37 23 0 0 
230 146 19 3947.23 1284.49 1662.75 2410.8 23 0 0 
230 146 19 3947.23 1285.38 1661.85 2412.47 23 0 0 
234 148 19 3971.01 1315.46 1655.55 2447.68 23 0 0 
235 149 19 3971.01 1315.53 1655.48 2447.03 23 0 0 
241 153 19 3951.3 1296.46 1654.84 2479.19 23 0 0 
244 155 19 3944.17 1296.46 1647.71 2490.25 23 0 0 
250 159 19 3938.63 1295.86 1642.77 2490.25 23 0 0 
256 163 19 3926.44 1285.44 1641 2460.74 23 0 0 
272 174 19 3947.69 1309.04 1638.65 2473.88 23 0 0 
278 178 19 3961.56 1324.27 1637.3 2473.88 23 0 0 
311 199 19 3883.74 1285.58 1598.16 2466.39 23 0 0 
318 203 19 3899.6 1312.75 1586.86 2466.39 23 0 0 
322 205 19 3898.19 1322.48 1575.71 2420.26 23 0 0 
326 208 19 3873.77 1310.67 1563.11 2174.57 23 0 0 
328 209 19 3873.77 1310.8 1562.97 2193.82 23 0 0 
329 209 19 3886.45 1326.82 1559.63 2279.79 23 0 0 
334 212 19 3858.07 1300.94 1557.13 2191.05 23 0 0 
336 214 19 3858.07 1303.54 1554.53 2205.14 23 0 0 
350 223 19 3843.41 1289.96 1553.45 2250.37 23 0 0 
355 226 19 3803.19 1256.59 1546.59 2210.15 23 0 0 
371 236 19 3677.38 1150.24 1527.15 2152.18 23 0 0 
374 238 19 3663.55 1148.34 1515.21 2110.18 22 0 0 
380 242 19 3645.34 1132.64 1512.7 2148.84 22 0 0 
382 244 19 3645.59 1139.26 1506.32 2250.91 22 0 0 
388 247 19 3643.21 1139.96 1503.25 2204.14 21 0 0 
397 252 19 3643.62 1142.88 1500.73 2204.14 21 0 0 
417 267 19 3596.48 1105.33 1491.15 2299.23 21 0 0 
424 271 19 3596.48 1110.15 1486.33 2299.23 21 0 0 
427 273 19 3601.82 1117.8 1484.02 2335.31 21 0 0 
432 277 19 3596.48 1118.86 1477.62 2299.23 21 0 0 
438 281 19 3583.27 1107.02 1476.25 2180.45 21 0 0 
439 281 19 3588.61 1114.67 1473.94 2216.53 21 0 0 
449 287 19 3585.98 1113.97 1472.01 2173.4 21 0 0 
519 333 19 3610.91 1143.95 1466.96 1972.81 21 0 0 
528 339 19 3683.07 1217.47 1465.6 1972.81 21 0 0 
531 341 19 3587.79 1122.88 1464.91 2151.7 21 0 0 
575 371 19 3580.33 1116.2 1464.14 2128.51 21 0 0 
580 374 19 3574.99 1110.89 1464.1 2053.27 21 0 0 
581 375 19 3579.46 1116.9 1462.57 2067.27 21 0 0 
588 380 19 3602.59 1140.37 1462.22 1865.9 21 0 0 
598 386 19 3602.59 1141.44 1461.15 1856.12 21 0 0 
612 395 19 3606.44 1147.19 1459.25 1802.73 21 0 0 
618 399 19 3610.91 1152.13 1458.79 1826.52 21 0 0 
632 408 19 3603.57 1152.13 1451.45 1712.67 21 0 0 
668 432 19 3609.56 1158.22 1451.34 1639.47 21 0 0 
744 483 19 3609.56 1163.87 1445.69 1639.47 21 0 0 
821 533 19 3611.15 1170.48 1440.68 1746.05 21 0 0 
841 546 19 3611.15 1173.49 1437.67 1746.05 21 0 0 
942 612 19 3647.26 1210.44 1436.81 1826.63 21 0 0 
985 641 19 3647.26 1213.17 1434.09 1826.63 21 0 0 
1125 730 19 3657.81 1224.02 1433.8 1974.63 21 0 0 
1332 864 19 3673.83 1240.68 1433.16 2116.37 21 0 0 
1660 1080 19 3673.83 1242.05 1431.79 2116.37 21 0 0 
1703 1106 19 3673.18 1241.42 1431.76 2116.37 21 0 0 
2535 1640 19 3674.24 1245.57 1428.67 2116.37 21 0 0 
2893 1867 19 3657.28 1230.89 1426.39 2041.59 21 0 0 
3074 1985 19 3600.46 1192.61 1407.85 2043.22 21 0 0 
3087 1993 19 3490.98 1084.38 1406.6 2043.22 21 0 0 
3088 1994 19 3481.65 1076.62 1405.03 2017.2 21 0 0 
3198 2066 19 3553.81 1150.14 1403.67 2017.2 21 0 0 
3204 2071 19 3529.04 1131.18 1397.86 2017.2 21 0 0 
3871 2513 19 3529.1 1135.02 1394.08 2017.2 21 0 0 
4538 2951 19 3518.29 1128.37 1389.91 1876.07 21 0 0 
6070 3955 19 3505.28 1117.16 1388.11 1857.3 21 0 0 
6533 4258 19 3518.79 1131.02 1387.76 1857.3 21 0 0 
