0 0 19 5825.54 1267.8 3557.74 23027.7 88 186 1 
0 0 19 4993.17 1287.1 2706.07 10158.2 51 0 0 
1 0 19 4926.37 1289.51 2636.86 9901.17 48 0 0 
2 0 19 4873.81 1247.84 2625.97 9423.88 47 0 0 
2 0 19 4686.08 1111.59 2574.49 7633.33 44 0 0 
4 0 19 4684.86 1157.22 2527.64 7687.27 42 0 0 
5 1 19 4658.77 1180.85 2477.92 7511.54 40 0 0 
5 1 19 4709.73 1243.9 2465.83 7431.22 39 0 0 
7 2 19 4663.51 1212.81 2450.7 6876.27 38 0 0 
7 2 19 4670.91 1231.17 2439.74 6627.09 38 0 0 
7 2 19 4667.72 1231.17 2436.56 6596.25 38 0 0 
8 2 19 4617.45 1190.57 2426.88 6329.33 38 0 0 
8 2 19 4591.94 1208.95 2382.99 6256.6 37 0 0 
12 4 19 4539.72 1248.86 2290.87 5697.88 36 0 0 
13 5 19 4530.97 1253.33 2277.64 5599.26 36 0 0 
13 5 19 4521.5 1247.15 2274.35 5536.6 36 0 0 
16 6 19 4469.39 1195.28 2274.11 5435.89 35 0 0 
17 7 19 4454.77 1189.58 2265.19 5362.45 34 0 0 
18 7 19 4452.17 1199.97 2252.2 5312.02 34 0 0 
21 9 19 4438.36 1199.97 2238.39 5414.25 34 0 0 
23 10 19 4437.44 1199.97 2237.47 5405.05 34 0 0 
25 11 19 4339.37 1102.21 2237.16 5460.17 34 0 0 
25 11 19 4430.97 1199.97 2231 5572.27 34 0 0 
25 11 19 4425.67 1199.97 2225.7 5544.88 34 0 0 
25 11 19 4406.64 1199.97 2206.67 5345.98 34 0 0 
27 12 19 4406.64 1205.8 2200.85 5345.98 34 0 0 
28 13 19 4414.01 1219.89 2194.12 5367.63 34 0 0 
29 13 19 4290.65 1163.18 2127.47 4217.8 34 0 0 
29 14 19 4298.62 1175.07 2123.55 4170.87 34 0 0 
30 14 19 4295.3 1175.07 2120.23 4313.71 34 0 0 
30 14 19 4293.41 1175.07 2118.33 4282.65 34 0 0 
31 14 19 4274.73 1166.6 2108.13 3815.57 34 0 0 
33 16 19 4270.3 1166.6 2103.69 3803.63 34 0 0 
33 16 19 4114.07 1023.63 2090.43 3961.65 34 0 0 
41 20 19 4139.46 1057.22 2082.24 3961.65 34 0 0 
46 23 19 4162.63 1099.5 2063.12 4034.9 34 0 0 
46 23 19 4209.35 1158.3 2051.06 3802.24 32 0 0 
47 23 19 4158.4 1116.51 2041.89 3540.22 32 0 0 
48 24 19 4142.41 1102.82 2039.59 3496.18 31 0 0 
49 24 19 4127.31 1087.9 2039.41 3480.6 31 0 0 
50 25 19 4125.68 1087.9 2037.78 3468.57 31 0 0 
52 26 19 4114.16 1087.9 2026.26 3441.88 31 0 0 
53 26 19 4106.3 1087.9 2018.41 3404.45 31 0 0 
55 28 19 4011.03 1028.09 1982.93 3102.02 28 0 0 
59 30 19 4014.63 1048.76 1965.87 3136 28 0 0 
62 31 19 4006.78 1048.76 1958.02 3098.57 28 0 0 
71 36 19 4003.41 1062.52 1940.89 3008.48 27 0 0 
73 37 19 4008.26 1069.48 1938.78 2942.77 26 0 0 
73 37 19 3993.74 1064.52 1929.23 2820.8 25 0 0 
81 41 19 3984.29 1055.33 1928.96 2663.87 25 0 0 
82 41 19 3992.49 1066.74 1925.75 2699.52 25 0 0 
86 43 19 3958.57 1060.96 1897.61 2628.15 25 0 0 
88 44 19 3945.51 1052.86 1892.65 2599.41 25 0 0 
97 49 19 3945.51 1055.75 1889.76 2599.41 25 0 0 
101 51 19 3963.67 1085.03 1878.63 2481.64 25 0 0 
103 52 19 3889.96 1027.44 1862.52 2509.14 25 0 0 
104 53 19 3885.52 1027.44 1858.08 2340.31 25 0 0 
106 54 19 3742.25 925.166 1817.09 2027.42 24 0 0 
112 57 19 3739.06 925.166 1813.89 2018.08 24 0 0 
114 58 19 3745.52 934.947 1810.57 2025.97 23 0 0 
120 62 19 3738.66 934.947 1803.71 1940.15 23 0 0 
123 63 19 3738.66 953.83 1784.83 1856.53 22 0 0 
125 64 19 3724.17 943.506 1780.66 1806.29 22 0 0 
125 64 19 3735.07 957.442 1777.63 1880.52 22 0 0 
127 65 19 3794.7 1028.41 1766.29 1938.79 22 0 0 
128 66 19 3792.9 1036.85 1756.05 1972.71 22 0 0 
135 70 19 3789.38 1036.85 1752.53 1959.48 22 0 0 
136 70 19 3776.57 1026.62 1749.94 1841.62 21 0 0 
140 72 19 3787.2 1039.34 1747.87 1901.65 21 0 0 
154 80 19 3773.51 1030.71 1742.8 1829.67 21 0 0 
157 81 19 3785.56 1043.77 1741.79 1901.65 21 0 0 
158 82 19 3751.41 1021.18 1730.23 1898.83 21 0 0 
160 83 19 3751.45 1026.07 1725.37 1932.51 21 0 0 
164 86 19 3815.51 1093.7 1721.81 1903.91 21 0 0 
176 92 19 3801.5 1083.36 1718.14 1809.03 21 0 0 
180 95 19 3803.24 1093.7 1709.54 1878.22 21 0 0 
183 96 19 3794.54 1086.08 1708.46 1713.4 21 0 0 
184 97 19 3760.69 1057.36 1703.33 1657.58 20 0 0 
186 98 19 3747.84 1057.36 1690.48 1533.68 19 0 0 
186 98 19 3720.18 1057.36 1662.82 1543.76 19 0 0 
193 101 19 3714.96 1057.36 1657.6 1526.88 19 0 0 
198 104 19 3692.51 1044.41 1648.1 1479.65 19 0 0 
199 105 19 3687.28 1044.41 1642.88 1462.77 19 0 0 
201 106 19 3681.23 1044.41 1636.83 1404.72 19 0 0 
207 109 19 3629.23 996.597 1632.64 1404.72 19 0 0 
221 117 19 3656.89 1028.45 1628.43 1526.88 19 0 0 
222 117 19 3604.89 980.643 1624.24 1526.88 19 0 0 
226 120 19 3618.74 994.8 1623.94 1560.83 19 0 0 
231 122 19 3616.63 994.8 1621.83 1552.73 19 0 0 
234 124 19 3604.53 986.17 1618.36 1477.85 19 0 0 
235 125 19 3600.59 991.877 1608.71 1350.71 19 0 0 
259 138 19 3600.59 992.916 1607.67 1281.52 19 0 0 
273 145 19 3600.59 992.95 1607.64 1318.48 19 0 0 
279 149 19 3600.59 1000.02 1600.56 1325.24 18 0 0 
302 162 19 3560.77 979.866 1580.9 1325.24 18 0 0 
323 174 19 3560.77 985.909 1574.86 1325.24 18 0 0 
325 175 19 3550.73 976.993 1573.73 1236.48 18 0 0 
347 187 19 3545.65 973.105 1572.55 1151.56 18 0 0 
366 198 19 3545.65 973.504 1572.15 1151.56 18 0 0 
368 199 19 3545.65 975.232 1570.42 1151.56 18 0 0 
373 202 19 3543.37 972.993 1570.37 1163.16 18 0 0 
374 202 19 3545.65 979.332 1566.32 1151.56 18 0 0 
380 205 19 3545.08 993.091 1551.99 1151.59 18 0 0 
392 212 19 3545.08 997.191 1547.89 1151.59 18 0 0 
397 215 19 3560.45 1018.01 1542.44 1151.59 18 0 0 
409 221 19 3560.45 1026.82 1533.63 1143.31 17 0 0 
410 222 19 3560.45 1028.48 1531.96 1143.31 17 0 0 
418 227 19 3559.52 1029.37 1530.15 1149.92 17 0 0 
429 233 19 3559.52 1030.45 1529.07 1149.92 17 0 0 
441 240 19 3552.48 1026.1 1526.38 1073.67 17 0 0 
447 243 19 3552.48 1028.07 1524.4 1012.89 17 0 0 
451 245 19 3559.52 1037.1 1522.42 1149.92 17 0 0 
494 270 19 3559.52 1039.07 1520.44 1089.14 17 0 0 
535 293 19 3552.48 1034.72 1517.76 1012.89 17 0 0 
555 304 19 3560.1 1043.35 1516.75 1078.8 17 0 0 
561 308 19 3596.88 1083.66 1513.22 1078.8 17 0 0 
646 355 19 3540 1027.09 1512.91 1078.8 17 0 0 
652 359 19 3594.93 1082.94 1511.99 1078.8 17 0 0 
699 385 19 3538.06 1026.37 1511.68 1078.8 17 0 0 
731 403 19 3534.62 1024.8 1509.83 1057.64 17 0 0 
811 448 19 3551.42 1042.4 1509.02 1057.64 17 0 0 
969 538 19 3551.42 1051.28 1500.14 1057.64 17 0 0 
1068 594 19 3551.42 1052.63 1498.79 1057.64 17 0 0 
1311 732 19 3557.28 1062.1 1495.19 1057.64 17 0 0 
1317 735 19 3564.6 1072.87 1491.73 1057.64 17 0 0 
1673 936 19 3564.6 1078.7 1485.9 1057.64 17 0 0 
1857 1037 19 3564.6 1089.59 1475.01 1057.64 17 0 0 
2042 1140 19 3564.6 1090.83 1473.77 1057.64 17 0 0 
2092 1168 19 3558.49 1087.07 1471.42 1081.21 17 0 0 
2120 1184 19 3558.49 1089.26 1469.23 1081.21 17 0 0 
2121 1184 19 3542.93 1077.07 1465.87 1015.93 17 0 0 
2125 1186 19 3542.93 1078.95 1463.98 1014.74 17 0 0 
2136 1193 19 3542.93 1079.17 1463.76 1014.74 17 0 0 
2190 1223 19 3543.41 1092.82 1450.59 975.439 17 0 0 
2456 1373 19 3543.41 1094.88 1448.53 1036.22 17 0 0 
2731 1531 19 3542.3 1102.43 1439.87 1082.2 17 0 0 
2843 1595 19 3542.3 1106.13 1436.17 1082.2 17 0 0 
3836 2161 19 3542.36 1109.97 1432.38 1082.2 17 0 0 
5299 3003 19 3542.36 1110.4 1431.95 1082.2 17 0 0 
5302 3005 19 3542.36 1112.12 1430.24 985.129 17 0 0 
5312 3010 19 3542.36 1118.09 1424.27 1025.48 17 0 0 
5325 3018 19 3542.36 1118.3 1424.05 1025.48 17 0 0 
