0 0 19 5683.14 1101.73 3581.41 24520.8 93 134 2 
1 0 19 5143.98 1224.55 2919.43 10593.4 44 39 2 
4 0 19 4919.6 1143.1 2776.49 8606.26 41 0 0 
5 1 19 4851.68 1133.94 2717.74 7914.13 40 0 0 
6 1 19 4703.42 1028.47 2674.94 8747.23 37 0 0 
6 1 19 4686.58 1041.79 2644.79 8802.62 37 0 0 
6 1 19 4631.97 1041.79 2590.18 8453.79 37 0 0 
9 3 19 4628.92 1065.95 2562.97 6297.67 35 0 0 
10 3 19 4511.25 963.982 2547.27 6025.99 35 0 0 
11 3 19 4469.22 978.004 2491.22 7019.85 33 0 0 
11 4 19 4466.66 978.004 2488.66 7019.66 33 0 0 
12 4 19 4486.7 1023.18 2463.53 7091.1 33 0 0 
16 6 19 4417.85 1003.25 2414.6 7091.1 33 0 0 
16 7 19 4439.1 1027.8 2411.31 7010.46 33 0 0 
20 8 19 4417.6 1006.68 2410.92 6766.6 33 0 0 
21 9 19 4407.22 996.659 2410.56 6720.15 33 0 0 
23 10 19 4457.74 1054.97 2402.77 7065.45 33 0 0 
25 11 19 4449.94 1049.33 2400.61 7025.11 33 0 0 
25 11 19 4445.4 1082 2363.4 7020.57 33 0 0 
27 12 19 4445.4 1090.57 2354.83 7020.57 33 0 0 
28 13 19 4437.54 1098.42 2339.12 7072.47 33 0 0 
31 14 19 4427.16 1088.4 2338.76 7026.01 33 0 0 
33 15 19 4416.42 1099.76 2316.66 6382.67 33 0 0 
33 15 19 4410.12 1095.61 2314.51 6349.67 32 0 0 
33 15 19 4408.65 1095.61 2313.04 6341.8 32 0 0 
34 16 19 4399.47 1099.91 2299.56 6316.74 32 0 0 
37 18 19 4346.81 1071.73 2275.08 5251.14 32 0 0 
38 18 19 4346.81 1086.01 2260.8 5251.14 32 0 0 
40 19 19 4309.37 1069.9 2239.47 5215.11 32 0 0 
40 19 19 4298.27 1058.8 2239.47 5170.11 31 0 0 
41 20 19 4302.18 1080.9 2221.27 5275.58 30 0 0 
42 20 19 4216.78 1022.99 2193.79 4303.25 29 0 0 
43 21 19 4221.25 1028.63 2192.62 4338.19 29 0 0 
45 22 19 4153.59 988.437 2165.15 4027.4 29 0 0 
46 23 19 4158.46 1014.62 2143.84 4027.4 29 0 0 
47 23 19 4096.73 984.386 2112.34 2986.02 29 0 0 
48 23 19 4104.15 998.875 2105.28 2986.02 29 0 0 
49 24 19 4036.36 935.689 2100.67 2976.59 29 0 0 
50 24 19 4044.49 950.908 2093.59 2959.07 29 0 0 
52 25 19 4079.47 1012.46 2067.01 2628.93 29 0 0 
53 26 19 4084.33 1018.05 2066.28 2544 29 0 0 
54 26 19 4127.6 1066.97 2060.63 3143.44 29 0 0 
54 26 19 4139.19 1109.46 2029.73 3231.42 29 0 0 
54 27 19 4145.16 1144.41 2000.75 2401.75 29 0 0 
55 27 19 4142 1183.88 1958.12 3004.44 28 0 0 
57 28 19 4137.34 1183.88 1953.46 2779.7 28 0 0 
58 29 19 4078.18 1142.63 1935.55 2875.59 26 0 0 
59 29 19 4086.57 1171.81 1914.76 2907.88 26 0 0 
62 31 19 4071.02 1171.81 1899.21 2852.69 26 0 0 
64 32 19 4077.59 1179.54 1898.05 2905.16 26 0 0 
66 33 19 4071.33 1183.72 1887.62 3255.35 26 0 0 
69 35 19 4045.74 1179.97 1865.77 3057.66 25 0 0 
78 40 19 4029.5 1165.35 1864.15 2975.19 25 0 0 
81 42 19 4037.23 1184.2 1853.04 3011.25 25 0 0 
86 45 19 4029.67 1183.8 1845.87 3065.86 25 0 0 
87 45 19 4022.32 1183.8 1838.51 3040.93 25 0 0 
90 47 19 3958.21 1130.11 1828.1 3040.93 25 0 0 
95 50 19 3958.21 1135.93 1822.27 3050.89 25 0 0 
97 51 19 3954.92 1134.52 1820.39 2877.63 25 0 0 
101 53 19 3950.05 1134.52 1815.53 2699.77 25 0 0 
102 54 19 3945.25 1134.52 1810.72 2676.8 25 0 0 
103 54 19 3908.33 1101.29 1807.04 2677.47 25 0 0 
105 56 19 3903.52 1101.29 1802.23 2654.5 25 0 0 
109 59 19 3887.26 1091.19 1796.07 2415.23 25 0 0 
110 59 19 3968.16 1183.27 1784.89 2004.52 25 0 0 
110 59 19 3968.16 1189.1 1779.07 2014.47 25 0 0 
111 59 19 3839.39 1072.28 1767.11 2507.47 24 0 0 
112 60 19 3802.24 1038.35 1763.89 2490.25 24 0 0 
119 64 19 3802.24 1044.18 1758.07 2500.2 24 0 0 
120 64 19 3852.68 1100.81 1751.87 2067.04 23 0 0 
121 65 19 3852.68 1103.6 1749.09 2067.04 23 0 0 
127 68 19 3819.1 1083.93 1735.17 1710.59 20 0 0 
128 69 19 3829.13 1101.47 1727.67 1753.52 20 0 0 
145 79 19 3824.33 1101.47 1722.86 1749.78 20 0 0 
150 81 19 3824.33 1107.29 1717.04 1759.73 20 0 0 
159 86 19 3834.96 1121 1713.95 1801.72 20 0 0 
159 87 19 3824.98 1111.3 1713.67 1805.85 20 0 0 
162 89 19 3825.44 1112.8 1712.64 1748.13 19 0 0 
165 90 19 3813.67 1113.39 1700.28 1637.67 19 0 0 
175 96 19 3784.75 1099.13 1685.62 1502.98 18 0 0 
175 96 19 3776.63 1092.84 1683.79 1461.73 18 0 0 
183 100 19 3772.36 1092.84 1679.51 1464.78 18 0 0 
213 118 19 3763.19 1092.09 1671.1 1344.01 17 0 0 
236 130 19 3763.19 1101.68 1661.5 1344.01 17 0 0 
238 132 19 3770.21 1113.92 1656.3 1385.26 17 0 0 
241 133 19 3769.05 1115.95 1653.1 1356.76 17 0 0 
251 139 19 3771.05 1128.22 1642.83 1345.02 17 0 0 
260 144 19 3771.11 1128.43 1642.68 1430.5 17 0 0 
308 171 19 3741.93 1104.4 1637.53 1347.69 17 0 0 
317 176 19 3741.93 1122.3 1619.63 1347.69 17 0 0 
320 177 19 3766.47 1151.72 1614.75 1347.31 17 0 0 
382 211 19 3766.47 1152.06 1614.41 1347.31 17 0 0 
413 229 19 3765.13 1151.72 1613.41 1372.49 17 0 0 
456 253 19 3775.88 1163.8 1612.08 1363.04 17 0 0 
501 279 19 3775.88 1166.07 1609.8 1363.04 17 0 0 
657 365 19 3774.01 1165.84 1608.18 1363.04 17 0 0 
692 385 19 3774.01 1174.2 1599.81 1363.04 17 0 0 
706 393 19 3707.32 1111.48 1595.84 1363.04 17 0 0 
733 407 19 3655.32 1063.67 1591.66 1363.04 17 0 0 
748 415 19 3694.97 1115.08 1579.89 1259.99 17 0 0 
761 422 19 3694.97 1119.98 1574.99 1259.99 17 0 0 
763 423 19 3694.97 1123.11 1571.86 1259.99 17 0 0 
802 444 19 3689.87 1128.35 1561.52 1320.38 17 0 0 
844 467 19 3683.14 1139.79 1543.35 1320.38 17 0 0 
877 486 19 3683.14 1146.08 1537.06 1320.38 17 0 0 
891 493 19 3640.86 1106.55 1534.31 1320.38 17 0 0 
971 537 19 3650.82 1120.92 1529.9 1330.89 17 0 0 
1005 556 19 3640.59 1114.49 1526.1 1172.89 16 0 0 
1022 565 19 3641.24 1119.14 1522.1 1174.19 16 0 0 
1027 568 19 3627.94 1107.07 1520.87 1150.48 16 0 0 
1215 673 19 3570.1 1063.78 1506.31 1053.46 16 0 0 
1263 700 19 3564.49 1063.15 1501.35 1053.46 16 0 0 
1347 747 19 3564.49 1067.53 1496.96 1053.46 16 0 0 
1428 793 19 3561.25 1068.16 1493.09 1026.76 16 0 0 
1436 798 19 3557.27 1067.53 1489.74 1049.83 16 0 0 
1756 976 19 3560.32 1070.64 1489.68 1025.84 16 0 0 
2673 1484 19 3559.67 1070.06 1489.61 1024.54 16 0 0 
3255 1810 19 3569.67 1087.76 1481.91 1024.54 16 0 0 
4072 2267 19 3569.67 1098.69 1470.98 1024.54 16 0 0 
4984 2763 19 3565.2 1098.69 1466.51 1015.56 16 0 0 
5563 3082 19 3563.26 1099.72 1463.54 1015.56 16 0 0 
6119 3382 19 3563.26 1102.63 1460.63 1075.61 16 0 0 
6540 3615 19 3563.26 1105.03 1458.23 1075.61 16 0 0 
