0 0 19 5392.64 1060.18 3332.47 22062.5 86 98 2 
1 0 19 5237.11 1317.27 2919.85 7817.89 42 0 0 
1 0 19 5046.43 1253.43 2793 8441.6 42 0 0 
4 1 19 5013.64 1244.58 2769.07 8422.46 42 0 0 
5 1 19 5003.66 1264.48 2739.17 8399.04 42 0 0 
5 1 19 4969.23 1240.52 2728.71 7988.63 42 0 0 
5 1 19 4970.15 1249.62 2720.53 8284.13 42 0 0 
5 1 19 4932.85 1260.03 2672.82 8540.11 42 0 0 
5 1 19 4850.94 1194.99 2655.94 7929.43 41 0 0 
8 2 19 4726.67 1154.68 2571.99 7196.51 41 0 0 
8 2 19 4641.9 1109.49 2532.41 7404.66 40 0 0 
9 3 19 4549.72 1096.21 2453.51 5548.31 36 0 0 
10 3 19 4474.56 1063.72 2410.84 5499.1 34 0 0 
11 4 19 4470.57 1067.65 2402.92 5532.86 34 0 0 
11 4 19 4468.46 1090.5 2377.97 5492.36 33 0 0 
11 5 19 4449.98 1082.75 2367.23 5470.21 33 0 0 
12 5 19 4458 1138.1 2319.91 5847.92 33 0 0 
13 6 19 4332.53 1055.35 2277.18 4681.27 31 0 0 
16 7 19 4293.83 1061.91 2231.92 4554.58 31 0 0 
18 9 19 4252.31 1021.11 2231.2 4536.81 31 0 0 
18 9 19 4293.83 1092.52 2201.32 4554.58 31 0 0 
21 10 19 4269.51 1081.24 2188.27 4563.82 31 0 0 
21 11 19 4276.42 1136.13 2140.29 4560.22 31 0 0 
24 12 19 4194.63 1113.62 2081.01 4305.36 30 0 0 
26 14 19 4193.59 1146.89 2046.7 4286.22 29 0 0 
29 16 19 4151.83 1169.93 1981.9 4272.13 29 0 0 
29 16 19 4145.52 1166.13 1979.39 4238.85 29 0 0 
32 18 19 4098.34 1138.86 1959.48 4208.33 28 0 0 
33 18 19 4098.34 1145.65 1952.69 4208.33 28 0 0 
36 19 19 4094.8 1167.71 1927.09 3912.36 28 0 0 
37 20 19 4066.77 1143.2 1923.57 3887.73 28 0 0 
39 22 19 4043.96 1124.44 1919.52 3787.96 27 0 0 
49 28 19 4037.07 1124.44 1912.63 3727.31 27 0 0 
54 31 19 4083.8 1174.61 1909.19 3659.28 27 0 0 
65 39 19 4054.84 1170.24 1884.6 3732.42 27 0 0 
69 41 19 4051.02 1179.27 1871.75 3732.42 27 0 0 
72 42 19 4011.2 1139.58 1871.62 3273.9 27 0 0 
72 43 19 4134.52 1264.75 1869.77 3732.42 27 0 0 
76 45 19 3971.79 1134.59 1837.2 3300.46 27 0 0 
76 45 19 3985.86 1160.54 1825.32 3452.57 27 0 0 
76 45 19 3962.52 1149.75 1812.77 3279.44 27 0 0 
80 47 19 3896.76 1084.61 1812.15 3801.31 27 0 0 
88 53 19 3895.17 1089.35 1805.82 3663.93 27 0 0 
91 55 19 3900.85 1136.83 1764.02 3429.1 26 0 0 
95 57 19 3862.63 1101.12 1761.51 3429.1 26 0 0 
98 59 19 3986.62 1231.42 1755.2 3469.16 26 0 0 
117 72 19 3800.52 1074.68 1725.84 3064.34 26 0 0 
124 77 19 3987.56 1281.05 1706.51 2911.76 26 0 0 
128 79 19 3743.98 1039.01 1704.97 2877.8 26 0 0 
128 79 19 3751.91 1059.9 1692.01 2995.58 26 0 0 
129 80 19 3751.91 1065.29 1686.62 3002.78 26 0 0 
135 84 19 3760.8 1083.51 1677.28 3409.2 25 0 0 
138 86 19 3748.7 1081.61 1667.09 3347.85 25 0 0 
138 86 19 3725.45 1063.71 1661.74 3409.2 25 0 0 
142 88 19 3697.83 1039.81 1658.02 3084.63 25 0 0 
144 90 19 3754.02 1098.07 1655.96 3084.63 25 0 0 
146 91 19 3752.09 1098.07 1654.02 3035.28 25 0 0 
149 93 19 3752.09 1099.34 1652.75 2996.49 25 0 0 
159 100 19 3754.02 1114.77 1639.26 3025.55 25 0 0 
172 109 19 3758.6 1120 1638.6 2996.39 25 0 0 
172 109 19 3750.33 1120 1630.33 2962.69 25 0 0 
184 116 19 3685.27 1069.76 1615.51 3066.94 25 0 0 
187 118 19 3668.21 1063.54 1604.67 2945.06 25 0 0 
187 118 19 3590.21 1004.3 1585.91 2916.82 24 0 0 
188 119 19 3590.21 1005.57 1584.64 2878.02 24 0 0 
193 121 19 3605.17 1021.09 1584.08 3087.07 24 0 0 
201 127 19 3578.8 998.512 1580.29 2655.91 24 0 0 
206 130 19 3647.13 1071.04 1576.09 3061.94 24 0 0 
206 130 19 3595.13 1026.81 1568.32 3061.94 24 0 0 
221 139 19 3580.16 1017.76 1562.41 2798.7 23 0 0 
229 145 19 3580.16 1029.75 1550.41 2798.7 23 0 0 
236 149 19 3573.46 1032.74 1540.72 2781.51 23 0 0 
240 152 19 3573.46 1033.12 1540.33 2731.79 23 0 0 
243 153 19 3593.38 1063.3 1530.08 2799.61 22 0 0 
245 155 19 3582.63 1054.79 1527.84 2553.02 22 0 0 
246 155 19 3562.98 1036.97 1526.01 2799.61 22 0 0 
255 161 19 3552.23 1028.46 1523.77 2553.02 22 0 0 
261 165 19 3552.23 1032.37 1519.87 2537.7 22 0 0 
262 166 19 3552.23 1037.74 1514.49 2537.7 22 0 0 
263 167 19 3552.57 1046.99 1505.59 2525.86 22 0 0 
270 170 19 3552.57 1047.47 1505.1 2541.18 22 0 0 
277 175 19 3552.83 1048.88 1503.95 2583.82 22 0 0 
280 177 19 3564.08 1062.1 1501.98 2562.08 22 0 0 
284 180 19 3559.48 1058.38 1501.1 2557.48 22 0 0 
285 180 19 3579.7 1078.96 1500.74 2622.86 22 0 0 
288 182 19 3545.01 1044.53 1500.48 2346.76 22 0 0 
300 190 19 3545.01 1044.91 1500.1 2297.04 22 0 0 
306 194 19 3533.69 1035.27 1498.42 2285.72 22 0 0 
317 201 19 3534.84 1044.53 1490.31 2378.75 22 0 0 
324 205 19 3555.05 1065.11 1489.94 2444.13 22 0 0 
331 210 19 3555.05 1072.29 1482.76 2447.69 22 0 0 
339 215 19 3555.05 1076.66 1478.39 2430.9 22 0 0 
379 241 19 3555.05 1082.2 1472.86 2469.55 22 0 0 
395 251 19 3554.88 1082.84 1472.04 2415.48 22 0 0 
435 277 19 3558.39 1090.83 1467.55 2413.69 22 0 0 
493 315 19 3558.39 1092 1466.38 2413.69 22 0 0 
504 321 19 3568.39 1102.01 1466.37 2404.16 22 0 0 
582 371 19 3551.57 1091.81 1459.76 2404.16 22 0 0 
585 373 19 3549.11 1091.34 1457.77 2404.16 22 0 0 
619 395 19 3537.17 1080.92 1456.25 2379.04 22 0 0 
654 417 19 3545.75 1091.34 1454.41 2580.7 22 0 0 
661 423 19 3545.75 1091.39 1454.36 2580.7 22 0 0 
814 523 19 3564.64 1114.79 1449.85 2580.7 22 0 0 
822 528 19 3540.16 1094.12 1446.04 2580.7 22 0 0 
844 543 19 3540.16 1095.4 1444.76 2580.7 22 0 0 
988 639 19 3504.74 1073 1431.74 2583.24 22 0 0 
1041 675 19 3504.74 1073.84 1430.9 2583.24 22 0 0 
1092 708 19 3509.42 1092.07 1417.35 2586.8 22 0 0 
1234 803 19 3509.42 1095.54 1413.88 2586.8 22 0 0 
1247 812 19 3509.42 1096.06 1413.37 2586.8 22 0 0 
1289 840 19 3509.42 1097.48 1411.94 2586.8 22 0 0 
2085 1359 19 3509.42 1100.59 1408.84 2586.8 22 0 0 
2171 1417 19 3509.42 1102.08 1407.35 2586.8 22 0 0 
2768 1818 19 3509.42 1105.8 1403.62 2586.8 22 0 0 
2830 1859 19 3506.6 1105.8 1400.8 2441.88 22 0 0 
2833 1861 19 3497.48 1105.8 1391.68 2269.89 22 0 0 
2834 1862 19 3495.02 1105.8 1389.22 2241.96 22 0 0 
3241 2128 19 3495.02 1113.29 1381.74 2237.07 22 0 0 
3817 2509 19 3506.38 1129.2 1377.18 2452.76 22 0 0 
