0 0 19 6085.11 1387.5 3697.6 19683.3 87 29 1 
1 0 19 4952.82 1143.76 2809.06 8513.87 41 0 0 
2 0 19 4924.93 1140.01 2784.92 8056.11 40 0 0 
3 0 19 4954.57 1203.49 2751.08 8027.17 40 0 0 
4 1 19 4932.57 1263.33 2669.24 8532.62 38 0 0 
5 1 19 4914.01 1265.15 2648.86 8541.14 38 0 0 
5 1 19 4910.81 1265.15 2645.66 8564.8 38 0 0 
6 1 19 4776.9 1137 2639.91 7804.57 36 0 0 
6 1 19 4781.19 1150.29 2630.9 7944.7 34 0 0 
8 3 19 4780.4 1165.48 2614.92 7985.63 34 0 0 
9 3 19 4751.92 1138.15 2613.77 7944.57 34 0 0 
10 4 19 4632.31 1108.5 2523.8 6785.73 32 0 0 
12 5 19 4688.61 1209.23 2479.38 6561.66 32 0 0 
13 5 19 4673.1 1209.23 2463.87 6437.53 32 0 0 
13 6 19 4731.71 1284.92 2446.78 6545.85 32 0 0 
15 7 19 4710.03 1279.39 2430.65 6410.39 31 0 0 
17 8 19 4646.19 1231.34 2414.84 5998.94 30 0 0 
17 8 19 4594.45 1182.35 2412.1 5061.55 30 0 0 
18 8 19 4523.34 1167.75 2355.59 5114.34 30 0 0 
19 9 19 4499.06 1167.75 2331.31 4995.73 30 0 0 
20 10 19 4482.15 1155.33 2326.82 4961.14 30 0 0 
20 10 19 4480.04 1155.33 2324.7 4902.84 30 0 0 
20 10 19 4558.16 1243.04 2315.12 5157.51 30 0 0 
23 12 19 4539.53 1232.34 2307.19 5188.63 29 0 0 
24 12 19 4553.16 1252.1 2301.06 5348.25 29 0 0 
25 13 19 4512.69 1224.54 2288.14 4954.13 29 0 0 
26 13 19 4504.58 1225.59 2278.99 4954.32 29 0 0 
27 14 19 4467.3 1233.57 2233.73 4639.84 29 0 0 
28 15 19 4448.37 1225.17 2223.2 4622.58 29 0 0 
28 15 19 4450.01 1270.74 2179.27 4784.51 28 0 0 
30 16 19 4443.52 1293.66 2149.86 4183.89 28 0 0 
31 16 19 4399.75 1281.57 2118.19 3925.49 28 0 0 
31 17 19 4395.04 1283.78 2111.26 3980 28 0 0 
32 17 19 4393.39 1283.78 2109.61 3784.69 28 0 0 
32 17 19 4389.63 1283.78 2105.85 3798.37 28 0 0 
33 18 19 4351.86 1285.79 2066.07 3994.25 27 0 0 
35 19 19 4341.3 1284.3 2057 3755.53 27 0 0 
36 20 19 4252.07 1221.69 2030.38 3430.28 25 0 0 
36 20 19 4235.34 1209.28 2026.07 3375.78 25 0 0 
41 23 19 4230.85 1209.28 2021.57 3460.91 25 0 0 
42 23 19 4229.53 1209.28 2020.25 3431.98 25 0 0 
47 27 19 4228.14 1209.28 2018.86 3407.61 25 0 0 
50 29 19 4207.14 1209.28 1997.86 3215.45 25 0 0 
50 29 19 4196.75 1221.78 1974.98 3128.34 24 0 0 
53 30 19 4077.86 1146.24 1931.62 2651.97 24 0 0 
55 32 19 4053.07 1127.68 1925.39 2398.95 24 0 0 
56 33 19 4053.07 1130.17 1922.89 2366.07 24 0 0 
56 33 19 4063.21 1146.93 1916.27 2524.56 24 0 0 
59 34 19 4032.5 1124.01 1908.49 2397.4 24 0 0 
66 39 19 4009.44 1102.94 1906.51 2397.4 24 0 0 
67 39 19 3994.09 1125.22 1868.87 2121.06 24 0 0 
71 42 19 3994.09 1158.29 1835.8 2150.98 24 0 0 
73 43 19 3986.47 1155.13 1831.34 2050.66 23 0 0 
77 46 19 3978.23 1150.79 1827.44 2042.71 23 0 0 
78 46 19 3982.75 1155.98 1826.77 1968.18 23 0 0 
78 47 19 3960.12 1140.78 1819.34 2027.59 23 0 0 
80 48 19 3949.23 1130.76 1818.46 1947.34 22 0 0 
96 58 19 3933.54 1135.72 1797.81 1904.71 22 0 0 
98 59 19 3945.71 1158.97 1786.74 1897.44 22 0 0 
105 64 19 3921.33 1145.61 1775.73 1724.64 22 0 0 
114 70 19 3913.46 1144.68 1768.78 1726.64 22 0 0 
118 72 19 3908.24 1139.98 1768.26 1753.37 22 0 0 
124 76 19 3908.24 1140.23 1768.01 1722.29 21 0 0 
127 78 19 3843.82 1101.27 1742.55 1719.57 21 0 0 
127 79 19 3843.82 1115.17 1728.66 1719.57 21 0 0 
140 87 19 3843.82 1116.2 1727.62 1719.57 21 0 0 
147 92 19 3836.94 1113.01 1723.93 1733.62 21 0 0 
166 104 19 3836.94 1115.23 1721.71 1687.54 21 0 0 
176 111 19 3829.93 1115.23 1714.7 1672.96 21 0 0 
181 114 19 3813.14 1105.09 1708.05 1613.96 21 0 0 
183 115 19 3790.12 1117.1 1673.02 1633.26 21 0 0 
187 118 19 3787.66 1118.81 1668.85 1569.11 21 0 0 
219 140 19 3786.5 1118.81 1667.7 1565.2 21 0 0 
225 144 19 3653.99 1014.76 1639.22 1555.26 20 0 0 
230 147 19 3653.99 1015.08 1638.9 1555.26 20 0 0 
236 151 19 3647.89 1021.12 1626.78 1494.59 20 0 0 
245 157 19 3647.02 1021.12 1625.9 1484.81 20 0 0 
245 157 19 3624.99 1004.12 1620.87 1412.68 20 0 0 
246 158 19 3647.89 1029.21 1618.68 1494.59 20 0 0 
247 159 19 3637.89 1021.88 1616.01 1414.83 20 0 0 
255 164 19 3637.89 1028.75 1609.14 1423.28 20 0 0 
265 171 19 3637.01 1028.75 1608.26 1413.51 20 0 0 
268 172 19 3629.29 1023.46 1605.83 1473.82 20 0 0 
300 194 19 3609.09 1009.3 1599.79 1473.82 20 0 0 
308 199 19 3609.09 1011.68 1597.42 1498.51 20 0 0 
331 214 19 3609.09 1016.02 1593.07 1516.11 20 0 0 
353 229 19 3609.09 1027.8 1581.29 1516.11 20 0 0 
375 243 19 3638.22 1061.75 1576.47 1516.11 20 0 0 
406 264 19 3626.68 1051.21 1575.47 1447.35 20 0 0 
421 274 19 3626.68 1053.42 1573.26 1401.27 20 0 0 
425 277 19 3623.86 1057.73 1566.14 1368.35 20 0 0 
449 292 19 3609.4 1043.33 1566.07 1336.52 20 0 0 
452 294 19 3621.19 1059.61 1561.58 1418.22 20 0 0 
480 313 19 3621.19 1060.18 1561.01 1388.85 20 0 0 
493 322 19 3609.4 1050.15 1559.25 1367.34 20 0 0 
525 344 19 3609.4 1050.2 1559.2 1358.66 20 0 0 
526 344 19 3562.41 1005.13 1557.27 1309.66 20 0 0 
558 366 19 3558.42 1003.58 1554.84 1329.87 19 0 0 
566 372 19 3543.96 989.182 1554.77 1298.04 19 0 0 
612 402 19 3558.02 1005.02 1553 1337.42 19 0 0 
616 405 19 3490.82 938.241 1552.58 1255.08 19 0 0 
622 409 19 3490 944.588 1545.42 1322.03 19 0 0 
638 421 19 3523.21 978.619 1544.59 1298.47 19 0 0 
650 430 19 3475.01 934.386 1540.62 1300.11 19 0 0 
658 435 19 3488.46 952.58 1535.88 1294.31 19 0 0 
710 472 19 3498.54 966.976 1531.56 1379.74 19 0 0 
714 474 19 3498.54 970.558 1527.98 1379.74 19 0 0 
722 479 19 3508.69 980.947 1527.75 1398.77 19 0 0 
722 480 19 3498.54 970.789 1527.75 1358.53 18 0 0 
751 499 19 3504.42 983.708 1520.71 1460.59 18 0 0 
761 507 19 3504.41 983.708 1520.7 1426.4 18 0 0 
784 523 19 3504.41 986.872 1517.54 1482.55 18 0 0 
817 545 19 3504.41 986.898 1517.51 1482.55 18 0 0 
836 559 19 3481.38 966.69 1514.69 1336.79 18 0 0 
845 564 19 3488.7 985.045 1503.66 1277.63 18 0 0 
847 566 19 3467.94 964.651 1503.29 1180.74 17 0 0 
852 569 19 3467.94 965.951 1501.99 1171.79 17 0 0 
993 668 19 3469.91 971.012 1498.9 1167.78 17 0 0 
1183 802 19 3469.91 975.086 1494.83 1167.78 17 0 0 
1246 846 19 3457.25 963.556 1493.69 1173.42 17 0 0 
1527 1043 19 3471.55 981.199 1490.35 1186.7 17 0 0 
1553 1060 19 3288.41 806.353 1482.05 1132.99 17 0 0 
1608 1099 19 3288.41 807.487 1480.92 1132.99 17 0 0 
1610 1100 19 3313.63 836.41 1477.22 1132.99 17 0 0 
1619 1106 19 3318.6 850.962 1467.63 1113.87 17 0 0 
1620 1107 19 3318.6 851.744 1466.85 1113.87 17 0 0 
1623 1109 19 3215.36 749.314 1466.05 1113.87 17 0 0 
1700 1162 19 3324.24 859.484 1464.75 1136.05 17 0 0 
1724 1177 19 3338.54 877.128 1461.41 1149.32 17 0 0 
1747 1194 19 3235.3 774.081 1461.22 1149.32 17 0 0 
1765 1206 19 3247.3 786.909 1460.39 1191.54 17 0 0 
1784 1218 19 3343.01 887.708 1455.3 1156.41 17 0 0 
1794 1225 19 3239.78 784.661 1455.11 1156.41 17 0 0 
1858 1268 19 3225.47 772.979 1452.5 1101.4 17 0 0 
1981 1350 19 3225.47 778.034 1447.44 1101.4 17 0 0 
1999 1361 19 3236.42 794.536 1441.88 1115.31 17 0 0 
2030 1382 19 3239.91 803.445 1436.46 1159.97 17 0 0 
2133 1452 19 3217.42 787.001 1430.42 1139.31 17 0 0 
2145 1460 19 3222.29 793.155 1429.13 1121.11 17 0 0 
2149 1463 19 3217.42 794.318 1423.11 1036.21 16 0 0 
2229 1516 19 3229.51 810.533 1418.97 1081.93 16 0 0 
3281 2214 19 3225.03 806.172 1418.86 1071.82 16 0 0 
3573 2403 19 3225.03 807.622 1417.41 1096.51 16 0 0 
4081 2734 19 3246.34 829.873 1416.47 1111.7 16 0 0 
5042 3374 19 3309.07 893.517 1415.55 1049.05 16 0 0 
5221 3492 19 3307.09 893.378 1413.71 1105.85 16 0 0 
5292 3537 19 3307.09 899.115 1407.98 1105.85 16 0 0 
5468 3654 19 3306.5 898.555 1407.95 1037.27 16 0 0 
5901 3942 19 3305.32 899.976 1405.35 1030.99 16 0 0 
6427 4295 19 3305.32 902.589 1402.74 1030.99 16 0 0 
6486 4335 19 3305.32 905.377 1399.95 1030.99 16 0 0 
6488 4336 19 3305.32 907.118 1398.21 1030.99 16 0 0 
6923 4630 19 3305.32 911.154 1394.17 1030.99 16 0 0 
