0 0 19 6315.37 1451.29 3864.08 28503.2 88 140 4 
0 0 19 5263.4 1185.4 3078 11371.1 46 0 0 
2 0 19 5213.12 1152.27 3060.84 10150.4 46 0 0 
4 1 19 5186.09 1184.98 3001.11 10133.2 45 0 0 
4 1 19 5172.58 1184.98 2987.6 10143.2 45 0 0 
5 1 19 5187.73 1204.68 2983.05 10088 45 0 0 
6 2 19 5150.45 1168.9 2981.55 10133.2 45 0 0 
6 2 19 5037.88 1121.69 2916.19 9045.4 43 0 0 
7 2 19 4890.38 1081.36 2809.03 8132.72 41 0 0 
8 2 19 4869.69 1062.34 2807.34 7810.8 40 0 0 
8 3 19 4862.88 1059.88 2802.99 8016.59 39 0 0 
9 3 19 4728.67 1109.08 2619.59 6244.74 38 0 0 
9 3 19 4598.45 1026.79 2571.66 5864.23 37 0 0 
10 4 19 4593.48 1026.79 2566.69 5669.06 37 0 0 
10 4 19 4612.3 1046.25 2566.06 5975.45 36 0 0 
11 4 19 4581.53 1046.25 2535.28 5858.41 36 0 0 
12 5 19 4580.34 1047.4 2532.94 5920.74 36 0 0 
12 5 19 4535.74 1047 2488.74 4924.43 36 0 0 
13 5 19 4410.2 939.711 2470.49 4642.88 35 0 0 
14 6 19 4389.9 927.792 2462.1 4602.57 35 0 0 
14 6 19 4384.45 923.923 2460.52 4366.48 34 0 0 
14 6 19 4376.7 954.782 2421.92 4459.76 34 0 0 
14 6 19 4361.1 941.581 2419.52 4429.39 34 0 0 
15 7 19 4412.5 1002.46 2410.04 4495.91 34 0 0 
16 7 19 4320.96 937.153 2383.8 4211.27 34 0 0 
16 7 19 4317.86 941.581 2376.28 4215.09 34 0 0 
17 8 19 4259.98 934.372 2325.61 3975.38 33 0 0 
19 9 19 4301.89 1000.46 2301.43 3813.86 33 0 0 
21 10 19 4282.3 1000.73 2281.57 3723.16 31 0 0 
21 10 19 4278.85 1000.73 2278.13 3721.9 31 0 0 
22 11 19 4278.54 1000.73 2277.81 3571.78 31 0 0 
23 11 19 4210.58 933.77 2276.81 3442.16 27 0 0 
25 12 19 4200.01 925.444 2274.56 3419.87 27 0 0 
26 13 19 4196.57 925.444 2271.12 3418.61 27 0 0 
26 13 19 4188.8 925.444 2263.36 3236.21 27 0 0 
27 14 19 4104.88 906.014 2198.86 2680.53 27 0 0 
27 14 19 4119.81 933.195 2186.62 2855.93 27 0 0 
28 14 19 4081.55 905.886 2175.66 2617.07 26 0 0 
28 14 19 4101.83 927.252 2174.58 2710.66 26 0 0 
31 16 19 4104.05 939.089 2164.96 2745.49 26 0 0 
31 16 19 4013.51 875.873 2137.64 2130.4 23 0 0 
34 18 19 4013.51 884.592 2128.92 2130.4 23 0 0 
35 18 19 4012.76 884.592 2128.17 2115.09 23 0 0 
38 20 19 4012.74 903.471 2109.27 2165.52 23 0 0 
39 20 19 4017.45 913.388 2104.06 2129 22 0 0 
40 21 19 4029.2 928.746 2100.45 2157.51 22 0 0 
42 22 19 4017.45 921.956 2095.49 2129 22 0 0 
43 23 19 4017.17 921.956 2095.21 2105.14 22 0 0 
44 23 19 4004.61 910.765 2093.85 1995.96 21 0 0 
45 25 19 4018.03 938.765 2079.26 1995.96 21 0 0 
46 25 19 4018.03 948.01 2070.02 1995.96 21 0 0 
48 26 19 3996.75 934.441 2062.31 2099.68 21 0 0 
48 26 19 4011.33 953.922 2057.41 1967.42 21 0 0 
48 26 19 4017.75 965.76 2051.99 2011.61 21 0 0 
54 30 19 3929.82 894.822 2035 2299.17 21 0 0 
56 31 19 3993.12 965.253 2027.87 2161.04 20 0 0 
58 33 19 3993.12 975.651 2017.47 2161.04 20 0 0 
73 42 19 4024.64 1010.68 2013.96 2161.04 20 0 0 
75 44 19 3975.21 983.229 1991.98 2161.04 20 0 0 
80 47 19 3993.12 1007.75 1985.37 2161.04 20 0 0 
81 47 19 3975.21 1015.32 1959.88 2161.04 20 0 0 
83 49 19 4013.17 1066.93 1946.24 2161.04 20 0 0 
85 50 19 4041.34 1099.37 1941.97 2084.76 19 0 0 
96 57 19 4010.05 1091.79 1918.26 2058.85 19 0 0 
98 59 19 4007.94 1091.79 1916.15 2051.99 19 0 0 
100 60 19 3999.62 1084.93 1914.69 2018.02 19 0 0 
102 62 19 3991.69 1084.93 1906.76 1906.19 19 0 0 
109 66 19 3977.88 1074.02 1903.87 1872.62 19 0 0 
110 67 19 3931.88 1031.05 1900.83 1821.62 19 0 0 
111 68 19 3977.42 1077.98 1899.44 1812.12 18 0 0 
117 71 19 3977.42 1080.89 1896.53 1812.12 18 0 0 
121 74 19 3972.63 1084.27 1888.36 1812.12 18 0 0 
137 84 19 3972.63 1090.13 1882.49 1812.12 18 0 0 
146 90 19 3967.38 1090.13 1877.25 1810.08 18 0 0 
167 103 19 3972.63 1100.36 1872.27 1812.12 18 0 0 
186 116 19 3970.02 1098.87 1871.15 1828.78 18 0 0 
187 116 19 3972.63 1107.36 1865.27 1812.12 18 0 0 
239 149 19 3897.78 1037.71 1860.07 1697.11 18 0 0 
253 158 19 3884.89 1030.34 1854.55 1621.03 18 0 0 
254 159 19 3875.12 1030.34 1844.78 1592.21 18 0 0 
255 159 19 3870.43 1030.34 1840.09 1595.81 18 0 0 
263 164 19 3869.87 1030.34 1839.52 1578.5 18 0 0 
267 167 19 3862.25 1027.29 1834.96 1527.68 18 0 0 
288 180 19 3861.23 1038.24 1822.99 1553.25 18 0 0 
288 180 19 3856.55 1038.24 1818.31 1566.47 18 0 0 
293 182 19 3849.47 1038.24 1811.23 1554.91 18 0 0 
309 193 19 3825.28 1017.43 1807.84 1517.49 18 0 0 
320 200 19 3832.51 1025.94 1806.57 1549.22 18 0 0 
326 204 19 3832.51 1039.73 1792.78 1529.44 17 0 0 
354 221 19 3882.15 1097.68 1784.47 1529.44 17 0 0 
377 237 19 3841.04 1062.41 1778.63 1317.98 17 0 0 
428 269 19 3836.33 1059.3 1777.03 1277.34 16 0 0 
440 277 19 3830.23 1053.58 1776.66 1277.34 16 0 0 
469 296 19 3823.61 1052.47 1771.14 1279.35 16 0 0 
471 298 19 3814.48 1049.13 1765.35 1211.5 16 0 0 
482 305 19 3805.55 1041.66 1763.89 1182.62 16 0 0 
492 311 19 3778.97 1017.95 1761.02 1063.13 16 0 0 
495 313 19 3778.97 1040.27 1738.7 1141.32 16 0 0 
502 318 19 3776.76 1040.27 1736.49 1147.8 16 0 0 
526 333 19 3771.9 1040.27 1731.63 1098.82 16 0 0 
531 337 19 3766.66 1039.48 1727.18 1083.57 16 0 0 
577 367 19 3766.66 1046.1 1720.56 1083.57 16 0 0 
657 421 19 3758.1 1046.1 1712 1083.57 16 0 0 
693 445 19 3712.03 1003.13 1708.89 1067.26 15 0 0 
694 446 19 3710.13 1001.98 1708.15 1107.24 15 0 0 
710 458 19 3715.21 1014.93 1700.28 1060.34 15 0 0 
728 470 19 3706.81 1014.93 1691.89 976.344 15 0 0 
729 470 19 3663.61 980.401 1683.21 1016.11 14 0 0 
782 506 19 3663.61 981.157 1682.45 1016.11 14 0 0 
865 559 19 3662 1007.69 1654.31 1016.11 14 0 0 
896 580 19 3662.19 1024.46 1637.73 1030.9 14 0 0 
908 588 19 3549.19 921.661 1627.53 1016.11 14 0 0 
938 607 19 3543.59 917.01 1626.58 998.512 14 0 0 
957 619 19 3535.19 917.01 1618.18 914.519 14 0 0 
979 633 19 3564.69 947.35 1617.34 1014.96 14 0 0 
982 634 19 3569.36 954.474 1614.89 1013.43 14 0 0 
986 637 19 3570.47 956.197 1614.27 914.519 14 0 0 
987 638 19 3603.9 992.926 1610.98 1013.43 14 0 0 
1041 673 19 3592.64 982.138 1610.5 1019.27 14 0 0 
1185 766 19 3591.56 983.972 1607.58 1015.14 14 0 0 
1186 767 19 3585.82 983.972 1601.85 1019.27 14 0 0 
1288 832 19 3596.5 994.76 1601.74 1070.89 14 0 0 
1292 835 19 3570.99 972.669 1598.32 1070.89 14 0 0 
1306 844 19 3570.99 977.724 1593.27 1070.89 14 0 0 
1326 856 19 3567.58 977.324 1590.26 1061.33 14 0 0 
1398 904 19 3577.48 988.986 1588.49 1083.43 14 0 0 
1583 1022 19 3566.98 980.933 1586.05 1088.11 14 0 0 
1993 1288 19 3541.75 957.112 1584.64 1088.11 14 0 0 
2249 1451 19 3541.75 966.693 1575.06 1143.09 14 0 0 
2318 1495 19 3541.75 967.645 1574.11 1125.49 14 0 0 
2344 1511 19 3552.7 979.788 1572.91 1131.47 14 0 0 
2389 1541 19 3552.7 980.424 1572.27 1133.68 14 0 0 
2474 1593 19 3552.7 981.127 1571.57 1106.93 14 0 0 
2539 1634 19 3552.7 984.721 1567.98 1152.11 14 0 0 
2578 1659 19 3552.7 984.847 1567.85 1055.91 14 0 0 
2642 1701 19 3552.7 987.095 1565.6 1124.63 14 0 0 
2657 1710 19 3552.7 996.405 1556.29 1124.63 14 0 0 
2894 1865 19 3674.56 1123.87 1550.68 1177.57 14 0 0 
2900 1869 19 3670.58 1121 1549.58 1177.57 14 0 0 
3563 2278 19 3670.58 1123.46 1547.12 1177.57 14 0 0 
4977 3155 19 3660.53 1114.86 1545.67 1039.09 14 0 0 
5063 3207 19 3660.53 1116.9 1543.63 1058.41 14 0 0 
5066 3209 19 3660.53 1121.36 1539.18 1054.47 14 0 0 
