Agent: 0ids: 0 35 15 6 12 41 38 47 46 24 
Agent: 1ids: 46 24 17 6 18 47 15 11 12 7 34 41 0 23 20 36 45 1 35 32 38 3 31 13 33 21 
Agent: 2ids: 37 45 1 39 2 34 47 26 15 3 6 14 31 0 42 19 24 12 8 23 48 13 20 9 40 33 22 29 7 16 35 11 25 49 18 10 32 44 5 17 4 38 30 28 21 
Agent: 3ids: 49 23 27 26 7 36 14 30 5 10 35 12 15 46 39 40 43 31 9 33 38 1 42 47 
Agent: 4ids: 14 40 49 21 41 27 7 22 25 8 33 36 5 24 18 19 34 46 48 16 11 28 13 20 4 32 17 30 42 
Agent: 5ids: 7 49 39 45 11 9 13 10 24 
Agent: 6ids: 12 26 5 46 21 41 20 10 7 42 44 32 36 14 13 48 15 38 8 4 6 29 47 
Agent: 7ids: 37 12 18 9 3 40 36 31 47 7 0 44 19 1 30 16 2 41 11 17 43 21 32 25 24 14 28 38 4 8 5 29 45 15 10 22 20 39 42 49 46 27 34 33 13 23 26 48 6 
Agent: 8ids: 10 19 49 7 25 21 26 31 1 18 20 8 13 32 36 34 24 39 16 
Agent: 9ids: 24 28 47 12 10 27 41 31 29 13 15 22 39 43 44 2 
Agent: 10ids: 23 33 6 46 19 13 16 22 32 28 25 10 14 21 27 37 45 9 15 34 41 
Agent: 11ids: 18 27 5 29 23 9 13 2 15 10 4 24 17 1 3 45 34 49 38 26 0 40 39 43 25 47 48 42 11 30 31 32 14 33 37 8 41 20 
Agent: 12ids: 27 8 5 23 25 10 34 0 24 35 21 39 43 44 11 45 38 7 1 4 30 6 16 36 42 12 28 33 26 15 22 40 49 31 
Agent: 13ids: 36 22 32 0 18 8 19 34 14 17 7 24 44 15 31 43 21 28 20 45 9 33 13 48 29 40 26 39 30 42 49 2 6 1 46 47 16 35 27 10 25 37 5 12 41 38 
Agent: 14ids: 19 22 10 36 17 16 27 14 21 43 41 44 20 11 4 49 12 33 26 3 15 38 31 28 7 47 40 34 32 5 39 18 45 37 46 8 48 
Agent: 15ids: 28 41 18 12 34 
Agent: 16ids: 21 32 7 39 46 27 36 28 20 47 17 16 35 3 43 5 10 18 41 25 29 2 11 37 15 12 14 38 0 42 8 40 
Agent: 17ids: 28 26 17 44 22 
Agent: 18ids: 23 3 5 43 29 48 32 20 18 44 22 21 15 26 42 31 2 11 9 0 12 1 13 37 46 39 
Agent: 19ids: 26 0 20 10 35 43 38 31 27 42 15 17 25 46 30 8 2 32 9 4 24 1 36 16 29 18 7 19 49 5 41 13 14 22 
Agent: 20ids: 32 44 42 43 25 0 13 14 2 24 46 38 33 23 7 1 10 29 41 45 17 40 21 16 5 8 19 
Agent: 21ids: 1 9 46 13 43 8 34 23 25 12 30 21 7 29 5 26 48 47 
Agent: 22ids: 26 16 10 0 34 27 3 41 29 21 39 46 5 40 38 22 1 12 20 18 8 11 9 6 49 14 4 35 44 17 13 48 7 19 32 42 23 33 36 45 25 43 47 37 
Agent: 23ids: 3 40 22 44 25 24 28 37 34 1 9 21 18 35 39 11 33 5 47 45 19 13 16 2 29 27 31 43 41 0 12 7 38 14 17 26 32 23 46 10 48 49 4 36 15 42 30 20 8 
Agent: 24ids: 14 26 34 2 44 28 48 10 7 30 12 3 20 0 40 31 22 4 33 16 49 29 43 39 15 21 19 11 42 9 13 47 
Agent: 25ids: 23 4 
Agent: 26ids: 21 23 49 46 31 34 26 32 3 38 18 22 10 36 9 12 11 13 17 40 2 8 29 14 19 7 43 20 44 0 24 25 47 5 4 15 16 27 48 30 45 6 1 35 37 41 42 
Agent: 27ids: 39 16 
Agent: 28ids: 19 18 20 5 7 38 15 25 32 49 39 2 47 9 30 23 37 3 41 0 10 
Agent: 29ids: 15 34 27 25 43 13 17 30 37 1 12 36 31 45 21 3 38 28 18 20 47 48 0 6 24 42 4 7 39 32 26 22 9 5 23 11 10 14 49 
Agent: 30ids: 31 36 46 48 24 10 1 29 11 32 47 26 37 14 4 30 5 38 19 8 6 49 15 17 33 21 3 13 22 41 43 39 44 9 35 16 20 
Agent: 31ids: 34 45 38 44 49 23 28 26 2 18 40 39 5 29 47 36 13 3 16 35 12 42 41 20 32 9 25 0 4 11 
Agent: 32ids: 38 36 0 21 42 15 2 34 22 44 28 43 11 1 27 32 4 12 47 5 8 25 48 14 40 10 7 9 13 33 19 20 29 46 3 6 18 23 24 41 17 
Agent: 33ids: 8 30 14 22 1 35 34 26 10 0 12 20 16 25 18 11 17 23 
Agent: 34ids: 3 22 9 17 26 27 28 19 30 47 34 23 
Agent: 35ids: 8 18 12 28 40 37 27 5 45 1 42 35 0 33 26 13 16 6 47 22 48 25 
Agent: 36ids: 20 23 5 40 25 0 9 6 32 27 31 33 17 36 22 28 35 41 19 11 15 37 45 4 21 49 38 24 8 30 34 10 12 44 2 42 18 43 29 14 
Agent: 37ids: 41 37 18 3 8 10 23 33 26 45 38 15 5 39 30 42 
Agent: 38ids: 27 3 7 20 31 4 48 1 45 25 
Agent: 39ids: 6 48 19 8 0 
Agent: 40ids: 15 21 47 17 44 48 18 16 31 32 6 29 11 24 2 20 45 22 27 5 46 35 43 8 34 25 14 12 7 42 13 40 38 26 41 0 37 3 30 33 1 
Agent: 41ids: 36 28 22 32 1 42 13 5 17 2 11 44 
Agent: 42ids: 47 42 41 45 37 10 46 24 7 1 39 31 26 2 43 40 28 23 49 29 15 44 4 33 6 16 36 32 13 12 20 18 3 19 9 17 21 8 27 
Agent: 43ids: 24 33 9 37 5 0 28 30 40 42 25 35 10 19 44 31 41 46 34 45 26 29 49 32 1 13 17 18 38 16 21 8 11 22 36 7 3 14 43 27 12 
Agent: 44ids: 34 13 35 9 39 27 16 23 47 46 41 40 1 
Agent: 45ids: 2 7 10 33 5 9 13 36 0 11 19 41 15 6 25 35 40 31 27 42 44 30 21 20 32 43 23 48 34 29 1 45 37 47 17 38 39 8 22 24 46 26 18 3 16 4 12 49 
Agent: 46ids: 13 8 36 16 4 33 38 
Agent: 47ids: 38 16 36 11 15 34 18 25 21 19 43 13 40 28 35 
Agent: 48ids: 33 13 7 3 29 32 4 9 19 35 48 45 0 42 22 2 20 8 27 17 23 41 26 6 30 44 14 1 18 10 
Agent: 49ids: 34 44 38 13 48 32 36 25 4 31 37 29 17 28 24 20 12 18 19 40 43 27 7 
0 0 19 5783.19 1007.58 3775.61 17232.4 91 4 1 
2 0 19 5143.63 1264.48 2879.15 10036.5 43 0 0 
2 0 19 4999.9 1208.12 2791.79 8381.98 41 0 0 
3 0 19 4967.02 1185.98 2781.04 8523.38 40 0 0 
5 0 19 4624.45 1072.19 2552.26 6538.03 37 0 0 
6 1 19 4623.05 1072.19 2550.86 6323.87 37 0 0 
7 2 19 4623.05 1086.26 2536.79 6323.87 37 0 0 
7 2 19 4589.5 1068 2521.5 6281.73 36 0 0 
9 2 19 4571.11 1085.64 2485.46 6048.42 36 0 0 
9 2 19 4566.1 1080.64 2485.45 5667.02 36 0 0 
10 3 19 4559.09 1143.95 2415.15 5858.57 36 0 0 
10 3 19 4536.26 1130.58 2405.68 5806.87 36 0 0 
10 3 19 4426.91 1074.6 2352.31 4368.68 36 0 0 
11 4 19 4385.39 1057.98 2327.4 4162.92 35 0 0 
11 4 19 4336.04 1031.34 2304.7 4129.14 34 0 0 
13 5 19 4311.3 1037.31 2273.99 3877.16 34 0 0 
13 5 19 4269.26 995.736 2273.52 3701.05 33 0 0 
14 5 19 4262.55 1001.49 2261.06 3635.56 32 0 0 
14 5 19 4269.12 1008.39 2260.72 3659.68 32 0 0 
15 6 19 4250.3 1029.25 2221.05 3867.49 32 0 0 
15 6 19 4243.81 1028.7 2215.11 3961.88 32 0 0 
17 7 19 4247.39 1034.16 2213.22 3961.42 32 0 0 
17 7 19 4238.01 1049.04 2188.97 3859.59 31 0 0 
17 7 19 4235.87 1048.77 2187.1 3851.59 31 0 0 
17 7 19 4202.89 1029.81 2173.09 4028.18 31 0 0 
18 8 19 4203.82 1034.99 2168.83 3623.32 30 0 0 
18 8 19 4201.69 1034.72 2166.97 3615.32 30 0 0 
19 8 19 4198.5 1050.32 2148.19 3635.83 30 0 0 
19 8 19 4140.46 1000.62 2139.84 3427.5 28 0 0 
20 9 19 4199.48 1064.13 2135.35 3490.3 28 0 0 
21 9 19 4107.36 972.025 2135.33 3329.44 27 0 0 
22 10 19 4113.03 981.169 2131.86 3170.89 27 0 0 
22 10 19 4109.88 992.099 2117.78 3164.58 27 0 0 
23 10 19 4002.33 900.783 2101.55 2414.94 24 0 0 
24 11 19 4004.41 909.628 2094.79 2438.05 24 0 0 
26 12 19 3998.75 909.628 2089.12 2424.76 24 0 0 
26 12 19 4017.84 934.168 2083.67 2499.43 24 0 0 
27 13 19 4011.34 934.168 2077.18 2499.73 24 0 0 
28 13 19 4014.22 953.256 2060.96 2538.98 24 0 0 
28 14 19 4012.88 960.424 2052.45 2575.36 24 0 0 
29 14 19 4012.88 960.792 2052.09 2575.36 24 0 0 
30 15 19 4034.32 983.031 2051.29 2647.4 24 0 0 
31 16 19 4007.21 960.792 2046.42 2562.07 24 0 0 
32 16 19 4001.33 961.096 2040.23 2545.74 24 0 0 
35 18 19 4008.15 969.039 2039.11 2562.07 24 0 0 
35 18 19 4006.75 971.721 2035.03 2590.49 24 0 0 
35 19 19 4014.16 982.557 2031.61 2615.37 24 0 0 
36 19 19 4023.08 1004.41 2018.68 2639.81 24 0 0 
37 20 19 4015.76 1004.41 2011.35 2759.55 24 0 0 
40 22 19 4014.11 1004.41 2009.7 2704.95 24 0 0 
41 22 19 3994.66 994 2000.66 2685.81 24 0 0 
44 24 19 3985.46 994 1991.46 2636.1 24 0 0 
44 24 19 3978.96 994 1984.96 2636.4 24 0 0 
46 26 19 3986.37 1004.84 1981.54 2661.28 24 0 0 
47 26 19 3989.04 1009.49 1979.55 2715.34 24 0 0 
48 27 19 3994.91 1025.49 1969.42 2724.3 24 0 0 
55 32 19 3994.94 1041.82 1953.12 2664.5 24 0 0 
57 33 19 3992.31 1041.12 1951.18 2647.62 24 0 0 
60 35 19 4003.62 1052.86 1950.75 2667.33 24 0 0 
64 37 19 3978.82 1051.97 1926.86 2422.91 23 0 0 
66 38 19 3974.82 1051.97 1922.85 2516.94 23 0 0 
66 39 19 3900.32 980.383 1919.94 2422.91 23 0 0 
69 41 19 3908.6 1001.37 1907.22 2652.77 23 0 0 
73 44 19 3893.74 991.375 1902.36 2441.27 23 0 0 
75 44 19 3886.93 991.375 1895.55 2430.45 23 0 0 
77 46 19 3879.44 989.142 1890.3 2262.74 23 0 0 
79 47 19 3870.71 981.071 1889.64 2229.74 23 0 0 
81 48 19 3929.73 1047.25 1882.48 2318.4 23 0 0 
81 48 19 3939.77 1058.79 1880.98 2360.16 23 0 0 
87 53 19 3904.34 1058.79 1845.55 2501.43 23 0 0 
88 53 19 3879.61 1052.05 1827.56 2132.05 22 0 0 
89 53 19 3906.4 1083.63 1822.76 2230.76 22 0 0 
91 55 19 3906.4 1087.42 1818.97 2230.76 22 0 0 
92 56 19 3850.09 1042.27 1807.82 1836.81 22 0 0 
92 56 19 3850.09 1045.29 1804.8 1810.03 22 0 0 
98 60 19 3850.09 1051.58 1798.51 1787.1 22 0 0 
102 63 19 3864.96 1087.84 1777.11 1883.56 22 0 0 
108 66 19 3859.48 1082.55 1776.93 1824.3 22 0 0 
111 68 19 3874.86 1099.23 1775.62 1895.78 22 0 0 
122 76 19 3836.29 1072.39 1763.9 1789.52 22 0 0 
126 78 19 3831.48 1097.55 1733.93 1447.2 21 0 0 
129 80 19 3831.13 1097.55 1733.57 1445.33 21 0 0 
134 83 19 3821.41 1088.08 1733.32 1411.44 21 0 0 
135 84 19 3819.25 1096.63 1722.62 1472.9 21 0 0 
144 90 19 3824.78 1104.8 1719.98 1429.46 21 0 0 
147 92 19 3799.88 1095.32 1704.56 1416.47 20 0 0 
157 98 19 3755.19 1055.06 1700.13 1314.18 20 0 0 
158 99 19 3765.49 1069.74 1695.76 1395.21 20 0 0 
163 102 19 3789.78 1097.42 1692.36 1388.02 19 0 0 
166 104 19 3827.85 1149.04 1678.81 1497.2 19 0 0 
178 112 19 3792.95 1122.5 1670.45 1371 19 0 0 
188 118 19 3765.53 1102.71 1662.82 1223.1 18 0 0 
192 121 19 3765.53 1109.66 1655.87 1252.92 18 0 0 
195 123 19 3799.15 1145.84 1653.31 1203.06 18 0 0 
199 125 19 3814.82 1165.59 1649.23 1340.13 18 0 0 
201 127 19 3802.83 1154.17 1648.66 1277.03 18 0 0 
205 130 19 3797.19 1150.11 1647.08 1277.29 18 0 0 
208 132 19 3786.94 1151.35 1635.59 1164.87 18 0 0 
215 137 19 3786.94 1154.33 1632.61 1204.08 18 0 0 
231 148 19 3734.18 1124.75 1609.43 1196.64 18 0 0 
232 148 19 3734.18 1127.32 1606.86 1204.08 18 0 0 
234 150 19 3739.66 1136.92 1602.75 1262.04 18 0 0 
237 152 19 3723.99 1121.28 1602.72 1213.59 18 0 0 
243 156 19 3745.47 1144.2 1601.27 1218.38 18 0 0 
254 163 19 3695.24 1104.1 1591.14 1182.01 18 0 0 
263 169 19 3723.45 1135.02 1588.43 1218.38 18 0 0 
265 170 19 3699.52 1116.23 1583.29 1182.01 18 0 0 
280 180 19 3678.54 1095.6 1582.94 1182.01 18 0 0 
280 181 19 3686.35 1103.52 1582.83 1129.65 18 0 0 
283 183 19 3686.35 1121.1 1565.25 1080.74 18 0 0 
285 184 19 3702.47 1144.33 1558.15 1206.06 18 0 0 
303 196 19 3689.36 1132.45 1556.9 1103.58 17 0 0 
312 202 19 3689.36 1134.33 1555.03 1061.55 17 0 0 
328 213 19 3696.29 1146.24 1550.05 1116.81 17 0 0 
371 242 19 3681.65 1132.54 1549.11 1030.05 17 0 0 
428 282 19 3681.65 1142.73 1538.92 1030.05 17 0 0 
476 316 19 3656.06 1120.65 1535.41 1031.09 17 0 0 
504 335 19 3656.8 1123.75 1533.05 1031.09 17 0 0 
558 373 19 3646.36 1115.96 1530.4 1089.05 17 0 0 
570 381 19 3636.42 1117.13 1519.28 1089.24 17 0 0 
764 517 19 3649.06 1130.84 1518.22 1186.08 17 0 0 
836 566 19 3649.06 1131.83 1517.23 1186.08 17 0 0 
894 606 19 3622.15 1107.89 1514.26 1248.7 17 0 0 
914 618 19 3570.15 1063.97 1506.18 1248.7 17 0 0 
923 625 19 3568.65 1063.97 1504.68 1220.33 17 0 0 
939 635 19 3563.36 1064.24 1499.12 1129.98 17 0 0 
943 638 19 3557.24 1061.96 1495.28 1159.28 17 0 0 
984 667 19 3557.24 1063.6 1493.64 1159.28 17 0 0 
1268 858 19 3557.24 1064.08 1493.16 1148.59 17 0 0 
1298 879 19 3558.42 1067.38 1491.04 1251.76 17 0 0 
1313 889 19 3547.38 1061.01 1486.37 1190.49 17 0 0 
1352 914 19 3537.82 1057.63 1480.2 1167.04 17 0 0 
1621 1098 19 3549.68 1069.84 1479.85 1167.04 17 0 0 
1759 1192 19 3549.68 1071.86 1477.82 1167.04 17 0 0 
2866 1953 19 3559.62 1086.35 1473.26 1114.63 17 0 0 
3121 2127 19 3559.62 1086.95 1472.66 1114.63 17 0 0 
3165 2157 19 3559.62 1088.3 1471.32 1114.63 17 0 0 
4037 2753 19 3565.48 1097.76 1467.72 1114.63 17 0 0 
4279 2920 19 3565.48 1100.09 1465.39 1130.4 17 0 0 
4309 2939 19 3566.49 1104.59 1461.89 1142.34 17 0 0 
4726 3227 19 3565.03 1103.19 1461.84 1142.34 17 0 0 
