0 0 19 6309.68 1551.93 3757.74 18215.4 92 0 0 
0 0 19 5094.62 1120.81 2973.81 9487.45 42 0 0 
3 0 19 5085.19 1130.35 2954.84 10051.3 42 0 0 
3 0 19 5083.83 1130.68 2953.15 9785.96 42 0 0 
3 0 19 4963.25 1224.04 2739.22 9103.47 41 0 0 
4 0 19 4712.18 1148.89 2563.29 7555.72 38 0 0 
5 1 19 4566.88 1095.67 2471.2 6717.77 38 0 0 
6 1 19 4615.54 1153.88 2461.66 6754.81 35 0 0 
6 1 19 4623.42 1188.77 2434.65 6554.25 35 0 0 
6 1 19 4619.42 1216.68 2402.74 6517.7 35 0 0 
9 3 19 4614.9 1216.68 2398.22 6666.66 35 0 0 
9 3 19 4594.95 1216.68 2378.27 6332.26 35 0 0 
10 3 19 4591.52 1239.29 2352.24 7230.05 34 0 0 
10 3 19 4561.94 1248.15 2313.79 7255.29 34 0 0 
14 5 19 4531.61 1235.73 2295.88 6803.52 33 0 0 
15 5 19 4521.34 1269.68 2251.66 6704.96 32 0 0 
15 6 19 4512.31 1272.37 2239.94 6704.96 32 0 0 
15 6 19 4512.31 1298.23 2214.08 6704.96 32 0 0 
17 7 19 4481.29 1342.06 2139.23 5573.19 31 0 0 
19 8 19 4478.7 1352 2126.7 5617.06 31 0 0 
20 8 19 4459.17 1340.83 2118.34 5991.46 31 0 0 
20 8 19 4458.94 1340.83 2118.11 5997.07 31 0 0 
20 8 19 4456.35 1351.84 2104.51 6040.94 31 0 0 
21 9 19 4384.9 1318.63 2066.27 5674.82 29 0 0 
26 12 19 4375.87 1313.95 2061.92 5634.89 29 0 0 
26 12 19 4375.87 1316.71 2059.16 5634.89 29 0 0 
27 12 19 4375.87 1316.99 2058.88 5674.82 29 0 0 
28 13 19 4356.24 1321.77 2034.47 5532.79 29 0 0 
29 13 19 4338.73 1309.28 2029.46 5412.99 29 0 0 
29 13 19 4366.95 1345.04 2021.91 5484.26 29 0 0 
31 15 19 4366.95 1345.31 2021.63 5524.19 29 0 0 
34 16 19 4366.95 1354.32 2012.62 5483.11 29 0 0 
35 16 19 4279.23 1291.24 1987.99 5588.95 29 0 0 
35 17 19 4304.45 1323.62 1980.82 5091.5 28 0 0 
36 17 19 4304.45 1324.89 1979.56 5091.5 28 0 0 
40 20 19 4308.92 1341.2 1967.71 5107.41 28 0 0 
43 21 19 4292.23 1341.2 1951.03 5053.4 28 0 0 
44 22 19 4292.23 1341.94 1950.29 5053.4 28 0 0 
44 22 19 4269.04 1345.15 1923.89 4991.19 28 0 0 
56 29 19 4225.68 1302.25 1923.43 4241.74 28 0 0 
60 31 19 4215.52 1293.51 1922.01 4118.97 28 0 0 
63 32 19 4185.8 1278.41 1907.39 4202.74 27 0 0 
64 33 19 4155.93 1264.41 1891.52 4000.25 26 0 0 
67 35 19 4134.59 1266.93 1867.66 3845.23 25 0 0 
70 36 19 4113.92 1247.53 1866.39 3845.23 25 0 0 
73 38 19 4075.81 1240.67 1835.14 3663.08 25 0 0 
80 41 19 4014.91 1184.46 1830.45 3590.83 23 0 0 
81 42 19 4014.91 1203.53 1811.38 3590.83 23 0 0 
84 44 19 3981.14 1178.75 1802.39 3096.32 22 0 0 
86 45 19 3991.37 1189.1 1802.27 3145.57 22 0 0 
88 46 19 3972.9 1175.4 1797.5 3103.94 22 0 0 
94 50 19 3972.04 1175.4 1796.63 3103.55 22 0 0 
102 54 19 3982.11 1185.61 1796.5 3157.14 22 0 0 
108 57 19 3955.98 1159.49 1796.49 2764.31 22 0 0 
110 58 19 3965.49 1172.49 1793 3010.74 21 0 0 
116 61 19 3939.59 1152.13 1787.46 2909.29 21 0 0 
116 62 19 3932.63 1152.13 1780.5 2875.7 21 0 0 
117 62 19 3847.09 1087.26 1759.83 2128.61 21 0 0 
120 64 19 3856.36 1111.09 1745.27 2226.94 21 0 0 
122 65 19 3852.15 1111.09 1741.06 2216.98 21 0 0 
127 68 19 3864.14 1125.26 1738.88 2300.81 21 0 0 
128 68 19 3823.67 1085.25 1738.42 2283.76 21 0 0 
129 69 19 3807.67 1077.44 1730.23 2094.61 20 0 0 
136 73 19 3802.72 1073.82 1728.9 2054.03 20 0 0 
138 74 19 3794.16 1087.15 1707.02 1952.14 19 0 0 
139 75 19 3774.05 1069.98 1704.08 1656.92 18 0 0 
150 80 19 3781.67 1079.35 1702.32 1630.01 18 0 0 
156 83 19 3775.05 1080.1 1694.95 1441.37 17 0 0 
158 85 19 3794.14 1101.29 1692.86 1488.96 17 0 0 
173 93 19 3794.14 1102.63 1691.52 1488.96 17 0 0 
179 96 19 3772.12 1086.16 1685.96 1488.96 17 0 0 
181 97 19 3784.54 1099.86 1684.68 1543.02 17 0 0 
183 98 19 3753.03 1073.63 1679.4 1475.18 17 0 0 
205 110 19 3749.52 1073.63 1675.89 1450.59 17 0 0 
229 124 19 3749.52 1074.36 1675.15 1450.59 17 0 0 
260 141 19 3748.39 1073.43 1674.96 1336.5 17 0 0 
286 156 19 3787.21 1113.84 1673.37 1336.5 17 0 0 
305 167 19 3782.85 1113.84 1669.01 1346.65 17 0 0 
306 167 19 3700.3 1031.67 1668.63 1224.81 17 0 0 
314 172 19 3700.3 1034.86 1665.44 1224.81 17 0 0 
321 176 19 3711.71 1047.37 1664.34 1335.6 17 0 0 
331 182 19 3711.81 1049.81 1662 1395.37 17 0 0 
378 208 19 3750.63 1090.22 1660.41 1395.37 17 0 0 
378 209 19 3711.81 1052.89 1658.92 1395.37 17 0 0 
392 216 19 3711.81 1058.54 1653.27 1395.37 17 0 0 
397 218 19 3750.63 1098.95 1651.68 1395.37 17 0 0 
410 226 19 3690.24 1040.52 1649.72 1265.43 17 0 0 
432 238 19 3690.24 1046.18 1644.07 1265.43 17 0 0 
433 239 19 3662.61 1018.79 1643.82 1265.43 17 0 0 
438 242 19 3662.61 1021.86 1640.75 1265.43 17 0 0 
444 246 19 3677.09 1038.27 1638.82 1265.43 17 0 0 
496 276 19 3677.09 1039 1638.08 1265.43 17 0 0 
499 277 19 3706.93 1076.06 1630.87 1265.43 17 0 0 
557 311 19 3706.83 1076.06 1630.77 1205.66 17 0 0 
559 312 19 3708.13 1083.03 1625.11 1265.43 17 0 0 
574 321 19 3715.82 1091.52 1624.29 1277.43 17 0 0 
594 333 19 3715.72 1091.52 1624.19 1214.54 17 0 0 
607 341 19 3715.42 1091.52 1623.9 1215.03 17 0 0 
617 346 19 3715.82 1092.47 1623.34 1277.43 17 0 0 
665 372 19 3715.82 1098.13 1617.69 1277.43 17 0 0 
729 409 19 3712.95 1099.93 1613.01 1277.43 17 0 0 
796 448 19 3712.95 1100.01 1612.94 1277.43 17 0 0 
937 527 19 3712.85 1100.01 1612.84 1214.54 17 0 0 
1021 574 19 3730.6 1118.22 1612.37 1347.11 17 0 0 
1032 579 19 3703.59 1092.1 1611.49 1280.56 17 0 0 
1094 614 19 3703.59 1104.52 1599.07 1294.23 17 0 0 
1116 626 19 3727.22 1128.57 1598.65 1246.91 17 0 0 
1122 630 19 3727.22 1131.02 1596.2 1246.91 17 0 0 
1153 648 19 3727.22 1132.01 1595.21 1246.91 17 0 0 
1169 657 19 3727.22 1134.15 1593.08 1246.91 17 0 0 
1216 685 19 3725.83 1134.15 1591.68 1249.86 17 0 0 
1270 716 19 3721.66 1132.31 1589.35 1197.96 17 0 0 
1289 726 19 3718.33 1140.99 1577.34 1150.53 17 0 0 
1353 763 19 3718.33 1141.56 1576.77 1214.87 17 0 0 
1422 803 19 3724.91 1150.5 1574.41 1219.68 17 0 0 
1447 818 19 3707.69 1138.43 1569.26 1095.82 16 0 0 
1457 824 19 3707.69 1150.02 1557.68 1095.82 16 0 0 
1723 977 19 3707.4 1150.02 1557.38 1096.32 16 0 0 
1764 1001 19 3701.53 1146.42 1555.12 1165.86 16 0 0 
1824 1036 19 3627.05 1073.33 1553.72 1165.86 16 0 0 
1855 1053 19 3639.03 1086.79 1552.24 1242.52 16 0 0 
2044 1162 19 3629.15 1077.2 1551.95 1242.52 16 0 0 
2148 1222 19 3634.58 1083.05 1551.53 1296.37 16 0 0 
2235 1273 19 3634.12 1083.05 1551.07 1341.14 16 0 0 
2331 1327 19 3640.24 1109.77 1530.47 1005.3 16 0 0 
2348 1336 19 3637.09 1106.76 1530.33 894.264 16 0 0 
2349 1337 19 3637.09 1107.88 1529.21 893.879 16 0 0 
2364 1345 19 3625.88 1097.15 1528.73 862.323 16 0 0 
2417 1375 19 3630.49 1107.59 1522.9 870.398 16 0 0 
2420 1376 19 3635.47 1117.27 1518.2 912.638 16 0 0 
2506 1424 19 3635.47 1122.27 1513.2 912.638 16 0 0 
2673 1519 19 3642.06 1130.5 1511.56 942.155 16 0 0 
2830 1606 19 3607.34 1100.39 1506.95 942.155 16 0 0 
3221 1826 19 3609.85 1111.58 1498.27 942.155 16 0 0 
3622 2054 19 3603.26 1105.27 1498 910.648 16 0 0 
3693 2095 19 3627.97 1131.31 1496.66 924.637 16 0 0 
3724 2113 19 3642.45 1153.94 1488.52 986.602 16 0 0 
3829 2173 19 3638.54 1153.94 1484.6 1022.08 16 0 0 
3989 2262 19 3613.83 1131.88 1481.95 1022.08 16 0 0 
4056 2300 19 3607.23 1131.88 1475.35 1123.59 16 0 0 
4062 2303 19 3599.79 1131.88 1467.91 1090.25 16 0 0 
4511 2558 19 3500.31 1041.35 1458.96 1090.25 16 0 0 
4597 2607 19 3500.31 1041.81 1458.5 1090.25 16 0 0 
5122 2901 19 3500.31 1042.24 1458.07 1090.25 16 0 0 
5153 2918 19 3497.8 1043.46 1454.34 1090.25 16 0 0 
5616 3177 19 3500.74 1047.1 1453.64 1090.25 16 0 0 
6780 3828 19 3500.74 1047.2 1453.54 1090.25 16 0 0 
6880 3884 19 3500.74 1047.25 1453.49 1090.25 16 0 0 
