0 0 19 6105.73 1309.36 3796.37 24959.2 84 138 1 
0 0 19 4803.71 1115.07 2688.64 8933.17 40 19 1 
2 0 19 4680.64 1057.42 2623.21 8833.79 38 19 1 
3 0 19 4638.41 1025.57 2612.84 8213.27 36 19 1 
4 0 19 4583.8 1048.44 2535.35 8130.85 35 19 1 
5 1 19 4550.81 1037.64 2513.17 7983.86 35 19 1 
6 1 19 4471.75 976.622 2495.13 7828.67 35 0 0 
6 1 19 4481.6 997.28 2484.32 7786.69 35 0 0 
7 2 19 4469.06 997.28 2471.78 7734.27 35 0 0 
9 3 19 4318.67 905.942 2412.72 4884.65 32 0 0 
9 3 19 4274.08 905.942 2368.14 4657.62 32 0 0 
9 3 19 4242.59 906.611 2335.98 4612.81 32 0 0 
10 3 19 4222.08 906.611 2315.47 4216.69 32 0 0 
12 5 19 4232.89 918.117 2314.78 4392.25 30 0 0 
13 5 19 4211.51 925.037 2286.47 4178.67 29 0 0 
16 7 19 4201.76 925.037 2276.72 3979.59 29 0 0 
17 8 19 4236.91 962.951 2273.96 4292.7 29 0 0 
17 8 19 4209.46 950.223 2259.24 4185.03 29 0 0 
17 8 19 4197.5 950.223 2247.28 3744.33 29 0 0 
18 8 19 4197.5 960.168 2237.33 3744.33 29 0 0 
19 9 19 4218.94 982.649 2236.3 3866.13 29 0 0 
22 11 19 4181.24 971.293 2209.95 3648.01 28 0 0 
22 11 19 4148.45 938.63 2209.82 4430.26 28 0 0 
22 11 19 4161.4 964.954 2196.45 3739.4 28 0 0 
22 11 19 4135.99 952.018 2183.97 3589.75 28 0 0 
22 11 19 4118.17 951.935 2166.24 2827.73 28 0 0 
25 13 19 4091.52 950.708 2140.82 3141.51 28 0 0 
26 13 19 4131.97 1016.77 2115.2 3209.05 27 0 0 
27 14 19 4131.97 1040.38 2091.59 3209.05 27 0 0 
29 15 19 4056.32 1010.17 2046.16 3093.84 26 0 0 
29 15 19 4066.7 1020.62 2046.08 3134.69 26 0 0 
31 16 19 4014.31 1009.64 2004.68 2924.29 26 0 0 
31 16 19 4014.31 1040.38 1973.94 2924.29 26 0 0 
32 17 19 4010.14 1040.38 1969.77 2898.6 26 0 0 
34 18 19 3990.07 1040.38 1949.69 2643.12 26 0 0 
38 21 19 3984.74 1046.42 1938.32 2685.52 26 0 0 
38 21 19 3964.08 1027.48 1936.6 2565.87 26 0 0 
42 23 19 3957.82 1038.33 1919.49 2494.83 25 0 0 
42 23 19 3957.82 1043.55 1914.27 2494.83 25 0 0 
44 25 19 3951.42 1042.7 1908.72 2481.89 24 0 0 
50 28 19 3965.36 1060.27 1905.09 2535.92 24 0 0 
50 29 19 3955.06 1060.27 1894.79 2419.09 24 0 0 
57 32 19 3921.82 1050.36 1871.47 2390.76 24 0 0 
57 33 19 3897.43 1050.36 1847.08 2156 24 0 0 
63 37 19 3846.7 1010.03 1836.67 2156 24 0 0 
64 37 19 3916.43 1083.02 1833.41 2157.02 24 0 0 
67 39 19 3861.06 1031.81 1829.25 2126.38 24 0 0 
68 40 19 3913.34 1098.75 1814.59 2438.08 24 0 0 
73 43 19 3891.63 1084.05 1807.58 2405.55 24 0 0 
74 44 19 3898.45 1102.47 1795.98 2405.55 24 0 0 
78 46 19 3847.72 1062.14 1785.57 2405.55 24 0 0 
82 49 19 3832.7 1062.14 1770.56 2217.68 24 0 0 
84 50 19 3832.7 1075.68 1757.02 2217.68 24 0 0 
88 52 19 3830.8 1078.41 1752.39 2191.51 24 0 0 
90 54 19 3815.31 1064.5 1750.81 2165.75 24 0 0 
96 57 19 3868.68 1123.64 1745.04 2165.75 24 0 0 
96 58 19 3868.68 1131.74 1736.94 2165.75 24 0 0 
110 67 19 3850.54 1126.97 1723.58 2091.67 23 0 0 
112 69 19 3845.18 1126.97 1718.21 2046.95 23 0 0 
113 69 19 3847 1130.2 1716.81 2054.63 23 0 0 
116 71 19 3820.66 1107.89 1712.76 2054.63 23 0 0 
122 75 19 3820.66 1108.32 1712.33 2013.78 23 0 0 
130 81 19 3846.19 1139.12 1707.07 2035.97 23 0 0 
138 87 19 3845.03 1139.12 1705.91 2020.64 23 0 0 
145 92 19 3853.69 1148.81 1704.88 2039.32 23 0 0 
177 113 19 3863.94 1161.17 1702.77 2091.71 23 0 0 
179 115 19 3854.89 1153.85 1701.04 2039.32 23 0 0 
182 117 19 3878.04 1178.11 1699.93 2039.32 23 0 0 
187 120 19 3817.49 1118.43 1699.05 1800.6 23 0 0 
200 130 19 3827.73 1130.79 1696.94 1842.75 23 0 0 
206 133 19 3827.73 1137.63 1690.11 1842.75 23 0 0 
220 143 19 3792.33 1116.53 1675.79 1842.75 23 0 0 
225 146 19 3812.3 1137.58 1674.72 1842.75 23 0 0 
226 147 19 3793.52 1121.58 1671.95 1842.75 23 0 0 
235 153 19 3813.5 1142.62 1670.88 1842.75 23 0 0 
237 155 19 3762.68 1097.42 1665.25 1842.75 23 0 0 
240 157 19 3805.8 1144.38 1661.42 1842.75 23 0 0 
251 163 19 3805.8 1150.43 1655.37 1842.75 23 0 0 
254 166 19 3745.39 1100.29 1645.1 1893.61 23 0 0 
256 167 19 3734.18 1089.55 1644.62 1862.05 23 0 0 
259 170 19 3732.08 1089.07 1643.01 1829.53 23 0 0 
272 178 19 3772.93 1131.46 1641.48 2387.22 23 0 0 
290 191 19 3750.81 1131.46 1619.35 2425 23 0 0 
305 201 19 3750.81 1137.51 1613.3 2318.54 23 0 0 
325 216 19 3766.05 1155.67 1610.38 2423.32 23 0 0 
328 217 19 3764.95 1155.67 1609.28 2413.23 23 0 0 
328 218 19 3755.75 1155.67 1600.08 2353.34 23 0 0 
353 235 19 3774.55 1175.04 1599.51 2443.98 23 0 0 
359 238 19 3773.45 1175.04 1598.41 2433.88 23 0 0 
360 239 19 3798.76 1200.63 1598.13 2433.88 23 0 0 
370 246 19 3762.3 1164.93 1597.36 2448.49 23 0 0 
419 282 19 3748.71 1154.34 1594.38 2358.36 23 0 0 
423 285 19 3742.21 1148.07 1594.14 2281.56 23 0 0 
424 286 19 3777.55 1200.59 1576.97 2448.49 23 0 0 
465 314 19 3824.49 1251.39 1573.11 2448.49 23 0 0 
500 338 19 3784.36 1223 1561.36 2448.49 23 0 0 
532 361 19 3809.66 1248.58 1561.08 2448.49 23 0 0 
537 364 19 3770.78 1209.77 1561.01 2306.85 22 0 0 
548 371 19 3796.08 1235.35 1560.73 2306.85 22 0 0 
589 400 19 3804.24 1245.08 1559.16 2326.12 22 0 0 
631 428 19 3786.39 1228.2 1558.19 2292.35 22 0 0 
662 450 19 3762.07 1217.82 1544.25 2227.78 22 0 0 
705 478 19 3779.94 1245.87 1534.07 2159.47 22 0 0 
762 516 19 3739.54 1206.71 1532.83 2105.64 21 0 0 
776 527 19 3739.54 1208.76 1530.78 2105.64 21 0 0 
781 530 19 3737.26 1208.76 1528.5 2136.2 21 0 0 
799 541 19 3786.9 1266.71 1520.19 2136.2 21 0 0 
849 574 19 3786.9 1272.15 1514.75 2136.2 21 0 0 
858 580 19 3762.19 1250.09 1512.1 2136.2 21 0 0 
868 587 19 3656.67 1144.91 1511.76 2132.11 21 0 0 
871 589 19 3652.95 1144.91 1508.04 2183.76 21 0 0 
914 618 19 3652.66 1144.91 1507.75 2184.26 21 0 0 
926 626 19 3650.25 1152.35 1497.9 2175.88 21 0 0 
928 627 19 3649.96 1152.35 1497.61 2176.38 21 0 0 
996 673 19 3649.96 1153.35 1496.61 2176.38 21 0 0 
1034 699 19 3649.9 1153.35 1496.55 2348.3 21 0 0 
1228 829 19 3611.43 1120.53 1490.9 2328.26 21 0 0 
1758 1184 19 3568.21 1079.34 1488.87 2285.05 21 0 0 
2412 1609 19 3568.21 1080.54 1487.67 2285.05 21 0 0 
2464 1645 19 3555.97 1076.38 1479.6 2080.94 21 0 0 
2494 1664 19 3555.51 1076.83 1478.68 2087.43 21 0 0 
2559 1708 19 3567.57 1091.97 1475.6 2122.83 21 0 0 
2594 1732 19 3567.57 1094.1 1473.47 2122.83 21 0 0 
2646 1767 19 3566.15 1094.1 1472.05 2206.11 21 0 0 
2822 1886 19 3566.15 1094.1 1472.04 2206.11 21 0 0 
2853 1908 19 3566.15 1096.36 1469.78 2206.11 21 0 0 
2979 1992 19 3565.78 1096.36 1469.42 2085.26 21 0 0 
3126 2087 19 3551.35 1084.29 1467.06 1913.2 21 0 0 
3493 2330 19 3474.45 1010.23 1464.22 1316.96 20 0 0 
4786 3181 19 3574.64 1113.6 1461.04 1276.12 20 0 0 
5457 3612 19 3512.72 1055.08 1457.64 1164.19 20 0 0 
5497 3640 19 3512.72 1056.32 1456.4 1164.19 20 0 0 
6663 4455 19 3511.87 1056.95 1454.91 1166.91 20 0 0 
7126 4775 19 3511.22 1056.38 1454.84 1166.91 20 0 0 
7446 4996 19 3538.94 1092.91 1446.02 1251.29 20 0 0 
