Agent: 0ids: 5 3 21 26 38 24 8 41 17 44 30 33 49 18 10 46 29 2 0 27 28 
Agent: 1ids: 31 20 1 41 28 11 32 13 25 35 42 48 8 43 39 22 38 36 18 26 0 24 3 7 19 15 37 6 44 33 9 17 47 12 45 5 
Agent: 2ids: 37 
Agent: 3ids: 42 1 7 12 35 40 10 36 3 31 
Agent: 4ids: 26 17 39 12 4 41 16 28 
Agent: 5ids: 30 45 11 1 22 12 34 6 26 48 24 42 27 46 15 14 4 8 32 16 10 40 39 18 44 31 0 43 20 9 5 7 35 13 49 33 36 17 28 
Agent: 6ids: 11 22 10 43 20 25 36 18 24 2 28 32 3 46 0 48 37 33 47 26 40 44 9 38 35 29 45 
Agent: 7ids: 7 2 33 46 1 14 12 4 34 37 11 5 47 9 19 44 6 42 41 29 38 13 15 20 49 25 28 17 39 8 21 48 40 24 45 3 
Agent: 8ids: 9 39 26 7 1 0 22 11 10 16 44 43 33 49 29 41 28 27 20 6 31 35 14 4 34 23 24 2 32 37 15 
Agent: 9ids: 21 43 13 49 38 22 25 7 9 
Agent: 10ids: 8 47 28 5 48 12 9 15 39 43 36 2 24 7 45 
Agent: 11ids: 35 33 34 25 24 49 21 18 26 38 9 41 28 43 27 39 13 15 5 29 10 48 42 
Agent: 12ids: 42 0 13 38 22 39 43 20 36 37 
Agent: 13ids: 10 31 29 3 11 25 44 48 7 0 47 6 45 26 33 9 16 24 40 28 35 21 39 42 27 13 49 1 32 
Agent: 14ids: 45 26 0 35 39 19 17 8 32 23 7 46 27 5 18 1 28 21 31 37 20 6 33 12 40 15 43 24 3 13 29 25 11 9 47 30 34 38 44 10 16 14 36 41 49 
Agent: 15ids: 23 41 35 29 42 4 49 9 16 13 1 48 11 8 32 17 12 20 26 33 15 27 7 6 0 37 47 
Agent: 16ids: 10 17 6 23 3 20 40 28 27 35 38 41 16 25 12 31 48 11 15 9 5 4 47 36 44 19 30 
Agent: 17ids: 49 15 28 42 29 31 3 11 26 20 
Agent: 18ids: 26 27 34 14 43 12 21 13 47 5 10 44 2 6 18 48 41 9 25 19 37 32 1 11 38 29 22 30 17 42 45 15 28 16 39 49 31 
Agent: 19ids: 34 37 8 22 13 39 35 20 5 27 44 14 46 15 24 28 31 48 12 10 11 49 32 21 23 6 29 17 38 3 47 26 25 33 4 41 36 2 1 45 30 18 9 19 0 
Agent: 20ids: 24 29 13 4 9 22 1 5 40 27 47 28 36 10 8 35 43 14 41 42 31 46 23 48 45 21 6 
Agent: 21ids: 48 6 29 14 26 24 15 27 43 16 17 25 8 32 41 23 5 39 36 13 30 42 12 7 47 0 34 38 
Agent: 22ids: 22 8 17 46 32 24 25 13 
Agent: 23ids: 0 2 47 
Agent: 24ids: 36 41 12 44 37 16 18 47 15 25 27 24 29 5 28 23 32 4 40 6 34 46 1 2 48 42 10 26 8 21 
Agent: 25ids: 20 9 16 8 43 33 38 37 30 19 25 4 31 5 28 34 26 14 27 47 15 40 32 46 10 39 11 13 
Agent: 26ids: 17 28 48 26 27 38 34 47 30 19 15 5 33 49 10 25 20 44 12 35 40 16 1 13 6 23 2 41 45 11 43 3 8 37 4 22 18 7 36 31 42 29 9 32 14 21 39 
Agent: 27ids: 13 10 33 11 49 43 22 40 31 9 6 24 44 1 27 48 28 38 46 26 25 2 29 37 42 21 5 16 39 36 8 35 12 14 34 0 47 45 18 41 17 
Agent: 28ids: 49 45 10 19 11 43 16 30 15 17 18 36 26 1 4 12 42 3 9 27 23 44 14 40 22 35 6 47 32 37 24 2 28 41 39 
Agent: 29ids: 10 24 14 46 35 38 20 2 32 12 6 19 49 27 9 39 15 28 30 31 40 48 21 3 17 13 11 45 29 37 43 41 8 16 44 25 23 0 18 4 34 1 5 26 7 22 33 36 
Agent: 30ids: 42 39 46 17 37 35 1 0 
Agent: 31ids: 17 44 23 45 42 15 27 43 29 20 46 2 0 13 26 1 9 33 16 5 11 18 31 48 12 35 22 49 39 25 30 
Agent: 32ids: 43 0 49 37 14 38 42 36 35 18 25 48 34 1 9 7 26 11 6 46 24 45 20 17 33 23 4 5 40 
Agent: 33ids: 39 3 46 9 35 48 4 29 41 34 37 6 18 17 19 47 2 42 32 16 5 20 49 43 28 27 21 26 7 45 
Agent: 34ids: 47 35 44 48 10 14 39 49 25 33 22 16 42 0 
Agent: 35ids: 2 13 41 48 43 22 12 30 27 19 
Agent: 36ids: 41 49 46 
Agent: 37ids: 49 8 3 32 24 28 31 25 14 41 0 47 35 19 6 2 44 48 30 23 15 17 45 26 27 10 38 33 39 1 5 22 40 46 20 37 9 18 21 
Agent: 38ids: 13 14 44 23 17 43 29 20 16 6 4 7 48 0 8 40 5 24 22 2 18 49 45 31 9 21 25 10 37 26 19 33 41 11 36 12 32 34 30 3 27 39 28 46 
Agent: 39ids: 23 43 28 46 38 2 24 0 29 35 11 26 18 37 31 1 4 22 40 10 39 5 48 32 45 49 3 7 36 42 27 17 19 30 14 34 25 33 15 6 21 44 16 12 8 
Agent: 40ids: 18 7 8 30 14 36 4 10 33 48 34 
Agent: 41ids: 3 23 20 12 19 48 32 26 36 2 25 10 21 49 47 43 45 17 40 33 16 28 15 13 46 38 4 29 24 5 18 
Agent: 42ids: 9 3 5 34 22 35 18 17 4 37 
Agent: 43ids: 11 18 13 27 16 32 15 23 19 43 33 2 39 38 30 3 9 48 12 0 
Agent: 44ids: 2 26 31 32 41 42 49 14 29 27 7 24 0 
Agent: 45ids: 32 38 26 34 43 27 48 49 42 5 39 8 37 30 17 23 21 14 44 4 9 13 12 1 2 46 10 6 
Agent: 46ids: 35 26 5 4 32 48 12 31 45 29 27 43 8 42 40 46 
Agent: 47ids: 29 16 19 37 42 3 35 46 32 6 20 47 12 40 11 36 
Agent: 48ids: 22 28 38 23 46 33 40 20 5 35 7 45 16 4 0 1 8 37 26 10 17 27 48 2 34 39 31 9 15 
Agent: 49ids: 8 21 19 16 28 12 
0 0 19 5908.9 1400.36 3508.53 23959.5 94 43 2 
1 0 19 4715.11 1045.62 2669.5 6207.88 37 0 0 
2 0 19 4696.93 1040.96 2655.98 5779.56 36 0 0 
3 0 19 4639.11 1005.09 2634.03 5573.19 34 0 0 
5 1 19 4623.64 1057.88 2565.76 5693.71 33 0 0 
5 1 19 4605.86 1057.88 2547.98 5873.6 33 0 0 
6 1 19 4600.87 1083.49 2517.38 5958.79 33 0 0 
7 2 19 4517.8 1004.59 2513.21 5658.81 31 0 0 
9 3 19 4517.8 1006.45 2511.35 5637.34 31 0 0 
11 4 19 4359.92 899.848 2460.07 4552.3 27 0 0 
12 4 19 4349.71 948.242 2401.47 4467.89 27 0 0 
14 6 19 4339.65 953.847 2385.8 4439.02 26 0 0 
14 6 19 4339.18 1003.09 2336.09 4424.04 26 0 0 
15 6 19 4329.65 1002.23 2327.42 4303.61 25 0 0 
16 6 19 4308.38 991.731 2316.65 4294.3 25 0 0 
16 6 19 4258.87 973.235 2285.64 3810.85 25 0 0 
17 7 19 4247.86 963.368 2284.49 3703.77 24 0 0 
18 8 19 4208.37 944.404 2263.96 3427.19 24 0 0 
19 8 19 4211.78 963.76 2248.02 3465.56 24 0 0 
20 9 19 4151.28 948.578 2202.71 3130.86 24 0 0 
20 9 19 4164.73 978.962 2185.76 3111.86 24 0 0 
21 10 19 4073.42 906.492 2166.92 2659.6 24 0 0 
22 10 19 4070.75 906.492 2164.26 2542.04 24 0 0 
22 10 19 4071.43 921.677 2149.75 2525.53 23 0 0 
22 10 19 4018.6 921.677 2096.92 2171.97 23 0 0 
22 10 19 4019 937.057 2081.94 2066.33 22 0 0 
22 10 19 3997.59 919.057 2078.54 1897.57 22 0 0 
24 11 19 3997.59 949.154 2048.44 1916.11 22 0 0 
25 12 19 3947.16 940.197 2006.97 1699.55 21 0 0 
25 12 19 3969.57 1001.51 1968.07 1799.12 21 0 0 
27 13 19 3987.79 1020.93 1966.85 1752.68 20 0 0 
29 15 19 3987.79 1026.46 1961.33 1752.68 20 0 0 
30 15 19 3980.04 1020.93 1959.1 1747.75 20 0 0 
31 16 19 3964.54 1009.23 1955.31 1718.9 20 0 0 
32 17 19 3977.32 1022.29 1955.03 1815 20 0 0 
33 17 19 3977.32 1027.81 1949.51 1815 20 0 0 
34 18 19 3977.32 1038.79 1938.53 1815 20 0 0 
37 20 19 3968.2 1044.16 1924.05 1799.47 20 0 0 
37 20 19 3922.54 1002.92 1919.62 1704.39 20 0 0 
40 22 19 3922.54 1004.41 1918.13 1700.04 20 0 0 
41 23 19 3921.62 1004.41 1917.22 1556.95 20 0 0 
43 23 19 3922.54 1012.69 1909.85 1704.39 20 0 0 
43 24 19 3917.02 1007.86 1909.16 1677.96 20 0 0 
45 25 19 3911.79 1021.23 1890.57 1403 18 0 0 
46 26 19 3901.57 1011.34 1890.23 1277.54 17 0 0 
51 29 19 3854.11 968.224 1885.88 1277.54 17 0 0 
59 33 19 3872.34 994.696 1877.64 1216.36 17 0 0 
59 33 19 3873.01 998.388 1874.62 1205.72 16 0 0 
61 34 19 3873.01 999.151 1873.85 1205.72 16 0 0 
65 37 19 3873.01 1058.53 1814.48 1205.72 16 0 0 
67 38 19 3881.56 1079.42 1802.15 1245.55 16 0 0 
69 39 19 3843.94 1043.2 1800.74 1161.75 16 0 0 
82 47 19 3829.99 1041.09 1788.9 1169.83 16 0 0 
99 56 19 3829.99 1058.21 1771.78 1169.83 16 0 0 
110 63 19 3824.47 1053.21 1771.26 1135.1 15 0 0 
120 69 19 3829.99 1060.99 1769 1163.12 15 0 0 
122 70 19 3755.6 994.434 1761.17 938.988 14 0 0 
124 72 19 3750.36 994.434 1755.93 947.628 14 0 0 
125 72 19 3741.63 986.261 1755.37 919.766 14 0 0 
131 76 19 3749.2 998.124 1751.08 930.234 14 0 0 
134 77 19 3748.4 998.124 1750.27 925.439 14 0 0 
134 77 19 3709.16 972.833 1736.33 890.383 13 0 0 
145 84 19 3700.43 964.66 1735.77 862.52 13 0 0 
164 96 19 3709.16 983.598 1725.56 890.383 13 0 0 
167 97 19 3700.43 975.425 1725.01 861.322 13 0 0 
184 108 19 3701.73 977.184 1724.55 861.322 13 0 0 
189 111 19 3703.77 986.172 1717.6 831.625 13 0 0 
208 123 19 3696.08 980.502 1715.58 843.779 13 0 0 
225 134 19 3703.64 994.849 1708.79 868.928 13 0 0 
234 139 19 3705.71 997.561 1708.15 869.196 13 0 0 
242 145 19 3699.05 997.561 1701.49 886.591 13 0 0 
252 152 19 3699.05 1017.84 1681.21 888.802 13 0 0 
265 160 19 3699.05 1020.55 1678.5 888.802 13 0 0 
266 161 19 3699.05 1023.64 1675.41 888.802 13 0 0 
344 214 19 3699.05 1024.39 1674.67 863.802 12 0 0 
347 216 19 3693.01 1026.46 1666.55 799.028 12 0 0 
360 224 19 3709.33 1045.94 1663.39 843.459 12 0 0 
381 239 19 3709.33 1046.68 1662.66 843.459 12 0 0 
441 280 19 3709.33 1063.11 1646.22 843.459 12 0 0 
535 343 19 3718.51 1073.45 1645.05 802.335 12 0 0 
542 348 19 3704.6 1073.45 1631.14 789.102 12 0 0 
567 365 19 3704.6 1074.34 1630.25 789.102 12 0 0 
611 394 19 3583.4 953.525 1629.87 789.102 12 0 0 
632 409 19 3553.43 929.509 1623.92 814.401 12 0 0 
643 416 19 3553.43 938.192 1615.24 814.401 12 0 0 
662 429 19 3544.7 930.085 1614.62 749.278 11 0 0 
809 526 19 3534.39 921.163 1613.23 610.067 10 0 0 
1098 719 19 3513.73 900.997 1612.73 610.067 10 0 0 
1180 775 19 3507.74 899.107 1608.64 578.366 10 0 0 
1369 902 19 3507.74 899.569 1608.17 578.366 10 0 0 
1373 904 19 3507.74 903.295 1604.45 578.366 10 0 0 
1444 950 19 3487.08 883.129 1603.96 578.366 10 0 0 
1573 1034 19 3487.08 886.082 1601 578.366 10 0 0 
1685 1107 19 3486.57 886.082 1600.49 542.391 10 0 0 
1695 1113 19 3586.04 994.585 1591.46 564.037 10 0 0 
1982 1298 19 3586.04 996.42 1589.62 564.037 10 0 0 
2010 1316 19 3594.47 1009.02 1585.45 631.408 10 0 0 
2026 1327 19 3594.47 1019.68 1574.79 631.408 10 0 0 
2416 1584 19 3609.18 1035.46 1573.72 572.434 10 0 0 
2421 1587 19 3612.01 1038.47 1573.55 630.978 10 0 0 
2539 1667 19 3613.7 1044.04 1569.66 631.408 10 0 0 
2585 1698 19 3600.57 1032.9 1567.67 622.183 10 0 0 
3726 2426 19 3604.47 1038.32 1566.15 622.183 10 0 0 
4290 2802 19 3604.46 1038.32 1566.15 680.16 10 0 0 
4745 3106 19 3604.46 1058.7 1545.77 680.16 10 0 0 
7281 4829 19 3604.46 1059.68 1544.79 670.047 10 0 0 
7324 4859 19 3604.46 1065.65 1538.82 710.396 10 0 0 
