Agent: 0ids: 6 39 29 14 
Agent: 1ids: 27 10 6 36 37 21 16 17 4 39 28 25 31 13 
Agent: 2ids: 26 42 27 21 19 44 3 22 31 20 24 29 
Agent: 3ids: 33 30 9 36 44 14 17 15 18 28 42 7 29 25 16 4 48 26 23 0 31 45 21 12 
Agent: 4ids: 26 11 48 34 47 7 10 13 21 18 
Agent: 5ids: 46 25 11 14 44 41 43 22 
Agent: 6ids: 44 29 30 40 2 31 19 17 28 20 6 9 12 48 38 26 47 45 43 42 10 11 37 0 34 46 27 15 5 14 1 16 7 3 25 41 18 49 32 
Agent: 7ids: 16 37 28 22 35 19 26 25 42 44 49 38 15 30 20 46 27 40 45 34 3 41 32 
Agent: 8ids: 26 40 35 
Agent: 9ids: 12 24 34 0 10 35 28 27 22 42 21 13 43 48 3 40 5 37 45 18 49 9 17 8 
Agent: 10ids: 43 35 1 11 25 39 27 46 36 42 31 15 41 9 48 12 26 30 29 
Agent: 11ids: 0 28 40 34 10 9 45 13 16 47 26 38 
Agent: 12ids: 11 4 41 18 19 22 8 
Agent: 13ids: 39 16 20 11 10 21 4 14 33 24 23 40 1 31 2 7 5 17 25 12 45 34 29 18 48 6 30 36 49 32 15 46 42 35 22 37 13 3 28 38 0 
Agent: 14ids: 3 8 21 40 41 7 1 4 12 46 22 17 26 37 30 
Agent: 15ids: 46 5 7 19 34 43 35 15 2 33 3 45 30 21 23 4 31 24 27 20 18 32 10 14 39 41 12 40 26 17 16 29 37 28 47 6 9 49 0 1 8 44 25 42 36 38 11 22 13 
Agent: 16ids: 44 41 38 21 22 12 39 34 28 14 26 45 2 16 0 6 48 19 31 18 5 11 29 24 25 47 37 42 23 20 32 46 13 10 17 4 49 8 40 35 30 1 43 36 7 27 3 9 
Agent: 17ids: 45 27 43 17 30 4 0 5 41 26 48 40 22 25 38 24 33 16 14 18 12 34 42 21 
Agent: 18ids: 41 24 2 47 10 44 45 37 20 18 34 19 22 
Agent: 19ids: 28 18 49 32 47 37 22 30 24 3 19 43 14 36 9 2 12 16 35 13 
Agent: 20ids: 49 2 26 33 35 48 30 23 15 7 24 
Agent: 21ids: 0 10 16 19 17 3 49 
Agent: 22ids: 2 21 30 20 40 36 31 43 26 6 15 4 47 49 
Agent: 23ids: 15 8 32 33 18 44 7 20 2 37 38 28 41 14 4 49 22 40 46 9 3 42 29 26 35 25 34 0 1 45 19 23 12 13 27 11 43 10 36 17 30 48 24 21 47 16 
Agent: 24ids: 10 27 31 5 45 19 29 3 48 41 26 46 49 4 23 15 33 
Agent: 25ids: 11 27 40 25 21 
Agent: 26ids: 24 0 27 25 12 7 3 
Agent: 27ids: 38 16 21 17 4 46 39 29 18 32 11 22 31 34 6 26 35 
Agent: 28ids: 45 48 41 24 
Agent: 29ids: 32 38 25 23 10 13 9 34 20 12 2 37 24 19 22 43 6 39 18 36 15 21 17 42 41 11 29 
Agent: 30ids: 31 3 29 47 23 40 39 41 43 17 37 6 34 49 
Agent: 31ids: 29 37 13 4 
Agent: 32ids: 30 7 47 10 23 24 8 1 2 6 13 16 38 11 0 36 29 4 33 41 31 19 32 42 9 48 5 15 17 25 40 34 43 12 26 28 37 14 
Agent: 33ids: 43 37 28 27 6 29 16 15 36 38 11 45 33 39 3 41 20 14 26 40 49 
Agent: 34ids: 14 35 7 3 22 37 4 12 48 8 25 5 45 2 17 21 6 9 32 43 13 34 47 26 39 24 16 28 10 19 38 11 30 29 41 20 31 33 0 23 36 18 27 46 1 44 15 42 
Agent: 35ids: 30 14 29 39 24 18 5 6 44 35 37 22 42 36 46 
Agent: 36ids: 31 7 11 48 29 10 28 37 27 8 49 38 42 25 44 18 0 15 47 40 13 46 22 2 23 3 30 39 19 24 21 33 
Agent: 37ids: 26 30 38 45 44 3 23 33 48 7 15 17 29 49 25 24 13 43 34 36 12 9 
Agent: 38ids: 32 7 26 10 18 43 39 36 3 27 21 19 20 23 35 0 12 41 40 44 13 49 9 47 2 5 45 33 42 15 1 28 31 29 37 4 48 38 22 11 25 14 46 34 8 
Agent: 39ids: 7 6 15 2 33 48 44 8 23 5 30 11 40 39 41 18 1 49 0 
Agent: 40ids: 45 11 39 31 37 8 32 41 43 3 7 16 46 47 4 9 30 14 24 49 25 5 
Agent: 41ids: 12 18 2 28 46 29 10 40 3 37 33 45 31 23 22 11 19 0 25 4 36 5 44 42 21 47 16 27 9 39 48 1 49 32 30 6 38 7 20 43 8 24 15 34 14 17 
Agent: 42ids: 20 37 8 9 36 48 14 32 26 24 43 16 3 33 5 39 27 13 18 1 19 29 
Agent: 43ids: 1 29 30 15 43 19 36 7 23 5 
Agent: 44ids: 6 0 27 44 4 46 45 22 49 24 47 19 8 3 16 20 21 48 40 17 28 7 41 33 42 12 38 29 26 18 2 9 15 36 5 10 37 1 39 
Agent: 45ids: 4 46 
Agent: 46ids: 18 46 35 43 24 12 7 
Agent: 47ids: 28 4 41 22 36 33 11 26 12 29 43 35 27 8 32 23 34 49 45 
Agent: 48ids: 10 24 7 48 6 30 31 36 44 32 34 19 
Agent: 49ids: 0 35 40 9 37 33 2 14 48 28 17 44 26 18 38 4 42 20 32 36 8 19 46 43 31 15 1 3 16 23 5 7 22 49 47 41 39 29 11 30 13 21 45 25 34 10 12 
0 0 19 6228.04 1499.78 3728.26 21776.2 90 109 1 
0 0 19 5290.6 1241.05 3049.56 10433.2 49 0 0 
0 0 19 5068.45 1096.55 2971.9 9498.35 46 0 0 
1 0 19 4842.97 1028.45 2814.52 11940.2 43 0 0 
5 1 19 4818.89 1016.72 2802.17 11723.5 43 0 0 
5 1 19 4787.8 1015.03 2772.77 11212.7 43 0 0 
7 2 19 4680.11 951.504 2728.61 9344.62 39 0 0 
8 3 19 4677.18 951.504 2725.68 9326.64 39 0 0 
8 3 19 4648.51 934.89 2713.62 9191.41 38 0 0 
9 3 19 4604.22 923.147 2681.07 9025.36 37 0 0 
10 3 19 4407.84 939.42 2468.42 5686.62 36 0 0 
10 4 19 4416.47 952.92 2463.55 5766.02 36 0 0 
11 4 19 4397.97 939.42 2458.55 5666.9 36 0 0 
12 5 19 4352.06 923.987 2428.07 5445.87 35 0 0 
13 5 19 4349.91 923.987 2425.92 5454.97 35 0 0 
13 5 19 4321.58 917.162 2404.42 6559.39 35 0 0 
14 6 19 4346.18 973.193 2372.99 5379.26 35 0 0 
14 6 19 4333.49 979.25 2354.24 5334.29 35 0 0 
16 7 19 4310.29 972.055 2338.23 5261.19 35 0 0 
17 7 19 4151.98 819.553 2332.42 6541.36 33 0 0 
17 7 19 4230.92 984.606 2246.31 5112.68 33 0 0 
17 8 19 4207.86 974.6 2233.26 5134.35 33 0 0 
18 8 19 4195.63 963.322 2232.31 5039.66 32 0 0 
18 8 19 4195.72 976.097 2219.62 3508.87 30 0 0 
19 9 19 4191.59 976.097 2215.5 3505.4 30 0 0 
20 9 19 4143.66 935.513 2208.15 3168.75 30 0 0 
20 9 19 4135.61 940.297 2195.31 3113.48 29 0 0 
21 10 19 4140.07 1007.58 2132.49 2896.93 27 0 0 
21 10 19 4140.07 1030.34 2109.73 2896.93 27 0 0 
22 10 19 4098.31 994.28 2104.03 3013.06 27 0 0 
22 10 19 4124.29 1029.14 2095.16 3015.55 27 0 0 
23 11 19 4120.44 1035.57 2084.87 2773.67 27 0 0 
24 12 19 4106.03 1029.14 2076.89 3037.09 27 0 0 
25 12 19 4120.44 1047.91 2072.53 2773.67 27 0 0 
25 12 19 4106.86 1034.96 2071.89 2716.52 27 0 0 
30 15 19 4051.53 986.568 2064.96 2716.52 27 0 0 
31 16 19 4030.82 986.568 2044.26 2737.74 27 0 0 
33 17 19 4075.79 1090.08 1985.72 3363.06 25 0 0 
34 17 19 4043.45 1079.27 1964.18 2856.09 25 0 0 
34 18 19 4043.45 1096.15 1947.3 2892.77 25 0 0 
37 19 19 4043.45 1100.39 1943.06 2797.4 24 0 0 
37 19 19 4043.45 1127.31 1916.14 2746.71 24 0 0 
39 20 19 3974.68 1064.3 1910.38 2678.96 24 0 0 
41 22 19 3972.84 1070.91 1901.94 2701.99 24 0 0 
43 23 19 3949.6 1059.35 1890.25 2641.66 23 0 0 
46 25 19 3938.8 1058.8 1879.99 2664.74 23 0 0 
50 28 19 3938.77 1058.8 1879.96 2727.09 23 0 0 
51 28 19 3938.24 1058.8 1879.43 2619 23 0 0 
53 30 19 3938.24 1076.81 1861.43 2592.97 23 0 0 
63 37 19 3952.98 1095.33 1857.65 2814.69 23 0 0 
68 40 19 3952.8 1095.33 1857.47 2844.33 23 0 0 
71 42 19 3948.06 1095.33 1852.74 2803.75 23 0 0 
75 45 19 3972.36 1120.24 1852.12 2974.46 23 0 0 
76 45 19 3954.03 1102.2 1851.82 2814.69 23 0 0 
76 45 19 3949.29 1102.2 1847.08 2774.1 23 0 0 
82 49 19 3949.03 1102.2 1846.83 2621.52 23 0 0 
83 50 19 3935.45 1102.2 1833.24 2477.85 23 0 0 
84 51 19 3921.15 1090.48 1830.67 2340.59 23 0 0 
86 52 19 3879.88 1053.09 1826.78 2137.58 22 0 0 
88 53 19 3890.91 1069.34 1821.57 2194.08 22 0 0 
89 54 19 3890.91 1070.26 1820.65 2169.4 22 0 0 
94 57 19 3889.64 1070.26 1819.37 2180.01 22 0 0 
94 58 19 3888.67 1070.26 1818.41 2185.15 22 0 0 
99 61 19 3871.73 1055.79 1815.94 2048.16 22 0 0 
104 64 19 3871.73 1056.71 1815.02 2023.48 22 0 0 
107 66 19 3875.05 1061.08 1813.97 2046.3 22 0 0 
113 70 19 3890.91 1082.07 1808.85 2169.4 22 0 0 
114 71 19 3875.05 1066.86 1808.19 2046.3 22 0 0 
124 78 19 3889.24 1106.55 1782.69 2162.28 22 0 0 
129 81 19 3865.33 1083.94 1781.39 2048.16 22 0 0 
132 83 19 3881.34 1102.18 1779.16 2131.56 22 0 0 
135 85 19 3881.34 1102.3 1779.03 2131.56 22 0 0 
140 88 19 3888.81 1111.53 1777.28 2256.01 22 0 0 
142 90 19 3890.43 1113.79 1776.63 2307.06 22 0 0 
144 91 19 3891.21 1115.51 1775.7 2319.67 22 0 0 
145 92 19 3837.61 1067.01 1770.6 2059.93 22 0 0 
148 94 19 3834.2 1071.75 1762.45 1975.37 22 0 0 
151 96 19 3818.2 1057.26 1760.94 1881.38 22 0 0 
163 103 19 3825.83 1065.71 1760.12 1908.73 22 0 0 
165 105 19 3818.64 1069.41 1749.23 1881.47 21 0 0 
173 110 19 3813.26 1069.41 1743.85 1868.2 21 0 0 
173 110 19 3821.02 1081.58 1739.45 1903.84 21 0 0 
180 115 19 3782.36 1057.95 1724.41 1675.88 21 0 0 
183 116 19 3791.42 1078.32 1713.1 1773.41 21 0 0 
184 117 19 3791.21 1078.32 1712.89 1788.81 21 0 0 
200 127 19 3798.66 1090.49 1708.17 1848.74 21 0 0 
200 127 19 3801.32 1096.36 1704.95 1806.64 21 0 0 
202 129 19 3794.67 1096.05 1698.62 1761.86 21 0 0 
206 131 19 3797.05 1108.22 1688.84 1784.23 21 0 0 
226 144 19 3720.56 1040.81 1679.74 1749.11 21 0 0 
235 149 19 3667.86 999.833 1668.03 1800.5 21 0 0 
261 166 19 3667.86 1005.81 1662.05 1800.5 21 0 0 
263 167 19 3661.02 999.833 1661.19 1808 21 0 0 
298 188 19 3769.04 1117.48 1651.56 1743.62 20 0 0 
299 189 19 3769.04 1117.83 1651.22 1739.39 20 0 0 
313 198 19 3764.06 1117.83 1646.24 1656.4 20 0 0 
317 200 19 3763.92 1120.78 1643.15 1654.4 20 0 0 
337 213 19 3764.06 1124.61 1639.45 1656.4 20 0 0 
422 267 19 3759.05 1125.85 1633.2 1655.76 20 0 0 
456 289 19 3755.55 1125.85 1629.71 1627.96 20 0 0 
462 292 19 3755.55 1132.09 1623.46 1627.96 20 0 0 
469 297 19 3755.55 1132.82 1622.73 1632.83 20 0 0 
503 320 19 3755.55 1133.17 1622.39 1628.6 20 0 0 
505 321 19 3755.55 1135.85 1619.7 1628.6 20 0 0 
522 333 19 3764.97 1146.04 1618.93 1645.59 20 0 0 
545 347 19 3750.29 1139.68 1610.61 1486.86 20 0 0 
597 382 19 3748.81 1139.68 1609.13 1512.96 20 0 0 
600 384 19 3746.93 1139.1 1607.83 1486.86 20 0 0 
632 405 19 3746.93 1145.58 1601.35 1486.86 20 0 0 
680 437 19 3736.61 1135.84 1600.76 1476.54 20 0 0 
689 443 19 3734.61 1135.84 1598.77 1513.42 20 0 0 
693 446 19 3746.21 1147.96 1598.25 1486.84 20 0 0 
700 450 19 3760.87 1163.03 1597.84 1487.34 20 0 0 
743 479 19 3780.47 1183.14 1597.33 1526.54 20 0 0 
751 485 19 3779.57 1183.14 1596.43 1494.36 20 0 0 
761 492 19 3773.64 1183.14 1590.5 1495.93 20 0 0 
767 496 19 3709.31 1126.51 1582.8 1515.32 20 0 0 
792 513 19 3725.22 1142.51 1582.71 1472.53 20 0 0 
796 515 19 3696.04 1114.4 1581.64 1515.32 20 0 0 
907 590 19 3693.65 1114.15 1579.51 1492.95 20 0 0 
914 595 19 3696.04 1133.01 1563.03 1515.32 20 0 0 
1038 679 19 3632.65 1091.49 1541.16 1515.32 20 0 0 
1047 685 19 3569.48 1062.49 1506.99 1515.32 20 0 0 
1266 828 19 3477.56 972.306 1505.25 1338.5 19 0 0 
1277 836 19 3484.87 979.686 1505.19 1261.9 19 0 0 
1278 837 19 3527.54 1028.23 1499.31 1379.51 19 0 0 
1279 837 19 3487.4 990.657 1496.74 1237.5 19 0 0 
1281 839 19 3488.05 996.759 1491.3 1292.01 19 0 0 
1302 853 19 3479.12 989.736 1489.38 1292.89 19 0 0 
1434 939 19 3472.14 985.563 1486.58 1259.89 18 0 0 
1486 975 19 3459.86 973.41 1486.45 1254.18 18 0 0 
1533 1007 19 3470.76 989.253 1481.51 1333.27 18 0 0 
1581 1037 19 3470.76 990.049 1480.71 1333.27 18 0 0 
1826 1200 19 3398.6 918.859 1479.74 1333.27 18 0 0 
1969 1296 19 3398.09 918.859 1479.23 1306.71 18 0 0 
1987 1308 19 3408.6 936.899 1471.7 1336.1 18 0 0 
2060 1357 19 3391.66 922.128 1469.53 1246.57 18 0 0 
2066 1361 19 3401.74 939.143 1462.59 1320.4 18 0 0 
2079 1369 19 3399.74 939.143 1460.6 1357.27 18 0 0 
3916 2571 19 3411.82 952.736 1459.09 1475.53 18 0 0 
5489 3616 19 3401.83 949.156 1452.67 1487.18 18 0 0 
6010 3965 19 3397.88 951.864 1446.02 1464.23 18 0 0 
6513 4298 19 3417.41 973.92 1443.49 1449.02 18 0 0 
6554 4326 19 3405.31 963.522 1441.79 1417.32 18 0 0 
6746 4453 19 3390.76 951.864 1438.9 1417.32 18 0 0 
6865 4532 19 3390.43 951.864 1438.56 1412.14 18 0 0 
