0 0 14 6703.39 1096.25 4607.14 31869.8 97 156 3 
0 0 14 5320.27 596.268 3724 15070.7 59 33 3 
1 0 14 5289.06 655.863 3633.2 15182.5 56 25 3 
3 0 14 5249.28 647.025 3602.25 14837.7 55 19 2 
4 1 14 5229.6 646.742 3582.86 14781.1 55 16 2 
4 1 14 5218.37 646.742 3571.63 14459.9 54 12 1 
5 2 14 5178.7 646.742 3531.96 14407 54 12 1 
7 3 14 5111.74 629.509 3482.23 13899.5 53 12 1 
8 4 14 5093.98 620.809 3473.17 13689.9 53 0 0 
9 5 14 4972.26 584.447 3387.81 12740.6 53 0 0 
9 5 14 4937.37 576.747 3360.62 12585 52 0 0 
11 7 14 4922.01 574.291 3347.72 12057.5 51 0 0 
15 10 14 4910.27 578.522 3331.75 12055.9 51 0 0 
15 10 14 4836.45 546.044 3290.4 11325.3 50 0 0 
16 11 14 4746.92 471.184 3275.73 10504.2 49 0 0 
18 12 14 4738.13 471.184 3266.94 10464.4 49 0 0 
18 13 14 4629.29 471.601 3157.69 9720.71 49 0 0 
19 13 14 4644.81 492.535 3152.27 9885.52 47 0 0 
20 14 14 4572.91 515.753 3057.16 9698.08 47 0 0 
20 14 14 4549.84 519.666 3030.17 9320.99 45 0 0 
21 15 14 4534.91 527.366 3007.55 9120.01 45 0 0 
22 16 14 4534.91 534.975 2999.94 9110.96 45 0 0 
25 18 14 4388.58 510.061 2878.52 8740.58 43 0 0 
25 18 14 4407.52 556.083 2851.44 8994 43 0 0 
25 18 14 4391.29 550.349 2840.94 8896.49 43 0 0 
27 20 14 4364.26 550.349 2813.91 8743.87 43 0 0 
28 21 14 4189.56 540.171 2649.39 8144.21 40 0 0 
30 22 14 4173.71 539.032 2634.68 7937.39 40 0 0 
30 22 14 4167.57 534.728 2632.84 7920.46 40 0 0 
31 23 14 4192.15 564.076 2628.07 8159.96 40 0 0 
31 23 14 4137.93 547.134 2590.8 7967.68 40 0 0 
33 24 14 4126.57 547.219 2579.35 7646.95 40 0 0 
34 25 14 4078.5 539.518 2538.98 7394.02 39 0 0 
39 29 14 4078.92 558.844 2520.07 7262.52 39 0 0 
40 30 14 4078.29 558.844 2519.45 7274.72 39 0 0 
42 31 14 4076.6 558.844 2517.75 7226.96 39 0 0 
42 31 14 4054.99 544.971 2510.02 7177.03 39 0 0 
42 32 14 4054.99 545.842 2509.15 7177.03 39 0 0 
43 32 14 4029.79 543.298 2486.49 6917.93 38 0 0 
45 34 14 4032.44 551.56 2480.88 6987.1 38 0 0 
45 34 14 4032.04 551.56 2480.48 6995.4 38 0 0 
46 35 14 3961.51 488.089 2473.42 5821.11 38 0 0 
47 36 14 3939.84 473.338 2466.5 5705.52 35 0 0 
49 37 14 3953.19 493.85 2459.34 5866.97 35 0 0 
49 37 14 3953.19 494.82 2458.37 5866.97 35 0 0 
50 38 14 3953.19 495.225 2457.96 5866.97 35 0 0 
50 38 14 3889.81 480.008 2409.8 5266.96 34 0 0 
50 38 14 3892.87 517.96 2374.91 5288.91 34 0 0 
54 42 14 3896.91 522.048 2374.86 5292.94 34 0 0 
55 42 14 3893.21 535.048 2358.17 5280.74 34 0 0 
56 43 14 3893.21 535.453 2357.76 5280.74 34 0 0 
57 44 14 3698.06 541.05 2157.01 4288.05 34 0 0 
58 45 14 3660.74 554.623 2106.12 4560.36 32 0 0 
59 45 14 3645.11 554.623 2090.49 4430.99 32 0 0 
60 47 14 3645.11 554.738 2090.37 4430.99 32 0 0 
61 47 14 3640.84 558.134 2082.7 4465.41 32 0 0 
62 48 14 3640.2 558.134 2082.07 4431.19 32 0 0 
63 49 14 3616.47 545.389 2071.08 4332.65 29 0 0 
65 50 14 3618.26 549.556 2068.71 4320.14 29 0 0 
66 52 14 3618.26 549.671 2068.59 4320.14 29 0 0 
67 52 14 3537.57 502.949 2034.62 3573.4 27 0 0 
68 53 14 3537.57 503.745 2033.82 3573.4 27 0 0 
69 53 14 3509.45 492.398 2017.05 3426.4 26 0 0 
70 55 14 3483.76 496.475 1987.28 3287.11 26 0 0 
73 57 14 3483.76 497.272 1986.49 3287.11 26 0 0 
73 57 14 3481.25 497.272 1983.98 3276.82 26 0 0 
73 58 14 3482.08 501.556 1980.52 3245.62 26 0 0 
77 60 14 3479.56 500.417 1979.15 3169.08 26 0 0 
77 60 14 3480.45 509.151 1971.3 3297.65 26 0 0 
79 62 14 3480.45 509.591 1970.86 3297.65 26 0 0 
79 62 14 3446.29 480.297 1965.99 2694.44 24 0 0 
81 64 14 3442.1 480.297 1961.8 2588.85 24 0 0 
83 65 14 3441.72 480.297 1961.43 2643.7 24 0 0 
83 66 14 3429.26 480.297 1948.96 2517.66 24 0 0 
84 67 14 3439.56 494.419 1945.14 2635.03 24 0 0 
86 68 14 3435.37 493.623 1941.75 2529.44 24 0 0 
87 69 14 3435.37 494.419 1940.95 2529.44 24 0 0 
88 69 14 3414.82 486.449 1928.38 2512.52 23 0 0 
88 69 14 3419.55 498.799 1920.75 2544.76 23 0 0 
89 71 14 3411.05 507.672 1903.38 2569.36 23 0 0 
91 72 14 3406.34 507.672 1898.67 2538.11 23 0 0 
92 72 14 3389.14 501.233 1887.9 2504.15 23 0 0 
93 73 14 3388.36 501.233 1887.13 2540.42 23 0 0 
98 78 14 3386.17 499.18 1886.99 2540.42 23 0 0 
105 83 14 3378.61 499.18 1879.43 2519.36 23 0 0 
106 85 14 3367.45 490.308 1877.15 2343.09 22 0 0 
109 87 14 3360.51 484.561 1875.95 2336.15 22 0 0 
111 88 14 3354.09 490.308 1863.78 2569.85 22 0 0 
113 90 14 3360.49 505.073 1855.42 2711 22 0 0 
118 95 14 3342.74 505.073 1837.67 2438.59 22 0 0 
119 96 14 3342.74 513.27 1829.47 2438.59 22 0 0 
129 105 14 3341.85 513.27 1828.58 2414.5 22 0 0 
130 105 14 3355.08 529.64 1825.44 2438.59 22 0 0 
140 114 14 3354.57 529.64 1824.93 2424.54 22 0 0 
155 127 14 3332.17 508.368 1823.81 2392.47 22 0 0 
158 130 14 3325.97 506.809 1819.16 2378.04 22 0 0 
171 140 14 3319.67 500.558 1819.11 2339.75 22 0 0 
172 141 14 3331.39 513.999 1817.39 2422.69 22 0 0 
187 153 14 3331.39 515.299 1816.09 2425.06 22 0 0 
187 153 14 3282.29 488.629 1793.66 1867.94 21 0 0 
191 157 14 3280.49 493.531 1786.96 1884.39 20 0 0 
200 164 14 3271.18 484.531 1786.65 1864.59 20 0 0 
201 166 14 3248.51 468.315 1780.19 1870.9 20 0 0 
222 183 14 3279.01 506.187 1772.82 1870.9 20 0 0 
225 187 14 3299.01 526.451 1772.56 1870.9 20 0 0 
227 188 14 3229.12 486.246 1742.88 1889.52 20 0 0 
230 190 14 3210.91 508.767 1702.14 1779.24 20 0 0 
236 195 14 3159.59 462.403 1697.19 1796.68 19 0 0 
241 199 14 3149.84 462.403 1687.43 1774.96 19 0 0 
242 200 14 3147.86 461.92 1685.94 1811.16 19 0 0 
244 202 14 3154.83 470.92 1683.91 1830.96 19 0 0 
265 219 14 3145.17 461.726 1683.44 1842.81 19 0 0 
270 223 14 3166.82 484.688 1682.13 1689.38 18 0 0 
274 227 14 3156.16 474.07 1682.09 1606.98 18 0 0 
296 246 14 3170.26 491.871 1678.39 1640.13 18 0 0 
321 265 14 3170.26 492.344 1677.92 1640.13 18 0 0 
340 281 14 3170.26 496.63 1673.63 1637.08 18 0 0 
396 327 14 3158.06 488.853 1669.21 1589.75 18 0 0 
415 343 14 3156.98 488.853 1668.12 1577.69 18 0 0 
419 347 14 3164.49 497.113 1667.38 1585.2 18 0 0 
482 400 14 3107.61 440.293 1667.32 1609.02 18 0 0 
593 496 14 3113.63 449.242 1664.39 1615.04 18 0 0 
701 590 14 3119.78 458.69 1661.09 1814.63 18 0 0 
708 595 14 3113.63 452.784 1660.85 1615.04 18 0 0 
708 596 14 3116.81 456.093 1660.72 1783.56 18 0 0 
786 662 14 3123.46 465.037 1658.42 1804.84 18 0 0 
797 672 14 3121.82 465.037 1656.78 1783.56 18 0 0 
810 684 14 3116.81 460.477 1656.33 1783.56 18 0 0 
964 815 14 3116.81 460.916 1655.89 1783.56 18 0 0 
1027 868 14 3116.81 461.026 1655.78 1783.56 18 0 0 
1037 877 14 3116.81 461.175 1655.63 1783.56 18 0 0 
1037 877 14 3116.81 462.046 1654.76 1783.56 18 0 0 
1099 932 14 3117.24 463.23 1654.01 1839.14 18 0 0 
1199 1020 14 3117.24 464.532 1652.71 1839.14 18 0 0 
1252 1066 14 3106.94 455.847 1651.1 1839.14 18 0 0 
1283 1092 14 3101.39 456.973 1644.42 1836.96 18 0 0 
1296 1103 14 3105.9 461.973 1643.93 1826.47 18 0 0 
1346 1146 14 3083.74 463.973 1619.77 1807.87 18 0 0 
1382 1177 14 3083.74 466.604 1617.14 1809.28 18 0 0 
1508 1286 14 3055.64 438.515 1617.13 1749.71 18 0 0 
1513 1291 14 3065.64 450.234 1615.41 1809.28 18 0 0 
1582 1349 14 3063.74 450.559 1613.18 1779.86 18 0 0 
1594 1358 14 3065.64 454.178 1611.46 1809.28 18 0 0 
1725 1473 14 3076.19 468.115 1608.08 1809.28 18 0 0 
1737 1483 14 3076.19 468.251 1607.94 1809.28 18 0 0 
1746 1491 14 3056.64 453.601 1603.04 1775.65 18 0 0 
1795 1533 14 3066.22 463.216 1603.01 1775.65 18 0 0 
2420 2071 14 3066.18 464.526 1601.66 1742.88 18 0 0 
2422 2073 14 3066.13 465.399 1600.73 1776.86 18 0 0 
2458 2104 14 3066.13 466.395 1599.73 1776.86 18 0 0 
2513 2152 14 3062.12 466.395 1595.73 1598.44 18 0 0 
2699 2312 14 3073.14 478.851 1594.29 1474.92 18 0 0 
2719 2329 14 3077.88 484.78 1593.1 1478.28 18 0 0 
2734 2341 14 3076.72 484.78 1591.94 1478.28 18 0 0 
2754 2358 14 3076.39 484.78 1591.61 1504.8 18 0 0 
2815 2411 14 3065.87 474.683 1591.19 1497.73 18 0 0 
2819 2415 14 3068.19 479.023 1589.16 1659.45 17 0 0 
2891 2476 14 3090.19 501.352 1588.84 1659.45 17 0 0 
2899 2483 14 3090.19 502.714 1587.47 1659.45 17 0 0 
3131 2681 14 3086.61 502.714 1583.9 1448.64 17 0 0 
3176 2718 14 3070 486.694 1583.3 1395.65 17 0 0 
3603 3085 14 3065.9 495.032 1570.87 1323.41 17 0 0 
3893 3337 14 3065.77 495.032 1570.74 1395.65 17 0 0 
4012 3441 14 3079.42 508.839 1570.58 1395.65 17 0 0 
4014 3443 14 3079.42 510.718 1568.7 1395.65 17 0 0 
4368 3756 14 3078.95 513.513 1565.44 1425.17 17 0 0 
4464 3838 14 3068.42 503.898 1564.52 1425.17 17 0 0 
4765 4102 14 3041.04 478.389 1562.66 1251.75 17 0 0 
4787 4121 14 3037.23 478.389 1558.84 1091.36 17 0 0 
4820 4150 14 3023.32 468.389 1554.94 1060.36 17 0 0 
5478 4722 14 3004.69 451.561 1553.13 1019.28 17 0 0 
5485 4727 14 2988.85 437.183 1551.67 880.505 17 0 0 
