0 0 14 6664.68 737.893 4926.78 36986 96 356 2 
3 0 14 4849.81 411.086 3438.73 10275.1 49 64 3 
3 0 14 4821.13 436.136 3384.99 10027 48 47 4 
4 1 14 4734.45 458.436 3276.01 9440.28 47 47 4 
5 2 14 4545.51 390.023 3155.48 9003.14 47 42 3 
5 2 14 4546.9 405.859 3141.04 9014.26 47 42 3 
5 2 14 4483.92 405.155 3078.76 8817.37 47 42 3 
5 2 14 4441.45 405.155 3036.3 8720.14 47 42 3 
7 3 14 4383.59 414.616 2968.98 8577.4 47 42 3 
9 4 14 4342.71 414.616 2928.09 8229.05 47 42 3 
9 5 14 4266.83 429.895 2836.94 7739.15 45 17 4 
12 6 14 4220.1 407.575 2812.52 7663.67 43 17 4 
13 7 14 4230.31 418.709 2811.6 7663.67 43 17 4 
13 7 14 4185.94 418.709 2767.23 7398.67 43 16 3 
14 8 14 4188.3 421.47 2766.83 7434.5 42 14 2 
14 8 14 4193.44 432.604 2760.83 7263.3 42 7 1 
16 9 14 4177.37 421.47 2755.9 7239.45 42 7 1 
17 10 14 4043.88 438.979 2604.9 6729.83 41 2 1 
17 10 14 4054.09 450.113 2603.98 6729.83 41 2 1 
17 10 14 4036.11 438.979 2597.13 6702.32 41 2 1 
17 10 14 3980.15 437.117 2543.03 6364.46 40 0 0 
18 11 14 3963.39 420.611 2542.77 6364.46 40 0 0 
19 11 14 3972.91 437.117 2535.79 6513.03 40 0 0 
20 12 14 3969.34 439.824 2529.51 6374.91 40 0 0 
21 13 14 3979.93 453.689 2526.25 6374.91 40 0 0 
22 13 14 3897.7 395.824 2501.88 5809.25 38 0 0 
22 13 14 3833.71 395.824 2437.89 5255.75 38 0 0 
26 16 14 3833.25 397.275 2435.98 5255.75 38 0 0 
27 17 14 3833.18 397.275 2435.91 5305.6 38 0 0 
27 17 14 3830.77 397.275 2433.49 5288.43 38 0 0 
28 18 14 3823.76 397.275 2426.49 5260.43 38 0 0 
28 18 14 3817.81 397.275 2420.54 5249.97 38 0 0 
31 20 14 3817.81 403.389 2414.42 5249.97 38 0 0 
33 22 14 3806.4 402.701 2403.7 5242.14 37 0 0 
33 22 14 3777.02 374.767 2402.25 4936.54 36 0 0 
39 27 14 3776.86 390.698 2386.16 5042.31 36 0 0 
42 29 14 3776.86 403.418 2373.44 5042.31 36 0 0 
45 32 14 3776.44 428.344 2348.1 5041.48 36 0 0 
47 33 14 3706.82 388.035 2318.79 4735.46 36 0 0 
47 33 14 3695.77 388.035 2307.74 4705.17 36 0 0 
47 33 14 3687.52 388.035 2299.49 4363.4 36 0 0 
48 34 14 3642.52 388.035 2254.48 4191.8 34 0 0 
53 37 14 3636.23 388.035 2248.19 4002.4 34 0 0 
53 37 14 3636.07 388.035 2248.03 4013.25 34 0 0 
56 39 14 3720.55 476.526 2244.02 4528 34 0 0 
56 39 14 3713.9 476.526 2237.37 4366.49 34 0 0 
57 40 14 3715.81 490.328 2225.48 4289.76 33 0 0 
58 41 14 3711.32 490.328 2220.99 4287.78 33 0 0 
60 42 14 3711.32 535.34 2175.98 4287.78 33 0 0 
65 46 14 3711.31 535.34 2175.97 4288.25 33 0 0 
65 46 14 3693.74 523.681 2170.06 4199.37 32 0 0 
66 47 14 3693.57 523.681 2169.89 4210.22 32 0 0 
66 47 14 3632.7 502.779 2129.92 3866.54 31 0 0 
68 48 14 3622.37 492.639 2129.73 3866.54 31 0 0 
73 52 14 3624.5 509.942 2114.56 3767.22 30 0 0 
74 53 14 3613.04 503.336 2109.71 3694.41 30 0 0 
75 53 14 3611.49 503.336 2108.16 3692.87 30 0 0 
75 54 14 3610.35 503.336 2107.02 3812.74 30 0 0 
77 55 14 3545.78 489.752 2056.03 3638.21 29 0 0 
81 58 14 3532.77 483.146 2049.63 3563.86 29 0 0 
82 59 14 3531.35 483.146 2048.2 3576.76 29 0 0 
82 59 14 3523.48 483.146 2040.33 3582.31 29 0 0 
82 59 14 3513.68 483.713 2029.96 3563.34 29 0 0 
83 59 14 3506.58 490.624 2015.96 3583.6 29 0 0 
84 60 14 3506.47 490.624 2015.85 3564 28 0 0 
86 62 14 3506.47 491.285 2015.19 3564 28 0 0 
91 65 14 3504.03 491.285 2012.75 3558.7 28 0 0 
94 68 14 3488.96 498.744 1990.22 3617.58 27 0 0 
97 70 14 3470.47 489.061 1981.41 3446.31 26 0 0 
98 71 14 3470.47 490.422 1980.05 3446.31 26 0 0 
99 71 14 3449.56 475.108 1974.46 3446.31 26 0 0 
106 77 14 3425.14 453.207 1971.94 3334.74 25 0 0 
106 77 14 3453.16 482.507 1970.66 3457.08 25 0 0 
108 78 14 3422.63 482.507 1940.12 3274.84 25 0 0 
109 79 14 3418.84 482.507 1936.34 3245.34 25 0 0 
109 79 14 3418.84 483.267 1935.58 3245.34 25 0 0 
113 82 14 3408.51 473.127 1935.39 3245.34 25 0 0 
113 82 14 3429.93 495.164 1934.77 3239.6 25 0 0 
114 83 14 3417.9 492.666 1925.24 3227.58 25 0 0 
115 83 14 3417.9 502.658 1915.25 3227.58 25 0 0 
116 84 14 3417.9 504.019 1913.88 3227.58 25 0 0 
122 89 14 3407.65 493.879 1913.77 3254.14 25 0 0 
128 93 14 3405.99 493.879 1912.11 3241.6 25 0 0 
128 93 14 3405.32 493.879 1911.44 3299.34 25 0 0 
135 98 14 3410.22 503.249 1906.97 3221.37 24 0 0 
158 115 14 3421.3 516.922 1904.38 3199.41 23 0 0 
164 119 14 3422.33 519.16 1903.17 3195.14 23 0 0 
168 122 14 3417.91 516.922 1900.99 3177.68 23 0 0 
172 125 14 3407.19 514.287 1892.9 3176.47 23 0 0 
174 127 14 3400.49 514.287 1886.2 3193.36 23 0 0 
179 130 14 3394.86 515.828 1879.03 3128.1 23 0 0 
190 138 14 3392.99 515.828 1877.16 3146.91 23 0 0 
210 152 14 3390.42 515.828 1874.59 3153.52 23 0 0 
212 154 14 3389.83 515.828 1874.01 3149.47 23 0 0 
213 155 14 3389.83 521.601 1868.23 3149.47 23 0 0 
222 160 14 3385.93 521.601 1864.33 3102.33 23 0 0 
230 166 14 3382.7 521.601 1861.1 3083.53 23 0 0 
230 167 14 3382.17 521.601 1860.57 3095.22 23 0 0 
234 170 14 3398.98 538.451 1860.53 3117.72 23 0 0 
238 172 14 3387.69 528.276 1859.41 3095.13 23 0 0 
240 174 14 3365.56 517.024 1848.54 3073.01 23 0 0 
269 195 14 3365.32 517.024 1848.3 3068.48 23 0 0 
279 202 14 3375.32 527.164 1848.16 3088.48 23 0 0 
289 209 14 3337.95 498.951 1838.99 2995.21 23 0 0 
293 212 14 3347.95 509.091 1838.85 3015.21 23 0 0 
293 212 14 3369.22 536.613 1832.61 3068.05 23 0 0 
295 214 14 3311.71 496.604 1815.1 2385.95 23 0 0 
300 218 14 3308.72 496.604 1812.11 2386.1 22 0 0 
301 219 14 3301.37 489.929 1811.44 2368.15 22 0 0 
302 219 14 3287.34 482.965 1804.38 2346.22 22 0 0 
302 219 14 3274.36 484.005 1790.35 2297.98 22 0 0 
302 220 14 3274.99 489.906 1785.09 2327.69 22 0 0 
303 220 14 3282.88 503.33 1779.55 2353.84 22 0 0 
309 224 14 3265.56 496.655 1768.9 2330.32 22 0 0 
316 229 14 3201.43 499.186 1702.24 2079.79 22 0 0 
319 232 14 3201.43 508.912 1692.52 2079.79 22 0 0 
327 237 14 3195.68 508.614 1687.07 1997.97 22 0 0 
331 240 14 3159.61 477.819 1681.79 1997.97 22 0 0 
341 247 14 3147.52 472.193 1675.33 1851.98 21 0 0 
352 256 14 3147.35 472.193 1675.15 1851.98 21 0 0 
361 261 14 3147.52 473.6 1673.92 1851.98 21 0 0 
364 264 14 3147.35 473.6 1673.75 1851.98 21 0 0 
368 267 14 3147.35 486.825 1660.52 1851.98 21 0 0 
370 268 14 3145.55 486.825 1658.73 1846.34 21 0 0 
372 270 14 3145.55 488.232 1657.32 1846.34 21 0 0 
375 272 14 3134.75 479.232 1655.52 1814.74 21 0 0 
385 279 14 3134.75 479.992 1654.76 1814.74 21 0 0 
386 280 14 3141.97 488.534 1653.44 1769.77 21 0 0 
388 281 14 3138.23 497.318 1640.91 1740.97 21 0 0 
389 282 14 3134.58 509.532 1625.05 1800.45 21 0 0 
389 282 14 3133.13 509.532 1623.6 1799 21 0 0 
397 288 14 3126.74 520.754 1605.99 1770.48 21 0 0 
407 295 14 3124.52 520.754 1603.77 1651.33 21 0 0 
442 319 14 3126.6 523.855 1602.74 1594.7 21 0 0 
446 322 14 3134.95 532.855 1602.09 1623.85 21 0 0 
457 329 14 3140.19 546.347 1593.84 1596.59 21 0 0 
469 338 14 3140.19 546.689 1593.5 1596.59 21 0 0 
482 347 14 3089.28 498.887 1590.39 1596.59 21 0 0 
579 416 14 3079 489.887 1589.11 1581.23 21 0 0 
585 420 14 3077.55 489.887 1587.66 1578.34 21 0 0 
591 424 14 3086.49 498.887 1587.6 1599.14 21 0 0 
636 456 14 3075.94 488.746 1587.19 1542.11 21 0 0 
659 472 14 3052.18 473.746 1578.44 1497.48 20 0 0 
679 486 14 3052.18 474.729 1577.46 1496.5 20 0 0 
703 503 14 3052.18 497.676 1554.51 1496.5 20 0 0 
711 509 14 3062.24 507.816 1554.42 1516.6 20 0 0 
714 510 14 3062.24 521.729 1540.51 1516.6 20 0 0 
715 511 14 3062.24 523.602 1538.63 1516.6 20 0 0 
797 569 14 3070.28 532.422 1537.86 1648.11 20 0 0 
853 608 14 3069.64 532.422 1537.22 1653.39 20 0 0 
880 627 14 3066.3 546.181 1520.12 1653.85 20 0 0 
886 630 14 3063.65 547.151 1516.5 1590.97 19 0 0 
900 641 14 3063.65 549.32 1514.33 1590.97 19 0 0 
962 683 14 3049.88 536.838 1513.04 1600.36 19 0 0 
1018 722 14 3038.69 526.695 1511.99 1507.59 19 0 0 
1023 726 14 3037.54 526.695 1510.84 1524.87 19 0 0 
1058 750 14 3036.39 526.695 1509.7 1507.59 19 0 0 
1080 765 14 3038.51 529.829 1508.68 1503.11 19 0 0 
1145 809 14 3023.73 515.143 1508.58 1293.2 18 0 0 
1148 811 14 3023.73 519.801 1503.93 1293.2 18 0 0 
1231 868 14 3035.43 538.823 1496.6 1426.12 18 0 0 
1289 910 14 3014.2 521.08 1493.12 1391.85 17 0 0 
1563 1101 14 2998.1 509.08 1489.02 1354.73 17 0 0 
1735 1221 14 2989.79 500.998 1488.79 1262.17 17 0 0 
1867 1315 14 2997.82 509.818 1488 1399.68 17 0 0 
2154 1514 14 2997.31 509.818 1487.49 1399.68 17 0 0 
