0 0 14 6521.64 783.765 4737.87 41645.6 93 533 3 
4 2 14 4720.28 433.566 3286.72 13435.8 48 125 3 
6 3 14 4594.92 364.241 3230.68 11912.5 47 106 2 
6 3 14 4556.48 348 3208.48 11385.6 46 106 2 
6 3 14 4557.87 350.831 3207.04 11396.7 46 106 2 
7 3 14 4548.55 350.831 3197.72 11074.6 46 106 2 
7 3 14 4511.58 350.831 3160.75 10973.7 46 106 2 
7 4 14 4510.88 350.831 3160.05 10988.5 46 106 2 
7 4 14 4497.94 341.667 3156.28 10967 46 106 2 
8 4 14 4446.1 341.667 3104.43 10916.3 45 106 2 
8 5 14 4430.36 341.667 3088.7 10827.2 45 106 2 
9 5 14 4430.36 342.266 3088.1 10827.2 45 106 2 
10 6 14 4405.12 342.266 3062.85 10450.5 44 66 2 
11 7 14 4411.64 352.665 3058.97 10546.2 44 66 3 
12 7 14 4440.51 403.759 3036.76 10753.5 44 52 3 
12 8 14 4440.51 407.763 3032.75 10753.5 44 52 3 
13 9 14 4421.53 392.223 3029.31 10314 43 52 3 
13 9 14 4407.28 395.39 3011.89 10323.4 43 52 3 
14 9 14 4381.64 384.985 2996.65 9863.67 42 52 3 
14 9 14 4351.96 461.98 2889.98 9800.56 42 45 2 
14 10 14 4351.96 465.34 2886.62 9800.56 42 45 2 
15 10 14 4348 465.34 2882.66 9796.07 42 45 2 
15 10 14 4378.37 517.676 2860.7 9800.56 42 45 2 
16 11 14 4354.79 514.316 2840.48 9284.09 42 35 2 
16 11 14 4354.51 517.676 2836.83 9221.29 42 35 2 
16 11 14 4284.52 524.651 2759.87 9012.77 42 35 2 
16 11 14 4240.88 503.646 2737.24 9012.77 42 35 2 
17 12 14 4225.97 520.602 2705.37 8972.64 42 35 2 
17 12 14 4225.11 523.962 2701.15 8983.32 42 35 2 
18 13 14 4228.35 530.153 2698.2 8850.28 41 35 2 
19 13 14 4191.91 518.182 2673.73 8699.79 41 35 2 
19 14 14 4128.55 506.253 2622.3 8209.43 41 25 2 
19 14 14 4128.55 509.613 2618.94 8209.43 41 25 2 
21 15 14 4150.41 532.831 2617.58 8070.65 41 25 2 
21 15 14 4150.41 536.191 2614.22 8070.65 41 25 2 
23 16 14 4143.36 536.191 2607.16 7936.1 41 25 2 
26 18 14 4143.36 536.322 2607.03 7936.1 41 25 2 
28 21 14 4007.93 516.322 2491.61 7362.49 40 20 1 
32 23 14 3999.96 515.948 2484.01 7338.47 40 20 1 
35 25 14 3954.49 527.543 2426.95 6109.62 40 14 2 
37 27 14 3988.36 581.296 2407.06 6170.44 40 6 1 
38 28 14 3999.24 596.561 2402.68 6126.21 39 6 1 
39 29 14 3997.46 596.561 2400.9 6128.27 39 6 1 
40 30 14 3981.36 596.561 2384.8 6164.49 39 6 1 
40 30 14 3940.13 572.455 2367.67 6098.44 39 6 1 
40 30 14 3931.76 572.455 2359.3 6104.42 39 6 1 
41 31 14 3930.53 572.455 2358.07 6140.95 39 6 1 
42 31 14 3883.79 557.313 2326.48 5842.83 38 6 1 
43 32 14 3826.17 557.313 2268.86 5503.16 38 6 1 
44 33 14 3824.94 557.313 2267.62 5539.69 38 6 1 
44 33 14 3735.91 511.649 2224.26 5015.42 37 0 0 
47 35 14 3735.47 511.649 2223.82 4976.42 37 0 0 
47 35 14 3711.38 488.449 2222.94 4955.87 36 0 0 
47 35 14 3697.96 488.449 2209.51 4915.81 36 0 0 
48 36 14 3738.82 574.387 2164.43 4741.96 35 0 0 
49 37 14 3724.52 561.931 2162.59 4688.06 34 0 0 
51 38 14 3713.87 551.741 2162.13 4567.05 33 0 0 
53 40 14 3696.2 566.019 2130.18 4454.42 33 0 0 
53 40 14 3690.75 564.784 2125.97 4454.42 33 0 0 
54 41 14 3685.36 567.182 2118.17 4454.42 33 0 0 
56 43 14 3684.06 567.182 2116.87 4588.32 32 0 0 
60 45 14 3684.06 569.489 2114.57 4588.32 32 0 0 
60 46 14 3666.5 584.339 2082.16 4564.22 32 0 0 
62 47 14 3631.99 574.14 2057.85 4445.88 31 0 0 
64 49 14 3628.57 572.83 2055.74 4272.3 31 0 0 
65 50 14 3623.97 571.535 2052.43 4240.08 31 0 0 
65 50 14 3623.53 571.535 2052 4201.09 31 0 0 
74 57 14 3620.98 586.198 2034.79 4358.86 31 0 0 
76 58 14 3572.55 571.535 2001.01 4167.77 31 0 0 
76 59 14 3571.59 571.535 2000.05 4161.78 31 0 0 
77 59 14 3512.67 525.675 1986.99 3853.43 31 0 0 
79 61 14 3512.67 529.35 1983.32 3853.43 31 0 0 
81 62 14 3495.63 514.571 1981.06 3820.5 30 0 0 
85 66 14 3495.61 515.336 1980.28 3780.6 30 0 0 
86 66 14 3487.97 514.571 1973.4 3618.28 30 0 0 
88 68 14 3478.88 509.682 1969.2 3554.67 30 0 0 
90 70 14 3443.73 481.325 1962.41 3377.59 30 0 0 
92 71 14 3441.94 481.325 1960.62 3310.11 30 0 0 
94 73 14 3438.38 480.219 1958.16 3223.28 30 0 0 
94 73 14 3426.72 480.219 1946.5 3234.19 30 0 0 
97 76 14 3424.49 480.219 1944.27 3220.59 30 0 0 
99 77 14 3408.3 473.417 1934.89 3219.68 29 0 0 
99 77 14 3399.15 480.219 1918.93 3055 28 0 0 
101 79 14 3368.24 469.567 1898.68 2898.15 26 0 0 
102 80 14 3366.01 469.567 1896.45 2884.55 26 0 0 
106 83 14 3365.99 469.567 1896.43 3008.81 26 0 0 
109 85 14 3362.56 469.567 1892.99 2994.12 26 0 0 
111 87 14 3361.04 469.567 1891.47 3175.69 26 0 0 
112 88 14 3360.44 469.567 1890.87 3197.55 26 0 0 
114 90 14 3355.41 469.567 1885.84 3178.44 26 0 0 
116 91 14 3338.95 469.567 1869.39 3157.89 26 0 0 
120 94 14 3338.95 470.264 1868.69 3157.89 26 0 0 
121 95 14 3336.7 470.264 1866.44 3287.96 26 0 0 
122 95 14 3351.99 493.313 1858.68 3262.17 26 0 0 
122 96 14 3351.37 493.313 1858.06 3257.21 26 0 0 
127 100 14 3336.43 480.396 1856.03 3175.7 25 0 0 
132 104 14 3333 480.396 1852.6 3161.01 25 0 0 
132 105 14 3337.05 488.615 1848.43 3147.69 24 0 0 
133 106 14 3304.84 464.867 1839.98 2710.34 23 0 0 
139 110 14 3303.64 464.867 1838.77 2709.86 23 0 0 
142 113 14 3301.06 464.762 1836.3 2687.67 23 0 0 
142 113 14 3311.54 476.403 1835.14 2733.04 23 0 0 
144 114 14 3311.02 476.403 1834.62 2733.04 23 0 0 
155 122 14 3289.01 461.86 1827.15 2748.74 23 0 0 
172 136 14 3297.59 476.488 1821.1 2759.33 23 0 0 
175 138 14 3303.19 483.396 1819.79 2785.51 23 0 0 
177 139 14 3280.57 461.754 1818.81 2735.65 23 0 0 
180 142 14 3281.64 463.799 1817.84 2742.09 23 0 0 
181 143 14 3275.54 461.754 1813.78 2716.54 23 0 0 
187 148 14 3285.56 473.924 1811.63 2823.13 23 0 0 
192 152 14 3282.12 473.924 1808.2 2823.13 23 0 0 
195 155 14 3252.82 478.692 1774.13 2750.12 23 0 0 
199 158 14 3252.65 478.692 1773.95 2779.38 23 0 0 
199 158 14 3262.73 492.585 1770.14 2748.12 23 0 0 
203 161 14 3262.73 493.813 1768.91 2748.12 23 0 0 
205 162 14 3263.83 507.761 1756.07 2748.12 23 0 0 
205 162 14 3263.83 508.99 1754.84 2748.12 23 0 0 
213 168 14 3253.36 499.819 1753.54 2737.65 23 0 0 
217 172 14 3255.36 502.751 1752.61 2739.65 23 0 0 
223 176 14 3254.44 501.864 1752.57 2744.09 23 0 0 
223 176 14 3237.23 486.382 1750.85 2739.65 23 0 0 
229 180 14 3237.06 486.382 1750.67 2768.91 23 0 0 
230 181 14 3236.17 485.693 1750.48 2768.03 23 0 0 
231 182 14 3234.33 485.693 1748.63 2568.75 23 0 0 
238 187 14 3234.23 485.693 1748.54 2591.49 23 0 0 
239 188 14 3232.39 485.693 1746.69 2392.22 23 0 0 
244 192 14 3232.1 485.693 1746.41 2388.59 23 0 0 
248 195 14 3231.86 485.693 1746.17 2358.91 23 0 0 
249 196 14 3255.36 517.382 1737.98 2652.01 23 0 0 
251 198 14 3255.36 518.253 1737.11 2652.01 23 0 0 
254 200 14 3225.1 499.688 1725.41 2380.05 22 0 0 
258 204 14 3178.83 479.888 1698.94 2085.14 21 0 0 
259 205 14 3114.5 415.682 1698.82 1707.34 19 0 0 
262 207 14 3133.9 440.241 1693.66 1803.98 19 0 0 
263 207 14 3102.06 414.685 1687.37 1656.88 19 0 0 
267 211 14 3101.65 414.791 1686.86 1656.88 19 0 0 
268 212 14 3099.44 414.791 1684.65 1643.63 19 0 0 
269 212 14 3098.8 414.791 1684.01 1643.56 19 0 0 
272 214 14 3100.45 416.73 1683.72 1621.78 19 0 0 
272 215 14 3099.85 416.73 1683.12 1643.63 19 0 0 
273 216 14 3099.85 417.956 1681.89 1655.61 19 0 0 
274 216 14 3099.61 417.956 1681.66 1625.94 19 0 0 
277 218 14 3099.61 420.109 1679.5 1625.94 19 0 0 
278 219 14 3119.01 443.441 1675.57 1710.6 19 0 0 
280 220 14 3118.6 443.547 1675.05 1710.6 19 0 0 
283 223 14 3114.52 448.406 1666.12 1739.39 19 0 0 
287 226 14 3106.59 445.997 1660.59 1720.86 19 0 0 
288 227 14 3097.15 445.997 1651.16 1701.52 19 0 0 
291 229 14 3096.51 445.997 1650.51 1701.45 19 0 0 
301 237 14 3097.98 447.86 1650.12 1597.24 18 0 0 
335 265 14 3097.98 453.562 1644.41 1597.24 18 0 0 
353 280 14 3081.34 443.67 1637.67 1542.58 18 0 0 
357 283 14 3077.06 453.511 1623.54 1626.69 18 0 0 
366 291 14 3077.42 459.214 1618.21 1635.05 18 0 0 
378 301 14 3079.46 463.404 1616.05 1626.27 18 0 0 
386 308 14 3076.45 463.404 1613.04 1667.84 18 0 0 
402 321 14 3071.64 463.404 1608.24 1715.23 18 0 0 
412 330 14 3070.53 463.918 1606.61 1715.23 18 0 0 
424 340 14 3071.64 475.864 1595.77 1716.34 18 0 0 
556 454 14 3071.64 478.231 1593.41 1716.34 18 0 0 
561 458 14 3071.64 481.773 1589.86 1716.34 18 0 0 
615 504 14 3066.98 478.477 1588.5 1586.29 18 0 0 
627 513 14 3073.11 486.753 1586.36 1602.53 18 0 0 
643 528 14 3054.32 473.325 1580.99 1571.17 18 0 0 
766 632 14 3052.71 473.325 1579.38 1644.96 17 0 0 
789 651 14 3052.11 473.325 1578.78 1643.1 17 0 0 
1042 866 14 3052.31 475.734 1576.57 1774.67 17 0 0 
1077 894 14 3073.53 497.653 1575.88 1815.58 17 0 0 
1084 899 14 3078.03 505.54 1572.49 1815.58 17 0 0 
1084 899 14 3077.16 505.54 1571.62 1788.76 17 0 0 
1097 910 14 3077.16 507.608 1569.55 1788.76 17 0 0 
1161 963 14 3066.43 499.722 1566.7 1811.09 17 0 0 
1162 964 14 3070.92 507.608 1563.31 1811.09 17 0 0 
1308 1086 14 3070.51 507.608 1562.9 1811.09 17 0 0 
1493 1240 14 3070.48 507.608 1562.87 1811.09 17 0 0 
1764 1465 14 3069.93 507.608 1562.33 1811.09 17 0 0 
1956 1620 14 3068.85 507.368 1561.48 1811.09 17 0 0 
1960 1624 14 3068.85 509.255 1559.59 1811.09 17 0 0 
1971 1632 14 3068.85 509.8 1559.05 1811.09 17 0 0 
2020 1671 14 3068.85 510.885 1557.96 1811.09 17 0 0 
2060 1705 14 3057.05 520.693 1536.36 984.845 16 0 0 
2061 1706 14 3046.31 512.627 1533.68 934.604 16 0 0 
2061 1707 14 3016.29 494.393 1521.9 879.752 16 0 0 
2088 1728 14 3004.89 485.295 1519.6 834.655 16 0 0 
2088 1728 14 3004.89 488.03 1516.86 835.04 16 0 0 
2121 1757 14 3016.01 503.167 1512.85 858.474 15 0 0 
2126 1761 14 3016.36 503.855 1512.5 858.474 15 0 0 
2244 1861 14 3020.23 510.547 1509.68 956.914 15 0 0 
2257 1871 14 3020.23 511.418 1508.81 956.914 15 0 0 
2258 1872 14 3020.23 513.486 1506.74 956.914 15 0 0 
2349 1950 14 3020.83 518.925 1501.9 970.505 15 0 0 
2405 1998 14 3018.06 523.546 1494.52 970.505 15 0 0 
2847 2377 14 3015.65 523.546 1492.11 998.314 15 0 0 
