0 0 14 6585.39 655.755 4929.63 41669.5 93 470 2 
2 0 14 5599.62 659.314 3940.31 15384.5 57 111 2 
4 1 14 5561.35 659.314 3902.04 15032.8 57 108 2 
4 1 14 5552.34 656.659 3895.68 16463.4 54 104 2 
6 2 14 5033.53 650.745 3382.78 13465.5 53 84 3 
7 3 14 4986.78 658.09 3328.69 14318.5 51 68 2 
8 4 14 4976.77 671.929 3304.84 14209.8 51 68 2 
9 5 14 4887.68 672.734 3214.94 13430.4 50 59 3 
9 5 14 4749.45 672.734 3076.72 13172.3 49 55 3 
10 5 14 4732.23 660.783 3071.44 12772.2 48 15 2 
11 6 14 4566.42 549.275 3017.15 9362.91 46 6 1 
11 6 14 4564.98 549.275 3015.71 9354.94 46 6 1 
12 7 14 4595.03 590.983 3004.05 9557.52 46 6 1 
12 7 14 4566.79 590.983 2975.8 9455.04 46 6 1 
12 7 14 4404.98 535.603 2869.37 8625.75 45 0 0 
12 7 14 4307.29 487.83 2819.46 7473.59 43 0 0 
13 8 14 4324.93 509.858 2815.07 7160.51 43 0 0 
13 8 14 4304.03 515.874 2788.16 7062.61 42 0 0 
14 8 14 4298.94 515.874 2783.06 7034.78 42 0 0 
14 9 14 4059.22 446.944 2612.28 6086.97 42 0 0 
15 9 14 4050.98 446.944 2604.04 6131.77 42 0 0 
16 9 14 4065.76 477.921 2587.84 6078.75 42 0 0 
16 10 14 4045.55 467.721 2577.83 5948.42 41 0 0 
16 10 14 4035.34 467.721 2567.62 5912.24 41 0 0 
16 10 14 4012.27 467.721 2544.55 5742.26 41 0 0 
16 10 14 4036.46 512.609 2523.85 5819.72 41 0 0 
17 11 14 4034.78 544.67 2490.11 6308.56 40 0 0 
19 12 14 4019.59 535.175 2484.42 6049.3 39 0 0 
19 12 14 4017.74 535.175 2482.57 6042.26 39 0 0 
19 12 14 3975.32 545.591 2429.73 6159.46 37 0 0 
20 13 14 3923.82 545.76 2378.06 5915.37 37 0 0 
22 14 14 3922.28 545.76 2376.53 5688.7 37 0 0 
22 14 14 3870.41 533.152 2337.26 5322.44 36 0 0 
22 15 14 3865.54 530.167 2335.37 5194 36 0 0 
23 15 14 3844.06 533.152 2310.91 5143.11 36 0 0 
24 16 14 3819.13 512.234 2306.9 4827.6 35 0 0 
25 17 14 3733.63 484.123 2249.51 4435.16 34 0 0 
27 18 14 3733.27 486.797 2246.47 4434.8 34 0 0 
27 19 14 3728.85 522.867 2205.99 4403.1 34 0 0 
28 19 14 3693.42 500.17 2193.25 4158.36 33 0 0 
28 20 14 3697.8 506.096 2191.7 4430.63 33 0 0 
28 20 14 3686.84 495.225 2191.61 4336.58 33 0 0 
28 20 14 3680.59 495.225 2185.37 4302.97 33 0 0 
29 20 14 3694.81 509.772 2185.04 4161.13 33 0 0 
29 20 14 3694.81 510.986 2183.82 4161.13 33 0 0 
29 20 14 3694.08 510.986 2183.1 4155.24 33 0 0 
31 22 14 3656.28 503.998 2152.28 3998.39 33 0 0 
33 23 14 3626.2 508.783 2117.41 4101.75 33 0 0 
33 23 14 3644.74 533.617 2111.12 4325.28 31 0 0 
35 25 14 3624.1 533.79 2090.31 4559.71 30 0 0 
35 25 14 3620.6 532.466 2088.13 4556.91 30 0 0 
36 26 14 3621.08 533.89 2087.19 4586.13 30 0 0 
37 26 14 3611.73 533.89 2077.84 4607.9 30 0 0 
39 28 14 3611.14 556.65 2054.49 4580.77 30 0 0 
40 29 14 3605.18 556.65 2048.53 4490.13 30 0 0 
43 30 14 3612.28 568.466 2043.81 4306.75 30 0 0 
44 32 14 3595.04 559.137 2035.91 4290.19 30 0 0 
44 32 14 3593.09 559.137 2033.95 4284.23 30 0 0 
46 33 14 3603.35 571.906 2031.45 4319.79 30 0 0 
46 33 14 3603.35 628.491 1974.86 4319.79 30 0 0 
47 34 14 3514.05 567.222 1946.82 3914.23 28 0 0 
48 34 14 3484.81 555.607 1929.2 3883.64 27 0 0 
48 35 14 3484.81 560.509 1924.3 3896.31 27 0 0 
49 35 14 3450.65 555.607 1895.05 3780.01 27 0 0 
51 37 14 3435.8 542.473 1893.33 3644.44 26 0 0 
57 42 14 3432.98 539.87 1893.11 3638.79 26 0 0 
58 42 14 3446.07 555.243 1890.82 3680 26 0 0 
63 47 14 3445.48 578.003 1867.48 3652.87 26 0 0 
66 49 14 3440.38 573.231 1867.15 3625.97 26 0 0 
66 49 14 3447.07 587.231 1859.83 3806.93 26 0 0 
69 51 14 3441.36 606.608 1834.76 3787.36 26 0 0 
74 55 14 3438.54 604.006 1834.54 3781.71 26 0 0 
74 55 14 3441.36 630.186 1811.18 3787.36 26 0 0 
75 56 14 3440.1 630.186 1809.91 3764.93 26 0 0 
76 57 14 3435.04 630.186 1804.86 3787.95 26 0 0 
78 58 14 3432.22 627.583 1804.64 3782.31 26 0 0 
81 61 14 3422.23 624.93 1797.3 3736.36 26 0 0 
83 62 14 3419.46 622.913 1796.55 3736.36 26 0 0 
84 63 14 3410.73 614.928 1795.8 3611.74 26 0 0 
88 66 14 3404.02 614.928 1789.1 3662.04 26 0 0 
88 67 14 3404.44 615.419 1789.02 3662.04 26 0 0 
90 68 14 3400.51 614.928 1785.58 3672.59 26 0 0 
97 74 14 3386.44 608.619 1777.82 3658.51 26 0 0 
106 81 14 3382.58 608.619 1773.96 3588.25 26 0 0 
108 83 14 3382.58 611.431 1771.15 3588.25 26 0 0 
115 89 14 3357.98 594.153 1763.83 3575.83 26 0 0 
119 91 14 3357.98 598.37 1759.61 3575.83 26 0 0 
130 100 14 3367.98 612.37 1755.61 3695.55 26 0 0 
135 104 14 3352.93 600.37 1752.56 3619.75 26 0 0 
158 122 14 3372.44 632.414 1740.02 3845.75 26 0 0 
159 122 14 3351.9 615.713 1736.19 3519.76 25 0 0 
161 124 14 3311.51 582.201 1729.31 3074.13 24 0 0 
189 146 14 3345.73 620.389 1725.34 3074.13 24 0 0 
194 151 14 3345.73 621.044 1724.69 3074.13 24 0 0 
199 154 14 3345.73 623.579 1722.15 3074.13 24 0 0 
213 165 14 3345.73 624.233 1721.5 3074.13 24 0 0 
228 177 14 3359.23 643.505 1715.73 3074.13 24 0 0 
238 185 14 3358.81 643.505 1715.31 2968.23 24 0 0 
243 189 14 3335.5 624.633 1710.87 2944.92 24 0 0 
243 189 14 3329.82 624.382 1705.44 2832.54 23 0 0 
245 191 14 3314.17 614.295 1699.87 2852.49 22 0 0 
247 193 14 3298.62 604.161 1694.46 2571.49 22 0 0 
247 193 14 3298.62 605.135 1693.49 2571.49 22 0 0 
257 201 14 3298.51 605.135 1693.38 2589.95 22 0 0 
259 203 14 3314.17 621.575 1692.59 2852.49 22 0 0 
272 213 14 3319.63 633.946 1685.68 2837.19 22 0 0 
306 240 14 3319.63 637.386 1682.24 2837.19 22 0 0 
373 293 14 3304.88 623.524 1681.35 2756.12 21 0 0 
415 325 14 3312.87 633.616 1679.25 2756.12 21 0 0 
421 331 14 3297.05 618.756 1678.3 2705.86 21 0 0 
426 335 14 3273.64 608.604 1665.04 2670.87 21 0 0 
427 335 14 3276.23 612.762 1663.47 2634.05 21 0 0 
459 361 14 3269.84 606.63 1663.21 2613.19 21 0 0 
514 406 14 3272.45 612.762 1659.68 2630.68 21 0 0 
522 413 14 3281.6 623.799 1657.8 2637.85 21 0 0 
537 426 14 3279.61 630.598 1649.01 2637.85 21 0 0 
616 491 14 3279.59 630.598 1648.99 2608.54 21 0 0 
628 502 14 3248.81 612.949 1635.86 2269 21 0 0 
643 514 14 3248.81 619.256 1629.55 2269 21 0 0 
659 528 14 3245.49 619.256 1626.23 2153.55 21 0 0 
702 562 14 3262.08 642.392 1619.69 2182.21 20 0 0 
709 568 14 3252.55 635.425 1617.13 2172.68 20 0 0 
715 573 14 3248.56 635.425 1613.14 2172.68 20 0 0 
724 580 14 3248.56 639.425 1609.14 2172.68 20 0 0 
894 717 14 3248.48 639.425 1609.06 2228.6 20 0 0 
1105 889 14 3214.94 608.632 1606.31 1925.72 20 0 0 
1106 890 14 3211.41 608.632 1602.78 1874.79 20 0 0 
1107 891 14 3188.7 608.632 1580.07 1797.34 20 0 0 
1116 898 14 3187.94 609.45 1578.49 1959.59 18 0 0 
1129 908 14 3161.71 593.01 1568.7 1671.99 18 0 0 
1139 917 14 3173.58 607.224 1566.36 1927.78 18 0 0 
1145 922 14 3173.58 607.994 1565.59 1927.78 18 0 0 
1156 930 14 3158.79 597.767 1561.02 1825.83 18 0 0 
1193 959 14 3157.73 597.767 1559.97 1673.2 18 0 0 
1369 1098 14 3167.93 607.994 1559.93 1772.63 18 0 0 
1401 1124 14 3168.53 609.216 1559.32 1721.14 18 0 0 
1496 1204 14 3167.14 609.216 1557.92 1747.78 18 0 0 
1498 1206 14 3137.89 581.422 1556.47 1725.6 18 0 0 
1504 1211 14 3142.97 587.28 1555.69 1725.6 18 0 0 
1526 1229 14 3137.02 581.422 1555.6 1725.6 18 0 0 
1547 1248 14 3136.13 581.422 1554.7 1668.49 18 0 0 
1712 1388 14 3136.13 584.965 1551.16 1668.49 18 0 0 
1754 1425 14 3131.24 581.57 1549.67 1663.61 18 0 0 
2277 1871 14 3120.26 575.636 1544.62 1589.8 18 0 0 
2334 1919 14 3118.53 575.636 1542.9 1589.8 18 0 0 
2410 1985 14 3116.96 575.636 1541.33 1587.26 18 0 0 
2949 2443 14 3098.49 559.107 1539.38 1723.63 18 0 0 
3897 3240 14 3081.97 546.792 1535.18 1640.25 18 0 0 
3914 3254 14 3101.12 567.534 1533.59 1659.4 18 0 0 
4261 3542 14 3084.07 551.472 1532.6 1627.94 18 0 0 
4292 3567 14 3077.95 551.682 1526.27 1621.82 18 0 0 
4491 3736 14 3048.81 523.924 1524.88 1576.78 18 0 0 
4492 3737 14 3048.81 525.137 1523.67 1576.78 18 0 0 
4513 3754 14 3032.7 509.592 1523.11 1628.99 18 0 0 
4513 3754 14 3027.93 504.991 1522.94 1628.99 18 0 0 
4520 3760 14 3047.2 525.137 1522.06 1540.94 18 0 0 
4537 3774 14 3026.29 504.395 1521.9 1628.99 18 0 0 
4790 3976 14 3071.81 551.591 1520.22 1599.78 18 0 0 
4790 3976 14 3071.81 552.805 1519 1599.78 18 0 0 
4938 4088 14 3020.55 502.917 1517.64 1775.04 18 0 0 
4938 4088 14 3014.14 497.72 1516.42 1775.04 18 0 0 
4942 4092 14 3018.94 502.917 1516.03 1739.2 18 0 0 
4942 4092 14 3012.53 497.72 1514.81 1739.2 18 0 0 
5390 4458 14 3018.8 506.137 1512.66 1722.31 18 0 0 
5759 4755 14 3015.11 506.137 1508.97 1758.49 18 0 0 
5767 4762 14 3014 506.032 1507.97 1757.38 18 0 0 
5813 4799 14 3013.69 506.032 1507.66 1798.1 18 0 0 
