Agent: 0ids: 4 7 29 27 2 38 34 48 3 8 1 14 18 42 31 46 43 11 10 23 47 13 20 32 28 22 41 26 15 19 44 39 17 6 5 30 24 33 37 21 25 36 0 49 40 9 16 35 12 
Agent: 1ids: 21 12 2 38 7 20 23 31 46 15 35 28 16 22 11 44 47 4 41 18 48 42 
Agent: 2ids: 8 31 16 3 37 13 45 9 18 20 41 
Agent: 3ids: 7 10 4 33 5 45 14 28 22 39 13 31 27 
Agent: 4ids: 31 0 13 39 4 33 28 49 23 19 9 37 1 26 46 35 25 41 22 10 34 43 42 40 36 17 45 27 44 32 
Agent: 5ids: 23 16 30 14 34 31 26 13 46 44 40 47 20 8 15 28 25 24 35 27 29 22 10 32 37 17 9 
Agent: 6ids: 0 34 26 45 28 48 15 1 46 20 9 3 39 11 21 5 49 13 2 31 19 27 40 4 12 24 22 37 17 7 33 44 25 47 14 23 35 38 43 41 36 16 29 
Agent: 7ids: 27 41 32 12 34 38 3 21 35 0 11 14 6 10 2 30 1 43 19 49 20 16 48 4 24 26 46 17 36 37 15 23 9 29 47 39 31 8 7 13 45 40 44 28 22 18 42 
Agent: 8ids: 43 14 49 18 25 11 3 9 4 15 21 29 48 41 39 24 6 12 23 1 44 7 19 37 2 40 46 10 30 47 36 45 17 20 0 26 31 33 42 35 38 13 34 5 28 32 22 27 16 
Agent: 9ids: 6 30 15 49 3 28 47 25 18 14 35 19 23 48 21 16 38 31 41 8 7 36 2 46 34 27 26 42 44 1 9 10 33 40 24 13 0 11 17 29 45 
Agent: 10ids: 47 13 19 
Agent: 11ids: 29 18 46 31 28 20 42 1 7 13 40 43 49 24 8 45 17 41 15 37 33 34 25 10 30 12 23 9 27 48 32 16 4 36 14 38 39 26 35 44 6 5 0 
Agent: 12ids: 37 31 22 46 44 33 18 13 29 16 48 39 17 42 38 26 43 7 0 20 49 41 
Agent: 13ids: 19 27 26 17 8 
Agent: 14ids: 47 41 40 0 23 10 5 11 25 8 35 32 34 9 21 18 37 49 43 2 42 33 31 14 27 48 29 17 4 46 15 6 20 16 12 26 7 30 13 1 3 22 44 
Agent: 15ids: 46 28 16 1 10 14 31 45 11 22 13 2 3 15 6 42 44 21 18 9 5 35 49 23 
Agent: 16ids: 31 26 0 40 25 12 
Agent: 17ids: 42 10 9 41 25 18 8 32 24 27 37 26 28 22 4 14 15 
Agent: 18ids: 17 15 40 14 0 24 39 3 12 45 41 48 27 43 8 30 44 21 7 10 16 31 38 26 5 36 23 37 19 49 1 46 32 28 2 25 4 20 9 6 34 22 47 18 29 42 35 
Agent: 19ids: 44 40 13 33 3 17 46 47 0 18 10 9 16 43 30 1 12 22 39 31 11 32 25 23 42 
Agent: 20ids: 37 12 8 24 6 14 30 13 39 31 38 34 25 48 45 23 9 29 47 19 32 17 27 4 16 49 28 18 40 2 10 7 41 3 5 20 21 15 36 35 42 22 
Agent: 21ids: 2 43 15 23 19 0 37 
Agent: 22ids: 19 21 14 28 13 17 1 16 35 6 27 31 40 26 2 47 7 29 10 11 46 48 18 22 49 44 43 
Agent: 23ids: 8 32 21 16 5 33 
Agent: 24ids: 8 2 9 39 21 46 18 42 14 31 10 49 1 6 15 24 28 36 26 17 25 38 3 48 
Agent: 25ids: 13 24 6 44 0 12 7 38 28 39 18 23 10 4 1 32 11 47 9 45 26 41 27 48 29 20 3 8 22 17 21 46 19 43 25 42 31 5 33 37 40 34 14 2 49 16 36 30 
Agent: 26ids: 40 41 17 42 47 35 21 27 23 25 5 37 6 34 18 11 44 2 32 26 36 22 43 39 
Agent: 27ids: 15 9 19 49 22 12 34 27 41 16 48 0 35 30 17 33 6 42 25 23 40 44 8 7 5 32 24 47 21 20 
Agent: 28ids: 16 12 14 22 42 41 5 33 15 31 2 20 36 4 6 25 0 34 48 39 49 35 9 7 44 10 11 21 47 19 27 3 17 13 37 
Agent: 29ids: 29 35 14 20 12 5 26 24 21 34 17 40 9 4 16 47 8 19 30 10 22 11 2 49 36 38 42 7 31 32 43 18 
Agent: 30ids: 36 41 23 47 8 19 26 
Agent: 31ids: 11 5 2 26 30 6 8 15 29 25 24 7 4 40 31 17 41 36 45 22 13 10 49 42 28 33 37 34 12 43 44 39 32 20 0 9 16 21 35 27 14 48 3 
Agent: 32ids: 8 29 13 22 18 28 0 20 34 16 36 17 31 30 12 3 14 15 5 40 10 26 39 9 32 45 38 25 6 2 33 19 21 44 47 11 41 46 4 
Agent: 33ids: 23 38 47 12 13 4 24 
Agent: 34ids: 25 13 42 20 38 0 8 12 26 30 37 9 17 22 27 44 16 40 28 49 46 48 
Agent: 35ids: 3 48 4 47 16 1 49 46 28 24 22 37 38 10 35 7 17 31 
Agent: 36ids: 43 38 35 47 6 28 13 4 17 49 39 1 18 5 36 2 41 20 31 34 12 37 45 44 33 19 40 42 15 
Agent: 37ids: 31 47 39 43 48 16 12 3 35 46 7 20 14 17 18 38 33 24 21 32 26 37 30 42 11 22 10 
Agent: 38ids: 44 6 17 5 20 16 8 39 
Agent: 39ids: 38 9 6 19 26 39 46 5 27 48 42 2 
Agent: 40ids: 49 14 22 5 17 
Agent: 41ids: 45 31 24 33 4 8 37 27 9 36 10 2 21 20 41 5 7 47 18 40 30 12 35 38 43 14 39 16 44 32 26 46 0 
Agent: 42ids: 8 
Agent: 43ids: 0 21 
Agent: 44ids: 0 2 17 16 20 3 24 29 32 22 19 44 21 4 8 18 34 33 45 35 7 43 26 30 11 9 13 27 10 40 46 31 6 1 37 
Agent: 45ids: 36 10 14 40 22 23 0 9 28 30 47 5 46 38 12 26 13 32 43 33 6 
Agent: 46ids: 19 26 36 43 8 46 15 22 40 4 7 9 42 13 14 5 24 25 17 49 6 
Agent: 47ids: 23 36 45 30 47 31 
Agent: 48ids: 16 5 20 15 43 28 35 22 27 24 48 25 18 11 17 36 29 39 26 4 
Agent: 49ids: 23 22 17 29 21 46 25 40 13 31 10 43 0 33 7 44 48 36 49 18 27 30 24 2 14 35 19 26 20 15 45 37 28 38 9 11 4 12 16 1 6 3 41 34 5 39 8 
0 0 14 6757.46 1118.71 4638.76 39031.4 93 381 4 
0 0 14 5556.18 572.294 3983.89 19636.7 58 242 4 
1 0 14 5475.5 661.76 3813.74 16395.1 56 140 4 
1 0 14 5465.22 661.76 3803.46 16437.1 56 140 4 
2 0 14 5124.26 496.843 3627.41 16230.9 56 137 1 
3 1 14 5122.86 505.609 3617.25 15709.5 56 123 1 
4 1 14 5107.67 519.176 3588.49 15318.5 56 103 1 
6 2 14 5012.78 523.088 3489.69 14771.8 54 103 1 
7 3 14 4948.63 523.088 3425.54 14132.2 54 103 1 
7 3 14 4897.73 573.938 3323.8 14830.9 52 102 2 
8 4 14 4911.6 593.445 3318.16 14853.4 52 102 2 
8 4 14 4800.98 573.938 3227.04 13762.8 52 102 2 
9 5 14 4795.82 573.938 3221.89 13745.7 52 102 2 
9 5 14 4700.42 581.529 3118.89 12690.8 51 72 2 
9 5 14 4655.75 604.461 3051.29 12322.2 49 72 2 
10 5 14 4652.53 604.461 3048.07 12290.1 49 72 2 
11 6 14 4652.42 604.461 3047.96 12268.7 49 72 2 
11 7 14 4563.18 604.461 2958.72 11954.7 49 72 2 
12 7 14 4539.35 604.461 2934.88 11666.7 49 72 2 
13 8 14 4485.62 612.18 2873.45 9616.16 48 2 1 
14 9 14 4474.04 612.18 2861.86 9599.55 48 2 1 
14 9 14 4454.07 612.18 2841.89 9567.91 47 2 1 
16 10 14 4454.07 627.841 2826.23 9567.91 47 2 1 
16 11 14 4405.42 587.636 2817.79 9088.38 46 2 1 
18 12 14 4402.6 595.171 2807.43 8988.57 45 2 1 
21 14 14 4366.12 594.713 2771.41 8826.42 45 2 1 
23 15 14 4292.35 565.231 2727.12 8451.89 42 2 1 
24 16 14 4221.59 511.852 2709.74 7953.19 41 0 0 
26 18 14 4214.64 511.852 2702.79 7931.06 41 0 0 
26 18 14 4214.58 511.852 2702.72 7917.03 41 0 0 
26 18 14 4167 505.055 2661.95 7538.36 40 0 0 
26 18 14 4142.7 501.736 2640.96 7262.24 40 0 0 
27 19 14 4135.82 513.736 2622.08 7096.67 40 0 0 
28 20 14 4092.77 513.736 2579.03 6774.22 40 0 0 
29 21 14 4079.03 513.736 2565.29 6717.8 40 0 0 
31 22 14 4083.8 543.49 2540.31 6717.8 40 0 0 
31 22 14 4061.64 544.728 2516.91 6615.41 40 0 0 
32 23 14 4060.84 544.728 2516.11 6622.8 40 0 0 
33 24 14 4060.82 544.728 2516.09 6636.49 40 0 0 
33 24 14 4055.18 544.728 2510.45 6605.22 40 0 0 
33 24 14 4055.16 544.728 2510.43 6618.91 40 0 0 
34 24 14 4075.98 568.76 2507.22 6738.3 40 0 0 
34 24 14 4048.18 542.086 2506.09 6442.99 39 0 0 
34 25 14 4055.33 559.976 2495.36 6472.46 39 0 0 
36 27 14 4042.55 559.976 2482.57 6421.6 39 0 0 
36 27 14 4036.89 559.976 2476.92 6404.03 39 0 0 
38 28 14 4034.74 559.976 2474.76 6593.79 39 0 0 
39 29 14 4038.28 565.992 2472.29 6626.06 39 0 0 
39 29 14 4000.57 538.163 2462.4 6487.23 38 0 0 
40 30 14 3937.72 539.628 2398.09 6341.95 37 0 0 
41 31 14 3937.67 539.628 2398.05 6329.47 37 0 0 
42 31 14 3906.22 539.494 2366.72 5923.8 36 0 0 
42 32 14 3905.59 540.044 2365.55 5934.47 36 0 0 
45 34 14 3904.19 540.044 2364.14 5912.57 36 0 0 
45 34 14 3904.05 540.044 2364 5930.47 36 0 0 
46 36 14 3894.3 539.601 2354.7 5977 36 0 0 
48 37 14 3893.95 539.601 2354.35 5795.8 35 0 0 
50 39 14 3877.8 539.601 2338.2 5799.4 35 0 0 
51 39 14 3875.14 539.601 2335.54 5775.33 35 0 0 
52 41 14 3867.76 539.601 2328.16 5810.25 35 0 0 
53 41 14 3870.33 543.651 2326.68 5775.33 35 0 0 
54 43 14 3862.95 543.651 2319.3 5810.25 35 0 0 
57 45 14 3859.7 541.938 2317.76 5788.63 35 0 0 
59 47 14 3859.61 541.938 2317.67 5753.1 35 0 0 
62 49 14 3858.06 541.938 2316.13 5749.1 35 0 0 
68 55 14 3784.59 519.018 2265.57 4566.6 35 0 0 
71 57 14 3787.51 527.68 2259.83 4577.84 35 0 0 
72 57 14 3756.26 503.886 2252.37 4521.25 35 0 0 
72 58 14 3756.26 509.209 2247.05 4521.25 35 0 0 
72 58 14 3743.52 503.103 2240.41 4417.23 35 0 0 
72 58 14 3765.63 525.905 2239.72 4455.38 35 0 0 
72 58 14 3738.24 514.678 2223.57 4417.53 34 0 0 
74 59 14 3648.48 488.239 2160.24 3983.15 31 0 0 
75 60 14 3636.45 485.687 2150.76 3923.31 31 0 0 
76 61 14 3595.56 460.911 2134.65 3880.95 30 0 0 
77 62 14 3595.56 462.404 2133.16 3880.95 30 0 0 
80 65 14 3592.4 460.911 2131.49 3660.49 30 0 0 
81 65 14 3583.15 465.508 2117.64 3651.24 30 0 0 
83 67 14 3549.54 465.508 2084.03 3541.26 30 0 0 
83 67 14 3536.12 465.508 2070.61 3386.99 30 0 0 
85 69 14 3540.08 469.508 2070.57 3394.9 30 0 0 
86 70 14 3519.59 460.958 2058.63 3512.64 30 0 0 
86 70 14 3498.23 455.421 2042.81 3269.11 30 0 0 
88 71 14 3499.44 476.655 2022.79 3269.11 30 0 0 
89 72 14 3499.44 478.148 2021.29 3269.11 30 0 0 
89 72 14 3392.07 452.935 1939.13 2780.25 29 0 0 
92 74 14 3392.07 454.428 1937.64 2780.25 29 0 0 
93 75 14 3381.82 452.935 1928.89 2759.6 29 0 0 
95 77 14 3376.81 457.277 1919.54 2652.07 29 0 0 
98 79 14 3374.69 459.771 1914.92 2685.04 29 0 0 
98 80 14 3364.36 451.431 1912.93 2587.31 28 0 0 
101 81 14 3373.14 464.648 1908.49 2640.65 28 0 0 
102 82 14 3372.25 465.4 1906.85 2638.88 28 0 0 
102 83 14 3373.14 487.595 1885.54 2640.65 28 0 0 
102 83 14 3363 479.255 1883.75 2518.56 27 0 0 
104 84 14 3343.81 466.945 1876.87 2431.66 26 0 0 
110 89 14 3342.6 486.674 1855.93 2431.66 26 0 0 
112 91 14 3340.61 486.674 1853.94 2452.98 25 0 0 
114 92 14 3330.84 486.674 1844.16 2433.43 25 0 0 
116 95 14 3329.43 486.674 1842.75 2415.26 25 0 0 
120 98 14 3329.43 489.791 1839.63 2415.26 25 0 0 
122 100 14 3327.44 489.791 1837.65 2392.15 25 0 0 
122 100 14 3326.86 489.791 1837.07 2388.5 25 0 0 
124 101 14 3326.97 516.146 1810.82 2506.93 25 0 0 
133 109 14 3334.24 526.233 1808.01 2524.53 25 0 0 
139 114 14 3338.82 539.198 1799.62 2547.64 25 0 0 
142 117 14 3338.82 542.391 1796.43 2547.64 25 0 0 
150 124 14 3338.82 543.619 1795.2 2547.64 25 0 0 
158 131 14 3336 542.391 1793.61 2636.68 25 0 0 
168 139 14 3333.34 543.619 1789.72 2571.72 25 0 0 
174 144 14 3327.71 543.619 1784.09 2614.45 25 0 0 
176 145 14 3318.25 542.391 1775.86 2655.6 25 0 0 
178 147 14 3278.59 523.259 1755.33 2517.4 25 0 0 
196 163 14 3278.8 524.488 1754.31 2530.84 25 0 0 
199 166 14 3266.03 512.641 1753.39 2444.4 24 0 0 
215 179 14 3254.09 502.451 1751.63 2366.05 22 0 0 
221 184 14 3250.32 500.697 1749.62 2366.05 22 0 0 
224 187 14 3242.26 500.697 1741.57 2333.13 22 0 0 
230 193 14 3176.42 440.884 1735.54 2213.85 22 0 0 
232 194 14 3176.42 442.257 1734.17 2213.85 22 0 0 
237 198 14 3185.83 452.257 1733.57 2245.7 22 0 0 
251 210 14 3198.01 466.311 1731.7 2257.88 22 0 0 
253 211 14 3181.6 454.038 1727.57 2042.28 22 0 0 
259 216 14 3180.38 459.967 1720.42 1920.73 22 0 0 
261 218 14 3140.77 430.959 1709.81 1819.32 21 0 0 
261 218 14 3140.69 430.959 1709.73 1685.72 20 0 0 
263 220 14 3140.17 430.959 1709.21 1607.95 20 0 0 
264 221 14 3130.57 430.959 1699.61 1542.9 20 0 0 
269 225 14 3129.03 430.959 1698.08 1559.47 20 0 0 
280 234 14 3114.33 436.511 1677.82 1524.51 20 0 0 
282 237 14 3114.33 439.832 1674.5 1532.35 20 0 0 
286 240 14 3106.13 432.931 1673.2 1469.16 20 0 0 
289 243 14 3106.13 436.446 1669.69 1469.16 20 0 0 
304 255 14 3115.92 451.571 1664.35 1474.35 20 0 0 
305 257 14 3104.13 451.571 1652.56 1418.56 20 0 0 
307 258 14 3105.07 455.208 1649.87 1446.38 20 0 0 
308 259 14 3105.07 455.386 1649.69 1446.38 20 0 0 
317 267 14 3102.72 455.386 1647.33 1458.98 20 0 0 
334 282 14 3115.84 473.404 1642.43 1472.1 20 0 0 
414 351 14 3107.67 491.595 1616.08 1518.94 20 0 0 
415 352 14 3130.48 523.088 1607.39 1584.61 20 0 0 
431 367 14 3124.95 523.088 1601.86 1568.49 20 0 0 
456 389 14 3124.95 525.361 1599.59 1568.49 20 0 0 
461 392 14 3127.32 531.947 1595.37 1570.86 20 0 0 
487 415 14 3127.32 537.034 1590.28 1570.86 20 0 0 
493 421 14 3116.63 526.684 1589.94 1370.5 20 0 0 
506 432 14 3127.39 540.746 1586.64 1457.11 20 0 0 
511 435 14 3124.56 541.66 1582.9 1373.09 20 0 0 
514 439 14 3098.15 539.349 1558.8 1289.6 19 0 0 
520 443 14 3098.15 541.66 1556.49 1270.96 19 0 0 
522 445 14 3100.04 550.844 1549.19 1289.6 19 0 0 
525 448 14 3094.32 550.844 1543.48 1289.6 19 0 0 
527 450 14 3094.32 553.155 1541.17 1270.96 19 0 0 
539 461 14 3094.74 556.38 1538.36 1270.96 19 0 0 
576 494 14 3093.28 556.38 1536.9 1270.4 19 0 0 
587 503 14 3103.35 568.549 1534.8 1377.98 19 0 0 
625 537 14 3088.73 559.201 1529.53 1363.36 19 0 0 
630 541 14 3088.73 559.68 1529.05 1363.36 19 0 0 
645 554 14 3088.67 559.68 1528.99 1357.25 19 0 0 
650 558 14 3119.8 594.877 1524.92 1370.36 19 0 0 
653 560 14 3046.63 522.703 1523.93 1275.67 19 0 0 
668 573 14 3041.31 522.703 1518.6 1259.31 19 0 0 
682 584 14 3040.71 522.703 1518.01 1281.16 19 0 0 
684 586 14 3040.71 523.312 1517.4 1281.16 19 0 0 
719 616 14 3040.1 523.312 1516.79 1277.08 19 0 0 
820 702 14 3040.1 524.139 1515.96 1277.08 19 0 0 
845 723 14 3034.76 519.975 1514.78 1263.17 19 0 0 
853 730 14 3031.77 519.147 1512.62 1263.17 19 0 0 
857 733 14 3035.02 528.192 1506.83 1263.17 19 0 0 
946 807 14 3022.84 520.3 1502.54 1250.99 19 0 0 
966 824 14 3022.84 520.677 1502.16 1250.99 19 0 0 
977 833 14 3022.84 521.504 1501.33 1250.99 19 0 0 
985 840 14 3027.64 527.694 1499.95 1255.8 19 0 0 
991 846 14 3028.84 535.979 1492.86 1256.99 19 0 0 
1016 867 14 2931.41 441.084 1490.32 1277.75 19 0 0 
1070 912 14 2930.59 441.084 1489.5 1260.71 19 0 0 
1074 915 14 2920.22 432.781 1487.44 1250.23 19 0 0 
1108 943 14 2934.58 463.422 1471.16 1342.23 19 0 0 
1132 963 14 2926.85 456.098 1470.75 1342.23 19 0 0 
1142 973 14 2922.02 456.098 1465.92 1410.57 19 0 0 
1189 1011 14 2922.02 456.94 1465.08 1410.57 19 0 0 
3114 2641 14 2936.44 475.273 1461.16 1410.32 19 0 0 
3673 3114 14 2941.78 482.492 1459.29 1430.68 19 0 0 
3682 3122 14 2937.33 482.492 1454.84 1425.01 19 0 0 
3686 3126 14 2921.17 468.04 1453.13 1345.27 19 0 0 
3699 3136 14 2918.42 467.91 1450.51 1342.52 19 0 0 
3703 3140 14 2915.58 467.91 1447.67 1327.83 19 0 0 
3723 3157 14 2915.58 474.376 1441.2 1327.83 19 0 0 
3726 3160 14 2903.47 463.16 1440.31 1209.64 18 0 0 
3761 3189 14 2903.47 463.639 1439.83 1209.64 18 0 0 
4541 3855 14 2903.68 466.568 1437.11 1227.9 18 0 0 
4770 4052 14 2907.77 470.866 1436.91 1241.7 18 0 0 
4860 4126 14 2908.6 472.966 1435.63 1199.41 18 0 0 
