0 0 14 6461.48 856.417 4605.06 37435.4 93 291 3 
0 0 14 5896.32 638.689 4257.63 24050.2 64 244 2 
1 0 14 5543.8 623.766 3920.03 19407.2 61 238 1 
1 0 14 5588.36 681.179 3907.18 20913.4 59 175 2 
3 1 14 5584.64 681.179 3903.46 20796.7 59 175 2 
4 1 14 5584.64 682.71 3901.93 20796.7 59 175 2 
4 1 14 5200.49 392.184 3808.31 16302.4 53 174 3 
5 2 14 5122.38 361.963 3760.42 15986.6 53 174 3 
5 2 14 5111.02 361.963 3749.06 16212.1 53 174 3 
6 2 14 5088.38 455.077 3633.31 18429.7 48 160 3 
6 2 14 5020.98 453.239 3567.74 16884 46 153 3 
6 2 14 5020.08 453.239 3566.84 17326.8 46 153 3 
7 3 14 4986.1 453.239 3532.86 17012.2 45 153 3 
8 4 14 4963.46 453.239 3510.23 16959.8 45 144 3 
8 4 14 4907.45 447.298 3460.15 16212.4 45 144 3 
9 4 14 4876.28 473.227 3403.05 16012.3 45 144 3 
9 5 14 4824.11 479.788 3344.33 15306.5 44 114 3 
10 5 14 4745.75 424.006 3321.74 10262.6 44 114 2 
10 5 14 4784.38 466.499 3317.88 15031.4 44 108 2 
10 6 14 4773.95 474.499 3299.45 15030.4 44 108 2 
11 6 14 4730.04 474.499 3255.54 14718.3 44 108 2 
11 6 14 4724.55 474.499 3250.05 14278 44 105 2 
12 7 14 4639.76 460.252 3179.51 9696.66 44 76 2 
12 7 14 4628.49 449.347 3179.14 9696.66 44 76 2 
13 8 14 4611.91 482.379 3129.53 10318.9 42 69 1 
14 8 14 4518.08 482.379 3035.7 9677.87 42 56 1 
15 9 14 4516.2 482.379 3033.82 9652.77 42 56 1 
15 9 14 4403.66 446.203 2957.45 8366.42 40 46 1 
17 10 14 4312.28 413.238 2899.04 6630.81 40 32 1 
17 11 14 4311.83 413.238 2898.59 6459.14 40 12 1 
19 12 14 4248.27 413.238 2835.03 6207.97 40 12 1 
20 13 14 4241.7 414.526 2827.17 6196.96 40 4 1 
22 14 14 4241.19 414.526 2826.66 6164.17 40 4 1 
23 15 14 4136.48 416.212 2720.27 5588.8 39 4 1 
23 15 14 4122.48 416.212 2706.27 5710.69 39 4 1 
24 16 14 4115.05 416.212 2698.84 5555.1 39 4 1 
25 16 14 4096.04 416.212 2679.83 5572.38 39 4 1 
26 17 14 4120.2 445.645 2674.55 5778.31 39 4 1 
26 17 14 4115.28 445.645 2669.64 5598.64 39 4 1 
27 18 14 4115.18 445.645 2669.54 5588.4 39 4 1 
27 18 14 4112.47 445.645 2666.82 5615.62 39 4 1 
28 19 14 4064.78 445.004 2619.78 5448.06 38 4 1 
30 20 14 4064.22 445.004 2619.22 5452.94 38 4 1 
31 21 14 4056.53 445.004 2611.52 5419.36 38 0 0 
31 21 14 4069.09 464.264 2604.83 5668.5 38 0 0 
32 22 14 4057.32 464.264 2593.06 5703.64 38 0 0 
35 24 14 4014.13 434.727 2579.4 5043.59 37 0 0 
36 25 14 4000.24 434.727 2565.52 5187.23 37 0 0 
39 27 14 4009.93 449.378 2560.55 5288.93 37 0 0 
41 28 14 3967.56 449.378 2518.18 5162.04 37 0 0 
41 28 14 3967.35 449.378 2517.97 5245.97 37 0 0 
42 29 14 3894.27 457.13 2437.14 4850.28 36 0 0 
45 31 14 3892.56 457.13 2435.43 4845.84 36 0 0 
48 33 14 3886.14 457.13 2429.01 4807.47 36 0 0 
49 34 14 3884.84 457.13 2427.71 4783.58 36 0 0 
49 34 14 3863.48 448.703 2414.77 4562.98 36 0 0 
52 36 14 3834.19 461.719 2372.47 4344.79 36 0 0 
52 37 14 3829.26 461.719 2367.54 4339.61 36 0 0 
57 40 14 3827.84 461.719 2366.12 4341.06 36 0 0 
57 40 14 3827.84 465.439 2362.4 4341.06 36 0 0 
58 41 14 3827.84 465.719 2362.12 4341.06 36 0 0 
58 41 14 3808.27 450.1 2358.17 4176.93 36 0 0 
60 42 14 3759.78 437.614 2322.16 3856.13 35 0 0 
60 42 14 3759.55 448.143 2311.41 4026.62 35 0 0 
62 44 14 3750.02 457.805 2292.22 3987.62 34 0 0 
62 44 14 3669.47 403.596 2265.88 3571.63 32 0 0 
65 46 14 3665.46 433.782 2231.67 3567.61 32 0 0 
69 49 14 3656.13 433.782 2222.35 3670.28 31 0 0 
72 51 14 3622.33 424.304 2198.02 3619.6 31 0 0 
72 51 14 3625.01 430.799 2194.21 3638.15 31 0 0 
73 52 14 3613.11 430.799 2182.31 3406.47 31 0 0 
75 53 14 3613.11 434.799 2178.31 3406.47 31 0 0 
75 54 14 3610.94 434.799 2176.14 3392.13 31 0 0 
77 55 14 3599.27 434.799 2164.47 3380.52 31 0 0 
80 57 14 3599.27 435.688 2163.58 3380.52 31 0 0 
92 66 14 3554.28 408.099 2146.18 3209.55 30 0 0 
95 69 14 3498.59 415.335 2083.26 2937.85 29 0 0 
100 72 14 3500.14 431.631 2068.51 2934.15 29 0 0 
101 73 14 3503.35 441.35 2062 2948.79 29 0 0 
102 73 14 3485.13 431.631 2053.5 2879.22 29 0 0 
102 74 14 3465.76 437.833 2027.92 2782.34 28 0 0 
104 75 14 3449.07 437.833 2011.24 2640.71 28 0 0 
105 76 14 3447.69 439.435 2008.25 2640.71 28 0 0 
109 79 14 3437.46 439.435 1998.02 2611.65 28 0 0 
111 81 14 3414.33 425.441 1988.89 2619.93 28 0 0 
112 81 14 3450.75 464.959 1985.79 2621.27 28 0 0 
112 81 14 3425.11 439.435 1985.68 2584.43 28 0 0 
114 84 14 3419.96 439.435 1980.52 2564.42 28 0 0 
116 85 14 3358.21 435.346 1922.86 2430.68 28 0 0 
117 85 14 3370.24 457.291 1912.95 2502.06 28 0 0 
119 87 14 3363.43 455.689 1907.74 2502.15 28 0 0 
121 89 14 3353.98 454.294 1899.69 2385.78 27 0 0 
126 93 14 3352.47 454.294 1898.17 2371.78 27 0 0 
131 96 14 3338.23 453.825 1884.41 2381 27 0 0 
131 96 14 3339.66 466.953 1872.71 2390.42 27 0 0 
136 100 14 3336.51 478.922 1857.58 2342.75 27 0 0 
137 101 14 3336.51 489.244 1847.26 2342.75 27 0 0 
139 102 14 3336.58 490.639 1845.94 2356.82 27 0 0 
150 110 14 3374.14 543.206 1830.94 2442.9 27 0 0 
151 111 14 3374.22 544.6 1829.61 2456.98 27 0 0 
157 116 14 3362.42 541.644 1820.78 2450.21 27 0 0 
159 118 14 3369.39 558.84 1810.55 2642.38 27 0 0 
161 119 14 3323.79 533.945 1789.85 2483.87 27 0 0 
166 123 14 3319.65 533.945 1785.71 2495.74 27 0 0 
174 128 14 3307.96 533.945 1774.02 2495.74 27 0 0 
179 132 14 3320.62 548.851 1771.77 2492.49 27 0 0 
185 136 14 3308.93 548.851 1760.08 2492.49 27 0 0 
189 139 14 3296.46 536.466 1759.99 2403.68 27 0 0 
189 140 14 3300.3 544.955 1755.35 2449.88 27 0 0 
202 150 14 3299.34 544.955 1754.38 2453.14 27 0 0 
211 156 14 3299.18 544.955 1754.22 2345.71 26 0 0 
215 160 14 3298.22 544.955 1753.26 2348.97 26 0 0 
218 162 14 3287.75 534.725 1753.02 2215.04 25 0 0 
220 163 14 3286.93 534.725 1752.2 2212.58 25 0 0 
222 165 14 3282.73 533.689 1749.04 2225.6 25 0 0 
232 172 14 3282.73 539.489 1743.25 2225.6 25 0 0 
233 173 14 3256.1 521.292 1734.81 2170.86 25 0 0 
241 179 14 3255 521.292 1733.71 2131.82 25 0 0 
242 180 14 3274.14 545.887 1728.25 2228.16 25 0 0 
243 180 14 3244.48 536.881 1707.6 2135.63 25 0 0 
257 191 14 3243.38 536.881 1706.5 2096.59 25 0 0 
261 195 14 3228.58 524.913 1703.66 2073.16 24 0 0 
274 205 14 3204.32 502.216 1702.1 2004.1 23 0 0 
275 205 14 3239.15 537.617 1701.53 2135.32 23 0 0 
275 206 14 3197.46 514.54 1682.92 2053.63 20 0 0 
280 209 14 3195.08 522.393 1672.69 2051.21 20 0 0 
283 212 14 3194.12 522.393 1671.73 2054.47 20 0 0 
290 217 14 3194.12 524.774 1669.35 2015.91 20 0 0 
291 217 14 3190.76 524.774 1665.99 2046.81 20 0 0 
295 220 14 3188.99 523.167 1665.82 2114.08 20 0 0 
303 226 14 3193.89 540.256 1653.64 2003.37 20 0 0 
309 230 14 3193.89 542.636 1651.26 1964.81 20 0 0 
310 231 14 3182 535.923 1646.08 1923.65 20 0 0 
313 234 14 3181.04 535.923 1645.11 1926.9 20 0 0 
314 234 14 3181.04 537.778 1643.26 1965.23 20 0 0 
328 245 14 3181.04 541.204 1639.83 1926.9 20 0 0 
336 250 14 3181.04 541.683 1639.35 1926.9 20 0 0 
341 254 14 3199.44 562.277 1637.17 2063.07 20 0 0 
344 256 14 3199.13 562.277 1636.85 2062.75 20 0 0 
355 264 14 3184.87 552.153 1632.72 1837.95 20 0 0 
367 273 14 3178.57 552.153 1626.42 1856.42 20 0 0 
367 273 14 3186.58 563.581 1623 1865.24 20 0 0 
384 286 14 3163.99 558.197 1605.8 1818.51 20 0 0 
403 301 14 3144.86 539.093 1605.76 1818.51 20 0 0 
407 304 14 3144.86 540.361 1604.49 1839.41 20 0 0 
408 305 14 3083.86 479.433 1604.43 1822.58 20 0 0 
418 312 14 3076.01 479.433 1596.57 1665.2 20 0 0 
442 330 14 3076.01 480.03 1595.98 1651.3 20 0 0 
448 334 14 3136.35 546.257 1590.09 1729.78 20 0 0 
523 390 14 3130.18 541.306 1588.87 1737.5 20 0 0 
545 407 14 3130.18 545.109 1585.07 1737.5 20 0 0 
556 417 14 3130.18 545.707 1584.47 1723.6 20 0 0 
751 563 14 3127.53 543.849 1583.68 1748.52 20 0 0 
763 572 14 3156.17 576.806 1579.36 1748.52 20 0 0 
773 580 14 3144.64 565.324 1579.32 1615.23 19 0 0 
815 612 14 3144.64 566.216 1578.42 1615.23 19 0 0 
834 625 14 3155.35 584.601 1570.75 1615.23 19 0 0 
858 644 14 3160.19 589.823 1570.37 1615.23 19 0 0 
864 649 14 3079.56 520.608 1558.96 1615.23 19 0 0 
882 663 14 3061.78 503.823 1557.96 1615.23 19 0 0 
898 675 14 3066.34 509.924 1556.42 1615.23 19 0 0 
964 725 14 3030.11 478.555 1551.55 1300.42 19 0 0 
1000 753 14 3022.17 479.8 1542.37 1271.7 19 0 0 
1004 756 14 3015.65 479.8 1535.85 1097.6 19 0 0 
1011 760 14 3023.71 496.589 1527.12 1174.53 19 0 0 
1024 770 14 3035.36 510.393 1524.96 1165.75 19 0 0 
1094 823 14 3035.13 510.393 1524.74 1165.75 19 0 0 
1096 824 14 3026.95 505.219 1521.73 1095.98 19 0 0 
1124 845 14 3024.02 505.219 1518.8 1162.48 19 0 0 
1136 854 14 3023.17 505.219 1517.95 1163.17 19 0 0 
1140 857 14 3021.06 505.219 1515.84 1162.22 19 0 0 
1142 858 14 3018.58 511.887 1506.69 1109.22 19 0 0 
1147 862 14 3016.77 511.887 1504.89 1156.75 19 0 0 
1174 881 14 3015.93 511.887 1504.04 1157.44 19 0 0 
1266 950 14 3034.19 533.887 1500.3 1207.91 19 0 0 
1313 984 14 3031.23 533.887 1497.35 1207.65 19 0 0 
1324 993 14 3020.49 523.801 1496.69 1207.65 19 0 0 
1325 994 14 3034.19 539.285 1494.91 1207.91 19 0 0 
1336 1001 14 3034.19 540.646 1493.54 1207.91 19 0 0 
1367 1025 14 3002.81 510.264 1492.55 1207.91 19 0 0 
1433 1076 14 3002.81 510.744 1492.07 1207.91 19 0 0 
1443 1083 14 3012.88 521.424 1491.46 1207.91 19 0 0 
1481 1112 14 3005.25 521.593 1483.66 1218.65 19 0 0 
1489 1118 14 3013.12 532.996 1480.13 1287.7 19 0 0 
1662 1248 14 3013.12 533.214 1479.91 1287.7 19 0 0 
2064 1547 14 2991.58 513.206 1478.38 1341.4 18 0 0 
2090 1566 14 2991.58 514.567 1477.02 1341.4 18 0 0 
2147 1609 14 3016.79 539.878 1476.91 1379.51 18 0 0 
2201 1648 14 3015.22 539.525 1475.69 1514.15 18 0 0 
2297 1720 14 3013.1 539.525 1473.57 1415.07 17 0 0 
2342 1753 14 3011.99 539.525 1472.46 1415.07 17 0 0 
2812 2098 14 3011.56 539.525 1472.03 1415.07 17 0 0 
2963 2210 14 3011.56 540.004 1471.55 1415.07 17 0 0 
3200 2383 14 3009.92 540.004 1469.92 1416.14 17 0 0 
3206 2388 14 2992.58 523.75 1468.83 1407.62 17 0 0 
3295 2452 14 2990.28 523.75 1466.53 1407.62 17 0 0 
3297 2453 14 2991.17 527.671 1463.5 1407.62 17 0 0 
3326 2474 14 2990.65 527.671 1462.98 1407.62 17 0 0 
3347 2489 14 2990.84 530.165 1460.68 1407.62 17 0 0 
3353 2494 14 2990.32 530.165 1460.16 1407.62 17 0 0 
3389 2521 14 2989.76 531.346 1458.42 1407.62 17 0 0 
3399 2528 14 2989.72 542.808 1446.91 1407.62 17 0 0 
3485 2591 14 2985.7 542.808 1442.89 1359.06 17 0 0 
4443 3301 14 2984.38 542.808 1441.58 1333.57 17 0 0 
4563 3388 14 2977.98 538.333 1439.65 1408.59 17 0 0 
