0 0 14 6472.26 546.372 4925.88 30461 90 260 3 
0 0 14 5549.66 550.238 3999.42 17412.7 58 108 2 
0 0 14 5490.94 547.238 3943.7 17027.9 57 108 2 
0 0 14 5456.94 515.226 3941.72 16925.9 56 94 1 
4 1 14 5418.16 504.533 3913.63 15913 55 94 1 
5 2 14 5222.72 510.256 3712.47 13099.9 48 48 2 
5 2 14 5135.5 510.256 3625.24 12608.7 48 48 2 
6 2 14 5123.44 531.169 3592.27 12303 48 48 2 
6 3 14 5096.72 513.467 3583.25 12488.9 48 48 2 
6 3 14 5092.78 513.467 3579.32 12598.9 48 48 2 
8 4 14 5061.84 513.467 3548.38 12135.7 48 38 2 
8 4 14 4979.02 505.695 3473.33 12073.8 48 38 2 
8 4 14 4926.5 494.96 3431.54 11668 47 38 2 
8 4 14 4862.2 500.447 3361.76 11007.6 47 15 2 
8 4 14 4848.82 500.447 3348.37 10790.9 47 5 2 
9 5 14 4843.77 497.386 3346.38 10790.9 47 5 2 
10 6 14 4824.26 497.721 3326.54 10614 47 1 1 
12 7 14 4751.68 494.51 3257.17 10075.3 45 0 0 
14 9 14 4694.47 481.515 3212.95 9587.79 43 0 0 
15 9 14 4622.96 458.728 3164.23 9185.88 42 0 0 
16 10 14 4609.67 458.728 3150.94 9171.6 42 0 0 
16 11 14 4580.42 451.719 3128.7 8763.76 42 0 0 
17 11 14 4577.66 453.289 3124.37 8736.12 42 0 0 
19 13 14 4548.78 437.51 3111.27 8502.8 42 0 0 
21 14 14 4545.35 437.51 3107.84 8489.94 42 0 0 
25 17 14 4418.96 396.202 3022.76 7494.38 41 0 0 
27 18 14 4360.52 389.529 2970.99 7522.12 41 0 0 
31 22 14 4314.62 389.529 2925.09 7321.89 41 0 0 
40 28 14 4287.4 395.261 2892.14 7319.67 41 0 0 
42 30 14 4238.07 394.114 2843.96 6609.34 41 0 0 
43 31 14 4233.8 396.871 2836.93 6605.07 41 0 0 
48 35 14 4233.84 428.853 2804.98 6669.89 41 0 0 
52 38 14 4203.35 430.154 2773.2 6414.55 41 0 0 
52 38 14 4151.49 428.618 2722.88 6260.16 41 0 0 
53 39 14 4171.28 472.276 2699.01 6389.14 41 0 0 
54 40 14 4159.23 495.688 2663.54 6370.29 41 0 0 
55 41 14 4159.49 496.377 2663.12 6370.82 41 0 0 
56 42 14 4177.57 523.093 2654.48 5987.57 40 0 0 
58 43 14 4133.69 532.746 2600.94 5916.45 40 0 0 
59 44 14 4078.43 504.093 2574.34 5804.46 39 0 0 
61 46 14 4038.38 499.969 2538.41 5774.53 39 0 0 
63 47 14 4002.44 495.838 2506.6 5539.74 38 0 0 
67 51 14 3980.34 493.673 2486.67 5444.44 38 0 0 
67 51 14 3980.34 495.838 2484.5 5444.44 38 0 0 
67 51 14 3976.29 495.838 2480.45 5423.49 38 0 0 
68 51 14 3976.14 495.838 2480.31 5426.87 38 0 0 
70 53 14 3967.66 492.019 2475.65 5402.31 38 0 0 
72 54 14 3975.65 501.94 2473.71 5402.31 38 0 0 
74 56 14 3986.18 523.376 2462.8 5578.19 37 0 0 
75 57 14 3947.65 523.376 2424.28 5314.78 37 0 0 
76 58 14 3893.15 502.115 2391.04 5066.52 36 0 0 
77 58 14 3867.36 479.419 2387.94 4907.71 35 0 0 
82 63 14 3878.71 509.746 2368.97 4748.07 34 0 0 
83 63 14 3905.17 540.56 2364.61 4786.86 33 0 0 
87 68 14 3931.57 567.893 2363.68 4786.86 33 0 0 
88 68 14 3799.31 506.865 2292.44 4508.27 33 0 0 
92 72 14 3799.31 507.467 2291.84 4508.27 33 0 0 
95 74 14 3764.62 488.161 2276.46 4445.52 33 0 0 
97 75 14 3678.25 464.473 2213.78 3636.51 33 0 0 
98 76 14 3677.26 464.473 2212.78 3648.5 33 0 0 
99 77 14 3677.26 466.194 2211.06 3648.5 33 0 0 
100 78 14 3677.26 468.381 2208.88 3648.5 33 0 0 
101 79 14 3675.22 482.409 2192.81 3653.57 33 0 0 
102 79 14 3671.55 482.409 2189.14 3778.48 33 0 0 
103 81 14 3673.66 495.06 2178.6 3789 33 0 0 
105 82 14 3674 495.749 2178.25 3789.35 33 0 0 
105 82 14 3673.93 500.918 2173.01 3789.05 33 0 0 
107 83 14 3666.31 500.918 2165.39 3930.04 33 0 0 
112 88 14 3666.73 506.387 2160.34 3789.05 33 0 0 
113 89 14 3644.3 492.641 2151.66 3548.15 32 0 0 
113 89 14 3641.74 492.641 2149.1 3537.35 32 0 0 
114 89 14 3507 428.611 2078.39 2897.25 30 0 0 
115 91 14 3506.27 428.611 2077.66 2898.25 30 0 0 
119 94 14 3506.27 429.972 2076.3 2898.25 30 0 0 
119 94 14 3467.11 420.074 2047.03 2762.04 29 0 0 
120 95 14 3456.61 420.074 2036.54 2764.78 29 0 0 
120 95 14 3463.99 462.618 2001.38 2663.12 29 0 0 
133 106 14 3454.54 495.876 1958.67 2734.14 28 0 0 
145 116 14 3394.46 469.187 1925.28 2463.75 28 0 0 
155 124 14 3323.37 473.741 1849.63 2428.1 27 0 0 
158 126 14 3322.47 473.741 1848.73 2438.63 27 0 0 
158 127 14 3332.06 490.757 1841.31 2400.47 27 0 0 
164 131 14 3327.59 507.678 1819.91 2433.17 27 0 0 
169 135 14 3318.17 500.693 1817.48 2394.58 27 0 0 
172 138 14 3300.62 502.07 1798.55 2342.31 27 0 0 
175 141 14 3302.15 508.476 1793.67 2356.24 27 0 0 
180 145 14 3302.79 516.465 1786.32 2356.24 27 0 0 
183 147 14 3295.38 524.635 1770.74 2365.23 25 0 0 
188 152 14 3283.32 512.596 1770.72 2231.28 24 0 0 
195 157 14 3290.52 522.182 1768.33 2440.58 24 0 0 
199 160 14 3271.37 503.35 1768.02 2174.13 23 0 0 
209 169 14 3259.73 502.661 1757.07 2155.47 23 0 0 
214 174 14 3256.78 502.661 1754.12 2344.29 23 0 0 
227 184 14 3244.48 502.661 1741.82 2544.49 23 0 0 
232 188 14 3263.41 522.074 1741.33 2461.75 23 0 0 
238 193 14 3262.89 522.074 1740.81 2474.71 23 0 0 
242 196 14 3241 501.449 1739.55 1958.62 21 0 0 
242 196 14 3241.35 502.137 1739.21 1958.97 21 0 0 
243 197 14 3239.84 504.449 1735.39 1955.12 21 0 0 
245 199 14 3238.93 504.449 1734.48 1965.64 21 0 0 
246 200 14 3244.03 512.083 1731.94 2005.81 21 0 0 
253 205 14 3243.51 512.083 1731.42 2018.77 21 0 0 
255 207 14 3234.7 512.083 1722.62 1953.01 21 0 0 
257 208 14 3216.15 496.648 1719.51 2140.21 21 0 0 
257 208 14 3216.76 498.693 1718.07 2208.26 21 0 0 
257 209 14 3212.76 496.648 1716.11 2204.26 21 0 0 
262 212 14 3190.12 479.632 1710.49 2204.26 21 0 0 
263 214 14 3182.39 472.041 1710.35 2197.03 21 0 0 
268 218 14 3181.49 472.041 1709.45 2207.55 21 0 0 
283 230 14 3181.49 475.736 1705.75 2207.55 21 0 0 
286 232 14 3178.03 475.736 1702.29 2405.86 21 0 0 
286 232 14 3178.37 476.425 1701.95 2406.2 21 0 0 
292 237 14 3181.67 484.351 1697.32 2419.75 21 0 0 
292 237 14 3181.67 488.866 1692.81 2419.75 21 0 0 
293 238 14 3181.06 488.866 1692.19 2362.89 21 0 0 
302 246 14 3178.4 488.866 1689.54 2346.34 21 0 0 
305 248 14 3170.65 497.264 1673.39 2279.68 21 0 0 
308 251 14 3168 497.264 1670.74 2263.13 21 0 0 
332 271 14 3173.77 514.529 1659.24 2242.73 21 0 0 
355 290 14 3173.13 517.734 1655.4 2262.99 21 0 0 
371 303 14 3171.39 521.689 1649.7 2260.4 21 0 0 
387 316 14 3162.86 517.689 1645.17 2271.65 21 0 0 
392 319 14 3159.76 521.689 1638.07 2264.34 21 0 0 
401 327 14 3159.76 524.958 1634.8 2264.34 21 0 0 
411 335 14 3159.52 524.958 1634.57 2265.93 21 0 0 
443 360 14 3159.52 525.092 1634.43 2265.93 21 0 0 
456 371 14 3159.52 526.305 1633.22 2265.93 21 0 0 
467 380 14 3159.52 531.734 1627.79 2265.93 21 0 0 
481 392 14 3139.67 515.915 1623.75 2232.88 21 0 0 
486 395 14 3138.77 518.481 1620.28 2228.36 21 0 0 
490 399 14 3140.57 525.862 1614.71 2232.73 21 0 0 
498 406 14 3159.35 553.551 1605.8 2254.44 21 0 0 
503 410 14 3153.01 553.551 1599.46 2258.29 21 0 0 
529 432 14 3154.54 560.876 1593.66 2258.29 21 0 0 
560 459 14 3168.1 576.285 1591.81 2271.85 21 0 0 
696 575 14 3169.5 588.396 1581.11 2273.26 21 0 0 
1006 829 14 3174.66 598.689 1575.97 2231.41 21 0 0 
2790 2293 14 3154.76 581.174 1573.59 2114.91 20 0 0 
3060 2531 14 3160.12 587.475 1572.65 2117.38 20 0 0 
3061 2533 14 3158.38 594.37 1564.01 2117.38 20 0 0 
3122 2586 14 3152.9 593.499 1559.4 2097.84 20 0 0 
3122 2586 14 3152.66 593.499 1559.17 2129.39 20 0 0 
3126 2590 14 3152.66 594.37 1558.3 2129.39 20 0 0 
3176 2634 14 3157.57 600.396 1557.18 2118.14 20 0 0 
3176 2634 14 3145.52 589.997 1555.53 2091.2 20 0 0 
3177 2636 14 3145.11 590.103 1555.01 2091.2 20 0 0 
3229 2683 14 3145.11 592.538 1552.57 2091.2 20 0 0 
3268 2717 14 3145.11 593.352 1551.76 2091.2 20 0 0 
3277 2725 14 3145.21 593.84 1551.37 2091.2 20 0 0 
3287 2734 14 3145.21 594.73 1550.48 2091.2 20 0 0 
3310 2753 14 3145.11 597.773 1547.34 2091.2 20 0 0 
3324 2765 14 3145.11 597.814 1547.3 2091.2 20 0 0 
3622 3026 14 3154.76 608.066 1546.69 2114.91 20 0 0 
3625 3028 14 3122.42 576.498 1545.92 2087.84 19 0 0 
3629 3032 14 3121.26 576.498 1544.76 2087.84 19 0 0 
3650 3050 14 3116.71 572.462 1544.25 2041.36 19 0 0 
3655 3055 14 3097.65 563.391 1534.26 2041.15 18 0 0 
3663 3062 14 3102.42 572.462 1529.96 2041.15 18 0 0 
