0 0 14 6693.23 865.576 4827.65 41024.7 92 344 4 
15 10 14 4608.92 565.055 3043.87 12579.5 48 66 2 
15 10 14 4596.21 557.444 3038.76 12552.7 48 66 2 
16 11 14 4457.07 551.402 2905.67 11513.4 47 66 2 
17 11 14 4457.51 568.545 2888.97 11513.4 47 66 2 
18 12 14 4475.59 592.927 2882.67 11657.3 47 66 2 
18 12 14 4470.46 592.927 2877.53 11652.4 47 66 2 
19 13 14 4387.03 577.864 2809.16 10924 46 65 1 
19 13 14 4387.03 601.091 2785.94 10924 46 65 1 
20 14 14 4329.44 601.091 2728.35 10623.4 46 65 1 
20 14 14 4226.25 540.103 2686.15 9460.66 44 65 1 
21 14 14 4253.46 602.854 2650.6 9619.58 44 65 1 
21 15 14 4166.76 529.28 2637.48 8602.44 44 47 1 
21 15 14 4099.34 478.623 2620.72 8119.44 43 47 1 
22 15 14 4101.05 483.351 2617.7 8134.07 42 47 1 
22 15 14 4094.19 478.728 2615.46 8120.36 42 47 1 
23 16 14 4086.18 489.021 2597.16 7791.27 40 47 1 
24 17 14 4069.47 483.825 2585.65 7815.06 40 47 1 
24 17 14 4053.52 483.825 2569.7 7717.6 40 47 1 
24 17 14 4048.44 483.825 2564.61 7668.46 40 47 1 
25 18 14 4048.44 488.049 2560.39 7668.46 40 47 1 
25 18 14 3981.75 455.439 2526.31 7227.44 40 47 1 
25 18 14 3980.79 455.439 2525.35 7221.87 40 47 1 
25 18 14 3965.06 447.141 2517.92 7076.21 40 47 1 
27 19 14 3965.06 448.434 2516.63 7064.32 40 47 1 
29 21 14 3965.06 449.916 2515.14 7064.32 40 47 1 
30 22 14 3974.99 466.054 2508.94 7092.58 40 47 1 
33 24 14 3956.1 449.916 2506.18 7097.71 40 47 1 
37 26 14 3946.06 449.916 2496.14 7173.99 40 47 1 
38 28 14 3943.26 449.916 2493.35 7120.8 40 47 1 
39 28 14 3960.08 477.221 2482.86 7048.14 39 47 1 
41 30 14 3970.01 493.359 2476.65 7076.4 39 47 1 
42 31 14 3964.59 492.6 2471.99 7060.43 39 47 1 
45 33 14 3916.93 491.637 2425.29 6512.87 38 38 1 
46 33 14 3910.48 492.239 2418.24 6327.14 37 28 1 
48 34 14 3907.24 494.908 2412.33 6295.15 37 28 1 
48 34 14 3903.55 494.115 2409.43 6265.61 37 28 1 
50 36 14 3900.54 494.115 2406.42 6287.96 37 28 1 
50 36 14 3888.27 483.734 2404.54 6172.87 36 28 1 
50 36 14 3839.08 467.131 2371.95 5876.87 36 28 1 
52 38 14 3836.99 467.025 2369.96 5815.46 36 28 1 
54 39 14 3731.13 415.996 2315.13 5030.25 35 28 1 
54 39 14 3682.34 401.037 2281.3 4516.74 34 28 1 
56 41 14 3664.34 409.037 2255.3 4480.74 34 28 1 
56 41 14 3652.07 398.656 2253.42 4367.17 33 28 1 
57 41 14 3651.93 398.656 2253.27 4369.83 32 28 1 
57 41 14 3651.93 399.948 2251.98 4357.94 32 28 1 
58 42 14 3598.7 394.196 2204.5 4192.08 30 28 1 
58 42 14 3592.37 389.541 2202.83 4162.15 30 28 1 
58 42 14 3591.03 389.541 2201.49 4162.15 30 28 1 
62 45 14 3593.36 397.659 2195.7 4027.11 30 28 1 
63 46 14 3574.14 391.527 2182.61 3856.61 30 28 1 
66 48 14 3580.34 398.527 2181.82 3862.82 30 28 1 
67 49 14 3586.66 405.419 2181.25 3911.47 30 28 1 
68 49 14 3594.62 422.843 2171.78 4135.56 30 28 1 
70 50 14 3590.1 422.843 2167.26 4215.31 30 28 1 
72 53 14 3580.04 422.843 2157.2 4353.5 30 28 1 
73 53 14 3571.2 418.577 2152.62 4317.68 30 28 1 
74 54 14 3567.98 418.577 2149.4 4167.44 30 28 1 
74 54 14 3553.1 418.577 2134.52 4102.89 30 28 1 
77 56 14 3545.48 412.44 2133.04 4102.89 30 28 1 
78 57 14 3533.48 406.577 2126.9 4180.87 29 28 1 
78 57 14 3525.86 400.44 2125.42 4180.87 29 28 1 
78 57 14 3502.89 424.494 2078.4 3903.74 29 21 2 
81 59 14 3509.21 431.386 2077.83 3952.39 29 21 2 
83 60 14 3507.69 431.386 2076.3 3936.24 29 21 2 
93 68 14 3492.2 423.386 2068.82 3838.26 29 21 2 
93 69 14 3489.5 423.386 2066.12 3835.56 29 21 2 
93 69 14 3480.32 417.248 2063.07 3807.97 28 21 2 
100 73 14 3462.32 425.248 2037.07 3771.97 28 21 2 
105 77 14 3462.32 455.35 2006.97 3771.97 28 21 2 
108 79 14 3462.32 455.655 2006.67 3771.97 28 21 2 
115 84 14 3450.06 454.113 1995.95 3511 27 15 1 
116 85 14 3437.81 454.113 1983.69 3256.64 27 6 1 
118 87 14 3428.06 449.571 1978.49 3204.81 27 6 1 
118 87 14 3412.48 449.571 1962.91 3186.53 27 6 1 
127 93 14 3404.74 442.956 1961.78 3163.14 27 6 1 
133 98 14 3403.53 442.956 1960.57 3157.28 27 6 1 
136 99 14 3377.6 422.003 1955.6 2901.68 27 6 1 
138 101 14 3376.66 422.003 1954.65 2894.45 27 6 1 
141 104 14 3376.66 422.283 1954.37 2894.45 27 6 1 
147 108 14 3376.49 435.369 1941.12 2822.6 27 6 1 
150 110 14 3376.49 436.715 1939.77 2822.6 27 6 1 
155 114 14 3347.74 412.841 1934.9 2714.02 27 6 1 
161 118 14 3338.79 412.841 1925.95 2717.37 27 6 1 
165 121 14 3331.59 412.841 1918.75 2717.47 27 6 1 
167 123 14 3326.62 412.841 1913.77 2707.51 27 6 1 
175 129 14 3331.96 420.809 1911.15 2744.94 27 6 1 
181 133 14 3330.4 419.511 1910.89 2696.61 26 6 1 
182 134 14 3321.17 411.542 1909.63 2665.41 26 6 1 
194 143 14 3320.04 411.542 1908.49 2671.54 26 6 1 
212 156 14 3336.2 434.844 1901.36 2504.9 26 6 1 
214 158 14 3336.2 439.406 1896.8 2504.9 26 6 1 
218 161 14 3290.93 410.759 1880.17 2254.54 25 6 1 
225 166 14 3290.93 412.925 1878.01 2254.54 25 6 1 
225 167 14 3277.71 402.925 1874.79 2230.72 25 6 1 
250 185 14 3279.02 405.696 1873.32 2235.57 25 6 1 
251 186 14 3237.45 378.916 1858.53 2180.83 25 6 1 
265 197 14 3264.78 419.916 1844.86 2245.99 25 6 1 
267 198 14 3264.78 424.248 1840.53 2245.99 25 6 1 
271 201 14 3279.65 447.469 1832.18 2245.99 25 6 1 
293 217 14 3273.47 442.348 1831.12 2228.86 25 6 1 
339 250 14 3276.76 448.375 1828.38 2241.26 25 6 1 
352 260 14 3268.1 442.348 1825.75 2019.3 25 0 0 
366 271 14 3262.46 442.348 1820.11 2013.66 25 0 0 
369 273 14 3240.07 466.068 1774 2008.01 25 0 0 
374 276 14 3236.6 466.068 1770.53 2010.62 25 0 0 
395 292 14 3234.18 475.073 1759.11 2010.62 25 0 0 
409 302 14 3231.03 475.073 1755.96 2003.72 25 0 0 
412 305 14 3238.42 497.434 1740.98 2187.55 25 0 0 
425 315 14 3237.56 497.434 1740.12 2141.35 25 0 0 
451 335 14 3240.01 503.46 1736.55 2152.9 25 0 0 
454 337 14 3239.6 503.566 1736.04 2152.9 25 0 0 
469 349 14 3253.99 518.93 1735.06 2215.88 25 0 0 
470 350 14 3239.6 517.115 1722.49 2166.51 25 0 0 
471 351 14 3239.6 518.082 1721.52 2152.9 25 0 0 
480 358 14 3221.6 501.576 1720.03 2116.9 25 0 0 
506 378 14 3235.57 517.046 1718.53 2179.88 25 0 0 
518 388 14 3229.64 518.323 1711.31 2139.49 24 0 0 
521 390 14 3228.49 518.323 1710.17 2127.18 24 0 0 
557 417 14 3230.11 531.766 1698.34 2128.79 24 0 0 
564 422 14 3192.45 526.272 1666.17 2043.69 24 0 0 
575 430 14 3192.45 533.044 1659.4 2043.69 24 0 0 
631 472 14 3192.45 560.424 1632.02 2043.69 24 0 0 
634 475 14 3189.34 558.372 1630.96 2065.83 24 0 0 
638 478 14 3189.34 559.039 1630.3 2065.83 24 0 0 
668 500 14 3179.03 551.094 1627.94 2008.47 24 0 0 
668 501 14 3153.48 533.669 1619.81 2024.27 24 0 0 
697 522 14 3142.45 525.724 1616.73 1947.08 24 0 0 
697 523 14 3142.45 525.728 1616.72 1947.08 24 0 0 
703 528 14 3142.2 526.964 1615.23 2054.39 24 0 0 
767 576 14 3147.74 545.072 1602.66 2138.95 24 0 0 
767 576 14 3147.74 550.941 1596.8 2138.95 24 0 0 
773 581 14 3154.85 564.939 1589.91 2188.72 24 0 0 
774 581 14 3153.74 564.681 1589.05 2180.95 24 0 0 
782 587 14 3153.74 570.652 1583.08 2180.95 24 0 0 
802 603 14 3153.32 570.758 1582.57 2180.95 24 0 0 
832 625 14 3148.11 570.758 1577.35 2144.08 24 0 0 
855 642 14 3149.11 573.956 1575.16 2080.71 24 0 0 
867 652 14 3148.63 576.099 1572.53 2173.65 24 0 0 
885 665 14 3147.78 576.099 1571.68 2162.48 24 0 0 
901 677 14 3144.67 576.099 1568.57 2173.65 24 0 0 
926 695 14 3143.93 576.099 1567.83 2162.48 24 0 0 
929 697 14 3136.26 568.549 1567.71 2139.47 24 0 0 
931 699 14 3161.27 600.186 1561.08 2139.47 24 0 0 
952 714 14 3155.27 594.506 1560.76 2097.47 24 0 0 
1212 911 14 3186.28 627.592 1558.69 2097.47 24 0 0 
1219 915 14 3144.09 590.254 1553.83 2097.47 24 0 0 
1559 1170 14 3144.09 590.649 1553.44 2097.47 24 0 0 
1646 1237 14 3137.91 585.972 1551.94 2083.17 23 0 0 
1649 1239 14 3137.91 592.279 1545.63 2083.17 23 0 0 
1740 1308 14 3147.1 601.893 1545.21 2083.17 23 0 0 
1863 1400 14 3147.1 602.597 1544.5 2083.17 23 0 0 
1887 1418 14 3161.5 625.119 1536.38 2163.43 23 0 0 
1897 1426 14 3152.96 621.239 1531.72 2112.64 23 0 0 
1905 1432 14 3156.04 625.119 1530.93 2112.64 23 0 0 
1921 1445 14 3157.57 627.592 1529.98 2162.93 23 0 0 
2189 1646 14 3157.57 630.816 1526.76 2162.93 23 0 0 
2372 1780 14 3157.57 634.896 1522.68 2162.93 23 0 0 
2642 1981 14 3118.32 596.692 1521.62 2055.05 23 0 0 
2652 1989 14 3101.86 596.692 1505.17 2034.66 23 0 0 
3181 2382 14 3091.63 586.538 1505.09 1961 23 0 0 
