0 0 14 6772.76 1000.22 4772.54 29453.9 95 104 3 
3 1 14 6019.34 835.265 4184.08 20786.8 68 68 3 
6 3 14 5677.17 686.093 3991.08 17842.2 62 63 3 
6 3 14 5518.6 597.917 3920.69 15906 58 52 2 
6 3 14 5453.05 597.917 3855.13 15801.4 58 33 1 
6 3 14 5319.01 588.83 3730.18 15058.7 57 33 1 
6 3 14 5316.9 592.234 3724.66 14882.9 57 19 2 
12 7 14 5196.42 565.077 3631.34 13028.1 55 2 1 
13 8 14 5196 565.077 3630.92 13008.7 55 2 1 
13 8 14 5088.33 492.264 3596.06 12126.2 54 0 0 
13 8 14 5033.41 492.264 3541.15 11994.9 54 0 0 
14 9 14 5013.81 499.032 3514.77 11952.1 54 0 0 
15 10 14 4875.37 379.759 3495.61 10591.3 52 0 0 
18 12 14 4856.52 396.18 3460.34 10532.8 52 0 0 
19 13 14 4856.52 396.431 3460.09 10532.8 52 0 0 
20 13 14 4789.2 361.759 3427.44 10076.4 52 0 0 
20 14 14 4793.79 368.26 3425.52 10103.9 52 0 0 
20 14 14 4704.57 367.316 3337.26 9865.33 52 0 0 
21 14 14 4585.23 363.621 3221.61 9237.56 49 0 0 
22 15 14 4504.31 363.621 3140.69 8706.17 48 0 0 
23 16 14 4479.33 363.621 3115.71 8705.37 48 0 0 
24 16 14 4459.09 353.396 3105.69 8328.2 47 0 0 
24 16 14 4467.2 385.145 3082.06 8464.83 46 0 0 
24 17 14 4500.56 445.313 3055.25 8938.47 46 0 0 
25 17 14 4469.9 443.425 3026.48 9058.66 46 0 0 
25 17 14 4469.65 445.313 3024.34 9057.16 46 0 0 
25 17 14 4408.7 396.441 3012.26 8037.57 44 0 0 
26 18 14 4360.48 396.441 2964.04 7937.75 44 0 0 
28 19 14 4377.57 414.441 2963.13 7937.75 44 0 0 
28 20 14 4329.27 400.446 2928.82 7406.99 44 0 0 
29 21 14 4324.2 400.446 2923.76 7688.25 44 0 0 
31 22 14 4343.94 439.695 2904.25 7888.02 44 0 0 
31 22 14 4313.45 439.972 2873.48 7801.41 44 0 0 
31 23 14 4290.74 427.394 2863.35 7514 43 0 0 
33 24 14 4361.77 505.044 2856.72 7770.52 43 0 0 
33 24 14 4163.87 329.035 2834.83 6102.47 41 0 0 
34 25 14 4119.29 329.035 2790.25 6044.45 41 0 0 
36 26 14 4109.74 329.035 2780.71 6021 41 0 0 
38 28 14 4126.83 347.035 2779.8 6021 41 0 0 
39 28 14 4087.26 366.02 2721.24 5732.25 41 0 0 
42 31 14 4041.95 382.271 2659.68 5521.45 40 0 0 
43 32 14 4088.55 539.56 2548.99 6461.76 38 0 0 
44 33 14 3934.71 449.134 2485.57 5922.29 38 0 0 
45 34 14 3930.04 449.071 2480.97 5732.12 37 0 0 
45 34 14 3929.58 449.071 2480.51 5728.9 37 0 0 
46 34 14 3899.55 448.523 2451.03 5443.83 37 0 0 
46 35 14 3896.41 451.523 2444.89 5434.4 37 0 0 
47 35 14 3904.46 488.563 2415.89 5464.22 37 0 0 
48 36 14 3899.54 494.172 2405.37 5346.19 36 0 0 
48 36 14 3893.2 488.19 2405.01 5307.28 36 0 0 
48 36 14 3895.74 494.793 2400.94 5207.91 36 0 0 
50 38 14 3898.09 503.489 2394.6 5222.02 36 0 0 
50 38 14 3875.81 491.793 2384.02 5298.98 35 0 0 
51 38 14 3604.36 424.967 2179.39 3929.77 32 0 0 
51 39 14 3603.35 424.967 2178.39 4008.88 32 0 0 
52 39 14 3601.67 424.967 2176.7 3911.43 31 0 0 
52 39 14 3608.25 447.901 2160.35 4022.82 31 0 0 
52 39 14 3585.27 437.279 2147.99 3958.43 31 0 0 
53 40 14 3581.6 436.881 2144.72 3916.68 30 0 0 
54 40 14 3565.4 436.881 2128.52 3908.19 30 0 0 
55 41 14 3560.68 436.881 2123.8 3908.19 30 0 0 
55 41 14 3507.62 430.586 2077.03 3680.41 29 0 0 
56 42 14 3488.22 418.187 2070.03 3636.51 29 0 0 
57 43 14 3495.03 438.365 2056.67 3638.42 29 0 0 
58 44 14 3493.96 438.362 2055.6 3637.35 29 0 0 
59 45 14 3491.67 437.787 2053.89 3643.46 28 0 0 
61 46 14 3481.04 437.787 2043.25 3515.11 28 0 0 
63 48 14 3481.04 440.628 2040.41 3515.11 28 0 0 
64 49 14 3405.01 388.289 2016.72 3490.07 28 0 0 
66 50 14 3404.07 448.539 1955.53 3304.54 27 0 0 
66 51 14 3404.07 452.079 1951.99 3304.54 27 0 0 
72 55 14 3404.07 468.899 1935.17 3304.54 27 0 0 
73 56 14 3402.58 468.899 1933.68 3330.14 27 0 0 
74 57 14 3402.58 480.074 1922.5 3330.14 27 0 0 
77 59 14 3392.54 470.042 1922.5 3055.8 26 0 0 
79 62 14 3362.01 456.319 1905.69 2807.38 26 0 0 
83 64 14 3353.65 451.185 1902.46 2787.64 25 0 0 
84 65 14 3358.2 499.694 1858.5 2787.9 24 0 0 
87 68 14 3352.16 497.771 1854.39 2793.62 24 0 0 
88 68 14 3359.58 508.694 1850.89 2790.67 24 0 0 
92 71 14 3367.87 522.652 1845.21 2830.85 24 0 0 
92 71 14 3361.83 520.73 1841.1 2836.57 24 0 0 
95 74 14 3359.42 524.635 1834.79 2819.39 24 0 0 
99 77 14 3330.82 502.138 1828.68 2699.89 24 0 0 
101 78 14 3330.82 502.898 1827.92 2709.89 24 0 0 
104 81 14 3319.11 493.398 1825.71 2628.55 24 0 0 
112 87 14 3291.22 481.494 1809.72 2627.58 24 0 0 
115 90 14 3288.82 482.094 1806.72 2569.01 23 0 0 
117 92 14 3299.57 495.249 1804.32 2645.74 23 0 0 
129 102 14 3286.23 483.743 1802.49 2520.69 22 0 0 
130 103 14 3252.22 474.46 1777.76 2307.75 21 0 0 
156 124 14 3246.37 471.697 1774.67 2317.44 21 0 0 
172 137 14 3232.8 458.825 1773.97 2241.12 21 0 0 
173 138 14 3230.32 458.825 1771.49 2102.29 21 0 0 
177 141 14 3203.59 444.867 1758.73 1870.31 21 0 0 
179 143 14 3203.59 447.314 1756.28 1860.9 21 0 0 
181 144 14 3203.59 448.109 1755.48 1860.9 21 0 0 
227 181 14 3209.22 454.197 1755.02 1839.49 21 0 0 
230 184 14 3207.05 454.598 1752.45 1837.33 21 0 0 
240 191 14 3207.05 456.519 1750.53 1832.11 21 0 0 
255 203 14 3181.03 451.388 1729.64 1576.28 21 0 0 
259 207 14 3180.77 451.388 1729.38 1567.08 21 0 0 
269 215 14 3175.32 449.773 1725.55 1487.27 21 0 0 
273 218 14 3175.32 451.388 1723.93 1493.92 21 0 0 
281 224 14 3154.66 453.576 1701.09 1408.43 21 0 0 
285 227 14 3130.31 441.949 1688.36 1331.9 21 0 0 
285 228 14 3128.13 441.949 1686.18 1335.5 21 0 0 
288 230 14 3118.6 435.693 1682.9 1223.24 21 0 0 
291 232 14 3118.6 441.598 1677 1223.24 21 0 0 
293 233 14 3118.08 441.598 1676.48 1223.24 21 0 0 
297 237 14 3116.86 444.195 1672.67 1223.24 21 0 0 
302 241 14 3113.29 444.195 1669.09 1195.69 21 0 0 
303 242 14 3110.33 441.653 1668.67 1259.89 21 0 0 
304 242 14 3112.9 447.59 1665.31 1224.92 21 0 0 
309 246 14 3108.66 444.145 1664.52 1216.44 21 0 0 
316 253 14 3112.05 449.973 1662.08 1223.21 21 0 0 
316 253 14 3108.66 450.824 1657.84 1216.44 21 0 0 
320 256 14 3093.53 435.84 1657.69 1113.85 21 0 0 
325 260 14 3091.92 435.84 1656.08 1123.59 21 0 0 
332 265 14 3090.43 435.84 1654.59 1117.83 21 0 0 
338 270 14 3092.26 440.264 1651.99 1069.96 21 0 0 
340 271 14 3092.26 440.743 1651.51 1069.96 21 0 0 
341 272 14 3085.49 440.264 1645.22 1085.09 21 0 0 
345 275 14 3069.22 426.462 1642.76 985.254 21 0 0 
348 277 14 3069.75 435.032 1634.72 1050.57 20 0 0 
348 277 14 3061.1 435.032 1626.06 1034.02 20 0 0 
351 279 14 3059.39 433.638 1625.76 1018.31 20 0 0 
351 279 14 3061.1 435.375 1625.72 1034.02 20 0 0 
354 281 14 3059.39 433.98 1625.41 1018.31 20 0 0 
357 284 14 3059.39 434.459 1624.93 1018.31 20 0 0 
358 285 14 3059.39 435.941 1623.45 990.347 18 0 0 
364 289 14 3057.69 434.546 1623.14 974.643 18 0 0 
366 291 14 3058.02 435.239 1622.78 952.578 18 0 0 
371 294 14 3056.61 435.239 1621.37 972.708 18 0 0 
373 296 14 3055.04 435.239 1619.8 901.441 18 0 0 
393 313 14 3075.09 459.711 1615.38 980.414 18 0 0 
394 314 14 3083.79 475.806 1607.99 980.414 18 0 0 
396 316 14 3063.25 465.537 1597.71 901.898 18 0 0 
398 317 14 3060.18 462.646 1597.53 919.813 16 0 0 
398 317 14 3059.1 462.646 1596.45 910.101 16 0 0 
399 318 14 3067.8 478.741 1589.06 910.101 16 0 0 
409 327 14 3077.82 491.126 1586.7 976.322 16 0 0 
441 354 14 3063.09 478.741 1584.35 910.101 16 0 0 
456 367 14 3078.28 495.003 1583.28 933.896 16 0 0 
457 367 14 3078.28 495.874 1582.4 933.896 16 0 0 
507 410 14 3088.9 509.161 1579.74 943.195 16 0 0 
513 415 14 3088.9 511.23 1577.67 943.195 16 0 0 
529 427 14 3080.39 511.23 1569.16 973.368 16 0 0 
712 570 14 3078.34 510.887 1567.45 940.219 16 0 0 
712 571 14 3078.34 511.23 1567.11 940.219 16 0 0 
749 599 14 3023.95 480.951 1543 919.112 16 0 0 
749 599 14 3023.95 481.293 1542.65 919.112 16 0 0 
776 622 14 3033.13 490.908 1542.23 919.112 16 0 0 
796 639 14 3033.13 491.387 1541.75 919.112 16 0 0 
820 660 14 3029.7 491.387 1538.32 929.334 16 0 0 
847 683 14 3028.6 491.387 1537.21 903.543 16 0 0 
878 709 14 3025.6 489.508 1536.09 897.543 16 0 0 
926 748 14 3025.6 489.732 1535.87 897.543 16 0 0 
950 767 14 3040.9 507.083 1533.82 963.37 16 0 0 
1216 988 14 3043.53 511.419 1532.11 971.273 16 0 0 
1216 988 14 3045.33 515.954 1529.37 971.273 16 0 0 
1542 1262 14 3042.46 515.954 1526.51 939.104 16 0 0 
5841 4894 14 3042.62 518.146 1524.47 913.203 16 0 0 
5846 4898 14 3041.46 518.146 1523.31 913.203 16 0 0 
5950 4985 14 3018.85 495.659 1523.19 890.542 16 0 0 
5950 4985 14 3020.79 497.851 1522.94 913.203 16 0 0 
