0 0 14 6903.17 972.051 4931.12 31681.4 94 223 3 
1 0 14 5466.14 723.08 3743.06 17283.4 58 139 3 
1 0 14 5227.58 487.562 3740.02 16243.1 57 116 3 
2 0 14 5210.04 538.848 3671.2 15673.7 56 99 2 
3 1 14 5196.94 533.848 3663.09 15680.7 56 89 2 
4 1 14 5137.9 533.848 3604.05 15118.7 56 89 2 
6 3 14 5112.13 516.765 3595.37 14598.3 55 69 2 
7 3 14 5083.98 516.765 3567.21 14373.1 55 63 3 
9 5 14 5062.32 516.765 3545.55 13988.1 54 33 2 
9 5 14 5051.99 510.797 3541.19 13968.2 54 33 2 
10 6 14 5038.66 528.289 3510.37 13938.6 54 33 2 
11 7 14 5021.81 564.014 3457.8 13988.7 54 33 2 
12 7 14 4919.96 548.511 3371.45 13200.5 53 3 1 
13 8 14 4911.95 548.511 3363.43 13200.4 53 3 1 
13 8 14 4868.02 548.511 3319.51 12729.5 53 3 1 
14 9 14 4816.65 502.502 3314.15 11956.7 52 0 0 
15 10 14 4772.93 492.629 3280.3 11633.1 51 0 0 
15 10 14 4701 492.629 3208.37 11551.5 51 0 0 
16 10 14 4665.6 520.162 3145.44 11698.3 51 0 0 
16 10 14 4650.34 520.162 3130.17 11742.3 51 0 0 
16 10 14 4599.33 499.711 3099.62 11490.2 50 0 0 
18 12 14 4531.71 523.455 3008.26 10979.6 49 0 0 
18 12 14 4500.96 493.603 3007.36 10614.5 49 0 0 
19 13 14 4523.04 529.539 2993.5 10901.5 49 0 0 
20 13 14 4523.04 541.001 2982.04 10901.5 49 0 0 
22 15 14 4444.4 518.76 2925.64 10367.3 47 0 0 
23 16 14 4443.87 518.76 2925.11 10372.8 47 0 0 
23 16 14 4446.95 522.531 2924.42 10372.8 47 0 0 
24 17 14 4367.5 499.657 2867.85 9278.98 47 0 0 
24 17 14 4352.23 499.657 2852.57 9231.36 47 0 0 
25 18 14 4324.38 493.47 2830.91 9235.25 46 0 0 
25 18 14 4322.31 493.47 2828.84 9216.39 46 0 0 
26 18 14 4321.71 493.47 2828.24 9217.3 46 0 0 
26 18 14 4312.34 493.47 2818.87 9216.19 46 0 0 
29 20 14 4300.01 485.885 2814.13 9216.19 46 0 0 
30 21 14 4292.2 485.885 2806.32 9041.57 46 0 0 
33 24 14 4272.26 530.058 2742.21 9083.64 46 0 0 
39 29 14 4306.8 574.142 2732.66 9217.07 46 0 0 
40 30 14 4236.19 573.604 2662.59 8501.75 46 0 0 
41 31 14 4220.35 573.362 2646.99 8430.63 46 0 0 
42 31 14 4220.35 573.604 2646.75 8430.63 46 0 0 
42 32 14 4214.38 573.362 2641.02 8404.71 46 0 0 
43 32 14 4214.38 573.604 2640.77 8404.71 46 0 0 
43 33 14 4223.05 584.56 2638.49 8482.8 46 0 0 
45 34 14 4147.51 558.341 2589.17 8009.54 44 0 0 
45 34 14 4147.51 560.297 2587.21 8009.54 44 0 0 
46 35 14 4102.87 541.403 2561.47 7384.26 43 0 0 
46 35 14 4101.96 543.359 2558.6 7356.14 43 0 0 
47 36 14 4088.87 535.271 2553.6 7254.42 43 0 0 
47 36 14 4071.92 543.359 2528.56 7109.25 43 0 0 
48 37 14 4044.89 538.551 2506.34 7251.95 42 0 0 
49 37 14 4044.89 540.507 2504.38 7251.95 42 0 0 
50 38 14 4044.86 540.507 2504.36 7247.87 42 0 0 
53 41 14 4044.86 541.297 2503.57 7247.87 42 0 0 
53 41 14 4044.86 543.253 2501.61 7247.87 42 0 0 
55 43 14 4041.62 545.059 2496.56 7231.73 42 0 0 
55 43 14 4041.62 547.015 2494.61 7231.73 42 0 0 
56 43 14 4026.71 545.059 2481.65 7187.16 42 0 0 
56 44 14 4026.71 547.015 2479.7 7187.16 42 0 0 
57 45 14 4023.68 545.059 2478.62 7201.71 42 0 0 
57 45 14 4023.68 547.015 2476.66 7201.71 42 0 0 
57 45 14 4021.19 545.059 2476.13 7177.53 42 0 0 
57 45 14 4009.83 538.551 2471.28 7080.66 42 0 0 
58 45 14 4009.83 540.507 2469.33 7080.66 42 0 0 
58 46 14 3981.67 526.419 2455.25 6969.01 40 0 0 
59 46 14 3979.08 524.39 2454.69 6964.63 40 0 0 
59 46 14 3979.08 526.419 2452.66 6964.63 40 0 0 
60 47 14 3975.49 526.419 2449.07 6949.86 40 0 0 
62 49 14 3972.26 524.39 2447.87 6944.22 40 0 0 
63 50 14 3972.26 526.419 2445.84 6944.22 40 0 0 
64 51 14 3959.48 526.419 2433.07 6863.36 40 0 0 
65 52 14 3943.41 524.39 2419.02 6814.15 40 0 0 
65 52 14 3943.41 526.419 2416.99 6814.15 40 0 0 
68 54 14 3931.53 524.39 2407.15 6776.26 40 0 0 
68 54 14 3931.53 526.419 2405.12 6776.26 40 0 0 
69 55 14 3932.88 536.758 2396.12 6732.3 40 0 0 
72 58 14 3929.86 534.729 2395.14 6715.89 40 0 0 
72 58 14 3929.86 536.758 2393.11 6715.89 40 0 0 
73 59 14 3922.04 541.22 2380.82 6774.85 40 0 0 
74 60 14 3929.86 570.04 2359.82 6715.89 40 0 0 
75 60 14 3929.86 572.069 2357.8 6715.89 40 0 0 
80 65 14 3870.61 561.73 2308.88 6485.54 40 0 0 
85 69 14 3870.58 561.73 2308.85 6481.43 40 0 0 
86 71 14 3875.32 569.172 2306.15 6481.43 40 0 0 
86 71 14 3866.19 561.823 2304.37 6221.52 40 0 0 
87 72 14 3865.8 561.823 2303.98 6219.57 40 0 0 
90 74 14 3864.87 561.823 2303.05 6217.84 40 0 0 
91 74 14 3875.11 579.794 2295.32 6255.84 40 0 0 
91 75 14 3875.11 581.823 2293.29 6255.84 40 0 0 
91 75 14 3854.89 589.195 2265.69 6121.45 39 0 0 
91 75 14 3854.89 591.224 2263.66 6121.45 39 0 0 
95 78 14 3841.52 578.839 2262.69 5956.11 39 0 0 
99 82 14 3842.88 580.437 2262.44 5957.46 39 0 0 
100 83 14 3842.67 586.058 2256.61 6005.46 39 0 0 
102 84 14 3845.75 589.939 2255.81 6008.54 39 0 0 
102 84 14 3817.19 564.746 2252.45 5777.58 38 0 0 
103 85 14 3817.19 566.775 2250.42 5777.58 38 0 0 
103 85 14 3816.98 568.339 2248.64 5825.58 38 0 0 
104 85 14 3813.18 570.368 2242.81 5821.58 38 0 0 
104 86 14 3795.15 563.367 2231.78 5679.49 38 0 0 
104 86 14 3790.42 579.16 2211.26 5701.86 38 0 0 
105 87 14 3738.41 577.131 2161.28 5101.19 38 0 0 
105 87 14 3738.41 579.16 2159.25 5101.19 38 0 0 
108 89 14 3731.59 582.525 2149.06 5054.02 38 0 0 
108 89 14 3731.98 584.554 2147.42 5055.96 38 0 0 
113 94 14 3730.66 584.554 2146.11 5027.39 38 0 0 
113 94 14 3693.3 553.151 2140.15 4452.37 37 0 0 
116 96 14 3698.05 560.593 2137.45 4452.37 37 0 0 
116 96 14 3698.05 562.622 2135.43 4452.37 37 0 0 
117 97 14 3698.05 572.927 2125.12 4452.37 37 0 0 
117 97 14 3698.05 574.956 2123.09 4452.37 37 0 0 
120 99 14 3708.06 585.312 2122.75 4500.12 37 0 0 
120 99 14 3708.06 587.341 2120.72 4500.12 37 0 0 
121 100 14 3672.65 568.806 2103.84 4290.05 37 0 0 
121 100 14 3672.65 570.835 2101.81 4290.05 37 0 0 
127 106 14 3679.34 592.044 2087.3 4268.64 37 0 0 
135 113 14 3673.61 590.088 2083.52 4244.02 37 0 0 
136 113 14 3673.61 592.044 2081.56 4244.02 37 0 0 
140 116 14 3672.42 591.157 2081.26 4230.52 37 0 0 
141 117 14 3668.93 589.202 2079.73 4194.13 37 0 0 
141 117 14 3667.97 591.157 2076.81 4193.67 37 0 0 
142 118 14 3691.59 627.59 2064 4301.73 37 0 0 
143 118 14 3692.52 629.546 2062.97 4303.46 37 0 0 
144 119 14 3693.73 632.881 2060.85 4303.46 37 0 0 
144 119 14 3693.73 634.836 2058.9 4303.46 37 0 0 
150 125 14 3705.87 653.389 2052.48 4310.19 37 0 0 
150 125 14 3705.87 655.345 2050.53 4310.19 37 0 0 
153 128 14 3705.87 659.162 2046.71 4310.19 37 0 0 
154 128 14 3705.87 661.117 2044.75 4310.19 37 0 0 
155 129 14 3705.28 660.752 2044.52 4329.71 37 0 0 
156 130 14 3662.58 644.295 2018.29 3939.27 36 0 0 
157 131 14 3595.73 604.863 1990.86 4070.96 36 0 0 
160 133 14 3594.53 603.977 1990.56 4057.47 36 0 0 
160 133 14 3556.32 579.567 1976.75 3887.86 34 0 0 
164 136 14 3561.11 586.057 1975.05 3948.97 34 0 0 
164 136 14 3524.8 550.542 1974.26 4112.69 34 0 0 
166 138 14 3552.84 579.567 1973.27 3851.47 34 0 0 
166 138 14 3546.54 576.539 1970 3845.17 34 0 0 
171 142 14 3449.7 500.028 1949.67 3396.98 32 0 0 
179 149 14 3444.51 500.028 1944.48 3356.56 32 0 0 
179 149 14 3419.78 483.069 1936.72 3105.18 31 0 0 
180 149 14 3419.78 483.072 1936.71 3105.18 31 0 0 
181 150 14 3419.78 485.84 1933.94 3046.11 30 0 0 
181 150 14 3419.78 485.843 1933.94 3046.11 30 0 0 
181 150 14 3431.71 515.798 1915.91 3090.04 30 0 0 
181 150 14 3431.71 515.801 1915.91 3090.04 30 0 0 
182 151 14 3399.55 505.714 1893.83 3090.04 30 0 0 
183 152 14 3368.79 485.843 1882.94 2806.27 30 0 0 
186 154 14 3356.11 483.676 1872.44 2714.36 30 0 0 
186 154 14 3356.11 489.582 1866.53 2714.36 30 0 0 
189 157 14 3353.57 495.597 1857.97 2665.36 30 0 0 
189 157 14 3309.91 480.982 1828.93 2506.15 30 0 0 
189 158 14 3322.7 523.546 1799.16 2673.58 30 0 0 
190 158 14 3317.67 523.546 1794.13 2668.55 30 0 0 
190 159 14 3314.31 523.546 1790.77 2873.2 30 0 0 
191 159 14 3314.31 525.713 1788.6 2873.2 30 0 0 
197 165 14 3310.81 525.713 1785.1 2976.72 30 0 0 
207 173 14 3284.19 504.388 1779.8 2650.82 29 0 0 
211 177 14 3288.95 513.459 1775.49 2650.82 29 0 0 
215 180 14 3284.09 513.459 1770.63 2650.82 29 0 0 
216 181 14 3283.53 514.724 1768.8 2629.12 29 0 0 
218 183 14 3278.67 514.724 1763.94 2629.12 29 0 0 
228 191 14 3271.69 514.724 1756.96 2610 29 0 0 
228 191 14 3277.11 520.656 1756.46 2631.7 29 0 0 
231 194 14 3264.42 523.73 1740.69 2595.68 28 0 0 
232 195 14 3264.75 525.044 1739.71 2577.4 28 0 0 
238 199 14 3264.75 537.007 1727.75 2569.19 28 0 0 
247 208 14 3224.69 509.325 1715.36 2565.96 28 0 0 
248 208 14 3224.69 523.663 1701.02 2565.96 28 0 0 
257 215 14 3207.41 513.08 1694.33 2565.96 28 0 0 
261 219 14 3177.16 503.701 1673.46 2484.2 28 0 0 
269 226 14 3187.16 517.036 1670.12 2576.98 28 0 0 
275 230 14 3172.39 505.628 1666.76 2470.98 27 0 0 
280 234 14 3172.39 523.695 1648.7 2470.98 27 0 0 
292 243 14 3096.97 452.906 1644.06 2532.84 27 0 0 
311 259 14 3074.56 431.999 1642.56 2489.96 26 0 0 
316 263 14 3078.68 441.07 1637.61 2494.08 26 0 0 
318 265 14 3082.01 447.698 1634.31 2494.08 26 0 0 
322 269 14 3082.01 450.835 1631.18 2494.08 26 0 0 
328 274 14 3082.01 455.27 1626.74 2494.08 26 0 0 
332 277 14 3050.2 441.212 1608.99 2334.19 26 0 0 
332 278 14 3046.87 440.785 1606.09 2334.19 26 0 0 
333 278 14 3054.72 450.456 1604.27 2380.13 26 0 0 
335 280 14 3057.64 455.27 1602.37 2380.13 26 0 0 
338 282 14 3080.52 478.229 1602.29 2462.23 26 0 0 
347 291 14 3057.64 457.928 1599.71 2369.77 25 0 0 
414 350 14 3055.38 456.177 1599.2 2501.47 25 0 0 
442 375 14 3055.38 456.384 1599 2501.47 25 0 0 
444 377 14 3044.84 446.769 1598.07 2501.47 25 0 0 
476 405 14 3039.75 446.769 1592.98 2296.01 25 0 0 
488 417 14 3038.35 446.769 1591.58 2274.11 25 0 0 
508 436 14 3040.43 449.706 1590.72 2281.58 25 0 0 
545 470 14 3037.22 449.706 1587.51 2331.52 25 0 0 
578 499 14 3037.22 450.111 1587.11 2331.52 25 0 0 
713 619 14 3033.91 447.083 1586.83 2354.11 25 0 0 
764 665 14 3033.78 447.083 1586.7 2344.32 25 0 0 
804 700 14 3030.98 447.083 1583.89 2195.4 25 0 0 
947 826 14 3022.78 439.111 1583.67 2269.94 25 0 0 
1016 889 14 3022.78 440.059 1582.72 2269.94 25 0 0 
1027 899 14 3022.78 443.329 1579.45 2269.94 25 0 0 
1046 916 14 3022.78 444.276 1578.5 2269.94 25 0 0 
1388 1220 14 2994.18 416.276 1577.9 2109.69 25 0 0 
1960 1726 14 2989.48 416.276 1573.21 2168.27 25 0 0 
2314 2040 14 2988.25 418.973 1569.28 2168.27 25 0 0 
2357 2076 14 2985.12 418.973 1566.15 2144.2 25 0 0 
2460 2165 14 2966.43 402.585 1563.85 2144.2 25 0 0 
2476 2179 14 2966.02 402.691 1563.33 2144.2 25 0 0 
2697 2371 14 2961.24 402.691 1558.55 2144.2 25 0 0 
3513 3074 14 2953.31 402.691 1550.62 2060.23 25 0 0 
3893 3407 14 2952.03 402.691 1549.34 2155.69 25 0 0 
