Agent: 0ids: 11 17 35 43 36 37 16 23 26 14 10 3 45 38 0 22 30 13 46 24 12 25 44 40 9 19 4 41 5 7 1 47 
Agent: 1ids: 38 2 20 9 24 40 3 46 45 21 26 41 4 30 25 19 34 17 5 37 48 22 10 13 12 49 32 42 35 44 36 29 39 14 31 43 6 18 27 11 15 7 8 33 23 16 1 28 0 
Agent: 2ids: 13 15 2 29 21 8 41 27 36 49 24 25 34 0 12 35 40 30 22 4 11 33 14 44 28 7 
Agent: 3ids: 39 45 2 13 35 33 34 8 31 
Agent: 4ids: 20 37 5 39 47 29 40 32 0 6 1 23 38 30 12 26 36 4 27 43 33 28 14 24 19 31 35 7 48 18 16 44 49 9 15 45 10 2 8 46 42 41 34 21 
Agent: 5ids: 16 0 39 10 20 23 46 38 25 31 7 33 12 19 1 49 24 27 41 37 43 40 5 32 3 
Agent: 6ids: 17 31 49 28 39 47 48 36 21 40 10 27 30 24 3 11 29 25 8 12 18 22 26 23 16 5 7 42 9 37 38 34 2 33 13 43 44 0 4 45 46 19 35 15 14 41 
Agent: 7ids: 15 6 1 30 45 41 8 4 35 16 44 40 2 34 17 38 37 46 29 5 47 10 12 22 43 13 42 19 33 31 48 0 39 11 24 36 26 20 23 32 
Agent: 8ids: 21 46 18 6 26 5 19 28 42 24 2 48 12 10 23 45 33 43 0 29 11 32 7 35 14 17 3 27 38 16 40 44 34 41 
Agent: 9ids: 38 43 25 32 23 1 36 6 19 17 7 47 40 49 18 24 
Agent: 10ids: 38 31 11 32 23 10 29 0 40 26 24 12 9 47 34 36 16 2 42 19 45 17 48 33 22 43 
Agent: 11ids: 12 29 2 3 14 19 7 32 41 0 1 8 35 21 16 49 20 44 
Agent: 12ids: 0 20 28 41 27 38 30 44 36 33 26 2 48 42 22 11 39 12 15 7 1 29 6 14 18 25 10 37 43 8 16 5 46 4 49 40 32 23 24 
Agent: 13ids: 19 35 46 4 3 37 40 48 23 38 33 39 15 43 18 41 11 32 47 20 17 10 9 45 28 36 24 42 30 12 22 34 7 26 6 8 0 5 13 31 14 1 2 25 21 29 44 49 
Agent: 14ids: 17 41 29 19 32 35 11 42 15 36 27 6 16 26 48 45 4 
Agent: 15ids: 36 9 31 14 39 6 29 16 42 21 40 48 46 20 24 32 38 23 3 22 7 45 30 13 17 35 5 44 15 47 4 12 8 2 28 
Agent: 16ids: 13 33 16 29 34 21 30 17 35 
Agent: 17ids: 35 12 48 34 13 27 2 46 25 45 16 8 26 18 14 23 21 32 49 0 11 42 22 36 20 29 31 
Agent: 18ids: 44 23 24 10 7 37 35 47 33 27 
Agent: 19ids: 28 15 31 45 29 12 18 21 2 6 43 9 39 37 24 36 27 20 26 5 0 8 13 1 14 46 19 25 10 7 
Agent: 20ids: 28 35 2 26 21 14 0 19 39 1 36 7 25 46 24 38 8 29 4 10 33 11 48 34 32 31 37 18 13 23 47 30 16 12 
Agent: 21ids: 45 37 25 28 17 31 2 15 47 1 7 35 38 9 13 8 42 
Agent: 22ids: 9 
Agent: 23ids: 24 15 14 38 3 20 11 42 22 39 1 41 31 43 25 26 4 13 0 28 9 18 10 46 34 45 6 17 44 37 19 32 49 29 33 7 16 30 35 
Agent: 24ids: 22 9 33 24 11 6 36 37 1 15 27 8 34 26 13 41 48 31 44 17 2 40 38 42 12 4 46 3 32 30 18 19 23 39 49 20 7 16 28 
Agent: 25ids: 15 20 37 25 23 38 11 9 46 44 48 32 2 39 36 35 41 42 12 21 0 43 49 5 10 45 27 7 30 6 
Agent: 26ids: 14 37 11 30 33 9 42 34 24 49 47 28 12 31 0 15 40 4 20 48 41 23 17 36 3 13 45 22 44 2 18 39 1 27 38 29 5 19 25 6 32 35 
Agent: 27ids: 28 22 43 9 13 21 18 23 44 3 7 49 1 10 14 11 12 47 39 33 40 48 17 4 27 41 42 25 37 0 38 31 6 2 29 46 34 20 35 36 32 15 26 30 5 
Agent: 28ids: 14 35 2 46 9 43 18 49 48 22 11 5 26 23 37 27 12 40 30 28 16 45 17 42 13 6 0 7 47 15 36 10 20 39 29 
Agent: 29ids: 19 27 30 36 35 9 18 21 6 10 4 28 48 45 24 2 41 1 7 31 43 34 44 3 39 12 11 15 20 49 38 33 22 40 8 
Agent: 30ids: 12 1 0 38 13 30 24 14 2 35 17 26 20 44 10 25 21 7 37 3 49 22 4 43 32 36 8 47 29 9 42 41 5 46 28 19 6 48 
Agent: 31ids: 32 
Agent: 32ids: 13 44 38 18 23 32 33 
Agent: 33ids: 19 34 
Agent: 34ids: 37 14 43 49 31 40 20 6 34 4 38 15 3 39 9 23 0 16 7 32 47 30 
Agent: 35ids: 10 35 42 12 17 28 23 39 15 37 16 31 3 32 8 21 38 24 30 4 27 
Agent: 36ids: 16 48 30 43 
Agent: 37ids: 40 46 44 42 13 26 48 12 35 5 10 2 22 19 45 33 32 34 17 28 21 20 11 47 37 16 6 7 23 1 9 43 36 38 25 24 29 15 30 49 8 18 41 27 31 
Agent: 38ids: 25 
Agent: 39ids: 6 9 46 48 44 43 18 0 8 3 39 23 41 47 21 19 31 20 40 32 10 24 25 14 42 28 15 22 13 
Agent: 40ids: 12 31 45 43 27 24 38 3 8 7 18 35 33 32 9 14 
Agent: 41ids: 37 12 47 30 1 0 36 33 34 19 41 22 40 45 9 43 18 35 27 17 14 23 21 11 15 
Agent: 42ids: 17 34 20 32 23 42 28 49 26 44 5 45 41 8 10 2 6 48 
Agent: 43ids: 36 15 38 2 20 5 16 10 42 41 43 45 30 1 23 3 21 6 29 32 11 28 12 
Agent: 44ids: 43 30 18 0 28 16 26 10 35 39 22 15 17 7 13 45 20 14 6 46 34 48 5 25 42 21 24 41 2 33 
Agent: 45ids: 16 11 23 6 39 35 33 15 19 27 
Agent: 46ids: 32 8 14 9 12 28 45 42 49 7 5 44 6 30 33 29 43 21 47 18 4 3 23 46 36 38 11 24 31 19 2 39 0 40 15 27 35 1 13 22 34 37 20 16 26 25 48 
Agent: 47ids: 27 11 25 37 33 30 46 16 12 44 19 9 20 8 13 28 21 38 40 35 23 31 14 49 32 7 41 6 43 18 0 4 2 3 42 26 36 45 10 
Agent: 48ids: 29 8 45 18 44 21 38 37 35 20 19 12 3 11 
Agent: 49ids: 20 49 43 35 6 25 40 21 47 15 12 30 10 48 17 7 3 32 22 13 26 11 46 41 37 14 5 44 18 2 24 4 33 23 42 19 28 8 38 
0 0 14 6988.74 1173.02 4815.71 42349.8 93 398 3 
0 0 14 5474.81 604.867 3869.95 24592.3 56 287 2 
0 0 14 5374.95 513.064 3861.88 24276.8 56 247 1 
0 0 14 5327.03 574.087 3752.94 18628.3 54 228 3 
1 0 14 5267.49 539.183 3728.31 18130.2 53 195 2 
4 1 14 5214.29 530.079 3684.21 17227.3 53 165 2 
4 2 14 5201.6 561.937 3639.66 17247 53 165 2 
4 2 14 5198.38 561.937 3636.44 17199.2 53 165 2 
5 3 14 5079.02 561.937 3517.09 16392.3 53 165 2 
7 4 14 5058.26 561.937 3496.32 16559.4 53 165 2 
7 4 14 5015.09 551.344 3463.75 15539.7 52 149 2 
8 5 14 5013.87 551.344 3462.52 15527.2 52 149 2 
8 5 14 4959.77 551.344 3408.43 14891.4 52 136 2 
9 5 14 4933.34 548.57 3384.77 14314.7 51 129 1 
9 5 14 4931.97 548.57 3383.4 14320.2 51 129 1 
9 6 14 4882.42 503.828 3378.59 13645.1 51 125 1 
9 6 14 4806.99 548.57 3258.42 13521.3 50 111 1 
11 7 14 4806.99 548.667 3258.33 13521.3 50 111 1 
11 7 14 4762.11 537.295 3224.81 13188.6 49 111 1 
11 7 14 4754.28 537.295 3216.98 13105.5 49 111 1 
12 8 14 4748.54 546.655 3201.89 13134.4 49 111 1 
13 9 14 4680.3 522.858 3157.44 12877.7 48 111 1 
14 10 14 4675.8 519.651 3156.15 12877.7 48 111 1 
15 10 14 4669.52 520.353 3149.17 12798.6 48 111 1 
15 11 14 4612.46 468.229 3144.24 12004.7 47 105 1 
15 11 14 4588.62 468.229 3120.39 11750.1 47 82 1 
16 11 14 4567.77 480.341 3087.42 11671 47 82 1 
17 12 14 4565.52 480.341 3085.18 11683.2 47 82 1 
17 12 14 4564.21 480.341 3083.87 11870 47 82 1 
18 13 14 4584.58 519.966 3064.61 11820.5 47 82 1 
20 15 14 4440.59 463.604 2976.98 11973.5 47 76 2 
20 15 14 4433.98 463.604 2970.38 11475.4 47 66 2 
20 15 14 4405.67 506.813 2898.85 10837.7 47 60 1 
21 15 14 4407.09 514.493 2892.6 10822.6 46 60 1 
21 15 14 4321.94 504.17 2817.77 10028 45 60 1 
22 16 14 4282.31 504.371 2777.94 9361.56 45 29 1 
23 17 14 4243.87 467.205 2776.66 9322.78 45 29 1 
23 17 14 4234.77 467.205 2767.57 9295.48 45 29 1 
24 18 14 4203.81 467.801 2736.01 8503.29 44 29 1 
24 18 14 4197.51 467.801 2729.71 8753.1 44 29 1 
24 18 14 4196.34 467.801 2728.54 8757.68 44 29 1 
25 19 14 4186.66 467.801 2718.86 8776.31 44 29 1 
26 20 14 4132.84 456.78 2676.06 7695.29 44 29 1 
26 20 14 4081.74 455.064 2626.67 8056.68 43 29 1 
28 21 14 4063.6 453.891 2609.71 7926.88 43 29 1 
29 22 14 4061.39 462.71 2598.68 7915.02 43 29 1 
29 22 14 4056.23 462.71 2593.52 7811.51 42 19 1 
29 22 14 3956.17 456.927 2499.25 7867.5 42 19 1 
32 24 14 3982.52 522.271 2460.25 7530.7 42 19 1 
32 25 14 3971.13 516.773 2454.36 7530.7 42 19 1 
32 25 14 3968.32 516.773 2451.55 7518.98 42 19 1 
32 25 14 4003.47 570.958 2432.51 7091.15 41 14 1 
33 25 14 3981.55 571.574 2409.98 6760.7 41 4 1 
34 26 14 3975.62 570.958 2404.66 6761.8 41 4 1 
34 26 14 3974.42 578.304 2396.12 6759.3 41 4 1 
35 26 14 3931.34 547.304 2384.04 6577.98 41 4 1 
35 27 14 3929.51 547.92 2381.59 6574.84 41 4 1 
36 28 14 3946.58 566.024 2380.56 6636 41 4 1 
37 28 14 3944.75 566.64 2378.11 6632.87 41 4 1 
38 29 14 3914.48 547.92 2366.56 6454.58 41 4 1 
41 31 14 3902.3 547.92 2354.38 6404.06 41 4 1 
41 31 14 3902.64 548.32 2354.32 6359.14 41 4 1 
41 31 14 3900.81 548.937 2351.88 6356 41 4 1 
45 34 14 3892.18 550.711 2341.47 6494.65 41 0 0 
45 34 14 3890.35 551.327 2339.03 6491.52 41 0 0 
47 36 14 3898.85 563.321 2335.53 6533.51 40 0 0 
47 36 14 3712.13 430.484 2281.65 5946.21 37 0 0 
47 36 14 3712.13 433.172 2278.96 5946.21 37 0 0 
49 38 14 3682.68 424.352 2258.33 5805.4 36 0 0 
50 39 14 3670.69 413.364 2257.32 5598.97 36 0 0 
50 39 14 3668.61 416.052 2252.56 5596.01 36 0 0 
51 40 14 3625.19 379.364 2245.83 5080.69 36 0 0 
52 40 14 3625.19 382.052 2243.14 5080.69 36 0 0 
52 41 14 3623.67 382.052 2241.62 5080.69 36 0 0 
52 41 14 3623.73 383.937 2239.8 5118.98 36 0 0 
52 41 14 3623.73 386.624 2237.11 5118.98 36 0 0 
54 42 14 3604.47 385.838 2218.64 5053.82 36 0 0 
56 44 14 3596 388.002 2208 4965.56 36 0 0 
58 46 14 3612.85 411.018 2201.83 5150.56 36 0 0 
59 46 14 3584.89 392.549 2192.34 5108.74 36 0 0 
59 47 14 3601.74 412.877 2188.86 5293.74 36 0 0 
59 47 14 3601.74 415.565 2186.17 5293.74 36 0 0 
61 49 14 3599.31 415.565 2183.74 5290.04 36 0 0 
62 49 14 3582.93 402.869 2180.06 5090.07 35 0 0 
62 49 14 3582.93 405.557 2177.37 5090.07 35 0 0 
63 50 14 3570.64 416.922 2153.72 5117.05 35 0 0 
63 50 14 3571.37 424.441 2146.93 5121.39 35 0 0 
63 50 14 3590.65 453.308 2137.35 5121.39 35 0 0 
64 50 14 3590.65 455.995 2134.66 5121.39 35 0 0 
65 51 14 3569.48 447.098 2122.38 5128 35 0 0 
65 52 14 3569.48 449.786 2119.69 5128 35 0 0 
69 55 14 3569.48 449.874 2119.6 5128 35 0 0 
70 56 14 3555.74 458.874 2096.86 4898.51 35 0 0 
70 56 14 3555.74 461.561 2094.18 4898.51 35 0 0 
73 58 14 3486.33 409.096 2077.23 4636.97 34 0 0 
73 58 14 3504.64 459.464 2045.17 3894.15 33 0 0 
75 60 14 3497.09 453.655 2043.43 3581.41 33 0 0 
75 60 14 3498.92 465.435 2033.48 3591.87 33 0 0 
75 60 14 3497.09 466.051 2031.03 3581.41 33 0 0 
77 62 14 3496.38 468.969 2027.41 3585.7 33 0 0 
77 62 14 3496.6 469.586 2027.01 3588.22 33 0 0 
78 63 14 3493.22 469.586 2023.64 3474.91 33 0 0 
79 63 14 3434.12 476.762 1957.36 3426.49 33 0 0 
87 70 14 3426.52 469.361 1957.16 3425.38 33 0 0 
89 71 14 3436.33 480.354 1955.98 3435.11 33 0 0 
89 72 14 3425.25 489.295 1935.95 3435.11 33 0 0 
91 73 14 3417.66 481.894 1935.76 3434.01 33 0 0 
91 74 14 3417.66 483.874 1933.78 3434.01 33 0 0 
94 76 14 3407.93 483.874 1924.06 3406.44 33 0 0 
94 76 14 3390.71 476.874 1913.83 3359.75 32 0 0 
97 79 14 3389.91 476.874 1913.03 3352.95 32 0 0 
99 80 14 3368.46 461.814 1906.64 3004.06 32 0 0 
99 81 14 3246.95 348.198 1898.75 2804.12 31 0 0 
100 82 14 3246.95 364.233 1882.72 2804.12 31 0 0 
103 84 14 3256.93 376.391 1880.54 2724.37 30 0 0 
103 84 14 3256.93 401.927 1855.01 2724.37 30 0 0 
104 85 14 3255.11 401.927 1853.19 2767.01 30 0 0 
105 86 14 3255.04 401.927 1853.11 2753.32 30 0 0 
105 86 14 3253.28 402.543 1850.74 2758.38 30 0 0 
106 87 14 3252.13 402.543 1849.59 2752.38 30 0 0 
108 89 14 3251.62 402.543 1849.07 2756.79 30 0 0 
110 91 14 3251.55 402.543 1849 2743.1 30 0 0 
113 93 14 3251.55 403.768 1847.78 2743.1 30 0 0 
131 109 14 3254.22 417.316 1836.91 2763.33 30 0 0 
131 109 14 3251.09 416.896 1834.19 2692.86 30 0 0 
134 112 14 3252.24 418.121 1834.12 2698.86 30 0 0 
134 112 14 3251.09 418.121 1832.97 2692.86 30 0 0 
136 114 14 3261.29 429.456 1831.83 2739.83 30 0 0 
144 122 14 3250.49 418.917 1831.57 2718.22 30 0 0 
149 126 14 3250.29 418.917 1831.37 2694.98 30 0 0 
151 127 14 3232.28 420.598 1811.68 2647.09 30 0 0 
156 132 14 3238.12 427.889 1810.23 2727.23 30 0 0 
156 132 14 3232.28 428.968 1803.31 2647.09 30 0 0 
159 134 14 3230.28 428.968 1801.31 2654.57 30 0 0 
173 146 14 3228.16 428.968 1799.19 2687.5 30 0 0 
174 147 14 3208.33 413.29 1795.04 2585.73 29 0 0 
176 149 14 3178.04 413.29 1764.75 2595.22 29 0 0 
182 154 14 3175.58 413.29 1762.29 2592.76 29 0 0 
189 160 14 3175.33 413.29 1762.04 2606.25 29 0 0 
192 163 14 3174.48 413.29 1761.19 2606.09 29 0 0 
202 171 14 3172.65 413.29 1759.36 2601.68 29 0 0 
209 177 14 3158.37 399.224 1759.14 2419.19 29 0 0 
210 178 14 3156.54 399.224 1757.32 2414.79 29 0 0 
210 178 14 3132.63 399.224 1733.4 2263.98 29 0 0 
222 188 14 3123.53 399.224 1724.3 2255.14 29 0 0 
226 192 14 3118.72 399.817 1718.91 2233.06 29 0 0 
233 197 14 3118.97 409.604 1709.37 2296.82 29 0 0 
234 199 14 3102.56 399.817 1702.74 2269.62 29 0 0 
237 202 14 3098.18 403.675 1694.5 2300.11 29 0 0 
261 224 14 3098.72 404.433 1694.29 2300.11 29 0 0 
278 239 14 3107.91 414.739 1693.17 2468.95 29 0 0 
280 241 14 3070.69 379.731 1690.96 2040.62 28 0 0 
284 244 14 3080.69 390.27 1690.42 2050.62 28 0 0 
289 248 14 3176.84 498.16 1678.68 2044.91 28 0 0 
297 255 14 3176.84 498.318 1678.52 2093.05 28 0 0 
324 277 14 3176.84 523.573 1653.27 2134.85 28 0 0 
341 292 14 3176.84 525.858 1650.98 2134.85 28 0 0 
367 314 14 3166.37 515.43 1650.94 2113.91 28 0 0 
372 317 14 3146.45 505.939 1640.51 2096.6 27 0 0 
376 320 14 3143.4 512.071 1631.33 2102.54 27 0 0 
389 330 14 3143.4 517.532 1625.87 2102.54 27 0 0 
396 336 14 3155.9 533.315 1622.59 2102.54 27 0 0 
396 336 14 3149.89 532.557 1617.34 2102.54 27 0 0 
403 342 14 3149.89 533.399 1616.49 2102.54 27 0 0 
423 359 14 3157.65 556.082 1601.57 2150.54 27 0 0 
429 364 14 3157.24 560.473 1596.77 2150.54 27 0 0 
461 391 14 3156.64 560.473 1596.17 2153.43 27 0 0 
483 409 14 3138.84 544.193 1594.65 2055.32 26 0 0 
484 410 14 3138.84 546.965 1591.87 2055.32 26 0 0 
528 446 14 3138.27 546.965 1591.3 2110.12 26 0 0 
549 463 14 3138.27 547.113 1591.16 2110.12 26 0 0 
586 493 14 3172.04 581.772 1590.27 2110.12 26 0 0 
589 496 14 3186.66 600.271 1586.39 2110.12 26 0 0 
596 501 14 3186.66 600.353 1586.31 2110.12 26 0 0 
619 521 14 3178.42 594.748 1583.68 2114.72 26 0 0 
630 530 14 3178.42 594.886 1583.54 2114.72 26 0 0 
636 536 14 3178.42 601.358 1577.07 2114.72 26 0 0 
758 637 14 3184.46 607.821 1576.64 2114.72 26 0 0 
814 683 14 3184.46 612.794 1571.66 2114.72 26 0 0 
815 684 14 3184.46 617.285 1567.17 2061.85 25 0 0 
836 702 14 3182.71 617.285 1565.42 2065.19 25 0 0 
875 735 14 3167.25 603.423 1563.82 2003.36 25 0 0 
876 735 14 3153.7 597.703 1556 1993.89 25 0 0 
880 739 14 3161.92 607.51 1554.41 2059.63 25 0 0 
913 765 14 3161.92 613.586 1548.33 2059.63 25 0 0 
915 767 14 3164.49 629.492 1535 2135.15 25 0 0 
1191 1004 14 3108.63 575.889 1532.74 2073.93 25 0 0 
1203 1015 14 3118.37 585.85 1532.52 2073.93 25 0 0 
1203 1015 14 3118.64 586.161 1532.48 2073.93 25 0 0 
1224 1033 14 3118.64 586.415 1532.22 2073.93 25 0 0 
1371 1159 14 3106.59 590.8 1515.79 2017.99 25 0 0 
1372 1159 14 3106.59 591.67 1514.92 2017.99 25 0 0 
1379 1166 14 3106.59 592.803 1513.79 2017.99 25 0 0 
1437 1215 14 3104.61 592.803 1511.81 2014.56 25 0 0 
1546 1312 14 3100.92 592.803 1508.12 2012.32 25 0 0 
1683 1429 14 3116.32 608.248 1508.07 2080.82 25 0 0 
1690 1436 14 3111.46 607.937 1503.52 2075.95 25 0 0 
1698 1443 14 3111.46 610.006 1501.45 2075.95 25 0 0 
1990 1699 14 3101.72 603.167 1498.55 2066.21 25 0 0 
2144 1831 14 3100.92 602.466 1498.45 2033.61 25 0 0 
2239 1912 14 3093.1 595.79 1497.31 2033.61 25 0 0 
2406 2057 14 3100.12 609.61 1490.51 2082.15 25 0 0 
2645 2262 14 3100.32 614.648 1485.67 2095.34 25 0 0 
2658 2274 14 3000.07 514.41 1485.66 2095.34 25 0 0 
2928 2512 14 3005.1 522.911 1482.19 2095.34 25 0 0 
2982 2559 14 3004.86 522.911 1481.95 2108.77 25 0 0 
4580 3968 14 3098.05 626.1 1471.95 2083.56 25 0 0 
4583 3970 14 3093.83 627.201 1466.63 2083.56 25 0 0 
4584 3971 14 2980.58 522.911 1457.66 1991.7 25 0 0 
4605 3990 14 2970.71 518.824 1451.89 1937.57 25 0 0 
4608 3993 14 2965.27 514.824 1450.44 1926.68 25 0 0 
4615 3999 14 2982.44 538.104 1444.34 1889.93 25 0 0 
4618 4002 14 2967.64 526.078 1441.56 1746.68 24 0 0 
4620 4003 14 2968.51 529.667 1438.85 1762.53 24 0 0 
4622 4005 14 2960.91 523.498 1437.41 1762.53 24 0 0 
4659 4038 14 2971.75 535.498 1436.25 1877.86 24 0 0 
4660 4038 14 2955.58 523.498 1432.08 1769.02 24 0 0 
4663 4041 14 2963.75 535.498 1428.25 1825.86 24 0 0 
4667 4045 14 2962.31 535.498 1426.81 1809.52 24 0 0 
4691 4065 14 2952.28 525.883 1426.4 1809.52 24 0 0 
