Agent: 0ids: 45 23 6 36 
Agent: 1ids: 22 36 49 17 12 45 35 
Agent: 2ids: 26 32 22 37 36 34 15 38 7 13 9 1 31 43 5 3 
Agent: 3ids: 1 11 9 40 30 14 28 32 2 29 43 45 15 46 7 24 19 47 26 27 18 10 4 12 44 22 5 48 8 
Agent: 4ids: 19 3 8 17 7 13 21 41 36 29 1 32 37 6 40 33 4 34 5 11 20 49 0 10 18 15 24 16 25 26 44 39 22 
Agent: 5ids: 32 12 13 46 17 2 20 37 22 9 33 6 43 0 7 44 8 14 15 29 30 19 38 41 3 31 21 36 24 47 49 18 25 5 23 4 27 10 26 11 34 16 1 45 39 35 28 40 
Agent: 6ids: 13 21 12 32 19 37 0 8 10 2 20 34 6 45 36 29 5 44 27 28 43 42 31 24 41 7 35 40 15 33 46 
Agent: 7ids: 2 13 17 38 28 42 32 15 45 5 25 47 20 22 36 10 
Agent: 8ids: 8 33 48 30 22 9 31 38 19 14 32 28 7 34 20 6 35 3 25 17 0 46 37 5 18 24 29 43 40 2 45 4 49 10 36 39 41 11 26 47 12 16 44 42 13 27 
Agent: 9ids: 1 2 12 44 43 42 46 48 30 37 20 4 39 33 47 23 29 17 45 22 14 21 26 40 35 15 32 38 9 31 27 34 19 11 25 18 13 
Agent: 10ids: 25 32 23 40 12 22 21 6 18 15 43 4 33 19 0 29 9 44 49 27 46 14 45 38 39 42 16 30 7 47 37 35 13 34 8 5 20 11 17 36 31 26 3 28 1 10 24 2 41 
Agent: 11ids: 23 11 47 49 48 6 20 10 17 5 32 33 9 29 14 16 34 18 0 
Agent: 12ids: 30 0 47 3 10 31 22 2 23 
Agent: 13ids: 49 45 30 18 2 19 41 9 21 25 32 3 23 20 8 15 0 16 31 37 46 4 26 38 48 47 27 13 42 36 
Agent: 14ids: 9 26 32 14 44 16 21 31 5 2 15 7 41 1 8 28 13 12 27 20 25 10 
Agent: 15ids: 37 34 24 16 
Agent: 16ids: 8 2 24 6 33 16 21 28 17 46 37 4 12 35 29 34 30 14 13 41 32 26 10 44 3 15 42 36 18 48 40 19 43 31 0 38 25 11 49 5 1 47 23 27 
Agent: 17ids: 20 18 48 38 23 30 25 12 13 40 37 5 15 7 24 44 4 47 0 49 32 1 19 16 10 28 43 2 9 3 26 
Agent: 18ids: 2 6 28 36 19 16 44 18 10 45 24 13 27 1 37 8 30 48 32 12 17 34 4 3 15 0 23 49 41 42 22 20 7 14 35 9 40 47 31 21 26 
Agent: 19ids: 24 7 6 3 30 27 11 17 2 25 35 39 32 4 48 8 5 45 21 12 10 33 38 0 22 40 9 36 20 19 42 49 
Agent: 20ids: 17 43 8 31 29 19 37 5 46 34 14 49 20 25 21 9 35 
Agent: 21ids: 12 1 
Agent: 22ids: 46 31 3 13 1 5 45 25 29 19 4 20 42 2 9 10 24 26 49 7 39 48 47 36 41 35 23 40 37 30 22 15 8 33 12 14 17 27 6 0 21 44 43 34 18 
Agent: 23ids: 33 28 31 39 12 21 34 17 44 32 36 4 8 43 6 37 25 41 16 15 10 24 49 20 
Agent: 24ids: 39 11 45 18 9 41 29 15 10 23 37 4 22 48 32 43 8 38 2 1 7 6 46 21 16 31 5 
Agent: 25ids: 23 39 12 46 44 25 29 19 16 35 22 33 34 3 48 41 28 7 36 6 42 17 2 14 49 45 11 24 0 4 31 9 10 38 30 18 21 47 1 40 43 27 8 15 5 13 20 
Agent: 26ids: 40 9 48 25 39 
Agent: 27ids: 42 38 7 10 22 33 35 44 30 5 20 9 14 32 19 11 46 41 29 43 27 45 18 
Agent: 28ids: 28 46 3 43 48 37 42 38 12 36 9 0 20 26 33 
Agent: 29ids: 38 47 35 25 33 14 19 5 44 18 8 31 42 21 45 37 12 49 3 4 24 29 11 26 20 16 46 0 10 15 36 7 22 40 9 43 6 39 32 48 28 2 30 34 13 41 23 27 1 
Agent: 30ids: 32 13 1 25 19 43 8 42 35 14 46 6 17 0 48 37 10 33 38 5 34 20 39 7 15 3 47 
Agent: 31ids: 47 24 18 2 14 17 7 32 36 27 11 21 43 39 37 20 10 33 25 34 28 0 26 5 35 23 38 9 4 48 45 44 30 15 8 6 40 12 29 46 31 13 16 41 22 
Agent: 32ids: 26 49 33 7 27 2 45 5 1 32 18 48 37 9 22 23 44 16 41 
Agent: 33ids: 33 39 21 35 5 22 32 10 31 34 28 40 17 23 19 42 48 
Agent: 34ids: 42 45 48 49 3 47 8 22 19 5 43 16 31 46 37 44 26 21 6 2 20 14 12 18 25 23 13 35 40 10 11 28 4 9 32 27 15 38 41 
Agent: 35ids: 33 24 32 31 44 4 34 27 25 10 30 2 16 17 48 26 0 14 3 1 41 20 29 38 22 21 8 46 9 28 19 13 43 42 15 47 49 11 45 
Agent: 36ids: 12 2 7 42 48 5 26 11 40 15 23 
Agent: 37ids: 32 16 45 11 19 34 8 43 0 7 5 38 37 26 15 44 49 21 36 48 22 9 12 30 24 6 4 42 3 18 14 46 31 23 41 27 10 40 13 1 2 25 29 28 39 33 35 
Agent: 38ids: 32 3 15 23 37 42 44 38 26 
Agent: 39ids: 1 46 42 34 17 38 16 44 21 33 40 36 9 24 37 49 8 15 2 4 22 23 0 18 32 10 
Agent: 40ids: 10 4 26 20 6 45 19 30 41 23 7 44 8 18 17 38 40 34 5 27 21 9 24 35 
Agent: 41ids: 6 40 22 21 24 20 31 39 23 30 33 32 0 10 47 29 48 3 45 42 27 2 38 15 43 41 17 46 13 36 28 
Agent: 42ids: 19 25 29 47 41 24 6 7 39 0 18 11 31 1 43 21 32 38 27 49 5 45 44 28 3 42 37 
Agent: 43ids: 7 15 0 18 37 30 8 43 49 46 47 10 41 11 17 34 42 25 38 27 3 24 2 35 45 13 32 39 12 48 9 
Agent: 44ids: 46 26 36 8 17 47 16 10 35 29 24 32 27 20 40 42 23 41 13 48 14 11 2 0 33 
Agent: 45ids: 8 11 5 25 16 19 48 38 31 44 45 17 32 33 3 36 18 23 37 2 39 41 10 
Agent: 46ids: 38 41 35 9 22 1 32 11 33 47 43 14 27 23 18 31 15 45 25 26 37 2 20 46 0 21 5 7 16 29 39 
Agent: 47ids: 9 41 15 35 37 38 19 18 44 16 43 31 48 22 5 3 40 33 23 8 25 17 20 10 13 34 28 11 0 42 21 14 4 
Agent: 48ids: 21 30 8 0 37 27 2 25 19 12 1 36 4 26 39 20 48 10 40 13 38 46 28 31 5 35 17 44 29 22 23 41 11 47 15 43 18 34 45 7 6 42 
Agent: 49ids: 19 40 45 35 9 18 43 41 15 17 22 38 13 10 48 47 21 42 2 33 16 37 46 31 44 0 34 32 24 28 4 49 11 23 36 8 26 7 6 20 
0 0 14 6884.9 814.426 5070.47 41745.4 94 339 2 
9 5 14 4520.9 578.244 2942.66 11818.2 44 77 3 
9 5 14 4506.65 578.244 2928.41 11864.7 44 77 3 
11 6 14 4469.36 579.792 2889.56 11899.6 44 53 3 
11 6 14 4452.81 579.792 2873.02 11656.1 44 53 3 
12 7 14 4442.98 599.012 2843.97 11355 44 53 3 
13 8 14 4317.58 583.964 2733.62 9914.23 44 38 3 
14 8 14 4318.96 586.795 2732.17 9915.62 44 38 3 
14 8 14 4317.03 586.795 2730.23 9896.12 44 38 3 
14 9 14 4314.67 586.795 2727.88 9899.68 44 38 3 
16 10 14 4291.94 586.795 2705.15 9831.68 44 26 2 
17 11 14 4191.22 566.196 2625.03 9320.59 44 22 2 
17 11 14 4178.45 567.75 2610.7 9143.89 44 22 2 
18 12 14 4118.76 564.658 2554.11 8614.59 42 22 2 
18 12 14 4111.17 567.474 2543.69 8343.17 42 10 1 
19 12 14 4093.28 567.474 2525.81 8303.05 42 10 1 
21 14 14 4020.23 517.457 2502.78 7710.3 39 5 1 
22 15 14 4018.29 517.457 2500.83 7696.3 39 5 1 
24 16 14 4015.04 517.457 2497.58 7665.57 39 5 1 
25 17 14 4010.65 517.457 2493.19 7442.41 39 5 1 
26 17 14 4007.4 517.457 2489.94 7414.94 39 5 1 
26 18 14 3999.39 529.616 2469.77 7371.69 39 5 1 
26 18 14 3996.44 529.616 2466.82 7551.6 39 5 1 
29 20 14 3902.86 477.41 2425.45 7275.63 39 5 1 
29 20 14 3887.24 472.988 2414.25 7145.35 38 5 1 
35 25 14 3887.31 475.751 2411.55 7145.74 38 5 1 
36 26 14 3874.44 472.988 2401.46 6911.58 38 5 1 
36 26 14 3891.78 491.018 2400.77 7117.26 37 5 1 
42 31 14 3883.44 491.018 2392.42 7005.27 37 5 1 
43 32 14 3871.91 480.544 2391.37 6657.72 36 5 1 
43 32 14 3858.59 480.544 2378.05 6543.78 36 5 1 
44 33 14 3853.48 480.544 2372.93 6567.88 36 5 1 
45 34 14 3820.92 456.649 2364.27 6284.04 36 5 1 
46 34 14 3783.59 438.557 2345.03 5954.1 36 5 1 
47 35 14 3779.62 492.509 2287.11 5567.58 34 5 1 
48 36 14 3779.62 493.301 2286.32 5567.58 34 5 1 
50 37 14 3776.37 493.301 2283.07 5540.11 34 5 1 
50 38 14 3766.1 500.769 2265.34 5544.31 34 5 1 
54 41 14 3760.89 548.102 2212.79 5613 34 5 1 
55 41 14 3760.89 560.461 2200.43 5613 34 5 1 
55 42 14 3757.64 560.461 2197.18 5585.52 34 5 1 
58 44 14 3732.31 543.051 2189.25 5720.79 34 5 1 
60 45 14 3730.28 543.051 2187.22 5721.87 34 5 1 
64 48 14 3687.42 517.983 2169.43 5314.28 33 5 1 
67 50 14 3686.03 517.983 2168.05 5198.77 33 5 1 
79 59 14 3716.7 555.434 2161.27 5343.2 33 5 1 
83 62 14 3660.39 508.739 2151.65 4900.58 33 0 0 
90 68 14 3660.15 508.739 2151.41 4914.04 33 0 0 
90 68 14 3660.79 512.257 2148.54 4927.99 33 0 0 
91 68 14 3660.59 518.872 2141.71 4927.78 33 0 0 
94 72 14 3660.59 528.736 2131.85 4927.78 33 0 0 
102 78 14 3659.09 537.846 2121.24 4927.78 33 0 0 
106 82 14 3635.82 537.846 2097.97 4638.8 33 0 0 
110 85 14 3644.05 553.813 2090.24 4731.19 33 0 0 
113 88 14 3643.81 553.813 2090 4744.65 33 0 0 
116 89 14 3566.31 518.644 2047.66 4867.43 31 0 0 
116 90 14 3565.4 518.644 2046.75 4857.21 30 0 0 
122 95 14 3548.02 510.368 2037.65 4815.95 30 0 0 
122 95 14 3548.02 510.418 2037.6 4815.95 30 0 0 
126 98 14 3546.16 510.418 2035.74 4815.95 30 0 0 
126 98 14 3540.4 510.418 2029.98 4815.95 30 0 0 
134 105 14 3515.22 487.199 2028.02 4815.95 30 0 0 
134 105 14 3531.79 510.441 2021.35 4668.18 30 0 0 
140 110 14 3526.03 510.441 2015.59 4668.18 30 0 0 
149 117 14 3535.96 520.789 2015.18 4737.72 30 0 0 
160 127 14 3530.32 520.789 2009.53 4700.61 30 0 0 
200 159 14 3530.59 538.059 1992.53 4701.68 30 0 0 
201 160 14 3530.59 540.305 1990.28 4701.68 30 0 0 
203 162 14 3531.33 541.064 1990.27 4701.68 30 0 0 
213 170 14 3517.75 535.261 1982.49 4707.49 30 0 0 
213 170 14 3517.75 535.31 1982.44 4707.49 30 0 0 
218 174 14 3512.15 534.502 1977.65 4707.49 30 0 0 
218 175 14 3512.15 534.552 1977.6 4707.49 30 0 0 
222 178 14 3436.09 458.786 1977.31 3634.32 29 0 0 
222 178 14 3436.09 458.836 1977.26 3634.32 29 0 0 
233 187 14 3410.36 440.008 1970.35 3423.82 28 0 0 
234 187 14 3410.11 439.959 1970.16 3328.88 28 0 0 
235 188 14 3410.11 440.008 1970.11 3328.88 28 0 0 
243 194 14 3366.49 477.413 1889.07 3533.93 28 0 0 
243 194 14 3366.49 477.463 1889.02 3533.93 28 0 0 
244 195 14 3345.3 477.413 1867.89 3529.21 28 0 0 
244 195 14 3345.3 477.463 1867.84 3529.21 28 0 0 
244 196 14 3342.49 477.283 1865.21 3079.48 27 0 0 
245 196 14 3342.49 477.333 1865.16 3079.48 27 0 0 
251 201 14 3341.88 477.283 1864.59 3072.68 27 0 0 
251 201 14 3341.88 477.333 1864.54 3072.68 27 0 0 
252 202 14 3369.31 529.651 1839.66 3096.79 27 0 0 
254 204 14 3331.47 508.235 1823.23 2946.08 27 0 0 
254 204 14 3330.51 522.028 1808.49 2876.11 27 0 0 
258 207 14 3317.08 521.269 1795.82 2871.15 27 0 0 
259 208 14 3242.79 462.804 1779.98 2374.85 27 0 0 
259 208 14 3236.02 472.406 1763.61 2368.09 27 0 0 
259 208 14 3228.5 471.497 1757 2427.46 27 0 0 
260 209 14 3247.38 522.589 1724.79 2372.59 27 0 0 
261 210 14 3235.99 512.787 1723.2 2348.01 27 0 0 
263 211 14 3235.99 514.092 1721.9 2348.01 27 0 0 
266 214 14 3235.99 514.565 1721.43 2348.01 27 0 0 
270 217 14 3218.76 498.868 1719.89 2259.01 26 0 0 
275 221 14 3218.33 498.868 1719.46 2259.01 26 0 0 
284 228 14 3214.51 498.868 1715.64 2245.18 26 0 0 
286 230 14 3216.23 501.277 1714.96 2452.66 26 0 0 
295 237 14 3196.3 500.739 1695.56 2370.71 25 0 0 
297 239 14 3195.69 500.739 1694.95 2184.87 25 0 0 
298 240 14 3194.91 500.739 1694.17 2198.7 25 0 0 
298 240 14 3191.7 500.739 1690.96 2370.71 25 0 0 
300 242 14 3191.52 500.739 1690.78 2141.63 24 0 0 
302 243 14 3187.41 499.965 1687.45 2105.58 23 0 0 
302 243 14 3193.92 507.857 1686.06 2134.15 23 0 0 
304 245 14 3187.41 502.15 1685.26 2105.58 23 0 0 
311 250 14 3186.57 502.15 1684.42 1899.87 23 0 0 
319 258 14 3183.82 502.15 1681.67 1897.12 23 0 0 
320 258 14 3174.48 496.639 1677.84 1912.21 23 0 0 
325 262 14 3137.4 482.293 1655.1 1676.77 22 0 0 
331 268 14 3142.7 490.981 1651.72 1700.6 22 0 0 
346 280 14 3134.99 488.705 1646.28 1604.54 22 0 0 
348 282 14 3133.52 488.705 1644.82 1646.23 22 0 0 
349 283 14 3134.28 489.748 1644.53 1660.99 22 0 0 
350 283 14 3134.28 490.1 1644.18 1660.99 22 0 0 
351 284 14 3129 489.748 1639.26 1633.52 22 0 0 
351 284 14 3129 490.1 1638.91 1633.52 22 0 0 
365 297 14 3139 501.615 1637.39 1671.58 22 0 0 
366 297 14 3139 501.967 1637.04 1671.58 22 0 0 
368 300 14 3139 503.398 1635.61 1682.98 22 0 0 
370 301 14 3136.81 503.398 1633.41 1680.46 22 0 0 
370 301 14 3134.56 503.398 1631.16 1682.98 22 0 0 
393 321 14 3131.82 503.398 1628.42 1707.89 22 0 0 
436 357 14 3139.85 511.984 1627.87 1800.53 22 0 0 
439 359 14 3139.8 514.581 1625.21 1800.53 22 0 0 
447 365 14 3124.24 504.58 1619.66 1690.5 21 0 0 
449 367 14 3124.24 510.924 1613.32 1690.5 21 0 0 
456 373 14 3118.53 511.301 1607.23 1690.5 21 0 0 
458 374 14 3115.05 516.202 1598.85 1741.35 21 0 0 
462 378 14 3113.89 516.202 1597.69 1741.35 21 0 0 
462 378 14 3114.35 518.639 1595.71 1694.34 21 0 0 
469 384 14 3113.19 518.639 1594.55 1694.34 21 0 0 
486 398 14 3111 518.639 1592.36 1691.81 21 0 0 
544 444 14 3126.23 534.518 1591.72 1752.54 21 0 0 
567 462 14 3107.26 518.639 1588.62 1736.77 21 0 0 
591 481 14 3122.5 534.518 1587.98 1797.49 21 0 0 
651 530 14 3107.63 532.11 1575.52 1625.3 21 0 0 
656 534 14 3105.97 532.11 1573.86 1625.77 21 0 0 
673 548 14 3096.54 524.693 1571.85 1613.6 21 0 0 
681 554 14 3096.54 524.877 1571.67 1613.6 21 0 0 
693 564 14 3079.23 524.877 1554.36 1626.24 21 0 0 
720 587 14 3075.28 524.877 1550.4 1573.6 21 0 0 
782 639 14 3073.87 524.877 1548.99 1568.53 21 0 0 
794 649 14 3073 524.877 1548.13 1577.79 21 0 0 
806 659 14 3077 533.369 1543.64 1591.59 21 0 0 
807 660 14 3079.38 542.216 1537.16 1625.9 21 0 0 
838 687 14 3064.64 529.406 1535.23 1625.9 21 0 0 
871 715 14 3063.26 529.406 1533.86 1820.56 21 0 0 
984 812 14 3055.9 529.771 1526.13 1814.21 21 0 0 
1169 971 14 3053.95 530.029 1523.92 1784.85 21 0 0 
1240 1031 14 3068.11 545.138 1522.97 1784.85 21 0 0 
1260 1049 14 3067.93 545.138 1522.79 1798.23 21 0 0 
1287 1072 14 3064.29 545.138 1519.15 1823.86 21 0 0 
1360 1134 14 3067.79 555.103 1512.68 1823.86 21 0 0 
1502 1253 14 3062.39 576.016 1486.38 1821.4 21 0 0 
1649 1378 14 3066.27 602.245 1464.03 1846.46 21 0 0 
1650 1380 14 3065.11 602.245 1462.87 1846.46 21 0 0 
