0 0 10 18561 5353.11 4207.9 98318.3 91 430 6 
0 0 10 16656.6 4108.84 3547.73 75053.8 58 350 3 
0 0 10 16625 4187.53 3437.45 75120.5 58 350 3 
1 0 10 15060.3 2834.43 3225.83 71182.5 53 300 4 
2 1 10 14963.8 2755.18 3208.63 68853.7 51 290 3 
3 1 10 14954.9 2755.18 3199.76 68821.9 51 290 3 
3 1 10 15098.5 2924.04 3174.43 71567.3 50 280 3 
4 2 10 15081.9 2924.04 3157.83 71267.7 50 280 2 
4 2 10 14975.4 2831.45 3143.97 70315.1 49 270 2 
5 3 10 15100.4 3002.33 3098.04 70367.9 49 250 2 
5 3 10 14959.4 2905.61 3053.78 65191.1 48 240 2 
5 3 10 15016.7 2990.74 3025.99 65600.1 48 240 3 
6 4 10 14898.2 2888.57 3009.64 64672 46 220 2 
10 7 10 14722.9 2810.41 2912.47 57664.7 46 190 2 
10 7 10 14546.9 2678.35 2868.52 54435.6 45 170 1 
11 8 10 14542.9 2678.35 2864.58 54413.1 45 170 1 
13 9 10 13990.7 2208.75 2781.99 41691.5 41 160 1 
14 10 10 13882.9 2158.25 2724.6 40727 41 160 1 
14 11 10 13882.1 2158.25 2723.83 39623.1 41 160 1 
16 12 10 13935.5 2278.35 2657.18 39324.1 40 160 2 
17 13 10 13849.6 2192.99 2656.63 38031.2 38 150 2 
17 13 10 13953.1 2317.85 2635.3 38137.9 38 140 2 
21 16 10 13846.4 2211.9 2634.47 37203.1 37 120 1 
23 18 10 13823.5 2211.9 2611.6 37117.4 37 120 1 
25 19 10 13665.5 2120.77 2544.77 35782.6 36 120 1 
26 20 10 13661.6 2120.77 2540.83 35760 36 120 1 
28 21 10 13657.2 2121.54 2535.63 36071.2 36 100 1 
28 22 10 13656.5 2122.5 2534.01 35997.6 36 100 1 
28 22 10 13546.9 2034.38 2512.55 35621.4 36 100 1 
29 22 10 13389.9 1895.6 2494.28 31522.9 35 50 1 
29 22 10 13371.2 1935.26 2435.94 31036.2 34 50 1 
30 23 10 13231.9 1887.24 2344.62 29878 33 50 1 
32 25 10 13113.6 1769.28 2344.28 29041.5 33 50 1 
33 25 10 13111.8 1769.28 2342.53 29020 33 50 1 
33 26 10 13134 1842.8 2291.18 29395.6 33 50 1 
36 28 10 13156.7 1900.24 2256.48 29730.2 33 50 1 
39 31 10 13034.3 1807.87 2226.42 27632.2 33 30 1 
42 33 10 13034.3 1819.59 2214.71 27632.2 33 30 1 
43 34 10 13139.5 1944.63 2194.83 28410 33 30 1 
43 34 10 12798 1618.77 2179.25 25167.3 30 30 1 
44 35 10 12902.3 1743.82 2158.48 25453.4 30 30 1 
49 40 10 12799.3 1750.73 2048.54 24403 30 30 1 
51 41 10 12796 1750.73 2045.31 24392.5 30 30 1 
51 41 10 12829.2 1822.75 2006.5 25012 30 30 1 
55 44 10 12656.3 1653.6 2002.71 24147.3 30 30 1 
55 44 10 12653.4 1653.6 1999.78 24140.8 30 30 1 
57 45 10 12541.1 1563.3 1977.8 22532.2 29 30 2 
58 47 10 12470.5 1493.25 1977.22 21894.8 28 30 2 
58 47 10 12468.1 1493.25 1974.84 21890.8 28 30 2 
61 49 10 12349 1416.41 1932.59 21048.9 27 30 1 
66 53 10 12228.9 1322.35 1906.52 19057.2 26 30 1 
70 56 10 12228.7 1322.35 1906.31 19049.6 26 30 1 
71 57 10 12265.2 1361.78 1903.46 19057.2 26 30 1 
79 64 10 12259.8 1361.78 1898.04 19035.1 26 30 1 
80 65 10 12147.3 1253.86 1893.43 18228.7 25 30 1 
80 65 10 12084.8 1253.44 1831.31 18112.6 25 30 1 
83 68 10 12081.3 1253.44 1827.89 17829.9 25 20 1 
84 69 10 12049 1224.35 1824.7 17465.9 25 20 1 
85 70 10 12047.5 1224.35 1823.13 17465.2 25 20 1 
86 70 10 12034.4 1224.35 1810.01 17056.5 25 0 0 
86 71 10 12032.4 1224.35 1808 17066.1 25 0 0 
94 78 10 11920.1 1167.3 1752.76 16280.5 25 0 0 
98 81 10 11914.4 1167.3 1747.06 15379.2 24 0 0 
106 88 10 11910.9 1167.3 1743.63 15372.2 24 0 0 
107 89 10 11906.5 1167.3 1739.2 15413.5 24 0 0 
110 92 10 11902.8 1167.3 1735.47 15744.2 24 0 0 
113 95 10 11899.3 1167.3 1732.04 15737.3 24 0 0 
123 105 10 11899 1167.3 1731.69 15733.9 24 0 0 
127 109 10 11898.8 1167.3 1731.54 15728.1 24 0 0 
131 113 10 11904.5 1206.84 1697.7 15558.5 24 0 0 
135 116 10 11904.4 1206.84 1697.54 15546.8 24 0 0 
142 122 10 11799.4 1107.6 1691.8 14675 22 0 0 
151 131 10 11799.2 1107.6 1691.64 14663.2 22 0 0 
165 144 10 11799 1107.6 1691.44 15335.7 22 0 0 
167 146 10 11798.4 1107.6 1690.82 14668.4 22 0 0 
169 148 10 11797 1107.6 1689.44 15321.7 22 0 0 
170 148 10 11796.6 1107.6 1689 14657.3 22 0 0 
171 150 10 11762.1 1112.84 1649.24 15267.8 22 0 0 
188 165 10 11761.7 1112.84 1648.88 15262.3 22 0 0 
201 177 10 11635.7 1021.03 1614.67 14402 21 0 0 
204 180 10 11696.8 1082.61 1614.17 14723.9 21 0 0 
214 189 10 11708.1 1103.98 1604.11 14841.9 21 0 0 
220 194 10 11601.6 1002.67 1598.92 13486.6 20 0 0 
229 203 10 11601.6 1003.3 1598.29 13486.6 20 0 0 
231 204 10 11601.4 1003.3 1598.06 13491.8 20 0 0 
240 211 10 11595.4 1003.3 1592.08 13404.1 20 0 0 
298 265 10 11597.7 1008.3 1589.42 13326.7 20 0 0 
372 331 10 11622.4 1033.19 1589.25 13771 20 0 0 
372 332 10 11605.3 1016.95 1588.37 13831.1 20 0 0 
459 406 10 11713.8 1125.98 1587.78 13831.1 20 0 0 
466 412 10 11712.6 1125.98 1586.62 13110.3 20 0 0 
475 420 10 11642.7 1087.43 1555.25 12254.3 20 0 0 
478 423 10 11593.3 1047 1546.29 11144.7 20 0 0 
491 434 10 11594.3 1050.59 1543.7 11156.6 20 0 0 
501 443 10 11594.3 1065.88 1528.41 11156.6 20 0 0 
516 456 10 11498.8 975.868 1522.97 10257.7 19 0 0 
527 466 10 11493.6 971.961 1521.67 10162.4 19 0 0 
547 484 10 11485.4 971.961 1513.42 10152.6 19 0 0 
562 498 10 11433.4 920.355 1513.03 10152.6 19 0 0 
570 505 10 11421.4 909.36 1512.02 10061.2 19 0 0 
607 538 10 11376.1 867.396 1508.67 9828.77 19 0 0 
607 538 10 11375.6 867.396 1508.25 9832.66 19 0 0 
615 544 10 11418.4 910.341 1508.02 9457.4 18 0 0 
622 550 10 11418.4 911.564 1506.8 9457.4 18 0 0 
648 573 10 11404 915.289 1488.71 10003.7 18 0 0 
655 580 10 11370.2 915.289 1454.87 9931.82 18 0 0 
734 651 10 11342 889.767 1452.2 9688.56 17 0 0 
788 701 10 11297.5 846.085 1451.39 9063.7 17 0 0 
796 707 10 11251.7 801.407 1450.25 8879.98 17 0 0 
848 756 10 11236.2 801.407 1434.75 8939.39 17 0 0 
851 759 10 11220.7 799.213 1421.51 8959.7 17 0 0 
861 768 10 11213.8 799.213 1414.59 8700.31 16 0 0 
862 769 10 11191.5 799.213 1392.26 8586.36 16 0 0 
1016 910 10 11123.6 733.969 1389.59 7379.82 15 0 0 
1021 915 10 11122.5 733.969 1388.5 7366.9 15 0 0 
1041 932 10 11119.8 733.969 1385.86 7958.15 15 0 0 
1097 983 10 11118.4 733.969 1384.44 7509.27 15 0 0 
1182 1062 10 11095.1 733.969 1361.13 7330.12 15 0 0 
1186 1066 10 11095.1 734.513 1360.59 7318.28 15 0 0 
1191 1070 10 11015.9 656.119 1359.81 7318.28 15 0 0 
1318 1183 10 11011.8 656.119 1355.72 6846.6 15 0 0 
1342 1205 10 11005.1 656.119 1349.01 6644.92 14 0 0 
1386 1245 10 11002.6 656.119 1346.44 6823.69 14 0 0 
1393 1252 10 11002.2 656.119 1346.05 6833.43 14 0 0 
1468 1322 10 10999.4 656.119 1343.32 6639.22 14 0 0 
1517 1366 10 11135.8 793.658 1342.13 6787.65 14 0 0 
1524 1372 10 11080.6 744.771 1335.83 6732.45 14 0 0 
1555 1401 10 10968.4 650.627 1317.73 6317.78 13 0 0 
1566 1411 10 10964.3 650.627 1313.71 6551.18 13 0 0 
1574 1418 10 10939.8 650.627 1289.2 6491.59 13 0 0 
1588 1431 10 10858.7 570.236 1288.42 6491.59 13 0 0 
1911 1727 10 10899.5 627.088 1272.41 5935.15 13 0 0 
1915 1731 10 10899.1 627.088 1271.99 5939.04 13 0 0 
1946 1760 10 10898.1 627.088 1270.99 5877.81 13 0 0 
1954 1768 10 10896.9 627.088 1269.82 5879.93 13 0 0 
1955 1769 10 10894.3 627.088 1267.24 5839.91 13 0 0 
1972 1784 10 10802 537.079 1264.93 4816.91 12 0 0 
2008 1817 10 10804.4 556.015 1248.35 4876.12 12 0 0 
2014 1823 10 10802.5 556.015 1246.53 4939.81 12 0 0 
2034 1841 10 10778 532.038 1246.01 5064.03 12 0 0 
2045 1852 10 10741.4 504.558 1236.88 5064.03 12 0 0 
2063 1869 10 10736.5 504.558 1231.93 5056.84 12 0 0 
2219 2017 10 10736.5 506.056 1230.44 4725.45 12 0 0 
2331 2125 10 10736.5 507.265 1229.23 4584.45 11 0 0 
2353 2146 10 10701.4 474.308 1227.1 4444.11 11 0 0 
2453 2242 10 10695.5 510.704 1184.83 4106.11 11 0 0 
2459 2248 10 10693.7 510.704 1183.02 3983.11 10 0 0 
2472 2261 10 10685 502.826 1182.16 3983.11 10 0 0 
2487 2276 10 10636 454.38 1181.59 3905.74 10 0 0 
2608 2395 10 10536.4 379.428 1157.01 3905.74 10 0 0 
2726 2507 10 10534.3 379.428 1154.9 3850.31 10 0 0 
3229 2991 10 10467.1 316.02 1151.12 3084.73 10 0 0 
