0 0 10 18925.3 5731.15 4194.14 144559 92 600 4 
15 14 10 13832.2 2543.43 2288.82 41856.1 42 240 4 
16 15 10 13830.2 2543.43 2286.73 41829.6 42 240 4 
16 16 10 13830.2 2544.99 2285.17 41829.6 42 240 4 
17 16 10 13803.2 2544.99 2258.22 41763.4 42 240 4 
17 16 10 13836 2605.64 2230.38 41825.9 42 240 4 
17 17 10 13830.3 2605.64 2224.69 42664.5 41 240 3 
17 17 10 13825.8 2605.64 2220.17 42625.5 41 240 3 
21 21 10 13809.1 2605.64 2203.51 42561.7 41 240 3 
23 23 10 13804.3 2605.64 2198.66 42544 41 240 3 
23 24 10 13804.3 2646.54 2157.76 42544 41 240 3 
24 24 10 13778.4 2646.54 2131.82 42495.3 41 240 3 
26 26 10 13775.3 2646.54 2128.78 42480.7 41 240 3 
28 29 10 13727.3 2646.54 2080.72 42681.3 41 240 2 
29 29 10 13723.3 2646.54 2076.79 42625.5 41 240 2 
31 31 10 13662.4 2612.69 2049.69 42155.5 40 220 2 
32 32 10 13702.4 2652.92 2049.5 42275.7 40 220 2 
35 36 10 13694.2 2674.76 2019.42 42254.4 40 220 2 
38 40 10 13458 2459.26 1998.75 40615.1 37 220 2 
39 41 10 13366.7 2368.33 1998.39 38561.6 36 210 2 
39 41 10 13334.8 2369.92 1964.92 38494.9 36 210 2 
40 42 10 13331.8 2369.92 1961.9 38497.2 36 210 2 
42 44 10 13238.3 2279.16 1959.19 37526.2 35 210 2 
45 47 10 13282.6 2326.62 1955.96 37389.9 35 200 2 
46 49 10 13312.9 2359.7 1953.18 37558 35 190 2 
49 52 10 13181.2 2266.74 1914.51 35180.4 34 170 2 
50 54 10 13162.6 2266.74 1895.85 35152.2 34 170 2 
54 58 10 13157 2266.74 1890.28 34436.8 34 170 3 
57 62 10 13157.9 2282.87 1875.04 34509.5 34 160 3 
57 62 10 13038.9 2184.18 1854.74 32764.1 33 150 2 
66 72 10 12938.8 2117.99 1820.77 32764.1 33 150 2 
70 78 10 12847.1 2027.4 1819.68 31832.6 33 150 1 
71 78 10 12845.3 2027.4 1817.94 31817.3 33 150 1 
72 79 10 12845.6 2053.32 1792.3 31392 33 150 1 
76 84 10 12744.8 1962.88 1781.94 30542.5 32 150 1 
77 85 10 12757.9 1994.92 1763.03 29502.4 32 140 1 
78 87 10 12757 1994.92 1762.12 29505.5 32 140 1 
81 91 10 12749.5 1994.92 1754.55 29519.2 32 140 1 
86 96 10 12654.7 1901.62 1753.11 29093.2 31 140 1 
87 97 10 12647.1 1898.08 1749.07 29335.1 30 140 1 
87 97 10 12555.2 1808.01 1747.17 28546.4 29 140 1 
89 100 10 12459.3 1714.92 1744.34 26704 28 120 1 
89 100 10 12456.1 1714.92 1741.2 26702.6 28 120 1 
109 123 10 12449.5 1751.24 1698.3 26663.1 28 120 1 
109 123 10 12446.2 1751.24 1694.92 25424.5 28 110 1 
119 135 10 12450.3 1769.46 1680.81 25820.5 28 110 1 
130 148 10 12249.4 1592.94 1656.41 23981.5 27 110 1 
132 150 10 12246.3 1592.94 1653.34 24788.9 27 110 1 
132 151 10 12236.7 1591.24 1645.48 24370 26 110 1 
137 156 10 12137.2 1501.1 1636.1 22874.4 25 110 1 
139 159 10 12057.5 1438.6 1618.92 21841.5 25 110 1 
140 160 10 12014.7 1454.14 1560.57 21383.7 24 100 1 
143 164 10 12014.7 1454.14 1560.52 21395.8 24 100 1 
148 169 10 12002.9 1454.14 1548.73 20963.7 24 80 1 
149 170 10 11996.2 1454.14 1542.07 20287.2 24 80 1 
154 177 10 11995.3 1454.14 1541.13 19619.4 24 80 1 
157 180 10 12056.9 1516.37 1540.57 20328.1 24 80 1 
159 182 10 11975.2 1454.14 1521.05 18921.8 24 80 1 
163 187 10 11975 1454.14 1520.85 18911.6 24 80 1 
168 194 10 11901 1383.38 1517.58 17882.4 23 60 1 
169 194 10 11900.8 1383.38 1517.38 17872.2 23 60 1 
172 198 10 11887.6 1383.38 1504.24 17841.3 23 50 1 
175 202 10 11831.7 1341.74 1489.96 17377.1 22 50 1 
176 204 10 11829.9 1341.74 1488.19 17362.6 22 50 1 
179 206 10 11752.1 1307.85 1444.23 17413.7 22 50 1 
182 210 10 11752.1 1319.93 1432.15 17413.7 22 50 1 
193 223 10 11742.2 1314.15 1428.01 17184.8 22 50 1 
200 232 10 11740.4 1314.15 1426.24 17170.2 22 50 1 
201 233 10 11642.7 1228.56 1414.11 16519.5 21 50 1 
202 234 10 11703.8 1311.95 1391.83 16684.9 21 50 1 
205 237 10 11606.3 1222.78 1383.55 16688.2 21 50 1 
209 242 10 11551.8 1222.78 1328.98 16833 21 50 1 
237 275 10 11623.2 1294.95 1328.23 17542.4 21 50 1 
242 281 10 11530.9 1208.76 1322.14 16241.4 20 20 1 
255 297 10 11530.6 1208.76 1321.81 16058.3 20 20 1 
279 325 10 11651.5 1330.77 1320.73 16058.3 20 20 1 
283 330 10 11651.5 1334.68 1316.83 16058.3 20 20 1 
287 335 10 11724.7 1415.04 1309.64 16058.3 20 20 1 
290 339 10 11720.1 1415.04 1305.09 15321.8 20 20 1 
292 342 10 11530.9 1231.59 1299.31 15321.8 20 20 1 
297 347 10 11528.9 1231.59 1297.28 14444.8 20 10 1 
299 349 10 11729.8 1496.79 1233.05 16190.8 20 10 1 
302 352 10 11729.8 1496.79 1233.02 16196.3 20 10 1 
308 360 10 11639.3 1406.72 1232.55 16105.7 20 10 1 
310 362 10 11727.4 1496.79 1230.61 16197.2 20 10 1 
323 377 10 11726.4 1496.79 1229.65 16514.5 20 10 1 
331 387 10 11726.4 1498.03 1228.42 16920 20 10 1 
336 392 10 11722.9 1498.08 1224.86 16956 19 10 1 
336 392 10 11681.1 1459.13 1222.01 16029.1 19 10 1 
374 440 10 11590.6 1369.05 1221.54 15938.5 19 10 1 
411 488 10 11497.1 1278.13 1218.92 15978.7 19 10 1 
437 519 10 11515.6 1296.88 1218.76 15305 18 10 1 
471 561 10 11511.9 1294.34 1217.54 15554.3 18 10 1 
475 566 10 11420 1203.02 1217.01 14685.1 17 10 1 
521 622 10 11465.7 1250.72 1214.97 13562.3 17 10 1 
527 630 10 11419.6 1205.94 1213.7 14615.1 17 0 0 
942 1130 10 11419.7 1207.01 1212.65 14531.1 17 0 0 
1500 1806 10 11364.7 1178.2 1186.53 13817.4 16 0 0 
1719 2072 10 11271.3 1087.53 1183.76 12994.7 15 0 0 
1724 2077 10 11227.9 1087.53 1140.41 11845.2 15 0 0 
1818 2195 10 11049.7 912.411 1137.31 10830.7 14 0 0 
1836 2219 10 11049.3 912.411 1136.92 10821.1 14 0 0 
1845 2229 10 11048.2 912.411 1135.78 10816.9 14 0 0 
1868 2257 10 11047 912.411 1134.6 10907 14 0 0 
2048 2479 10 11214.9 1083.13 1131.79 11763.6 14 0 0 
2160 2612 10 11242.5 1116.91 1125.55 11791.1 14 0 0 
2266 2740 10 11167.8 1042.88 1124.89 10904.3 14 0 0 
2299 2780 10 11081.1 957.798 1123.29 11021.1 14 0 0 
2341 2831 10 11017.2 913.957 1103.25 10388 14 0 0 
2417 2922 10 11076.1 972.906 1103.21 10652.9 14 0 0 
2423 2928 10 11052.1 948.928 1103.17 11015.8 14 0 0 
2488 3009 10 11189.8 1089.86 1099.93 11015.8 14 0 0 
2760 3345 10 11120.2 1023.67 1096.52 10053.2 13 0 0 
