Agent: 0ids: 10 34 41 24 47 5 49 43 35 44 48 40 
Agent: 1ids: 11 21 39 3 25 44 2 34 13 33 0 46 19 8 26 28 43 18 24 17 31 20 32 27 16 7 48 
Agent: 2ids: 7 46 21 15 36 9 19 27 45 42 11 29 2 20 44 40 17 4 26 0 49 6 8 24 22 41 13 25 37 39 
Agent: 3ids: 47 46 6 25 43 7 17 26 10 2 30 21 1 3 33 34 18 31 4 16 40 9 44 5 35 23 39 12 14 29 24 45 37 8 13 48 28 38 20 0 27 36 11 19 32 42 15 41 
Agent: 4ids: 18 6 5 41 49 16 3 12 21 8 19 38 34 33 46 10 35 48 23 20 27 29 30 28 31 9 11 32 25 
Agent: 5ids: 2 5 29 35 36 24 19 13 30 26 14 17 10 49 
Agent: 6ids: 41 17 42 7 23 46 16 
Agent: 7ids: 15 14 3 10 33 9 2 6 29 25 43 37 11 18 20 39 23 49 46 12 47 30 17 22 42 28 44 34 8 
Agent: 8ids: 41 10 36 26 11 9 18 46 24 17 15 
Agent: 9ids: 3 19 7 22 38 8 29 25 35 9 39 23 34 46 40 15 12 37 
Agent: 10ids: 7 8 40 5 18 13 1 27 28 23 32 46 36 15 2 49 24 0 16 21 20 38 3 41 11 22 45 31 10 42 35 26 37 19 33 47 14 30 25 6 17 
Agent: 11ids: 40 
Agent: 12ids: 34 29 1 5 46 10 3 47 37 49 44 24 43 20 35 22 25 36 26 12 45 30 8 21 7 0 42 28 48 13 40 17 39 31 27 14 4 18 32 2 33 16 6 19 15 41 
Agent: 13ids: 40 14 22 19 42 8 39 46 16 3 17 41 15 6 12 26 35 43 32 36 13 11 49 30 33 28 45 25 21 20 9 7 1 5 47 10 23 38 2 48 24 18 4 27 37 34 29 0 
Agent: 14ids: 14 29 23 36 0 2 9 10 16 13 21 44 1 25 8 19 
Agent: 15ids: 29 40 1 27 5 45 34 25 41 39 36 7 49 37 
Agent: 16ids: 36 5 12 25 47 2 22 38 10 49 8 17 14 18 43 27 13 28 23 44 26 16 46 6 33 31 0 30 7 9 3 35 15 11 
Agent: 17ids: 29 40 16 9 42 35 27 10 14 26 41 4 20 46 38 24 22 11 17 21 0 23 45 44 5 2 8 31 43 15 3 19 48 36 39 33 25 6 47 30 12 49 32 28 13 
Agent: 18ids: 40 46 27 35 41 19 7 22 42 44 2 30 1 15 48 39 6 38 10 28 12 49 4 20 8 
Agent: 19ids: 24 49 3 27 14 28 38 13 43 45 36 48 11 26 9 7 8 30 34 20 44 35 6 22 4 
Agent: 20ids: 31 24 40 21 1 42 43 0 35 23 13 38 30 11 47 28 2 10 29 4 14 19 27 3 9 36 32 22 20 34 6 16 
Agent: 21ids: 6 13 33 32 39 15 30 16 17 44 3 29 38 37 25 42 
Agent: 22ids: 7 23 11 39 33 18 44 25 0 36 16 14 37 47 17 4 38 28 9 29 31 43 
Agent: 23ids: 27 32 48 15 6 20 23 49 31 12 5 30 16 47 4 14 43 
Agent: 24ids: 9 
Agent: 25ids: 37 49 23 10 3 26 16 41 43 35 27 2 21 42 33 11 13 20 0 
Agent: 26ids: 44 25 20 0 33 36 8 40 31 18 29 34 1 46 11 35 13 49 5 9 3 21 30 15 19 38 47 16 14 39 10 28 22 
Agent: 27ids: 2 43 27 33 40 11 39 41 28 38 23 10 9 19 21 42 35 12 0 17 37 7 44 32 25 1 48 6 36 20 30 5 16 13 
Agent: 28ids: 6 11 4 
Agent: 29ids: 27 8 33 19 15 45 16 29 30 23 3 38 14 44 42 46 37 35 47 0 31 18 5 11 40 22 4 7 1 28 32 36 2 49 12 24 13 9 25 20 43 34 26 48 10 39 6 41 
Agent: 30ids: 11 17 20 38 29 46 14 44 25 24 5 41 1 19 39 31 15 0 21 22 23 36 40 43 28 9 32 13 18 27 30 48 10 42 49 16 37 35 33 
Agent: 31ids: 16 45 14 26 27 18 40 30 49 12 17 4 13 19 25 48 43 37 39 21 5 34 36 7 35 31 15 9 24 38 44 1 10 29 0 47 3 41 33 46 23 6 22 8 28 32 20 
Agent: 32ids: 9 25 32 18 38 22 47 12 40 7 28 27 3 37 39 19 21 43 45 36 0 16 42 30 11 13 
Agent: 33ids: 46 8 44 43 7 13 48 24 23 11 33 18 42 0 3 17 40 6 41 12 47 
Agent: 34ids: 35 25 47 33 29 20 0 31 27 24 
Agent: 35ids: 3 10 47 33 12 21 31 44 38 23 30 25 0 32 6 9 
Agent: 36ids: 29 45 5 19 14 48 18 8 44 49 6 39 12 11 9 35 26 13 33 34 27 30 23 
Agent: 37ids: 24 21 
Agent: 38ids: 21 6 17 5 23 44 13 48 22 24 16 31 32 11 30 10 42 14 34 40 28 12 49 
Agent: 39ids: 35 4 45 44 26 19 34 40 8 43 3 9 24 37 15 
Agent: 40ids: 14 11 45 36 41 32 4 27 46 17 7 22 10 30 5 18 28 33 34 26 37 6 31 39 
Agent: 41ids: 11 14 24 2 45 30 38 3 34 36 6 39 
Agent: 42ids: 47 12 30 40 35 26 23 48 33 41 43 18 17 4 21 38 20 11 44 45 2 31 24 27 39 42 0 9 34 29 22 25 10 46 3 36 1 5 
Agent: 43ids: 18 7 31 0 3 35 4 29 28 42 40 10 34 23 14 1 21 
Agent: 44ids: 21 42 8 17 3 44 10 7 11 18 28 33 14 27 49 30 16 15 4 0 24 47 9 29 2 48 45 6 34 46 40 37 31 1 39 43 22 26 25 
Agent: 45ids: 42 49 48 8 11 14 24 29 17 9 27 47 26 37 0 19 35 36 13 6 22 2 3 32 15 45 10 
Agent: 46ids: 11 21 28 15 8 9 40 18 19 23 39 35 0 43 22 20 37 6 30 13 29 38 27 32 7 17 16 42 
Agent: 47ids: 15 38 39 41 34 7 24 44 2 31 21 9 29 45 19 49 40 42 8 18 
Agent: 48ids: 47 46 2 30 7 18 3 34 1 42 43 33 17 29 35 4 27 5 6 36 32 0 26 45 20 14 22 48 49 12 39 37 31 24 23 8 11 21 40 44 38 13 15 9 28 25 
Agent: 49ids: 40 39 
0 0 10 17750.7 4528.82 4221.9 138289 87 560 3 
0 0 10 16154.4 3693.95 3460.43 81202.3 53 380 3 
2 0 10 16030.4 3608.56 3421.8 67337.8 52 320 4 
2 0 10 15875 3476.09 3398.92 66046.7 51 320 4 
4 1 10 15838.3 3476.09 3362.25 64065.4 51 300 5 
4 2 10 15933.9 3601.62 3332.25 64315.8 51 290 5 
6 3 10 15880.2 3601.62 3278.62 63538.1 51 290 5 
7 4 10 15413.8 3176.75 3237.09 49791.5 50 250 5 
8 4 10 15407.2 3176.75 3230.41 49742.1 50 250 5 
8 5 10 15290.4 3086 3204.45 48507.8 49 240 4 
8 5 10 15288.3 3086 3202.29 48490.2 49 240 4 
9 6 10 15188 3051.54 3136.49 48394.4 48 240 4 
10 6 10 14999.1 3031.43 2967.7 47989.2 48 230 4 
11 7 10 14995.9 3031.43 2964.45 47950.4 48 230 4 
15 11 10 14625.1 2735.1 2890.04 43523.1 46 220 4 
15 11 10 14621.9 2735.1 2886.79 43487.6 46 220 4 
15 11 10 14576.9 2690.69 2886.2 42828.2 46 220 4 
16 11 10 14495.7 2612.44 2883.28 41568.3 45 220 4 
16 12 10 14478.6 2612.44 2866.12 41489.2 45 220 4 
18 13 10 14476 2612.44 2863.58 41483 45 220 4 
18 13 10 14284.5 2498.66 2785.8 39867.5 44 190 3 
18 14 10 14282.8 2498.66 2784.17 39854.8 44 190 3 
19 14 10 14278.9 2498.66 2780.23 39827.4 44 190 3 
19 14 10 14276.4 2528.05 2748.38 39974.9 44 190 3 
20 15 10 14447.3 2739.46 2707.84 42396.1 44 190 3 
20 15 10 14428.6 2739.46 2689.16 42105.5 44 190 3 
21 16 10 14407.8 2739.46 2668.35 42001.4 44 190 3 
21 16 10 14327.2 2661.36 2665.86 41743.9 42 180 3 
22 17 10 14305.5 2661.36 2644.19 42321.6 42 180 3 
23 18 10 14304.5 2661.36 2643.09 42294.1 42 180 3 
24 19 10 14299.3 2661.36 2637.98 42284.4 42 180 3 
24 19 10 14244.4 2610.86 2633.56 42142.7 42 180 3 
26 20 10 14165.3 2556.87 2608.39 42855.6 42 180 3 
26 21 10 14124.9 2519.33 2605.59 42988.1 42 180 3 
27 21 10 14125.4 2523.16 2602.25 43167.7 42 180 3 
29 23 10 14009.6 2446.42 2563.13 40185.3 41 160 4 
30 24 10 13840.5 2293.8 2546.7 38151.8 40 160 4 
30 24 10 13840.3 2293.8 2546.47 38153.9 40 160 4 
30 24 10 13834.2 2293.8 2540.37 38078.1 40 160 4 
31 25 10 13735.3 2200.3 2534.97 36402.1 39 160 4 
32 26 10 13525 2094.93 2430.02 35075.3 38 160 5 
32 26 10 13508.5 2094.93 2413.55 34976.4 38 160 5 
36 30 10 13464.2 2055.05 2409.11 34425.2 38 160 5 
36 30 10 13367.1 2004.12 2363 33634.1 38 160 5 
38 32 10 13358.3 2004.12 2354.17 33362.7 38 160 5 
40 33 10 13344.7 2004.12 2340.58 33350.2 38 160 5 
42 34 10 13492.3 2160.01 2332.26 35528.1 38 160 5 
42 35 10 13399.5 2081.12 2318.35 33444.1 38 160 5 
44 37 10 13399.2 2081.12 2318.12 33439.1 38 160 5 
44 37 10 13384.2 2081.12 2303.11 33424.4 38 160 5 
46 39 10 13305.8 2013.23 2292.53 32693.3 38 160 5 
48 41 10 13355.8 2154.65 2201.13 33328.2 37 160 5 
50 42 10 13353.8 2154.65 2199.12 33317.2 37 160 5 
51 43 10 13352.8 2154.65 2198.19 33319.5 37 160 5 
53 45 10 13351.8 2154.65 2197.17 33320.4 37 160 5 
53 46 10 13350 2154.65 2195.38 33310.3 37 160 5 
54 46 10 13251.8 2064.1 2187.7 31828.4 36 150 5 
56 48 10 13250 2064.1 2185.91 31818.3 36 150 5 
56 49 10 13130.3 1973.25 2157.06 29968.2 35 140 5 
60 52 10 13129.3 1973.25 2156.04 29969.1 35 140 5 
65 57 10 13314.3 2179.27 2135.05 29611.9 35 140 4 
72 63 10 13168.6 2043.74 2124.82 28803.8 34 130 4 
73 64 10 13166.1 2043.74 2122.37 28789.5 34 130 4 
79 69 10 13140.1 2052.33 2087.81 28659.3 34 130 4 
81 71 10 13138.8 2052.33 2086.48 28638.1 34 130 4 
85 75 10 13121.4 2052.33 2069.11 28625.6 33 130 4 
87 76 10 13111.9 2052.33 2059.55 28653.6 33 130 4 
87 76 10 12904.8 1853.41 2051.39 27979.5 32 130 4 
89 78 10 12836.7 1795.14 2041.61 26785.1 32 110 3 
90 79 10 12835.7 1795.14 2040.59 26786 32 110 3 
92 81 10 12835.7 1800.59 2035.13 26786 32 110 3 
95 84 10 12835.7 1804.81 2030.91 26786 32 100 3 
101 89 10 12923.6 1894.93 2028.71 27505.4 32 90 3 
102 91 10 12924 1902.74 2021.25 27412.7 32 70 2 
103 91 10 12960.4 1951.87 2008.53 27631.2 32 70 2 
110 97 10 12958.7 1951.87 2006.79 27833.4 32 60 3 
111 98 10 12955.2 1951.87 2003.36 27821.6 32 60 3 
117 104 10 12781.9 1808.67 1973.19 24528.5 32 50 2 
126 112 10 12873.2 1932.52 1940.73 26329.5 32 40 2 
126 113 10 12871.4 1932.52 1938.83 26324.8 32 40 2 
127 113 10 12781.1 1842.31 1938.75 25091.3 32 30 1 
128 114 10 12779.5 1842.31 1937.22 25090.7 32 30 1 
135 120 10 12742.5 1843.33 1899.14 24633.2 32 30 1 
137 122 10 12661.1 1768.28 1892.82 24550.5 32 30 1 
137 123 10 12645.3 1768.28 1877.03 24019.6 32 30 1 
138 123 10 12532.3 1669.86 1862.45 21557.2 32 30 1 
143 128 10 12602.6 1742.75 1859.85 22226.8 32 30 1 
146 131 10 12546.5 1698.26 1848.25 21930.8 31 30 1 
153 137 10 12546.5 1701.24 1845.27 21930.8 31 20 1 
154 138 10 12441.5 1619.72 1821.77 20544.7 30 0 0 
155 139 10 12441.1 1619.72 1821.34 20547.8 30 0 0 
157 141 10 12421.2 1607.58 1813.67 20802.1 30 0 0 
159 143 10 12437.6 1649.02 1788.61 20771.5 30 0 0 
162 146 10 12437.6 1652.09 1785.54 20473.1 30 0 0 
165 149 10 12476.1 1700.93 1775.2 20771.5 30 0 0 
170 153 10 12476.1 1704 1772.12 20473.1 30 0 0 
183 165 10 12382.6 1612.64 1769.92 19865.4 30 0 0 
186 169 10 12382.2 1612.64 1769.53 19866.2 30 0 0 
192 174 10 12262.8 1513.08 1749.68 18948 29 0 0 
195 177 10 12262 1513.08 1748.96 18586.3 29 0 0 
195 177 10 12353.3 1608.67 1744.64 19579.7 29 0 0 
195 177 10 12310.7 1567.39 1743.34 19094.4 29 0 0 
199 180 10 12310.3 1567.39 1742.95 19095.2 29 0 0 
199 180 10 12310.3 1568.01 1742.33 19086.4 29 0 0 
199 180 10 12144.2 1412.31 1731.93 17567.9 29 0 0 
207 188 10 11929.9 1228.87 1701.01 16780.7 28 0 0 
226 205 10 11908.2 1228.87 1679.35 16247 27 0 0 
228 206 10 11843.7 1166 1677.67 15330 27 0 0 
229 207 10 11905.6 1228.32 1677.32 15712.5 27 0 0 
234 212 10 11874.2 1258.27 1615.93 15684 27 0 0 
263 236 10 11795.6 1205.47 1590.09 15051.5 26 0 0 
264 237 10 11794.1 1205.47 1588.64 15046.9 26 0 0 
267 240 10 11804.1 1235.56 1568.53 14860.1 26 0 0 
268 241 10 11705.9 1147.35 1558.6 13996 26 0 0 
271 243 10 11832.6 1300.3 1532.33 14781.5 26 0 0 
272 244 10 11665.4 1147.02 1518.4 13244 26 0 0 
273 245 10 11665 1147.02 1517.98 13236.7 26 0 0 
275 247 10 11753.7 1236.29 1517.38 13869.4 26 0 0 
286 257 10 11661.3 1146.07 1515.2 13326.2 25 0 0 
300 269 10 11696.9 1204.47 1492.43 12407.7 24 0 0 
302 271 10 11608.6 1120.71 1487.85 11837.6 24 0 0 
310 278 10 11691.5 1204.47 1487.07 11920.6 24 0 0 
319 287 10 11580.2 1114.41 1465.79 10481 23 0 0 
328 297 10 11611.1 1147.13 1463.99 10671.5 23 0 0 
335 303 10 11592.9 1138.5 1454.37 10658.5 22 0 0 
336 304 10 11503.4 1049.23 1454.15 10203 22 0 0 
338 306 10 11623.8 1171.22 1452.58 10849 22 0 0 
347 313 10 11497.6 1052.4 1445.2 11529.7 22 0 0 
356 321 10 11650.3 1211.17 1439.08 12334.3 22 0 0 
372 336 10 11650.5 1219.01 1431.46 12669.8 22 0 0 
377 341 10 11688.8 1258.56 1430.22 13124.3 22 0 0 
386 349 10 11580.3 1177.78 1402.47 10748 22 0 0 
398 360 10 11530.1 1132.7 1397.35 10748 22 0 0 
401 363 10 11435.4 1039.46 1395.97 10678.4 22 0 0 
404 366 10 11435.4 1041.88 1393.55 10668.7 22 0 0 
422 384 10 11314.1 922.355 1391.7 9750.68 20 0 0 
436 397 10 11223.7 832.21 1391.52 8819.46 19 0 0 
451 411 10 11179.5 793.127 1386.41 8819.46 19 0 0 
458 419 10 11200.5 842.217 1358.24 8789.83 19 0 0 
473 433 10 11115.1 774.602 1340.46 8364.72 18 0 0 
569 526 10 11018.7 678.954 1339.73 8173.76 18 0 0 
616 573 10 11115.8 777.444 1338.37 8726.24 18 0 0 
619 576 10 11112.4 777.444 1334.96 8717.67 18 0 0 
672 627 10 11252 918.208 1333.74 10116.9 18 0 0 
672 627 10 11115.3 802.251 1313.01 10350.9 18 0 0 
677 631 10 10999 687.808 1311.24 10002.2 18 0 0 
686 639 10 10995.9 687.808 1308.1 9991.91 18 0 0 
695 648 10 11018.3 710.981 1307.28 10074.2 17 0 0 
701 653 10 10929.8 632.424 1297.35 10116 17 0 0 
716 667 10 10914.3 622.783 1291.53 9945.2 17 0 0 
1020 949 10 10948.4 665.528 1282.9 9979.31 17 0 0 
1159 1081 10 10959.6 677.133 1282.43 9801.51 17 0 0 
2304 2224 10 10961 679.073 1281.98 9813.26 17 0 0 
2317 2237 10 10957.6 679.073 1278.57 9804.7 17 0 0 
2371 2293 10 10949.2 679.073 1270.12 9902.84 17 0 0 
2390 2312 10 10942.9 679.073 1263.8 9747.15 17 0 0 
2404 2325 10 10828.9 565.179 1263.77 9747.15 17 0 0 
2426 2346 10 10929.9 667.468 1262.4 9747.15 17 0 0 
