0 0 10 17738.4 4702.57 4035.86 133083 94 690 3 
1 0 10 15459.6 3345.48 3114.15 61128.1 53 360 3 
3 1 10 15417.3 3327.12 3090.23 60442.3 52 360 3 
4 2 10 15288.9 3238.33 3050.61 58853.3 51 350 3 
4 2 10 15195.3 3238.33 2956.92 58260.8 51 350 3 
5 2 10 15463.7 3521.16 2942.51 57877.8 51 290 2 
5 2 10 15362 3427.5 2934.49 56541.5 50 290 2 
5 3 10 15359.3 3427.5 2931.79 56631.8 50 290 2 
6 3 10 15191.8 3298.21 2893.54 53129.6 48 290 2 
6 4 10 15129.9 3298.21 2831.73 53922.7 48 290 1 
7 5 10 14974.1 3210.72 2763.38 50531.5 47 280 1 
8 5 10 14965.5 3210.72 2754.75 48333.8 47 270 1 
9 6 10 14957.1 3210.72 2746.41 48152.9 47 270 1 
10 7 10 14799.6 3074.18 2725.4 47162.6 47 270 1 
10 7 10 14626.9 2918.08 2708.85 44094.9 47 270 1 
11 8 10 14767.2 3101.44 2665.8 44921.4 47 250 2 
11 8 10 14647.6 3010.21 2637.36 43081.3 46 230 2 
12 9 10 14635.5 3017.44 2618.04 43136.4 46 230 2 
13 9 10 14524.2 2917.44 2606.8 40381.8 45 220 2 
13 9 10 14529.7 2946.52 2583.15 40620.6 45 220 2 
13 9 10 14621.8 3042.13 2579.64 41564.7 45 220 2 
14 10 10 14421.4 2862.96 2558.39 40611.3 44 220 2 
14 10 10 14419 2862.96 2556.06 40592 44 220 2 
14 11 10 14418.9 2862.96 2555.93 40376.4 44 220 2 
14 11 10 14407.3 2862.96 2544.38 40397.4 43 220 2 
16 12 10 14220.2 2769.86 2450.34 38569.4 42 220 3 
16 12 10 14120.2 2675.82 2444.39 37996.4 41 220 3 
16 12 10 14105.8 2675.82 2429.94 37925.6 41 220 3 
17 13 10 13884.3 2460.44 2423.88 35235.1 41 160 3 
26 20 10 13718.8 2313.59 2405.21 33854.1 40 160 3 
27 21 10 13710.9 2333.47 2377.48 32503.3 40 150 3 
28 22 10 13601.2 2244.17 2357.04 32163.7 40 150 3 
29 23 10 13593.5 2238.94 2354.56 32443.8 40 150 3 
29 23 10 13590.9 2238.94 2352 32445.2 40 150 3 
30 24 10 13507.1 2160.94 2346.19 32181.1 40 150 3 
31 24 10 13500.5 2160.94 2339.58 32065.5 40 150 3 
32 25 10 13499.8 2160.94 2338.82 32071.6 40 150 3 
32 26 10 13530.7 2206.79 2323.9 31344.7 40 140 3 
33 27 10 13530.3 2216.63 2313.69 31357.5 40 140 3 
35 28 10 13480.1 2226.76 2253.34 29799.3 38 120 4 
36 29 10 13479.1 2248.37 2230.74 29970.6 38 90 4 
36 29 10 13538.9 2337.11 2201.75 30026.7 38 80 4 
37 30 10 13523.4 2337.11 2186.34 30346 38 80 4 
38 31 10 13520.4 2341.11 2179.33 30144.4 38 70 3 
39 31 10 13520.4 2371.54 2148.9 30144.4 38 70 3 
48 39 10 13486.3 2371.54 2114.77 29443 38 60 3 
50 41 10 13457.3 2346.01 2111.3 29449 38 60 3 
53 43 10 13456.7 2346.01 2110.7 29456.9 38 60 3 
55 45 10 13453.8 2346.01 2107.82 28629.1 38 60 3 
58 47 10 13449.5 2346.01 2103.53 29101.6 38 60 2 
62 51 10 13357.1 2255.99 2101.11 27758.2 38 60 2 
62 51 10 13352.1 2255.99 2096.13 27743.9 38 60 2 
63 51 10 13437.2 2346.01 2091.19 29049 38 60 2 
63 52 10 13248.7 2165.97 2082.68 26316.3 37 50 1 
66 54 10 13328.7 2255.99 2072.76 27515.5 37 40 2 
68 56 10 13262.5 2190.13 2072.36 27359.1 37 40 2 
76 63 10 13258.7 2193.78 2064.91 27638.3 37 40 2 
78 65 10 13257.9 2193.78 2064.13 27631.8 37 40 2 
81 68 10 13192 2161.99 2030.05 26173.3 36 40 2 
83 70 10 13190.9 2161.99 2028.95 26171.5 36 40 2 
83 70 10 13124.7 2096.13 2028.56 26015.1 36 40 2 
84 71 10 13192.3 2165.85 2026.41 26029.2 36 30 2 
89 75 10 13203.9 2179.87 2024.04 26128.4 36 30 2 
89 75 10 13137.7 2114.01 2023.64 25972 36 30 2 
93 78 10 13032.3 2023.9 2008.41 24875.1 35 30 2 
99 84 10 12940.3 1934.18 2006.11 23937 34 20 1 
102 87 10 12787.6 1802.06 1985.51 23140.7 34 20 2 
105 90 10 12784.7 1802.06 1982.63 23129.5 34 20 2 
109 93 10 12781.7 1802.06 1979.68 23110.2 34 20 2 
110 93 10 12693.9 1720.57 1973.3 21977.3 34 20 2 
110 93 10 12734.1 1765.34 1968.72 22017.5 34 20 2 
112 95 10 12744 1785.55 1958.43 22305.8 34 20 2 
113 96 10 12743.9 1785.55 1958.33 22343.1 34 20 2 
113 97 10 12738 1785.55 1952.5 22312.6 34 20 2 
115 98 10 12736 1785.55 1950.43 22309.5 34 20 2 
118 101 10 12635.9 1691.35 1944.59 21317.7 33 20 2 
121 103 10 12613.1 1691.35 1921.79 21238.8 33 20 2 
125 107 10 12592.2 1705.4 1886.85 21601 33 20 2 
128 110 10 12562.1 1705.4 1856.68 21561 33 20 2 
134 115 10 12562.1 1705.49 1856.59 21770.4 33 20 2 
136 117 10 12548.9 1705.49 1843.37 21687.8 33 20 2 
148 128 10 12489 1648.59 1840.46 21236.8 33 20 2 
150 130 10 12357.1 1539.24 1817.91 20371.9 31 10 1 
161 141 10 12342.3 1539.96 1802.36 20186.3 31 10 1 
164 143 10 12457.3 1658.35 1798.91 20414.3 31 10 1 
166 145 10 12454.2 1658.35 1795.87 20380.1 31 10 1 
167 146 10 12479.5 1692.37 1787.18 20610 31 10 1 
171 150 10 12478.5 1692.37 1786.17 20610.8 31 10 1 
174 153 10 12233.6 1449.24 1784.38 17796 29 10 1 
179 158 10 12175.2 1396.06 1779.17 17245 29 10 1 
180 158 10 12156.3 1380.06 1776.27 17112.4 28 0 0 
183 162 10 12125.4 1350.65 1774.71 16648.6 28 0 0 
186 165 10 12137.4 1393.62 1743.78 16558.6 28 0 0 
193 171 10 12134.4 1393.62 1740.83 16556.6 28 0 0 
271 243 10 12130.9 1393.62 1737.3 16558.6 28 0 0 
273 245 10 12037.5 1303.38 1734.12 15197.2 27 0 0 
301 272 10 12019.7 1303.38 1716.29 15007.5 27 0 0 
315 284 10 12042 1353.65 1688.32 15163.9 27 0 0 
320 289 10 12040.9 1353.65 1687.3 15153.3 27 0 0 
325 294 10 11988.3 1303.38 1684.91 14989.5 27 0 0 
331 300 10 12039.7 1356.65 1683.08 15160.5 26 0 0 
335 303 10 12039.6 1356.65 1682.93 14803.3 26 0 0 
365 333 10 11936.6 1265.21 1671.34 14100.2 25 0 0 
391 359 10 11967.9 1299.55 1668.34 14100.2 25 0 0 
402 370 10 11939.6 1277.08 1662.49 14200.2 25 0 0 
412 379 10 11970.3 1310.08 1660.23 14287.6 25 0 0 
448 414 10 11980.5 1337.7 1642.79 13707 25 0 0 
455 420 10 11923 1288.57 1634.47 13790.4 25 0 0 
459 425 10 12071.8 1442.35 1629.4 13707 25 0 0 
459 425 10 12067 1442.35 1624.68 13706.6 25 0 0 
473 437 10 11863.2 1240.68 1622.51 13175.3 25 0 0 
505 469 10 11843.3 1221.45 1621.9 13280.6 25 0 0 
506 469 10 11811.3 1190.41 1620.85 13168.3 25 0 0 
528 491 10 11759.3 1138.81 1620.46 13285.3 25 0 0 
534 496 10 11779 1167.05 1611.93 13341.8 25 0 0 
542 504 10 11789 1179.5 1609.52 13347.8 25 0 0 
578 537 10 11816.6 1221.77 1594.81 13403 25 0 0 
598 556 10 11816.6 1246.15 1570.43 13403 25 0 0 
663 617 10 11816.6 1269.11 1547.48 13403 25 0 0 
669 623 10 11768.5 1221.55 1546.98 13478.8 24 0 0 
950 896 10 11699 1152.35 1546.62 12422.7 24 0 0 
969 914 10 11692.2 1152.35 1539.9 12412.1 24 0 0 
1205 1139 10 11782.4 1244.89 1537.49 12682.5 24 0 0 
1228 1160 10 11771.6 1244.61 1526.99 12802.9 24 0 0 
1287 1217 10 11769.6 1248.43 1521.2 12846.7 23 0 0 
1413 1337 10 11760.5 1248.43 1512.06 12927.4 23 0 0 
1587 1506 10 11849.8 1338.78 1511.03 12927.4 23 0 0 
1598 1516 10 11849.8 1338.85 1510.96 12927.4 23 0 0 
1613 1529 10 11801.4 1319.98 1481.38 12927.4 23 0 0 
1621 1538 10 11912.9 1451.22 1461.69 12972.7 22 0 0 
1632 1548 10 11886.5 1451.22 1435.26 12972.7 22 0 0 
1636 1552 10 11825.5 1390.9 1434.65 12850.9 22 0 0 
1640 1556 10 11731.5 1299.4 1432.1 12013.2 22 0 0 
1668 1585 10 11721.5 1293.54 1427.92 12013.2 22 0 0 
1675 1591 10 11718 1296.91 1421.11 11582.2 22 0 0 
1687 1603 10 11621.9 1205.42 1416.48 10836.5 22 0 0 
1702 1617 10 11611.9 1199.55 1412.31 10836.5 22 0 0 
1717 1630 10 11568.9 1160.35 1408.59 10836.5 22 0 0 
1726 1639 10 11482.9 1075.96 1406.93 10168.1 21 0 0 
1881 1786 10 11598.9 1198.87 1400.02 10154.3 21 0 0 
1886 1790 10 11309.2 937.971 1371.21 8737.37 17 0 0 
1949 1851 10 11259.1 902.734 1356.35 8637.17 17 0 0 
1961 1863 10 11343.1 987.123 1355.98 8802.47 17 0 0 
1966 1868 10 11404 1056.33 1347.71 9046.2 17 0 0 
1967 1868 10 11332.3 987.123 1345.13 8751.29 17 0 0 
1975 1876 10 11332.3 991.778 1340.48 8751.29 17 0 0 
1975 1876 10 11243.8 904.814 1338.96 8566.32 17 0 0 
1997 1898 10 11243.8 914.814 1328.96 8566.32 17 0 0 
2008 1908 10 11122.2 814.437 1307.79 8167.07 17 0 0 
2035 1935 10 11121.2 814.437 1306.77 8163.68 17 0 0 
2060 1959 10 11164.6 858.363 1306.26 8214.67 17 0 0 
2072 1971 10 11164.4 858.363 1305.99 8194.91 17 0 0 
2083 1982 10 11139.5 835.38 1304.1 8109.66 17 0 0 
2097 1994 10 11139.5 844.265 1295.22 8109.66 17 0 0 
2108 2005 10 11138.5 844.265 1294.2 8106.28 17 0 0 
2188 2083 10 11195.6 901.605 1293.95 8291.85 16 0 0 
2209 2103 10 11204.4 914.73 1289.69 8742.89 16 0 0 
2246 2139 10 11198.1 912.951 1285.12 8513.96 15 0 0 
2727 2620 10 11194.2 912.73 1281.43 8552.58 15 0 0 
3861 3758 10 11149.1 876.119 1273 8182.23 15 0 0 
3864 3760 10 11136.3 876.119 1260.16 8160.85 15 0 0 
3866 3762 10 11129 884.153 1244.83 8244.28 14 0 0 
3874 3771 10 11125.5 884.153 1241.3 8241.06 14 0 0 
4143 4037 10 10948.7 707.993 1240.7 7586.08 13 0 0 
4238 4130 10 10941.5 702.1 1239.43 7651.18 13 0 0 
4238 4130 10 10940.9 702.1 1238.82 7622.92 13 0 0 
4307 4197 10 10879.6 644.76 1234.83 7412.79 13 0 0 
4313 4204 10 10779.6 554.615 1224.97 6537.93 12 0 0 
4712 4597 10 10841.1 618.12 1222.98 7385.03 12 0 0 
