0 0 10 18589.3 5449.92 4139.38 123432 91 500 4 
1 0 10 15750.3 3679.2 3071.1 68620.9 54 370 4 
1 0 10 15756.5 3687.93 3068.59 68100.5 54 360 4 
1 0 10 15129.9 3253.76 2876.13 64098 49 310 3 
2 0 10 15040.2 3190.77 2849.45 62645.7 48 290 3 
3 1 10 15036.4 3190.77 2845.58 62644.9 48 290 3 
3 1 10 14926.5 3177.03 2749.45 59597.5 48 280 4 
3 1 10 14246.7 2653.43 2593.28 52302 43 260 3 
4 2 10 14236.7 2653.43 2583.23 52235.8 43 260 3 
5 3 10 14230.6 2653.43 2577.13 51953.4 43 260 3 
5 3 10 14345.7 2871.74 2473.92 49440.7 43 250 4 
6 3 10 14328.1 2871.74 2456.38 50110.2 43 250 4 
7 4 10 14299.2 2871.74 2427.44 51023.8 43 250 4 
8 6 10 14130.9 2781.74 2349.15 49359.1 42 240 3 
9 6 10 14109 2804.72 2304.28 49542.1 42 230 2 
9 7 10 13578.4 2376.83 2201.52 34431.4 38 140 2 
9 7 10 13667.9 2468.96 2198.92 35625.7 38 140 2 
10 7 10 13571.7 2376.83 2194.9 34135.6 38 110 2 
10 9 10 13459.5 2286.83 2172.65 32412.1 37 100 2 
13 11 10 13360 2276.88 2083.12 30812.5 36 90 2 
15 14 10 13352.2 2284.87 2067.3 30587.9 36 90 2 
19 18 10 13349.9 2284.87 2064.99 30542.8 36 90 2 
19 18 10 13373.3 2333.94 2039.37 30241.6 36 90 2 
20 20 10 13251.7 2240.35 2011.32 28478.1 36 90 2 
21 21 10 13249.8 2240.35 2009.48 28484 36 90 2 
23 23 10 13236.7 2240.35 1996.37 28434.1 36 90 2 
26 26 10 13326.9 2340.08 1986.86 29923.4 36 90 2 
28 28 10 13320.5 2333.71 1986.83 29897.7 36 90 2 
28 29 10 13320.5 2365.75 1954.79 29897.7 36 90 1 
29 30 10 13319.9 2366.87 1953.07 29597.6 36 90 1 
30 31 10 13317.6 2366.87 1950.75 29552.6 36 90 1 
30 31 10 13290.1 2366.87 1923.28 28742.6 36 90 1 
32 33 10 13173.5 2264.59 1908.89 27641.9 36 90 1 
34 34 10 13265.2 2367.28 1897.91 28299.3 36 90 1 
36 36 10 13188.4 2292.99 1895.38 27088.5 36 90 1 
39 40 10 13075.1 2201.47 1873.66 26142.1 35 90 1 
41 43 10 12977 2109.52 1867.51 24479.5 34 80 2 
41 43 10 12878.3 2015.51 1862.83 24498.5 34 80 1 
42 43 10 12786.2 1924.31 1861.93 23745.1 33 80 1 
42 44 10 12869.1 2008.91 1860.23 24625.1 33 80 1 
42 44 10 12862 2014.63 1847.4 24811.4 33 80 1 
45 47 10 12859.4 2014.63 1844.72 24799.3 33 80 1 
46 48 10 12750.6 1924.42 1826.21 23266.8 32 60 1 
47 49 10 12743 1924.42 1818.6 23239.6 32 60 1 
49 51 10 12715.9 1924.42 1791.47 23086.6 32 60 1 
58 64 10 12656.8 1894.62 1762.22 22883.7 32 60 1 
59 65 10 12559.8 1804.61 1755.18 21608 31 60 1 
63 70 10 12555 1804.61 1750.35 21597.1 31 60 1 
69 77 10 12647.1 1897.7 1749.43 21597.1 31 60 1 
84 94 10 12556.4 1809.12 1747.3 20719.7 31 60 1 
84 94 10 12555.7 1809.12 1746.58 20661.3 31 60 1 
87 97 10 12644.7 1898.25 1746.48 21837.8 31 60 1 
87 98 10 12465.5 1720.69 1744.83 19787.4 30 60 1 
90 101 10 12489.7 1755.03 1734.7 19811.6 30 60 1 
90 101 10 12486.4 1760.24 1726.21 19891.6 30 60 1 
103 117 10 12584 1872.83 1711.13 20081.6 30 50 2 
103 118 10 12582.3 1872.83 1709.45 20243.2 30 50 2 
118 137 10 12566.4 1902.19 1664.18 19637.3 30 40 3 
125 145 10 12523.8 1871.67 1652.13 19637.3 30 40 3 
126 146 10 12516.7 1871.67 1645.02 20129.7 30 40 2 
128 149 10 12516.7 1877.46 1639.22 19911.5 29 40 2 
129 149 10 12304.7 1668.1 1636.64 18276.9 28 40 2 
131 153 10 12304.7 1673.9 1630.85 18058.7 27 40 2 
133 155 10 12304.3 1673.9 1630.45 18060.7 27 40 2 
135 158 10 12096.4 1572.39 1524.02 16663.3 25 30 1 
141 165 10 11988.8 1479.46 1509.31 15946.7 24 30 1 
153 179 10 11984.8 1479.46 1505.34 15960.4 24 30 1 
155 182 10 12020.2 1581.79 1438.38 16009.5 24 30 1 
157 185 10 12016.2 1581.79 1434.41 16023.2 24 30 1 
178 211 10 12017 1586.53 1430.46 16216.4 24 30 1 
191 226 10 12007.3 1586.53 1420.82 16182.3 24 30 1 
192 227 10 11916.8 1496.62 1420.14 15439.4 23 30 1 
251 299 10 12006.8 1588.04 1418.75 16273.4 23 30 1 
306 366 10 12006.8 1589.45 1417.33 16273.4 23 30 1 
320 383 10 11914.5 1499.45 1415.02 15250.4 22 30 1 
346 415 10 12026.1 1637.21 1388.85 16435.1 22 30 1 
347 416 10 11974.1 1585.6 1388.46 16669.1 22 30 1 
381 457 10 11964.4 1579.64 1384.78 16240.2 22 20 2 
417 500 10 11963.4 1579.64 1383.73 16240.4 22 20 2 
435 520 10 11736 1353.52 1382.49 16148.1 22 20 1 
435 521 10 11742.8 1368.74 1374.04 16062.5 22 10 1 
459 549 10 11745.1 1399.69 1345.39 16065.6 22 10 1 
459 550 10 11742.8 1399.69 1343.09 16062.5 22 10 1 
473 567 10 11869.8 1528.97 1340.8 15779.9 22 0 0 
479 574 10 11785.1 1445.21 1339.87 15570.8 21 0 0 
499 598 10 11833.9 1531.04 1302.9 15297.6 21 0 0 
501 600 10 11684.8 1384.69 1300.09 15276 21 0 0 
504 605 10 11683.7 1384.69 1299.01 15266.5 21 0 0 
541 653 10 11641.5 1361.06 1280.48 15266.5 21 0 0 
545 658 10 11601.9 1324.91 1277 15265.6 21 0 0 
585 707 10 11618.1 1341.78 1276.35 15298 21 0 0 
1091 1320 10 11619.9 1345.21 1274.65 14793.7 21 0 0 
1111 1346 10 11599.7 1345.21 1254.52 14521.1 21 0 0 
1132 1371 10 11571.1 1355.81 1215.29 14463.8 21 0 0 
1141 1383 10 11462.9 1250.46 1212.44 14483.8 21 0 0 
1332 1623 10 11383.3 1176.06 1207.2 14229.2 21 0 0 
1434 1751 10 11346.7 1140.96 1205.71 13117.6 20 0 0 
1444 1762 10 11304.6 1098.93 1205.66 13117.6 20 0 0 
1445 1764 10 11205 1008.49 1196.53 12894.6 19 0 0 
1472 1796 10 11206.1 1046.46 1159.66 12894.6 19 0 0 
1500 1830 10 11442.8 1284 1158.78 13613.6 19 0 0 
2903 3543 10 11442.6 1291.25 1151.31 13689 19 0 0 
2965 3617 10 11442.6 1305.04 1137.51 13689 19 0 0 
2996 3658 10 11346.2 1215.02 1131.19 12814.3 18 0 0 
3513 4328 10 11379.7 1249.53 1130.2 13205.8 18 0 0 
3517 4333 10 11121.7 1011.99 1109.74 12422.8 18 0 0 
3556 4384 10 11116.9 1011.81 1105.13 12391.4 18 0 0 
3570 4400 10 11047.8 948.486 1099.32 11646.4 17 0 0 
3618 4461 10 11047.5 948.486 1099.05 10985.8 17 0 0 
3655 4509 10 11047.5 949.36 1098.17 10985.8 17 0 0 
3919 4839 10 11091.8 995.37 1096.4 10982 17 0 0 
4020 4966 10 11094 1001.53 1092.46 10990.9 17 0 0 
