0 0 10 18838 5750.99 4087.05 136874 92 550 3 
0 0 10 16258.6 3862.33 3396.3 64750.7 55 340 4 
1 0 10 16258.5 3862.33 3396.13 64965.1 55 340 4 
1 0 10 16078.8 3766.34 3312.47 63241.7 54 340 4 
2 1 10 15708.9 3459.32 3249.6 60665.3 52 340 4 
3 1 10 15432.9 3347.75 3085.15 58035.1 49 310 4 
4 2 10 15263.7 3273.14 2990.55 56517.9 49 310 4 
6 4 10 15335.4 3347.75 2987.63 58043 49 310 4 
7 5 10 15235.2 3257.36 2977.81 56799.5 48 310 4 
7 5 10 15232.7 3257.36 2975.34 56784.2 48 310 4 
7 5 10 15254.7 3290.1 2964.58 56954.9 48 310 4 
8 6 10 15255.6 3291.53 2964.11 56508.4 48 310 4 
8 7 10 14878.1 3099.26 2778.8 43316.2 45 210 6 
9 7 10 14872.7 3099.26 2773.39 43292.7 45 210 6 
10 9 10 14690.9 2949.89 2741.02 41338 45 210 6 
11 10 10 14648.3 2913.86 2734.41 40411.3 44 190 5 
12 10 10 14743.6 3027.34 2716.29 41434 44 190 5 
13 11 10 14559.6 2869.45 2690.19 38512.7 42 190 4 
15 14 10 14524.5 2869.45 2655.02 37679 42 190 5 
17 16 10 14552.8 2932.5 2620.3 38771 42 190 5 
18 16 10 14430.8 2841.04 2589.75 36618.6 40 180 5 
19 18 10 14430.7 2844.57 2586.16 36801.2 40 180 5 
21 20 10 14425.8 2844.57 2581.19 36778.9 40 180 5 
21 20 10 14399.8 2831.42 2568.41 36633.9 40 160 4 
22 21 10 14367.6 2847.58 2520.06 36401.3 40 160 4 
23 23 10 14367.2 2847.58 2519.65 36403.5 40 160 4 
24 23 10 14367.6 2857.5 2510.14 36401.3 40 160 4 
24 24 10 14348.1 2857.5 2490.64 36322.9 40 160 4 
25 25 10 14379 2902.61 2476.4 37128 40 150 4 
27 27 10 14298.6 2839.23 2459.33 36949.8 40 150 4 
28 28 10 14202.3 2774.41 2427.92 35813.7 39 150 4 
29 28 10 14049.5 2627.55 2421.92 34708.6 39 150 4 
29 29 10 14047 2627.55 2419.46 34721.5 39 150 4 
30 30 10 14046 2627.55 2418.46 34699.8 39 150 4 
30 30 10 14045.6 2627.55 2418.05 34702 39 150 4 
31 31 10 13951.3 2537.55 2413.74 33022.4 38 130 4 
32 31 10 13946.2 2555.53 2390.7 33624.4 38 130 4 
35 34 10 13869.8 2525.86 2343.95 33411.2 38 130 4 
35 34 10 13869.8 2538.71 2331.1 33411.2 38 130 5 
35 35 10 13867 2538.71 2328.33 33383.8 38 130 5 
36 36 10 13852.1 2538.71 2313.44 33359.4 38 130 5 
36 36 10 13680.2 2425.35 2254.89 32267.9 38 110 3 
38 38 10 13581.1 2333.37 2247.75 31360.2 38 110 3 
39 39 10 13580 2333.37 2246.59 31360.6 38 110 3 
39 40 10 13669.8 2425.35 2244.41 32589.6 38 110 4 
41 41 10 13661.9 2422.75 2239.11 32801.8 38 110 4 
43 44 10 13629.3 2422.75 2206.52 32705.3 38 110 5 
43 44 10 13625.7 2422.75 2202.92 32683.8 38 110 5 
43 44 10 13622.7 2433.07 2189.61 32744.6 38 110 5 
45 46 10 13535.8 2362.78 2173 31281.7 38 110 5 
46 47 10 13535.2 2362.78 2172.45 31264.5 38 110 5 
46 47 10 13535.2 2369.1 2166.13 31264.5 38 110 5 
47 48 10 13377.4 2252.35 2125.04 29598.9 38 110 4 
49 50 10 13405.4 2316.25 2089.19 29641 37 110 4 
51 52 10 13308.9 2226.25 2082.62 28226.9 36 80 3 
51 53 10 13308.3 2226.25 2082.07 28210.2 36 80 3 
51 53 10 13203.3 2132.68 2070.64 27248.8 36 80 3 
53 55 10 13133.8 2088.12 2045.73 26804.1 36 70 2 
54 56 10 13133.8 2094.44 2039.41 26804.1 36 70 2 
56 58 10 13133.4 2094.44 2038.99 26806.7 36 70 2 
58 60 10 13058.4 2024.98 2033.45 25383 36 70 2 
58 60 10 13114.8 2094.44 2020.33 26281.7 36 70 2 
60 62 10 13149.6 2138.71 2010.91 26388.2 36 70 2 
62 64 10 13148.8 2138.71 2010.08 26367.7 36 70 2 
64 66 10 13145.5 2140.27 2005.23 26159.8 36 60 1 
64 66 10 13157.3 2165.57 1991.72 26554 36 60 1 
65 68 10 13157 2165.57 1991.4 26557.1 36 60 1 
76 79 10 13184.5 2197.65 1986.86 26557.1 36 60 1 
78 81 10 13165.2 2197.65 1967.58 26997.5 36 60 2 
79 82 10 13056.3 2103.65 1952.61 25473.6 35 60 2 
79 82 10 13019.5 2094.82 1924.71 25027.4 34 60 2 
80 83 10 13019.4 2094.82 1924.62 25023.4 34 60 2 
80 84 10 12907.5 2123.67 1783.8 23755 33 50 2 
86 89 10 12853.4 2076.67 1776.77 23651.6 33 50 2 
86 90 10 12804 2033.67 1770.32 22653.8 32 50 2 
90 94 10 12322.2 1631.13 1691.04 19289 30 50 2 
93 96 10 12225.6 1538.37 1687.21 18097.6 30 40 2 
93 97 10 12225.4 1538.37 1687.08 18101.2 30 40 2 
98 102 10 12225.4 1540.87 1684.58 18101.2 30 40 2 
101 105 10 12224.5 1540.87 1683.63 18094.2 30 40 2 
101 105 10 12170.5 1493.87 1676.6 17990.9 30 40 2 
111 116 10 12034.2 1402.75 1631.47 17231.9 28 40 2 
118 123 10 12105.1 1480.71 1624.35 17340 28 40 2 
122 127 10 12139.3 1518.63 1620.68 18008.6 28 40 2 
122 127 10 12094.7 1518.65 1576.07 17920.1 28 30 3 
125 130 10 12074.1 1524.62 1549.47 17948.8 27 30 3 
125 131 10 12145.5 1614.77 1530.76 18130 27 30 3 
129 135 10 12142.7 1614.77 1527.88 18125.5 27 30 3 
132 139 10 12136.6 1645.18 1491.4 18124 27 20 2 
133 140 10 12135.6 1645.18 1490.43 18132.6 27 20 2 
145 152 10 12017.8 1535.78 1482.05 17262.6 26 20 2 
151 159 10 11912.2 1445.06 1467.14 16469.9 25 20 2 
151 159 10 11915 1452.45 1462.58 16469.9 25 20 2 
162 171 10 11914.2 1452.45 1461.71 16453.8 25 20 2 
215 235 10 11822.4 1362.44 1459.94 15514 24 20 2 
261 286 10 11817.5 1362.44 1455.04 15709.4 24 20 2 
263 289 10 11817.5 1394.78 1422.69 15709.4 24 10 1 
281 308 10 11813.2 1394.78 1418.39 15690.7 24 10 1 
284 312 10 11805.3 1394.78 1410.55 15628.2 24 10 1 
370 409 10 11802.3 1391.93 1410.4 15161.6 23 10 1 
379 421 10 11802.3 1401.93 1400.4 15161.6 23 10 1 
402 449 10 11712.1 1312.86 1399.27 14265.4 22 10 1 
522 582 10 11757.9 1359.86 1398.01 13656.7 22 0 0 
554 615 10 11620.7 1222.7 1398 13656.7 22 0 0 
588 653 10 11761.9 1364.47 1397.41 13656.7 22 0 0 
1120 1253 10 11702.8 1306.61 1396.22 13278.8 22 0 0 
2787 3162 10 11702.5 1306.61 1395.92 13266.7 22 0 0 
3867 4400 10 11701.1 1306.61 1394.51 13251.4 22 0 0 
