0 0 10 17963.8 4504.33 4459.42 146353 93 670 3 
3 1 10 15238.7 3007.85 3230.88 53207.6 47 280 2 
3 1 10 15217.6 3007.85 3209.74 52763.8 47 280 3 
4 2 10 15216.5 3007.85 3208.65 51644.7 47 260 3 
4 2 10 15060.4 2884.32 3176.06 49658.9 46 260 3 
6 3 10 15071.1 2965.5 3105.56 49600.6 46 260 3 
7 4 10 14958.9 2872.98 3085.96 47626.5 45 260 3 
7 4 10 14792.3 2779.83 3012.45 44840.1 44 250 3 
7 5 10 14790.7 2803.91 2986.82 45382.4 44 240 3 
8 5 10 14787.2 2803.91 2983.27 45369.3 44 240 3 
9 6 10 14787.1 2803.91 2983.15 45351 44 240 3 
9 6 10 14697.6 2716.7 2980.88 43179.6 44 220 3 
10 7 10 14726 2790.3 2935.72 43788.5 44 220 3 
11 8 10 14534.6 2659.09 2875.51 41411 44 220 3 
12 8 10 14531.5 2659.09 2872.4 41396.4 44 220 3 
15 10 10 14298.8 2477.68 2821.12 38239.8 42 220 2 
16 12 10 14371.2 2598.49 2772.73 39649.1 42 220 3 
18 14 10 14253.6 2544.37 2709.28 40727.5 42 210 4 
20 15 10 14253.3 2544.37 2708.96 39830.8 42 190 4 
22 17 10 14292.1 2611.81 2680.3 39715.7 42 180 4 
22 17 10 13984.9 2376.31 2608.58 38838.6 40 170 2 
23 18 10 14047.4 2463.94 2583.49 39135.5 40 170 2 
24 19 10 14123.6 2618.5 2505.12 39277.3 39 170 2 
24 19 10 14114.6 2618.5 2496.05 39203 39 170 2 
24 19 10 14208.7 2747.08 2461.62 41950.2 39 160 2 
27 21 10 14195.4 2735.89 2459.53 41923.7 39 160 2 
28 22 10 14195.3 2735.89 2459.37 41939.9 39 160 2 
28 22 10 14186 2735.89 2450.09 41903.9 39 160 2 
29 23 10 13931.6 2512.95 2418.68 38798.3 38 160 3 
31 24 10 13824.9 2466.3 2358.64 38065.5 37 140 2 
31 24 10 13822.2 2466.3 2355.95 38046.3 37 140 2 
31 25 10 13812.9 2466.3 2346.62 37990 37 140 2 
32 25 10 13812 2466.3 2345.7 37947.2 37 140 2 
33 26 10 13802.7 2466.3 2336.38 37890.9 37 140 2 
33 26 10 13791.5 2466.3 2325.16 37817.1 37 140 2 
33 26 10 13669.1 2365.56 2303.53 37041.7 36 140 2 
35 28 10 13631.2 2365.56 2265.65 36607.5 36 140 2 
37 30 10 13630 2365.56 2264.42 36592.3 36 140 2 
37 30 10 13569.1 2346.13 2223.01 36244.6 36 140 2 
39 32 10 13634.5 2443.73 2190.76 36847.5 36 140 2 
42 34 10 13564.5 2392.5 2172.01 34841.4 36 130 2 
42 34 10 13563.3 2392.5 2170.76 34852.5 36 130 2 
43 35 10 13562 2392.5 2169.53 34838.5 36 130 2 
43 36 10 13475.8 2323.37 2152.46 33856.5 35 130 2 
44 37 10 13466.5 2323.37 2143.13 33800.1 35 130 2 
46 38 10 13466.3 2323.37 2142.97 33816.3 35 130 2 
51 42 10 13346.7 2255.45 2091.27 32998.2 34 130 2 
51 43 10 13346.7 2263.24 2083.48 32998.2 34 130 2 
52 44 10 13253.5 2184.55 2068.92 31798.9 33 130 2 
55 45 10 13163.1 2096.78 2066.33 30942.1 32 130 2 
56 46 10 13037.5 2001.21 2036.29 27032.2 30 120 2 
56 47 10 13028.8 2001.21 2027.63 26955.9 30 120 2 
58 48 10 13028.8 2009 2019.84 26955.9 30 120 2 
58 48 10 12938.6 1922.51 2016.11 25929.2 30 120 2 
63 52 10 12821.8 1819.4 2002.45 22953.6 30 100 3 
63 53 10 12731.7 1729.3 2002.43 22863.5 30 100 3 
64 53 10 12842.2 1878.82 1963.4 21463.8 30 90 3 
65 54 10 12851 1929.52 1921.47 22038.9 30 90 2 
66 55 10 12760.4 1839.44 1920.97 20354.1 29 90 3 
67 56 10 12669.4 1753.69 1915.74 19515.3 29 90 4 
67 56 10 12636.2 1753.69 1882.5 20348.8 29 90 4 
69 57 10 12600.9 1725.49 1875.38 20214.6 29 90 4 
70 58 10 12145.9 1290.66 1855.25 16512.5 26 80 4 
73 60 10 12143.9 1290.66 1853.2 16519.3 26 80 4 
74 62 10 12143.8 1290.66 1853.09 16517.4 26 80 4 
80 68 10 12115.1 1293.82 1821.24 16558.7 26 70 3 
85 72 10 12147.1 1348.62 1798.5 16986.9 26 70 3 
87 74 10 12147.1 1348.63 1798.48 16708.6 26 70 3 
87 74 10 12145.9 1348.62 1797.29 16980.8 26 70 3 
89 75 10 12145.9 1348.63 1797.27 16702.5 26 70 3 
90 77 10 12140.9 1348.63 1792.28 15121.6 26 50 3 
91 77 10 12132.4 1348.63 1783.79 15124.4 26 50 3 
95 81 10 12131.5 1348.63 1782.89 15122.7 26 50 3 
96 81 10 12131.5 1352.55 1778.97 15122.7 26 50 3 
96 82 10 12078.8 1302.55 1776.22 14880.1 26 50 3 
96 82 10 11979.3 1225.17 1754.09 14859.9 25 50 2 
101 86 10 11979.6 1230.09 1749.51 14912.7 25 50 2 
102 88 10 11977.3 1230.09 1747.19 14903.3 25 50 2 
104 89 10 11976.4 1230.09 1746.29 14901.6 25 50 2 
106 91 10 11959.2 1225.17 1734.07 14827.1 25 50 2 
113 97 10 11956.9 1225.17 1731.75 14817.7 25 50 2 
117 100 10 11865.6 1137.06 1728.58 12302.8 22 50 2 
118 102 10 11851.1 1137.06 1714.08 12376.2 22 50 2 
119 103 10 11834.5 1137.06 1697.45 12274.2 22 50 2 
122 105 10 11833.8 1137.06 1696.76 12276 22 50 2 
124 108 10 11743.4 1047.16 1696.22 11949.5 21 50 2 
125 108 10 11738.2 1047.16 1691.09 11945.9 21 50 2 
145 127 10 11713.5 1047.16 1666.33 11604.5 21 50 2 
149 130 10 11713.5 1050.36 1663.13 11604.5 21 50 2 
152 133 10 11653.7 1006.07 1647.6 10990.6 20 40 3 
155 136 10 11652.3 1006.07 1646.21 10989.7 20 40 3 
166 145 10 11515.1 869.959 1645.16 10171.6 19 40 3 
179 157 10 11508.7 869.959 1638.72 10159.5 19 40 3 
181 158 10 11508.2 869.959 1638.24 10155.8 19 40 3 
188 165 10 11508.2 905.314 1602.88 10155.8 19 30 3 
202 177 10 11413.8 813.371 1600.39 9166.47 18 30 3 
205 180 10 11409 813.371 1595.66 9159.94 18 30 3 
215 189 10 11409 817.29 1591.74 9159.94 18 30 3 
215 190 10 11431.2 879.842 1551.39 9159.94 18 30 3 
227 201 10 11429.7 879.842 1549.84 9156.32 18 30 3 
235 208 10 11429.3 879.842 1549.42 9152.61 18 30 3 
247 219 10 11328.8 786.629 1542.19 8400 18 20 2 
258 229 10 11234.6 710.199 1524.39 7963.33 17 10 1 
261 231 10 11233.2 710.199 1523 7962.39 17 10 1 
271 240 10 11357.3 839.172 1518.12 8101.78 17 10 1 
280 247 10 11273.9 756.579 1517.32 7919 17 10 1 
300 266 10 11273.8 756.579 1517.2 7954.73 17 10 1 
308 273 10 11302.5 788.044 1514.5 7991.49 17 10 1 
313 277 10 11304.2 791.141 1513.04 8159.91 17 10 1 
326 289 10 11448.8 956.57 1492.24 9468.7 17 0 0 
386 345 10 11440.8 951.772 1489.04 9452.7 17 0 0 
408 366 10 11335.2 854.667 1480.58 8857.25 17 0 0 
419 376 10 11333.2 854.667 1478.55 8520.43 17 0 0 
420 377 10 11333.2 854.667 1478.54 8516.54 17 0 0 
497 447 10 11325.6 853.241 1472.37 8727.79 17 0 0 
497 447 10 11325.6 872.284 1453.33 8620.5 17 0 0 
509 458 10 11233.3 782.275 1451.02 7597.5 16 0 0 
536 482 10 11339.6 911.954 1427.64 7941.97 16 0 0 
537 484 10 11331 911.954 1419.08 7928.39 16 0 0 
539 485 10 11202.5 801.465 1401.03 7402.05 14 0 0 
541 486 10 11109 711.465 1397.54 7183.95 13 0 0 
561 504 10 11145.5 757 1388.48 7183.95 13 0 0 
574 516 10 11232.7 844.802 1387.88 7183.95 13 0 0 
582 523 10 11108.5 721.423 1387.12 7183.95 13 0 0 
601 540 10 11139.2 771.252 1367.97 7190.88 13 0 0 
609 548 10 11134.4 771.252 1363.11 7176.31 13 0 0 
610 549 10 11132.4 771.252 1361.1 7183.95 13 0 0 
659 592 10 11080.4 719.646 1360.71 7183.95 13 0 0 
1182 1052 10 11100.5 757.613 1342.9 7482.91 13 0 0 
1188 1058 10 11166.8 830.257 1336.54 7752.92 13 0 0 
1193 1062 10 11166.3 830.257 1336.03 7748.91 13 0 0 
1195 1065 10 11217.3 881.863 1335.43 7838.91 13 0 0 
1333 1184 10 11100.3 766.189 1334.09 7432.73 13 0 0 
1337 1188 10 11089.7 770.313 1319.34 7310.57 13 0 0 
1345 1194 10 11089.2 770.313 1318.92 7313.6 13 0 0 
1462 1297 10 11221.6 903.1 1318.53 7719.78 13 0 0 
1594 1411 10 11249.6 931.048 1318.51 7823.26 13 0 0 
1836 1620 10 11257.1 942.731 1314.37 8171.16 13 0 0 
1838 1622 10 11257.1 942.731 1314.34 8167.23 13 0 0 
1845 1628 10 11184.1 875.795 1308.3 7973.67 13 0 0 
1943 1714 10 11183.6 875.795 1307.85 7857.77 13 0 0 
1963 1732 10 11181.5 875.795 1305.75 7843.54 13 0 0 
1974 1741 10 11129.5 824.189 1305.36 7843.54 13 0 0 
2507 2215 10 11140.3 849.689 1290.63 7862.58 13 0 0 
2508 2217 10 11137.9 849.689 1288.19 7865.4 13 0 0 
2516 2223 10 11137.2 849.689 1287.5 7867.88 13 0 0 
2556 2260 10 11043.6 761.889 1281.73 7216.09 13 0 0 
2556 2260 10 11036.1 761.889 1274.23 7211.07 13 0 0 
2558 2261 10 11151.9 877.805 1274.11 7491.03 13 0 0 
2560 2263 10 11054 784.315 1269.69 7319 12 0 0 
2580 2280 10 11012.1 746.957 1265.1 7082.95 12 0 0 
2583 2282 10 11008.1 746.957 1261.19 7173.1 12 0 0 
2601 2297 10 11007.1 746.957 1260.19 7173.1 12 0 0 
2605 2301 10 10989.3 746.957 1242.37 7344.46 12 0 0 
2605 2302 10 10988.4 746.957 1241.42 7349.38 12 0 0 
2626 2320 10 10961 724.187 1236.86 7228.39 12 0 0 
2638 2331 10 10960.4 724.187 1236.17 7229.88 12 0 0 
2657 2349 10 10960.4 725.508 1234.85 7229.88 12 0 0 
2671 2361 10 10881.2 647.114 1234.08 7229.88 12 0 0 
2824 2503 10 10877.7 647.114 1230.62 7220.55 12 0 0 
2827 2505 10 10877.3 647.114 1230.23 7216.92 12 0 0 
3206 2854 10 10875.3 648.264 1227.03 7257.16 12 0 0 
3886 3483 10 10873.3 648.264 1225.02 7193.76 12 0 0 
3901 3497 10 10871.5 648.264 1223.28 7199.02 12 0 0 
4517 4079 10 10874.6 656.345 1218.22 7333.69 12 0 0 
5461 4978 10 10981.3 795.59 1185.72 7369 12 0 0 
5481 4996 10 10884.3 732.903 1151.45 6404.49 11 0 0 
