Agent: 0ids: 32 9 40 3 4 28 35 15 41 6 42 0 18 26 23 45 47 46 34 30 31 25 22 5 43 10 
Agent: 1ids: 26 23 15 45 40 39 46 47 5 14 24 2 7 27 34 21 18 8 20 0 30 49 11 22 44 38 37 28 9 33 32 36 41 48 25 19 4 16 6 12 10 17 29 1 31 42 13 43 35 
Agent: 2ids: 27 45 
Agent: 3ids: 12 20 33 5 11 13 45 32 44 31 3 21 34 17 42 18 26 16 8 41 1 35 27 19 37 0 46 25 48 
Agent: 4ids: 33 48 20 25 41 18 4 35 11 43 29 1 46 22 39 15 30 26 36 7 2 5 6 24 45 42 49 23 32 40 16 13 47 10 38 
Agent: 5ids: 20 22 39 36 34 21 35 12 1 
Agent: 6ids: 27 15 22 36 35 
Agent: 7ids: 3 42 44 12 5 32 2 36 11 15 18 10 47 37 16 35 14 4 26 31 20 45 19 23 9 22 40 46 30 43 29 
Agent: 8ids: 42 37 27 40 48 7 49 30 43 34 21 3 22 20 11 19 25 2 0 8 24 28 14 38 12 18 15 4 10 1 32 29 31 35 23 47 17 41 6 33 
Agent: 9ids: 36 0 26 33 43 49 30 5 25 3 12 11 16 20 14 4 1 8 19 15 28 44 18 41 42 7 
Agent: 10ids: 45 2 17 4 0 36 42 6 30 24 9 21 47 34 27 20 33 38 19 13 46 39 10 43 28 44 41 29 1 3 40 12 22 23 15 11 18 16 48 49 8 5 26 7 
Agent: 11ids: 46 21 37 20 44 1 14 27 41 30 5 35 7 29 28 49 8 23 39 38 9 19 40 3 15 25 16 43 0 26 4 33 36 24 18 34 17 48 11 2 6 42 10 
Agent: 12ids: 25 39 35 36 19 46 44 48 38 12 1 47 17 34 
Agent: 13ids: 45 36 40 2 29 43 6 1 15 35 19 21 7 12 20 0 13 44 32 34 42 18 49 23 41 14 4 33 5 38 
Agent: 14ids: 26 41 17 11 25 19 40 14 42 35 
Agent: 15ids: 41 19 25 3 
Agent: 16ids: 40 46 27 8 24 29 3 
Agent: 17ids: 45 39 42 5 9 2 46 44 1 24 33 14 36 34 22 31 11 30 6 7 41 28 18 17 16 47 4 0 40 32 26 48 21 
Agent: 18ids: 49 35 2 29 37 36 48 46 7 23 9 15 33 47 26 12 39 5 43 34 0 44 22 11 27 3 14 30 1 45 10 4 8 21 6 13 16 18 31 25 40 38 24 32 42 19 20 41 
Agent: 19ids: 35 46 21 45 12 44 34 31 41 23 16 27 24 1 7 20 3 36 13 10 8 39 2 40 19 43 47 33 9 48 37 30 22 11 29 42 28 14 17 18 15 5 0 32 4 49 26 25 
Agent: 20ids: 19 41 26 18 31 6 11 42 22 38 
Agent: 21ids: 47 5 36 29 26 38 13 
Agent: 22ids: 24 34 16 21 
Agent: 23ids: 40 37 8 36 27 34 21 11 20 26 10 2 16 35 29 5 47 43 23 44 3 1 38 48 19 9 25 49 17 6 46 33 15 28 39 13 32 0 12 42 24 31 4 14 30 22 18 
Agent: 24ids: 24 2 29 9 12 37 36 13 15 20 1 39 19 44 27 45 40 3 41 
Agent: 25ids: 22 9 33 11 24 2 16 1 4 6 40 34 30 21 19 31 29 27 0 38 47 5 42 36 44 28 39 49 48 17 12 37 14 41 43 
Agent: 26ids: 34 30 19 36 43 42 47 39 25 41 12 40 14 10 33 16 20 7 9 24 
Agent: 27ids: 44 0 25 16 37 
Agent: 28ids: 49 11 22 4 35 30 41 5 48 40 27 20 1 34 38 13 
Agent: 29ids: 48 45 47 12 46 3 39 35 25 0 6 1 14 42 31 7 10 24 20 22 37 32 36 29 38 19 15 40 
Agent: 30ids: 0 20 11 1 48 40 15 31 42 25 28 
Agent: 31ids: 4 20 27 43 17 41 39 1 25 
Agent: 32ids: 1 
Agent: 33ids: 35 33 5 42 46 20 7 15 36 21 44 45 37 24 34 28 8 26 43 6 29 11 
Agent: 34ids: 23 15 36 48 3 6 42 29 1 24 41 14 13 7 10 45 16 30 5 38 43 9 35 28 46 39 33 21 8 0 32 44 31 17 
Agent: 35ids: 10 9 22 44 34 8 6 46 14 23 25 26 27 29 15 7 48 3 20 1 32 4 31 11 13 38 49 2 12 35 39 21 24 47 42 28 36 43 17 40 18 19 45 
Agent: 36ids: 18 
Agent: 37ids: 33 10 21 32 0 23 39 22 19 13 41 31 49 28 30 6 16 12 15 3 8 47 11 42 25 40 7 38 46 29 
Agent: 38ids: 15 21 5 
Agent: 39ids: 36 43 2 1 27 30 4 48 3 29 10 18 22 26 16 13 32 40 41 7 20 8 33 47 42 38 21 28 
Agent: 40ids: 44 42 15 12 19 9 33 17 25 35 45 18 5 16 13 
Agent: 41ids: 6 47 15 30 7 29 2 40 49 28 23 48 10 21 19 36 8 17 22 4 44 33 46 41 11 35 27 9 1 34 5 12 42 39 14 0 25 31 37 24 45 18 32 20 16 3 13 
Agent: 42ids: 37 33 15 26 23 40 22 28 47 48 1 9 13 6 29 35 18 14 34 36 32 8 44 38 39 0 21 49 17 4 5 43 31 41 30 45 20 11 25 46 42 12 24 10 3 27 2 
Agent: 43ids: 26 35 5 30 28 31 15 25 
Agent: 44ids: 18 5 37 4 43 16 
Agent: 45ids: 14 15 17 8 
Agent: 46ids: 26 5 39 27 12 45 30 15 35 6 11 38 1 28 21 40 43 29 2 25 16 37 10 42 18 23 9 
Agent: 47ids: 36 48 49 32 42 21 1 45 10 29 11 19 23 4 35 43 0 30 12 17 2 38 20 46 34 27 
Agent: 48ids: 24 8 48 27 11 39 46 6 15 17 3 38 34 9 12 10 22 43 35 1 37 40 23 47 31 7 2 36 14 42 16 44 21 0 20 41 4 
Agent: 49ids: 2 14 21 35 1 18 12 19 24 
0 0 10 18752.8 5548.66 4204.11 110143 91 430 3 
4 2 10 15246.6 3266.48 2980.12 74462.2 52 360 3 
4 2 10 15154.6 3216.95 2937.65 74276 52 360 2 
6 3 10 15145.7 3216.95 2928.75 74154.2 52 360 2 
6 4 10 15129.6 3216.95 2912.66 74051.8 52 360 2 
7 4 10 15044.5 3176.22 2868.25 67207.7 50 310 2 
8 5 10 14979.4 3118.85 2860.52 66604 49 310 2 
8 5 10 14929.7 3094.24 2835.41 65927.1 48 310 2 
10 7 10 14830.3 3083.4 2746.89 65223.6 47 310 2 
11 7 10 14565 2907.6 2657.45 63316.1 46 290 2 
12 8 10 14534 2916.49 2617.46 63219.6 46 290 2 
13 9 10 14786.8 3172.39 2614.39 63219.6 46 290 2 
13 9 10 14778.2 3172.39 2605.79 63193.1 46 290 2 
13 9 10 14060.3 2643.04 2417.26 46963.7 44 290 3 
14 10 10 14313.1 2898.94 2414.19 46963.7 44 290 3 
15 11 10 14223.1 2808.94 2414.15 46561.8 43 290 3 
16 12 10 14208.5 2808.94 2399.59 46508.8 43 290 3 
18 13 10 13969 2597.4 2371.56 44555.5 43 270 3 
19 14 10 13877.3 2507.4 2369.9 44150.4 42 270 3 
20 15 10 13862.1 2507.4 2354.67 44021 42 270 3 
21 16 10 13859 2525.75 2333.27 43733 42 250 3 
22 17 10 13856.7 2525.75 2330.99 43689.2 42 250 3 
22 17 10 13727.4 2401.68 2325.68 41451.2 41 240 3 
22 17 10 13805.4 2480.16 2325.26 41698.8 41 240 3 
24 19 10 13801.7 2480.16 2321.51 41664.8 41 240 3 
24 19 10 13658 2343.34 2314.67 41709.4 41 240 3 
25 20 10 13647.9 2345.57 2302.35 41706.3 41 240 3 
25 20 10 13641.9 2345.57 2296.37 41688.3 41 240 3 
26 21 10 13603.1 2345.57 2257.49 41423.9 41 240 3 
26 21 10 13736.2 2480.16 2256.01 40334.7 41 240 3 
27 22 10 13732.6 2480.16 2252.43 40337.1 41 240 3 
28 22 10 14027 2808.49 2218.52 44525.7 41 200 2 
29 23 10 14027 2817.62 2209.39 44525.7 41 200 2 
29 23 10 13935.3 2727.62 2207.73 44120.6 40 200 2 
29 23 10 13931.3 2727.62 2203.73 44082.6 40 200 2 
30 24 10 13706.2 2524.53 2181.65 39865.7 40 190 2 
30 24 10 13702.4 2524.53 2177.9 39839.2 40 190 2 
31 25 10 13687.7 2524.53 2163.17 39671.7 40 190 2 
31 25 10 13644.7 2524.53 2120.22 39258.1 40 190 2 
34 28 10 13537.1 2419.56 2117.52 38187 40 160 2 
36 29 10 13654.8 2541.8 2112.96 37208.4 40 150 2 
37 30 10 13551.1 2451.8 2099.27 35222.8 39 140 2 
38 31 10 13546.4 2458.99 2087.43 34312.9 39 120 2 
39 32 10 13527.7 2459.77 2067.92 34326 39 120 2 
40 33 10 13527.7 2467.9 2059.82 34799.7 39 120 2 
41 34 10 13484.2 2453.55 2030.66 33910 39 110 2 
43 36 10 13484 2453.55 2030.46 33915.8 39 110 2 
44 37 10 13484 2453.8 2030.22 33915.8 39 110 2 
45 38 10 13392.4 2363.8 2028.55 33510.6 38 110 2 
45 38 10 13386 2366.72 2019.25 32796.2 38 90 2 
47 39 10 13383 2366.72 2016.25 32785 38 90 2 
49 41 10 13377.5 2366.72 2010.77 32040.5 38 80 2 
49 42 10 13368.3 2366.72 2001.61 32087 38 80 2 
51 43 10 13250.2 2275.35 1974.86 29925.1 37 70 2 
54 46 10 13254.1 2281.74 1972.41 29647.5 37 70 2 
56 48 10 13133.6 2190.67 1942.9 28681.1 37 60 1 
60 51 10 13131.1 2190.67 1940.43 28674.6 37 60 1 
60 51 10 13081.9 2190.67 1891.26 27497.9 37 60 2 
62 53 10 12913.1 2030.38 1882.75 25218.1 35 0 0 
63 54 10 12910.7 2030.38 1880.28 25211.6 35 0 0 
63 54 10 12665.5 1798.1 1867.42 23121.2 33 0 0 
64 55 10 12656.8 1798.1 1858.75 23118.5 33 0 0 
65 55 10 12638.3 1798.48 1839.84 22474.7 33 0 0 
66 56 10 12634.7 1798.48 1836.25 22477.1 33 0 0 
70 60 10 12679.3 1844.18 1835.13 22892.6 33 0 0 
72 62 10 12634.9 1805.87 1829.07 22477.3 33 0 0 
73 63 10 12634.7 1805.87 1828.86 22007.5 33 0 0 
77 67 10 12536 1715.47 1820.57 20618.9 32 0 0 
78 68 10 12580.6 1761.17 1819.45 21013.3 32 0 0 
79 69 10 12555.2 1740.42 1814.76 20558.1 32 0 0 
85 74 10 12461.8 1648.89 1812.92 19595.4 31 0 0 
85 74 10 12481.1 1670.22 1810.85 19374.6 31 0 0 
87 76 10 12480.8 1670.22 1810.6 19273.7 31 0 0 
88 77 10 12387.4 1578.69 1808.75 18311 30 0 0 
90 79 10 12379.8 1605.82 1773.97 18340.4 30 0 0 
90 79 10 12277 1515.58 1761.47 17402.4 29 0 0 
91 80 10 12109.9 1373.09 1736.77 16751.4 29 0 0 
99 88 10 12090.2 1362.89 1727.3 16154.9 29 0 0 
105 93 10 12034 1309.68 1724.33 15422.3 28 0 0 
106 94 10 12033.9 1309.68 1724.26 15412.3 28 0 0 
108 96 10 12029.6 1309.68 1719.95 15396.5 28 0 0 
109 97 10 12029.6 1309.68 1719.88 15386.5 28 0 0 
113 101 10 11929.9 1221.88 1708.07 14975.9 27 0 0 
116 103 10 11929.9 1222.2 1707.74 14975.9 27 0 0 
117 103 10 12093.5 1418.31 1675.23 15364.5 27 0 0 
117 103 10 11990.1 1324.01 1666.05 15164 27 0 0 
117 104 10 12081.6 1417.82 1663.76 15745.7 27 0 0 
117 104 10 12056 1413.38 1642.58 15613.6 27 0 0 
119 105 10 12055.3 1474.6 1580.74 16792.9 27 0 0 
121 108 10 11930.7 1384.59 1546.12 15474.8 26 0 0 
124 110 10 11929.6 1384.59 1545 15394.5 25 0 0 
129 115 10 11923.7 1384.59 1539.1 15358.9 25 0 0 
132 118 10 11889.5 1384.59 1504.89 15262.8 25 0 0 
136 121 10 11887 1384.59 1502.43 15258.7 25 0 0 
139 124 10 11861.4 1380.14 1481.24 15126.5 25 0 0 
150 135 10 11861.4 1380.47 1480.92 15126.5 25 0 0 
151 136 10 11962.3 1491.76 1470.57 15389.7 25 0 0 
152 137 10 11866.7 1401.48 1465.2 14979.6 24 0 0 
157 142 10 11775.6 1311.26 1464.35 14006.6 22 0 0 
180 164 10 11781.3 1327.45 1453.83 14370.1 22 0 0 
188 172 10 11790.2 1339.15 1451.06 14832.2 22 0 0 
189 173 10 11721.2 1275.43 1445.76 14617 21 0 0 
195 178 10 11659.3 1238.66 1420.64 14390.1 21 0 0 
196 179 10 11443 1039.89 1403.08 12537.4 21 0 0 
198 180 10 11550.3 1147.3 1403.03 12745 21 0 0 
199 181 10 11429.1 1048.61 1380.46 11856.4 19 0 0 
199 181 10 11426.2 1048.61 1377.64 11847.1 19 0 0 
200 182 10 11518.4 1140.87 1377.58 12655.9 19 0 0 
200 182 10 11419 1047.27 1371.71 11428 18 0 0 
208 189 10 11235.1 863.845 1371.23 9677.05 16 0 0 
212 193 10 11186 816.845 1369.19 9390.76 16 0 0 
214 195 10 11331.8 968.341 1363.5 9677.05 16 0 0 
222 203 10 11236 875.513 1360.46 8751.43 15 0 0 
223 204 10 11216.5 860.513 1356.03 8751.43 15 0 0 
227 208 10 11073 727.006 1346 8984.64 15 0 0 
231 212 10 11066.7 727.006 1339.71 8969.77 15 0 0 
244 224 10 11050.7 727.006 1323.72 9072.4 15 0 0 
255 235 10 11049.9 727.006 1322.92 9074.02 15 0 0 
291 270 10 11053.8 730.904 1322.86 9033.86 15 0 0 
296 276 10 11096.7 774.91 1321.8 9033.86 15 0 0 
303 282 10 11088.6 783.951 1304.66 9033.86 15 0 0 
309 288 10 11016.6 716.942 1299.62 8317.73 15 0 0 
322 301 10 11008.1 716.942 1291.14 8197.97 14 0 0 
337 316 10 10982.9 700.115 1282.79 8197.97 14 0 0 
359 336 10 11023.7 742.321 1281.4 7565.57 14 0 0 
363 341 10 10979.4 700.115 1279.33 8188.64 14 0 0 
365 342 10 10979.1 700.115 1278.95 8185.01 14 0 0 
371 348 10 11020.7 742.321 1278.35 7550.99 14 0 0 
371 348 10 11019.9 742.321 1277.56 7552.61 14 0 0 
379 356 10 10948.4 678.444 1270 6961.95 14 0 0 
383 359 10 11010.9 742.312 1268.58 7538.03 14 0 0 
607 581 10 11010.9 742.702 1268.19 7538.03 14 0 0 
703 676 10 11010.9 742.812 1268.08 7538.03 14 0 0 
726 700 10 10915 654.942 1260.09 6685.85 13 0 0 
737 709 10 10869.4 655.197 1214.18 6673.91 13 0 0 
741 713 10 10775.9 564.797 1211.1 5766.95 12 0 0 
767 739 10 10665 473.182 1191.81 5094.96 11 0 0 
791 762 10 10751.2 561.328 1189.88 5094.96 11 0 0 
800 771 10 10833.3 647.821 1185.45 5094.96 11 0 0 
815 787 10 10610.4 447.182 1163.22 5094.96 11 0 0 
817 788 10 10777.6 629.714 1147.85 4801.21 10 0 0 
819 791 10 10774.2 629.507 1144.72 5181.98 10 0 0 
820 792 10 10681.5 539.507 1142 4779.16 9 0 0 
822 794 10 10523 394.056 1128.91 4779.16 9 0 0 
830 801 10 10447.3 332.265 1115 4679.08 9 0 0 
1221 1194 10 10437.1 324.492 1112.66 4202.07 9 0 0 
1226 1198 10 10375.8 265.715 1110.07 3798.98 8 0 0 
1470 1445 10 10249.4 157.906 1091.53 3281.41 8 0 0 
1471 1446 10 10246.3 157.906 1088.39 3286.71 8 0 0 
1545 1518 10 10172.4 90.2119 1082.23 3164.4 7 0 0 
1588 1557 10 10169 90.2119 1078.76 3155.07 7 0 0 
1594 1563 10 10168.6 90.2119 1078.38 3151.44 7 0 0 
1704 1672 10 10159.5 90.2119 1069.29 2249.55 4 0 0 
