0 0 10 17135.4 4056.6 4078.76 266411 93 970 3 
0 0 10 16845.5 4246.52 3598.95 120032 55 610 2 
0 0 10 16084.9 3881.84 3203.05 74929.8 54 490 4 
0 0 10 15597.7 3575.83 3021.91 70444.7 52 490 3 
2 0 10 15278.7 3266.7 3012.03 60134.6 49 480 3 
4 2 10 14928.7 3028.91 2899.74 58663.8 47 480 4 
5 3 10 14824.1 2927.91 2896.15 56131.7 46 470 4 
5 3 10 14432.6 2555.68 2876.92 48488.1 45 350 4 
7 4 10 14473.9 2609.64 2864.31 46963.2 45 330 4 
8 5 10 14439.4 2609.64 2829.72 46738.6 45 330 4 
11 8 10 13879.8 2138.34 2741.43 30576.6 41 210 4 
11 8 10 13883.3 2173.4 2709.87 31003.8 40 180 4 
12 9 10 13769.8 2092.37 2677.43 29653.9 40 180 4 
12 9 10 13768.7 2092.37 2676.31 29623.3 40 180 4 
14 11 10 13777.8 2141.3 2636.5 30366.1 40 150 5 
15 11 10 13683.9 2051.16 2632.72 29034.7 39 150 5 
17 13 10 13723.2 2141.61 2581.55 29454.7 39 140 4 
18 14 10 13749.2 2187.37 2561.86 29570.9 39 140 4 
19 15 10 13685.3 2141.61 2543.69 28913.8 39 140 4 
19 15 10 13657.2 2141.61 2515.57 29020.8 39 140 3 
21 17 10 13675.2 2169.69 2505.53 28579.2 39 140 3 
22 17 10 13631.9 2141.61 2490.34 28281 39 130 3 
23 18 10 13631.9 2141.61 2490.32 28329.2 39 130 3 
23 19 10 13540.7 2051.61 2489.06 28090.3 38 130 3 
24 19 10 13533.5 2049.48 2483.99 27166 37 130 3 
28 23 10 13367.5 1953.82 2413.68 25884.6 36 120 3 
28 23 10 13365.8 1953.82 2412.02 25891.8 36 120 3 
32 27 10 13334.5 1953.82 2380.68 25763.1 36 100 2 
33 28 10 13333.8 1953.82 2379.95 25752.8 36 100 2 
35 29 10 13319.4 1949.63 2369.78 25403.4 36 100 2 
37 31 10 13308.3 1949.63 2358.7 25326.5 36 100 2 
37 31 10 13303.2 1949.63 2353.58 25359.6 36 100 2 
38 32 10 13302.1 1949.63 2352.51 25345.1 36 100 2 
39 33 10 13302.1 1955.67 2346.48 25345.1 36 100 2 
42 35 10 13295 1955.67 2339.36 25453.8 36 100 2 
42 35 10 13330.3 1994.46 2335.81 24111.8 35 90 4 
43 36 10 13322.8 1994.46 2328.34 23978.6 35 90 4 
44 37 10 13322.8 2013.3 2309.5 23978.6 35 80 3 
44 37 10 13292 1983.57 2308.4 23916.9 35 70 3 
44 38 10 13215 1906.57 2308.38 23744.6 35 70 3 
45 38 10 13190.8 1883.59 2307.2 23531 35 70 3 
48 41 10 13190.1 1883.59 2306.49 23120.7 35 70 3 
49 41 10 13277.7 1983.57 2294.17 23403.7 35 70 3 
50 42 10 13253.6 1960.59 2292.99 23190.1 35 70 3 
50 42 10 13132.9 1930.77 2202.1 23075.5 35 60 2 
50 42 10 12917.8 1754.19 2163.58 22142.4 35 60 2 
51 43 10 12809.4 1663.63 2145.77 21723.7 34 60 2 
51 43 10 12807.1 1663.63 2143.47 21723.6 34 60 2 
52 44 10 12773.4 1639.92 2133.51 21043.1 34 60 3 
54 46 10 12787.1 1663.63 2123.49 21234 34 60 2 
54 46 10 12690.2 1574.8 2115.43 20315.2 34 60 2 
55 47 10 12690 1574.8 2115.23 20325.3 34 60 2 
57 49 10 12656.4 1551.09 2105.27 19644.9 34 60 3 
58 50 10 12600.9 1532.32 2068.6 19031 33 60 2 
59 50 10 12599.5 1532.32 2067.19 19031 33 60 2 
61 52 10 12599.3 1532.32 2067 19041.2 33 60 2 
65 56 10 12599.2 1532.32 2066.84 19041.9 33 60 2 
66 56 10 12597 1532.32 2064.7 19041.1 33 60 2 
67 57 10 12593 1532.32 2060.7 19033.1 33 60 2 
69 59 10 12559.4 1508.61 2050.74 18352.6 33 60 3 
77 66 10 12469.1 1418.52 2050.57 17157.6 32 60 3 
80 69 10 12562.5 1512.53 2050 18441 32 60 3 
89 77 10 12562.3 1512.53 2049.75 18454 32 60 3 
90 78 10 12442.7 1418.53 2024.18 17386.1 31 60 3 
95 82 10 12328.6 1330.94 1997.69 16066.8 31 40 2 
105 91 10 12318.8 1354.87 1963.92 16158.9 30 40 2 
107 93 10 12318.6 1354.87 1963.76 16159.6 30 40 2 
119 105 10 12220.9 1267.94 1952.95 15113.4 29 40 2 
129 113 10 12220.9 1267.94 1952.93 15107.6 29 40 2 
132 117 10 12125.2 1177.85 1947.36 13994.4 27 40 2 
134 118 10 12125 1177.85 1947.16 14004.6 27 40 2 
134 119 10 12213.1 1267.87 1945.22 14661.6 27 40 2 
134 119 10 12225.1 1294.96 1930.18 14633.1 26 30 2 
136 121 10 12090.8 1207.35 1883.48 13847.6 24 30 2 
136 121 10 12090.1 1207.35 1882.75 13838.7 24 30 2 
144 128 10 12089.4 1226.33 1863.05 13836.6 24 30 2 
151 135 10 12065.6 1208.18 1857.45 13789.1 24 30 2 
153 137 10 12055 1208.18 1846.85 14103.9 24 30 1 
155 138 10 11949.3 1151.19 1798.09 13706.2 24 30 1 
161 144 10 11947.3 1150.4 1796.88 13658.2 24 30 1 
169 151 10 11934.2 1150.4 1783.78 13645 24 30 1 
171 153 10 11952.1 1178.72 1773.41 13856.9 24 10 1 
188 168 10 11851.6 1085.79 1765.86 13100.2 23 10 1 
213 192 10 11752.9 990.125 1762.73 11970.5 22 0 0 
374 338 10 11712 990.125 1721.86 11929.6 22 0 0 
457 413 10 11709.3 990.125 1719.18 11929.5 22 0 0 
514 466 10 11724.9 1007.12 1717.8 12014.3 22 0 0 
515 466 10 11723.8 1007.12 1716.63 12012.4 22 0 0 
518 469 10 11757.9 1042.33 1715.53 12122.5 22 0 0 
533 483 10 11754 1042.33 1711.63 12082.4 22 0 0 
534 484 10 11651.9 990.125 1661.77 12005 22 0 0 
547 495 10 11545 918.41 1626.57 10852.2 22 0 0 
548 496 10 11539.8 918.41 1621.43 11223.6 22 0 0 
555 503 10 11574.9 953.618 1621.3 11334.6 22 0 0 
555 503 10 11529.2 919.824 1609.35 11445.9 22 0 0 
558 506 10 11390.1 828.878 1561.25 10534.1 21 0 0 
560 507 10 11426.1 865.492 1560.63 10534.1 21 0 0 
588 532 10 11488 939.248 1548.73 10909.8 21 0 0 
596 540 10 11477.5 966.722 1510.82 10878.5 21 0 0 
611 553 10 11493.2 985.946 1507.26 11030.6 21 0 0 
611 554 10 11492 987.761 1504.22 11224.4 21 0 0 
612 554 10 11346.8 851.116 1495.67 10409.8 20 0 0 
616 559 10 11343.5 851.116 1492.37 10335.3 20 0 0 
653 593 10 11311.7 828.081 1483.62 10244.3 19 0 0 
677 615 10 11311.3 828.081 1483.22 10241 19 0 0 
698 635 10 11271.9 792.955 1478.98 10078.1 19 0 0 
703 640 10 11273.9 795.704 1478.23 9989.07 19 0 0 
708 645 10 11272.7 795.704 1477.02 10050.8 19 0 0 
771 703 10 11258.4 782.938 1475.43 9886.19 19 0 0 
773 705 10 11228.8 753.659 1475.09 9523.37 19 0 0 
782 713 10 11217.8 753.659 1464.11 9769.52 19 0 0 
782 713 10 11215.7 753.659 1462.01 9881.59 19 0 0 
786 717 10 11137 691.094 1445.94 9321.85 18 0 0 
797 727 10 11067.7 623.395 1444.28 8649.41 17 0 0 
798 728 10 11048.7 623.395 1425.33 9145.77 17 0 0 
800 730 10 11047.2 623.395 1423.77 9057.07 16 0 0 
808 737 10 11033.7 623.395 1410.33 8999.87 16 0 0 
817 746 10 11033.7 626.267 1407.45 8999.87 16 0 0 
823 753 10 11033.2 626.267 1406.91 8996.42 16 0 0 
846 775 10 11027.2 626.267 1400.91 8953.72 16 0 0 
959 886 10 11056.9 661.125 1395.78 9205.29 16 0 0 
969 895 10 11055 661.125 1393.92 9614.49 16 0 0 
986 911 10 11055 661.244 1393.8 9760.7 16 0 0 
987 912 10 11057.1 693.809 1363.34 9760.02 16 0 0 
992 917 10 11055.8 693.809 1361.94 9754.14 16 0 0 
992 917 10 11057.1 715.764 1341.38 9760.02 16 0 0 
993 918 10 11055.7 715.764 1339.97 9752.85 16 0 0 
1017 940 10 11055.7 718.495 1337.24 9786.87 16 0 0 
1060 982 10 10989.4 681.217 1308.15 9409 16 0 0 
1098 1019 10 10924.6 617.824 1306.73 8958.69 16 0 0 
1149 1071 10 10924.6 617.862 1306.7 8958.69 16 0 0 
1169 1092 10 10892.5 588.251 1304.24 8520.97 16 0 0 
1175 1098 10 10892.5 591.773 1300.71 8520.97 16 0 0 
1183 1106 10 10876.3 591.773 1284.51 9813.39 16 0 0 
1190 1113 10 10874.6 591.773 1282.87 9810.39 16 0 0 
1192 1115 10 10870.6 591.773 1278.8 9799.45 16 0 0 
1241 1164 10 10870.6 591.902 1278.67 9799.45 16 0 0 
1260 1182 10 10900.5 624.899 1275.65 9587.02 16 0 0 
1810 1726 10 10899.2 624.899 1274.28 9359.17 16 0 0 
1891 1805 10 10899.2 630.192 1268.99 9359.17 16 0 0 
1955 1869 10 10905.3 637.201 1268.15 9098.68 16 0 0 
1965 1878 10 10905.3 637.287 1268.06 8900.29 15 0 0 
2136 2045 10 10932.8 666.566 1266.22 8979.95 15 0 0 
2430 2341 10 10931.7 666.566 1265.11 8515.26 15 0 0 
2437 2348 10 10931.7 666.566 1265.09 8513.97 15 0 0 
2457 2368 10 10931 666.566 1264.4 8521.83 15 0 0 
2657 2569 10 10930.9 666.566 1264.31 8674.83 15 0 0 
2664 2575 10 10927.2 666.566 1260.67 8708.28 15 0 0 
2755 2666 10 10895.4 637.287 1258.14 8631.37 15 0 0 
3038 2947 10 10895.1 638.459 1256.68 8894.29 15 0 0 
3056 2964 10 10945 689.157 1255.82 8974.82 15 0 0 
3106 3013 10 10945 715.771 1229.21 8974.82 15 0 0 
3401 3297 10 10939.3 715.771 1223.54 8669.25 15 0 0 
3977 3858 10 10954.4 737.839 1216.6 8605.4 15 0 0 
4065 3940 10 10954.4 740.868 1213.57 8605.4 15 0 0 
4092 3965 10 10997.4 784.029 1213.39 8742.32 15 0 0 
4124 3997 10 10997.4 784.475 1212.95 8742.32 15 0 0 
4142 4014 10 10997.4 785.068 1212.35 8384.96 14 0 0 
4181 4052 10 10741.7 556.683 1184.97 7311.61 14 0 0 
4204 4073 10 10745.3 561.237 1184.05 7246.63 14 0 0 
4212 4081 10 10815.5 654.32 1161.2 7310.97 14 0 0 
4220 4088 10 10809.6 648.886 1160.74 7541.25 14 0 0 
4224 4092 10 10723.1 562.803 1160.28 7101.61 13 0 0 
4269 4135 10 10718.8 562.803 1155.98 7101.61 13 0 0 
4272 4137 10 10713.2 562.803 1150.41 7202.31 13 0 0 
4286 4151 10 10708.9 562.803 1146.11 7202.31 13 0 0 
4412 4274 10 10700.5 559.485 1141.02 6989.84 12 0 0 
4488 4346 10 10700.5 561.08 1139.42 6989.84 12 0 0 
4509 4367 10 10723.9 594.078 1129.79 6989.84 12 0 0 
4518 4375 10 10694.1 565.221 1128.93 6831.13 11 0 0 
5115 4962 10 10722.3 596.486 1125.85 6859.31 11 0 0 
5125 4971 10 10722.3 601.88 1120.45 6859.31 11 0 0 
5126 4972 10 10722.3 602.064 1120.27 6859.31 11 0 0 
5128 4975 10 10722.3 602.651 1119.68 6859.31 11 0 0 
