0 0 10 16572.3 3306.9 4265.44 111865 95 550 4 
0 0 10 16722.6 4050.16 3672.45 79047 55 450 3 
1 0 10 16016 3825.51 3190.51 54602.5 55 320 5 
2 0 10 15989.6 3825.51 3164.06 54044.8 55 300 5 
4 1 10 15717 3633.88 3083.11 52206.6 53 260 4 
5 2 10 15706.2 3633.88 3072.32 51668.2 53 250 4 
5 2 10 15561.8 3525.34 3036.46 49719.8 52 250 4 
8 4 10 15601.7 3648.62 2953.1 50942.8 52 210 4 
8 4 10 15518.7 3580.35 2938.38 49601.9 51 200 4 
9 4 10 15518.6 3580.35 2938.25 49538.2 51 200 4 
10 5 10 15502.1 3566.55 2935.55 49685.2 51 200 4 
12 7 10 15309.5 3483.35 2826.12 47863.7 50 200 4 
15 8 10 15282.5 3483.35 2799.17 47793.5 50 200 4 
15 8 10 15191.9 3393.59 2798.28 46241.3 49 200 4 
15 9 10 15146.8 3420.59 2726.16 46592.3 49 170 4 
18 10 10 14895.8 3190.26 2705.49 43535.9 47 130 3 
20 11 10 14583.6 2906.02 2677.56 37877.2 44 110 2 
22 13 10 14459.9 2822.35 2637.54 37566.2 43 110 2 
23 14 10 14182.8 2647.09 2535.67 41743.3 40 110 2 
25 15 10 14177 2647.09 2529.95 41714.7 40 110 2 
25 15 10 14168.1 2647.09 2521.02 41632.9 40 110 2 
26 16 10 14144.2 2646.08 2498.11 41583.8 40 110 2 
26 16 10 14125 2646.08 2478.91 41444.7 40 110 2 
27 17 10 14124.7 2646.08 2478.65 41435.6 40 110 2 
27 17 10 14106.5 2646.08 2460.45 41215.7 40 110 2 
29 18 10 14110.6 2652.38 2458.17 41032.8 40 110 2 
30 19 10 14061.1 2610.18 2450.92 40876.5 40 110 2 
30 19 10 13964 2516.25 2447.77 38908.4 40 110 2 
30 19 10 13956.2 2559.88 2396.28 39054.9 40 110 2 
32 20 10 13984.6 2606.75 2377.85 39198.2 40 110 2 
33 20 10 13984.6 2629.16 2355.44 38422.2 39 110 2 
36 22 10 13875.4 2555.66 2319.75 37458.9 39 110 2 
38 24 10 14019 2751.71 2267.31 39334.9 39 110 2 
42 27 10 14016 2751.71 2264.31 39320.5 39 110 2 
43 27 10 13978.1 2717.83 2260.23 39030.1 39 110 2 
46 29 10 13877 2623.83 2253.15 37790 38 110 2 
46 29 10 13765.1 2535.41 2229.71 36539 37 110 3 
46 29 10 13687.7 2472.06 2215.6 36461.5 37 100 3 
47 30 10 13592.4 2382.06 2210.31 35000.9 36 100 3 
48 30 10 13592.1 2382.06 2210.05 34991.8 36 100 3 
49 31 10 13587.2 2382.06 2205.12 34936 36 100 3 
49 31 10 13524.8 2348.93 2175.92 34663.4 36 100 3 
55 35 10 13559.8 2401.89 2157.92 34916.9 36 100 3 
56 36 10 13655.4 2501.23 2154.14 36041 36 100 3 
58 37 10 13516.5 2410.13 2106.42 33676.7 35 90 3 
58 37 10 13515.7 2410.13 2105.6 33683.4 35 90 3 
59 38 10 13420.5 2320.13 2100.36 32318.6 34 90 3 
61 39 10 13415.3 2320.13 2095.17 32253.7 34 90 3 
66 43 10 13356.6 2278.47 2078.17 30472.7 33 90 4 
73 47 10 13263.3 2187.81 2075.51 28690.2 32 80 4 
73 47 10 13263.1 2187.81 2075.25 28681 32 80 4 
76 49 10 13263.1 2187.93 2075.13 28679 32 80 4 
79 51 10 13266.8 2211.07 2055.71 28588 32 80 4 
86 56 10 13106.5 2120.38 1986.16 27304.2 32 80 4 
89 58 10 13085.2 2143.77 1941.4 26332.3 32 70 4 
92 60 10 12991.2 2056.29 1934.95 25736 32 70 4 
92 60 10 13146.2 2273.01 1873.24 26828.9 32 50 3 
97 64 10 13016.8 2182.74 1834.04 25395.5 32 50 3 
98 64 10 13015.8 2182.74 1833.08 25385.6 32 50 3 
104 68 10 13012.1 2182.74 1829.39 25354.2 32 50 3 
107 70 10 12998.6 2182.74 1815.83 25294.5 32 50 3 
107 70 10 12962.4 2172.13 1790.23 24325.1 32 50 2 
115 75 10 12957 2172.13 1784.89 24325.9 32 50 2 
120 78 10 12953.8 2172.13 1781.71 24395.4 32 40 2 
121 79 10 12929 2169.24 1759.73 24453.5 31 30 1 
129 84 10 12920 2169.24 1750.79 23753.3 30 30 1 
136 88 10 12919.5 2169.24 1750.23 23757.1 30 30 1 
138 90 10 12914.4 2169.24 1745.16 23433.8 30 20 1 
141 92 10 12878.9 2134.89 1743.99 23799.9 30 20 1 
142 93 10 12876 2133.29 1742.71 23460.9 30 20 1 
151 99 10 12869.3 2131.61 1737.65 23306.3 29 20 1 
154 101 10 12720 2043.28 1676.7 21828.4 28 20 2 
163 107 10 12381.5 1707.86 1673.64 20458.5 27 20 2 
165 108 10 12381.5 1710.21 1671.29 20458.5 27 20 2 
165 108 10 12351.2 1708.36 1642.8 21145.8 27 20 1 
176 115 10 12351.2 1711.47 1639.7 21145.8 27 20 1 
180 118 10 12172.1 1534.56 1637.57 20963.8 27 20 1 
182 120 10 12381.1 1748.04 1633.07 21495.5 27 20 1 
185 122 10 12480.8 1855.32 1625.52 21689.4 27 20 1 
187 123 10 12358.6 1749.6 1608.98 21235.1 26 20 1 
188 123 10 12179.5 1572.73 1606.82 21053.1 26 20 1 
193 127 10 12273.1 1668.13 1604.99 21168.4 26 20 1 
196 129 10 12435 1848.3 1586.69 22146 26 20 1 
198 130 10 12342.8 1760.91 1581.91 22146 26 20 1 
199 131 10 12435 1854.54 1580.45 22146 26 20 1 
201 132 10 12434.8 1854.54 1580.24 22149.8 26 20 1 
206 136 10 12529.4 1961.83 1567.6 22339.1 26 20 1 
207 137 10 11973.5 1412.14 1561.32 22149.8 26 20 1 
210 138 10 12522.4 1961.83 1560.6 22604.7 26 10 1 
214 141 10 12061.1 1519.43 1541.68 22604.7 26 10 1 
216 143 10 12061 1519.43 1541.59 22601.2 26 10 1 
253 170 10 11942.5 1424.28 1518.23 21833.4 25 10 1 
260 175 10 11942.5 1441.56 1500.95 21833.4 25 10 1 
302 205 10 11942.5 1477.16 1465.35 21833.4 25 0 0 
307 208 10 11942.5 1482.21 1460.3 21833.4 25 0 0 
330 224 10 11942.1 1482.21 1459.87 21550.7 25 0 0 
352 240 10 11942.1 1486.87 1455.2 21550.7 25 0 0 
360 245 10 11796.9 1343.01 1453.84 19931.6 25 0 0 
361 246 10 11846.7 1393.16 1453.57 20420.9 25 0 0 
382 260 10 11810.5 1360.04 1450.43 20312.1 25 0 0 
439 298 10 11737.3 1320.82 1416.49 19966.6 24 0 0 
441 299 10 11734.8 1320.82 1413.94 20279.1 24 0 0 
444 302 10 11733.7 1320.82 1412.9 20274.1 24 0 0 
448 305 10 11733.6 1320.82 1412.79 20265.6 24 0 0 
461 315 10 11769.7 1357.32 1412.41 20073.6 24 0 0 
481 328 10 11761 1348.74 1412.29 20539.8 24 0 0 
484 330 10 11672.4 1262.47 1409.93 19469.2 23 0 0 
489 334 10 11758.2 1356.94 1401.25 19662.6 23 0 0 
516 353 10 11758.2 1366.17 1392.02 19662.6 23 0 0 
533 364 10 11668.4 1277.36 1391.04 19426.8 22 0 0 
539 369 10 11668.4 1278.53 1389.87 19426.8 22 0 0 
634 435 10 11668.4 1288.53 1379.87 19426.8 22 0 0 
665 457 10 11667.4 1288.53 1378.83 19333.2 22 0 0 
674 463 10 11561.2 1197.06 1364.12 17104.7 20 0 0 
684 470 10 11857.9 1504.75 1353.18 16763.9 19 0 0 
694 477 10 11640.8 1290.76 1350.04 15073.8 17 0 0 
720 496 10 11633.9 1290.76 1343.12 14087.7 17 0 0 
737 508 10 11567.4 1246.48 1320.95 12720.7 17 0 0 
745 514 10 11559.4 1246.48 1312.95 12732.5 17 0 0 
748 516 10 11532.7 1246.48 1286.23 12693.7 17 0 0 
754 520 10 11437.8 1152.25 1285.59 11911 16 0 0 
757 523 10 11491.5 1208.6 1282.92 11911 16 0 0 
761 525 10 11491.5 1208.6 1282.91 11789 16 0 0 
763 527 10 11543.5 1262.21 1281.3 11789 16 0 0 
763 527 10 11488 1208.6 1279.36 11845.1 16 0 0 
765 528 10 11361.8 1083.67 1278.14 11013.3 15 0 0 
770 532 10 11358.9 1083.67 1275.19 11016.5 15 0 0 
785 542 10 11358.7 1083.67 1275.01 11022.7 15 0 0 
830 574 10 11410.7 1137.28 1273.4 11022.7 15 0 0 
906 630 10 11409 1137.28 1271.71 11017.5 15 0 0 
911 634 10 11408.7 1137.28 1271.45 11017.4 15 0 0 
1081 760 10 11408.7 1139.65 1269.08 11116.9 15 0 0 
1082 761 10 11428.4 1161.19 1267.25 11277.9 15 0 0 
1106 779 10 11530.1 1264.13 1265.99 11471 15 0 0 
1169 824 10 11529.5 1264.13 1265.35 11453.8 15 0 0 
1185 835 10 11529.5 1264.13 1265.33 11460.6 15 0 0 
1307 924 10 11555.6 1296.05 1259.55 11460.6 15 0 0 
1340 949 10 11555.6 1297.36 1258.24 11460.6 15 0 0 
1369 970 10 11465.4 1207.32 1258.11 10222.5 15 0 0 
1386 983 10 11558.4 1318.56 1239.82 10610.6 15 0 0 
2003 1439 10 11462.6 1226.56 1236.02 10125.9 14 0 0 
2003 1440 10 11368.3 1136.12 1232.19 9417.88 14 0 0 
2022 1453 10 11352.7 1136.12 1216.57 9083.88 13 0 0 
2038 1464 10 11244.1 1042.5 1201.64 8200.34 12 0 0 
2311 1653 10 11209.5 1007.99 1201.51 8096.45 12 0 0 
2381 1704 10 11137.4 942.903 1194.53 7434.9 11 0 0 
2758 1962 10 11137.4 943.222 1194.21 7307.46 11 0 0 
4031 2884 10 11188.5 1043.37 1145.18 7988.58 11 0 0 
4114 2945 10 10901.1 774.701 1126.42 6298.04 11 0 0 
4115 2946 10 10901.1 777.729 1123.39 6040.76 11 0 0 
4117 2948 10 10822.9 709.91 1112.95 5422.76 10 0 0 
4222 3026 10 10822.9 711.105 1111.75 5422.76 10 0 0 
4501 3232 10 10822.9 711.583 1111.28 5422.76 10 0 0 
