0 0 10 18384.1 5357.63 4026.51 157006 92 760 3 
2 1 10 15733.2 3675.61 3057.61 64721.3 51 430 5 
3 2 10 15641.6 3718.48 2923.11 60126.8 50 340 4 
5 3 10 15544 3623.87 2920.14 57276 49 340 4 
5 3 10 15448.2 3561.41 2886.8 64634.1 49 310 3 
6 4 10 15250.3 3385.34 2864.95 59538 48 260 3 
7 4 10 15068.4 3357.46 2710.91 59272.8 47 260 3 
7 4 10 14800.1 3215.73 2584.34 46345.6 46 210 3 
9 6 10 14641 3101.23 2539.72 44089.7 45 190 3 
10 7 10 14494.2 2983.54 2510.69 42886.2 44 190 3 
10 7 10 13962.6 2518.72 2443.88 36782.9 42 190 3 
11 8 10 13746.7 2438.71 2308.01 34981.9 41 170 3 
14 10 10 13651 2348.49 2302.55 33260.6 40 150 3 
14 10 10 13651 2391.81 2259.22 33439.3 39 150 3 
14 11 10 13550.3 2301.81 2248.49 32014.6 38 150 3 
15 12 10 13540.9 2303.37 2237.56 32013.4 38 150 3 
16 12 10 13447.4 2214.44 2232.93 31536.2 38 150 3 
16 12 10 13321.4 2099.04 2222.35 30163.5 38 150 3 
16 13 10 13320.2 2099.04 2221.17 30158.1 38 150 3 
18 14 10 13397.4 2210.39 2187.02 30192.6 36 140 3 
18 14 10 13444.7 2287.38 2157.33 30230 36 130 3 
20 15 10 13349.8 2195.91 2153.86 29602.3 35 130 3 
21 16 10 13258.4 2105.47 2152.96 28296 34 100 2 
22 17 10 13253.7 2105.47 2148.2 28248.5 34 100 2 
22 18 10 13244.4 2105.47 2138.94 28174.4 34 100 2 
25 20 10 13243.9 2105.47 2138.45 28171.5 34 100 2 
26 21 10 13235 2122.32 2112.66 28387.7 34 100 3 
26 21 10 13234.5 2122.32 2112.18 28335.8 34 100 3 
26 21 10 13217.1 2107.59 2109.5 28116.3 33 100 3 
30 25 10 13215 2107.59 2107.36 28099.9 33 100 3 
32 26 10 13121.9 2035.72 2086.16 26855.8 33 90 4 
34 28 10 12983.5 1960.13 2023.42 26138.3 32 80 3 
34 28 10 12931.3 1960.13 1971.13 25419.1 32 70 3 
45 38 10 12931.3 1963.59 1967.66 25419.1 32 70 3 
45 38 10 12931.3 1966.81 1964.45 25419.1 32 70 3 
46 39 10 12926.1 1966.81 1959.27 25408.7 32 70 3 
54 46 10 12926.1 1970.44 1955.63 25408.7 32 70 3 
56 48 10 12924.3 1970.44 1953.9 24782 32 60 3 
58 49 10 12923.7 1970.44 1953.23 24783.3 32 60 3 
64 55 10 12923.1 1970.44 1952.65 24781 32 60 3 
64 55 10 12832 1939.4 1892.6 24373.9 32 60 3 
65 56 10 12788.4 1898.36 1890.03 24199.4 32 60 3 
67 57 10 12782.1 1898.36 1883.74 24212.6 32 60 3 
69 60 10 12781.3 1898.36 1882.94 24207.6 32 60 3 
70 61 10 12778.6 1898.36 1880.24 24231.2 32 60 3 
75 65 10 12773.7 1898.36 1875.3 23963.2 32 60 3 
76 66 10 12771.6 1897.04 1874.57 24224.3 32 60 3 
77 67 10 12555.5 1720.48 1834.99 22817.8 31 60 3 
80 69 10 12552.4 1720.48 1831.91 22810.5 31 60 3 
80 70 10 12551.2 1720.48 1830.74 22939.6 31 60 3 
81 70 10 12550.5 1720.48 1830.06 22940.9 31 60 3 
83 72 10 12501.3 1672.65 1828.69 22664 31 60 3 
85 74 10 12548.7 1724.71 1823.96 23096 31 60 3 
86 75 10 12571.1 1771.19 1799.92 23140.9 31 60 3 
88 76 10 12449.5 1679.29 1770.19 22037 30 60 2 
94 82 10 12424.5 1655.54 1768.93 21909.2 30 60 2 
98 85 10 12376.4 1614.34 1762.03 21171.1 29 60 2 
98 85 10 12481.6 1721.18 1760.41 22619.8 28 50 3 
99 86 10 12524.7 1788.41 1736.26 23265.6 28 50 3 
99 86 10 12523.4 1788.41 1734.99 23263 28 50 3 
104 90 10 12595 1869.84 1725.16 23906.4 28 50 3 
105 91 10 12639.9 1955.69 1684.18 24084.9 28 50 3 
106 92 10 12637.9 1955.69 1682.24 24075.5 28 50 3 
106 92 10 12655.5 1999.62 1655.92 23113.9 28 30 2 
108 94 10 12552.3 1897.71 1654.63 22830.5 28 30 2 
118 102 10 12552.3 1904.99 1647.36 22830.5 28 30 2 
118 103 10 12540.1 1904.99 1635.1 22788 28 30 2 
120 105 10 12537.5 1904.99 1632.48 22795.7 28 30 2 
122 106 10 12480 1865.32 1614.72 21790.7 27 20 2 
122 106 10 12426.8 1818.32 1608.45 22048.7 27 10 1 
123 107 10 12424.3 1818.32 1605.98 22038.3 27 10 1 
127 111 10 12420.6 1818.32 1602.3 22022.9 27 10 1 
130 113 10 12417.1 1818.32 1598.81 22009.8 27 10 1 
147 128 10 12368.6 1813.89 1554.69 20455.5 27 10 1 
150 131 10 12274.8 1723.89 1550.94 19671.2 26 10 1 
151 132 10 12274.8 1724.15 1550.69 19671.2 26 10 1 
151 132 10 12266.2 1726.03 1540.14 19495.5 26 10 1 
163 143 10 12252 1726.03 1526 19920.2 26 10 1 
168 148 10 12162.7 1637.51 1525.22 18399.9 25 10 1 
169 149 10 12162.4 1637.51 1524.84 18402.9 25 10 1 
170 150 10 12152.1 1660.08 1492.05 19025.8 25 10 1 
172 151 10 12151.7 1660.08 1491.67 19028.9 25 10 1 
180 159 10 12151.7 1697.6 1454.15 19028.9 25 10 1 
188 166 10 12062.4 1609.08 1453.36 17508.6 24 10 1 
205 181 10 11966.7 1515.88 1450.77 16483.1 23 10 1 
208 184 10 11962.7 1515.88 1446.77 16467.1 23 10 1 
224 199 10 11954.6 1515.88 1438.69 16468.6 23 10 1 
228 203 10 11954.6 1534.93 1419.64 16468.6 23 10 1 
234 209 10 11874.9 1457.93 1416.95 16097.9 23 10 1 
247 220 10 11850.7 1442.16 1408.49 15885 23 0 0 
258 230 10 11788.2 1442.16 1346.04 15719.6 23 0 0 
260 233 10 11729.2 1390.54 1338.71 14935.8 22 0 0 
273 245 10 11726.1 1390.54 1335.57 14882.5 22 0 0 
306 277 10 11674.2 1339.59 1334.63 15313.9 22 0 0 
315 287 10 11671.7 1339.59 1332.1 15312.2 22 0 0 
316 288 10 11668.9 1339.59 1329.28 14381.1 21 0 0 
316 288 10 11666.3 1339.59 1326.75 14379.4 21 0 0 
321 292 10 11575.2 1249.29 1325.87 13177.9 21 0 0 
330 301 10 11575 1249.29 1325.75 13132.9 21 0 0 
341 312 10 11575 1250.96 1324.08 13219.8 21 0 0 
351 321 10 11666.8 1342.74 1324.03 14467.5 21 0 0 
354 325 10 11575 1250.96 1324.01 13180.6 21 0 0 
357 327 10 11569.9 1249.29 1320.6 13078.9 21 0 0 
374 344 10 11569.9 1250.96 1318.93 13165.7 21 0 0 
411 379 10 11620.1 1329.14 1290.96 13136.3 21 0 0 
415 382 10 11543 1252.14 1290.89 13136.3 21 0 0 
422 389 10 11510.4 1224.11 1286.33 12510.9 21 0 0 
442 408 10 11394.4 1119.49 1274.88 11933.2 20 0 0 
452 416 10 11394.2 1119.49 1274.66 11928.3 20 0 0 
503 463 10 11394.2 1125.97 1268.18 11928.3 20 0 0 
506 467 10 11482.1 1215.64 1266.51 12121.5 20 0 0 
506 467 10 11479.9 1215.64 1264.27 12275.6 20 0 0 
520 479 10 11479.8 1215.64 1264.18 12279.2 20 0 0 
529 488 10 11386.4 1124.54 1261.83 11392.9 19 0 0 
544 501 10 11239.2 981.727 1257.44 9639.84 17 0 0 
571 528 10 11169.5 912.581 1256.96 9199.13 17 0 0 
574 531 10 11026.8 805.921 1220.85 8766.33 17 0 0 
592 548 10 11232 1012.94 1219.09 10041.7 17 0 0 
601 557 10 11140.5 921.463 1219.05 8947.86 15 0 0 
661 615 10 11164.3 973.619 1190.7 8947.86 15 0 0 
701 653 10 11163.9 973.619 1190.28 9313.43 15 0 0 
729 681 10 11161.9 973.619 1188.29 9943.13 15 0 0 
731 683 10 11147.9 973.619 1174.3 9499.44 15 0 0 
736 688 10 11143.1 973.619 1169.51 9493.16 15 0 0 
743 695 10 11142.8 973.619 1169.16 9494.43 15 0 0 
771 721 10 11138.2 969.426 1168.75 9354.73 14 0 0 
783 732 10 11190.2 1022.33 1167.85 9198.73 14 0 0 
853 802 10 11189.5 1022.33 1167.17 9562.08 14 0 0 
853 802 10 11139.5 979.888 1159.57 8790.98 14 0 0 
864 813 10 11018.2 885.651 1132.58 7886.2 13 0 0 
877 825 10 10893.1 794.217 1098.87 6718.71 12 0 0 
892 840 10 10848.7 750.79 1097.89 7114.39 11 0 0 
913 861 10 10846.9 750.79 1096.1 7123.41 11 0 0 
916 863 10 10794.8 700.279 1094.5 6900.02 10 0 0 
1014 959 10 10796.2 723.004 1073.15 6997.76 10 0 0 
1032 976 10 10796.2 741.318 1054.83 6955.61 10 0 0 
1036 980 10 10796.2 744.41 1051.74 6880.13 10 0 0 
1041 985 10 10867.9 816.516 1051.39 7160.26 10 0 0 
1046 990 10 10776.1 726.516 1049.59 6201.22 9 0 0 
1054 997 10 10740.6 725.314 1015.25 6255.5 9 0 0 
1056 999 10 10740.6 726.876 1013.69 6255.5 9 0 0 
1059 1002 10 10737 726.876 1010.1 6257.87 9 0 0 
1062 1004 10 10724.6 726.876 997.755 6362.8 9 0 0 
1072 1014 10 10722.8 726.876 995.881 6363.28 9 0 0 
1072 1014 10 10655 659.918 995.043 5405.63 8 0 0 
1078 1020 10 10466.3 472.764 993.543 4120.91 7 0 0 
1095 1038 10 10453 464.166 988.794 3799.44 7 0 0 
1098 1042 10 10399.7 414.174 985.49 3381.68 6 0 0 
1116 1058 10 10399.7 414.192 985.472 3381.68 6 0 0 
1186 1130 10 10365.1 391.914 973.169 3312.1 6 0 0 
1192 1136 10 10363.5 391.914 971.621 3492.99 6 0 0 
1314 1259 10 10365.1 395.917 969.167 3467.74 5 0 0 
1321 1266 10 10512.1 549.937 962.146 3559.64 5 0 0 
1325 1270 10 10391.7 459.689 932.001 3313.52 5 0 0 
1557 1511 10 10389.3 459.689 929.637 3410.59 5 0 0 
1648 1604 10 10411.9 507.543 904.387 3327.51 5 0 0 
1667 1623 10 10311.7 417.436 894.289 2538.44 4 0 0 
1671 1627 10 10221.6 327.436 894.167 1664.67 3 0 0 
1674 1630 10 10122.4 233.304 889.111 1071.9 2 0 0 
4323 4356 10 10117.6 233.125 884.496 1040.49 2 0 0 
4326 4360 10 10048.5 169.799 878.685 295.491 1 0 0 
