Agent: 0ids: 34 1 42 49 43 16 12 29 6 13 22 2 31 14 45 26 36 25 46 17 4 0 38 15 32 9 
Agent: 1ids: 12 34 35 0 40 48 30 38 41 33 47 21 20 16 44 39 37 11 46 13 29 45 28 1 15 49 7 22 31 4 36 19 8 9 5 14 18 27 
Agent: 2ids: 47 42 12 31 22 32 4 49 39 28 15 1 33 14 41 3 13 45 6 40 7 27 17 16 11 44 37 34 10 21 0 9 36 25 35 20 29 19 30 
Agent: 3ids: 20 
Agent: 4ids: 25 10 17 13 7 34 2 37 14 21 42 35 36 1 23 8 12 32 5 0 9 39 6 40 43 24 3 4 15 29 30 22 19 47 33 49 44 
Agent: 5ids: 40 47 31 33 34 37 49 17 30 44 12 5 27 4 28 15 26 35 39 11 8 13 9 36 22 19 23 32 45 43 42 38 14 2 48 29 21 25 1 41 3 46 
Agent: 6ids: 22 40 49 18 14 17 9 46 10 37 27 29 47 28 34 15 20 8 36 13 4 35 44 24 0 41 19 39 32 33 21 16 42 43 11 23 7 26 1 31 12 5 25 6 48 30 45 2 3 
Agent: 7ids: 11 2 25 36 12 23 41 22 42 43 38 31 7 3 48 16 20 34 19 17 32 1 35 28 30 0 29 39 46 10 33 27 4 18 9 26 40 45 24 44 5 6 14 15 49 8 
Agent: 8ids: 42 11 2 33 1 23 12 47 10 29 17 31 28 4 18 26 32 5 7 
Agent: 9ids: 41 28 21 19 11 3 22 27 47 25 10 5 33 9 35 2 8 34 13 14 42 0 24 45 23 6 37 30 44 1 48 26 36 29 4 12 18 7 15 
Agent: 10ids: 2 4 24 1 27 5 17 19 36 29 39 26 10 42 32 0 28 48 49 40 34 20 22 41 37 25 44 12 33 7 46 11 47 3 9 45 15 18 43 38 16 6 31 30 
Agent: 11ids: 38 40 26 17 47 3 27 15 21 10 43 41 29 23 45 36 24 6 31 5 42 18 33 35 0 44 49 13 39 46 14 11 22 34 7 2 28 1 16 8 37 
Agent: 12ids: 7 23 19 45 27 29 48 8 2 4 
Agent: 13ids: 47 29 0 13 11 17 3 28 37 44 48 27 5 45 34 7 4 46 41 20 9 40 18 10 2 32 6 1 26 14 35 8 16 42 23 33 31 
Agent: 14ids: 25 4 35 10 31 36 46 28 19 48 18 38 1 26 47 16 40 43 23 6 41 3 12 33 34 13 14 15 11 8 9 37 22 30 2 45 42 7 24 20 0 21 32 
Agent: 15ids: 12 41 47 24 39 1 11 42 33 2 10 31 4 27 45 36 18 19 14 28 9 16 29 30 13 7 44 8 17 6 5 20 15 48 
Agent: 16ids: 11 6 1 20 45 17 9 39 31 32 12 29 
Agent: 17ids: 35 24 42 20 45 1 12 28 46 21 34 39 6 9 2 16 41 3 25 
Agent: 18ids: 5 16 0 40 12 1 26 2 23 38 4 31 47 11 8 6 22 18 43 39 42 30 3 36 10 24 35 34 14 25 33 
Agent: 19ids: 10 39 35 31 
Agent: 20ids: 24 14 41 13 42 38 39 3 20 23 17 44 22 18 5 29 33 21 7 6 
Agent: 21ids: 40 2 20 47 41 48 31 34 6 39 16 
Agent: 22ids: 1 10 11 38 32 25 31 12 43 14 30 41 42 22 44 9 
Agent: 23ids: 35 27 20 25 0 5 30 8 4 43 2 
Agent: 24ids: 2 38 
Agent: 25ids: 13 40 15 43 21 14 36 1 41 20 26 30 46 12 28 3 47 2 6 49 37 33 48 17 39 34 11 24 
Agent: 26ids: 13 44 5 41 36 35 46 32 22 48 34 30 19 2 6 10 21 15 11 23 43 27 38 39 29 42 8 
Agent: 27ids: 40 1 48 6 17 45 38 5 13 43 42 15 18 22 14 2 32 29 30 4 47 20 10 28 26 25 7 19 3 49 31 8 27 36 44 12 23 0 46 16 21 24 39 33 34 11 
Agent: 28ids: 49 41 33 16 19 34 20 29 22 10 11 48 2 32 9 
Agent: 29ids: 16 2 15 1 34 46 20 35 17 32 8 9 21 48 13 33 43 36 30 44 
Agent: 30ids: 39 13 44 0 
Agent: 31ids: 11 34 25 46 
Agent: 32ids: 49 28 1 41 11 12 8 23 39 13 19 17 34 9 14 2 40 16 10 20 44 36 6 45 24 32 43 31 21 37 3 30 48 46 0 42 15 22 33 35 38 5 7 26 47 4 27 
Agent: 33ids: 1 32 15 3 39 48 9 36 42 33 14 26 28 24 25 49 19 18 44 34 17 13 45 46 5 11 35 2 0 41 10 40 37 43 22 12 47 16 7 23 31 38 
Agent: 34ids: 4 36 24 0 30 34 1 18 28 26 42 33 16 2 8 27 31 19 40 37 22 12 11 6 44 38 
Agent: 35ids: 24 16 38 22 44 18 14 43 20 39 3 2 12 0 40 26 49 33 11 1 27 4 32 19 10 28 30 5 36 15 31 8 42 45 
Agent: 36ids: 13 41 0 35 7 24 32 25 15 36 21 49 46 38 23 9 40 42 28 1 27 37 5 16 39 
Agent: 37ids: 11 3 15 1 14 9 33 25 16 38 24 37 7 43 10 41 26 32 20 29 28 5 0 21 49 6 17 31 27 46 13 19 35 2 48 30 36 40 23 12 47 
Agent: 38ids: 8 26 36 2 4 
Agent: 39ids: 13 27 20 15 32 8 48 6 28 44 22 38 5 17 31 16 37 0 47 18 46 9 36 30 39 4 26 7 3 33 49 34 2 41 10 21 29 19 11 25 
Agent: 40ids: 25 35 17 34 31 6 23 42 28 5 13 30 1 10 3 40 46 21 14 20 19 49 48 2 45 11 37 12 18 41 44 26 22 4 15 
Agent: 41ids: 27 44 26 
Agent: 42ids: 19 1 46 45 10 12 14 24 39 41 42 33 4 0 27 16 18 44 28 23 25 35 7 3 
Agent: 43ids: 37 9 7 35 29 14 11 19 13 12 
Agent: 44ids: 19 11 7 18 12 27 5 29 30 9 38 4 45 23 21 35 47 46 28 20 3 14 32 34 16 15 
Agent: 45ids: 6 22 21 12 28 30 15 47 20 0 33 34 8 38 32 19 23 13 17 36 49 39 44 14 
Agent: 46ids: 10 9 40 46 25 49 39 37 3 15 27 5 13 2 29 36 6 22 19 45 21 8 38 48 1 42 47 26 12 23 41 33 0 31 44 24 30 32 
Agent: 47ids: 39 30 33 45 36 10 34 29 6 47 41 15 
Agent: 48ids: 36 42 34 43 22 4 7 24 14 26 18 19 16 39 44 6 33 28 11 10 37 23 17 5 29 
Agent: 49ids: 25 44 49 22 41 46 10 29 4 43 3 38 6 28 40 27 39 9 32 16 21 35 0 14 42 18 20 30 34 11 37 7 36 5 15 8 31 23 
0 0 10 18652.2 5594.75 4057.41 111369 94 530 4 
0 0 10 15841.9 3397.8 3444.13 80157.8 51 400 2 
1 0 10 15784.4 3397.8 3386.56 78832.6 51 400 2 
1 0 10 15652.7 3315.7 3337 76013.6 50 390 2 
2 1 10 15238.8 3112.73 3126.05 72220.2 48 360 2 
2 1 10 15233.5 3112.73 3120.77 73327.8 48 360 2 
3 2 10 15064.4 3055.24 3009.14 69463.2 47 360 2 
4 2 10 15058 3053.59 3004.37 69480.2 47 360 2 
5 3 10 14770.9 2861.38 2909.5 55356.7 46 270 3 
5 3 10 14658.5 2759.72 2898.74 52573.6 45 260 3 
6 4 10 14740.2 2894.54 2845.65 51296.2 44 200 3 
7 5 10 14714 2904.02 2809.95 51025.9 44 190 3 
7 5 10 14713.3 2904.02 2809.3 51009.7 44 190 3 
8 6 10 14750.7 2996.38 2754.34 50385.3 44 190 3 
8 6 10 14615.6 2905.41 2710.2 50034.6 44 190 3 
8 6 10 14585.2 2905.41 2679.83 49875.2 44 190 3 
8 6 10 14486.2 2812.63 2673.59 47978.3 44 190 3 
9 6 10 14368.9 2719.19 2649.69 45328.8 43 170 3 
9 7 10 14365.9 2719.19 2646.67 45321.1 43 170 3 
10 8 10 14365.9 2729.19 2636.67 45321.1 43 170 3 
11 8 10 14354.6 2721.19 2633.43 44444.8 43 150 3 
13 10 10 14353.7 2721.19 2632.49 44447 43 150 3 
14 11 10 14332.1 2709.41 2622.67 44262.4 42 150 3 
15 12 10 14302.3 2709.41 2592.88 44262.4 42 150 3 
15 12 10 14287.9 2737.76 2550.19 43903.5 42 130 4 
15 12 10 14287 2737.76 2549.24 43899.7 42 130 4 
16 13 10 14281.9 2737.76 2544.09 43959.2 42 130 4 
16 13 10 14360.2 2844.99 2515.2 43711.8 42 120 3 
21 17 10 14265.1 2771.55 2493.54 43711.8 42 120 3 
27 23 10 14231.5 2771.71 2459.75 42539.1 42 120 2 
27 23 10 14148.7 2721.42 2427.27 40157.6 42 120 3 
29 24 10 14147.7 2721.42 2426.27 40142.7 42 120 3 
35 30 10 14145.3 2721.42 2423.92 40210.7 42 120 3 
36 31 10 14134.2 2721.42 2412.8 39388.6 42 120 4 
41 35 10 13624.5 2334.97 2289.58 33378.7 38 110 2 
43 37 10 13606.2 2334.97 2271.28 33257.2 38 110 2 
45 38 10 13606.2 2334.97 2271.19 33231.9 38 110 2 
46 39 10 13506.3 2264.21 2242.07 31270.9 38 100 2 
49 41 10 13491.1 2259.44 2231.64 31294.6 37 90 2 
51 44 10 13489.9 2259.44 2230.46 31292.1 37 90 2 
52 44 10 13279.8 2201.4 2078.38 28365.1 36 80 3 
52 45 10 13164.4 2104.13 2060.31 27624.3 35 70 2 
53 45 10 13138.7 2104.13 2034.52 27577.4 35 70 2 
54 46 10 13010.4 2005.57 2004.86 26386.4 34 70 2 
54 46 10 13008.4 2005.57 2002.84 25091.3 34 50 2 
55 47 10 13007.8 2005.57 2002.19 25087.9 34 50 2 
56 48 10 13006.9 2005.57 2001.33 25092.7 34 50 2 
57 48 10 12991.6 2005.57 1986.08 25294.3 34 40 1 
57 49 10 12991.6 2010.33 1981.31 25294.3 34 40 1 
57 49 10 12991.6 2010.33 1981.31 25291.3 34 40 1 
58 49 10 12990.8 2011.73 1979.04 25461 34 40 1 
58 50 10 13001.8 2028.16 1973.66 25479.4 34 40 1 
60 52 10 13001.3 2028.16 1973.13 25489.9 34 40 1 
61 52 10 12977.9 2017.65 1960.22 25223.2 34 40 1 
62 53 10 12976 2017.65 1958.31 25223.4 34 40 1 
63 54 10 12746 1830.71 1915.28 24195 33 20 1 
65 56 10 12731 1830.71 1900.25 24101.9 33 20 1 
67 58 10 12731 1846.31 1884.72 24116 33 20 1 
69 60 10 12662 1796.42 1865.57 22956.2 32 20 1 
73 64 10 12406.5 1627.15 1779.32 18323.9 28 10 1 
75 66 10 12405.8 1627.15 1778.63 18338.8 28 10 1 
78 68 10 12404.9 1627.15 1777.76 18343.6 28 10 1 
84 73 10 12239 1490.64 1748.37 17664.3 27 10 1 
84 74 10 12238.7 1490.64 1748.08 17674.2 27 10 1 
87 76 10 12277.6 1540.85 1736.71 17167 27 0 0 
93 82 10 12277.2 1540.85 1736.38 17183.4 27 0 0 
95 84 10 12220.1 1485.01 1735.08 16361.6 26 0 0 
96 85 10 12220.1 1518.43 1701.66 16520.3 26 0 0 
97 86 10 12218.2 1518.43 1699.74 16509.2 26 0 0 
100 88 10 11951.9 1286.46 1665.49 15590.9 26 0 0 
104 92 10 11828.2 1256.8 1571.45 15909 24 0 0 
108 95 10 11963.4 1395.85 1567.54 15898.6 23 0 0 
116 103 10 11860.8 1301.18 1559.63 15211.9 23 0 0 
120 106 10 11730.7 1172.07 1558.64 15211.9 23 0 0 
123 109 10 11704.9 1172.07 1532.83 15442.5 23 0 0 
123 109 10 11703.1 1172.07 1530.99 15431 23 0 0 
129 114 10 11660.1 1147.71 1512.36 14895.6 23 0 0 
131 115 10 11628 1127.66 1500.33 14487 22 0 0 
132 117 10 11594.3 1096.99 1497.33 14023.1 22 0 0 
139 122 10 11497.2 1017.35 1479.9 13673.9 21 0 0 
161 142 10 11495.8 1017.35 1478.41 13122.4 21 0 0 
176 157 10 11394 926.631 1467.34 12585.1 21 0 0 
189 170 10 11435.5 969.246 1466.21 12585.1 21 0 0 
204 184 10 11478.9 1012.91 1466.02 12213.9 21 0 0 
204 184 10 11579.1 1129.48 1449.65 12427.5 21 0 0 
208 188 10 11504.7 1064.25 1440.43 11433.3 21 0 0 
242 222 10 11504.7 1068.86 1435.82 11433.3 21 0 0 
261 242 10 11534.6 1120.14 1414.42 11656 21 0 0 
262 242 10 11532.1 1120.14 1411.93 12009 21 0 0 
262 242 10 11412.4 1029.55 1382.9 11144.4 20 0 0 
269 249 10 11409.6 1029.55 1380.08 11129.1 20 0 0 
285 264 10 11392.9 1029.55 1363.36 11535.5 20 0 0 
327 305 10 11439.3 1077.12 1362.17 11535.5 20 0 0 
329 307 10 11346.6 985.506 1361.11 10584.6 20 0 0 
330 308 10 11346.6 986.282 1360.34 10800.4 20 0 0 
342 319 10 11345.5 986.282 1359.23 10467.4 20 0 0 
347 325 10 11344.6 986.282 1358.29 10460.4 20 0 0 
432 407 10 11438 1084.68 1353.27 10727.7 19 0 0 
474 449 10 11337.8 994.661 1343.09 10213.5 19 0 0 
510 485 10 11333.7 991.505 1342.21 10422.2 19 0 0 
522 497 10 11333.7 993.139 1340.57 10420.5 19 0 0 
602 576 10 11307 966.707 1340.28 9971.66 19 0 0 
604 578 10 11214.2 875.383 1338.77 9052.37 19 0 0 
611 585 10 11117.6 804.004 1313.62 8658.28 19 0 0 
612 586 10 11047.7 736.846 1310.9 8457.34 19 0 0 
635 609 10 11038.1 736.846 1301.22 8418.85 19 0 0 
724 692 10 11108.2 807.654 1300.5 9195.52 19 0 0 
737 704 10 11108.1 807.654 1300.43 9201.96 19 0 0 
741 707 10 11072.3 776.544 1295.8 9199.9 19 0 0 
743 709 10 11100.3 807.654 1292.61 9201.96 19 0 0 
743 710 10 11297.8 1019.46 1278.33 9756.08 19 0 0 
753 720 10 11297.6 1019.46 1278.18 9755.59 19 0 0 
757 724 10 11295.3 1019.46 1275.8 9750.82 19 0 0 
759 726 10 11293.2 1019.46 1273.73 9742.14 19 0 0 
798 765 10 11201.3 929.368 1271.92 9215.1 18 0 0 
811 778 10 11015.7 750.214 1265.52 8189.42 17 0 0 
861 829 10 10949.6 684.493 1265.08 7724.45 17 0 0 
866 834 10 10947.2 683.493 1263.69 8085.54 17 0 0 
877 845 10 10875.8 615.929 1259.91 7546.74 15 0 0 
881 850 10 10875.3 615.929 1259.35 7549.72 15 0 0 
901 871 10 10867.5 615.929 1251.52 7549.72 15 0 0 
911 881 10 10867.1 615.929 1251.14 7621.12 15 0 0 
981 950 10 11088.6 874.797 1213.76 8947.68 15 0 0 
1002 970 10 11075.3 862.698 1212.57 8947.68 15 0 0 
1117 1088 10 11073.8 897.912 1175.92 8947.68 15 0 0 
1192 1163 10 11033.2 859.572 1173.65 8866.47 15 0 0 
1247 1220 10 11055.6 904.393 1151.23 8866.47 15 0 0 
1364 1339 10 10956.4 812.965 1143.46 7980.14 14 0 0 
1384 1360 10 10943.6 801.161 1142.46 8063.07 14 0 0 
1469 1447 10 10837.8 698.016 1139.82 7050.44 13 0 0 
1488 1465 10 10800.6 698.016 1102.63 7130.41 13 0 0 
1516 1495 10 10818.7 746.155 1072.54 7478.38 13 0 0 
1537 1517 10 10724.7 653.743 1070.96 6681.58 12 0 0 
1539 1519 10 10724.7 655.208 1069.49 6679.93 12 0 0 
1552 1532 10 10800 731.574 1068.4 6595.45 12 0 0 
1556 1536 10 10721.6 655.208 1066.38 5753.36 12 0 0 
2103 2098 10 10722 656.513 1065.53 5447.32 12 0 0 
2117 2112 10 10718.7 658.269 1060.45 5614.56 12 0 0 
2144 2138 10 10650.4 593.146 1057.26 5218.17 11 0 0 
2347 2333 10 10851.6 795.031 1056.61 6678.44 11 0 0 
