0 0 19 6084.94 1342.58 3742.36 19717.2 88 73 1 
0 0 19 4975.41 1065.35 2910.06 9447.05 43 19 2 
1 0 19 4921.85 1029.57 2892.27 8812.47 41 14 1 
4 1 19 4821 1117.8 2703.21 7369.91 40 0 0 
5 2 19 4808.12 1104.97 2703.16 7268.29 39 0 0 
7 3 19 4733.15 1076.16 2656.98 6970.62 39 0 0 
7 3 19 4743.18 1098.24 2644.94 7115.53 39 0 0 
8 4 19 4692.82 1138.92 2553.9 7009.24 39 0 0 
8 4 19 4678.84 1151 2527.84 6929.21 39 0 0 
9 5 19 4663.65 1153.82 2509.83 6909.97 39 0 0 
10 5 19 4663.65 1158.62 2505.03 6845.21 38 0 0 
10 6 19 4629.24 1194.97 2434.27 6788.9 37 0 0 
11 6 19 4613.64 1228.43 2385.21 6785.84 37 0 0 
13 8 19 4613.64 1231.81 2381.84 6785.84 37 0 0 
13 8 19 4556.23 1194.42 2361.8 6405.15 36 0 0 
14 9 19 4554.7 1194.42 2360.28 6461.35 36 0 0 
15 9 19 4456.72 1130.43 2326.29 5317.09 35 0 0 
15 10 19 4431.93 1129.84 2302.09 5233.37 34 0 0 
17 11 19 4439.38 1156.25 2283.13 5257.63 34 0 0 
17 11 19 4395.07 1121.94 2273.13 5153.94 34 0 0 
18 12 19 4408.28 1166.6 2241.67 5395.55 34 0 0 
21 14 19 4355.64 1132.4 2223.24 5132.56 34 0 0 
22 15 19 4375.72 1166.6 2209.12 5232.66 34 0 0 
22 16 19 4390.92 1211.28 2179.65 5274.22 34 0 0 
23 16 19 4390.92 1223.73 2167.19 5274.22 34 0 0 
26 19 19 4383.26 1222.99 2160.27 5164.85 33 0 0 
26 19 19 4377.34 1231.76 2145.59 5135.01 33 0 0 
28 21 19 4367.99 1227.42 2140.57 5046.63 32 0 0 
29 21 19 4359.69 1227.42 2132.27 5008.52 32 0 0 
31 24 19 4337.46 1218.67 2118.79 4727.76 32 0 0 
33 25 19 4292.16 1207.98 2084.18 4344.11 32 0 0 
33 25 19 4259.1 1211.87 2047.23 4270.42 32 0 0 
33 25 19 4247.54 1202.79 2044.75 4511.86 32 0 0 
34 25 19 4181.94 1171.46 2010.48 4238.59 29 0 0 
37 28 19 4177.59 1171.46 2006.13 3942.33 29 0 0 
37 28 19 4179.42 1179.67 1999.75 4222.13 29 0 0 
37 29 19 4178.32 1179.67 1998.65 4228.7 29 0 0 
41 32 19 4177.73 1179.67 1998.06 4209.35 29 0 0 
45 35 19 4174.12 1179.67 1994.44 4205.55 29 0 0 
45 35 19 4178.32 1184.84 1993.48 4228.7 29 0 0 
46 36 19 4191.23 1215.12 1976.1 4228.7 29 0 0 
47 37 19 4187.82 1215.12 1972.7 4181.67 29 0 0 
48 38 19 4174.82 1205.12 1969.7 3978.43 28 0 0 
48 38 19 4127.14 1196.11 1931.03 3239.68 28 0 0 
48 38 19 4015.1 1107.8 1907.3 3281.66 28 0 0 
50 39 19 4004.74 1100.34 1904.4 3082.3 27 0 0 
51 40 19 4004.78 1103.03 1901.75 3126.56 27 0 0 
52 41 19 4009.54 1112.11 1897.43 3076.87 27 0 0 
53 42 19 3986.38 1132.96 1853.42 2904.63 26 0 0 
55 43 19 3975.94 1130.5 1845.44 3001.36 26 0 0 
59 47 19 3971.96 1134.47 1837.49 2797.89 26 0 0 
61 49 19 3967.37 1142.05 1825.32 2758.73 25 0 0 
65 52 19 4053.41 1236.21 1817.21 2465.64 25 0 0 
70 55 19 3936.31 1121.21 1815.1 2636.36 25 0 0 
70 56 19 4012.02 1227.18 1784.84 2223.36 24 0 0 
77 62 19 3998.86 1216.92 1781.93 2105.76 23 0 0 
77 62 19 3957.49 1180.64 1776.84 2030.08 23 0 0 
78 63 19 3964.65 1188.53 1776.12 2066.66 23 0 0 
79 64 19 3970.58 1202.24 1768.34 2202.43 23 0 0 
80 64 19 3939.29 1175.43 1763.87 2925.93 23 0 0 
90 73 19 3939.29 1182.89 1756.4 2925.93 23 0 0 
94 76 19 3930.49 1174.56 1755.93 2839.88 22 0 0 
113 93 19 3930.11 1174.56 1755.55 2849.39 22 0 0 
134 109 19 3926.24 1183.84 1742.4 2512.77 21 0 0 
143 117 19 3915.74 1173.44 1742.3 2418.69 20 0 0 
153 125 19 3885.42 1149.25 1736.18 2144.43 20 0 0 
158 129 19 3875.41 1140.52 1734.9 1918.54 19 0 0 
162 132 19 3886.32 1154.45 1731.87 1992.45 19 0 0 
165 135 19 3872.15 1150.13 1722.02 1752.77 19 0 0 
167 136 19 3881.79 1161.29 1720.5 1949.39 19 0 0 
167 137 19 3882.29 1167.19 1715.1 1744.23 19 0 0 
170 139 19 3882.29 1167.21 1715.08 1784.81 19 0 0 
179 146 19 3895.88 1181.27 1714.61 1879.68 19 0 0 
181 148 19 3895.88 1184.68 1711.2 1882.09 19 0 0 
185 151 19 3906.45 1195.37 1711.08 2005.74 19 0 0 
208 170 19 3901.49 1192.83 1708.67 1975.67 19 0 0 
208 171 19 3887.43 1180.48 1706.95 1852.47 19 0 0 
222 183 19 3887.43 1181.85 1705.58 1852.47 19 0 0 
235 194 19 3887.43 1182.63 1704.8 1852.47 19 0 0 
240 198 19 3887.43 1189.67 1697.76 1852.47 19 0 0 
243 201 19 3887.43 1191.18 1696.25 1852.47 19 0 0 
266 221 19 3898 1205.45 1692.54 1911.74 19 0 0 
269 223 19 3897.43 1205.45 1691.98 1910.77 19 0 0 
273 225 19 3829.25 1145.49 1683.76 1910.77 19 0 0 
274 226 19 3777.25 1103.38 1673.87 1910.77 19 0 0 
282 234 19 3777.25 1117.63 1659.62 1910.77 19 0 0 
290 239 19 3757.03 1099.26 1657.77 1910.77 19 0 0 
294 243 19 3767.55 1118.08 1649.46 1946.74 19 0 0 
339 282 19 3764.44 1117.9 1646.54 1810.95 19 0 0 
346 288 19 3762.37 1117.9 1644.47 1811.2 19 0 0 
363 303 19 3890.43 1248.6 1641.83 1829.52 19 0 0 
363 303 19 3890.43 1249.12 1641.31 1829.52 19 0 0 
366 305 19 3763.26 1132.4 1630.87 1617.06 19 0 0 
376 314 19 3763.26 1133.14 1630.12 1617.06 19 0 0 
378 316 19 3763.26 1133.9 1629.36 1617.06 19 0 0 
392 328 19 3750.55 1121.43 1629.12 1542.93 19 0 0 
399 333 19 3770.29 1148.56 1621.73 1610.12 19 0 0 
409 341 19 3743.49 1121.86 1621.64 1401.3 19 0 0 
410 342 19 3749.56 1136.98 1612.58 1407.36 19 0 0 
412 344 19 3747.54 1136.98 1610.56 1419.06 19 0 0 
415 346 19 3757.56 1161.18 1596.38 1481.58 19 0 0 
422 352 19 3757.56 1165.66 1591.89 1481.58 19 0 0 
423 353 19 3708.62 1123.08 1585.54 1302.3 17 0 0 
424 354 19 3705.03 1121.69 1583.34 1298.72 17 0 0 
452 378 19 3702.75 1123.23 1579.52 1264.9 17 0 0 
478 399 19 3698.84 1123.23 1575.61 1346.99 17 0 0 
512 428 19 3712.32 1137.5 1574.82 1402.75 17 0 0 
515 430 19 3676.48 1123.23 1553.24 1380.81 17 0 0 
516 431 19 3689.96 1137.5 1552.46 1436.57 17 0 0 
524 439 19 3684.51 1136.06 1548.45 1429.45 17 0 0 
528 442 19 3680.82 1134.87 1545.95 1429.45 17 0 0 
538 452 19 3679.65 1134.87 1544.78 1416.45 17 0 0 
539 453 19 3704.67 1164.62 1540.05 1416.45 17 0 0 
643 543 19 3682.38 1148.95 1533.43 1416.45 17 0 0 
652 550 19 3682.38 1151.99 1530.39 1416.45 17 0 0 
664 562 19 3671.47 1141.4 1530.07 1378.48 17 0 0 
672 569 19 3679.88 1150.51 1529.36 1378.48 17 0 0 
685 580 19 3679.88 1154.41 1525.47 1378.48 17 0 0 
764 649 19 3676.05 1151.58 1524.47 1308.12 17 0 0 
766 651 19 3689.39 1173.06 1516.33 1378.48 17 0 0 
768 653 19 3684.97 1169.37 1515.6 1421.29 17 0 0 
777 660 19 3684.97 1172.5 1512.47 1421.29 17 0 0 
831 707 19 3684.97 1174.3 1510.67 1392.39 17 0 0 
910 774 19 3678.68 1170.82 1507.86 1366.41 17 0 0 
914 778 19 3687.76 1184.28 1503.48 1389.21 17 0 0 
916 780 19 3687.76 1185.61 1502.15 1389.21 17 0 0 
984 840 19 3684.97 1185.61 1499.36 1392.39 17 0 0 
1022 872 19 3656.49 1161.93 1494.56 1145.97 16 0 0 
1032 880 19 3638.54 1145.05 1493.49 1038.65 15 0 0 
1034 882 19 3638.54 1149.09 1489.45 1038.65 15 0 0 
1384 1186 19 3648.61 1159.56 1489.05 1110.97 15 0 0 
1517 1299 19 3638.72 1149.96 1488.76 1110.97 15 0 0 
2140 1839 19 3653.13 1165.85 1487.27 1125.29 15 0 0 
2186 1879 19 3647.04 1163.63 1483.41 1125.29 15 0 0 
2214 1906 19 3632.02 1151.97 1480.05 1039.59 15 0 0 
2329 2004 19 3613.79 1134.79 1478.99 964.299 15 0 0 
2355 2028 19 3613.79 1135.31 1478.48 964.299 15 0 0 
2369 2040 19 3613.79 1137.66 1476.13 962.764 15 0 0 
2684 2310 19 3624.12 1148.22 1475.9 1047.97 15 0 0 
2829 2437 19 3593.22 1120.23 1472.99 1047.97 15 0 0 
2930 2524 19 3587.36 1114.47 1472.88 990.421 15 0 0 
2948 2540 19 3592.9 1120.15 1472.74 1009.42 15 0 0 
3041 2622 19 3554.74 1085.22 1469.51 1009.42 15 0 0 
3134 2705 19 3592.98 1124.07 1468.91 1048.46 15 0 0 
5072 4381 19 3593.82 1129.25 1464.57 1064.53 15 0 0 
5678 4898 19 3593.82 1133.9 1459.92 1064.53 15 0 0 
