Agent: 0ids: 42 1 36 24 0 17 7 33 9 48 20 12 8 49 34 45 11 29 2 22 37 35 6 38 32 39 40 43 23 21 18 44 
Agent: 1ids: 47 0 33 21 39 17 24 14 2 15 40 5 12 7 6 36 45 49 11 3 4 43 38 20 46 13 31 19 27 44 8 28 35 30 18 
Agent: 2ids: 15 1 13 49 19 7 39 46 8 0 22 20 43 42 6 25 24 35 40 21 2 4 38 45 34 29 12 36 32 33 37 
Agent: 3ids: 17 3 48 41 5 8 23 2 24 31 21 9 49 0 22 47 11 32 20 42 1 45 7 46 40 26 4 6 10 35 33 39 19 36 18 37 28 43 25 13 30 12 16 
Agent: 4ids: 24 38 5 45 41 22 3 28 29 10 16 31 30 0 48 25 47 9 18 14 15 43 20 37 27 36 44 42 21 46 13 4 17 23 39 
Agent: 5ids: 42 36 19 11 27 45 29 23 13 16 9 46 38 39 17 7 35 34 22 41 25 1 3 49 8 44 21 6 37 31 2 4 24 48 18 14 43 28 
Agent: 6ids: 32 47 16 7 29 1 3 40 30 21 5 0 42 12 17 24 9 39 
Agent: 7ids: 27 30 24 37 28 40 43 9 10 33 22 7 35 5 1 16 11 17 26 46 42 8 6 31 14 21 3 47 
Agent: 8ids: 49 11 8 1 43 13 45 
Agent: 9ids: 20 6 39 14 27 17 9 43 13 42 18 22 5 23 45 15 36 46 49 26 0 2 31 32 35 1 24 48 28 30 16 47 
Agent: 10ids: 48 22 32 13 24 37 11 28 47 25 16 49 39 27 18 1 40 43 17 30 45 41 21 6 7 5 8 15 3 33 23 4 9 46 12 
Agent: 11ids: 28 15 17 23 13 3 25 42 35 38 8 10 7 0 5 32 12 34 18 21 40 43 44 22 29 19 6 47 48 36 46 27 24 30 26 33 
Agent: 12ids: 29 1 0 24 41 
Agent: 13ids: 1 43 48 19 9 28 7 23 44 29 30 31 37 6 34 10 21 18 16 4 
Agent: 14ids: 13 5 39 41 7 15 35 48 23 26 19 0 18 17 37 21 38 36 22 12 30 32 31 2 46 27 24 44 10 3 14 49 43 6 45 33 11 25 8 20 40 47 16 1 
Agent: 15ids: 41 28 30 12 49 6 21 39 40 47 10 38 13 4 
Agent: 16ids: 44 1 49 16 14 11 48 30 5 27 34 17 10 46 42 9 13 32 40 36 3 24 41 8 4 43 33 15 45 0 38 25 19 23 37 29 20 
Agent: 17ids: 15 26 20 44 30 39 13 18 14 31 
Agent: 18ids: 27 42 13 6 41 48 31 26 0 34 8 33 24 7 3 1 36 47 22 30 17 46 14 37 10 20 21 38 16 18 45 40 4 19 43 23 
Agent: 19ids: 22 45 49 44 28 10 33 43 23 32 18 12 37 48 29 38 25 47 16 4 2 7 14 46 35 36 21 5 13 8 9 6 41 42 20 39 19 0 31 11 24 15 
Agent: 20ids: 12 37 32 19 2 31 17 30 23 42 39 44 
Agent: 21ids: 26 38 5 34 49 11 44 12 32 4 46 16 
Agent: 22ids: 28 2 0 23 35 41 30 29 11 19 26 22 18 9 49 45 
Agent: 23ids: 47 33 49 0 9 10 24 27 17 32 23 26 30 
Agent: 24ids: 25 9 35 21 4 16 30 44 27 46 39 28 18 15 2 37 41 22 32 6 14 47 17 31 38 45 34 26 19 33 10 36 29 3 49 12 42 40 13 23 11 24 48 7 0 5 20 
Agent: 25ids: 21 6 33 20 32 43 29 25 42 37 3 12 34 44 
Agent: 26ids: 35 10 15 49 33 32 20 25 31 43 1 5 23 29 34 22 28 30 48 6 37 13 44 18 
Agent: 27ids: 28 17 10 
Agent: 28ids: 11 48 12 43 28 37 9 31 3 18 30 14 0 15 10 24 40 7 35 34 32 42 26 27 
Agent: 29ids: 47 36 48 24 21 7 43 
Agent: 30ids: 18 27 2 6 22 13 12 7 46 36 25 33 21 11 41 29 16 39 10 4 31 35 0 48 28 45 5 17 23 9 47 1 3 34 49 30 42 19 43 44 38 8 32 15 
Agent: 31ids: 22 34 2 24 42 
Agent: 32ids: 46 16 28 5 12 26 3 9 32 49 42 2 44 30 40 4 39 41 47 11 34 20 8 48 19 35 38 0 31 15 17 23 29 24 6 
Agent: 33ids: 40 7 30 38 2 6 24 32 5 10 39 23 3 35 8 4 17 49 18 27 45 47 31 42 36 46 9 43 1 34 33 19 37 15 12 44 28 29 21 26 11 14 25 0 22 41 16 20 
Agent: 34ids: 19 21 8 15 37 17 27 36 2 14 5 24 20 3 1 41 39 45 43 18 48 38 6 16 31 12 49 10 29 26 42 44 7 46 25 22 34 33 11 32 40 4 9 23 28 13 47 35 
Agent: 35ids: 42 29 24 28 34 46 10 21 40 5 33 0 4 25 7 1 6 39 38 23 11 30 16 18 49 37 14 9 26 15 45 2 3 20 47 32 13 41 48 8 12 44 
Agent: 36ids: 9 26 12 3 33 18 14 42 48 43 49 
Agent: 37ids: 38 26 23 31 10 8 33 22 49 9 39 46 27 37 3 5 44 25 6 24 19 35 11 15 47 2 42 36 14 0 45 17 32 16 7 1 4 41 
Agent: 38ids: 5 30 34 37 42 6 17 0 3 15 46 27 23 47 20 32 35 24 2 26 22 33 12 8 14 43 
Agent: 39ids: 41 12 47 8 9 37 27 6 33 25 30 4 46 29 21 28 31 35 11 26 34 43 42 48 40 24 36 16 14 2 39 19 18 15 
Agent: 40ids: 22 8 31 21 4 47 0 46 14 
Agent: 41ids: 34 30 10 21 27 44 47 8 
Agent: 42ids: 7 15 21 28 32 49 5 23 41 40 6 13 2 45 17 30 44 43 39 34 0 47 9 11 
Agent: 43ids: 45 17 10 43 21 35 32 2 24 4 27 48 22 18 44 41 19 36 1 8 23 37 33 20 47 6 31 9 14 
Agent: 44ids: 32 18 2 31 26 12 13 47 43 16 34 11 25 49 44 23 22 36 33 3 30 19 41 27 17 24 10 14 39 8 5 9 48 7 29 21 40 46 
Agent: 45ids: 37 9 35 24 41 13 18 19 14 11 20 44 22 5 46 40 30 34 43 32 15 16 26 36 31 2 48 29 17 3 0 33 4 
Agent: 46ids: 12 31 48 28 49 20 4 9 27 16 6 46 5 3 1 18 43 45 35 23 10 34 38 26 30 11 19 32 44 
Agent: 47ids: 14 25 44 37 
Agent: 48ids: 13 9 1 26 4 25 30 8 2 48 19 35 47 32 45 22 38 37 10 6 16 42 7 40 23 17 44 39 
Agent: 49ids: 7 
0 0 19 6006.26 1293.76 3712.49 20427.2 93 0 0 
1 0 19 5094.52 1112.11 2982.41 11529.5 46 0 0 
4 0 19 5067.38 1085.23 2982.15 11924 46 0 0 
5 1 19 5131.9 1243.73 2888.17 10410.8 43 0 0 
6 1 19 5002.28 1252.81 2749.48 8932.73 40 0 0 
7 2 19 4962.63 1254.03 2708.6 8784.77 39 0 0 
7 2 19 4926.13 1249.68 2676.45 8382.51 39 0 0 
7 2 19 4885.66 1221.95 2663.71 8142.37 39 0 0 
8 2 19 4863.26 1220.66 2642.6 7752.74 38 0 0 
9 3 19 4829.28 1227.31 2601.97 7490.4 37 0 0 
9 3 19 4816.26 1227.31 2588.95 7508.87 35 0 0 
9 3 19 4675.16 1131.34 2543.82 6423.03 34 0 0 
9 3 19 4629.75 1112.27 2517.48 6243.99 33 0 0 
12 4 19 4613.99 1112.27 2501.72 6213.38 33 0 0 
13 5 19 4600.83 1110.46 2490.38 6163.37 33 0 0 
13 5 19 4537.52 1058.66 2478.86 5859.76 33 0 0 
15 6 19 4529.13 1092.97 2436.16 5398.51 31 0 0 
16 7 19 4531.23 1098.35 2432.88 5417.11 31 0 0 
17 8 19 4511.84 1083.44 2428.4 5234.78 31 0 0 
17 8 19 4512.27 1086.31 2425.95 5269.49 31 0 0 
18 8 19 4399.57 1021.82 2377.75 4678.54 31 0 0 
18 8 19 4330.62 1042.57 2288.05 4453.64 31 0 0 
20 9 19 4328.49 1051.77 2276.71 4454.74 31 0 0 
22 11 19 4337.15 1101.67 2235.48 3556.56 28 0 0 
24 12 19 4304.84 1086.57 2218.27 3209.15 26 0 0 
27 14 19 4289.8 1074.36 2215.44 3184.11 26 0 0 
28 15 19 4267.71 1057.44 2210.27 3207.73 26 0 0 
29 15 19 4262.94 1057.44 2205.5 3195.19 26 0 0 
29 15 19 4283.24 1101.92 2181.32 3083.66 26 0 0 
29 15 19 4273.28 1101.92 2171.36 3098.47 26 0 0 
31 17 19 4252.19 1111.16 2141.03 3002.52 26 0 0 
33 18 19 4252.19 1114.07 2138.12 3063.84 26 0 0 
33 18 19 4247.34 1112.52 2134.82 2951.85 26 0 0 
33 18 19 4209.89 1096.63 2113.26 2696.99 26 0 0 
34 18 19 4219.89 1111.21 2108.69 2772.66 26 0 0 
35 19 19 4204.85 1098.99 2105.86 2747.62 26 0 0 
35 20 19 4203.5 1098.99 2104.51 2778.32 26 0 0 
36 20 19 4192.18 1120.68 2071.5 2601.68 24 0 0 
40 22 19 4185.44 1119.19 2066.25 2409.78 24 0 0 
48 28 19 4020.59 1015.34 2005.25 3337.75 24 0 0 
49 28 19 4014.46 1012.34 2002.12 3264.55 24 0 0 
52 30 19 4110.04 1122.72 1987.32 2059.49 24 0 0 
52 30 19 4076.8 1107.91 1968.88 2024.3 24 0 0 
53 31 19 4061.95 1105.4 1956.55 1972.61 24 0 0 
55 32 19 4061.95 1109.41 1952.54 2023.9 24 0 0 
58 34 19 4094.23 1151.17 1943.06 2059.43 24 0 0 
60 35 19 4053.13 1131.32 1921.81 1932.78 22 0 0 
61 35 19 4064.1 1149 1915.1 1988.54 22 0 0 
61 36 19 4015.34 1165.69 1849.65 1848.41 22 0 0 
62 36 19 4009.37 1165.69 1843.68 1844.8 22 0 0 
65 38 19 4003.24 1162.69 1840.56 1808.36 22 0 0 
74 44 19 3970.35 1147.95 1822.4 1709.92 21 0 0 
75 44 19 3955.72 1170.59 1785.14 1655.18 21 0 0 
79 47 19 3955.72 1188.03 1767.69 1655.18 21 0 0 
90 54 19 3953.99 1186.54 1767.45 1623.74 20 0 0 
113 70 19 3932.29 1169.22 1763.06 1540 20 0 0 
117 72 19 3928.18 1166.58 1761.6 1502.82 20 0 0 
123 76 19 3892.4 1148.03 1744.37 1540 20 0 0 
131 81 19 3928.18 1183.97 1744.21 1502.82 20 0 0 
139 87 19 3939.47 1204.49 1734.97 1507.34 20 0 0 
144 91 19 3887.74 1165.83 1721.91 1296.02 20 0 0 
149 94 19 3885.95 1167.56 1718.4 1292.45 20 0 0 
152 96 19 3887.33 1170.56 1716.77 1310.51 20 0 0 
156 99 19 3887.33 1170.83 1716.5 1260.42 20 0 0 
156 99 19 3893.9 1179.8 1714.09 1293.34 20 0 0 
159 101 19 3862.12 1158.18 1703.94 1260.64 20 0 0 
163 104 19 3863.5 1161.18 1702.32 1278.7 20 0 0 
167 107 19 3863.5 1161.46 1702.04 1228.6 20 0 0 
168 108 19 3848.55 1149.94 1698.61 1126.73 20 0 0 
169 108 19 3855.12 1158.92 1696.21 1159.65 20 0 0 
186 119 19 3855.12 1170.8 1684.32 1116.65 19 0 0 
186 120 19 3824.82 1143.28 1681.54 1086.35 19 0 0 
197 127 19 3823.62 1146.72 1676.9 1086.35 19 0 0 
198 128 19 3823.62 1149.6 1674.02 1086.35 19 0 0 
199 129 19 3824.16 1159.37 1664.8 1088.04 19 0 0 
210 136 19 3850.51 1190.75 1659.76 1101.82 19 0 0 
220 143 19 3830.03 1188.8 1641.23 1022.42 18 0 0 
235 153 19 3821.66 1180.98 1640.68 980.247 18 0 0 
236 154 19 3821.66 1184.59 1637.07 1019.76 18 0 0 
239 156 19 3832.04 1196.34 1635.7 1072.51 18 0 0 
240 157 19 3819.2 1185.78 1633.43 957.802 18 0 0 
243 159 19 3829.58 1197.52 1632.06 1010.55 18 0 0 
249 163 19 3840.1 1217.15 1622.95 1114.54 18 0 0 
256 168 19 3821.86 1199.97 1621.9 1038.38 18 0 0 
259 170 19 3827.97 1210.77 1617.2 1094.39 18 0 0 
260 171 19 3811.43 1198.19 1613.24 1075.06 18 0 0 
262 172 19 3821.86 1210.77 1611.1 1102.72 18 0 0 
273 180 19 3816.28 1209.91 1606.37 1075.72 17 0 0 
277 182 19 3816.28 1213.91 1602.36 1075.72 17 0 0 
293 193 19 3816.28 1218.09 1598.19 1075.72 17 0 0 
298 196 19 3770.76 1173.18 1597.58 1075.72 17 0 0 
319 211 19 3783.77 1189.58 1594.19 954.497 17 0 0 
342 226 19 3785.15 1192.58 1592.57 972.559 17 0 0 
378 251 19 3810.28 1230.57 1579.7 1075.72 17 0 0 
391 259 19 3810.28 1230.61 1579.66 1074.85 17 0 0 
414 273 19 3814.11 1235.58 1578.52 1137.55 17 0 0 
450 297 19 3768.59 1190.68 1577.91 1137.55 17 0 0 
491 324 19 3768.29 1193.79 1574.5 1120.65 17 0 0 
539 357 19 3757.55 1185.93 1571.62 1076.29 17 0 0 
593 394 19 3730.31 1163.34 1566.97 1076.29 17 0 0 
662 443 19 3737.43 1171.68 1565.75 1134.97 17 0 0 
739 497 19 3757.41 1194.03 1563.38 1134.97 17 0 0 
804 543 19 3649.34 1107.74 1541.6 1141.64 17 0 0 
821 554 19 3638.82 1097.74 1541.08 1048.25 17 0 0 
827 558 19 3612.24 1077.81 1534.43 1052.4 17 0 0 
829 560 19 3595.15 1068.06 1527.09 997.043 17 0 0 
1035 697 19 3605.64 1081.11 1524.53 975.767 17 0 0 
1060 715 19 3592.4 1068.53 1523.87 996.837 17 0 0 
1069 720 19 3602.4 1084.04 1518.37 999.451 17 0 0 
1112 749 19 3614.04 1096.61 1517.43 1068.25 17 0 0 
1161 783 19 3600.58 1090.13 1510.45 983.079 17 0 0 
1325 896 19 3600.58 1090.6 1509.98 1011.6 17 0 0 
1411 955 19 3579.05 1071.3 1507.75 954.677 17 0 0 
1438 973 19 3579.05 1071.35 1507.7 954.677 17 0 0 
1538 1044 19 3579.05 1071.79 1507.26 954.677 17 0 0 
1616 1097 19 3579.05 1074.05 1505 954.677 17 0 0 
1722 1170 19 3560.51 1066.86 1493.65 898.142 17 0 0 
1743 1185 19 3558.69 1067.6 1491.1 962.484 17 0 0 
1745 1187 19 3564.47 1074.1 1490.37 989.345 17 0 0 
1849 1258 19 3564.47 1075.83 1488.64 989.345 17 0 0 
1858 1264 19 3550.89 1064.31 1486.58 879.134 17 0 0 
1863 1268 19 3564.07 1079.57 1484.5 969.345 17 0 0 
1869 1272 19 3559.83 1079.57 1480.26 973.897 17 0 0 
1888 1285 19 3559.83 1079.62 1480.22 973.897 17 0 0 
1894 1289 19 3557.2 1079.64 1477.56 910.96 17 0 0 
1927 1313 19 3543.62 1068.13 1475.49 800.749 17 0 0 
1995 1362 19 3543.62 1068.86 1474.76 800.749 17 0 0 
2007 1369 19 3434.14 960.632 1473.51 800.749 17 0 0 
2042 1394 19 3412.18 946.933 1465.25 719.256 17 0 0 
2065 1409 19 3385.95 946.933 1439.02 737.98 17 0 0 
2069 1411 19 3395.98 961.051 1434.93 791.042 17 0 0 
2069 1411 19 3397.79 963.166 1434.63 805.085 17 0 0 
2086 1423 19 3397.79 969.007 1428.79 816.29 17 0 0 
2694 1841 19 3395.98 969.743 1426.24 880.632 17 0 0 
3170 2168 19 3391.84 966.547 1425.29 873.964 17 0 0 
3224 2205 19 3388.7 965.611 1423.09 873.964 17 0 0 
6471 4456 19 3394.81 972.701 1422.11 862.52 17 0 0 
