0 0 19 6190.77 1419.84 3770.93 19638 83 0 0 
1 0 19 5274.42 1185.47 3088.96 10374.3 52 0 0 
1 0 19 5155.1 1140.8 3014.3 9881.06 49 0 0 
2 0 19 5098.7 1101.99 2996.71 9557.85 48 0 0 
2 0 19 4984.01 1122.45 2861.56 8398.08 45 0 0 
2 0 19 4971.48 1122.45 2849.03 7925.33 45 0 0 
2 0 19 4942.58 1121.43 2821.15 7474.63 44 0 0 
3 0 19 4940.09 1121.43 2818.66 7440.8 44 0 0 
3 0 19 4640.18 998.593 2641.59 6814.01 39 0 0 
3 1 19 4614.44 998.593 2615.85 6872.57 39 0 0 
3 1 19 4587.4 986.412 2600.98 6446.19 39 0 0 
4 1 19 4572.76 993.664 2579.09 6490.04 38 0 0 
4 1 19 4535.75 995.742 2540.01 6207.68 37 0 0 
5 1 19 4533.12 997.652 2535.47 6092.13 36 0 0 
5 1 19 4524.57 1008.86 2515.71 6135.26 36 0 0 
5 1 19 4560.39 1079.3 2481.09 5920.2 35 0 0 
5 2 19 4540.69 1079.3 2461.39 6059 35 0 0 
5 2 19 4560.23 1137.58 2422.64 6155.54 34 0 0 
7 2 19 4560.23 1156.88 2403.35 6155.54 34 0 0 
7 3 19 4453.23 1074.13 2379.09 6004.86 33 0 0 
7 3 19 4496.1 1121.2 2374.9 6135.33 33 0 0 
9 4 19 4439.6 1095.3 2344.31 5585.41 33 0 0 
10 4 19 4427.52 1085.32 2342.2 5679.53 32 0 0 
11 5 19 4382.35 1059.26 2323.1 5504.47 32 0 0 
11 5 19 4419.85 1138.76 2281.09 4373.7 31 0 0 
11 5 19 4419.77 1151.34 2268.43 4114.95 30 0 0 
12 6 19 4421.88 1159.79 2262.09 4011.03 30 0 0 
13 6 19 4264.84 1067.8 2197.04 5134.58 30 0 0 
13 6 19 4179.91 1002.07 2177.85 4803.32 28 0 0 
17 8 19 4172.96 1002.07 2170.89 4736.78 28 0 0 
19 10 19 4168.36 997.755 2170.61 4746.84 28 0 0 
20 10 19 4100.79 950.34 2150.45 4736.78 28 0 0 
22 12 19 4157.75 1019.76 2137.99 4095.95 27 0 0 
23 12 19 4127.8 1012.9 2114.9 4009.02 26 0 0 
25 14 19 4126.46 1012.9 2113.56 3980.26 26 0 0 
26 14 19 4166.04 1070.68 2095.36 4138.42 26 0 0 
26 14 19 4036.86 965.952 2070.91 4254.3 26 0 0 
27 15 19 4078.28 1025.64 2052.64 4418.28 26 0 0 
27 15 19 4031.21 993.535 2037.68 4408.63 25 0 0 
27 15 19 4044.4 1011.91 2032.49 4506.2 25 0 0 
28 16 19 4021.78 998.728 2023.05 4523.36 25 0 0 
28 16 19 4016.95 998.728 2018.22 4388.74 24 0 0 
32 19 19 4011.79 998.728 2013.06 4380.64 24 0 0 
32 19 19 3963.57 975.396 1988.17 4197.78 22 0 0 
34 20 19 3962.44 975.396 1987.05 4227.35 22 0 0 
35 21 19 3941.95 968.823 1973.13 2003.11 20 0 0 
36 22 19 3955.48 990.017 1965.47 2005.93 20 0 0 
37 22 19 3933.46 975.559 1957.9 2005.93 20 0 0 
42 26 19 3931.12 974.073 1957.04 1952.58 20 0 0 
43 26 19 3906.85 962.339 1944.51 1944.1 20 0 0 
44 27 19 3911.76 970.736 1941.03 1972.87 20 0 0 
55 34 19 3909.73 970.736 1939 1948.49 20 0 0 
55 34 19 3872.7 937.726 1934.97 1747.12 20 0 0 
56 35 19 3896.47 972.127 1924.35 1849.39 20 0 0 
56 35 19 3896.1 972.127 1923.97 1792.6 20 0 0 
57 36 19 3872.24 959.022 1913.22 1825.35 20 0 0 
62 39 19 3862.6 960.086 1902.51 1766.17 20 0 0 
65 41 19 3859.18 958.209 1900.97 1688.94 19 0 0 
70 45 19 3811.13 924.419 1886.71 1482.43 18 0 0 
72 46 19 3791.47 914.822 1876.65 1457.54 18 0 0 
76 48 19 3788.58 914.822 1873.76 1501.13 18 0 0 
78 50 19 3777.42 914.65 1862.77 1514.02 18 0 0 
79 50 19 3778.58 932.265 1846.32 1474.93 18 0 0 
85 54 19 3770.58 932.265 1838.31 1464.24 18 0 0 
87 55 19 3768.55 932.265 1836.28 1439.86 18 0 0 
90 57 19 3743.59 913.057 1830.53 1226.71 17 0 0 
93 59 19 3752.15 922.456 1829.69 1226.71 17 0 0 
95 60 19 3767.33 945.783 1821.54 1294.91 17 0 0 
100 63 19 3748.77 932.874 1815.89 1360.17 17 0 0 
100 64 19 3795.28 980.328 1814.95 1294.91 17 0 0 
103 65 19 3766.34 956.302 1810.03 1294.91 17 0 0 
113 72 19 3713.72 932.643 1781.08 1117.03 17 0 0 
117 74 19 3686.37 922.214 1764.16 1083.99 17 0 0 
117 75 19 3663.66 904.943 1758.72 1083.99 17 0 0 
124 79 19 3689 931.64 1757.36 1083.99 17 0 0 
129 82 19 3694.66 940.454 1754.2 1109.67 17 0 0 
133 84 19 3694.59 960.297 1734.29 1102.99 17 0 0 
136 86 19 3681.01 950.155 1730.86 1043.78 17 0 0 
153 97 19 3670.88 944.317 1726.56 1023.49 17 0 0 
159 101 19 3671.2 945.516 1725.69 1050.34 17 0 0 
159 101 19 3675.78 952.288 1723.49 1055.45 16 0 0 
171 109 19 3653.32 939.05 1714.27 1059.52 16 0 0 
173 110 19 3614.23 907.401 1706.83 889.415 16 0 0 
174 111 19 3580.6 885.907 1694.7 978.933 16 0 0 
181 116 19 3512.51 822.508 1690 987.966 16 0 0 
183 117 19 3512.76 822.833 1689.93 992.756 16 0 0 
184 118 19 3575.62 885.907 1689.72 893.683 16 0 0 
190 121 19 3582.29 894.575 1687.72 938.17 16 0 0 
191 122 19 3582.22 894.575 1687.65 932.801 16 0 0 
191 122 19 3514.31 838.301 1676.01 1094.34 16 0 0 
194 125 19 3470.92 795.95 1674.97 1095.17 16 0 0 
196 126 19 3485.72 820.846 1664.87 1050.05 16 0 0 
198 127 19 3474.94 813.888 1661.05 1007.73 16 0 0 
199 128 19 3456.2 814.5 1641.7 1031.73 16 0 0 
209 135 19 3451.22 814.5 1636.72 946.481 16 0 0 
215 138 19 3461.45 826.077 1635.37 1008.31 16 0 0 
232 151 19 3449.43 814.275 1635.16 939.044 16 0 0 
232 151 19 3464.91 842.02 1622.89 1066.23 16 0 0 
275 180 19 3438.33 818.476 1619.85 1013.95 16 0 0 
290 190 19 3426.31 806.675 1619.64 944.684 16 0 0 
293 192 19 3456.27 839.984 1616.29 975.649 16 0 0 
296 194 19 3378.27 786.041 1592.23 975.649 16 0 0 
318 209 19 3413.59 825.395 1588.2 1030.25 16 0 0 
327 215 19 3413.59 830.582 1583.01 1024.08 16 0 0 
342 225 19 3418.29 835.491 1582.79 1089.34 16 0 0 
345 227 19 3406.35 827.226 1579.12 1035.87 16 0 0 
347 229 19 3421.91 854.027 1567.88 1173.47 16 0 0 
360 238 19 3408.61 841.815 1566.8 1125.82 16 0 0 
371 245 19 3325.77 773.863 1551.91 1125.82 16 0 0 
377 249 19 3325.77 780.191 1545.58 1125.54 15 0 0 
382 252 19 3328.93 796.98 1531.95 1132.68 15 0 0 
386 255 19 3327.36 796.98 1530.38 1131.9 15 0 0 
423 280 19 3325.48 797.381 1528.1 1031.35 15 0 0 
431 286 19 3325.48 798.088 1527.39 1031.35 15 0 0 
443 294 19 3313.46 786.286 1527.18 962.087 15 0 0 
445 295 19 3311.27 786.286 1524.98 962.653 15 0 0 
452 300 19 3311.27 787.699 1523.57 969.453 15 0 0 
463 307 19 3300.36 777.339 1523.02 849.123 14 0 0 
585 387 19 3301.1 778.083 1523.01 732.903 14 0 0 
691 459 19 3262.11 739.236 1522.88 751.903 14 0 0 
715 474 19 3261.34 745.57 1515.76 686.759 14 0 0 
723 480 19 3261.34 749.49 1511.84 684.434 14 0 0 
758 503 19 3261.34 749.72 1511.62 746.64 14 0 0 
896 596 19 3261.34 761.191 1500.14 791.496 14 0 0 
1029 686 19 3256.39 756.762 1499.63 730.316 14 0 0 
1039 693 19 3257.46 760.843 1496.62 778.633 14 0 0 
1043 696 19 3257.46 765.822 1491.64 730.316 14 0 0 
1263 845 19 3257.46 770.788 1486.67 730.316 14 0 0 
1329 888 19 3257.46 772.052 1485.41 730.316 14 0 0 
1514 1015 19 3289.95 809.734 1480.21 690.107 14 0 0 
1809 1215 19 3320.08 845.772 1474.31 690.107 14 0 0 
2115 1419 19 3369.82 895.709 1474.11 855.704 14 0 0 
2130 1429 19 3369.82 897.391 1472.43 855.704 14 0 0 
2139 1435 19 3369.82 900.674 1469.14 855.704 14 0 0 
2224 1493 19 3357.27 889.486 1467.78 804.472 14 0 0 
2257 1516 19 3348.24 894.373 1453.87 804.472 14 0 0 
2341 1573 19 3348.24 897.574 1450.67 752.683 14 0 0 
2415 1624 19 3353.78 903.145 1450.63 823.01 14 0 0 
2428 1633 19 3353.04 903.145 1449.9 833.112 14 0 0 
