0 0 19 6126.45 1560.32 3566.14 20423.3 92 0 0 
0 0 19 5131.15 1410.91 2720.25 8672.52 50 0 0 
1 0 19 5174.22 1458.41 2715.81 11777 49 0 0 
4 1 19 4771.64 1111.78 2659.86 6088.48 34 0 0 
4 1 19 4771.64 1126.97 2644.67 6088.48 34 0 0 
5 2 19 4771.64 1126.97 2644.67 6088.48 34 0 0 
5 2 19 4771.64 1139.26 2632.38 6088.48 34 0 0 
6 2 19 4771.64 1168.22 2603.42 6088.48 34 0 0 
7 2 19 4678.44 1148.37 2530.07 5551.6 34 0 0 
7 3 19 4709.52 1182.16 2527.37 5563.05 34 0 0 
7 3 19 4593.52 1106.35 2487.17 5018.77 33 0 0 
8 3 19 4573.88 1089.95 2483.93 4944.84 31 0 0 
10 4 19 4548.94 1071.72 2477.23 4895.6 31 0 0 
10 4 19 4528.47 1071.72 2456.75 4993.57 30 0 0 
10 4 19 4520.24 1071.72 2448.52 4973.96 30 0 0 
12 5 19 4474.6 1043.23 2431.37 4806.54 28 0 0 
14 6 19 4458.06 1043.23 2414.83 4738.43 28 0 0 
14 7 19 4471.03 1056.38 2414.65 4931.9 28 0 0 
15 7 19 4470.71 1056.38 2414.32 4678.31 28 0 0 
16 8 19 4450.24 1037.62 2412.62 4395.51 27 0 0 
17 9 19 4417.28 1006.85 2410.43 4073.31 25 0 0 
19 10 19 4373.36 1011.86 2361.5 3849.99 25 0 0 
21 11 19 4336.52 1009.24 2327.28 3590.23 24 0 0 
25 14 19 4314.09 986.917 2327.17 3354.34 24 0 0 
25 14 19 4268.63 974.1 2294.53 3070.84 24 0 0 
26 14 19 4246.83 955.136 2291.69 2821.58 24 0 0 
26 15 19 4247.17 959.045 2288.13 2816.46 24 0 0 
26 15 19 4224.87 971.408 2253.47 3000.51 24 0 0 
28 16 19 4261.84 1016.02 2245.82 3087.11 24 0 0 
29 16 19 4217.93 1006.56 2211.37 2977.62 24 0 0 
29 16 19 4133.58 956.957 2176.63 2395.41 22 0 0 
30 17 19 4120.18 956.957 2163.22 2340.43 22 0 0 
32 19 19 4053.34 905.678 2147.67 2885.5 22 0 0 
34 20 19 4053.34 917.966 2135.38 2885.5 22 0 0 
36 21 19 4058.5 940.835 2117.66 2587.76 21 0 0 
37 22 19 4057.9 940.835 2117.06 2607.1 21 0 0 
39 23 19 4052.29 941.618 2110.67 2289.01 20 0 0 
40 24 19 4049.19 941.618 2107.57 2293.76 20 0 0 
42 25 19 4010.12 909.607 2100.51 2280.44 19 0 0 
42 25 19 3955.7 890.36 2065.34 2005.36 19 0 0 
45 27 19 3988.17 927.17 2061 2169.25 18 0 0 
49 30 19 3988.17 950.832 2037.34 2169.25 18 0 0 
52 32 19 3988.17 955.417 2032.75 2162.43 18 0 0 
53 32 19 4003.82 973.475 2030.35 2190.04 18 0 0 
54 33 19 4004.65 988.077 2016.58 2190.04 18 0 0 
55 34 19 4004.65 988.454 2016.2 2190.04 18 0 0 
57 35 19 3949.4 941.522 2007.88 1894.51 17 0 0 
58 36 19 3947.03 941.522 2005.51 1882.22 17 0 0 
67 41 19 3936.46 932.692 2003.77 1850.76 17 0 0 
70 43 19 3936.46 940.532 1995.93 1850.76 17 0 0 
72 45 19 3925.14 930.946 1994.19 1884.54 17 0 0 
72 45 19 3925.14 940.751 1984.38 1884.54 17 0 0 
73 45 19 3919.42 942.056 1977.37 1884.54 17 0 0 
81 51 19 3910.95 942.056 1968.89 1892.04 17 0 0 
92 58 19 3910.95 958.5 1952.45 1892.04 17 0 0 
95 60 19 3904.22 958.5 1945.72 1892.04 17 0 0 
102 64 19 3826.42 881.518 1944.9 1735.55 16 0 0 
103 66 19 3823.32 881.518 1941.8 1579.19 15 0 0 
116 74 19 3826.74 898.677 1928.06 1490.28 15 0 0 
118 75 19 3793.62 880.146 1913.47 1388.28 14 0 0 
119 76 19 3775.48 886.221 1889.26 1352.01 14 0 0 
135 86 19 3793.41 916.602 1876.8 1352.01 14 0 0 
138 88 19 3792.43 918.122 1874.3 1353.77 14 0 0 
141 90 19 3792.43 921.052 1871.37 1403.68 14 0 0 
145 93 19 3789.2 918.122 1871.08 1352.97 14 0 0 
148 95 19 3789.2 918.676 1870.52 1378.19 14 0 0 
159 103 19 3772.78 902.553 1870.23 1320.62 13 0 0 
162 104 19 3762.8 900.958 1861.84 1282.23 13 0 0 
168 108 19 3745.16 883.742 1861.42 1101.63 13 0 0 
170 109 19 3757.7 914.156 1843.54 1097.26 13 0 0 
175 113 19 3757.7 914.802 1842.9 1097.26 13 0 0 
181 117 19 3755.33 914.156 1841.17 1084.97 13 0 0 
187 121 19 3755.33 914.802 1840.52 1084.97 13 0 0 
191 124 19 3755.33 917.177 1838.15 1109.66 13 0 0 
193 126 19 3755.33 924.643 1830.68 1109.66 13 0 0 
203 133 19 3755.33 930.861 1824.47 1125.61 13 0 0 
208 137 19 3755.33 936.938 1818.39 1109.66 13 0 0 
215 142 19 3738.74 931.426 1807.32 1109.66 13 0 0 
231 153 19 3738.74 942.478 1796.27 1109.66 13 0 0 
261 172 19 3738.74 946.172 1792.57 1109.66 13 0 0 
267 177 19 3761.85 969.468 1792.38 1025.96 13 0 0 
268 177 19 3725.61 935.034 1790.57 1074.49 13 0 0 
271 180 19 3711.93 923.276 1788.65 1011.59 13 0 0 
293 195 19 3748.51 960.077 1788.44 1109.66 13 0 0 
294 196 19 3717.39 938.846 1778.55 1011.59 13 0 0 
304 203 19 3728.61 950.137 1778.47 1043.15 13 0 0 
316 210 19 3723.12 952.538 1770.58 1023.81 13 0 0 
322 215 19 3722.52 952.538 1769.98 1043.15 13 0 0 
328 219 19 3722.52 952.86 1769.66 1035.54 13 0 0 
356 238 19 3692.89 923.609 1769.28 1035.54 13 0 0 
361 242 19 3692.89 925.252 1767.64 1035.54 13 0 0 
402 271 19 3686.44 925.252 1761.19 1053.94 13 0 0 
424 285 19 3700.15 939.871 1760.28 1101.99 13 0 0 
433 292 19 3700.15 941.883 1758.27 1102.67 13 0 0 
433 292 19 3794.5 1040.33 1754.17 916.358 13 0 0 
443 298 19 3788.87 1038.91 1749.96 916.358 13 0 0 
451 304 19 3790.33 1044.39 1745.94 916.358 13 0 0 
462 311 19 3798.45 1057.76 1740.68 947.265 13 0 0 
464 312 19 3790.33 1049.65 1740.68 900.379 13 0 0 
472 317 19 3789.15 1064.66 1724.5 894.231 13 0 0 
479 322 19 3788.35 1073.4 1714.96 910.211 13 0 0 
483 324 19 3674.29 963.333 1710.95 910.211 13 0 0 
485 326 19 3656.35 946.117 1710.24 862.158 13 0 0 
485 326 19 3661.73 954.267 1707.46 860.116 13 0 0 
498 335 19 3661.73 957.15 1704.58 860.116 13 0 0 
499 335 19 3661.73 963.485 1698.25 860.116 13 0 0 
508 342 19 3661.73 970.401 1691.33 841.911 13 0 0 
512 344 19 3655.88 981.408 1674.47 831.101 13 0 0 
540 365 19 3655.88 983.851 1672.03 776.132 13 0 0 
558 376 19 3665.91 1006.36 1659.55 776.132 13 0 0 
581 392 19 3665.91 1011.86 1654.05 785.243 13 0 0 
596 403 19 3665.91 1011.97 1653.94 785.243 13 0 0 
656 444 19 3674.57 1020.76 1653.81 872.431 13 0 0 
666 450 19 3727.21 1073.97 1653.24 872.431 13 0 0 
767 521 19 3727.21 1084.63 1642.58 872.431 13 0 0 
838 571 19 3727.21 1085.14 1642.07 872.431 13 0 0 
970 658 19 3727.21 1090.52 1636.69 872.431 13 0 0 
1044 709 19 3725.58 1095.41 1630.17 870.804 13 0 0 
1117 758 19 3721.04 1110.09 1610.95 857.182 13 0 0 
1163 789 19 3743.69 1133.27 1610.42 857.91 13 0 0 
1174 796 19 3805.17 1194.77 1610.4 929.416 13 0 0 
1175 797 19 3740.78 1133.27 1607.51 934.471 13 0 0 
1414 959 19 3720.53 1114.14 1606.4 969.377 13 0 0 
1448 982 19 3688.79 1093.7 1595.09 932.306 13 0 0 
1523 1033 19 3727.01 1132.56 1594.45 932.306 13 0 0 
1564 1062 19 3728.6 1137.35 1591.25 952.948 13 0 0 
1571 1067 19 3728.6 1137.36 1591.24 952.948 13 0 0 
1635 1109 19 3728.6 1142.91 1585.69 952.948 13 0 0 
1641 1113 19 3728.6 1155.09 1573.51 952.948 13 0 0 
1643 1115 19 3728.6 1155.2 1573.41 952.948 13 0 0 
1702 1156 19 3728.6 1155.33 1573.27 952.948 13 0 0 
1787 1212 19 3728.6 1159.06 1569.54 952.948 13 0 0 
1870 1269 19 3719.94 1152.47 1567.47 894.907 13 0 0 
1873 1271 19 3719.94 1152.61 1567.33 894.907 13 0 0 
1887 1281 19 3719.94 1156.34 1563.6 894.907 13 0 0 
2179 1483 19 3719.94 1157.12 1562.82 936.515 13 0 0 
2207 1502 19 3736.74 1177.7 1559.04 983.247 13 0 0 
2371 1614 19 3736.74 1182.17 1554.58 983.247 13 0 0 
2472 1684 19 3736.74 1186.13 1550.62 983.247 13 0 0 
2512 1712 19 3736.7 1186.13 1550.57 1054.72 13 0 0 
3130 2133 19 3716.04 1165.96 1550.08 1054.72 13 0 0 
3871 2633 19 3729.17 1180.09 1549.09 1162.97 13 0 0 
4174 2839 19 3716.04 1168.95 1547.09 1127.89 13 0 0 
4433 3015 19 3721.58 1174.55 1547.03 1127.89 13 0 0 
4446 3024 19 3735.43 1189.51 1545.92 1175.02 13 0 0 
4479 3047 19 3717.63 1171.93 1545.71 1175.02 13 0 0 
4701 3197 19 3729.48 1191.77 1537.72 1175.02 13 0 0 
5747 3904 19 3725.86 1191.77 1534.1 1175.8 13 0 0 
5896 4002 19 3725.46 1192.54 1532.92 1175.8 13 0 0 
6286 4256 19 3725.86 1195.86 1530.01 1175.8 13 0 0 
