Agent: 0ids: 23 35 16 7 20 44 
Agent: 1ids: 42 43 27 18 6 26 30 48 9 25 10 2 49 14 46 8 12 23 0 4 19 47 28 24 21 37 
Agent: 2ids: 35 31 27 9 15 46 47 5 32 17 20 41 48 26 19 38 34 37 43 40 4 1 18 22 42 13 3 6 39 30 14 11 12 21 33 44 
Agent: 3ids: 26 5 20 1 47 46 13 45 6 14 2 24 16 30 
Agent: 4ids: 44 47 37 46 19 30 29 5 11 
Agent: 5ids: 25 2 48 4 6 35 36 14 30 41 31 22 43 42 9 20 38 0 12 46 3 
Agent: 6ids: 5 8 43 35 44 24 37 31 16 39 40 47 2 41 29 32 26 22 
Agent: 7ids: 18 35 28 42 2 22 0 8 
Agent: 8ids: 0 17 49 16 11 6 45 18 46 13 28 3 38 39 44 21 25 1 40 32 9 22 26 35 15 14 19 33 31 36 29 12 8 41 23 
Agent: 9ids: 19 17 13 24 10 28 39 7 37 8 36 21 40 49 27 35 4 2 30 14 3 42 9 
Agent: 10ids: 4 37 10 5 30 8 6 16 13 24 20 1 19 26 45 29 14 
Agent: 11ids: 7 6 37 39 3 36 29 24 2 
Agent: 12ids: 5 12 21 40 3 38 28 22 9 45 8 29 25 48 33 39 44 
Agent: 13ids: 34 45 23 25 21 20 31 19 2 
Agent: 14ids: 6 26 13 31 27 48 35 
Agent: 15ids: 29 11 34 8 10 47 6 30 9 41 1 37 32 3 16 43 38 19 36 45 4 
Agent: 16ids: 25 33 2 42 1 46 
Agent: 17ids: 46 33 36 1 6 16 9 41 49 14 35 30 47 18 44 40 32 42 27 34 45 17 28 38 39 48 31 11 24 0 37 3 13 21 10 19 25 22 43 15 2 4 5 23 8 12 20 29 
Agent: 18ids: 3 1 37 49 38 13 5 
Agent: 19ids: 20 34 49 6 18 9 11 27 12 16 42 4 43 19 0 36 48 8 5 29 44 46 15 41 33 7 37 21 26 14 30 10 17 31 39 47 40 2 35 24 38 28 45 
Agent: 20ids: 10 5 22 19 25 17 14 34 33 41 26 46 49 37 36 31 8 13 24 27 16 21 20 1 42 7 44 29 30 
Agent: 21ids: 4 36 15 37 41 18 31 7 42 39 0 2 12 45 8 5 22 34 17 19 30 46 1 6 14 49 27 16 48 26 40 3 25 13 35 
Agent: 22ids: 24 23 27 48 25 11 19 49 16 9 29 28 14 38 46 47 34 21 26 45 39 40 35 20 41 44 32 13 30 33 4 0 1 
Agent: 23ids: 37 41 16 11 17 13 30 4 15 18 2 7 8 5 14 46 32 20 48 49 28 38 21 29 36 34 44 40 45 10 0 24 1 27 43 35 42 3 31 22 
Agent: 24ids: 1 9 18 34 26 40 30 35 43 6 11 4 28 49 19 10 38 24 13 8 7 36 33 
Agent: 25ids: 32 17 3 44 28 14 23 43 20 19 42 6 13 15 29 27 33 26 36 18 47 11 35 49 7 34 37 1 4 22 30 31 41 16 9 25 40 38 2 0 
Agent: 26ids: 11 5 25 1 14 17 26 45 35 32 43 21 28 20 3 39 38 29 18 23 46 48 22 44 31 27 36 10 24 30 34 8 42 37 
Agent: 27ids: 19 48 36 31 13 10 9 23 39 5 41 49 1 27 34 25 26 
Agent: 28ids: 41 37 47 49 11 28 6 39 21 20 5 8 4 43 0 14 42 32 17 2 31 38 25 34 9 30 45 7 16 3 23 48 35 15 26 36 29 24 13 10 33 18 12 44 22 1 40 19 27 
Agent: 29ids: 21 48 7 42 41 36 47 4 26 19 18 13 45 9 5 46 44 38 17 24 33 39 2 40 32 14 1 30 49 23 43 11 37 
Agent: 30ids: 16 45 11 9 39 0 12 35 5 4 41 48 33 1 36 22 24 
Agent: 31ids: 47 15 11 18 29 23 22 6 40 1 25 24 14 20 37 46 2 44 12 30 33 
Agent: 32ids: 29 5 48 46 22 14 33 37 4 28 3 7 2 19 21 32 40 25 35 47 12 44 36 27 42 34 11 43 31 23 26 6 41 13 17 9 39 16 45 1 18 15 
Agent: 33ids: 48 40 16 2 41 39 23 42 47 35 17 18 19 21 27 37 30 12 46 10 8 31 29 9 5 4 38 0 34 22 32 6 15 11 33 25 3 7 
Agent: 34ids: 23 49 17 33 10 1 6 3 20 7 30 28 26 18 34 47 
Agent: 35ids: 29 28 24 40 10 26 38 7 27 23 2 9 
Agent: 36ids: 16 23 17 8 46 35 48 25 1 29 39 14 30 19 27 40 7 33 13 36 45 20 0 18 11 4 28 41 31 
Agent: 37ids: 18 29 4 5 36 45 26 31 27 46 47 44 12 10 13 3 41 32 34 30 14 19 37 23 9 0 11 20 48 6 15 2 39 35 42 1 21 
Agent: 38ids: 35 40 2 45 21 43 0 44 8 
Agent: 39ids: 9 17 47 35 45 37 3 24 18 1 48 43 31 11 34 15 41 32 28 38 0 19 42 4 49 16 29 20 13 44 6 2 22 23 25 40 39 36 8 46 12 7 5 27 33 
Agent: 40ids: 10 37 3 11 35 34 15 22 27 29 40 26 47 13 38 2 1 45 31 33 14 9 49 16 17 32 6 19 
Agent: 41ids: 36 46 10 7 33 31 23 44 12 19 35 45 27 4 32 9 16 48 3 22 41 11 21 49 25 40 18 26 17 29 28 14 34 24 8 30 15 38 
Agent: 42ids: 17 12 13 44 41 25 8 27 15 1 46 22 6 48 29 39 
Agent: 43ids: 38 1 36 9 43 30 34 31 
Agent: 44ids: 6 18 36 8 45 27 46 31 11 12 37 35 40 23 48 39 21 49 44 20 
Agent: 45ids: 11 10 29 14 46 7 6 4 49 22 2 16 23 35 17 12 15 31 39 27 1 24 40 48 19 43 5 37 41 33 30 3 20 36 0 28 9 25 38 21 32 34 13 18 42 44 8 
Agent: 46ids: 19 13 22 37 20 42 32 28 24 1 26 8 46 15 34 29 17 18 25 43 0 23 12 2 49 39 47 30 31 40 14 11 45 9 33 36 
Agent: 47ids: 49 40 
Agent: 48ids: 49 11 24 32 44 36 26 37 43 14 0 4 6 33 18 13 39 40 35 25 16 2 21 34 46 9 22 29 45 47 8 27 28 41 
Agent: 49ids: 40 10 29 38 26 14 49 45 25 46 48 27 36 34 43 2 8 6 39 19 37 41 5 47 
0 0 19 5881.9 1498.96 3382.94 17136.2 94 70 1 
22 11 19 4397.73 1138.11 2259.62 4143.45 33 0 0 
23 12 19 4407.8 1148.59 2259.21 4176.96 33 0 0 
24 12 19 4402.92 1143.79 2259.13 4114.48 33 0 0 
25 12 19 4405.05 1153.47 2251.58 4139.46 33 0 0 
26 13 19 4402.92 1152.39 2250.53 4090.57 33 0 0 
26 13 19 4423.46 1208.33 2215.14 4545.21 32 0 0 
27 14 19 4433.46 1218.38 2215.09 4614.69 32 0 0 
30 16 19 4420.72 1210.12 2210.6 4579.77 32 0 0 
30 16 19 4353.36 1147.17 2206.19 4016.39 32 0 0 
31 16 19 4368.57 1168.24 2200.33 4142.72 31 0 0 
31 16 19 4361.6 1163.77 2197.83 4126.62 31 0 0 
32 17 19 4361.6 1165.99 2195.61 4147.34 31 0 0 
35 19 19 4321.05 1158.28 2162.77 4089.17 31 0 0 
35 19 19 4287.84 1125.82 2162.03 3788.12 30 0 0 
35 19 19 4300.33 1139.87 2160.46 3893.78 30 0 0 
36 20 19 4300.33 1154.87 2145.46 3893.78 30 0 0 
37 20 19 4280.44 1149.54 2130.9 3829.4 30 0 0 
38 21 19 4277.44 1149.54 2127.9 3819.46 30 0 0 
41 23 19 4306.13 1205.42 2100.72 3902.95 29 0 0 
42 24 19 4298.86 1251.39 2047.46 3863.9 29 0 0 
46 27 19 4298.86 1255.09 2043.77 3746.52 29 0 0 
48 28 19 4290.18 1259.33 2030.86 3747.27 29 0 0 
49 29 19 4254.73 1256.23 1998.5 3747.01 28 0 0 
55 33 19 4254.73 1268.8 1985.93 3747.01 28 0 0 
56 34 19 4254.73 1272.11 1982.63 3747.01 28 0 0 
56 34 19 4248.83 1275.69 1973.15 3788.48 27 0 0 
56 35 19 4247.68 1281.35 1966.33 3687.4 27 0 0 
58 36 19 4211.6 1253.88 1957.72 3426.91 26 0 0 
59 37 19 4125.64 1185.96 1939.68 2940.59 26 0 0 
62 39 19 4158.12 1237.67 1920.46 2979.53 26 0 0 
65 40 19 4142.92 1237.8 1905.12 3084.15 26 0 0 
67 42 19 4142.92 1237.86 1905.06 3084.15 26 0 0 
72 46 19 4142.92 1253.07 1889.85 3084.15 26 0 0 
75 48 19 4142.92 1253.34 1889.58 3084.15 26 0 0 
76 48 19 4163.06 1280.7 1882.36 3084.15 26 0 0 
86 55 19 4124.4 1244.06 1880.34 3003.55 24 0 0 
89 57 19 4100.27 1236.19 1864.09 2771.3 24 0 0 
92 59 19 4099.52 1236.19 1863.33 2762.78 24 0 0 
92 59 19 4097.05 1236.19 1860.86 2704.17 23 0 0 
96 62 19 4076.73 1215.9 1860.83 2725.36 22 0 0 
96 62 19 4059.67 1204.02 1855.66 2664.01 22 0 0 
98 64 19 4059.67 1205.26 1854.41 2664.01 22 0 0 
103 67 19 4017.04 1167.47 1849.57 2607.26 22 0 0 
107 70 19 3988.29 1146.71 1841.58 2588.61 21 0 0 
114 75 19 3988.29 1149.77 1838.52 2588.61 21 0 0 
126 83 19 3982.87 1146.55 1836.32 2588.61 21 0 0 
131 86 19 3897.8 1084.79 1813.01 2534.6 21 0 0 
132 87 19 3897.8 1097.71 1800.09 2534.6 21 0 0 
132 87 19 3867.07 1070.2 1796.87 2389.01 20 0 0 
132 87 19 3871.88 1079.11 1792.77 2428.12 20 0 0 
135 89 19 3856.11 1064.92 1791.18 2459.25 20 0 0 
137 90 19 3860.92 1073.83 1787.08 2498.37 20 0 0 
144 95 19 3807.1 1028.97 1778.13 2377.51 20 0 0 
146 96 19 3812.6 1049.24 1763.36 2452.89 20 0 0 
148 97 19 3784.09 1028.97 1755.12 2349.89 19 0 0 
148 97 19 3777.79 1028.97 1748.83 2569.13 19 0 0 
159 105 19 3940.12 1198.41 1741.72 2576.92 19 0 0 
163 108 19 3950.35 1218.68 1731.67 2594.19 19 0 0 
167 111 19 3949.45 1218.8 1730.65 2525.74 19 0 0 
167 111 19 3950.35 1223.65 1726.71 2594.19 19 0 0 
171 114 19 3949.03 1241.21 1707.82 2555.41 19 0 0 
175 117 19 3949.03 1260.97 1688.06 2555.41 19 0 0 
175 117 19 3860.07 1174.53 1685.54 1462.11 18 0 0 
177 118 19 3805.86 1146.11 1659.75 1179.47 16 0 0 
177 118 19 3884.34 1226.46 1657.88 1232.32 16 0 0 
179 120 19 3871.04 1216.46 1654.58 1142.11 16 0 0 
182 121 19 3866.87 1212.51 1654.36 1189.96 16 0 0 
198 132 19 3867.2 1214.91 1652.29 1241.08 16 0 0 
203 135 19 3799.78 1156.31 1643.47 1241.08 16 0 0 
213 141 19 3788.54 1146.23 1642.31 1162.34 15 0 0 
249 163 19 3773.5 1138.48 1635.03 1115.89 15 0 0 
253 166 19 3780.91 1164.4 1616.51 1157.55 15 0 0 
295 191 19 3778.24 1164.4 1613.84 1151.48 15 0 0 
316 205 19 3757.24 1144.56 1612.68 1112.77 15 0 0 
322 209 19 3771.76 1166.41 1605.36 1174.67 15 0 0 
342 221 19 3749.04 1144.56 1604.48 1100.33 15 0 0 
352 227 19 3754.46 1157.18 1597.28 1100.33 15 0 0 
441 287 19 3747.34 1156.45 1590.89 1075.21 15 0 0 
459 299 19 3757.38 1168.88 1588.51 1159.31 15 0 0 
461 300 19 3750.59 1166.68 1583.91 1165.98 15 0 0 
571 373 19 3761.34 1181.81 1579.53 1218.38 15 0 0 
605 396 19 3762.72 1186.36 1576.36 1207.42 15 0 0 
612 401 19 3679.24 1104.22 1575.02 997.443 14 0 0 
675 442 19 3669.17 1098.51 1570.66 904.825 14 0 0 
701 460 19 3676.24 1107.39 1568.85 918.968 14 0 0 
716 470 19 3690.67 1124.28 1566.39 1000.51 14 0 0 
728 479 19 3690.5 1124.28 1566.22 1016.54 14 0 0 
737 486 19 3676.24 1110.53 1565.71 908.682 14 0 0 
739 487 19 3666.28 1107.64 1558.64 793.64 13 0 0 
746 493 19 3688.58 1133.52 1555.07 793.64 13 0 0 
805 534 19 3688.58 1136.18 1552.4 793.64 13 0 0 
909 607 19 3539.57 994.949 1544.62 726.797 13 0 0 
916 612 19 3519.96 980.418 1539.54 716.149 13 0 0 
918 613 19 3502.75 966.243 1536.5 541.72 12 0 0 
922 617 19 3504.16 969.243 1534.91 562.599 12 0 0 
1203 811 19 3479.45 947.188 1532.26 562.599 12 0 0 
1278 864 19 3479.02 951.726 1527.29 562.599 12 0 0 
1354 917 19 3473.6 948.506 1525.09 562.599 12 0 0 
1804 1233 19 3483.75 965.167 1518.58 620.728 12 0 0 
2037 1400 19 3461.72 943.167 1518.55 620.728 12 0 0 
3307 2296 19 3452.2 935.277 1516.93 673.84 12 0 0 
3369 2340 19 3458.11 948.737 1509.37 682.165 12 0 0 
3556 2473 19 3458.11 956.566 1501.54 682.165 12 0 0 
3569 2482 19 3458.11 956.636 1501.47 682.165 12 0 0 
3585 2493 19 3458.11 958.364 1499.74 682.165 12 0 0 
3846 2673 19 3480.28 982.159 1498.12 762.956 12 0 0 
4053 2813 19 3496.29 998.372 1497.92 773.578 12 0 0 
7204 4960 19 3482.01 997.826 1484.18 783.38 12 0 0 
7234 4981 19 3486.97 1012.38 1474.59 764.259 12 0 0 
