0 0 19 5628.24 1042.85 3585.39 31179.7 92 132 3 
0 0 19 5187.99 1329.28 2858.72 10762.7 47 0 0 
1 0 19 5191.26 1340.6 2850.66 10873.5 47 0 0 
1 0 19 4872.67 1155.46 2717.21 8168.03 40 0 0 
1 0 19 4939.8 1274.66 2665.14 8318.08 39 0 0 
1 0 19 4766.35 1148.44 2617.9 6049.8 37 0 0 
2 0 19 4757.25 1145.56 2611.69 6281.81 37 0 0 
3 0 19 4722.42 1126.8 2595.62 5806.32 37 0 0 
3 1 19 4733.08 1187.04 2546.04 5838.13 37 0 0 
4 1 19 4743.16 1220.18 2522.99 5861.91 37 0 0 
5 2 19 4650.56 1179.56 2470.99 7126.79 37 0 0 
6 2 19 4660.49 1220.19 2440.3 5847.08 36 0 0 
7 3 19 4649.67 1226.24 2423.43 5912.44 36 0 0 
8 3 19 4649.67 1226.36 2423.31 5912.44 36 0 0 
8 3 19 4644.79 1228.22 2416.57 5842.68 36 0 0 
8 3 19 4644.79 1233.86 2410.94 5823.48 36 0 0 
10 4 19 4594.01 1230.41 2363.6 7807.72 36 0 0 
11 5 19 4618.39 1269.91 2348.49 7941.27 36 0 0 
11 5 19 4603.38 1270.96 2332.42 7547.83 34 0 0 
11 5 19 4546.16 1228.83 2317.34 7320.88 34 0 0 
12 5 19 4509.76 1227.02 2282.74 6981.21 34 0 0 
12 5 19 4503.58 1226.63 2276.95 6878.71 34 0 0 
13 6 19 4332.6 1104.78 2227.82 3980.11 31 0 0 
15 7 19 4302.38 1114.09 2188.29 3828.38 31 0 0 
15 7 19 4302.38 1119.29 2183.09 3828.38 31 0 0 
15 7 19 4314.56 1137.61 2176.95 3937.92 31 0 0 
16 8 19 4284.34 1146.92 2137.42 3786.19 31 0 0 
16 8 19 4293.05 1177.02 2116.03 4036.35 31 0 0 
17 9 19 4283.74 1173.28 2110.46 4019.64 30 0 0 
21 11 19 4251.61 1143.88 2107.73 3663.64 29 0 0 
22 12 19 4251.08 1143.88 2107.2 3679.89 29 0 0 
23 12 19 4212.88 1133.79 2079.08 3263.28 29 0 0 
24 13 19 4175.67 1117.11 2058.56 2925.08 29 0 0 
26 14 19 4175.67 1132.05 2043.62 2925.08 29 0 0 
26 14 19 4168.94 1143.73 2025.21 2924.11 29 0 0 
28 15 19 4179.84 1167.85 2012 2998.34 29 0 0 
29 16 19 4169.33 1157.44 2011.89 2947.07 29 0 0 
30 16 19 4173.21 1165.11 2008.1 2945.4 28 0 0 
31 17 19 4173.21 1165.14 2008.08 2917.25 28 0 0 
32 18 19 4176.28 1169.49 2006.8 2948.25 28 0 0 
34 19 19 4173.21 1179.42 1993.79 2981.58 28 0 0 
36 20 19 4177.55 1189.69 1987.86 2933.54 28 0 0 
36 21 19 4167.04 1179.28 1987.75 2882.28 28 0 0 
38 21 19 4178.28 1194.97 1983.3 2957.94 28 0 0 
38 22 19 4173.03 1190.15 1982.88 2933.54 28 0 0 
39 22 19 4176.1 1194.5 1981.6 2964.54 28 0 0 
39 22 19 4173.89 1196.68 1977.21 2859.82 27 0 0 
40 23 19 4162.99 1186.59 1976.4 2785.04 27 0 0 
40 23 19 4179.84 1205.19 1974.65 2908.79 26 0 0 
42 24 19 4179.84 1211.61 1968.23 2908.79 26 0 0 
43 25 19 4156.88 1195.71 1961.18 2785 26 0 0 
44 26 19 4167.34 1211.23 1956.11 2888.71 26 0 0 
45 26 19 4192.87 1256.49 1936.38 2955.61 26 0 0 
47 27 19 4123.93 1194.86 1929.07 2443.75 26 0 0 
49 28 19 4123.93 1219.97 1903.96 2443.75 26 0 0 
50 30 19 4094.84 1211.01 1883.83 2772.6 25 0 0 
52 31 19 4091.2 1211.01 1880.19 2762.62 25 0 0 
55 33 19 4084.48 1215.44 1869.04 2670.15 25 0 0 
59 35 19 4074.1 1205.9 1868.2 2593 25 0 0 
62 37 19 4073.31 1205.9 1867.41 2616.57 25 0 0 
62 38 19 4074.1 1213.51 1860.6 2582.43 25 0 0 
63 38 19 4079.16 1234.88 1844.28 2707.84 25 0 0 
67 41 19 4115.22 1280.99 1834.23 2749.88 25 0 0 
69 42 19 4100 1295.16 1804.84 2724.2 24 0 0 
71 44 19 4096.45 1295.16 1801.28 2739.54 24 0 0 
72 44 19 4077.34 1278.87 1798.47 2442.17 24 0 0 
75 46 19 4048.59 1256.18 1792.41 2352.78 23 0 0 
77 48 19 4048.59 1263.57 1785.02 2287.87 23 0 0 
78 49 19 4048.59 1265.8 1782.79 2325.95 23 0 0 
80 50 19 4059.36 1277.12 1782.24 2331.36 23 0 0 
88 55 19 4055.86 1277.12 1778.74 2326.88 23 0 0 
89 56 19 4057.95 1281.2 1776.75 2300.64 23 0 0 
89 56 19 4040.96 1271.67 1769.29 2252.59 23 0 0 
90 57 19 4042.21 1286.32 1755.9 2252.59 23 0 0 
93 58 19 4040.65 1286.32 1754.33 2273.85 23 0 0 
118 75 19 4040.65 1305.15 1735.5 2261.82 22 0 0 
126 81 19 4040.24 1305.15 1735.09 2348.54 22 0 0 
129 83 19 3995.02 1308.99 1686.03 3019.66 22 0 0 
137 89 19 4005.17 1322.06 1683.11 3077.64 22 0 0 
144 94 19 4005.17 1326.73 1678.44 3077.64 22 0 0 
145 94 19 4005.17 1328.9 1676.28 3077.64 22 0 0 
150 97 19 3984.61 1308.96 1675.65 2923.69 21 0 0 
163 107 19 3984.61 1320.55 1664.07 2923.69 21 0 0 
178 117 19 3984.59 1320.55 1664.04 2948.8 21 0 0 
178 117 19 3993.04 1330.08 1662.96 3003.18 21 0 0 
188 124 19 3993.04 1339.93 1653.11 3003.18 21 0 0 
218 144 19 3982.66 1333.04 1649.62 2908.34 21 0 0 
241 159 19 3976.76 1335.62 1641.14 2801.96 21 0 0 
249 164 19 3970.99 1337.22 1633.77 2798.99 21 0 0 
252 167 19 3953.04 1323.84 1629.21 2082.29 21 0 0 
258 171 19 3841 1215.07 1625.92 2130.73 21 0 0 
260 172 19 3925.44 1308.82 1616.62 1280.83 21 0 0 
263 174 19 3924.19 1313.22 1610.97 1279.21 21 0 0 
266 176 19 3917.1 1310.58 1606.52 1190.74 20 0 0 
267 177 19 3924.6 1323.21 1601.39 1179.92 19 0 0 
278 184 19 3924.6 1324.2 1600.4 1179.92 19 0 0 
283 187 19 3918.18 1323.21 1594.97 1150.06 19 0 0 
289 190 19 3918.18 1324.2 1593.97 1150.06 19 0 0 
291 191 19 3918.18 1325.09 1593.09 1150.06 19 0 0 
296 194 19 3871.49 1283.19 1588.3 1150.06 19 0 0 
297 195 19 3870.24 1285.83 1584.41 1147.17 19 0 0 
321 210 19 3870.24 1293.58 1576.66 1147.17 19 0 0 
335 219 19 3857.4 1283.53 1573.87 1064.77 19 0 0 
359 234 19 3852.02 1285.62 1566.4 1098.91 19 0 0 
361 235 19 3872.5 1306.67 1565.83 1139.87 19 0 0 
364 237 19 3882.84 1318.58 1564.27 1188.14 19 0 0 
364 237 19 3893.11 1330.79 1562.32 1222.28 19 0 0 
378 246 19 3893.11 1332.55 1560.56 1222.28 19 0 0 
379 246 19 3888.09 1342.79 1545.29 1217.25 19 0 0 
390 253 19 3853.37 1312.77 1540.6 1173.27 19 0 0 
399 259 19 3853.37 1314.03 1539.34 1167.43 19 0 0 
414 268 19 3853.37 1315.03 1538.34 1167.43 19 0 0 
419 271 19 3826.75 1289.81 1536.94 1167.43 19 0 0 
437 283 19 3831.22 1294.3 1536.92 1157.1 19 0 0 
448 290 19 3834.16 1302.52 1531.64 1114.1 18 0 0 
473 307 19 3822.44 1290.8 1531.64 1097.11 17 0 0 
503 327 19 3821.71 1290.8 1530.9 1155.16 17 0 0 
503 327 19 3802.75 1283.03 1519.71 1062.98 17 0 0 
522 340 19 3768.1 1248.95 1519.14 1062.98 17 0 0 
549 358 19 3696.8 1187.18 1509.62 978.862 17 0 0 
574 375 19 3709.04 1203.19 1505.85 978.862 17 0 0 
667 437 19 3708.31 1203.19 1505.12 1036.9 17 0 0 
670 439 19 3709.04 1203.98 1505.07 978.862 17 0 0 
694 455 19 3708.6 1203.98 1504.63 1036.41 17 0 0 
793 520 19 3680.06 1178.75 1501.31 1038.03 17 0 0 
809 531 19 3680.06 1182.3 1497.76 1038.03 17 0 0 
852 558 19 3718.6 1221.14 1497.46 1076.58 17 0 0 
906 592 19 3718.6 1223.37 1495.24 1063.92 17 0 0 
1056 687 19 3697.95 1203.2 1494.74 1063.92 17 0 0 
1122 731 19 3697.95 1205.33 1492.61 1063.92 17 0 0 
1123 732 19 3716.26 1224.77 1491.49 1097.88 17 0 0 
1193 777 19 3695.6 1204.6 1491 1097.88 17 0 0 
1216 792 19 3700.48 1214.18 1486.3 1116.31 17 0 0 
1279 833 19 3700.48 1216.31 1484.17 1116.31 17 0 0 
1520 995 19 3700.48 1218.27 1482.21 1173.72 17 0 0 
1577 1031 19 3716.15 1239.68 1476.47 1206.43 17 0 0 
1697 1106 19 3695.47 1220.29 1475.18 1227.95 17 0 0 
1711 1115 19 3695.47 1221.72 1473.75 1144.36 16 0 0 
1711 1116 19 3718.62 1247.11 1471.51 1144.36 16 0 0 
1776 1156 19 3687.34 1219.25 1468.1 1144.36 16 0 0 
2072 1345 19 3677.05 1209.23 1467.82 1127.32 16 0 0 
2182 1412 19 3663.36 1197.78 1465.58 1093.55 16 0 0 
2191 1417 19 3663.36 1200.44 1462.92 1103.71 16 0 0 
2224 1439 19 3663.36 1205.19 1458.17 1103.71 16 0 0 
2274 1471 19 3663.36 1208.64 1454.72 1103.71 16 0 0 
2373 1538 19 3662.84 1208.64 1454.2 1095.46 16 0 0 
2454 1591 19 3632.22 1180.66 1451.55 1103.59 16 0 0 
2761 1796 19 3621.69 1170.8 1450.89 1101.25 16 0 0 
2902 1890 19 3560.81 1112.38 1448.43 1276.97 16 0 0 
2904 1891 19 3558.13 1112.38 1445.75 1274.66 16 0 0 
2906 1893 19 3546.52 1102.85 1443.67 1220.37 16 0 0 
2916 1899 19 3546.52 1103.84 1442.67 1220.37 16 0 0 
2936 1913 19 3546.52 1110.68 1435.84 1220.37 16 0 0 
2945 1919 19 3546.52 1112.41 1434.11 1220.37 16 0 0 
3051 1992 19 3535.61 1106.2 1429.41 1120.2 16 0 0 
3320 2175 19 3535.29 1106.2 1429.09 1151.42 16 0 0 
3479 2282 19 3535.29 1106.28 1429.01 1151.42 16 0 0 
3515 2306 19 3535.29 1111.06 1424.23 1079.01 16 0 0 
6900 4627 19 3536.15 1112.46 1423.7 1097.35 16 0 0 
