0 0 19 6200.43 1574.5 3625.93 18229.5 87 34 1 
0 0 19 5183.99 1200.53 2983.45 10041.7 48 11 1 
1 0 19 5179.76 1214.02 2965.73 10090.2 47 11 1 
1 0 19 4560.41 1127.77 2432.63 6070.22 42 0 0 
3 0 19 4556.48 1134.91 2421.58 6058.35 42 0 0 
3 0 19 4522.55 1124.79 2397.76 6060.25 42 0 0 
3 1 19 4445.76 1113.36 2332.4 6530.21 40 0 0 
3 1 19 4437.96 1133.69 2304.27 6051.02 40 0 0 
4 1 19 4447.09 1153.12 2293.97 6105.78 40 0 0 
4 1 19 4368.79 1087.64 2281.14 5368.26 39 0 0 
10 5 19 4366.7 1132.38 2234.32 5418.98 39 0 0 
10 6 19 4306.08 1082.82 2223.26 5885.05 39 0 0 
11 6 19 4243.89 1077.44 2166.44 5393.38 38 0 0 
13 8 19 4248.36 1106.18 2142.18 5435.12 38 0 0 
14 8 19 4218.46 1091.6 2126.86 5405.22 38 0 0 
14 9 19 4224.08 1099.39 2124.68 5394.87 38 0 0 
15 9 19 4215.01 1099.39 2115.61 5355.24 38 0 0 
17 11 19 4213.07 1112.55 2100.52 5365.14 37 0 0 
17 11 19 4191.32 1107.4 2083.92 5252.89 37 0 0 
20 13 19 4176.72 1096.45 2080.27 5021.24 36 0 0 
22 15 19 4175.42 1096.45 2078.97 4931.72 36 0 0 
23 15 19 4205.1 1135.38 2069.72 5134.9 36 0 0 
24 17 19 4199.5 1135.38 2064.12 5070.51 36 0 0 
27 19 19 4199.5 1155.65 2043.86 5070.51 36 0 0 
27 19 19 4064.07 1021.96 2042.11 5363.1 36 0 0 
28 20 19 4058.47 1021.96 2036.51 5312.09 36 0 0 
28 20 19 4141.47 1121.55 2019.92 4892.74 35 0 0 
30 21 19 4136.48 1121.55 2014.93 4903.04 35 0 0 
30 22 19 4139.06 1126.17 2012.89 4942.19 35 0 0 
32 23 19 4145.85 1146.55 1999.3 4732.25 35 0 0 
33 24 19 4124.79 1157.91 1966.88 4333.18 33 0 0 
35 26 19 4124.79 1176.14 1948.65 4333.18 33 0 0 
36 27 19 4124.79 1183.7 1941.09 4333.18 33 0 0 
38 29 19 4129.03 1190.31 1938.71 4334.7 33 0 0 
40 31 19 4102.35 1169.08 1933.27 4135.41 31 0 0 
41 32 19 4093.22 1172.08 1921.15 4042.23 30 0 0 
43 33 19 4097.46 1178.69 1918.77 4043.75 30 0 0 
47 37 19 4099.98 1185.18 1914.8 4047.47 30 0 0 
50 39 19 4084.65 1185.54 1899.11 3973.59 29 0 0 
53 42 19 4087.22 1190.15 1897.07 4010.17 29 0 0 
55 44 19 4069.37 1190.12 1879.25 3263.95 28 0 0 
56 44 19 4052.3 1173.83 1878.46 3167.74 27 0 0 
57 46 19 4030.03 1158.46 1871.57 2906.76 27 0 0 
60 48 19 4013.09 1144.38 1868.7 2831.11 26 0 0 
62 50 19 4011.73 1144.38 1867.35 2832.75 26 0 0 
67 54 19 4041.81 1175.7 1866.11 3031.74 26 0 0 
68 55 19 4037.72 1175.7 1862.01 2905.99 26 0 0 
69 56 19 4074.4 1238.4 1836.01 2896.14 26 0 0 
78 64 19 4087.7 1253.77 1833.92 3112.55 26 0 0 
80 65 19 4080.9 1253.77 1827.13 2953.93 26 0 0 
83 68 19 4078.39 1254.87 1823.52 2953.93 26 0 0 
83 68 19 4074.4 1255.04 1819.36 2896.14 26 0 0 
85 69 19 4076.98 1259.66 1817.32 2927.57 26 0 0 
90 74 19 4083.48 1275.03 1808.44 2985.36 26 0 0 
113 94 19 4044.43 1239.21 1805.23 2230.58 26 0 0 
117 97 19 4055.81 1250.74 1805.07 2215.14 25 0 0 
117 97 19 4052.92 1250.74 1802.18 2215.14 25 0 0 
120 100 19 4023.11 1225.56 1797.55 2167.01 25 0 0 
120 101 19 4022.74 1229.05 1793.69 2101.97 25 0 0 
122 102 19 4022.74 1232.66 1790.08 2101.97 25 0 0 
130 109 19 3982.2 1194.95 1787.25 1954.45 25 0 0 
138 116 19 3997.58 1242.07 1755.51 2124.76 25 0 0 
142 119 19 3997.58 1246.04 1751.54 2150 25 0 0 
143 119 19 3997.58 1246.13 1751.45 2157.38 25 0 0 
144 120 19 4009.66 1259.56 1750.1 2236.63 25 0 0 
152 126 19 4008.82 1259.56 1749.26 2301.67 25 0 0 
154 128 19 4008.82 1282.94 1725.88 2301.67 25 0 0 
175 146 19 4008.82 1288.4 1720.42 2301.67 25 0 0 
179 149 19 3987.62 1280.87 1706.76 2223.7 25 0 0 
181 151 19 3987.62 1282.64 1704.99 2223.7 25 0 0 
182 152 19 3987.27 1282.64 1704.63 2072.46 24 0 0 
184 153 19 3995.42 1290.85 1704.57 2161.5 24 0 0 
196 163 19 3995.42 1293.83 1701.59 2161.5 24 0 0 
202 169 19 3905.75 1212.2 1693.55 2102.29 24 0 0 
210 175 19 3900.94 1212.2 1688.74 2072.4 24 0 0 
236 196 19 3900.94 1216.43 1684.51 2049.3 24 0 0 
237 197 19 3900.94 1219.99 1680.96 2006.15 23 0 0 
244 203 19 3901.1 1221.5 1679.6 1995.11 23 0 0 
244 204 19 3901.43 1221.84 1679.59 2039 23 0 0 
248 207 19 3867.62 1190.53 1677.09 1933.48 23 0 0 
250 209 19 3867.78 1192.05 1675.73 1922.44 23 0 0 
258 216 19 3867.78 1202.04 1665.74 1921.77 23 0 0 
269 225 19 3879.68 1223.75 1655.93 1971.04 23 0 0 
272 228 19 3871.92 1223.75 1648.17 1937.33 23 0 0 
289 243 19 3866.7 1222.47 1644.23 1907.5 23 0 0 
292 245 19 3858.36 1215.16 1643.2 1864.5 23 0 0 
322 271 19 3860.99 1220.3 1640.69 1903.6 23 0 0 
326 274 19 3863.79 1225.46 1638.33 1911.04 23 0 0 
335 282 19 3844.34 1212.59 1631.76 1880.97 23 0 0 
338 284 19 3858.36 1242.18 1616.18 1861.97 23 0 0 
356 300 19 3840.91 1225.88 1615.04 1826.97 23 0 0 
358 301 19 3873.68 1261.14 1612.53 1903.13 23 0 0 
359 303 19 3886.18 1279.37 1606.8 1957.56 23 0 0 
367 309 19 3879.21 1275.54 1603.67 1945.63 23 0 0 
418 354 19 3879.21 1279.03 1600.18 1945.63 23 0 0 
441 375 19 3855.64 1260.74 1594.9 1813.19 23 0 0 
447 380 19 3858.04 1264.41 1593.63 1719.68 23 0 0 
450 383 19 3858.04 1265.37 1592.68 1719.68 23 0 0 
452 384 19 3847.23 1256.12 1591.1 1635.47 23 0 0 
458 390 19 3847.23 1257.05 1590.18 1636.67 23 0 0 
509 435 19 3827.36 1244.18 1583.18 1549.73 22 0 0 
515 439 19 3841.5 1259.4 1582.09 1704.76 22 0 0 
528 451 19 3841.5 1262.12 1579.37 1704.76 22 0 0 
606 520 19 3847.94 1270.71 1577.23 1730.68 22 0 0 
656 564 19 3847.94 1274.77 1573.17 1730.68 22 0 0 
698 599 19 3841.89 1274.77 1567.12 1847.57 22 0 0 
707 606 19 3848.93 1282.44 1566.49 1931.34 22 0 0 
707 606 19 3839.86 1274.77 1565.09 1822.43 22 0 0 
754 646 19 3835.3 1274.35 1560.95 1895.02 22 0 0 
758 650 19 3887.64 1329.1 1558.54 1829.79 22 0 0 
787 673 19 3896.8 1340.82 1555.99 1928.25 22 0 0 
803 687 19 3896.2 1340.82 1555.38 1963.81 22 0 0 
805 689 19 3894.75 1340.82 1553.94 1929.66 22 0 0 
834 711 19 3884.74 1335.64 1549.1 1871.66 21 0 0 
853 728 19 3884.74 1337.75 1546.99 1871.66 21 0 0 
862 736 19 3871.01 1325.61 1545.4 1845.78 21 0 0 
870 744 19 3871.01 1327.88 1543.14 1840.72 21 0 0 
918 787 19 3873.81 1331.71 1542.1 2006.27 21 0 0 
919 788 19 3871.01 1329.85 1541.16 1840.72 21 0 0 
1006 865 19 3871.1 1331.3 1539.8 1840.81 21 0 0 
1057 912 19 3867.16 1329.82 1537.33 2030.96 21 0 0 
1131 978 19 3866.54 1329.82 1536.72 2051.18 21 0 0 
1180 1021 19 3793.42 1263.44 1529.98 1988.35 21 0 0 
1282 1110 19 3789.98 1263.44 1526.54 2175.59 21 0 0 
1304 1130 19 3800.93 1275.58 1525.34 2174.01 21 0 0 
1408 1221 19 3808.75 1286.09 1522.66 2174.01 21 0 0 
1576 1368 19 3791.44 1269.51 1521.94 2174.01 21 0 0 
1604 1394 19 3795.2 1273.56 1521.64 2146.73 21 0 0 
1607 1396 19 3793.02 1273.56 1519.46 1939.1 21 0 0 
1621 1408 19 3785.11 1276.22 1508.89 1939.1 21 0 0 
1693 1468 19 3783.69 1276.22 1507.47 1923.1 21 0 0 
1790 1546 19 3783.69 1285.12 1498.57 1923.1 21 0 0 
1805 1558 19 3797.99 1299.9 1498.09 1985.32 21 0 0 
1877 1617 19 3796.18 1299.9 1496.27 2015.47 21 0 0 
1927 1658 19 3843.63 1349.8 1493.83 2015.47 21 0 0 
1945 1673 19 3841.41 1347.96 1493.45 2049.65 21 0 0 
1963 1687 19 3834.54 1343.04 1491.5 1932.9 21 0 0 
2087 1791 19 3834.43 1343.66 1490.77 1931.72 21 0 0 
2098 1799 19 3834.43 1344.65 1489.77 1931.72 21 0 0 
2221 1894 19 3834.43 1350.5 1483.93 1937.32 21 0 0 
2222 1895 19 3724.96 1242.27 1482.69 1937.32 21 0 0 
2253 1920 19 3724.96 1247.22 1477.74 1933.35 21 0 0 
2474 2109 19 3730.65 1253.56 1477.1 2041.08 21 0 0 
2507 2138 19 3729.71 1253.56 1476.15 2015.08 21 0 0 
2511 2141 19 3724.76 1253.56 1471.21 2015.85 21 0 0 
2678 2280 19 3721.41 1250.8 1470.61 2015.85 21 0 0 
3140 2682 19 3722.49 1254.97 1467.52 1980.27 21 0 0 
3156 2696 19 3683.82 1219.33 1464.49 1931.61 21 0 0 
3770 3228 19 3683.82 1225.7 1458.12 1931.61 21 0 0 
4222 3619 19 3683.82 1228.03 1455.79 1960.6 21 0 0 
5242 4497 19 3787.43 1336.59 1450.84 1926.47 21 0 0 
5279 4528 19 3787.43 1341.81 1445.62 1926.47 21 0 0 
5390 4627 19 3787.12 1341.81 1445.31 1923.1 21 0 0 
5680 4881 19 3780.41 1336.39 1444.02 1964.45 21 0 0 
