0 0 19 6042.12 1308.98 3733.15 22111.8 92 71 1 
0 0 19 5186.77 1271.61 2915.16 12017.1 46 41 1 
1 0 19 4939.94 1092.96 2846.98 10305.9 45 19 2 
1 0 19 4761.14 986.125 2775.02 8909.84 43 0 0 
2 0 19 4722 955.953 2766.05 8757.47 41 0 0 
3 0 19 4630.41 939.435 2690.98 7612.48 40 0 0 
3 0 19 4637.88 965.177 2672.7 7463.94 39 0 0 
3 1 19 4651.24 978.976 2672.27 7468.4 39 0 0 
4 1 19 4621.55 984.177 2637.37 7093.1 38 0 0 
5 1 19 4593.08 1006.34 2586.73 6999.22 37 0 0 
5 2 19 4560.57 1022.73 2537.84 7017.96 37 0 0 
8 3 19 4573.94 1039.25 2534.69 7095.33 37 0 0 
8 3 19 4402.26 885.176 2517.08 7118.53 33 0 0 
8 3 19 4371.55 929.354 2442.2 6830.81 33 0 0 
8 3 19 4361.34 919.672 2441.66 6889.12 33 0 0 
9 4 19 4320.06 894.578 2425.48 6853.31 33 0 0 
9 4 19 4386.9 998.478 2388.42 6847.05 32 0 0 
11 5 19 4375.96 996.192 2379.77 6776.88 31 0 0 
13 6 19 4375.96 1001.88 2374.08 6701.7 30 0 0 
13 6 19 4361.55 996.72 2364.83 6564.7 30 0 0 
15 7 19 4354.74 1014.19 2340.54 6599.73 30 0 0 
16 8 19 4331 991.1 2339.9 6419.2 30 0 0 
17 9 19 4333.01 1034.21 2298.8 5812.18 29 0 0 
18 10 19 4333.01 1039.89 2293.12 5737 28 0 0 
18 10 19 4348.19 1073.97 2274.22 5269.54 26 0 0 
19 10 19 4316.03 1059.51 2256.53 5050.91 26 0 0 
20 11 19 4314.57 1059.51 2255.06 5038.18 26 0 0 
21 11 19 4310.05 1063.85 2246.2 5038.18 26 0 0 
21 12 19 4214.54 1038.61 2175.94 4621.89 26 0 0 
22 12 19 4195.69 1056.87 2138.82 4635.46 26 0 0 
22 12 19 4179.85 1056.87 2122.98 4607.25 26 0 0 
24 13 19 4145.13 1058.54 2086.58 4562.07 25 0 0 
25 14 19 4116.57 1030.03 2086.54 4299.13 25 0 0 
27 15 19 4102.37 1035.66 2066.71 4168.21 25 0 0 
28 16 19 4067.02 1009.69 2057.34 4168.21 25 0 0 
29 17 19 4045.55 995.465 2050.08 4166.73 25 0 0 
32 18 19 4043.43 995.465 2047.97 4152.75 25 0 0 
32 18 19 4061.03 1017.41 2043.62 4170.35 25 0 0 
33 19 19 4048.77 1006.65 2042.12 3930.25 24 0 0 
36 21 19 4062.85 1037.5 2025.35 3776.22 24 0 0 
41 24 19 4040.84 1021.5 2019.34 3448.24 24 0 0 
42 25 19 4034.64 1021.5 2013.14 3398.87 24 0 0 
46 27 19 4020.26 1010.74 2009.52 3144.79 23 0 0 
54 33 19 4020.26 1022.21 1998.05 3144.79 23 0 0 
55 34 19 3956.97 967.45 1989.52 2320.52 21 0 0 
57 35 19 3946.31 967.45 1978.86 2171.2 21 0 0 
59 36 19 3946.31 977.975 1968.34 2171.2 21 0 0 
64 39 19 3955.02 1007.61 1947.41 2213.15 21 0 0 
65 41 19 3955.02 1013.45 1941.58 2213.15 21 0 0 
66 41 19 3884.89 981.397 1903.49 2119.86 20 0 0 
67 42 19 3879.85 981.397 1898.45 2091.53 20 0 0 
89 58 19 3880.38 997.812 1882.57 2065.48 20 0 0 
92 60 19 3873.35 992.409 1880.94 2042.28 20 0 0 
105 69 19 3866.43 1002.61 1863.82 2182.63 20 0 0 
107 70 19 3862.52 1002.04 1860.48 2325.94 20 0 0 
108 71 19 3859.43 1002.04 1857.39 2313.12 20 0 0 
110 72 19 3855.25 1002.04 1853.21 1976.09 20 0 0 
121 79 19 3860.36 1012.03 1848.32 2020.35 20 0 0 
122 80 19 3878.22 1031.05 1847.17 1937.47 19 0 0 
122 80 19 3878.22 1035.01 1843.21 1973.32 19 0 0 
126 83 19 3825.46 985.075 1840.38 1924.91 19 0 0 
133 88 19 3809.4 990.624 1818.78 1780.73 19 0 0 
134 88 19 3806.28 993.457 1812.83 1809.27 18 0 0 
138 91 19 3827.48 1025.95 1801.53 1809.27 18 0 0 
143 94 19 3827.48 1027.71 1799.78 1787.64 17 0 0 
147 97 19 3820.86 1026.48 1794.39 1817.23 17 0 0 
148 97 19 3844.88 1054.18 1790.7 1910.17 17 0 0 
156 103 19 3833.56 1048.75 1784.81 1799.18 16 0 0 
162 108 19 3833.56 1068.39 1765.17 1799.18 16 0 0 
168 112 19 3835.16 1071.49 1763.66 1433.54 16 0 0 
177 118 19 3834.95 1080.7 1754.25 1433.33 16 0 0 
181 121 19 3834.95 1083.87 1751.08 1433.33 16 0 0 
184 123 19 3834.95 1084.18 1750.77 1400.35 16 0 0 
194 130 19 3834.95 1088.14 1746.81 1425.59 16 0 0 
199 134 19 3834.95 1095.08 1739.87 1425.59 16 0 0 
221 148 19 3816.55 1091.12 1725.43 1400.35 16 0 0 
231 155 19 3816.55 1092.32 1724.22 1400.35 16 0 0 
236 158 19 3821.29 1111.14 1710.15 1119.21 16 0 0 
239 161 19 3808.99 1108.13 1700.86 1096.99 15 0 0 
244 164 19 3808.99 1112.1 1696.9 1122.23 15 0 0 
245 165 19 3784.62 1091.34 1693.29 1040.94 14 0 0 
269 180 19 3778 1094.49 1683.51 1045.57 14 0 0 
270 181 19 3778 1099.62 1678.38 1045.57 14 0 0 
271 182 19 3802.77 1126.39 1676.39 1045.57 14 0 0 
275 184 19 3626.36 959.385 1666.98 1045.57 14 0 0 
275 184 19 3632.98 966.035 1666.94 1068.88 14 0 0 
281 188 19 3606.96 940.816 1666.15 1029.76 14 0 0 
281 188 19 3605.51 940.816 1664.69 1049.82 14 0 0 
287 192 19 3575.2 911.532 1663.67 834.38 14 0 0 
287 193 19 3600.86 937.827 1663.04 930.778 14 0 0 
303 203 19 3601.86 952.914 1648.95 930.778 14 0 0 
325 218 19 3582.83 940.526 1642.3 836.75 14 0 0 
400 268 19 3592.9 955.976 1636.93 916.562 14 0 0 
400 268 19 3582.83 947.323 1635.51 823.944 14 0 0 
423 285 19 3571.76 936.431 1635.33 816.31 14 0 0 
480 326 19 3573.19 939.329 1633.86 749.183 14 0 0 
480 326 19 3583.51 952.402 1631.11 844.827 14 0 0 
494 336 19 3578.5 952.348 1626.15 844.827 14 0 0 
529 361 19 3590.75 969.097 1621.65 910.632 14 0 0 
554 379 19 3699.9 1082.69 1617.21 881.47 14 0 0 
556 381 19 3671.42 1057.13 1614.29 968.176 14 0 0 
568 389 19 3672.84 1060.03 1612.82 901.05 14 0 0 
585 401 19 3674.4 1064.74 1609.67 974.271 14 0 0 
586 401 19 3674.4 1073.82 1600.58 974.271 14 0 0 
706 488 19 3552.22 952.014 1600.2 974.271 14 0 0 
724 501 19 3552.22 967.975 1584.24 974.271 14 0 0 
747 517 19 3548.6 967.975 1580.62 975.052 14 0 0 
802 555 19 3545.28 967.322 1577.96 975.052 14 0 0 
809 561 19 3536.07 960.368 1575.7 975.052 14 0 0 
813 563 19 3545.28 973.016 1572.26 975.052 14 0 0 
827 573 19 3543.28 977.449 1565.83 951.749 14 0 0 
841 583 19 3523.05 970.166 1552.89 896.219 14 0 0 
845 586 19 3529.67 976.816 1552.86 919.522 14 0 0 
946 656 19 3528.82 977.449 1551.37 924.812 14 0 0 
972 674 19 3543.57 994.326 1549.25 1004.81 14 0 0 
1002 696 19 3537.82 996.736 1541.08 1004.81 14 0 0 
1095 761 19 3535.32 996.387 1538.93 1004.81 14 0 0 
1323 921 19 3501.22 962.429 1538.79 1004.81 14 0 0 
1332 927 19 3522.37 986.484 1535.88 1053.27 13 0 0 
1367 951 19 3520.4 988.874 1531.52 1000.21 13 0 0 
1408 980 19 3529.5 999.403 1530.1 1000.21 13 0 0 
1441 1002 19 3527.54 999.403 1528.14 1007.85 13 0 0 
1465 1019 19 3527.54 1001.13 1526.41 1007.85 13 0 0 
1505 1046 19 3535.67 1011.3 1524.37 1007.85 13 0 0 
1605 1112 19 3541.3 1020.99 1520.31 1051.28 13 0 0 
1631 1130 19 3526.35 1007.42 1518.93 918.962 12 0 0 
1699 1174 19 3526.35 1010.21 1516.15 918.962 12 0 0 
1728 1194 19 3488.39 986.129 1502.26 918.962 12 0 0 
1740 1201 19 3488.39 993.594 1494.79 918.962 12 0 0 
2000 1383 19 3487.32 993.594 1493.72 824.638 12 0 0 
2038 1408 19 3495.95 1005.82 1490.12 824.638 12 0 0 
2060 1423 19 3532.81 1042.72 1490.09 861.501 12 0 0 
2112 1458 19 3532.23 1042.72 1489.5 918.962 12 0 0 
2145 1481 19 3532.23 1044.88 1487.34 918.962 12 0 0 
2284 1574 19 3526.36 1039.13 1487.23 861.418 12 0 0 
2601 1792 19 3525.71 1038.55 1487.16 861.418 12 0 0 
3302 2269 19 3525.71 1042.35 1483.36 861.418 12 0 0 
4306 2963 19 3532.08 1051.95 1480.13 861.418 12 0 0 
4672 3209 19 3531.64 1051.95 1479.69 918.962 12 0 0 
4870 3343 19 3531.64 1051.99 1479.64 918.962 12 0 0 
5240 3599 19 3556.34 1078.24 1478.11 918.962 12 0 0 
7107 4885 19 3500.73 1025.52 1475.22 918.962 12 0 0 
