0 0 19 5935.8 1162.81 3772.99 18249.8 88 74 1 
1 0 19 5152.92 1288.1 2864.82 9234.5 46 0 0 
1 0 19 5131.78 1312.19 2819.59 10328.4 45 0 0 
2 0 19 5141.92 1330.76 2811.16 10284.6 44 0 0 
4 1 19 5069.22 1348.23 2720.99 10212.3 44 0 0 
4 1 19 4751.17 1135.31 2615.86 6716.96 39 0 0 
5 1 19 4705.24 1138.46 2566.78 6669.56 38 0 0 
5 1 19 4661 1116.09 2544.91 6697.75 38 0 0 
6 1 19 4640.11 1116.09 2524.01 6503.08 38 0 0 
6 2 19 4531.52 1089.21 2442.31 5901.95 37 0 0 
7 2 19 4462.7 1074.44 2388.25 5541.47 34 0 0 
8 2 19 4445.85 1075.7 2370.16 5359.93 34 0 0 
8 2 19 4445.65 1075.7 2369.96 5154.34 34 0 0 
8 3 19 4350.36 1000.1 2350.26 4549.08 34 0 0 
9 3 19 4345.88 1000.1 2345.78 4559.32 34 0 0 
11 4 19 4397.34 1061.37 2335.97 4811.24 33 0 0 
12 5 19 4372.67 1053.76 2318.91 4700.35 32 0 0 
12 5 19 4360.09 1053.76 2306.33 4637.7 32 0 0 
15 7 19 4345.73 1053.76 2291.97 4596.3 32 0 0 
16 8 19 4250.96 977.136 2273.82 4355.53 31 0 0 
18 8 19 4214.67 973.338 2241.33 4069.31 31 0 0 
19 9 19 4172.02 941.438 2230.59 4113.64 30 0 0 
20 10 19 4110.85 896.763 2214.09 3970.77 30 0 0 
21 11 19 4109.74 896.763 2212.98 3949.24 30 0 0 
22 12 19 4127.73 925.665 2202.06 3755.23 30 0 0 
23 12 19 4146.14 972.765 2173.38 3843.96 30 0 0 
24 13 19 4126.05 961.34 2164.71 3658.1 30 0 0 
24 13 19 4068.58 908.025 2160.56 3721.16 29 0 0 
26 14 19 4066.93 937.193 2129.74 3716.05 28 0 0 
29 16 19 4000.88 918.243 2082.63 3474.76 28 0 0 
33 18 19 4024.42 946.793 2077.63 3000.41 27 0 0 
36 20 19 3923.51 895.953 2027.56 3273.77 27 0 0 
38 22 19 3935.77 917.503 2018.27 3345.96 27 0 0 
39 22 19 3930.54 922.44 2008.1 3236.5 27 0 0 
40 23 19 3912.97 905.477 2007.49 3165.98 26 0 0 
41 24 19 3940.29 960.044 1980.25 3147.43 26 0 0 
43 25 19 3925.94 948.207 1977.73 3050.34 26 0 0 
50 29 19 3891.09 926.202 1964.88 3017.7 25 0 0 
52 31 19 3888.86 927.011 1961.85 2983.86 24 0 0 
56 33 19 3876.68 927.011 1949.67 2810.86 24 0 0 
64 38 19 3902.41 1001.24 1901.17 2846.3 24 0 0 
71 43 19 3897.95 1001.24 1896.71 2833.88 24 0 0 
74 45 19 3905.03 1013.07 1891.95 2884.93 24 0 0 
86 52 19 3888.91 998.07 1890.84 2674.28 24 0 0 
87 54 19 3894.04 1011.28 1882.75 2696.55 24 0 0 
88 54 19 3887.31 1006 1881.31 2661.64 24 0 0 
95 58 19 3887.31 1007.67 1879.64 2627.6 23 0 0 
109 68 19 3887.31 1011.2 1876.1 2626.03 23 0 0 
114 71 19 3859.21 1016.27 1842.94 2469.42 23 0 0 
121 76 19 3788.78 968.858 1819.92 2333.46 23 0 0 
124 78 19 3787.73 971.405 1816.33 2408.27 23 0 0 
125 78 19 3843 1051.45 1791.55 2543.96 23 0 0 
136 85 19 3832.94 1043.72 1789.22 2356.64 23 0 0 
136 85 19 3844.85 1059.25 1785.6 2421.81 23 0 0 
141 88 19 3831.75 1049.24 1782.51 2263.12 23 0 0 
151 95 19 3857.68 1085.1 1772.58 2483.84 23 0 0 
160 101 19 3883.53 1128.47 1755.07 2300.94 22 0 0 
161 102 19 3882.92 1128.47 1754.45 2302.29 22 0 0 
170 108 19 3894.82 1152.76 1742.07 2425.05 22 0 0 
171 109 19 3879.72 1149.36 1730.36 2368.29 22 0 0 
183 116 19 3827.51 1101.03 1726.49 2027.49 21 0 0 
184 117 19 3826.89 1101.03 1725.87 2022.42 21 0 0 
191 122 19 3817.98 1108.86 1709.12 2103.52 21 0 0 
204 131 19 3817.96 1108.86 1709.11 2099.31 21 0 0 
207 133 19 3814.91 1112.23 1702.68 1987.1 21 0 0 
209 135 19 3814.91 1113.65 1701.26 1987.1 21 0 0 
212 136 19 3770.49 1080.23 1690.26 2231.86 21 0 0 
216 139 19 3754.85 1086.1 1668.75 2187.72 21 0 0 
220 141 19 3725.67 1083.34 1642.34 1926.06 21 0 0 
227 146 19 3723.37 1083.34 1640.04 1905.46 21 0 0 
230 148 19 3720.82 1083.34 1637.48 1895.2 21 0 0 
230 148 19 3720.29 1084.07 1636.22 1894.67 21 0 0 
232 149 19 3704.91 1069.59 1635.32 1867.4 21 0 0 
234 151 19 3708.09 1076.96 1631.13 1888.83 21 0 0 
237 153 19 3693.88 1073.31 1620.57 1689.58 21 0 0 
250 161 19 3692.2 1073.31 1618.89 1607.5 21 0 0 
265 171 19 3708.35 1095.36 1612.98 1607.5 21 0 0 
324 208 19 3697.2 1084.96 1612.23 1527.55 20 0 0 
379 244 19 3697.79 1091.99 1605.81 1524.5 20 0 0 
381 246 19 3697.2 1093.72 1603.47 1495.43 19 0 0 
387 249 19 3695 1093.72 1601.27 1462.88 19 0 0 
387 250 19 3681.64 1085.89 1595.75 1371.09 19 0 0 
392 252 19 3678.73 1085.89 1592.84 1367.86 19 0 0 
396 255 19 3677.56 1085.89 1591.67 1383.43 19 0 0 
398 257 19 3685.42 1094.7 1590.72 1390.27 19 0 0 
421 271 19 3677.56 1091.93 1585.63 1365.34 19 0 0 
432 278 19 3677.56 1098.19 1579.37 1365.34 19 0 0 
435 280 19 3677.56 1104.56 1573 1362.19 19 0 0 
497 321 19 3686.34 1115.69 1570.65 1378.79 19 0 0 
507 327 19 3692.05 1123.49 1568.56 1488.66 19 0 0 
583 377 19 3692.05 1123.93 1568.12 1488.66 19 0 0 
664 431 19 3703.44 1144.6 1558.84 1481.07 19 0 0 
693 450 19 3701.69 1153.95 1547.75 1518.82 19 0 0 
1008 653 19 3692.75 1153.95 1538.81 1518.82 19 0 0 
1205 783 19 3692.75 1157.2 1535.56 1518.82 19 0 0 
1259 818 19 3683.61 1154.35 1529.25 1460.8 19 0 0 
1265 822 19 3683.61 1155.1 1528.51 1460.8 19 0 0 
1284 834 19 3683.61 1155.86 1527.75 1460.8 19 0 0 
1284 835 19 3688.93 1163.48 1525.45 1518.22 19 0 0 
1346 876 19 3688.93 1167.88 1521.04 1518.22 19 0 0 
1799 1167 19 3688.93 1167.96 1520.97 1518.22 19 0 0 
1883 1220 19 3688.77 1167.96 1520.81 1436.8 19 0 0 
1889 1223 19 3669.02 1149.94 1519.08 1323.52 18 0 0 
1911 1239 19 3676.49 1157.78 1518.71 1394.8 18 0 0 
3713 2448 19 3659.26 1143.12 1516.14 1443.46 18 0 0 
3749 2472 19 3659.26 1143.46 1515.8 1443.46 18 0 0 
3762 2481 19 3659.26 1144.3 1514.96 1443.46 18 0 0 
3909 2579 19 3659.26 1146.59 1512.67 1443.46 18 0 0 
3957 2611 19 3653.55 1141.63 1511.92 1404.9 18 0 0 
3970 2620 19 3653.62 1146.53 1507.09 1396.52 18 0 0 
4019 2651 19 3663.77 1156.93 1506.84 1454.5 18 0 0 
4654 3084 19 3663.77 1161.24 1502.53 1454.5 18 0 0 
5178 3438 19 3639.06 1139.18 1499.88 1454.5 18 0 0 
