Agent: 0ids: 26 8 14 37 19 40 34 21 49 10 45 11 48 38 30 36 2 5 35 23 46 1 3 9 33 20 
Agent: 1ids: 6 35 36 39 0 14 12 29 42 32 47 23 28 37 1 19 49 11 5 48 
Agent: 2ids: 18 31 2 45 43 32 10 29 15 35 40 44 9 26 
Agent: 3ids: 4 35 17 41 12 42 14 30 49 46 19 3 33 8 45 7 29 18 10 9 40 36 27 25 21 23 11 22 5 15 16 2 47 39 37 24 
Agent: 4ids: 32 21 46 13 2 12 36 19 0 37 40 26 3 11 8 6 42 34 47 48 14 4 41 44 22 29 31 45 16 
Agent: 5ids: 26 22 35 27 10 7 30 8 17 43 28 24 6 12 16 36 44 46 47 49 29 48 40 3 
Agent: 6ids: 19 38 35 13 27 1 11 40 18 44 10 25 20 42 21 37 7 46 41 22 43 17 30 33 14 3 28 34 2 12 8 36 0 15 4 9 24 23 26 
Agent: 7ids: 33 42 34 49 38 28 19 1 10 20 17 41 37 48 2 36 8 40 0 39 29 35 43 4 26 45 22 27 16 23 30 24 5 6 13 3 32 18 
Agent: 8ids: 7 18 30 49 14 36 8 11 34 22 20 4 10 40 
Agent: 9ids: 40 3 17 5 10 19 49 21 39 18 31 7 37 13 20 42 9 28 29 32 11 
Agent: 10ids: 7 47 8 43 5 
Agent: 11ids: 3 7 48 5 34 21 16 0 30 29 14 8 42 38 22 28 15 24 17 47 10 39 4 23 45 35 2 13 11 37 36 32 19 20 27 9 26 31 43 44 41 
Agent: 12ids: 30 37 14 20 23 5 28 46 38 36 24 49 13 40 4 29 6 
Agent: 13ids: 25 45 39 3 21 48 14 13 12 32 18 17 43 26 37 6 33 40 36 8 4 24 23 15 30 22 5 19 44 31 
Agent: 14ids: 27 22 37 12 46 28 42 8 39 21 49 25 36 3 2 
Agent: 15ids: 17 22 6 2 43 36 21 14 12 31 9 39 32 29 44 45 27 28 35 42 18 48 47 30 15 20 4 0 5 25 23 49 7 46 13 40 3 19 
Agent: 16ids: 41 37 40 33 42 45 11 22 6 20 31 0 26 25 13 49 36 19 30 34 9 46 4 
Agent: 17ids: 49 13 47 33 29 31 39 0 12 18 37 19 7 38 21 35 42 41 17 14 10 30 5 6 8 22 20 15 2 28 40 48 36 25 32 44 26 16 46 1 23 24 11 34 43 3 27 
Agent: 18ids: 18 35 0 48 24 20 40 39 44 6 27 15 28 9 7 26 32 31 16 30 33 14 8 12 37 41 1 17 22 19 25 
Agent: 19ids: 41 38 21 35 19 28 32 5 37 8 29 4 3 23 14 13 17 
Agent: 20ids: 12 7 26 3 32 23 24 30 34 11 37 38 40 36 13 17 14 19 46 47 20 33 43 8 29 25 1 16 35 2 22 9 18 
Agent: 21ids: 24 21 27 35 14 23 40 33 15 18 49 45 38 6 11 47 32 29 37 
Agent: 22ids: 22 17 43 16 32 38 21 10 30 31 46 6 45 15 28 5 2 44 14 
Agent: 23ids: 33 21 34 11 41 13 4 42 40 43 9 5 6 10 17 18 37 20 23 47 14 44 24 31 12 45 38 48 29 46 26 32 0 1 30 16 39 15 36 49 22 7 
Agent: 24ids: 16 10 23 12 41 27 0 1 13 24 31 40 39 22 4 30 44 32 46 7 37 
Agent: 25ids: 9 47 26 33 
Agent: 26ids: 32 4 6 17 23 43 28 5 25 15 
Agent: 27ids: 20 19 28 35 2 40 31 17 18 32 21 37 38 1 47 3 42 27 6 49 10 43 23 44 7 46 29 15 30 26 48 16 11 45 
Agent: 28ids: 29 
Agent: 29ids: 4 7 26 27 18 40 30 10 3 33 32 47 49 46 28 0 29 35 48 14 23 11 16 12 20 8 9 24 19 21 34 36 43 38 31 17 44 5 2 22 37 15 1 6 13 
Agent: 30ids: 46 16 3 34 5 42 11 38 26 2 43 47 15 4 10 8 36 44 35 27 12 28 49 23 33 29 39 19 24 20 6 32 37 
Agent: 31ids: 16 40 4 48 42 0 22 
Agent: 32ids: 35 48 17 37 38 32 30 22 23 41 39 29 16 20 45 43 11 19 46 4 33 5 44 14 10 9 8 47 28 21 27 0 
Agent: 33ids: 4 8 3 32 28 20 14 9 25 26 12 44 43 16 34 13 41 2 33 19 40 21 6 7 5 31 49 10 24 18 36 1 39 23 48 46 17 0 22 27 38 29 
Agent: 34ids: 7 21 34 8 6 20 29 1 27 40 9 30 35 19 18 42 23 32 26 44 38 31 0 39 10 41 25 13 14 36 24 16 
Agent: 35ids: 16 46 36 39 43 14 2 45 32 34 38 48 17 11 15 31 0 22 41 30 8 13 21 26 24 40 27 19 23 20 4 25 3 12 29 33 1 47 35 44 9 28 10 18 5 
Agent: 36ids: 39 30 0 11 12 20 45 3 16 38 48 15 18 33 2 13 17 9 36 35 6 21 49 10 37 44 32 43 5 28 19 27 34 42 46 22 29 8 4 31 23 
Agent: 37ids: 37 45 31 4 7 22 25 8 17 21 34 1 32 19 13 38 20 35 30 3 39 2 36 47 9 33 16 23 
Agent: 38ids: 21 7 25 3 32 12 22 4 47 24 39 42 5 16 13 44 6 43 0 31 15 23 48 28 19 29 46 35 33 2 49 36 40 10 34 9 18 38 20 37 30 
Agent: 39ids: 9 14 21 30 20 19 46 40 26 38 47 25 2 31 15 3 44 1 45 42 16 28 24 4 43 49 6 
Agent: 40ids: 31 12 2 30 7 16 10 13 27 3 22 35 29 45 48 41 43 26 25 20 23 36 46 47 15 28 17 5 11 39 24 49 4 33 42 37 9 1 44 34 14 0 18 8 19 38 6 40 
Agent: 41ids: 41 3 17 7 5 4 14 26 30 10 44 21 16 34 47 48 28 11 1 35 2 40 27 31 37 22 45 12 0 36 6 32 25 18 46 24 33 
Agent: 42ids: 40 44 21 7 2 15 41 8 26 13 42 29 37 20 5 6 1 30 46 22 4 24 48 47 35 16 34 28 25 38 0 32 23 14 10 39 
Agent: 43ids: 42 41 47 37 
Agent: 44ids: 29 46 6 32 37 7 26 4 30 21 48 44 34 20 10 
Agent: 45ids: 25 13 34 21 41 49 20 30 22 42 18 17 16 26 27 24 45 35 6 0 14 9 2 36 46 4 32 39 15 19 8 28 43 33 37 12 29 
Agent: 46ids: 39 15 0 
Agent: 47ids: 17 25 23 24 12 28 18 20 3 16 10 8 39 34 13 38 31 
Agent: 48ids: 38 46 11 47 0 23 21 18 3 37 14 13 19 10 4 44 16 48 
Agent: 49ids: 1 45 7 5 14 49 36 12 43 6 32 34 46 15 8 11 18 22 3 25 27 19 21 24 26 44 35 9 33 41 31 17 40 28 0 10 20 38 4 
0 0 19 6249.75 1512.02 3737.73 18865.9 90 18 1 
1 0 19 5362.78 1375.34 2987.44 11459.6 48 0 0 
2 0 19 5351.52 1389.47 2962.05 11394.1 48 0 0 
2 0 19 5311.98 1398.41 2913.57 10877.5 47 0 0 
2 0 19 5163.84 1304.41 2859.43 10873.9 46 0 0 
3 0 19 5088.06 1244.5 2843.56 10683.7 45 0 0 
4 1 19 5023.36 1225.02 2798.34 9051.97 40 0 0 
5 1 19 5015.13 1230.96 2784.17 9046.23 40 0 0 
6 2 19 4984.29 1233.3 2751 8632.25 39 0 0 
7 2 19 4943.54 1210.38 2733.17 8384.1 39 0 0 
7 3 19 4854.72 1138.81 2715.91 7927.7 39 0 0 
7 3 19 4679.03 1059.98 2619.04 6774.93 34 0 0 
8 3 19 4675.52 1071.33 2604.19 6815 34 0 0 
11 5 19 4564.47 1049.23 2515.24 5504.99 33 0 0 
13 6 19 4508.39 1043 2465.39 5810.09 32 0 0 
13 6 19 4466.54 1016.8 2449.74 5704.27 30 0 0 
13 6 19 4474.64 1039.51 2435.13 5633.57 30 0 0 
14 7 19 4466.54 1032.29 2434.25 5711.34 30 0 0 
15 7 19 4482.58 1054.82 2427.76 5830.83 30 0 0 
16 8 19 4473.25 1067.32 2405.93 5637.79 29 0 0 
16 8 19 4479.31 1087.18 2392.13 5661.6 27 0 0 
18 10 19 4410.58 1061.2 2349.38 4853.62 27 0 0 
19 10 19 4410.58 1068.4 2342.18 4903.94 27 0 0 
19 11 19 4407.71 1068.71 2339 4913.27 27 0 0 
19 11 19 4391.78 1057.12 2334.66 4716.66 26 0 0 
22 13 19 4334.27 1045.04 2289.23 4478.45 26 0 0 
22 13 19 4325.15 1057.12 2268.03 4275.26 26 0 0 
32 19 19 4251.29 1075.71 2175.58 3334.78 26 0 0 
33 20 19 4293.89 1132.73 2161.16 3615.47 26 0 0 
36 22 19 4295.7 1138.26 2157.44 3616.63 26 0 0 
37 23 19 4305.96 1149.73 2156.23 3805.77 26 0 0 
38 23 19 4272.76 1128.45 2144.32 3345.14 25 0 0 
38 24 19 4292.11 1157.11 2135 3778.37 25 0 0 
41 26 19 4220.89 1089.78 2131.1 3922.43 25 0 0 
42 26 19 4262.7 1157.11 2105.59 3624.08 25 0 0 
42 26 19 4207.69 1120.16 2087.54 3388.97 25 0 0 
42 26 19 4144.15 1063.5 2080.65 3061.18 21 0 0 
44 28 19 4080.3 1066.02 2014.28 2639.8 21 0 0 
47 30 19 4050.62 1092.43 1958.2 2641.43 21 0 0 
48 30 19 4006.31 1051.54 1954.77 2589.61 21 0 0 
50 32 19 3950.46 1023.23 1927.23 2411.12 21 0 0 
50 32 19 3960.98 1041.71 1919.26 2511.83 21 0 0 
51 32 19 3962.45 1043.41 1919.04 2427.42 21 0 0 
53 33 19 3940.02 1026.34 1913.68 2299.29 19 0 0 
58 37 19 3941.44 1032.92 1908.51 2288.08 19 0 0 
59 37 19 3891.47 1006.44 1885.03 2415.71 19 0 0 
59 38 19 3892.33 1013.02 1879.31 2341.82 19 0 0 
68 43 19 3878.96 1006.14 1872.82 2134.62 19 0 0 
75 49 19 3937.62 1087.92 1849.7 2070.15 19 0 0 
87 57 19 3895.86 1046.25 1849.61 2070.15 19 0 0 
87 57 19 3868.95 1025.92 1843.03 2032.65 19 0 0 
93 61 19 3842.33 1007.73 1834.6 1903.5 19 0 0 
96 63 19 3865.3 1037.37 1827.94 1903.5 19 0 0 
101 67 19 3862.16 1035.43 1826.73 1922.92 19 0 0 
107 71 19 3857.67 1048.38 1809.29 2000.35 19 0 0 
111 74 19 3857.29 1054.79 1802.5 2007.97 19 0 0 
112 75 19 3783.03 1017.93 1765.1 1798.92 19 0 0 
115 76 19 3793.9 1032.3 1761.6 1830.23 19 0 0 
115 77 19 3784.05 1026.72 1757.33 1436.06 18 0 0 
116 77 19 3767.67 1012.67 1755 1490.01 18 0 0 
118 78 19 3752.23 998.993 1753.24 1346.43 17 0 0 
119 79 19 3751.85 1005.58 1746.28 1408.94 17 0 0 
121 81 19 3751.85 1008.95 1742.9 1401.3 17 0 0 
142 95 19 3730.7 993.678 1737.02 1307.89 17 0 0 
148 99 19 3759.08 1025.21 1733.87 1307.89 17 0 0 
178 120 19 3762.52 1030.73 1731.79 1317.55 17 0 0 
182 123 19 3759.08 1030.73 1728.34 1307.89 17 0 0 
196 132 19 3701.9 974.808 1727.09 1171.82 16 0 0 
226 153 19 3671.82 954.069 1717.75 1155.47 16 0 0 
233 157 19 3667.4 954.069 1713.34 1123.66 16 0 0 
255 172 19 3668.71 960.585 1708.13 1142.42 16 0 0 
256 173 19 3680 974.26 1705.74 1200.34 16 0 0 
261 176 19 3680 991.253 1688.75 1200.34 16 0 0 
278 187 19 3667.43 991.001 1676.43 1200.34 16 0 0 
279 188 19 3679.18 1009.27 1669.91 1207.77 16 0 0 
281 189 19 3667.43 999.203 1668.23 1200.34 16 0 0 
294 197 19 3667.43 999.54 1667.89 1200.34 16 0 0 
300 202 19 3662.07 999.54 1662.53 1130.07 16 0 0 
305 205 19 3618.86 969.626 1649.23 973.024 16 0 0 
334 225 19 3614.13 966.19 1647.94 1008.54 15 0 0 
337 226 19 3624.65 983.17 1641.48 1008.54 15 0 0 
338 227 19 3624.31 994.648 1629.66 992.001 15 0 0 
346 233 19 3624.69 1001.41 1623.28 949.506 15 0 0 
351 236 19 3654.63 1037.74 1616.88 1081.78 15 0 0 
353 237 19 3626.91 1013.28 1613.63 1000.75 15 0 0 
367 246 19 3616.31 1003.02 1613.28 903.753 14 0 0 
370 248 19 3609.44 1003.02 1606.42 913.43 14 0 0 
412 279 19 3609.85 1012.02 1597.82 913.43 14 0 0 
502 344 19 3599.96 1002.43 1597.53 913.43 14 0 0 
566 389 19 3599.21 1002.43 1596.78 913.43 14 0 0 
574 396 19 3599.21 1003.38 1595.84 913.43 14 0 0 
623 430 19 3577.18 981.376 1595.81 913.43 14 0 0 
625 432 19 3593.32 1009.06 1584.26 832.497 14 0 0 
732 507 19 3601.77 1017.57 1584.19 842.237 14 0 0 
785 545 19 3579.74 995.57 1584.17 842.237 14 0 0 
850 592 19 3579.4 998.835 1580.56 867.294 14 0 0 
983 683 19 3579.4 998.912 1580.49 867.294 14 0 0 
1003 697 19 3469.93 890.608 1579.32 867.294 14 0 0 
1015 705 19 3591.38 1015.13 1576.25 727.286 14 0 0 
1150 802 19 3481.69 910.727 1570.96 732.205 14 0 0 
1171 816 19 3485.9 922.394 1563.51 811.328 14 0 0 
1177 820 19 3495.61 932.65 1562.96 873.548 14 0 0 
1183 824 19 3495.61 932.967 1562.64 875.271 14 0 0 
1183 824 19 3470.41 912.394 1558.02 751.68 14 0 0 
1196 832 19 3480.12 922.65 1557.47 813.9 14 0 0 
1252 872 19 3480.12 922.967 1557.15 815.623 14 0 0 
1265 882 19 3469.89 918.057 1551.83 744.369 14 0 0 
1385 965 19 3479.89 929.402 1550.48 776.443 14 0 0 
1505 1049 19 3430.74 885.983 1544.76 776.443 14 0 0 
1509 1052 19 3479.89 939.38 1540.51 776.443 14 0 0 
1535 1070 19 3430.74 895.961 1534.78 776.443 14 0 0 
1587 1107 19 3430.74 903.12 1527.62 776.443 14 0 0 
1608 1123 19 3431.2 910.271 1520.93 799.936 14 0 0 
1620 1131 19 3457.83 939.527 1518.3 799.936 14 0 0 
1683 1175 19 3465.15 947.95 1517.2 799.936 14 0 0 
1696 1184 19 3438.52 922.731 1515.79 799.936 14 0 0 
1782 1243 19 3438.52 926 1512.52 799.936 14 0 0 
1831 1278 19 3434.25 923.522 1510.73 757.462 14 0 0 
1878 1309 19 3434.25 924.892 1509.36 757.462 14 0 0 
1900 1325 19 3434.25 930.358 1503.89 757.462 14 0 0 
2128 1483 19 3428.82 925.807 1503.01 703.701 14 0 0 
2179 1518 19 3433.8 931.724 1502.08 745.713 14 0 0 
2180 1519 19 3428.82 934.612 1494.21 711.054 14 0 0 
2189 1525 19 3438.16 945.358 1492.8 766.09 14 0 0 
2199 1532 19 3438.16 945.819 1492.34 766.09 14 0 0 
2319 1616 19 3438.16 951.071 1487.09 766.09 14 0 0 
3389 2357 19 3446.69 960.303 1486.38 766.09 14 0 0 
3530 2454 19 3454.25 970.47 1483.78 786.718 14 0 0 
4209 2921 19 3454.25 970.985 1483.26 786.718 14 0 0 
4405 3054 19 3458.72 976.083 1482.64 888.359 14 0 0 
4575 3170 19 3422.68 943.12 1479.56 817.134 14 0 0 
4581 3175 19 3422.75 943.33 1479.42 902.614 14 0 0 
4844 3358 19 3421.94 947.408 1474.53 941.08 14 0 0 
4876 3381 19 3421.94 950.098 1471.84 860.587 14 0 0 
4884 3387 19 3425.13 957.792 1467.34 953.013 14 0 0 
5523 3842 19 3421.94 956.26 1465.68 897.606 14 0 0 
6258 4366 19 3421.94 956.423 1465.52 859.817 14 0 0 
6795 4746 19 3435.1 970.223 1464.88 871.695 14 0 0 
