0 0 19 6133.9 1319.28 3814.62 24554.7 91 71 1 
1 0 19 5107.89 1152.12 2955.76 10241 48 0 0 
2 0 19 5096.94 1150.49 2946.45 9924.89 48 0 0 
2 0 19 5067.26 1150.49 2916.76 9890.28 48 0 0 
2 0 19 5041.44 1154.52 2886.92 9511.85 48 0 0 
2 0 19 4907.5 1027.67 2879.83 9641.84 45 0 0 
2 1 19 4787.14 980.817 2806.32 9564.59 45 0 0 
3 1 19 4848.1 1045.85 2802.25 9762.12 45 0 0 
3 1 19 4767.37 1022.2 2745.16 9342.23 44 0 0 
3 1 19 4742.72 1064.39 2678.33 8767.37 44 0 0 
3 1 19 4656.39 1014.37 2642.02 8405.74 43 0 0 
3 1 19 4684.64 1083.28 2601.36 8069.11 42 0 0 
3 1 19 4632.64 1041.1 2591.54 8069.11 42 0 0 
5 2 19 4620.11 1056.86 2563.25 6919.56 39 0 0 
7 3 19 4582.74 1056.86 2525.88 6883.47 39 0 0 
7 3 19 4536.95 1030.74 2506.22 6832.3 39 0 0 
7 3 19 4510.91 1048.23 2462.67 6340.47 36 0 0 
8 4 19 4504.07 1041.55 2462.52 6123.36 36 0 0 
8 4 19 4474.72 1018.44 2456.27 5873.56 36 0 0 
8 4 19 4531.95 1079.65 2452.31 5719.43 36 0 0 
9 5 19 4531.14 1079.65 2451.49 6005.9 36 0 0 
9 5 19 4535.39 1108 2427.38 6000.21 36 0 0 
10 6 19 4522.22 1154.46 2367.76 5847.64 36 0 0 
10 6 19 4532.21 1190.48 2341.73 5844.73 36 0 0 
12 8 19 4521.08 1190.48 2330.6 5776.02 36 0 0 
13 9 19 4445.44 1164.12 2281.32 5461.82 35 0 0 
15 10 19 4461.34 1189.71 2271.63 4898.92 34 0 0 
17 12 19 4397.17 1146.1 2251.07 4529.54 34 0 0 
18 12 19 4388.01 1146.1 2241.91 4379.86 34 0 0 
18 13 19 4327.87 1111.08 2216.79 4169.41 33 0 0 
20 14 19 4333.45 1131.97 2201.48 4806.39 33 0 0 
20 14 19 4325.81 1135.01 2190.8 4157.99 32 0 0 
20 14 19 4322.03 1140.41 2181.62 3831.92 31 0 0 
22 16 19 4290.01 1137.23 2152.78 3728.04 29 0 0 
22 16 19 4194.91 1044.88 2150.03 2882.86 28 0 0 
22 16 19 4164.92 1034.57 2130.35 2583.43 26 0 0 
23 17 19 4074.24 969.401 2104.84 2273.09 24 0 0 
25 18 19 4063.28 997.401 2065.88 2273.09 24 0 0 
28 20 19 4033.87 1005.66 2028.2 2131.29 23 0 0 
28 21 19 4022.7 996.404 2026.29 2015.2 23 0 0 
29 22 19 4017.68 1007.17 2010.51 1986.94 23 0 0 
33 24 19 4023.18 1012.72 2010.46 2008.92 23 0 0 
33 25 19 4010.71 1007.17 2003.54 1948.77 23 0 0 
34 25 19 4013.6 1024.28 1989.32 1932.01 23 0 0 
35 26 19 4025.01 1036.13 1988.88 2010.56 23 0 0 
37 28 19 4013.85 1038.54 1975.31 2019.3 23 0 0 
40 30 19 3965.05 997.517 1967.53 1855.24 22 0 0 
43 33 19 3957.56 990.659 1966.9 1892.75 22 0 0 
45 34 19 3956 990.659 1965.34 1817.6 22 0 0 
50 39 19 3946.46 999.557 1946.9 1709.82 22 0 0 
50 39 19 3914.31 976.054 1938.26 1539.27 22 0 0 
52 40 19 3925.76 990.006 1935.75 1562.88 22 0 0 
59 47 19 3925.76 995.05 1930.71 1562.88 22 0 0 
60 48 19 3919.27 1028.33 1890.94 1537.38 22 0 0 
65 52 19 3939.92 1065.71 1874.21 1622.55 22 0 0 
68 54 19 3925.35 1055.74 1869.62 1606.48 22 0 0 
75 60 19 3898.97 1044.61 1854.36 1550.69 22 0 0 
78 62 19 3903.73 1053.12 1850.6 1576.6 22 0 0 
86 69 19 3885.8 1035.91 1849.89 1528.54 22 0 0 
94 76 19 3885.01 1040.98 1844.03 1631.98 22 0 0 
95 77 19 3885.01 1066.98 1818.02 1598.91 21 0 0 
99 80 19 3905.66 1097.11 1808.55 1674.63 21 0 0 
100 81 19 3912.74 1109.82 1802.93 1568.37 21 0 0 
101 82 19 3930.67 1129.28 1801.4 1646.97 21 0 0 
103 84 19 3886.05 1094.46 1791.59 1676.39 21 0 0 
105 86 19 3885.07 1094.46 1790.61 1679.6 21 0 0 
105 86 19 3867.14 1077.25 1789.89 1631.55 21 0 0 
113 93 19 3862 1074.92 1787.09 1621.56 21 0 0 
119 97 19 3861.58 1075.42 1786.16 1606.07 21 0 0 
123 101 19 3845.63 1063.24 1782.39 1567.02 21 0 0 
126 104 19 3811.45 1043.33 1768.11 1607.8 20 0 0 
138 114 19 3802.37 1034.66 1767.7 1487.83 19 0 0 
141 117 19 3802.37 1036.72 1765.65 1487.83 19 0 0 
145 120 19 3787.93 1060.89 1727.04 1477.82 19 0 0 
145 121 19 3786.6 1060.89 1725.71 1517.36 19 0 0 
151 126 19 3805.16 1086.57 1718.59 1426.07 18 0 0 
155 129 19 3801.08 1086.57 1714.51 1450.55 18 0 0 
157 131 19 3776.43 1075.32 1701.1 1290.6 18 0 0 
175 148 19 3776.43 1077.65 1698.78 1290.6 18 0 0 
183 154 19 3765.88 1067.46 1698.42 1135.75 17 0 0 
190 159 19 3746.79 1057.3 1689.49 1146.66 17 0 0 
215 182 19 3740.81 1057.3 1683.51 1141.3 17 0 0 
216 183 19 3739.8 1057.3 1682.5 1099.6 17 0 0 
229 195 19 3743.64 1068.06 1675.58 1094.69 17 0 0 
230 195 19 3741.49 1082.24 1659.25 1080.93 16 0 0 
238 202 19 3733.15 1082.84 1650.31 1047.26 16 0 0 
243 206 19 3698.42 1057.3 1641.12 1047.26 16 0 0 
276 234 19 3681.8 1046.14 1635.66 900.86 15 0 0 
289 244 19 3689.3 1060.29 1629.01 943.804 15 0 0 
310 262 19 3692.38 1069.61 1622.77 902.831 15 0 0 
328 276 19 3703.27 1094.42 1608.85 934.077 15 0 0 
342 289 19 3674.33 1069.57 1604.76 950.505 15 0 0 
354 299 19 3674.33 1076.91 1597.41 950.505 15 0 0 
360 304 19 3634.45 1037.65 1596.8 954.641 15 0 0 
375 317 19 3631.88 1037.65 1594.23 976.016 15 0 0 
415 351 19 3631.36 1037.65 1593.71 865.917 14 0 0 
473 398 19 3636.56 1043.05 1593.51 861.781 14 0 0 
496 417 19 3630.39 1039.1 1591.29 881.379 14 0 0 
526 443 19 3630.39 1039.18 1591.21 881.379 14 0 0 
546 457 19 3630.39 1040.29 1590.09 840.11 13 0 0 
735 612 19 3630.39 1042.34 1588.05 840.11 13 0 0 
738 614 19 3630.39 1046.37 1584.01 840.11 13 0 0 
818 680 19 3630.39 1057.99 1572.4 840.11 13 0 0 
1001 831 19 3635.66 1066.36 1569.3 840.11 13 0 0 
1027 852 19 3635.66 1070.71 1564.95 840.11 13 0 0 
1040 862 19 3588.76 1031.68 1557.07 774.402 13 0 0 
1136 946 19 3575.79 1019.56 1556.23 694.821 13 0 0 
1151 959 19 3579.29 1032.16 1547.13 742.55 13 0 0 
1202 1004 19 3579.26 1032.16 1547.1 717.794 13 0 0 
1204 1005 19 3585.38 1045.81 1539.57 717.794 13 0 0 
1550 1302 19 3638.99 1101.1 1537.88 717.794 13 0 0 
1559 1310 19 3643.61 1107.08 1536.53 739.638 13 0 0 
1660 1395 19 3652.81 1118.53 1534.28 730.231 13 0 0 
1787 1509 19 3642.03 1113.63 1528.4 706.442 13 0 0 
2228 1888 19 3639.61 1114.54 1525.06 722.451 13 0 0 
2231 1890 19 3639.61 1119.37 1520.24 722.451 13 0 0 
2355 1999 19 3628.7 1109.44 1519.26 642.128 13 0 0 
2392 2029 19 3628.7 1109.8 1518.9 690.221 13 0 0 
3030 2577 19 3628.7 1109.87 1518.83 690.221 13 0 0 
3385 2886 19 3628.7 1116.75 1511.95 690.221 13 0 0 
