0 0 19 5620.81 992.768 3628.05 22383.5 91 60 2 
1 0 19 4867.29 1071.47 2795.82 8132.82 41 0 0 
2 0 19 4867.28 1071.47 2795.81 8340.15 41 0 0 
6 2 19 4859.7 1071.47 2788.23 8083.9 41 0 0 
7 2 19 4759.41 1208.75 2550.66 8264.97 39 0 0 
8 2 19 4744.65 1202.78 2541.88 8065.97 39 0 0 
8 2 19 4759.19 1239.19 2520 8155.44 39 0 0 
8 2 19 4781.46 1261.77 2519.69 8194.16 39 0 0 
10 4 19 4732.65 1233.8 2498.85 8094.37 37 0 0 
11 4 19 4600.38 1129.91 2470.47 6609.18 36 0 0 
12 4 19 4677.71 1248.24 2429.46 6819.39 36 0 0 
13 5 19 4649.94 1234.66 2415.28 6769.98 36 0 0 
13 5 19 4499.24 1131.08 2368.17 6242.78 34 0 0 
13 5 19 4304.29 998.928 2305.36 5797.77 33 0 0 
15 6 19 4346.16 1041.11 2305.04 5732.91 33 0 0 
15 6 19 4292.72 1010.67 2282.05 5732.91 33 0 0 
15 7 19 4319.09 1043.39 2275.7 5688.36 33 0 0 
16 7 19 4279.41 1043.2 2236.22 5191.08 31 0 0 
16 7 19 4254.99 1037.81 2217.18 4477.27 30 0 0 
17 7 19 4274.9 1068.85 2206.05 4477.27 30 0 0 
22 10 19 4270.09 1068.85 2201.24 4464.37 30 0 0 
23 11 19 4292.26 1105.25 2187.01 4487.01 30 0 0 
23 11 19 4229.23 1061.21 2168.01 4477.27 30 0 0 
23 11 19 4219.58 1059.21 2160.37 4271.93 30 0 0 
23 11 19 4219.58 1063.77 2155.81 4271.93 30 0 0 
23 11 19 4217.05 1080.61 2136.44 4209.13 30 0 0 
23 11 19 4229.17 1113.42 2115.75 4132.77 30 0 0 
24 12 19 4090.66 996.574 2094.08 3173.2 30 0 0 
25 12 19 4104.53 1016.02 2088.51 2724.81 30 0 0 
28 14 19 4085.47 1005.91 2079.56 2530.57 28 0 0 
28 14 19 4085.47 1012.81 2072.66 2492.11 27 0 0 
28 14 19 4056.82 998.405 2058.42 2553.78 27 0 0 
29 14 19 4032.02 999.952 2032.07 2659.96 27 0 0 
32 16 19 3997.76 982.032 2015.73 2424.34 26 0 0 
32 16 19 3990.04 974.472 2015.57 2406.21 25 0 0 
33 17 19 3984.35 974.472 2009.88 2353.77 25 0 0 
35 18 19 3984.35 985.185 1999.17 2353.77 25 0 0 
37 19 19 3947.69 1013.42 1934.28 2397.36 25 0 0 
42 22 19 3919.35 1003.36 1915.99 2119.11 24 0 0 
44 23 19 3910.83 994.984 1915.85 2044.01 23 0 0 
47 25 19 3884.04 978.096 1905.95 1984.39 23 0 0 
51 27 19 3899.46 1005.21 1894.25 2069.31 23 0 0 
65 36 19 3884.04 1004.35 1879.69 2010.09 23 0 0 
69 39 19 3879.36 1004.35 1875.01 1995.06 23 0 0 
71 40 19 3880.79 1013.33 1867.45 2001.05 23 0 0 
71 40 19 3889.41 1022.16 1867.24 2059.09 23 0 0 
74 42 19 3910.07 1053.66 1856.42 2120.76 23 0 0 
89 52 19 3904.54 1052.08 1852.46 2120.76 23 0 0 
90 53 19 3904.54 1055.33 1849.21 2114.77 23 0 0 
96 57 19 3904.54 1056.6 1847.94 2122.08 23 0 0 
98 58 19 3932.49 1090.96 1841.53 2220.64 23 0 0 
102 61 19 3922.05 1081 1841.05 2193.52 23 0 0 
106 63 19 3917.42 1097.47 1819.96 2220.64 23 0 0 
110 66 19 3907.93 1095.61 1812.32 2207.16 23 0 0 
111 67 19 3897 1095.61 1801.39 2171.69 23 0 0 
115 70 19 3863.26 1071.95 1791.31 2153.52 23 0 0 
125 77 19 3853.22 1061.95 1791.27 2056.48 22 0 0 
131 80 19 3853.22 1080.85 1772.37 2068.6 22 0 0 
134 82 19 3836.4 1066.53 1769.87 1891.14 21 0 0 
144 89 19 3860.42 1098.26 1762.17 1869.3 20 0 0 
153 94 19 3849.98 1088.3 1761.69 1842.18 20 0 0 
158 98 19 3855.99 1121.04 1734.94 1851.47 20 0 0 
160 99 19 3845.49 1121.04 1724.45 1720.5 19 0 0 
188 117 19 3827.02 1115.25 1711.78 1693.92 19 0 0 
192 119 19 3827.02 1126.99 1700.04 1693.92 19 0 0 
202 126 19 3820.91 1121.17 1699.74 1717.49 19 0 0 
211 132 19 3829.61 1142.42 1687.18 1739.35 19 0 0 
216 135 19 3826.9 1142.42 1684.48 1724.75 19 0 0 
221 138 19 3792.21 1123.78 1668.43 1690.06 18 0 0 
228 143 19 3792.21 1124.54 1667.67 1666.14 18 0 0 
229 143 19 3786.69 1123.78 1662.91 1650.33 18 0 0 
233 146 19 3797.32 1141.22 1656.1 1642.69 18 0 0 
250 158 19 3784.36 1130.64 1653.72 1503.26 18 0 0 
253 160 19 3784.36 1131.4 1652.96 1479.34 18 0 0 
258 164 19 3784.36 1144.58 1639.78 1479.34 18 0 0 
263 168 19 3781.51 1154.81 1626.7 1455.64 17 0 0 
287 184 19 3781.51 1159.18 1622.33 1407.24 16 0 0 
291 186 19 3777.35 1159.18 1618.17 1365.32 16 0 0 
313 200 19 3766.31 1149.11 1617.2 1248.16 15 0 0 
325 208 19 3738.25 1130.85 1607.4 1012.18 15 0 0 
335 215 19 3749.46 1149.47 1599.99 1043.74 15 0 0 
336 216 19 3716.06 1125.61 1590.45 1068.32 15 0 0 
337 217 19 3726.84 1139.25 1587.59 1067.9 15 0 0 
344 221 19 3700.45 1113.86 1586.59 1041.51 15 0 0 
363 234 19 3700.45 1120.44 1580.01 1041.51 15 0 0 
367 237 19 3692.58 1114.51 1578.07 1043.51 15 0 0 
396 257 19 3692.18 1115.46 1576.72 910.755 15 0 0 
402 261 19 3651.95 1077.07 1574.88 928.513 15 0 0 
405 263 19 3682.02 1107.18 1574.85 870.513 14 0 0 
435 281 19 3685.99 1119.07 1566.92 909.017 14 0 0 
486 312 19 3685.99 1119.14 1566.84 909.017 14 0 0 
533 341 19 3682.02 1115.46 1566.56 941.94 14 0 0 
552 353 19 3682.02 1119.94 1562.08 941.94 14 0 0 
592 379 19 3682.02 1120.02 1562 941.94 14 0 0 
610 390 19 3682.02 1125.34 1556.68 941.94 14 0 0 
652 417 19 3647.87 1093.06 1554.81 907.787 14 0 0 
671 429 19 3641.16 1096.05 1545.11 901.804 14 0 0 
695 445 19 3651.87 1111.98 1539.89 901.804 14 0 0 
712 456 19 3617.59 1082.73 1534.87 846.055 14 0 0 
769 494 19 3519.81 985.736 1534.07 906.921 14 0 0 
822 530 19 3517.3 985.736 1531.56 901.739 14 0 0 
1028 668 19 3517.3 986.134 1531.16 851.646 14 0 0 
1030 670 19 3517.3 986.491 1530.81 901.739 14 0 0 
1037 674 19 3513.22 983.902 1529.32 931.803 14 0 0 
1041 678 19 3513.22 984.657 1528.57 931.803 14 0 0 
1238 812 19 3539.48 1014.03 1525.44 931.803 14 0 0 
1256 824 19 3520.75 995.815 1524.93 892.977 14 0 0 
1266 831 19 3519.85 995.815 1524.04 931.803 14 0 0 
1575 1038 19 3508.95 986.777 1522.17 872.318 14 0 0 
1584 1043 19 3502.55 981.506 1521.04 914.638 14 0 0 
1600 1054 19 3508.95 988.582 1520.37 843.418 14 0 0 
1626 1071 19 3508.95 989.196 1519.75 843.714 14 0 0 
2007 1326 19 3510.59 992.618 1517.97 901.652 14 0 0 
2036 1345 19 3521.53 1004.76 1516.77 901.718 14 0 0 
2119 1401 19 3521.53 1004.83 1516.7 901.718 14 0 0 
2555 1691 19 3520.76 1004.25 1516.51 896.513 14 0 0 
2658 1760 19 3520.76 1006.64 1514.11 933.675 14 0 0 
2831 1877 19 3497.93 984.334 1513.59 933.675 14 0 0 
2837 1881 19 3482.02 975.787 1506.24 850.699 14 0 0 
2862 1897 19 3477.19 971.246 1505.95 850.699 14 0 0 
2903 1925 19 3472.21 967.071 1505.14 796.381 14 0 0 
3027 2006 19 3489.38 984.918 1504.46 795.139 14 0 0 
3266 2164 19 3478.6 974.146 1504.46 783.139 14 0 0 
3341 2214 19 3478.6 976.695 1501.91 791.023 14 0 0 
3420 2266 19 3478.6 977.31 1501.29 791.319 14 0 0 
3427 2271 19 3475.24 977.01 1498.23 791.319 14 0 0 
3528 2337 19 3480.67 985.094 1495.58 855.271 14 0 0 
4016 2656 19 3493.07 998.627 1494.44 867.666 14 0 0 
4039 2669 19 3481.64 987.489 1494.15 853.846 14 0 0 
4757 3132 19 3481.59 987.489 1494.1 888.85 14 0 0 
5154 3391 19 3478.79 987.489 1491.3 856.954 14 0 0 
5324 3500 19 3470.29 986.209 1484.08 900.389 14 0 0 
6327 4159 19 3482.15 998.418 1483.73 900.389 14 0 0 
