0 0 14 6493.65 1001.5 4492.16 42087.4 90 473 4 
0 0 14 5460.27 708.271 3752 27337.9 62 340 3 
0 0 14 5215.27 616.732 3598.53 17899.5 54 130 2 
2 0 14 5131.18 613.904 3517.27 17478.2 54 130 2 
2 1 14 5102.05 613.904 3488.15 17321.4 54 130 2 
2 1 14 5019.2 600.669 3418.53 17121.5 54 130 2 
3 1 14 4987.21 578.233 3408.98 16807.8 54 130 2 
4 2 14 4903.6 552.398 3351.2 16265.7 53 103 2 
4 2 14 4900.22 552.398 3347.82 16423.8 53 103 2 
5 2 14 4853.4 552.398 3301 16262.2 53 103 2 
5 3 14 4853.15 552.398 3300.75 16120.8 53 103 2 
6 4 14 4832.5 581.874 3250.62 15609.8 53 91 2 
7 5 14 4755 583.211 3171.79 15496.6 52 91 2 
7 5 14 4630.29 537.32 3092.97 14274.7 48 91 2 
8 6 14 4602.92 537.32 3065.6 13978.3 48 91 2 
9 7 14 4571.89 537.32 3034.57 13885.1 48 91 2 
10 8 14 4549.32 553.457 2995.87 13696 47 86 1 
10 8 14 4549.1 553.457 2995.64 13694.6 47 86 1 
12 10 14 4548.8 553.457 2995.34 13840.3 47 86 1 
14 12 14 4548.04 553.311 2994.73 13836.5 47 86 1 
15 14 14 4529.65 553.457 2976.19 13759 47 86 1 
15 14 14 4522.18 549.694 2972.48 13290.7 47 76 1 
16 15 14 4443.71 525.772 2917.94 10689.1 46 25 2 
17 16 14 4420.88 525.443 2895.44 10637.2 46 25 2 
19 19 14 4404.88 525.443 2879.44 10581.9 46 25 2 
21 20 14 4229.82 507.202 2722.62 9687.75 45 18 1 
21 20 14 4167.45 499.665 2667.78 8939.93 44 18 1 
21 20 14 4107.49 499.665 2607.83 8259.32 44 18 1 
24 23 14 4100.61 499.665 2600.94 8057.5 44 0 0 
25 24 14 4090.35 489.603 2600.75 8057.5 44 0 0 
26 25 14 4068.2 489.603 2578.6 7950.04 44 0 0 
26 26 14 4060.82 489.603 2571.22 7890.56 44 0 0 
27 26 14 4060.82 565.944 2494.87 7890.56 44 0 0 
29 28 14 4035.71 546.449 2489.26 7832.98 43 0 0 
31 31 14 3954.75 534.906 2419.84 7331.9 43 0 0 
33 33 14 3951.97 534.415 2417.55 7306.85 43 0 0 
34 33 14 3949.62 541.734 2407.88 7295.1 43 0 0 
34 33 14 3941.92 541.734 2400.19 7324.26 43 0 0 
34 34 14 3921.41 533.229 2388.19 7263.33 42 0 0 
34 34 14 3915.96 533.229 2382.73 7202.24 42 0 0 
35 35 14 3918.89 539.844 2379.05 7202.24 42 0 0 
37 37 14 3911.35 558.505 2352.85 7157.97 40 0 0 
38 38 14 3900.82 558.505 2342.32 7102.56 40 0 0 
39 39 14 3889.97 548.472 2341.49 6931.48 39 0 0 
39 40 14 3884.67 549.393 2335.27 6899.18 39 0 0 
40 40 14 3878.25 549.247 2329 6899.18 39 0 0 
40 40 14 3873.09 549.247 2323.85 6883.42 39 0 0 
40 41 14 3858.72 546.55 2312.17 6603.35 38 0 0 
46 46 14 3842.35 533.388 2308.96 6413.48 37 0 0 
47 48 14 3837.19 533.388 2303.81 6397.72 37 0 0 
49 51 14 3826.4 525.623 2300.78 6429.26 36 0 0 
49 51 14 3826.4 526.063 2300.34 6429.26 36 0 0 
50 51 14 3825.81 526.063 2299.75 6451.69 36 0 0 
51 53 14 3818.13 526.063 2292.07 6464.98 36 0 0 
52 54 14 3829.59 545.007 2284.58 6132.96 36 0 0 
54 56 14 3826.38 545.007 2281.37 5794.4 36 0 0 
55 57 14 3791.84 515.994 2275.84 6280.89 36 0 0 
56 58 14 3813.86 544.655 2269.2 6097.86 36 0 0 
56 58 14 3808.7 544.655 2264.05 6082.11 36 0 0 
57 59 14 3807.86 544.655 2263.21 6081.27 36 0 0 
57 60 14 3805.96 544.655 2261.3 6073.46 36 0 0 
58 60 14 3804.18 544.655 2259.52 6070.04 36 0 0 
58 60 14 3805.19 562.685 2242.5 5497.49 35 0 0 
58 61 14 3800.03 562.685 2237.35 5481.73 35 0 0 
60 63 14 3798.13 562.685 2235.44 5473.92 35 0 0 
61 64 14 3789.6 562.685 2226.91 5425.47 35 0 0 
63 66 14 3766.39 563.35 2203.04 5431.64 35 0 0 
64 67 14 3766.07 563.35 2202.72 5359.78 35 0 0 
66 69 14 3766.07 563.702 2202.37 5359.78 35 0 0 
66 69 14 3752.1 555.417 2196.68 5359.78 35 0 0 
66 70 14 3599.73 487.707 2112.02 4701.03 32 0 0 
69 73 14 3540.98 475.736 2065.24 4157.65 31 0 0 
71 75 14 3524.69 475.736 2048.95 4046.21 31 0 0 
75 79 14 3509.17 475.736 2033.44 4028.16 31 0 0 
85 90 14 3509.16 475.736 2033.42 4032.08 31 0 0 
86 91 14 3486.46 475.736 2010.73 3801.2 31 0 0 
88 93 14 3500.32 491.377 2008.94 4028.16 31 0 0 
94 100 14 3506.24 502.814 2003.43 4028.16 31 0 0 
98 104 14 3506.23 502.814 2003.42 3897.96 31 0 0 
101 108 14 3500.32 501.347 1998.97 4028.16 31 0 0 
101 108 14 3506.24 512.013 1994.23 4028.16 31 0 0 
103 110 14 3483.55 502.814 1980.73 3797.28 31 0 0 
108 116 14 3477.62 499.881 1977.74 3797.28 31 0 0 
112 120 14 3450.55 484.201 1966.35 3569.96 31 0 0 
113 121 14 3450.54 484.201 1966.34 3573.88 31 0 0 
115 122 14 3398.98 436.669 1962.31 3448.85 31 0 0 
115 123 14 3415.8 513.27 1902.53 3488.61 31 0 0 
115 123 14 3415.8 525.641 1890.16 3488.61 31 0 0 
117 125 14 3422.05 549.406 1872.64 3438.47 31 0 0 
120 129 14 3421.97 549.406 1872.56 3442.16 31 0 0 
123 132 14 3421.97 552.715 1869.25 3442.16 31 0 0 
124 133 14 3370.41 501.683 1868.73 3317.13 31 0 0 
124 133 14 3405.52 540.91 1864.61 3277.19 31 0 0 
127 136 14 3414.57 553.58 1860.99 3329.79 30 0 0 
128 137 14 3413.76 553.58 1860.18 3311.08 30 0 0 
130 140 14 3413.86 558.772 1855.09 3345.6 30 0 0 
133 143 14 3415.48 563.959 1851.52 3320.47 30 0 0 
135 145 14 3424.63 575.763 1848.86 3374.5 30 0 0 
147 159 14 3424.63 584.962 1839.66 3374.5 30 0 0 
151 164 14 3423 584.962 1838.04 3399.63 30 0 0 
154 167 14 3436.18 613.002 1823.18 3399.63 30 0 0 
156 169 14 3429.2 610.002 1819.19 3399.63 30 0 0 
161 174 14 3424.63 613.28 1811.35 3374.5 30 0 0 
164 178 14 3418.4 620.911 1797.49 3350.74 30 0 0 
169 182 14 3379.19 585.906 1793.29 3361 30 0 0 
173 187 14 3408.95 623.917 1785.03 3177.61 30 0 0 
176 191 14 3406.41 623.917 1782.49 3179.61 30 0 0 
181 196 14 3404.79 623.917 1780.87 3204.75 30 0 0 
181 196 14 3404.79 624.861 1779.93 3204.75 30 0 0 
190 206 14 3402.23 624.861 1777.37 3149.02 30 0 0 
197 214 14 3399.23 624.861 1774.37 3137.08 30 0 0 
198 215 14 3362.5 598.152 1764.35 3180.29 29 0 0 
199 216 14 3378.88 624.861 1754.02 3316.44 29 0 0 
200 218 14 3375.88 624.861 1751.01 3304.5 29 0 0 
201 218 14 3333.12 586.646 1746.47 3160.11 28 0 0 
210 228 14 3288.29 557.424 1730.87 3027.33 28 0 0 
214 233 14 3299.58 569.971 1729.61 3027.33 28 0 0 
221 240 14 3260.85 532.971 1727.88 3027.33 28 0 0 
221 241 14 3229.14 527.168 1701.97 3116.31 28 0 0 
222 241 14 3161.52 479.401 1682.12 3126.4 28 0 0 
226 246 14 3138.53 479.401 1659.13 3047.18 28 0 0 
233 254 14 3138.52 479.401 1659.12 2922.22 28 0 0 
238 259 14 3055.51 420.379 1635.13 2603.27 26 0 0 
241 263 14 3037.7 405.945 1631.76 2266.99 26 0 0 
242 264 14 3037.7 405.948 1631.76 2266.99 26 0 0 
243 265 14 3046.54 420.379 1626.16 2414.82 25 0 0 
245 267 14 3046.54 420.382 1626.16 2414.82 25 0 0 
267 291 14 3032.24 420.382 1611.86 2414.82 25 0 0 
278 303 14 3033.59 421.759 1611.83 2407.85 25 0 0 
279 305 14 3028.76 424.302 1604.46 2407.85 25 0 0 
286 312 14 3028.76 431.073 1597.69 2407.85 25 0 0 
288 314 14 3027.6 431.073 1596.52 2407.85 25 0 0 
293 320 14 3025.07 434.404 1590.67 2397.76 25 0 0 
296 323 14 3018.62 430.035 1588.59 2381.95 25 0 0 
311 340 14 3031.47 450.937 1580.53 2473.39 25 0 0 
316 345 14 3010.02 435.39 1574.63 2355.07 24 0 0 
317 347 14 3019.6 445.005 1574.6 2355.07 24 0 0 
319 349 14 3026.25 451.678 1574.57 2355.07 24 0 0 
321 350 14 3025.78 451.678 1574.1 2287.67 24 0 0 
323 352 14 3029.28 467.611 1561.67 2287.67 24 0 0 
334 365 14 3027.67 467.611 1560.05 2278.83 24 0 0 
341 373 14 3027.67 471.406 1556.26 2278.83 24 0 0 
348 381 14 3027.67 472.261 1555.4 2278.83 24 0 0 
355 388 14 3035.3 480.261 1555.04 2267.08 24 0 0 
396 434 14 3035.3 481.103 1554.19 2267.08 24 0 0 
408 448 14 3035.01 481.103 1553.9 2217.85 24 0 0 
453 497 14 3046.09 496.439 1549.65 2217.85 24 0 0 
511 560 14 3045.15 496.439 1548.71 2151.64 24 0 0 
594 649 14 3043.99 496.439 1547.55 2072.06 24 0 0 
642 702 14 3038.92 492.089 1546.83 2095.79 24 0 0 
730 799 14 3038.36 492.089 1546.27 2148.45 24 0 0 
757 831 14 3017.55 485.224 1532.33 1954.56 24 0 0 
793 868 14 3017.55 485.251 1532.3 1954.56 24 0 0 
829 907 14 3016.85 485.251 1531.6 1908.88 24 0 0 
835 914 14 3016.02 485.251 1530.77 1877.22 24 0 0 
1071 1177 14 3015.89 485.251 1530.64 1980.09 24 0 0 
1268 1393 14 3010.8 485.251 1525.55 1950.1 24 0 0 
1382 1519 14 2956.79 431.757 1525.04 1950.1 24 0 0 
1755 1933 14 2956.43 431.757 1524.67 2041.88 24 0 0 
2804 3102 14 2954.28 431.119 1523.16 2007.56 24 0 0 
2903 3210 14 2945.09 427.524 1517.57 1959.75 24 0 0 
2988 3305 14 2939.76 427.524 1512.24 1855.48 24 0 0 
3022 3342 14 2949.22 437.124 1512.1 1982.7 24 0 0 
3115 3445 14 2949.75 438.054 1511.7 1987.43 24 0 0 
3349 3709 14 2965.82 458.956 1506.86 2091.3 24 0 0 
3380 3744 14 2964.79 458.956 1505.84 2071.5 24 0 0 
3487 3864 14 2964.62 458.956 1505.66 2088.9 24 0 0 
3502 3880 14 3038.66 540.713 1497.94 1982.61 24 0 0 
3885 4311 14 2929.53 445.558 1483.97 1940.54 24 0 0 
4131 4583 14 2919.75 435.908 1483.84 1907.43 24 0 0 
