0 0 14 6967.27 954.913 5012.35 29203.6 90 161 4 
0 0 14 5981.18 744.079 4237.1 22708.2 68 123 3 
1 0 14 5256.89 441.466 3815.42 15674.1 55 101 2 
1 0 14 5245.65 474.028 3771.63 15539.4 55 86 2 
2 1 14 5289.72 535.763 3753.95 15302.9 55 86 2 
3 1 14 5183.65 535.763 3647.88 14924.7 52 86 2 
4 2 14 5182.18 537.384 3644.8 15083.5 52 86 2 
5 3 14 5162.56 535.763 3626.8 14803 52 86 1 
6 3 14 5137.8 566.651 3571.15 14130.7 52 76 1 
6 3 14 5106.59 556.48 3550.11 13375.7 51 76 1 
7 4 14 5087.46 556.48 3530.98 13259.5 51 76 1 
7 4 14 5060.91 579.964 3480.94 13007.4 51 76 1 
9 6 14 4992.82 559.449 3433.37 12369.5 49 69 1 
9 6 14 4989.26 559.449 3429.81 12348.8 49 69 1 
9 6 14 4918.86 537.571 3381.29 11642.1 46 69 1 
11 7 14 4907.89 526.62 3381.27 11642.1 46 69 1 
11 7 14 4897.69 530.839 3366.85 11611.5 46 69 1 
11 7 14 4797.85 521.251 3276.6 11608.2 44 59 2 
12 8 14 4769.94 529.044 3240.89 11491.9 44 59 2 
13 8 14 4765.05 529.044 3236.01 11528.3 44 59 2 
13 8 14 4621.33 548.023 3073.3 11302.8 43 56 2 
14 10 14 4579.99 550.184 3029.81 10457.7 42 49 1 
16 11 14 4520.03 588.759 2931.27 10072.4 42 47 1 
16 11 14 4498.23 600.387 2897.84 9957.81 42 47 1 
17 12 14 4415.35 600.387 2814.96 8936.78 42 28 1 
18 13 14 4415.26 600.387 2814.87 8945.51 42 28 1 
20 14 14 4388.49 600.387 2788.1 8774.66 42 28 1 
21 15 14 4397.68 610.002 2787.68 8774.66 42 28 1 
21 15 14 4234.73 518.266 2716.46 7329.85 42 10 1 
22 16 14 4234.73 522.447 2712.28 7329.85 42 10 1 
23 17 14 4202.67 563.037 2639.63 7194.6 41 0 0 
24 17 14 4118.62 538.312 2580.3 6713.51 39 0 0 
24 18 14 4095.81 527.149 2568.66 6432.55 39 0 0 
25 18 14 4044.91 531.33 2513.58 6244.49 38 0 0 
25 18 14 4043.79 531.33 2512.46 6255.96 38 0 0 
25 19 14 4036.65 531.33 2505.32 6176.54 38 0 0 
26 19 14 4014.3 521.107 2493.19 6026.41 38 0 0 
26 19 14 3945.09 465.148 2479.94 5924.09 38 0 0 
26 19 14 3944.47 465.148 2479.32 5731.44 35 0 0 
28 20 14 3953.92 478.55 2475.37 5776.71 35 0 0 
28 21 14 3822.31 444.164 2378.15 4927.36 35 0 0 
28 21 14 3807.63 433.071 2374.56 4788.94 34 0 0 
29 21 14 3761.37 420.077 2341.29 4499.35 33 0 0 
29 22 14 3754.88 420.077 2334.8 4493.92 33 0 0 
30 22 14 3668.53 425.175 2243.36 4235.12 33 0 0 
31 23 14 3672.2 435.741 2236.46 4228.83 32 0 0 
31 23 14 3626.65 435.741 2190.9 3829.63 32 0 0 
33 24 14 3614.33 435.741 2178.59 3727.75 32 0 0 
33 25 14 3592.96 417.171 2175.79 3839.45 31 0 0 
34 26 14 3599.14 427.18 2171.96 3872.59 31 0 0 
34 26 14 3579.62 425.624 2153.99 3815.24 31 0 0 
35 27 14 3585.8 435.633 2150.16 3848.38 31 0 0 
37 28 14 3576.72 441.251 2135.47 3929.7 31 0 0 
37 28 14 3581.87 458.44 2123.43 3949.94 31 0 0 
39 29 14 3595.42 473.672 2121.75 3930.65 31 0 0 
39 29 14 3598.8 480.44 2118.36 3940.78 31 0 0 
42 33 14 3552.74 465.728 2087.01 3768.5 28 0 0 
43 33 14 3556.12 473.27 2082.84 3771.88 28 0 0 
45 35 14 3540.42 466.503 2073.92 3666.62 28 0 0 
46 36 14 3543.8 473.27 2070.53 3670 28 0 0 
46 36 14 3553.58 485.834 2067.75 3696.01 28 0 0 
47 36 14 3549.81 484.597 2065.21 3668.9 28 0 0 
47 37 14 3533.13 478.495 2054.64 3585.72 28 0 0 
48 37 14 3536.51 485.263 2051.24 3589.1 28 0 0 
50 39 14 3523.03 475.734 2047.29 3530.09 28 0 0 
50 39 14 3526.4 482.502 2043.9 3533.47 28 0 0 
52 41 14 3513.79 478.419 2035.37 3299.42 28 0 0 
52 41 14 3507.18 474.295 2032.89 3451.08 27 0 0 
53 41 14 3535.83 523.486 2012.35 3708.91 27 0 0 
53 41 14 3539.21 530.254 2008.95 3712.28 27 0 0 
53 41 14 3504.86 523.486 1981.37 3595.99 27 0 0 
53 42 14 3508.24 530.254 1977.98 3599.37 27 0 0 
55 44 14 3504.99 528.177 1976.81 3584.07 27 0 0 
56 44 14 3504.99 528.952 1976.04 3584.07 27 0 0 
58 46 14 3504.04 528.952 1975.08 3572.07 27 0 0 
61 49 14 3484.02 516.177 1967.85 3536.84 27 0 0 
63 50 14 3475.32 509.41 1965.91 3506.2 27 0 0 
63 50 14 3478.69 516.177 1962.52 3509.58 27 0 0 
64 51 14 3469.6 513.04 1956.56 3409.16 26 0 0 
64 51 14 3414.66 493.04 1921.62 2881.35 26 0 0 
64 51 14 3414.66 493.814 1920.84 2881.35 26 0 0 
65 52 14 3394.27 481.265 1913.01 2497.22 26 0 0 
66 53 14 3394.82 482.659 1912.17 2512.33 26 0 0 
68 55 14 3394.82 483.518 1911.31 2512.33 26 0 0 
69 56 14 3390.7 481.265 1909.44 2490.08 26 0 0 
72 58 14 3390.7 482.123 1908.58 2490.08 26 0 0 
74 60 14 3390.7 482.443 1908.26 2505.05 26 0 0 
74 60 14 3390.7 484.292 1906.41 2504.91 26 0 0 
75 61 14 3388.31 482.443 1905.87 2502.28 26 0 0 
75 61 14 3388.31 484.292 1904.02 2502.14 26 0 0 
84 69 14 3388.87 485.687 1903.18 2517.25 26 0 0 
99 82 14 3397.04 495.838 1901.2 2549.72 26 0 0 
100 83 14 3398.81 497.687 1901.12 2561.58 26 0 0 
100 83 14 3397.04 497.687 1899.35 2549.58 26 0 0 
106 88 14 3360.49 511.544 1848.95 2256.22 26 0 0 
107 89 14 3357.25 508.394 1848.86 2241.05 26 0 0 
107 89 14 3357.25 510.242 1847.01 2240.92 26 0 0 
108 90 14 3360.7 534.338 1826.36 2342.65 26 0 0 
109 90 14 3360.7 536.186 1824.52 2342.51 26 0 0 
109 91 14 3355.37 534.338 1821.03 2320.72 26 0 0 
109 91 14 3355.37 536.186 1819.19 2320.58 26 0 0 
125 104 14 3353.44 534.792 1818.65 2302.71 26 0 0 
134 112 14 3353.98 538.623 1815.36 2272.18 26 0 0 
140 118 14 3353.03 538.623 1814.4 2220.59 26 0 0 
141 119 14 3343.92 532.605 1811.32 2226.95 26 0 0 
142 120 14 3343.92 534.454 1809.47 2226.81 26 0 0 
145 122 14 3330.36 524.63 1805.73 2226.95 26 0 0 
145 122 14 3330.36 526.478 1803.88 2226.81 26 0 0 
147 123 14 3333.08 532.996 1800.08 2237.13 26 0 0 
147 124 14 3330.36 531.267 1799.09 2229.47 26 0 0 
163 137 14 3319.13 527.087 1792.04 2113.61 26 0 0 
163 137 14 3319.13 531.267 1787.86 2113.61 26 0 0 
169 142 14 3308.75 523.16 1785.59 2113.61 26 0 0 
169 142 14 3308.75 527.34 1781.4 2113.61 26 0 0 
170 143 14 3243.47 506.088 1737.38 2113.61 26 0 0 
170 143 14 3243.47 510.269 1733.2 2113.61 26 0 0 
185 156 14 3215.55 491.974 1723.58 1841.35 25 0 0 
185 156 14 3215.55 496.155 1719.39 1841.35 25 0 0 
193 163 14 3215.61 506.009 1709.6 1841.73 25 0 0 
194 164 14 3215.61 521.391 1694.22 1841.73 25 0 0 
200 169 14 3228.38 534.409 1693.97 1921.91 25 0 0 
200 170 14 3242.41 550.643 1691.77 1841.73 25 0 0 
201 170 14 3242.41 556.067 1686.34 1841.73 25 0 0 
201 170 14 3242.41 560.248 1682.16 1841.73 25 0 0 
217 184 14 3240.97 560.248 1680.72 1823.94 25 0 0 
228 194 14 3239.56 560.248 1679.31 1825.82 25 0 0 
230 195 14 3240.97 564.825 1676.14 1823.94 25 0 0 
307 262 14 3239.56 564.825 1674.74 1825.82 25 0 0 
308 263 14 3251.1 590.604 1660.5 2051.92 25 0 0 
328 280 14 3248.96 590.604 1658.35 2041.63 25 0 0 
347 295 14 3248.96 599.619 1649.34 2041.63 25 0 0 
358 304 14 3261.72 612.637 1649.09 2121.81 25 0 0 
362 307 14 3258.96 612.637 1646.32 2105.81 25 0 0 
377 320 14 3249.81 611.606 1638.21 2101.48 25 0 0 
389 331 14 3244.44 611.606 1632.83 2045.03 25 0 0 
389 331 14 3236.13 609.835 1626.3 2052.69 25 0 0 
389 331 14 3233.41 608.107 1625.31 2045.03 25 0 0 
395 335 14 3230.47 608.107 1622.36 1949.72 25 0 0 
421 357 14 3238.14 617.313 1620.82 1957.39 25 0 0 
446 379 14 3238.14 625.956 1612.18 1957.39 25 0 0 
490 416 14 3229.76 622.22 1607.54 1838.71 25 0 0 
495 420 14 3206.12 608.1 1598.02 1734.04 25 0 0 
513 436 14 3205.66 608.1 1597.56 1939.26 25 0 0 
540 459 14 3221.26 624.504 1596.75 1982.55 25 0 0 
558 474 14 3219.72 624.504 1595.21 2030.91 25 0 0 
589 501 14 3219.72 625.45 1594.27 2028.26 25 0 0 
615 522 14 3219.72 625.626 1594.09 2037.42 25 0 0 
619 526 14 3218.49 625.626 1592.86 2075.75 25 0 0 
682 580 14 3217.29 625.626 1591.66 2020.68 25 0 0 
688 585 14 3216.47 625.124 1591.34 2031.92 25 0 0 
721 613 14 3219.98 632.036 1587.94 2010.12 25 0 0 
724 616 14 3219.98 632.515 1587.47 2010.12 25 0 0 
731 621 14 3219.98 635.287 1584.69 2010.12 25 0 0 
773 657 14 3210.89 627.263 1583.62 2001.02 25 0 0 
808 686 14 3209.66 627.263 1582.39 2039.35 25 0 0 
880 747 14 3190.45 608.675 1581.77 1981.95 25 0 0 
895 759 14 3193.39 615.402 1577.99 2008.95 25 0 0 
896 760 14 3193.39 617.571 1575.82 2008.95 25 0 0 
934 792 14 3189.82 617.571 1572.25 1974.33 25 0 0 
952 807 14 3190.04 618.543 1571.5 2027.83 25 0 0 
987 836 14 3190.04 619.346 1570.7 2027.83 25 0 0 
1096 930 14 3192.09 621.783 1570.31 1986.31 25 0 0 
1445 1225 14 3206.61 636.79 1569.82 2088.67 25 0 0 
1462 1239 14 3204.06 639.976 1564.09 2145.66 25 0 0 
1488 1262 14 3196.53 632.494 1564.03 2119.59 25 0 0 
1490 1264 14 3186.51 623.13 1563.38 2029.51 25 0 0 
1493 1266 14 3196.53 636.929 1559.6 2119.59 25 0 0 
1542 1306 14 3196.53 640.931 1555.6 2119.59 25 0 0 
1550 1312 14 3196.53 642.697 1553.83 2119.59 25 0 0 
1596 1353 14 3203.73 654.767 1548.96 2134.4 25 0 0 
1665 1412 14 3203.73 656.484 1547.25 2134.4 25 0 0 
1674 1420 14 3203.73 660.919 1542.81 2134.4 25 0 0 
1803 1531 14 3203.79 663.467 1540.32 2121.4 25 0 0 
1914 1628 14 3203.79 668.104 1535.69 2121.4 25 0 0 
2281 1948 14 3203.79 670.46 1533.33 2121.4 25 0 0 
2318 1981 14 3216.31 689.192 1527.12 2093.32 25 0 0 
2323 1985 14 3201.11 679.226 1521.88 2087.03 25 0 0 
2743 2352 14 3184.75 665.364 1519.39 2027.24 25 0 0 
2765 2370 14 3183.02 665.364 1517.66 1978.98 25 0 0 
2768 2373 14 3182.61 665.364 1517.24 1978.98 25 0 0 
3277 2811 14 3180.39 665.364 1515.03 2029.64 25 0 0 
4617 3963 14 3187.38 674.979 1512.4 1978.98 25 0 0 
4631 3975 14 3187.38 675.749 1511.63 1978.98 25 0 0 
4815 4133 14 3174.09 668.329 1505.76 2050.29 25 0 0 
4820 4136 14 3174.09 669.219 1504.87 2050.29 25 0 0 
4929 4224 14 3162.65 657.777 1504.87 1801.83 25 0 0 
4931 4225 14 3162.65 669.219 1493.43 1801.83 25 0 0 
5619 4791 14 3162.65 675.128 1487.52 1801.83 25 0 0 
