Agent: 0ids: 26 3 36 27 12 8 22 1 25 31 38 40 39 4 13 2 0 48 32 10 28 35 19 11 44 24 43 17 9 7 20 21 14 34 41 42 37 45 23 
Agent: 1ids: 22 3 28 45 12 41 33 47 6 40 27 31 19 46 39 23 34 18 21 43 13 44 14 49 36 37 1 48 29 20 0 35 25 16 5 15 10 26 8 4 32 
Agent: 2ids: 47 38 21 18 30 42 26 44 8 48 32 12 25 35 23 5 16 2 39 34 14 41 3 31 29 4 17 43 13 24 7 37 1 46 
Agent: 3ids: 4 5 
Agent: 4ids: 3 14 13 45 49 5 7 15 1 11 20 17 8 47 40 21 30 16 48 39 33 27 23 43 18 10 42 38 24 9 
Agent: 5ids: 32 29 27 5 37 20 31 2 
Agent: 6ids: 26 48 
Agent: 7ids: 37 36 4 45 17 39 49 22 43 14 21 10 16 48 13 41 7 32 24 3 42 19 38 5 0 11 47 33 30 1 31 28 20 25 2 9 27 35 34 26 8 6 
Agent: 8ids: 41 28 35 22 8 13 1 5 24 18 
Agent: 9ids: 42 5 9 4 36 13 14 8 39 46 40 35 6 34 10 24 11 
Agent: 10ids: 23 12 31 
Agent: 11ids: 39 
Agent: 12ids: 18 6 11 1 21 9 48 14 40 2 31 28 46 43 30 41 34 49 7 3 44 20 0 8 15 13 29 25 23 22 38 19 47 33 
Agent: 13ids: 27 48 13 32 20 29 37 10 36 16 15 47 0 28 31 
Agent: 14ids: 2 39 
Agent: 15ids: 36 5 44 29 7 30 22 35 4 0 19 17 20 
Agent: 16ids: 5 36 37 48 11 14 35 29 43 47 13 28 26 21 33 0 25 34 1 41 
Agent: 17ids: 19 36 1 47 30 29 6 31 26 43 48 13 39 15 12 40 38 23 42 49 44 2 27 16 45 41 8 18 32 46 3 9 10 25 22 37 24 7 34 4 28 0 
Agent: 18ids: 29 48 8 44 10 46 19 38 47 12 33 23 26 41 36 6 31 11 32 39 4 22 5 16 34 9 40 3 13 15 17 28 43 49 45 0 7 37 2 27 1 
Agent: 19ids: 12 49 33 27 20 26 45 9 8 1 48 17 29 24 14 11 0 30 25 38 18 28 22 34 40 39 44 42 21 43 13 32 5 37 7 
Agent: 20ids: 9 4 2 42 
Agent: 21ids: 39 41 27 44 5 16 33 10 49 40 2 18 30 19 46 21 9 36 11 48 12 0 31 14 15 23 32 43 1 26 35 37 29 3 20 28 25 42 13 47 7 
Agent: 22ids: 43 3 19 25 14 13 18 32 38 36 39 31 35 1 20 7 
Agent: 23ids: 24 43 14 25 27 46 49 
Agent: 24ids: 24 29 36 20 18 0 21 2 5 14 19 11 31 10 23 13 
Agent: 25ids: 24 15 3 27 43 49 36 21 40 47 42 32 5 46 22 8 20 19 14 34 23 13 45 30 29 6 9 41 11 2 17 
Agent: 26ids: 48 30 3 
Agent: 27ids: 12 43 0 38 25 33 47 16 9 40 18 10 15 13 14 36 22 39 24 27 20 28 6 8 44 2 35 
Agent: 28ids: 14 45 48 12 43 16 37 27 
Agent: 29ids: 45 9 34 1 3 33 14 22 36 7 15 28 2 27 10 42 21 41 12 46 5 23 43 26 49 0 20 19 4 8 30 38 47 11 31 32 24 44 37 13 16 25 18 6 48 40 
Agent: 30ids: 14 4 43 15 21 6 41 47 20 32 26 24 33 
Agent: 31ids: 36 23 47 33 12 44 22 35 32 28 11 27 5 29 34 13 
Agent: 32ids: 22 32 23 35 48 20 29 21 13 24 11 25 49 40 9 44 3 5 7 10 16 27 15 47 14 1 36 31 37 30 43 45 19 33 42 28 0 18 26 8 41 17 34 6 12 4 39 
Agent: 33ids: 25 26 39 17 42 27 1 32 16 24 8 40 14 11 41 21 22 47 43 2 4 5 48 49 9 38 13 28 36 0 45 19 6 
Agent: 34ids: 35 44 4 34 40 28 17 41 15 31 
Agent: 35ids: 31 0 13 2 14 48 23 45 39 19 16 26 22 18 3 41 1 24 37 44 46 38 11 21 29 4 8 34 
Agent: 36ids: 25 26 7 
Agent: 37ids: 15 29 17 20 33 43 32 4 19 18 49 5 31 30 39 26 0 44 21 28 8 37 46 42 38 48 2 12 14 6 10 41 40 24 36 23 7 3 34 47 9 45 
Agent: 38ids: 12 38 8 18 19 5 23 47 
Agent: 39ids: 45 7 23 26 25 49 9 2 18 32 14 20 37 5 36 28 42 1 22 40 8 17 41 0 38 21 31 12 48 4 47 6 39 44 13 11 46 3 33 34 10 43 19 24 16 
Agent: 40ids: 13 30 19 20 28 1 21 0 25 46 17 36 5 41 4 35 33 31 44 7 40 22 6 10 39 34 32 16 15 24 14 2 
Agent: 41ids: 46 45 14 
Agent: 42ids: 22 13 16 44 46 29 9 1 17 39 19 28 20 0 37 23 31 6 24 36 7 43 42 26 15 4 25 18 27 41 5 48 
Agent: 43ids: 12 29 0 26 38 44 27 31 10 43 14 1 24 8 37 42 7 40 4 18 25 33 20 48 13 41 9 23 3 35 47 17 5 30 11 6 45 15 28 34 2 39 21 49 32 46 36 16 
Agent: 44ids: 43 26 20 38 4 32 10 42 18 13 37 3 49 40 34 1 45 33 12 31 15 29 19 0 21 8 16 27 41 35 17 39 30 7 46 6 24 5 14 2 47 11 36 23 
Agent: 45ids: 12 31 27 39 42 34 24 16 32 0 19 15 20 23 47 3 38 14 25 40 46 17 13 41 35 
Agent: 46ids: 27 
Agent: 47ids: 41 18 29 1 48 11 42 7 23 5 13 47 46 0 
Agent: 48ids: 12 32 37 9 24 0 15 11 4 23 46 31 47 8 18 41 43 10 2 20 3 49 
Agent: 49ids: 15 45 18 44 16 7 36 34 22 13 40 42 25 14 8 11 20 3 38 9 2 12 32 49 48 19 10 24 17 33 29 41 21 4 31 
0 0 14 6494.95 841.472 4653.48 27870.3 94 147 2 
1 0 14 5716.4 818.492 3897.91 19462.1 61 106 2 
1 0 14 5065.31 433.521 3631.79 15454.9 60 93 2 
3 1 14 5139.05 522.324 3616.73 15978.5 60 93 2 
4 1 14 5101.01 522.324 3578.68 15647.6 60 93 2 
6 3 14 5021.74 522.324 3499.41 15280.9 60 87 2 
6 3 14 4841.14 517.167 3323.98 12850.1 58 21 1 
7 3 14 4678.2 501.213 3176.99 11845 56 21 1 
7 4 14 4605.46 483.647 3121.81 11333.2 55 21 1 
8 4 14 4313.5 374.977 2938.52 10187.4 52 21 1 
12 7 14 4199.52 333.221 2866.3 8526.65 51 0 0 
12 7 14 4133.92 333.221 2800.7 8324.64 50 0 0 
12 7 14 4139.81 389.591 2750.22 8308.32 49 0 0 
13 8 14 3987.95 368.793 2619.16 6653.62 46 0 0 
13 8 14 3926.73 368.861 2557.87 6238.22 44 0 0 
16 10 14 3923.61 368.861 2554.75 6251.66 44 0 0 
16 10 14 3889.8 376.856 2512.94 6089.18 44 0 0 
17 11 14 3779.51 338.258 2441.25 5440.28 43 0 0 
18 11 14 3764.07 341.54 2422.53 5363.08 43 0 0 
18 12 14 3758.7 341.54 2417.16 5407.48 43 0 0 
18 12 14 3756.2 374.203 2382 5400.04 43 0 0 
20 13 14 3751.5 374.203 2377.3 5394.09 43 0 0 
20 13 14 3695.66 331.383 2364.28 5034.67 42 0 0 
21 14 14 3690.15 331.383 2358.76 5016.86 42 0 0 
22 14 14 3689.83 331.383 2358.45 5002.86 42 0 0 
23 16 14 3696.47 348.902 2347.57 5009.5 42 0 0 
23 16 14 3656.99 335.304 2321.69 4608.7 41 0 0 
24 17 14 3640.6 326.258 2314.35 4573.97 41 0 0 
25 17 14 3640.6 328.625 2311.98 4573.97 41 0 0 
29 20 14 3648.88 340.95 2307.94 4650.42 41 0 0 
30 21 14 3641.13 338.119 2303.01 4523.91 41 0 0 
30 21 14 3603.8 311.349 2292.45 4364.01 40 0 0 
31 22 14 3599.44 324.388 2275.05 4345.59 40 0 0 
31 22 14 3580.09 319.293 2260.8 4343.94 40 0 0 
31 22 14 3576.18 319.293 2256.89 4317.45 40 0 0 
32 23 14 3604.49 347.955 2256.54 4096.23 39 0 0 
33 24 14 3578.73 330.065 2248.66 3850.78 38 0 0 
34 25 14 3567.23 326.808 2240.42 3767.98 38 0 0 
34 25 14 3567.21 326.808 2240.41 3753.93 38 0 0 
34 25 14 3566.88 339.846 2227.04 3753.6 38 0 0 
35 26 14 3570.64 346.763 2223.88 3625.61 38 0 0 
35 26 14 3570.17 346.763 2223.4 3624.73 38 0 0 
35 26 14 3558.85 341.76 2217.09 3789.41 37 0 0 
36 26 14 3566.39 357.618 2208.77 3865.87 37 0 0 
37 28 14 3565.62 357.618 2208 3875.24 37 0 0 
38 28 14 3561.4 354.437 2206.96 3875.24 37 0 0 
38 28 14 3557.49 354.437 2203.05 3848.76 37 0 0 
39 29 14 3566.69 383.81 2182.88 3877.66 37 0 0 
40 30 14 3566.69 390.128 2176.56 3877.66 37 0 0 
40 30 14 3560.79 390.128 2170.67 3946.5 37 0 0 
44 33 14 3536.11 384.669 2151.44 3888.44 37 0 0 
44 34 14 3516.41 384.669 2131.74 3708.82 37 0 0 
46 35 14 3508.41 384.669 2123.74 3698.52 37 0 0 
47 36 14 3482.54 384.669 2097.87 3602.11 36 0 0 
49 38 14 3482.27 384.669 2097.6 3602.11 36 0 0 
49 38 14 3487.79 392.612 2095.18 3602.11 36 0 0 
51 39 14 3487.79 428.573 2059.22 3602.11 36 0 0 
51 39 14 3483.03 428.573 2054.46 3591.55 36 0 0 
51 39 14 3479.82 428.573 2051.24 3584.51 36 0 0 
51 39 14 3473.78 428.432 2045.35 3565.67 36 0 0 
54 41 14 3471.98 428.432 2043.55 3553.87 36 0 0 
56 43 14 3393.24 362.617 2030.62 3128.53 35 0 0 
60 47 14 3352.57 339.65 2012.92 2856.32 34 0 0 
60 47 14 3314.52 351.02 1963.5 2878.48 33 0 0 
62 48 14 3310.3 347.84 1962.46 2878.48 33 0 0 
63 49 14 3310.19 351.02 1959.17 2856.82 33 0 0 
63 50 14 3333.72 422.064 1911.66 2859.27 33 0 0 
66 52 14 3331.37 422.064 1909.31 2856.33 33 0 0 
68 54 14 3324.53 464.309 1860.22 2873.57 33 0 0 
68 54 14 3324.53 468.273 1856.26 2873.57 33 0 0 
69 55 14 3323.03 468.273 1854.75 2852.43 33 0 0 
71 57 14 3285.92 454.869 1831.05 2755.33 30 0 0 
72 57 14 3285.39 454.869 1830.52 2877.01 30 0 0 
80 64 14 3285.39 464.474 1820.91 2888.99 30 0 0 
81 65 14 3281.17 461.293 1819.87 2888.99 30 0 0 
85 68 14 3271.56 459.977 1811.58 2852.66 30 0 0 
88 71 14 3254.99 447.3 1807.69 2907.4 30 0 0 
91 74 14 3260.82 455.243 1805.58 2913.24 30 0 0 
92 76 14 3254.31 451.046 1803.26 2823.47 30 0 0 
95 78 14 3266.3 474.445 1791.86 2823.44 30 0 0 
103 86 14 3262.5 474.445 1788.06 2828.26 30 0 0 
107 90 14 3236.7 458.425 1778.28 2567.32 30 0 0 
109 91 14 3215.87 452.828 1763.05 2330.92 28 0 0 
109 91 14 3218.32 456.755 1761.57 2277.31 28 0 0 
114 96 14 3199.78 446.661 1753.12 2188.15 28 0 0 
115 97 14 3199.22 446.661 1752.56 2107.47 28 0 0 
116 97 14 3209.46 459.102 1750.35 2249.82 28 0 0 
117 99 14 3190.36 449.008 1741.35 2084.32 28 0 0 
118 100 14 3190.36 453.008 1737.35 2084.32 28 0 0 
122 103 14 3158.25 453.008 1705.25 1885.9 27 0 0 
124 105 14 3154.25 453.008 1701.25 1845.9 27 0 0 
125 106 14 3154.22 453.008 1701.22 1793.73 27 0 0 
126 106 14 3174.09 474.637 1699.45 1962.93 27 0 0 
131 111 14 3163.25 467.846 1695.41 1880.47 27 0 0 
134 113 14 3158.25 463.127 1695.13 1876.98 26 0 0 
140 119 14 3157.79 463.127 1694.66 1920.42 26 0 0 
142 121 14 3156.92 463.127 1693.79 1879.58 26 0 0 
142 121 14 3152.27 463.127 1689.14 1910.96 26 0 0 
143 122 14 3161.89 487.116 1674.77 1979.79 26 0 0 
144 123 14 3161.87 487.116 1674.76 1975.73 26 0 0 
153 132 14 3151.97 479.286 1672.69 2045.99 26 0 0 
155 134 14 3144.97 475.777 1669.2 2045.99 26 0 0 
160 138 14 3149.02 500.951 1648.07 2049.04 26 0 0 
165 143 14 3145.7 500.951 1644.75 2024.81 26 0 0 
184 159 14 3130.46 487.187 1643.27 1902.04 26 0 0 
186 160 14 3149.02 519.704 1629.32 2049.04 26 0 0 
186 160 14 3145.7 519.704 1625.99 2024.81 26 0 0 
200 173 14 3145.7 524.857 1620.84 2024.81 26 0 0 
236 204 14 3146.07 525.279 1620.79 2042.96 26 0 0 
237 205 14 3197.44 589.726 1607.71 2076.33 26 0 0 
238 206 14 3196.06 589.726 1606.33 2120.02 26 0 0 
239 207 14 3193.01 589.726 1603.28 2189.85 26 0 0 
240 208 14 3186.47 589.726 1596.75 2165.61 26 0 0 
242 210 14 3186.47 589.841 1596.63 2165.61 26 0 0 
245 212 14 3177.14 582.752 1594.39 2165.61 26 0 0 
252 218 14 3177.14 582.867 1594.27 2165.61 26 0 0 
257 224 14 3178.37 589.841 1588.53 2165.61 26 0 0 
268 233 14 3162.22 574.291 1587.93 2039.84 26 0 0 
269 233 14 3174.52 589.841 1584.68 2165.61 26 0 0 
283 246 14 3165.98 583.341 1582.64 2082.33 26 0 0 
286 248 14 3165.93 583.341 1582.59 2109.27 26 0 0 
292 254 14 3116.3 541.521 1574.78 2044.48 26 0 0 
296 257 14 3098.24 537.83 1560.4 1883.29 26 0 0 
306 266 14 3096.6 537.83 1558.77 1760.34 26 0 0 
308 267 14 3096.6 537.945 1558.65 1760.34 26 0 0 
325 283 14 3096.05 537.945 1558.1 1744.79 26 0 0 
329 286 14 3095.57 537.945 1557.63 1647.59 26 0 0 
337 292 14 3087.29 531.954 1555.33 1647.59 26 0 0 
341 296 14 3085.96 531.954 1554 1647.59 26 0 0 
356 308 14 3091.55 538.973 1552.57 1710.79 26 0 0 
356 309 14 3091.55 543.209 1548.34 1710.79 26 0 0 
360 312 14 3081.43 535.266 1546.17 1690.56 26 0 0 
368 318 14 3081.43 535.381 1546.05 1690.56 26 0 0 
371 321 14 3081.12 535.381 1545.74 1677.65 26 0 0 
373 323 14 3065.43 521.51 1543.92 1595.22 23 0 0 
385 333 14 3051.52 507.703 1543.82 1586.59 23 0 0 
585 503 14 3058.42 515.027 1543.39 1586.59 23 0 0 
592 510 14 3044.77 504.838 1539.93 1486.51 23 0 0 
608 523 14 3044.18 504.838 1539.34 1499.11 23 0 0 
654 564 14 3044.18 505.61 1538.57 1499.11 23 0 0 
686 592 14 3043.02 505.61 1537.41 1499.11 23 0 0 
690 596 14 3042.04 505.61 1536.43 1521.12 23 0 0 
700 605 14 3067.41 537.545 1529.87 1615 23 0 0 
722 622 14 3062.6 535.599 1527 1623.42 23 0 0 
727 626 14 3059.06 535.406 1523.65 1469.8 22 0 0 
730 629 14 3057.11 535.406 1521.71 1455.8 22 0 0 
745 642 14 3052.62 533.766 1518.86 1451.31 22 0 0 
751 647 14 3049.93 533.179 1516.75 1512.63 22 0 0 
762 656 14 3026.27 517.619 1508.65 1532.24 22 0 0 
763 657 14 3036.83 536.188 1500.64 1532.24 22 0 0 
776 668 14 3017.95 521.956 1495.99 1291.66 22 0 0 
779 671 14 3027.95 539.956 1487.99 1379.28 22 0 0 
796 686 14 3037.02 549.424 1487.6 1388.35 22 0 0 
843 726 14 3029.84 547.197 1482.64 1445.18 22 0 0 
881 758 14 3027.25 547.197 1480.05 1488.72 22 0 0 
882 760 14 3029.84 551.143 1478.7 1445.18 22 0 0 
919 791 14 3028.81 551.143 1477.67 1318.86 22 0 0 
939 809 14 3026.45 551.143 1475.31 1331.46 22 0 0 
1065 920 14 2877.17 428.877 1448.3 1342.82 22 0 0 
1141 987 14 2885.38 437.818 1447.56 1388.81 22 0 0 
1173 1015 14 2884.18 436.877 1447.3 1416.45 22 0 0 
1192 1031 14 2884.18 442.787 1441.39 1416.45 22 0 0 
1212 1048 14 2891.1 454.684 1436.42 1509.37 22 0 0 
1265 1094 14 2890.73 454.684 1436.05 1587.54 22 0 0 
1303 1126 14 2890.73 459.935 1430.8 1587.54 22 0 0 
1948 1689 14 2887.99 458.148 1429.84 1587.54 22 0 0 
2771 2402 14 2895.94 466.327 1429.61 1538.16 22 0 0 
2896 2511 14 2898.78 469.467 1429.31 1627 22 0 0 
3801 3290 14 2901.88 473.429 1428.45 1656.72 22 0 0 
3802 3291 14 2898.1 471.331 1426.77 1645.1 22 0 0 
3803 3292 14 2897.59 471.331 1426.26 1645.1 22 0 0 
3879 3358 14 2893.56 471.331 1422.23 1605.82 22 0 0 
