0 0 14 7015.53 892.109 5123.42 33058.1 94 240 3 
2 0 14 5320.48 601.973 3718.51 19997.6 58 131 4 
4 2 14 5256.23 603.735 3652.49 19002.6 56 107 3 
5 2 14 5245.75 603.735 3642.02 18688.3 56 105 4 
5 3 14 5250.06 608.107 3641.95 18731.4 56 105 4 
6 3 14 5244.8 632.132 3612.67 18445.7 55 105 4 
6 3 14 5226.25 639.881 3586.36 18113.7 54 99 4 
6 3 14 5210.51 642.291 3568.22 17839.7 54 88 3 
6 3 14 5199.39 642.291 3557.1 17719.8 54 88 3 
7 4 14 5158.19 642.291 3515.9 17147.7 53 68 3 
7 4 14 5132.41 654.941 3477.47 16878 53 59 3 
9 5 14 5127.98 654.941 3473.04 16901.9 53 59 3 
10 6 14 5046.52 621.538 3424.98 14038 52 58 2 
10 6 14 5038.32 621.538 3416.78 14065.8 52 58 2 
10 6 14 5040.01 665.828 3374.18 13881.1 51 58 2 
11 7 14 4985.08 613.823 3371.26 13316.7 50 48 2 
12 8 14 4952.18 607.992 3344.19 12758.6 50 48 2 
13 8 14 4907.95 624.435 3283.52 12330.6 49 38 1 
13 9 14 4902.34 624.435 3277.9 12455.7 49 38 1 
14 9 14 4886.27 622.025 3264.25 12138.7 48 38 1 
14 10 14 4883.99 645.51 3238.48 12095 47 38 1 
15 11 14 4802.09 645.51 3156.58 11556.4 47 38 1 
16 11 14 4712.76 645.51 3067.25 11212.9 47 38 1 
16 11 14 4730.84 680.62 3050.22 11055.3 47 38 1 
16 12 14 4646.83 607.283 3039.55 10619.1 46 38 1 
18 13 14 4593.7 590.29 3003.41 10190.1 45 38 1 
18 13 14 4554.11 574.173 2979.94 9758.59 45 20 2 
18 13 14 4442.14 556.81 2885.33 8863.71 44 20 2 
22 16 14 4442.01 569.064 2872.95 8854.23 44 20 2 
22 16 14 4402.07 556.81 2845.26 8748.61 44 20 2 
23 17 14 4344.74 554.046 2790.69 8525.03 44 20 2 
24 18 14 4339.17 554.046 2785.12 8494.8 44 20 2 
32 24 14 4334.77 553.05 2781.72 8494.8 44 20 2 
32 24 14 4350.82 569.167 2781.65 8607.12 44 20 2 
32 24 14 4334.86 554.046 2780.81 8481.07 44 20 2 
32 24 14 4316.85 575.126 2741.72 8402.86 44 20 2 
32 25 14 4344.56 605.679 2738.88 8196.77 44 10 2 
33 25 14 4340.25 605.679 2734.57 8183.05 44 10 2 
33 25 14 4338.5 605.679 2732.82 8192.87 44 10 2 
37 28 14 4321.45 605.679 2715.77 8063.14 44 7 1 
38 29 14 4324.57 614.015 2710.56 8087.14 44 0 0 
39 30 14 4312.85 605.184 2707.67 8047.35 44 0 0 
40 31 14 4271.86 576.164 2695.7 7649.98 43 0 0 
41 32 14 4271.49 579.973 2691.52 7691.06 43 0 0 
41 32 14 4243.09 563.629 2679.46 7498.56 42 0 0 
43 33 14 4243.09 567.834 2675.25 7498.56 42 0 0 
43 33 14 4240.47 567.834 2672.64 7612.06 42 0 0 
46 35 14 4211.56 555.963 2655.6 7313.69 41 0 0 
49 38 14 4121.12 522.449 2598.67 7043.22 41 0 0 
49 38 14 4088.03 522.449 2565.58 6959.92 40 0 0 
50 39 14 4076.77 522.449 2554.32 6728.41 40 0 0 
51 40 14 4074.78 522.449 2552.33 6728.65 40 0 0 
52 40 14 4073.23 522.449 2550.78 6700.69 40 0 0 
55 43 14 4071.24 522.449 2548.79 6700.94 40 0 0 
55 43 14 4064.93 522.449 2542.48 6675.71 40 0 0 
56 44 14 4042.93 505.135 2537.8 6413.54 39 0 0 
56 44 14 4037.34 522.449 2514.9 6572.69 39 0 0 
57 44 14 4018.81 522.449 2496.36 6514.7 39 0 0 
57 45 14 3976.97 512.417 2464.55 6265.15 36 0 0 
58 45 14 3993.02 528.534 2464.48 6377.47 36 0 0 
59 46 14 3964.71 528.534 2436.17 6299.85 36 0 0 
61 48 14 3968.52 557.54 2410.98 6323.69 36 0 0 
63 50 14 3902.91 499.579 2403.33 6002.92 36 0 0 
66 52 14 3890.02 487.389 2402.63 5839.94 36 0 0 
66 52 14 3868.82 469.572 2399.24 6002.92 36 0 0 
66 52 14 3863.24 469.572 2393.67 5972.69 36 0 0 
71 57 14 3855.46 476.238 2379.22 5910.19 35 0 0 
72 57 14 3855.46 476.875 2378.59 5910.19 35 0 0 
72 58 14 3853.24 476.875 2376.37 5879.64 35 0 0 
74 59 14 3852.03 476.875 2375.15 5877.47 35 0 0 
75 60 14 3838.71 476.875 2361.84 5787.84 34 0 0 
79 64 14 3838.28 476.875 2361.4 5780.09 34 0 0 
82 66 14 3817.31 487.034 2330.28 5749.34 34 0 0 
83 67 14 3811.13 487.034 2324.09 5726.63 34 0 0 
88 72 14 3799.84 476.875 2322.96 5726.63 34 0 0 
89 72 14 3785.12 476.238 2308.88 5717.71 34 0 0 
90 73 14 3749.97 446.353 2303.62 5288.31 33 0 0 
94 76 14 3745.89 449.586 2296.3 5288.31 33 0 0 
99 81 14 3727.1 430.902 2296.2 5207.1 33 0 0 
99 81 14 3745.89 451.984 2293.9 5288.31 33 0 0 
100 82 14 3732.11 439.559 2292.55 5179.93 32 0 0 
102 83 14 3731.35 439.559 2291.79 5193.7 32 0 0 
104 85 14 3573.71 355.572 2218.14 4299.71 31 0 0 
104 85 14 3572.43 355.572 2216.86 4113.17 31 0 0 
106 88 14 3565.06 349.188 2215.88 4307.53 31 0 0 
107 88 14 3565.01 349.188 2215.82 4282.62 31 0 0 
107 89 14 3551.71 349.188 2202.52 4277.43 31 0 0 
108 89 14 3555.28 355.326 2199.95 4277.43 31 0 0 
115 95 14 3514.21 347.737 2166.47 3718.56 30 0 0 
115 95 14 3496.99 348.755 2148.23 3441.62 29 0 0 
116 96 14 3492.27 378.518 2113.75 3024.03 29 0 0 
117 97 14 3524.43 424.938 2099.49 3526.8 27 0 0 
122 101 14 3518.84 421.52 2097.31 3490.85 27 0 0 
124 102 14 3488.97 414.286 2074.68 3427.37 26 0 0 
128 106 14 3488.96 414.286 2074.68 3424.08 26 0 0 
128 106 14 3471.14 414.85 2056.29 3344.59 26 0 0 
130 108 14 3399.79 389.895 2009.89 2940.95 26 0 0 
130 108 14 3391.6 387.987 2003.61 2866.45 26 0 0 
131 109 14 3350.4 354.607 1995.79 2895.08 25 0 0 
132 109 14 3359.26 375.482 1983.78 2721.75 25 0 0 
134 111 14 3358.76 375.482 1983.28 2681.19 25 0 0 
134 111 14 3360.78 392.422 1968.36 2896.5 25 0 0 
136 112 14 3364.75 427.448 1937.3 2708.91 24 0 0 
137 114 14 3348.92 416.808 1932.12 2588.59 23 0 0 
139 115 14 3345.52 416.808 1928.72 2588.26 23 0 0 
140 115 14 3345.47 416.808 1928.66 2584.74 23 0 0 
141 117 14 3319.87 422.374 1897.5 2529.97 23 0 0 
145 119 14 3318.16 422.097 1896.06 2529.97 23 0 0 
146 121 14 3318.16 425.568 1892.59 2529.97 23 0 0 
147 121 14 3304.01 421.607 1882.4 2705.01 23 0 0 
148 122 14 3215.53 379.099 1836.43 2534.39 23 0 0 
152 126 14 3212.13 379.099 1833.03 2534.05 23 0 0 
154 127 14 3224.19 395.216 1828.97 2527.53 23 0 0 
156 129 14 3217.93 395.216 1822.71 2527.53 23 0 0 
158 131 14 3205.05 383.219 1821.83 2409.78 22 0 0 
158 131 14 3160.75 341.145 1819.61 1646.79 20 0 0 
163 136 14 3157.35 341.145 1816.21 1646.46 20 0 0 
170 141 14 3157.94 344.815 1813.12 1708.63 19 0 0 
175 145 14 3149.45 366.833 1782.61 1666.18 19 0 0 
182 150 14 3153.65 384.71 1768.94 1599.09 19 0 0 
189 156 14 3152.39 384.71 1767.68 1598.05 19 0 0 
193 160 14 3152.39 386.995 1765.39 1598.05 19 0 0 
201 167 14 3123.34 363.052 1760.29 1530.44 19 0 0 
203 169 14 3133.47 375.661 1757.81 1530.44 19 0 0 
205 170 14 3129.56 375.661 1753.9 1530.33 19 0 0 
208 172 14 3127.11 375.661 1751.45 1639.51 18 0 0 
216 180 14 3125.85 375.661 1750.19 1638.47 18 0 0 
223 185 14 3134.06 383.964 1750.1 1646.68 18 0 0 
226 188 14 3108.98 359.291 1749.69 1639.51 18 0 0 
243 203 14 3107.72 359.291 1748.43 1638.47 18 0 0 
282 238 14 3096.5 351.405 1745.1 1638.47 18 0 0 
311 263 14 3104.71 359.708 1745 1646.68 18 0 0 
324 275 14 3143.04 398.355 1744.69 1638.47 18 0 0 
333 282 14 3071.74 330.603 1741.14 1495.27 17 0 0 
336 285 14 3113.44 377.553 1735.89 1495.27 17 0 0 
385 326 14 3121.65 385.856 1735.79 1503.48 17 0 0 
413 350 14 3104.37 368.671 1735.7 1503.48 17 0 0 
424 359 14 3151.12 420.237 1730.88 1655.32 17 0 0 
431 364 14 3150.02 420.237 1729.78 1541.77 17 0 0 
452 381 14 3178.01 455.513 1722.5 1541.77 17 0 0 
459 387 14 3155.18 440.794 1714.39 1541.77 17 0 0 
463 390 14 3150.88 448.78 1702.1 1442.1 17 0 0 
471 396 14 3149.72 448.78 1700.94 1442.1 17 0 0 
491 413 14 3155.12 454.478 1700.65 1655.32 17 0 0 
551 463 14 3154.01 454.478 1699.53 1655.32 17 0 0 
555 467 14 3158.51 462.364 1696.14 1655.32 17 0 0 
576 485 14 3158.51 465.456 1693.05 1655.32 17 0 0 
588 495 14 3157.1 465.456 1691.64 1756.2 17 0 0 
591 497 14 3157.1 466.248 1690.85 1756.2 17 0 0 
652 549 14 3156.05 466.248 1689.8 1656.4 17 0 0 
653 550 14 3153.74 466.248 1687.49 1735.14 17 0 0 
723 609 14 3145.53 458.989 1686.54 1735.14 17 0 0 
917 770 14 3126.16 441.37 1684.79 1735.14 17 0 0 
927 778 14 3135.35 450.985 1684.36 1735.14 17 0 0 
929 780 14 3125.06 441.37 1683.69 1621.58 17 0 0 
930 781 14 3130.01 450.985 1679.03 1718.53 17 0 0 
934 784 14 3130.01 453.621 1676.39 1718.53 17 0 0 
935 785 14 3130.01 456.918 1673.09 1718.53 17 0 0 
938 788 14 3143.43 473.767 1669.66 1965.22 17 0 0 
941 790 14 3131.64 462.785 1668.85 1883.9 17 0 0 
942 791 14 3131.31 462.785 1668.53 1883.5 17 0 0 
948 796 14 3105.09 462.785 1642.31 1912.15 17 0 0 
962 808 14 3104.97 462.785 1642.18 1915.37 17 0 0 
997 839 14 3105.08 463.157 1641.92 1910.15 17 0 0 
1008 850 14 3104.95 463.157 1641.8 1913.37 17 0 0 
1029 867 14 3102.88 461.17 1641.71 1806.59 17 0 0 
1032 871 14 3042.09 407.435 1634.66 1381.95 17 0 0 
1040 877 14 3069.8 436.089 1633.71 1381.95 17 0 0 
1054 889 14 3073.29 443.813 1629.48 1381.95 17 0 0 
1073 905 14 3066.07 437.57 1628.5 1381.95 17 0 0 
1089 919 14 3029.15 403.874 1625.28 1381.95 17 0 0 
1100 928 14 3069.84 458.927 1610.92 1381.95 17 0 0 
1115 940 14 3045.93 438.856 1607.08 1381.95 17 0 0 
1138 959 14 3052.53 446.479 1606.05 1398.46 17 0 0 
1143 964 14 3029.84 428.043 1601.8 1381.95 17 0 0 
1143 964 14 3036.44 435.666 1600.77 1398.46 17 0 0 
1212 1023 14 3023.49 424.494 1598.99 1398.46 17 0 0 
1214 1024 14 3022.01 423.805 1598.2 1398.46 17 0 0 
1222 1030 14 3038.21 440.249 1597.97 1408.14 17 0 0 
1224 1032 14 3037.6 472.833 1564.77 1398.46 17 0 0 
1226 1035 14 3066.51 503.315 1563.19 1398.46 17 0 0 
1246 1050 14 3065.41 503.315 1562.09 1284.91 17 0 0 
1248 1052 14 3062.99 501.745 1561.25 1284.91 17 0 0 
1272 1071 14 3062.99 502.088 1560.91 1284.91 17 0 0 
1278 1077 14 2986.77 431.431 1555.34 1284.91 17 0 0 
1294 1089 14 2999.14 477.188 1521.95 1438.76 17 0 0 
1312 1104 14 2998.92 477.188 1521.74 1372.36 17 0 0 
1330 1119 14 2958.59 455.559 1503.03 1237.26 15 0 0 
1462 1227 14 2968.75 465.723 1503.02 1237.26 15 0 0 
1548 1299 14 2968.62 474.139 1494.48 1214.96 15 0 0 
1580 1328 14 2965.85 475.56 1490.29 1188.73 15 0 0 
1598 1344 14 2965.85 477.629 1488.22 1188.73 15 0 0 
1812 1538 14 2962.94 475.384 1487.55 1188.73 15 0 0 
2034 1742 14 2956.8 475.444 1481.36 1188.73 15 0 0 
2221 1913 14 2956.8 481.916 1474.88 1188.73 15 0 0 
3575 3116 14 2956.8 482.622 1474.18 1188.73 15 0 0 
