0 0 14 6624.41 928.477 4695.94 28753 89 128 3 
2 0 14 4978.1 450.319 3527.78 15937.4 48 126 1 
3 1 14 4920.07 437.863 3482.21 15083.8 47 116 1 
3 1 14 4944.51 465.576 3478.94 14791 47 57 1 
3 1 14 4905.54 520.7 3384.84 14629.5 47 57 1 
5 2 14 4791.96 512.115 3279.84 13501.8 46 57 1 
6 2 14 4716.97 481.991 3234.98 12724.2 45 38 1 
6 2 14 4704.61 508.632 3195.98 12801 45 38 1 
7 3 14 4703.44 508.632 3194.81 12768 45 38 1 
7 3 14 4696.13 547.162 3148.97 10793 44 24 1 
7 3 14 4696.13 557.617 3138.52 10793 44 24 1 
9 4 14 4654.71 557.617 3097.09 10547.2 44 24 1 
10 6 14 4538.78 497.762 3041.02 9703.01 43 24 1 
11 6 14 4534.58 497.762 3036.81 9723.72 43 24 1 
11 6 14 4532.04 497.762 3034.28 9302.85 43 24 1 
12 7 14 4530.6 498.182 3032.42 9273.37 43 24 1 
12 7 14 4491.24 481.081 3010.16 8916.32 42 24 1 
13 7 14 4483.72 481.081 3002.64 8805.94 42 24 1 
13 7 14 4467.52 475.486 2992.04 8718.6 42 24 1 
14 8 14 4367.75 448.414 2919.34 8274.83 39 24 1 
15 9 14 4361.33 448.414 2912.91 8180.83 39 24 1 
15 9 14 4336.49 427.425 2909.07 8006.52 39 24 1 
18 11 14 4278.93 415.74 2863.19 7885.22 38 24 1 
19 12 14 4254.11 420.91 2833.2 7626.56 38 24 1 
20 13 14 4163.89 410.913 2752.97 6943.13 37 24 1 
20 13 14 4106.35 406.533 2699.82 6777.41 37 24 1 
22 14 14 4105.62 406.533 2699.08 6726.22 37 24 1 
23 15 14 4095.67 406.533 2689.14 6626.63 37 24 1 
24 16 14 4095.67 406.536 2689.14 6626.63 37 24 1 
26 17 14 4083.75 406.536 2677.22 6397.72 37 24 1 
26 18 14 4087.22 422.096 2665.12 6473.44 37 24 1 
27 18 14 4069.85 415.33 2654.52 6174.48 36 24 1 
27 18 14 4078.75 437.701 2641.04 6217.66 36 24 1 
29 19 14 4067.63 437.701 2629.93 5928.09 36 15 1 
29 20 14 4064.18 435.389 2628.79 5928.09 36 15 1 
32 21 14 3837.86 422.62 2415.24 5085.89 36 6 1 
33 22 14 3823.9 422.62 2401.28 5010.94 36 6 1 
35 24 14 3802.25 429.025 2373.23 4711.51 34 0 0 
36 24 14 3812.58 441.461 2371.12 4763.16 34 0 0 
37 25 14 3773.84 416.798 2357.05 5235.62 34 0 0 
37 25 14 3769.79 416.798 2352.99 5235.62 34 0 0 
38 26 14 3757.78 421.919 2335.86 5238.15 34 0 0 
39 27 14 3670.78 383.932 2286.85 4626.81 33 0 0 
39 27 14 3654.59 371.495 2283.09 4558.18 33 0 0 
40 28 14 3652.29 371.495 2280.79 4587.91 33 0 0 
41 29 14 3652.03 371.495 2280.54 4587.25 33 0 0 
42 29 14 3631.89 362.311 2269.58 4475.89 33 0 0 
45 31 14 3609.3 362.311 2246.99 4242.16 33 0 0 
46 33 14 3589.46 358.575 2230.88 4116.27 33 0 0 
48 34 14 3592.09 375.178 2216.91 4126.8 33 0 0 
48 35 14 3588.85 405.232 2183.62 4109.77 33 0 0 
49 35 14 3585.4 402.92 2182.48 4106.32 33 0 0 
51 37 14 3584.12 402.92 2181.2 4068.47 33 0 0 
52 38 14 3587.03 420.722 2166.31 4077.73 33 0 0 
53 39 14 3596.18 430.524 2165.66 4114.32 33 0 0 
53 39 14 3534.75 383.056 2151.69 3553.84 32 0 0 
55 40 14 3533.47 383.056 2150.41 3515.99 32 0 0 
55 41 14 3534.75 386.325 2148.42 3553.84 32 0 0 
57 42 14 3537.54 391.093 2146.45 3563.98 32 0 0 
57 42 14 3519.6 409.953 2109.65 3445.09 31 0 0 
57 42 14 3497.15 397.755 2099.39 3418.8 30 0 0 
61 46 14 3482.03 397.755 2084.28 3356.96 30 0 0 
62 46 14 3480.75 397.755 2083 3319.1 30 0 0 
62 46 14 3446.68 396.367 2050.32 3334.33 29 0 0 
62 47 14 3449.48 401.135 2048.34 3344.47 29 0 0 
63 47 14 3449.22 401.135 2048.09 3343.81 29 0 0 
65 49 14 3446.22 399.852 2046.36 3343.81 29 0 0 
66 49 14 3438.08 404.071 2034 3343.81 29 0 0 
66 50 14 3431.6 402.793 2028.81 3134.3 29 0 0 
67 50 14 3410.07 402.793 2007.28 3110.59 29 0 0 
67 51 14 3408.79 402.793 2006 3072.74 29 0 0 
67 51 14 3406.33 402.793 2003.54 3061.91 29 0 0 
70 53 14 3377.2 398.837 1978.37 2978.04 29 0 0 
71 54 14 3380.54 403.452 1977.09 2964.61 28 0 0 
71 54 14 3362.4 431.693 1930.71 2992.18 28 0 0 
71 54 14 3362.4 434.129 1928.27 2992.18 28 0 0 
72 55 14 3371.36 443.931 1927.42 3028.01 28 0 0 
73 56 14 3380.09 461.518 1918.58 3043.02 28 0 0 
78 60 14 3388.32 470.549 1917.77 3059.47 28 0 0 
82 63 14 3378.24 461.518 1916.72 3034.83 28 0 0 
83 64 14 3377.64 461.518 1916.12 2999.94 28 0 0 
84 65 14 3376.49 461.518 1914.97 3023.23 27 0 0 
90 69 14 3384.71 470.549 1914.16 3039.67 27 0 0 
90 70 14 3337.59 435.734 1901.86 2686.98 27 0 0 
92 71 14 3334.98 435.632 1899.35 2556.17 27 0 0 
93 72 14 3334.98 435.734 1899.25 2556.17 27 0 0 
94 73 14 3343.43 451.774 1891.66 2727.36 26 0 0 
95 74 14 3321.43 444.461 1876.97 2848.5 26 0 0 
95 74 14 3318.36 446.048 1872.32 2845.43 26 0 0 
95 74 14 3322.96 462.888 1860.07 2850.02 26 0 0 
96 75 14 3319.88 464.475 1855.41 2846.95 26 0 0 
97 76 14 3323.14 469.026 1854.12 2850.58 26 0 0 
97 76 14 3316.79 464.475 1852.32 2831.84 26 0 0 
99 77 14 3319.73 469.924 1849.8 2846.47 26 0 0 
102 80 14 3291.11 446.069 1845.04 2783.85 26 0 0 
102 80 14 3291.11 449.872 1841.23 2783.85 26 0 0 
104 81 14 3298.08 459.273 1838.81 2783.85 26 0 0 
110 87 14 3294.99 459.273 1835.71 2768.74 26 0 0 
111 87 14 3294.99 460.888 1834.1 2768.74 26 0 0 
111 87 14 3290.99 459.273 1831.72 2761.58 26 0 0 
116 92 14 3290.99 460.888 1830.11 2761.58 26 0 0 
131 105 14 3279.33 450.994 1828.34 2636.82 26 0 0 
134 108 14 3244.42 450.864 1793.56 2442.1 26 0 0 
136 110 14 3238.16 446.894 1791.27 2220.96 26 0 0 
137 111 14 3231.46 446.894 1784.57 2181.51 25 0 0 
138 112 14 3231.81 447.583 1784.22 2182.55 25 0 0 
145 118 14 3233.12 449.391 1783.73 2182.55 25 0 0 
161 132 14 3225.34 447.583 1777.76 2028.29 23 0 0 
179 146 14 3220.59 455.462 1765.13 1993.53 23 0 0 
186 152 14 3213.56 455.183 1758.38 2006.37 23 0 0 
226 187 14 3203.55 447.012 1756.54 2006.37 23 0 0 
226 187 14 3194.56 442.411 1752.15 1982.2 23 0 0 
231 192 14 3204.57 452.463 1752.11 1982.2 23 0 0 
238 197 14 3209.57 467.142 1742.43 1982.2 23 0 0 
238 197 14 3213.56 475.007 1738.55 2006.37 23 0 0 
245 203 14 3212.66 475.127 1737.54 2051.39 23 0 0 
250 207 14 3212.66 479.127 1733.54 2051.39 23 0 0 
265 220 14 3208.93 479.127 1729.81 1982.49 23 0 0 
269 223 14 3159.32 454.589 1704.73 1898.05 23 0 0 
271 224 14 3115.46 434.373 1681.08 1654.27 23 0 0 
272 225 14 3110.72 432.301 1678.42 1654.27 23 0 0 
273 226 14 3110.72 437.862 1672.86 1637.26 23 0 0 
301 249 14 3113.66 444.218 1669.44 1544.31 22 0 0 
302 251 14 3106.12 437.345 1668.78 1544.31 22 0 0 
310 258 14 3096.11 429.174 1666.94 1544.31 22 0 0 
314 261 14 3083.49 417.077 1666.41 1433.23 21 0 0 
318 265 14 3072.06 405.86 1666.2 1211.9 20 0 0 
330 276 14 3082.07 415.912 1666.16 1211.9 20 0 0 
333 278 14 3054.6 388.868 1665.73 1114.63 20 0 0 
334 279 14 3054.6 390.247 1664.35 1130.24 20 0 0 
339 283 14 3071.41 409.142 1662.27 1278.17 20 0 0 
343 286 14 3071.26 409.142 1662.12 1156.99 20 0 0 
343 286 14 3034.67 390.247 1644.42 1036.12 20 0 0 
344 287 14 3044.67 400.299 1644.38 1036.12 20 0 0 
348 291 14 3044.52 400.299 1644.22 915.661 20 0 0 
361 302 14 3044.51 400.299 1644.21 904.24 20 0 0 
364 305 14 3043.24 400.895 1642.34 1026.47 20 0 0 
365 306 14 3025.72 390.271 1635.45 1107.15 20 0 0 
368 308 14 3017.46 386.271 1631.19 1048.85 20 0 0 
371 311 14 3017.45 386.271 1631.18 1037.42 20 0 0 
373 313 14 3028.29 401.928 1626.36 1072.4 20 0 0 
374 313 14 3028.29 405.928 1622.36 1072.4 20 0 0 
395 331 14 3028.06 405.928 1622.13 1185.25 19 0 0 
450 375 14 3024.66 406.523 1618.13 1355.34 19 0 0 
457 381 14 3020.21 406.523 1613.69 1355.34 19 0 0 
469 392 14 3020.21 407.111 1613.1 1355.34 19 0 0 
470 393 14 3020.21 411.77 1608.44 1355.34 19 0 0 
479 401 14 3014.5 407.77 1606.73 1355.34 19 0 0 
483 404 14 3014.5 411.77 1602.73 1355.34 19 0 0 
576 485 14 3006.65 406.216 1600.44 1370.64 19 0 0 
633 535 14 3001.65 402.822 1598.83 1322.52 19 0 0 
634 537 14 2989.02 398.979 1590.04 1331.62 19 0 0 
636 538 14 3000.26 416.148 1584.11 1510.74 19 0 0 
636 538 14 2989.03 410.94 1578.09 1356.3 19 0 0 
649 549 14 3000.26 428.109 1572.15 1535.41 19 0 0 
653 552 14 3000.26 439.551 1560.71 1535.41 19 0 0 
797 672 14 2989.3 437.707 1551.59 1535.41 19 0 0 
935 783 14 2989.3 447.461 1541.83 1535.41 19 0 0 
937 785 14 2993.3 488.635 1504.66 1547.41 19 0 0 
947 793 14 2989.3 488.635 1500.66 1535.41 19 0 0 
960 805 14 2994.8 495.683 1499.12 1529.91 19 0 0 
971 814 14 2994.3 495.683 1498.61 1535.41 19 0 0 
1430 1193 14 3012.79 518.954 1493.84 1464.27 19 0 0 
1444 1206 14 3000.66 508.954 1491.71 1427.55 19 0 0 
1481 1238 14 3000.66 509.103 1491.56 1427.55 19 0 0 
1569 1311 14 2999.8 509.103 1490.7 1451.89 19 0 0 
1694 1420 14 2999.8 509.498 1490.31 1451.89 19 0 0 
2291 1929 14 2999.57 509.712 1489.85 1477.48 19 0 0 
2440 2051 14 2999.57 513.395 1486.17 1477.48 19 0 0 
4315 3595 14 2985.7 502.637 1483.06 1440.97 19 0 0 
4328 3605 14 2984.25 502.637 1481.62 1417.41 19 0 0 
