0 0 14 6478.05 716.562 4761.49 35507.9 94 240 4 
6 3 14 4940.75 541.774 3398.98 11713.3 53 57 2 
7 4 14 4944.87 552.247 3392.62 11893.7 53 57 2 
9 5 14 4909.32 524.658 3384.66 11369.6 52 47 1 
9 5 14 4793.3 506.429 3286.87 10763.5 50 47 1 
9 5 14 4743.64 506.429 3237.21 10823.6 50 47 1 
10 6 14 4739.6 502.74 3236.86 10782.2 49 47 1 
10 6 14 4738.48 502.74 3235.74 11103 49 47 1 
11 7 14 4675.97 502.74 3173.23 11323.2 48 40 1 
11 7 14 4678.81 510.169 3168.64 11323.2 48 40 1 
12 7 14 4636.74 496.413 3140.33 10498.4 46 40 1 
12 7 14 4628.77 496.413 3132.36 10759.1 45 40 1 
13 9 14 4557.84 490.033 3067.81 10089.8 45 24 1 
14 9 14 4536.95 495.472 3041.48 10058.2 44 24 1 
14 9 14 4535.13 499.838 3035.29 9805.84 43 24 1 
15 10 14 4534.17 499.838 3034.33 9810.08 43 24 1 
15 10 14 4536.11 570.469 2965.64 10076 43 9 1 
15 10 14 4487.92 570.469 2917.45 9553.45 43 6 1 
15 10 14 4487.45 570.469 2916.98 9520.36 43 6 1 
16 11 14 4479.88 564.789 2915.09 9477.24 43 6 1 
17 12 14 4478.34 564.789 2913.56 9475.8 43 6 1 
18 12 14 4436.8 564.789 2872.01 9292.8 43 6 1 
18 12 14 4426.61 567.267 2859.34 9312.07 43 0 0 
19 13 14 4413.91 567.267 2846.64 9093.27 43 0 0 
19 13 14 4412.38 567.267 2845.11 9091.82 43 0 0 
20 14 14 4400.93 567.267 2833.66 9066.3 43 0 0 
21 15 14 4379.6 577.678 2801.92 8976.71 42 0 0 
21 15 14 4379.28 577.659 2801.62 8944.19 42 0 0 
22 16 14 4305.69 556.462 2749.23 8468.09 41 0 0 
22 16 14 4305.69 556.804 2748.89 8468.09 41 0 0 
23 17 14 4292.71 556.462 2736.25 8441.13 41 0 0 
24 17 14 4292.71 556.804 2735.91 8441.13 41 0 0 
26 19 14 4295.72 563.891 2731.83 8438.16 41 0 0 
27 20 14 4294.69 563.891 2730.8 8423.34 41 0 0 
28 21 14 4229.49 541.262 2688.23 7925.36 40 0 0 
28 21 14 4229.49 541.605 2687.88 7925.36 40 0 0 
28 21 14 4224.06 557.768 2666.3 7925.36 40 0 0 
29 22 14 4224.06 558.111 2665.95 7925.36 40 0 0 
29 22 14 4218.72 557.768 2660.95 7900.33 40 0 0 
30 23 14 4218.72 558.111 2660.61 7900.33 40 0 0 
32 24 14 4224.08 573.334 2650.75 7909.44 40 0 0 
32 25 14 4214.69 572.991 2641.7 7710.97 40 0 0 
32 25 14 4207.43 573.334 2634.09 7682.9 40 0 0 
33 25 14 4197.18 573.398 2623.78 7699.29 40 0 0 
33 25 14 4131.12 560.37 2570.75 7378.34 40 0 0 
33 25 14 4092.23 560.713 2531.51 7080.61 40 0 0 
34 26 14 4087.65 560.37 2527.28 7053.17 40 0 0 
34 26 14 4087.65 560.713 2526.94 7053.17 40 0 0 
35 27 14 4077.68 567.8 2509.88 7023.24 40 0 0 
35 27 14 4077.68 568.142 2509.54 7023.24 40 0 0 
36 28 14 4051.74 588.639 2463.1 6879.95 40 0 0 
36 28 14 4024.08 567.8 2456.28 6926.44 40 0 0 
36 28 14 4024.08 568.142 2455.93 6926.44 40 0 0 
39 30 14 3988.8 541.717 2447.08 6667.46 39 0 0 
39 31 14 3924.79 506.024 2418.76 6646.13 37 0 0 
43 33 14 3923.76 505.682 2418.08 6631.31 37 0 0 
43 33 14 3923.76 506.024 2417.74 6631.31 37 0 0 
43 34 14 3921.87 505.682 2416.19 6749.24 37 0 0 
43 34 14 3930.68 531.423 2399.26 6641.5 37 0 0 
43 34 14 3900.54 514.354 2386.18 6411.1 37 0 0 
44 35 14 3897.21 514.011 2383.2 6383.4 37 0 0 
44 35 14 3897.21 514.354 2382.86 6383.4 37 0 0 
45 36 14 3896.96 514.354 2382.6 6407.89 37 0 0 
47 37 14 3896.96 524.917 2372.04 6407.89 37 0 0 
48 37 14 3896.96 525.259 2371.7 6407.89 37 0 0 
48 38 14 3891.35 550.999 2340.35 6416.36 37 0 0 
48 38 14 3891.35 551.342 2340 6416.36 37 0 0 
50 39 14 3801.55 514.354 2287.2 5508.83 36 0 0 
51 40 14 3772.21 513.067 2259.14 5271.84 35 0 0 
51 41 14 3772.21 513.41 2258.8 5271.84 35 0 0 
53 42 14 3748.02 514.043 2233.97 5209.03 35 0 0 
53 42 14 3748.02 514.386 2233.63 5209.03 35 0 0 
56 44 14 3706.06 503.736 2202.33 4801.23 35 0 0 
56 44 14 3706.06 504.078 2201.99 4801.23 35 0 0 
58 46 14 3700.78 514.386 2186.4 5044.49 35 0 0 
58 46 14 3717.79 547.852 2169.94 5217.84 35 0 0 
58 46 14 3717.79 548.194 2169.6 5217.84 35 0 0 
59 47 14 3717.79 558.1 2159.69 5271.91 35 0 0 
60 47 14 3717.79 558.443 2159.35 5271.91 35 0 0 
60 48 14 3713.14 558.1 2155.04 5263.88 35 0 0 
60 48 14 3713.14 558.443 2154.69 5263.88 35 0 0 
61 48 14 3702.2 553.982 2148.22 5116.31 35 0 0 
61 49 14 3702.2 554.325 2147.88 5116.31 35 0 0 
62 50 14 3687.73 553.982 2133.74 5037.66 35 0 0 
62 50 14 3687.73 554.325 2133.4 5037.66 35 0 0 
66 53 14 3683.21 553.982 2129.23 5014.82 35 0 0 
66 53 14 3646.21 537.384 2108.83 4907.2 33 0 0 
69 56 14 3641.49 537.042 2104.45 4893.81 33 0 0 
69 56 14 3641.49 537.384 2104.11 4893.81 33 0 0 
70 57 14 3620.62 547.451 2073.17 4534.46 33 0 0 
71 57 14 3620.62 547.794 2072.83 4534.46 33 0 0 
72 58 14 3632.34 562.618 2069.72 4697.42 33 0 0 
72 58 14 3632.34 562.961 2069.38 4697.42 33 0 0 
73 59 14 3628.93 562.618 2066.32 4684.96 33 0 0 
73 60 14 3628.54 562.971 2065.57 4658.62 32 0 0 
74 60 14 3626.86 562.628 2064.23 4650.21 32 0 0 
74 60 14 3626.86 562.971 2063.89 4650.21 32 0 0 
78 64 14 3626.17 568.127 2058.04 4655.15 32 0 0 
78 64 14 3626.17 568.469 2057.7 4655.15 32 0 0 
80 65 14 3620.86 568.127 2052.74 4508.42 32 0 0 
80 66 14 3620.86 568.469 2052.4 4508.42 32 0 0 
83 68 14 3610.48 568.127 2042.35 4440.64 32 0 0 
83 68 14 3610.48 574.677 2035.8 4440.64 32 0 0 
83 68 14 3601.91 574.335 2027.58 4397.51 32 0 0 
84 69 14 3601.91 574.677 2027.24 4397.51 32 0 0 
84 69 14 3600.21 583.53 2016.68 4353.43 32 0 0 
85 70 14 3600.21 583.873 2016.34 4353.43 32 0 0 
85 70 14 3596.03 583.53 2012.5 4180.96 32 0 0 
86 71 14 3596.03 583.873 2012.16 4180.96 32 0 0 
88 72 14 3547.36 561.803 1985.56 3649.69 31 0 0 
88 72 14 3547.36 562.146 1985.22 3649.69 31 0 0 
89 73 14 3548.38 568.262 1980.12 3674.17 31 0 0 
89 73 14 3548.38 568.604 1979.78 3674.17 31 0 0 
93 77 14 3532.97 558.297 1974.67 3486.31 31 0 0 
100 83 14 3461.7 492.163 1969.53 3195.89 31 0 0 
100 83 14 3513.43 552.309 1961.12 3302.51 31 0 0 
102 84 14 3450.26 492.163 1958.1 3099.8 30 0 0 
107 88 14 3438.81 483.014 1955.79 3095.59 30 0 0 
107 89 14 3455.11 505.693 1949.42 3089.29 29 0 0 
109 90 14 3451.32 505.693 1945.63 3056.66 29 0 0 
113 93 14 3440.28 518.326 1921.96 2918.28 28 0 0 
116 96 14 3422.45 501.625 1920.83 2646.13 27 0 0 
117 97 14 3418.16 501.625 1916.53 2631.89 27 0 0 
118 98 14 3415.08 501.625 1913.45 2650.45 27 0 0 
119 98 14 3415.08 507.285 1907.79 2650.45 27 0 0 
120 99 14 3367.33 473.285 1894.04 2506.68 27 0 0 
120 100 14 3361.33 474.206 1887.12 2446.94 27 0 0 
123 101 14 3361.33 475.584 1885.74 2446.94 27 0 0 
123 102 14 3368.02 488.164 1879.85 2460.33 27 0 0 
125 103 14 3324.73 488.164 1836.57 2303.44 25 0 0 
125 103 14 3318.92 488.164 1830.75 2285.38 25 0 0 
127 105 14 3312.32 488.164 1824.15 2304.45 25 0 0 
132 109 14 3308.88 493.119 1815.76 2242.22 25 0 0 
134 111 14 3302.24 488.164 1814.08 2296.96 24 0 0 
151 126 14 3290.2 478.024 1812.17 2272.87 24 0 0 
153 128 14 3289.34 478.024 1811.31 2240.57 24 0 0 
161 134 14 3264.22 468.498 1795.72 2116.4 24 0 0 
164 137 14 3277.5 494.708 1782.79 2145.57 24 0 0 
170 142 14 3275.6 499.265 1776.34 2142.12 24 0 0 
175 146 14 3284.85 513.922 1770.93 2233.07 24 0 0 
179 150 14 3290.92 524.445 1766.47 2217.59 24 0 0 
190 160 14 3288.13 525.365 1762.77 2206.45 24 0 0 
194 163 14 3235.25 513.974 1721.28 2159.48 24 0 0 
194 164 14 3237.25 516.002 1721.25 2159.48 24 0 0 
195 165 14 3240.99 520.974 1720.02 2147.78 24 0 0 
196 165 14 3242.99 523.002 1719.99 2147.78 24 0 0 
205 173 14 3231.93 523.444 1708.49 2147.78 24 0 0 
208 175 14 3227.43 522.257 1705.18 2147.78 24 0 0 
208 175 14 3227.43 522.284 1705.15 2147.78 24 0 0 
230 193 14 3223.72 522.284 1701.43 2019.06 24 0 0 
231 194 14 3231.41 531.857 1699.55 2222.87 24 0 0 
231 194 14 3231.41 531.885 1699.52 2222.87 24 0 0 
235 198 14 3232.14 536.803 1695.34 2250.53 24 0 0 
238 200 14 3232.14 541.258 1690.88 2239.13 24 0 0 
239 201 14 3232.14 546.129 1686.01 2239.13 24 0 0 
239 201 14 3232.14 546.157 1685.98 2239.13 24 0 0 
256 215 14 3258.56 581.68 1676.88 2536.62 24 0 0 
258 218 14 3226.62 554.533 1672.09 2191.28 24 0 0 
262 221 14 3236.63 569.321 1667.31 2239.13 24 0 0 
271 228 14 3232.14 568.134 1664 2239.13 24 0 0 
271 229 14 3232.14 568.162 1663.98 2239.13 24 0 0 
274 231 14 3231.22 572.497 1658.73 2312.46 24 0 0 
274 231 14 3231.22 572.525 1658.7 2312.46 24 0 0 
275 232 14 3226.73 571.366 1655.36 2312.46 24 0 0 
276 233 14 3226.73 574.278 1652.45 2312.46 24 0 0 
276 233 14 3226.73 574.306 1652.42 2312.46 24 0 0 
277 233 14 3226.45 576.514 1649.94 2426.36 24 0 0 
277 234 14 3226.45 576.541 1649.91 2426.36 24 0 0 
293 247 14 3226.45 577.713 1648.74 2426.36 24 0 0 
298 252 14 3210.94 565.505 1645.44 2436.85 24 0 0 
302 255 14 3210.94 571.165 1639.78 2436.85 24 0 0 
318 270 14 3072.36 470.617 1601.74 2430.55 24 0 0 
323 273 14 3072.36 470.959 1601.4 2430.55 24 0 0 
329 279 14 3072.36 474.502 1597.85 2430.55 24 0 0 
331 280 14 3034.1 437.57 1596.53 2197.24 24 0 0 
334 283 14 3033.81 446.431 1587.38 2187.56 24 0 0 
342 290 14 3033.81 449.974 1583.84 2187.56 24 0 0 
358 305 14 3034.41 453.079 1581.33 2190.35 24 0 0 
362 308 14 3034.41 464.746 1569.66 2190.35 24 0 0 
363 309 14 3034.41 468.463 1565.94 2190.35 24 0 0 
381 325 14 3035.69 476.164 1559.53 2287.24 24 0 0 
411 352 14 3046.48 487.598 1558.88 2362.72 24 0 0 
445 384 14 3040.48 483.299 1557.18 2350.72 24 0 0 
517 447 14 3031.98 475.019 1556.96 2212.03 23 0 0 
538 466 14 3031.98 491.43 1540.55 2212.03 23 0 0 
554 481 14 3030.07 493.717 1536.36 2208.21 23 0 0 
565 491 14 3028.72 493.375 1535.35 2212.56 23 0 0 
566 492 14 3028.72 493.717 1535.01 2212.56 23 0 0 
568 494 14 3042.42 511.838 1530.58 2416.28 23 0 0 
573 498 14 3042.42 511.866 1530.55 2416.28 23 0 0 
587 510 14 3032.8 506.828 1525.97 2383.1 23 0 0 
590 513 14 3028.91 505.71 1523.2 2373.87 22 0 0 
607 528 14 3028.84 506.828 1522.01 2326.55 22 0 0 
608 529 14 3024.95 505.71 1519.24 2322.66 22 0 0 
618 538 14 3013.75 495.197 1518.55 2224.88 21 0 0 
645 563 14 2994.72 495.197 1499.52 2042.68 21 0 0 
652 569 14 2990.83 495.197 1495.64 2024.11 21 0 0 
692 603 14 2990.83 505.014 1485.82 2024.11 21 0 0 
829 723 14 2949.96 464.932 1485.03 1697.77 21 0 0 
829 724 14 2949.96 472.749 1477.21 1697.77 21 0 0 
834 728 14 2947.6 472.749 1474.85 1710.38 21 0 0 
841 735 14 2972.92 501.535 1471.39 1707.91 21 0 0 
857 749 14 2972.92 502.653 1470.27 1707.91 21 0 0 
932 815 14 2973.75 509.116 1464.63 1745.22 21 0 0 
943 825 14 2973.75 509.914 1463.83 1745.22 21 0 0 
1102 966 14 2985.98 524.191 1461.79 1745.22 21 0 0 
1111 974 14 2985.98 524.26 1461.72 1745.22 21 0 0 
1216 1069 14 2986.58 526.623 1459.96 1724.56 21 0 0 
1216 1069 14 2985.98 526.623 1459.36 1745.22 21 0 0 
1361 1201 14 2982.07 526.623 1455.45 1755.94 21 0 0 
1364 1204 14 2980.43 525.505 1454.93 1735.34 21 0 0 
1366 1206 14 2980.43 526.623 1453.81 1735.34 21 0 0 
1376 1216 14 2978.07 526.623 1451.45 1747.94 21 0 0 
2436 2183 14 3083.79 633.796 1449.99 1647.66 21 0 0 
2457 2202 14 3075.24 625.292 1449.94 1647.76 21 0 0 
2458 2203 14 3080.78 633.796 1446.98 1689.23 21 0 0 
2467 2211 14 3080.78 635.233 1445.54 1689.23 21 0 0 
2552 2285 14 3080.77 635.233 1445.54 1774.93 21 0 0 
2687 2407 14 3080.77 640.118 1440.65 1774.93 21 0 0 
2881 2587 14 3080.77 642.187 1438.58 1774.93 21 0 0 
3154 2838 14 2992.5 554.232 1438.27 1878.21 21 0 0 
3167 2850 14 2990.24 553.543 1436.7 1951.54 21 0 0 
3171 2853 14 2990.59 554.232 1436.35 1952.23 21 0 0 
3178 2859 14 2997.14 562.504 1434.63 1984.89 21 0 0 
3198 2877 14 2975.6 542.433 1433.17 1951.93 21 0 0 
3224 2900 14 2975.6 543.559 1432.04 1951.93 21 0 0 
3228 2904 14 2811.12 394.475 1416.65 2045.26 21 0 0 
3269 2940 14 2812.31 397.807 1414.5 2010.69 21 0 0 
3273 2943 14 2811.96 401.776 1410.18 2009.99 21 0 0 
3274 2944 14 2812.31 402.465 1409.84 2010.69 21 0 0 
3447 3092 14 2812.31 403.171 1409.14 2010.69 21 0 0 
3634 3256 14 2811.67 404.142 1407.52 2006.2 21 0 0 
3677 3294 14 2811.67 409.203 1402.46 2006.2 21 0 0 
3686 3302 14 2813.2 413.29 1399.91 2030.16 21 0 0 
5471 4918 14 2809.82 413.29 1396.53 1853.28 21 0 0 
