Agent: 0ids: 34 30 6 45 31 21 24 42 13 37 11 10 43 29 15 20 28 36 46 47 32 5 1 0 27 19 48 4 41 12 
Agent: 1ids: 46 28 23 4 13 27 32 6 7 45 1 43 35 16 31 0 38 30 15 29 48 19 8 18 10 20 49 47 44 5 9 
Agent: 2ids: 19 21 34 48 3 13 46 8 38 7 40 22 44 10 36 15 12 17 28 18 
Agent: 3ids: 3 0 37 27 26 28 41 13 48 20 44 40 5 43 42 4 22 47 35 45 34 2 6 19 
Agent: 4ids: 46 18 25 11 0 2 27 36 40 29 38 41 45 7 8 23 6 48 4 5 26 47 44 15 42 32 9 37 16 14 28 20 31 21 33 
Agent: 5ids: 18 20 38 40 6 12 2 27 16 44 30 26 25 49 13 48 31 7 28 23 4 22 42 1 8 21 11 15 17 19 41 37 9 39 0 43 
Agent: 6ids: 20 31 43 49 25 3 21 32 24 34 16 17 4 6 38 
Agent: 7ids: 18 31 12 46 29 40 10 41 35 49 16 11 37 43 32 27 1 22 7 26 
Agent: 8ids: 35 5 43 
Agent: 9ids: 45 42 34 28 19 23 6 16 29 33 25 20 8 32 14 5 1 26 9 10 49 3 44 40 37 47 2 35 38 12 11 7 24 4 
Agent: 10ids: 49 19 39 33 40 45 27 22 32 47 37 43 11 46 8 42 23 44 5 13 16 14 2 
Agent: 11ids: 45 18 38 12 25 44 23 7 33 27 19 43 14 10 36 42 35 21 46 1 48 0 17 26 2 
Agent: 12ids: 30 46 12 4 33 2 0 16 34 41 15 18 9 31 40 32 23 21 7 37 10 29 24 25 47 19 11 8 39 6 28 22 26 45 1 5 27 
Agent: 13ids: 2 1 12 16 28 32 5 0 18 45 27 40 22 19 24 13 39 47 49 21 43 44 23 9 29 48 6 26 8 46 36 
Agent: 14ids: 13 1 41 38 29 37 31 17 12 47 35 24 25 5 34 33 42 39 14 27 6 36 8 46 48 44 40 16 18 26 15 2 30 
Agent: 15ids: 46 14 6 19 42 37 1 27 45 44 25 18 4 36 12 5 24 43 38 2 31 3 49 17 11 28 15 30 13 33 7 9 34 39 0 48 10 23 21 29 
Agent: 16ids: 43 20 21 0 2 32 35 36 41 8 34 7 46 31 30 19 16 3 15 25 14 11 9 48 
Agent: 17ids: 0 40 27 15 20 26 38 44 46 12 32 35 39 8 11 49 3 14 4 30 5 34 23 18 47 13 28 43 16 7 24 45 21 6 9 29 42 
Agent: 18ids: 30 36 34 5 21 29 47 28 45 37 46 17 14 42 43 33 40 4 1 19 35 38 11 32 10 3 8 26 31 48 27 6 
Agent: 19ids: 33 40 8 26 16 29 1 11 47 31 42 35 4 5 41 19 20 27 0 24 17 9 45 12 21 46 36 38 28 32 
Agent: 20ids: 21 26 24 49 11 1 
Agent: 21ids: 13 9 39 42 7 49 40 48 31 47 35 23 27 24 1 16 32 29 12 44 34 37 43 15 0 18 
Agent: 22ids: 47 6 25 30 45 12 23 2 3 44 5 41 49 7 39 27 17 29 48 15 22 8 21 26 18 46 20 24 11 16 4 31 33 9 14 35 13 38 10 42 
Agent: 23ids: 14 40 11 2 12 31 6 46 15 
Agent: 24ids: 19 49 4 6 45 37 39 20 36 34 1 30 11 5 28 31 24 8 21 41 
Agent: 25ids: 36 9 38 3 1 31 19 
Agent: 26ids: 4 9 31 39 38 32 17 29 30 44 8 35 25 34 47 24 27 1 18 37 16 40 6 41 7 22 21 5 19 12 46 45 10 20 42 33 23 49 
Agent: 27ids: 19 13 22 17 15 34 39 30 36 42 10 3 0 21 8 14 23 12 25 9 38 4 26 
Agent: 28ids: 25 29 40 44 32 37 39 2 24 22 28 18 20 12 45 27 5 14 6 41 7 0 11 8 15 21 23 9 16 3 19 13 
Agent: 29ids: 18 34 8 5 27 28 25 21 15 17 36 49 14 12 29 44 0 6 4 22 32 33 20 39 16 48 37 41 7 
Agent: 30ids: 26 9 1 28 36 14 23 15 31 2 34 18 29 48 20 46 11 3 37 13 0 33 41 32 42 39 17 24 19 44 27 16 8 38 47 6 30 5 43 45 10 
Agent: 31ids: 39 22 12 18 8 10 44 11 38 14 47 27 4 16 29 34 5 45 49 0 19 7 20 28 32 43 6 46 33 30 17 26 41 42 3 1 35 37 36 
Agent: 32ids: 29 19 44 25 5 22 2 13 14 11 46 18 24 7 32 38 4 9 30 37 16 15 33 20 28 41 42 31 45 47 
Agent: 33ids: 40 46 5 45 18 32 20 26 48 31 44 36 7 37 17 47 49 2 24 3 6 30 15 0 25 4 39 42 33 21 23 41 14 28 1 43 8 10 29 13 34 27 22 9 12 16 
Agent: 34ids: 1 37 21 26 6 18 36 14 7 22 10 41 5 
Agent: 35ids: 36 26 4 20 28 14 13 0 25 15 47 46 5 41 21 9 44 49 33 22 
Agent: 36ids: 21 30 18 46 28 3 13 
Agent: 37ids: 34 36 48 17 11 8 13 43 47 31 46 27 7 45 4 15 10 22 18 35 16 25 38 33 14 40 20 1 0 24 44 12 3 26 39 19 9 28 49 41 6 2 37 32 5 23 21 
Agent: 38ids: 0 31 40 16 2 23 42 12 17 22 49 21 44 45 36 43 15 19 9 24 47 5 38 7 34 3 11 6 48 32 20 26 10 8 
Agent: 39ids: 4 42 16 3 20 41 25 9 7 5 48 35 12 49 32 26 11 39 15 47 2 27 30 31 1 29 24 23 10 38 46 43 
Agent: 40ids: 43 41 46 15 42 
Agent: 41ids: 34 36 5 19 30 41 
Agent: 42ids: 2 7 22 26 38 15 34 40 32 
Agent: 43ids: 26 15 37 19 32 11 44 49 18 9 8 23 42 47 48 24 27 5 
Agent: 44ids: 28 30 38 27 14 20 26 16 8 45 21 1 5 48 46 17 25 13 15 33 32 23 11 44 6 12 47 43 31 19 0 34 18 40 7 29 22 24 49 3 2 36 37 42 39 4 9 35 41 
Agent: 45ids: 21 12 36 32 27 6 47 11 41 33 26 18 23 10 38 7 14 29 2 44 13 37 0 43 30 5 19 20 34 45 4 3 9 48 42 35 31 22 1 49 28 
Agent: 46ids: 46 32 30 2 39 24 42 12 26 25 36 37 10 43 31 49 15 29 23 38 44 28 17 11 1 22 14 33 16 34 13 3 48 8 45 35 6 40 
Agent: 47ids: 18 7 9 33 6 17 13 12 16 37 29 31 20 2 4 45 5 15 47 26 38 42 24 10 32 43 0 23 14 49 34 19 46 35 27 41 48 1 36 28 44 8 39 
Agent: 48ids: 31 17 45 11 6 16 24 30 2 5 3 26 28 48 8 12 44 20 9 49 41 33 10 47 0 37 7 46 21 13 18 15 43 14 23 35 27 22 39 34 42 38 19 29 36 1 
Agent: 49ids: 38 46 36 
0 0 14 6933.42 1053.92 4879.5 31883.4 96 168 4 
0 0 14 5452.19 650.85 3801.34 16568.5 56 128 3 
2 1 14 5367.91 678.907 3689.01 15644.6 56 112 2 
2 1 14 5289.45 658.262 3631.19 14904 54 105 3 
3 1 14 5284.44 657.584 3626.86 14908.1 54 95 3 
4 1 14 5102.71 567.261 3535.45 12485.2 54 26 2 
4 2 14 5004.96 566.582 3438.38 12252.3 54 26 2 
6 3 14 5002.24 567.261 3434.98 12149.5 54 18 1 
6 3 14 4972.47 562.454 3410.02 12301.7 53 18 1 
7 3 14 4956.21 563.133 3393.07 11872.2 53 18 1 
8 4 14 4954.17 596.497 3357.68 11226.5 51 10 2 
10 6 14 4921.79 614.016 3307.77 11189.6 51 9 1 
12 8 14 4898.18 614.695 3283.48 11122.4 51 9 1 
13 8 14 4702.63 556.384 3146.25 10106.5 47 0 0 
13 9 14 4626.32 564.446 3061.87 9798.02 46 0 0 
13 9 14 4568.11 515.945 3052.17 9954.04 46 0 0 
14 9 14 4540.3 497.623 3042.68 9817.93 45 0 0 
15 10 14 4502.65 496.945 3005.7 9871.51 45 0 0 
16 11 14 4508.07 509.116 2998.95 9913 45 0 0 
16 11 14 4441.12 490.189 2950.93 9233.91 44 0 0 
16 11 14 4435.59 490.867 2944.73 9206.02 44 0 0 
17 11 14 4433.94 490.189 2943.75 9206.02 44 0 0 
17 12 14 4412.27 490.867 2921.4 9041.83 44 0 0 
18 12 14 4407.31 505.299 2902.01 9079.46 42 0 0 
18 13 14 4405.66 504.621 2901.04 9079.46 42 0 0 
20 14 14 4405.62 504.621 2901 8878.56 42 0 0 
20 14 14 4405.92 507.922 2898 9078.07 42 0 0 
20 14 14 4383.26 507.243 2876.01 9020.6 42 0 0 
20 14 14 4367.42 505.299 2862.12 8981.04 42 0 0 
21 15 14 4365.77 504.621 2861.15 8981.04 42 0 0 
21 15 14 4366.98 507.922 2859.06 8680.32 42 0 0 
21 15 14 4363.96 505.877 2858.08 8677.3 42 0 0 
23 16 14 4365.61 507.922 2857.69 8668.62 42 0 0 
23 16 14 4362.6 505.877 2856.72 8665.6 42 0 0 
23 16 14 4362.64 507.922 2854.72 8672.62 42 0 0 
23 17 14 4343.3 518.972 2824.33 8988.3 42 0 0 
23 17 14 4343.3 519.945 2823.36 8988.3 42 0 0 
23 17 14 4328.86 518.972 2809.88 8883.16 42 0 0 
23 17 14 4328.59 519.945 2808.65 8900.36 42 0 0 
24 17 14 4168.13 461.78 2706.35 7997.14 42 0 0 
24 18 14 4165.11 459.736 2705.38 7994.12 42 0 0 
24 18 14 4163.81 461.78 2702.03 8017.99 42 0 0 
25 18 14 4160.79 459.736 2701.06 8014.97 42 0 0 
26 18 14 4132.05 453.269 2678.78 7663.1 41 0 0 
27 19 14 4105.19 453.269 2651.92 7680.15 41 0 0 
28 20 14 4099 455.314 2643.68 7632.56 41 0 0 
28 21 14 4095.98 453.269 2642.71 7632.56 41 0 0 
28 21 14 4040.29 453.269 2587.02 7362.3 41 0 0 
29 21 14 4030.07 444.019 2586.05 7117.33 40 0 0 
30 22 14 4027.05 441.975 2585.07 7117.33 40 0 0 
31 22 14 4028.9 444.019 2584.88 7099.42 40 0 0 
31 23 14 4025.88 441.975 2583.9 7099.42 40 0 0 
32 23 14 4032.13 452.11 2580.02 7353.89 40 0 0 
32 23 14 4011.32 441.975 2569.34 6917.16 39 0 0 
32 24 14 3980.36 420.008 2560.36 6737.84 39 0 0 
33 25 14 3972.7 427.563 2545.14 6735.26 39 0 0 
33 25 14 3969.69 425.519 2544.17 6735.26 39 0 0 
33 25 14 3907.68 427.563 2480.12 6231.76 38 0 0 
34 25 14 3904.66 425.519 2479.14 6231.76 38 0 0 
34 26 14 3903.36 427.563 2475.8 6252.61 38 0 0 
35 26 14 3900.34 425.519 2474.82 6252.61 38 0 0 
36 27 14 3883.42 420.074 2463.35 6154.58 38 0 0 
38 28 14 3885.04 422.118 2462.92 6150.35 38 0 0 
38 29 14 3882.02 420.074 2461.95 6150.35 38 0 0 
39 29 14 3879.28 420.074 2459.2 6128.39 38 0 0 
39 29 14 3874.76 420.074 2454.68 6122.28 38 0 0 
40 30 14 3875.74 422.118 2453.62 6116.3 38 0 0 
40 30 14 3872.72 420.074 2452.65 6116.3 38 0 0 
41 31 14 3896.34 445.287 2451.06 6250.9 37 0 0 
42 31 14 3899.36 448.399 2450.96 6250.9 37 0 0 
42 32 14 3896.34 446.355 2449.99 6250.9 37 0 0 
43 32 14 3885.32 446.355 2438.97 6358.6 37 0 0 
44 33 14 3888.34 449.613 2438.73 6358.6 37 0 0 
44 34 14 3885.88 447.569 2438.32 6375.73 37 0 0 
45 34 14 3856.46 454.703 2401.75 6226.84 37 0 0 
46 35 14 3857.44 456.748 2400.69 6220.85 37 0 0 
46 35 14 3854.42 454.703 2399.72 6220.85 37 0 0 
48 36 14 3855.86 470.14 2385.72 6163.36 37 0 0 
48 36 14 3852.85 468.096 2384.75 6163.36 37 0 0 
49 37 14 3797.04 436.927 2360.12 6000.72 37 0 0 
50 38 14 3794.03 434.883 2359.14 6000.72 37 0 0 
50 38 14 3786.44 431.256 2355.19 5800.46 36 0 0 
53 40 14 3785.11 431.256 2353.86 5776.79 36 0 0 
54 41 14 3740.7 430.188 2310.51 5644.92 36 0 0 
57 44 14 3742.38 432.233 2310.15 5621.25 36 0 0 
57 44 14 3723.9 416.052 2307.85 5408.5 35 0 0 
58 44 14 3720.89 414.008 2306.88 5408.5 35 0 0 
60 46 14 3722.27 415.937 2306.33 5409.88 35 0 0 
61 47 14 3737.98 434.125 2303.86 5468.25 35 0 0 
63 49 14 3714 415.026 2298.97 5385.51 34 0 0 
64 49 14 3700.26 412.982 2287.27 5207.05 34 0 0 
64 50 14 3679.53 415.026 2264.51 5028.98 33 0 0 
64 50 14 3676.51 412.982 2263.53 5025.96 33 0 0 
65 50 14 3614.95 415.026 2199.92 4705.4 33 0 0 
65 50 14 3611.93 412.982 2198.95 4702.38 33 0 0 
66 51 14 3576.05 415.026 2161.02 4530.49 33 0 0 
66 51 14 3573.03 412.982 2160.05 4527.47 33 0 0 
68 53 14 3587.5 429.299 2158.2 4457.52 32 0 0 
69 54 14 3586.82 429.299 2157.52 4461.77 32 0 0 
71 56 14 3568.25 423.599 2144.65 4429.37 31 0 0 
73 57 14 3568.25 424.967 2143.29 4429.37 31 0 0 
73 57 14 3507.17 401.225 2105.94 4128.78 29 0 0 
75 58 14 3492.3 393.828 2098.48 4128.78 29 0 0 
75 59 14 3486.1 393.828 2092.28 4111.5 29 0 0 
77 61 14 3503.73 434.486 2069.24 4240.84 29 0 0 
78 61 14 3482.67 427.09 2055.58 4223.55 29 0 0 
80 62 14 3513.77 481.699 2032.08 4181.29 29 0 0 
80 63 14 3513.16 481.699 2031.46 4168.64 29 0 0 
81 63 14 3476.45 458.77 2017.68 3997.92 29 0 0 
82 64 14 3476.45 460.138 2016.31 3997.92 29 0 0 
83 65 14 3459.99 468.404 1991.58 3948.53 29 0 0 
84 66 14 3448.17 460.583 1987.59 3875.38 28 0 0 
89 70 14 3430.87 448.601 1982.27 3638.06 28 0 0 
93 74 14 3433.81 458.251 1975.56 3638.06 28 0 0 
98 78 14 3430.46 458.251 1972.2 3639.56 28 0 0 
100 80 14 3416.3 475.35 1940.95 3707.41 28 0 0 
100 80 14 3423.82 485.46 1938.36 3483.64 28 0 0 
108 86 14 3394.23 467.785 1926.44 3533.74 28 0 0 
109 87 14 3391.83 467.063 1924.76 3395.35 28 0 0 
109 87 14 3391.83 467.785 1924.04 3395.35 28 0 0 
129 103 14 3381.09 472.53 1908.56 2859.14 27 0 0 
130 104 14 3381.09 473.252 1907.83 2859.14 27 0 0 
132 106 14 3378.36 472.53 1905.83 2787.94 27 0 0 
133 106 14 3378.36 473.252 1905.11 2787.94 27 0 0 
140 112 14 3377.74 473.252 1904.49 2776.53 27 0 0 
140 113 14 3369.35 474.23 1895.12 3028.49 26 0 0 
144 116 14 3352.14 459.757 1892.38 3000.68 26 0 0 
144 116 14 3352.14 460.479 1891.66 3000.68 26 0 0 
145 117 14 3335.48 458.779 1876.7 2956.95 26 0 0 
145 117 14 3335.48 459.5 1875.98 2956.95 26 0 0 
145 117 14 3334.75 461.785 1872.97 3004.35 26 0 0 
145 117 14 3341.97 470.778 1871.19 3011.57 26 0 0 
146 118 14 3330.09 462.506 1867.59 3004.35 26 0 0 
155 126 14 3329.48 462.506 1866.97 2992.94 26 0 0 
157 128 14 3321.79 461.785 1860.01 2974.2 26 0 0 
158 128 14 3321.79 462.506 1859.29 2974.2 26 0 0 
158 129 14 3342.82 487.664 1855.16 3186.17 26 0 0 
160 131 14 3340.45 486.943 1853.5 3211.79 26 0 0 
161 132 14 3340.45 487.664 1852.78 3211.79 26 0 0 
164 135 14 3323.48 473.739 1849.74 3133.19 25 0 0 
167 137 14 3319.46 473.018 1846.44 3116.49 25 0 0 
167 137 14 3319.46 473.739 1845.72 3116.49 25 0 0 
170 140 14 3289.91 473.018 1816.89 2912.58 25 0 0 
171 140 14 3289.91 473.739 1816.17 2912.58 25 0 0 
174 143 14 3274.49 473.018 1801.47 2815.24 25 0 0 
174 143 14 3274.49 473.739 1800.75 2815.24 25 0 0 
193 161 14 3270.36 473.739 1796.62 2815.24 25 0 0 
195 163 14 3270.36 491.658 1778.7 2815.24 25 0 0 
197 165 14 3269.84 491.658 1778.18 2815.24 25 0 0 
223 189 14 3277.06 499.931 1777.13 2822.46 25 0 0 
227 193 14 3268.15 495.293 1772.85 2810.26 25 0 0 
241 205 14 3267.46 512.987 1754.47 2792.34 24 0 0 
242 206 14 3267.46 513.708 1753.75 2792.34 24 0 0 
263 225 14 3263.66 513.459 1750.2 2638.67 24 0 0 
278 239 14 3263.52 513.459 1750.06 2637.29 24 0 0 
287 248 14 3259.63 510.597 1749.03 2596.96 24 0 0 
287 248 14 3255.6 510.597 1745 2664.89 24 0 0 
288 249 14 3255.87 511.542 1744.33 2665.71 24 0 0 
301 261 14 3251.77 513.542 1738.22 2460.44 23 0 0 
323 281 14 3245 513.542 1731.45 2666.09 23 0 0 
330 287 14 3244.91 513.542 1731.37 2464.39 23 0 0 
342 299 14 3242.65 513.542 1729.11 2651.31 23 0 0 
344 300 14 3237.74 513.542 1724.2 2616.85 22 0 0 
374 328 14 3231.33 511.533 1719.8 2616.85 22 0 0 
469 415 14 3231.33 511.652 1719.68 2616.85 22 0 0 
479 424 14 3231.29 511.652 1719.64 2433.37 22 0 0 
496 439 14 3231.25 511.652 1719.6 2415.15 22 0 0 
500 443 14 3226.73 511.652 1715.08 2426.92 22 0 0 
526 467 14 3224.77 511.652 1713.12 2426.92 22 0 0 
541 479 14 3217.56 504.605 1712.95 2419.7 22 0 0 
542 480 14 3217.56 508.145 1709.41 2419.7 22 0 0 
626 557 14 3217.19 508.145 1709.04 2465.18 22 0 0 
1090 976 14 3196.53 487.777 1708.76 2296.97 21 0 0 
1109 994 14 3195.77 487.777 1707.99 2258.08 21 0 0 
1110 995 14 3190.27 487.777 1702.49 2243.15 21 0 0 
1118 1002 14 3190.04 487.777 1702.27 2256.7 21 0 0 
1168 1048 14 3190.04 487.876 1702.17 2256.7 21 0 0 
1215 1090 14 3180.86 479.063 1701.8 2225.33 21 0 0 
1224 1098 14 3188.71 487.322 1701.39 2241.02 21 0 0 
1253 1124 14 3109.46 420.376 1689.09 2106.43 21 0 0 
1254 1125 14 3099.2 422.565 1676.64 2056.25 20 0 0 
1254 1125 14 3163.68 489.565 1674.12 1924.9 20 0 0 
1261 1131 14 3152.7 478.642 1674.05 1875.91 20 0 0 
1262 1132 14 3155.78 486.353 1669.43 1875.91 20 0 0 
1267 1137 14 3165.87 497.276 1668.6 2007.13 20 0 0 
1275 1144 14 3162.75 497.276 1665.48 2061.59 20 0 0 
1293 1160 14 3135.02 497.276 1637.74 1730.41 20 0 0 
1306 1171 14 3116.42 483.173 1633.24 1666.23 19 0 0 
1309 1173 14 3108 483.173 1624.82 1666.23 19 0 0 
1311 1176 14 3097.99 473.173 1624.81 1666.23 19 0 0 
1319 1182 14 3094.35 473.173 1621.17 1671.16 19 0 0 
1328 1190 14 3079.86 473.173 1606.69 1724.43 18 0 0 
1400 1252 14 3107.23 523.05 1584.19 1747.41 18 0 0 
1403 1254 14 3088.03 509.298 1578.73 1717.6 18 0 0 
1456 1300 14 3071.84 507.767 1564.08 1644.63 18 0 0 
1456 1300 14 3071.84 508.438 1563.41 1644.63 18 0 0 
1465 1308 14 3065.69 507.767 1557.93 1498.06 17 0 0 
1465 1308 14 3065.69 508.438 1557.26 1498.06 17 0 0 
1668 1483 14 3071.03 513.975 1557.06 1493.74 17 0 0 
1808 1607 14 3067.15 510.958 1556.2 1462.74 17 0 0 
1813 1612 14 3067.15 511.006 1556.15 1462.74 17 0 0 
1816 1614 14 3065.23 511.006 1554.23 1450.74 17 0 0 
1832 1629 14 3043.51 494.742 1548.76 1451.34 17 0 0 
2079 1840 14 3043.43 494.742 1548.69 1475.65 17 0 0 
2171 1922 14 3063.16 515.011 1548.14 1475.65 17 0 0 
2217 1963 14 3065.52 522.626 1542.9 1478.02 17 0 0 
2710 2406 14 3050.03 517.001 1533.03 1487.24 17 0 0 
2710 2407 14 3046.96 518.588 1528.37 1478.02 17 0 0 
2724 2420 14 3037.93 510.328 1527.6 1438.05 16 0 0 
2724 2420 14 3045.77 518.588 1527.19 1453.74 16 0 0 
2760 2452 14 3045.1 518.588 1526.51 1578.04 16 0 0 
4736 4162 14 3045.1 522.569 1522.53 1578.04 16 0 0 
4775 4195 14 3040.1 520.34 1519.76 1578.04 16 0 0 
