0 0 14 6736.96 675.067 5061.9 45524.3 89 431 1 
1 0 14 5187.32 501.126 3686.19 15405.5 54 95 2 
1 0 14 5187.32 518.603 3668.72 15405.5 54 95 2 
2 0 14 5188.81 520.095 3668.71 15304.5 54 93 2 
2 1 14 5188.81 522.532 3666.27 15304.5 54 93 2 
4 2 14 5168.73 520.095 3648.63 14791.9 54 87 2 
4 2 14 5168.73 522.532 3646.19 14791.9 54 87 2 
4 2 14 5086.54 504.572 3581.96 14229.9 52 84 3 
4 2 14 5086.54 507.009 3579.53 14229.9 52 84 3 
5 3 14 4966.92 456.727 3510.19 13684.8 49 77 3 
5 3 14 4966.92 459.164 3507.76 13684.8 49 77 3 
5 3 14 4928.87 456.727 3472.15 13586.1 49 77 3 
5 3 14 4857.06 428.551 3428.51 12496.1 47 76 3 
6 4 14 4798.42 415.978 3382.44 12500 47 76 3 
7 5 14 4772.07 412.444 3359.63 12000.8 47 66 3 
7 5 14 4745.1 425.446 3319.66 12132.5 44 55 2 
8 5 14 4745.1 427.882 3317.22 12132.5 44 55 2 
8 6 14 4736.96 425.446 3311.52 11934.6 44 45 2 
8 6 14 4736.96 427.882 3309.08 11934.6 44 45 2 
9 6 14 4693.75 435.673 3258.07 11503.1 43 45 2 
9 7 14 4693.75 438.109 3255.64 11503.1 43 45 2 
9 7 14 4687.47 435.673 3251.8 11445.5 43 45 2 
10 7 14 4678.04 438.109 3239.93 11361.1 43 45 2 
10 9 14 4665.16 431.832 3233.32 11217.6 43 45 2 
11 9 14 4665.16 434.269 3230.89 11217.6 43 45 2 
12 11 14 4666.41 477.155 3189.25 11146.8 43 45 2 
13 11 14 4666.41 479.592 3186.81 11146.8 43 45 2 
13 12 14 4642.63 477.155 3165.48 11108.3 43 45 2 
14 12 14 4643.74 479.592 3164.14 11029.4 43 45 2 
15 14 14 4606.14 455.15 3150.99 10661.4 42 45 2 
15 14 14 4606.14 457.586 3148.56 10661.4 42 45 2 
15 14 14 4615.22 497.451 3117.77 10582.8 42 25 2 
16 15 14 4586.07 478.685 3107.39 10222.5 41 25 2 
16 15 14 4530.34 481.122 3049.22 9607.56 40 18 2 
16 15 14 4525.85 478.685 3047.17 9629.89 40 18 2 
16 15 14 4525.85 481.122 3044.73 9629.89 40 18 2 
17 16 14 4519.08 481.122 3037.96 9566.62 40 18 2 
17 16 14 4480.89 478.685 3002.21 9360.02 40 18 2 
17 16 14 4422.33 493.349 2928.98 9213.37 40 4 1 
18 17 14 4422.33 512.06 2910.27 9213.37 40 4 1 
18 17 14 4392.57 491.705 2900.87 8647.82 40 4 1 
19 17 14 4390.17 491.705 2898.46 8674.32 40 4 1 
19 18 14 4382.82 491.597 2891.22 8703.56 40 4 1 
20 19 14 4369.85 491.597 2878.26 8654.79 40 4 1 
21 20 14 4336.61 491.597 2845.01 8366.32 40 0 0 
22 21 14 4327.82 491.597 2836.22 8326.24 39 0 0 
23 22 14 4331.9 500.309 2831.59 8410.9 39 0 0 
23 22 14 4282.21 500.309 2781.9 8026.93 38 0 0 
24 23 14 4247.81 484.631 2763.18 7583.61 37 0 0 
24 23 14 4235.95 498.72 2737.23 7341.89 37 0 0 
26 25 14 4136.7 478.07 2658.63 6640.1 35 0 0 
27 26 14 4140.03 489.544 2650.49 6539.44 35 0 0 
27 27 14 4140.03 497.621 2642.41 6539.44 35 0 0 
28 28 14 4136.85 497.621 2639.23 6495.37 35 0 0 
28 28 14 4106.5 497.621 2608.88 6423.9 35 0 0 
29 28 14 4071.05 497.783 2573.27 6237.62 34 0 0 
29 29 14 4015.92 487.573 2528.35 6043.47 32 0 0 
31 30 14 3975.94 473.573 2502.37 5590.03 31 0 0 
31 30 14 3951.84 458.561 2493.28 5536.53 31 0 0 
31 30 14 3928.43 461.976 2466.45 5536.53 31 0 0 
31 31 14 3923.96 457.589 2466.37 5518.66 31 0 0 
32 32 14 3935.1 471.742 2463.35 5518.66 31 0 0 
33 32 14 3917.35 471.742 2445.61 5170.93 31 0 0 
33 32 14 3917.18 471.742 2445.44 5170.59 31 0 0 
34 33 14 3860.55 461.409 2399.15 4824.7 30 0 0 
34 33 14 3819.03 460.488 2358.55 4524.27 30 0 0 
34 33 14 3814.14 459.544 2354.6 4514.49 30 0 0 
35 34 14 3779.82 439.977 2339.84 4200.62 30 0 0 
36 35 14 3738.28 455.799 2282.48 3765.33 29 0 0 
36 35 14 3676.31 453.078 2223.23 3619.99 28 0 0 
37 36 14 3671.42 452.133 2219.29 3615.1 28 0 0 
37 36 14 3668.54 462.455 2206.09 3547.1 28 0 0 
37 36 14 3663.65 461.51 2202.14 3542.21 28 0 0 
37 36 14 3607.08 456.193 2150.89 3324.06 28 0 0 
37 36 14 3602.2 455.248 2146.95 3314.28 28 0 0 
42 41 14 3596.83 458.942 2137.89 3343.4 28 0 0 
42 41 14 3591.94 457.997 2133.95 3333.62 28 0 0 
44 43 14 3584.42 471.751 2112.67 3372.37 27 0 0 
44 44 14 3584.42 475.696 2108.73 3367.48 27 0 0 
45 44 14 3584.42 477.353 2107.07 3397.04 27 0 0 
47 46 14 3563.4 463.745 2099.66 3195.12 27 0 0 
49 48 14 3571.8 487.593 2084.21 3200.68 27 0 0 
49 48 14 3571.8 491.538 2080.26 3196.56 27 0 0 
49 49 14 3552.19 479.951 2072.24 3058.07 27 0 0 
49 49 14 3552.19 483.896 2068.29 3053.96 27 0 0 
50 50 14 3517.05 475.358 2041.7 3309.37 27 0 0 
50 50 14 3511.93 471.413 2040.52 3313.49 27 0 0 
51 50 14 3511.93 475.358 2036.57 3309.37 27 0 0 
57 58 14 3489.75 465.277 2024.47 3167.18 25 0 0 
58 58 14 3489.75 469.22 2020.53 3163.07 25 0 0 
60 60 14 3470.14 457.632 2012.5 3024.58 25 0 0 
60 60 14 3470.14 461.577 2008.56 3020.46 25 0 0 
61 61 14 3462.78 455.035 2007.75 3136.08 25 0 0 
61 61 14 3462.78 458.98 2003.8 3131.97 25 0 0 
61 61 14 3463.05 473.635 1989.42 3137.43 25 0 0 
62 62 14 3463.05 477.58 1985.47 3133.31 25 0 0 
69 69 14 3460.24 477.58 1982.66 3106.05 25 0 0 
76 77 14 3465.24 495.874 1969.37 3099.33 25 0 0 
83 84 14 3465.24 495.877 1969.36 3099.33 25 0 0 
83 85 14 3463.31 494.72 1968.59 3055.05 25 0 0 
84 86 14 3465.24 497.236 1968 3099.33 25 0 0 
84 86 14 3465.24 499.524 1965.72 3099.33 25 0 0 
86 88 14 3461.49 497.319 1964.18 3055.05 25 0 0 
86 89 14 3461.49 497.671 1963.82 3055.05 25 0 0 
86 89 14 3461.49 497.674 1963.82 3055.05 25 0 0 
88 91 14 3442.42 486.469 1955.95 3039.28 25 0 0 
88 91 14 3442.11 490.184 1951.92 3068.28 25 0 0 
89 91 14 3442.11 491.548 1950.56 3068.28 25 0 0 
89 92 14 3442.11 502.75 1939.36 3068.28 25 0 0 
89 92 14 3442.11 502.753 1939.35 3068.28 25 0 0 
92 95 14 3442.11 504.366 1937.74 3068.28 25 0 0 
99 102 14 3442.11 506.649 1935.46 3068.28 25 0 0 
100 103 14 3442.11 506.652 1935.46 3068.28 25 0 0 
108 112 14 3425.67 491.121 1934.55 3005.39 25 0 0 
108 112 14 3425.67 491.124 1934.55 3005.39 25 0 0 
109 114 14 3421.53 500.941 1920.59 2979.07 25 0 0 
110 114 14 3421.53 500.944 1920.59 2979.07 25 0 0 
110 115 14 3415.42 500.188 1915.24 3021.73 25 0 0 
111 116 14 3415.42 500.19 1915.23 3021.73 25 0 0 
131 138 14 3412.76 500.19 1912.57 2962.84 25 0 0 
136 143 14 3336.21 453.978 1882.23 2717.69 25 0 0 
136 144 14 3336.21 453.981 1882.23 2717.69 25 0 0 
139 146 14 3335.97 453.981 1881.99 2726.61 25 0 0 
146 154 14 3340.91 465.158 1875.75 2660.16 25 0 0 
146 154 14 3340.91 465.161 1875.75 2660.16 25 0 0 
149 158 14 3337.58 463.918 1873.66 2704.04 25 0 0 
149 158 14 3337.58 463.921 1873.66 2704.04 25 0 0 
151 160 14 3334.41 463.918 1870.49 2588.97 25 0 0 
151 160 14 3334.41 463.921 1870.49 2588.97 25 0 0 
153 162 14 3334.79 465.158 1869.64 2553.02 25 0 0 
153 162 14 3334.79 465.161 1869.63 2553.02 25 0 0 
158 167 14 3326.44 487.836 1838.61 2445.22 25 0 0 
158 168 14 3289.98 460.498 1829.48 2415.72 24 0 0 
158 168 14 3289.98 460.501 1829.48 2415.72 24 0 0 
159 169 14 3289.98 464.038 1825.94 2415.72 24 0 0 
159 169 14 3286.87 464.04 1822.83 2384.55 24 0 0 
164 174 14 3273.18 453.903 1819.27 2256.33 24 0 0 
164 174 14 3273.18 453.905 1819.27 2256.33 24 0 0 
166 176 14 3273.08 453.903 1819.18 2271.39 24 0 0 
166 177 14 3273.08 453.905 1819.18 2271.39 24 0 0 
168 180 14 3265.41 450.97 1814.44 2120.08 24 0 0 
168 180 14 3265.41 450.973 1814.44 2120.08 24 0 0 
171 182 14 3255.83 450.97 1804.86 2132.4 24 0 0 
171 183 14 3255.83 450.973 1804.86 2132.4 24 0 0 
173 184 14 3252.67 456.027 1796.64 2090.68 24 0 0 
173 184 14 3252.67 456.03 1796.64 2090.68 24 0 0 
175 186 14 3252.67 456.802 1795.86 2070.12 24 0 0 
175 187 14 3252.67 456.804 1795.86 2070.12 24 0 0 
175 187 14 3248.47 462.186 1786.28 2096.08 24 0 0 
176 188 14 3248.47 462.189 1786.28 2096.08 24 0 0 
179 191 14 3191.62 437.077 1754.54 1850.51 23 0 0 
179 191 14 3191.62 437.08 1754.54 1850.51 23 0 0 
180 192 14 3189.35 462.018 1727.34 1957.52 23 0 0 
180 192 14 3189.35 462.021 1727.33 1957.52 23 0 0 
183 195 14 3171.28 451.808 1719.47 1783.67 23 0 0 
183 195 14 3171.28 451.811 1719.46 1783.67 23 0 0 
190 203 14 3179.68 468.196 1711.49 1746.41 23 0 0 
191 203 14 3179.68 468.198 1711.48 1746.41 23 0 0 
193 206 14 3145.2 446.424 1698.77 1736.5 23 0 0 
193 206 14 3145.2 446.426 1698.77 1736.5 23 0 0 
196 208 14 3145.2 448.912 1696.29 1760.09 23 0 0 
204 218 14 3134.44 455.664 1678.78 1719.34 22 0 0 
206 219 14 3134.44 455.666 1678.78 1719.34 22 0 0 
224 238 14 3137.67 461.585 1676.08 1776.96 22 0 0 
226 240 14 3137.55 464.124 1673.42 1755.53 22 0 0 
226 240 14 3137.55 465.013 1672.53 1755.53 22 0 0 
230 245 14 3144.83 479.214 1665.61 1816.8 22 0 0 
251 266 14 3148.62 483.214 1665.4 1816.8 22 0 0 
254 269 14 3146.8 484.921 1661.88 1816.8 22 0 0 
254 269 14 3146.8 485.811 1660.99 1816.8 22 0 0 
260 275 14 3145.77 484.921 1660.85 1765.73 22 0 0 
260 275 14 3145.77 485.811 1659.96 1765.73 22 0 0 
282 299 14 3154.18 501.309 1652.87 1728.48 22 0 0 
282 300 14 3154.18 502.198 1651.98 1728.48 22 0 0 
294 312 14 3160.58 509.078 1651.51 1728.48 22 0 0 
295 313 14 3167.67 523.769 1643.9 1728.48 22 0 0 
321 341 14 3166.35 522.88 1643.47 1746.77 22 0 0 
322 341 14 3166.35 523.769 1642.58 1746.77 22 0 0 
337 357 14 3152.66 513.213 1639.45 1534.42 21 0 0 
337 357 14 3152.66 514.102 1638.56 1534.42 21 0 0 
353 374 14 3159.07 520.982 1638.09 1534.42 21 0 0 
370 391 14 3150.98 513.584 1637.4 1487.69 21 0 0 
376 397 14 3150.69 513.584 1637.11 1533.94 21 0 0 
384 406 14 3148.9 524.719 1624.18 1538.55 21 0 0 
385 407 14 3148.9 525.609 1623.29 1538.55 21 0 0 
392 415 14 3144.41 521.796 1622.61 1538.55 21 0 0 
397 419 14 3163.9 557.169 1606.73 1538.55 21 0 0 
398 421 14 3163.9 558.059 1605.84 1538.55 21 0 0 
422 446 14 3163.9 558.106 1605.79 1538.55 21 0 0 
427 451 14 3153.69 547.96 1605.73 1518.08 21 0 0 
432 457 14 3153.69 548.008 1605.68 1518.08 21 0 0 
462 488 14 3152.93 547.442 1605.49 1505.9 21 0 0 
475 503 14 3158.53 553.092 1605.44 1511.5 21 0 0 
481 508 14 3158.53 569.843 1588.69 1504.59 21 0 0 
481 509 14 3158.53 570.732 1587.8 1504.59 21 0 0 
495 525 14 3158.53 571.484 1587.05 1504.59 21 0 0 
496 525 14 3158.53 572.374 1586.16 1504.59 21 0 0 
502 531 14 3158.53 574.39 1584.14 1516.9 21 0 0 
502 532 14 3158.53 575.279 1583.25 1516.9 21 0 0 
511 541 14 3158.1 575.279 1582.82 1498.08 21 0 0 
531 563 14 3156.57 574.39 1582.18 1482.67 21 0 0 
533 565 14 3156.57 577.413 1579.16 1482.67 21 0 0 
558 591 14 3156.57 578.185 1578.39 1482.67 21 0 0 
564 599 14 3156.57 579.074 1577.5 1482.67 21 0 0 
572 608 14 3156.57 579.896 1576.68 1501.77 21 0 0 
602 641 14 3111.03 534.715 1576.32 1501.77 21 0 0 
610 649 14 3108.85 534.715 1574.14 1501.77 21 0 0 
656 700 14 3108.29 538.995 1569.29 1501.77 21 0 0 
695 743 14 3120.89 552.995 1567.9 1527.94 21 0 0 
735 788 14 3120.89 553.083 1567.81 1527.94 21 0 0 
747 802 14 3118.92 552.995 1565.92 1636.08 21 0 0 
756 812 14 3118.92 553.083 1565.84 1636.08 21 0 0 
791 850 14 3118.92 556.748 1562.17 1636.08 21 0 0 
922 1001 14 3138.23 577.017 1561.22 1636.08 21 0 0 
927 1007 14 3122.1 565.321 1556.77 1636.08 21 0 0 
964 1050 14 3112.44 572.107 1540.34 1502.5 21 0 0 
970 1056 14 3112.44 575.3 1537.14 1502.5 21 0 0 
973 1060 14 3110.5 575.3 1535.2 1488.5 21 0 0 
976 1063 14 3115.39 581.684 1533.7 1545.46 21 0 0 
981 1070 14 3103.63 570.274 1533.36 1457.95 21 0 0 
1055 1152 14 3090.87 560.514 1530.36 1417.62 21 0 0 
1111 1213 14 3090.87 561.37 1529.5 1417.62 21 0 0 
1308 1435 14 3100.1 580.56 1519.54 1451.24 21 0 0 
1499 1649 14 3100.1 585.463 1514.63 1451.24 21 0 0 
1714 1892 14 3100.1 586.914 1513.18 1458.13 21 0 0 
2478 2748 14 3100.1 587.523 1512.58 1458.13 21 0 0 
2642 2931 14 3077.07 564.748 1512.32 1403.4 21 0 0 
2704 2998 14 3077.07 565.59 1511.47 1403.4 21 0 0 
2846 3158 14 3077.07 570.099 1506.97 1403.4 21 0 0 
4154 4622 14 3097.85 592.261 1505.59 1507.63 21 0 0 
