0 0 14 6893.2 972.973 4920.23 35587.8 93 326 3 
1 0 14 5517.83 689.783 3828.05 21951 56 247 3 
2 0 14 5517.83 700.417 3817.41 21951 56 231 3 
2 0 14 5030.16 477.981 3552.18 15816.1 53 114 2 
2 0 14 5019.64 477.981 3541.66 15424.8 53 114 2 
2 0 14 4772.03 441.655 3330.37 13888.2 50 111 2 
3 1 14 4717.81 463.51 3254.3 13157 49 111 2 
3 1 14 4592.52 474.05 3118.47 12266.3 49 108 2 
4 2 14 4565.72 482.025 3083.7 10667.9 49 108 1 
4 2 14 4525.04 482.025 3043.01 10601.5 48 108 1 
4 2 14 4518 501.454 3016.55 10537.6 48 108 1 
7 4 14 4497.74 501.454 2996.28 10514.4 48 108 1 
7 4 14 4493.28 501.454 2991.82 10417.5 48 108 1 
7 5 14 4499.08 514.985 2984.1 10417.5 48 108 1 
8 6 14 4512.08 528.49 2983.59 9998.55 47 98 1 
9 6 14 4484.06 525.591 2958.47 10359.6 46 35 2 
10 7 14 4413.74 522.434 2891.3 10048.8 46 35 2 
10 7 14 4393.95 522.434 2871.51 9559.41 46 21 2 
10 7 14 4359.68 522.434 2837.25 9318.21 46 21 2 
10 7 14 4323.35 522.434 2800.92 9110.11 46 7 1 
10 8 14 4321.23 522.434 2798.79 9147.61 46 7 1 
11 8 14 4318.21 520.39 2797.82 9147.61 46 7 1 
12 9 14 4317.05 520.39 2796.66 9217.13 46 7 1 
13 10 14 4255.09 561.467 2693.62 8968.61 45 7 1 
13 10 14 4245.71 561.467 2684.25 8690.3 45 0 0 
13 10 14 4243.66 561.467 2682.19 8667.03 45 0 0 
14 11 14 4217.72 561.467 2656.25 8586.64 45 0 0 
14 11 14 4206.39 561.467 2644.93 8699.04 45 0 0 
15 12 14 4192.11 555.547 2636.57 8291.58 44 0 0 
16 13 14 4183.67 553.233 2630.44 8291.58 44 0 0 
17 13 14 4132.89 508.19 2624.7 7757.42 43 0 0 
18 14 14 4132.05 508.19 2623.86 7756.58 43 0 0 
18 14 14 4059.49 473.7 2585.79 7152.59 42 0 0 
18 15 14 4048.18 467.981 2580.2 7103.07 42 0 0 
19 16 14 4036.62 467.981 2568.64 6886.94 42 0 0 
20 17 14 4036.62 481.406 2555.22 6886.94 42 0 0 
20 17 14 4036.62 519.257 2517.37 6885.42 42 0 0 
20 17 14 4013.4 500.236 2513.16 6656.59 41 0 0 
21 18 14 3996.08 484.236 2511.85 6594.34 41 0 0 
22 19 14 3974.15 470.077 2504.07 6513.25 39 0 0 
24 21 14 3956.68 470.077 2486.6 6426.03 39 0 0 
25 22 14 3950.45 470.077 2480.37 6121.72 39 0 0 
25 22 14 3947.05 470.077 2476.98 6033.85 39 0 0 
25 23 14 3926.19 470.077 2456.12 6180.65 39 0 0 
26 24 14 3917.07 492.975 2424.09 5844.95 39 0 0 
27 25 14 3893.47 513.417 2380.05 5688.76 39 0 0 
29 26 14 3938.59 568.432 2370.16 5893.71 39 0 0 
29 26 14 3880.75 526.709 2354.04 6424.1 37 0 0 
29 26 14 3880.67 526.709 2353.96 6415.77 37 0 0 
33 31 14 3866.64 526.709 2339.93 6292.63 37 0 0 
34 33 14 3844.98 507.018 2337.96 6090.84 36 0 0 
36 35 14 3835.34 507.018 2328.32 6090.84 36 0 0 
37 35 14 3757.47 441.539 2315.93 5122.09 35 0 0 
38 37 14 3734.06 445.104 2288.96 4981.11 35 0 0 
42 41 14 3720.59 445.104 2275.48 4957.4 35 0 0 
44 44 14 3734.14 459.632 2274.51 4967 35 0 0 
44 44 14 3725.88 459.632 2266.25 4738.83 35 0 0 
44 44 14 3694.28 445.104 2249.17 4940.48 35 0 0 
45 44 14 3718.15 507.226 2210.93 5063.84 35 0 0 
48 47 14 3716.63 511.057 2205.58 5003.42 34 0 0 
49 48 14 3707.81 511.057 2196.76 5003.42 34 0 0 
51 51 14 3707.81 516.193 2191.62 5003.42 34 0 0 
52 52 14 3706.95 517.196 2189.75 5001.68 34 0 0 
53 52 14 3679.8 496.19 2183.61 4747.78 34 0 0 
56 55 14 3682.77 509.982 2172.79 4912.95 34 0 0 
58 58 14 3665.72 512.026 2153.69 4892.13 34 0 0 
60 60 14 3660.94 516.965 2143.98 4908.09 34 0 0 
63 63 14 3660.94 522.101 2138.84 4908.09 34 0 0 
63 64 14 3657.92 520.057 2137.87 4908.09 34 0 0 
64 65 14 3652.08 525.602 2126.48 4934.35 34 0 0 
66 66 14 3670.27 544.795 2125.47 4849.22 34 0 0 
68 69 14 3663.39 539.856 2123.53 4761.6 34 0 0 
70 71 14 3670.33 566.724 2103.61 4735.1 34 0 0 
74 75 14 3666.55 566.724 2099.83 4735.1 34 0 0 
75 76 14 3647.89 561.52 2086.37 4768.19 33 0 0 
76 77 14 3633.75 554.274 2079.48 4682.95 33 0 0 
77 78 14 3594.9 554.274 2040.62 4583.06 33 0 0 
78 79 14 3603.36 569.322 2034.04 4566.45 33 0 0 
80 81 14 3600.81 571.777 2029.04 4610.41 33 0 0 
82 83 14 3605.11 576.453 2028.66 4597.19 32 0 0 
84 85 14 3583.34 557.488 2025.86 4351.96 32 0 0 
88 90 14 3566.83 547.481 2019.35 4220.85 31 0 0 
94 96 14 3573.99 558.179 2015.81 4171.26 31 0 0 
98 101 14 3592.27 577.744 2014.53 4113.61 31 0 0 
99 102 14 3569.62 563.578 2006.05 4248.69 31 0 0 
99 102 14 3493.33 496.93 1996.4 2913.19 31 0 0 
100 102 14 3514.02 559.972 1954.04 4026.25 31 0 0 
103 106 14 3499.57 555.296 1944.27 3913.39 31 0 0 
103 107 14 3498.32 555.296 1943.03 3938.81 31 0 0 
105 108 14 3487.33 559.596 1927.74 3884.42 31 0 0 
107 110 14 3467.29 541.998 1925.29 3535.72 30 0 0 
112 114 14 3452.5 561.705 1890.79 3471.97 30 0 0 
112 115 14 3444.92 561.705 1883.22 3398.51 30 0 0 
116 120 14 3444.5 561.705 1882.79 3411.97 30 0 0 
117 120 14 3427.8 561.705 1866.09 3668.07 29 0 0 
117 120 14 3415.91 565.629 1850.28 3656.07 29 0 0 
119 123 14 3414.95 565.629 1849.33 3692.03 29 0 0 
122 126 14 3386.04 556.728 1829.32 3539.64 29 0 0 
122 126 14 3393.94 565.629 1828.31 3574.95 29 0 0 
125 129 14 3382.11 556.728 1825.38 3566.18 29 0 0 
126 130 14 3388.29 565.629 1822.66 3519 29 0 0 
127 131 14 3344.2 533.627 1810.57 3519.47 28 0 0 
139 145 14 3335.41 526.202 1809.21 3484.69 28 0 0 
139 145 14 3219.04 424.597 1794.44 3492.33 27 0 0 
141 147 14 3217.96 424.597 1793.36 3485.16 27 0 0 
141 147 14 3213.22 424.597 1788.63 3463.53 27 0 0 
144 150 14 3211.68 424.597 1787.08 3428.38 27 0 0 
144 150 14 3205.86 424.597 1781.27 3399.58 27 0 0 
145 151 14 3203.78 424.597 1779.18 3409.1 27 0 0 
149 155 14 3190.54 421.435 1769.11 3321.13 27 0 0 
162 169 14 3165.4 421.435 1743.96 3388.61 27 0 0 
165 173 14 3162.66 421.435 1741.23 3358.1 27 0 0 
169 177 14 3160.83 421.435 1739.4 3347.83 27 0 0 
171 179 14 3158.9 421.435 1737.46 3354.92 27 0 0 
176 185 14 3158.9 423.709 1735.19 3359.92 27 0 0 
188 198 14 3158.78 423.709 1735.07 3292.68 27 0 0 
189 198 14 3157.76 423.709 1734.06 3191.11 27 0 0 
211 223 14 3155.73 422.771 1732.96 3196.06 27 0 0 
228 241 14 3154.27 422.771 1731.49 3238.42 27 0 0 
229 242 14 3158.83 428.415 1730.42 3241.52 27 0 0 
238 252 14 3158.83 428.443 1730.39 3243.52 27 0 0 
243 256 14 3157.1 437.968 1719.13 3367.98 27 0 0 
250 264 14 3312.59 611.181 1701.41 3015.71 27 0 0 
261 277 14 3304.95 605.537 1699.41 3008.07 27 0 0 
266 281 14 3293.99 605.537 1688.45 3054.88 27 0 0 
273 288 14 3291.3 605.537 1685.76 3054.88 27 0 0 
303 320 14 3195.98 511.235 1684.74 2945.74 26 0 0 
312 330 14 3180.46 502.91 1677.55 2945.74 26 0 0 
323 342 14 3179.78 504.29 1675.49 2977.03 26 0 0 
330 351 14 3174.06 504.29 1669.77 2977.03 26 0 0 
339 360 14 3177.13 508.507 1668.63 2976.07 26 0 0 
343 366 14 3187.81 520.467 1667.35 2986.75 26 0 0 
352 376 14 3174.06 508.507 1665.55 2972.03 26 0 0 
363 389 14 3172.9 508.507 1664.39 2972.03 26 0 0 
365 391 14 3183.58 520.467 1663.11 2982.71 26 0 0 
383 412 14 3190.2 531.444 1658.76 2985.79 26 0 0 
390 420 14 3188.62 531.444 1657.18 3021.27 26 0 0 
391 422 14 3175.69 541.839 1633.85 2746.54 25 0 0 
407 438 14 3161.09 530.44 1630.65 2526.57 25 0 0 
410 441 14 3116.76 498.724 1618.04 2160.23 23 0 0 
468 506 14 3124.47 510.8 1613.67 2145.76 23 0 0 
481 521 14 3133.47 525.089 1608.38 2145.76 23 0 0 
598 650 14 3133.45 525.089 1608.36 2090.92 23 0 0 
704 766 14 3126.1 525.089 1601.01 2090.92 23 0 0 
964 1056 14 3117.64 525.089 1592.55 2068.88 23 0 0 
1020 1119 14 3117.64 525.931 1591.71 2068.88 23 0 0 
1211 1332 14 3117.15 525.931 1591.22 2028.96 23 0 0 
1224 1345 14 3116.99 525.931 1591.06 2039.71 23 0 0 
1345 1480 14 3116.51 525.931 1590.57 2055.04 23 0 0 
1353 1488 14 3114.22 525.931 1588.28 2039.63 23 0 0 
1355 1490 14 3110.18 525.931 1584.25 2009.63 23 0 0 
1363 1499 14 3106.18 525.931 1580.25 1993.63 23 0 0 
1427 1570 14 3101.66 527.426 1574.23 1980.3 23 0 0 
1434 1578 14 3101.66 529.098 1572.56 1980.3 23 0 0 
1731 1912 14 3100.27 529.098 1571.17 1954.71 23 0 0 
2599 2881 14 3100 530.985 1569.01 1953.36 23 0 0 
2748 3047 14 3121.67 554.578 1567.1 1958.53 23 0 0 
2752 3051 14 3116.14 554.578 1561.56 1989.81 23 0 0 
3074 3405 14 3031.83 472.82 1559.01 2070.87 23 0 0 
3206 3556 14 3030.37 472.82 1557.55 2113.23 23 0 0 
3993 4444 14 3032.69 476.931 1555.76 2113.23 23 0 0 
4434 4944 14 3114.38 558.688 1555.69 1959.44 23 0 0 
