0 0 14 6808.79 1002.65 4806.14 42448.6 95 484 3 
0 0 14 5702.06 640.944 4061.11 22215.7 60 199 3 
0 0 14 5632.86 620.534 4012.33 22006.8 58 199 3 
1 0 14 5377.52 493.708 3883.81 19038 57 170 4 
1 0 14 5321.44 493.708 3827.73 18550.3 57 170 4 
2 1 14 5230.87 478.611 3752.26 17848.3 56 158 5 
2 1 14 4882.53 464.25 3418.28 14842.5 50 130 4 
3 2 14 4869.22 465.082 3404.14 14670.2 49 130 4 
3 2 14 4763.8 465.082 3298.72 14055.2 49 112 4 
4 2 14 4735.04 460.77 3274.27 13739.2 49 102 4 
4 2 14 4647.34 417.959 3229.38 13060.1 48 82 4 
4 2 14 4670.99 464.932 3206.05 13322 48 81 3 
4 3 14 4670.73 464.932 3205.79 13149.7 48 81 3 
5 3 14 4596.48 464.932 3131.55 12249.4 48 81 3 
5 3 14 4562.12 478.539 3083.58 12073.9 48 64 3 
8 5 14 4550.67 469.4 3081.27 12051 48 64 3 
9 6 14 4525.34 468.532 3056.81 11356.7 47 54 3 
10 7 14 4407.18 448.242 2958.94 10385.5 43 39 3 
10 7 14 4395.74 439.103 2956.64 10362.6 43 39 3 
11 7 14 4393.14 439.103 2954.04 9835.91 43 29 3 
12 9 14 4349.93 439.103 2910.83 9680.09 43 29 3 
13 9 14 4347.71 439.103 2908.6 9353.33 43 11 2 
14 10 14 4340.65 448.115 2892.53 9346.27 43 11 2 
15 11 14 4290.6 450.335 2840.27 8854.93 43 3 1 
15 11 14 4248.47 450.335 2798.13 8359.37 43 0 0 
16 12 14 4284.34 511.264 2773.08 8394.25 43 0 0 
17 12 14 4247.99 511.264 2736.73 7923.7 42 0 0 
18 13 14 4156.53 439.58 2716.95 7691.48 42 0 0 
19 14 14 4151.74 439.58 2712.15 7528.66 42 0 0 
21 15 14 4123.35 462.666 2660.68 7232.78 42 0 0 
21 15 14 4076.58 462.666 2613.91 6858.9 42 0 0 
22 16 14 4075.1 462.666 2612.43 6850.04 42 0 0 
22 17 14 4016.55 462.666 2553.89 6461.38 40 0 0 
23 17 14 4003.83 465.952 2537.88 6496.71 40 0 0 
26 19 14 4003.76 471.121 2532.64 6496.56 40 0 0 
26 20 14 3991.54 465.952 2525.59 6243.87 40 0 0 
27 21 14 3981.9 465.952 2515.95 6006.59 40 0 0 
28 22 14 3991.07 481.685 2509.39 6024.93 40 0 0 
29 22 14 3991.23 484.803 2506.43 5936.45 40 0 0 
29 22 14 3926.28 425.554 2500.73 5224.61 40 0 0 
29 22 14 3921.11 422.267 2498.84 5128.75 39 0 0 
29 22 14 3867.43 421.941 2445.49 5274.33 38 0 0 
31 23 14 3860.88 452.514 2408.36 5014.52 38 0 0 
32 25 14 3801.58 434.849 2366.73 5133.6 38 0 0 
32 25 14 3790.99 434.849 2356.14 5034.67 38 0 0 
33 26 14 3789.68 434.849 2354.83 5051.53 38 0 0 
34 26 14 3764.63 417.356 2347.27 4962.21 37 0 0 
37 29 14 3761.63 419.953 2341.68 5162.87 37 0 0 
37 29 14 3761.63 480.631 2281 5162.87 37 0 0 
39 30 14 3752.1 480.631 2271.47 5151.31 37 0 0 
39 31 14 3752.1 481.501 2270.6 5151.31 37 0 0 
39 31 14 3734.81 481.501 2253.31 4934.72 37 0 0 
40 32 14 3734.65 487.359 2247.3 4934.72 37 0 0 
41 32 14 3732.39 495.126 2237.26 5025.97 37 0 0 
43 34 14 3733.99 497.05 2236.94 5040.22 37 0 0 
43 34 14 3705.11 497.05 2208.06 4737.9 37 0 0 
44 34 14 3695.59 497.05 2198.54 4726.34 37 0 0 
45 35 14 3634.12 483.689 2150.43 4275.46 36 0 0 
46 36 14 3634.12 484.56 2149.56 4275.46 36 0 0 
47 37 14 3671.51 541.433 2130.08 4681.46 36 0 0 
48 37 14 3671.35 547.291 2124.06 4681.46 36 0 0 
49 38 14 3602.13 563.325 2038.8 4152.08 36 0 0 
53 42 14 3591.66 553.231 2038.43 3862.86 35 0 0 
55 43 14 3582.13 553.231 2028.9 3851.3 35 0 0 
56 44 14 3581.97 559.089 2022.88 3851.3 35 0 0 
57 45 14 3588.44 573.532 2014.91 3870.1 35 0 0 
58 45 14 3588.33 573.532 2014.8 3872.26 35 0 0 
67 52 14 3551.68 537.664 2014.01 3758.4 34 0 0 
71 55 14 3534.55 537.664 1996.89 3734.55 34 0 0 
71 55 14 3531.65 537.664 1993.99 3765.84 34 0 0 
72 56 14 3530.67 537.664 1993.01 3759.87 34 0 0 
73 57 14 3529.27 537.764 1991.5 3760.89 34 0 0 
76 59 14 3515.87 525.091 1990.78 3721.19 34 0 0 
76 59 14 3515.96 537.764 1978.2 3661.68 34 0 0 
78 61 14 3515.96 539.044 1976.92 3661.68 34 0 0 
78 61 14 3524.53 547.863 1976.67 3727.07 34 0 0 
82 63 14 3511.14 535.19 1975.95 3687.37 34 0 0 
82 64 14 3506.5 537.764 1968.74 3630.83 34 0 0 
84 65 14 3505.41 537.764 1967.65 3631.43 34 0 0 
86 67 14 3482.31 519.137 1963.18 3456.91 34 0 0 
88 69 14 3481.55 519.137 1962.42 3434.13 34 0 0 
88 69 14 3486.63 547.525 1939.1 3319.43 33 0 0 
88 69 14 3482.23 552.356 1929.88 3319.43 33 0 0 
89 69 14 3473.24 548.212 1925.02 3273.38 33 0 0 
89 69 14 3449.04 527.386 1921.65 3384.79 33 0 0 
89 70 14 3448.28 527.386 1920.89 3361.25 33 0 0 
89 70 14 3446.74 527.386 1919.35 3371.21 33 0 0 
91 71 14 3422.15 507.776 1914.38 3147.01 32 0 0 
91 71 14 3371.62 486.848 1884.77 2812.39 31 0 0 
92 72 14 3365.7 491.679 1874.02 2812.39 31 0 0 
99 78 14 3368.37 515.434 1852.94 2801.45 31 0 0 
100 79 14 3352.23 500.891 1851.34 2759.99 30 0 0 
105 83 14 3351.08 509.512 1841.57 2749.17 30 0 0 
108 85 14 3359.64 518.332 1841.31 2814.56 30 0 0 
109 86 14 3347.18 509.512 1837.67 2745.27 30 0 0 
109 86 14 3308.04 507.192 1800.85 2611.17 29 0 0 
112 89 14 3279.8 501.703 1778.09 2435.85 27 0 0 
115 91 14 3279.8 506.037 1773.76 2435.85 27 0 0 
117 93 14 3268.69 495.653 1773.04 2413.52 27 0 0 
117 93 14 3265.46 494.816 1770.65 2393.21 27 0 0 
117 94 14 3277.8 508.547 1769.25 2419.11 27 0 0 
118 94 14 3277.5 509.248 1768.25 2455.5 27 0 0 
118 94 14 3280.58 512.537 1768.04 2468.89 27 0 0 
125 100 14 3280.58 516.871 1763.7 2468.89 27 0 0 
126 101 14 3288.9 533.37 1755.53 2477.22 27 0 0 
128 103 14 3286.52 533.37 1753.15 2468.45 27 0 0 
128 103 14 3286.52 539.538 1746.98 2468.45 27 0 0 
134 108 14 3271.92 539.538 1732.38 2468.45 27 0 0 
141 115 14 3267.92 539.538 1728.38 2464.45 27 0 0 
141 115 14 3267.78 558.479 1709.3 2459.79 27 0 0 
144 118 14 3263.78 558.479 1705.3 2455.79 27 0 0 
145 118 14 3251.93 556.318 1695.61 2433.69 27 0 0 
145 118 14 3250.84 556.318 1694.52 2434.29 27 0 0 
146 120 14 3250.84 560.378 1690.46 2434.29 27 0 0 
148 121 14 3249.07 560.378 1688.69 2422.29 27 0 0 
149 122 14 3261.57 574.108 1687.46 2460.69 27 0 0 
150 123 14 3245.55 560.114 1685.43 2404.14 27 0 0 
155 127 14 3258.05 573.845 1684.2 2442.54 27 0 0 
161 132 14 3257.31 573.845 1683.46 2431.37 27 0 0 
162 134 14 3257.31 573.933 1683.37 2431.37 27 0 0 
165 136 14 3268.24 586.88 1681.36 2419.23 27 0 0 
169 140 14 3264.24 586.88 1677.36 2415.23 27 0 0 
182 152 14 3252.8 589.002 1663.8 2405.31 27 0 0 
185 154 14 3242.06 587.635 1654.43 2406.33 27 0 0 
186 155 14 3243.57 598.398 1645.18 2399.55 26 0 0 
207 175 14 3204.13 594.879 1609.25 2104.47 26 0 0 
211 179 14 3195.97 594.879 1601.09 2211.51 26 0 0 
212 179 14 3189.02 594.879 1594.15 2185.54 26 0 0 
261 222 14 3190.57 599.494 1591.08 2255.21 26 0 0 
329 284 14 3175.77 586.937 1588.83 2096.86 26 0 0 
341 294 14 3174.15 586.937 1587.22 2089.63 26 0 0 
343 296 14 3173.15 596.528 1576.63 2110.02 26 0 0 
345 298 14 3173.96 597.922 1576.04 2124.02 26 0 0 
346 299 14 3172.35 597.922 1574.42 2116.79 26 0 0 
351 303 14 3172.35 599.277 1573.07 2115.44 26 0 0 
380 328 14 3163.79 595.678 1568.11 2081.21 26 0 0 
410 355 14 3171.42 607.912 1563.51 2089.45 26 0 0 
450 389 14 3162.91 601.157 1561.75 2089.45 26 0 0 
482 418 14 3162.91 604.936 1557.97 2089.45 26 0 0 
510 443 14 3161.66 605.471 1556.19 2108.21 26 0 0 
555 483 14 3160.86 604.769 1556.09 2071.82 26 0 0 
612 534 14 3157.99 603.629 1554.36 2071.82 26 0 0 
613 535 14 3168.66 620.696 1547.96 2071.82 26 0 0 
712 625 14 3169.26 626.135 1543.12 2084.81 26 0 0 
717 630 14 3168.66 626.135 1542.52 2096.52 26 0 0 
762 669 14 3166.3 627.283 1539.02 2083.33 26 0 0 
832 732 14 3170.95 644.143 1526.8 2148.19 26 0 0 
983 862 14 3156.98 630.761 1526.22 2028.89 25 0 0 
1042 913 14 3153.09 630.761 1522.33 1973.27 25 0 0 
1094 959 14 3153.09 635.27 1517.82 1973.27 25 0 0 
1162 1017 14 3124.71 608.643 1516.07 1673.66 23 0 0 
1167 1022 14 3124.71 613.717 1511 1673.66 23 0 0 
1169 1023 14 3124.28 613.795 1510.48 1652.68 23 0 0 
1258 1101 14 3123.92 613.795 1510.13 1688.39 23 0 0 
1280 1121 14 3112.6 613.795 1498.8 1738.22 22 0 0 
1286 1126 14 3102.2 606.313 1495.89 1767.33 22 0 0 
1343 1175 14 3086.09 592.163 1493.93 1673.91 22 0 0 
1377 1204 14 3094.31 601.261 1493.04 1767.2 22 0 0 
1448 1265 14 3084.98 594.213 1490.76 1645.4 22 0 0 
1461 1276 14 3082.84 594.213 1488.63 1639.26 22 0 0 
1535 1339 14 3067.73 580.466 1487.27 1659.67 22 0 0 
1575 1375 14 3067.73 585.541 1482.19 1659.67 22 0 0 
1755 1534 14 3067.8 586.04 1481.76 1659.8 22 0 0 
1785 1560 14 3088.14 610.634 1477.51 1659.8 22 0 0 
2099 1837 14 3099.49 622.848 1476.65 1697.8 22 0 0 
2125 1860 14 3087.79 612.634 1475.16 1772.49 22 0 0 
5245 4618 14 3085.25 611.058 1474.19 1559.14 22 0 0 
5252 4625 14 3087.59 617.287 1470.3 1662.27 22 0 0 
5258 4630 14 3092.26 622.697 1469.56 1689.3 22 0 0 
5468 4814 14 3083.21 616.113 1467.09 1563.64 22 0 0 
5521 4859 14 3078.38 611.465 1466.91 1506.83 22 0 0 
