0 0 14 6776.47 827.867 4948.6 45587.2 91 436 1 
0 0 14 5250.47 601.731 3648.74 14670.4 57 148 2 
1 0 14 5160.88 652.106 3508.78 13916.5 56 118 2 
1 0 14 5151.18 652.106 3499.07 13801.3 56 105 2 
2 1 14 5148.35 673.371 3474.98 13461.3 55 88 1 
2 1 14 5105.05 682.778 3422.27 13023.4 55 88 1 
2 1 14 4913.88 616.134 3297.75 11006.3 51 75 1 
4 2 14 4905.47 619.319 3286.15 11301.8 50 73 3 
5 2 14 4785.11 591.234 3193.87 10845.5 47 47 4 
6 3 14 4758.93 591.234 3167.7 10733.2 47 47 4 
6 3 14 4743.31 580.819 3162.49 10650.4 47 47 4 
6 3 14 4745.7 588.341 3157.36 10672.1 47 28 3 
7 3 14 4718.12 576.083 3142.04 10149.5 46 28 3 
7 4 14 4665.53 576.083 3089.45 10015 46 28 3 
8 5 14 4598.23 536.094 3062.13 9416.62 45 23 2 
8 5 14 4598.23 547.246 3050.98 9416.62 45 23 2 
9 5 14 4602.45 551.619 3050.83 9416.62 45 23 2 
9 5 14 4570.44 562.179 3008.27 9315.76 45 4 1 
10 6 14 4555.88 562.179 2993.7 9258.85 45 4 1 
11 7 14 4486.8 562.179 2924.62 8675.1 44 0 0 
12 8 14 4477.44 570.629 2906.81 8485.5 43 0 0 
13 9 14 4386.69 540.538 2846.15 8027.81 42 0 0 
13 9 14 4305.11 511.757 2793.35 7570.4 40 0 0 
15 10 14 4306.33 522.214 2784.11 7529.96 40 0 0 
15 10 14 4295.38 522.214 2773.16 7513.42 40 0 0 
15 10 14 4264 524.443 2739.56 7301.78 39 0 0 
16 11 14 4264 544.611 2719.39 7301.78 39 0 0 
17 12 14 4260.29 544.611 2715.68 7229.19 39 0 0 
17 12 14 4190.32 519.417 2670.9 6575.52 39 0 0 
18 12 14 4217.32 547.14 2670.18 6805.01 39 0 0 
19 13 14 4166.31 505.055 2661.26 6460.14 38 0 0 
19 13 14 4193.31 532.778 2660.53 6682.59 38 0 0 
19 14 14 4191.15 532.915 2658.23 6682.59 38 0 0 
20 14 14 4195.43 563.457 2631.98 6630.3 38 0 0 
20 14 14 4161.85 545.013 2616.83 6582.66 38 0 0 
21 15 14 4112.47 522.49 2589.98 6164.83 37 0 0 
21 15 14 4073.64 524.134 2549.5 6278.64 37 0 0 
22 16 14 4040.05 502.057 2537.99 6220.6 36 0 0 
24 17 14 4045.85 512.226 2533.62 6057.26 36 0 0 
24 17 14 4045.85 515.701 2530.15 6057.26 36 0 0 
25 17 14 4033.84 515.701 2518.14 6054.3 36 0 0 
27 18 14 4025.6 515.701 2509.9 6021.24 36 0 0 
27 19 14 4018.46 519.843 2498.62 5998.66 36 0 0 
29 20 14 4002.84 509.755 2493.09 5901.98 36 0 0 
30 21 14 3992.62 509.755 2482.86 5883.01 36 0 0 
32 22 14 3983.1 503.487 2479.62 5778.01 35 0 0 
32 23 14 3982.15 503.487 2478.66 5858.29 35 0 0 
33 24 14 3922.8 493.405 2429.39 5806.38 35 0 0 
35 25 14 3911.81 493.405 2418.41 5904.17 35 0 0 
35 25 14 3866.99 498.064 2368.93 5793.46 34 0 0 
36 26 14 3860.96 498.064 2362.9 5711.61 34 0 0 
37 26 14 3849.03 487.607 2361.42 5565.24 34 0 0 
37 26 14 3832.11 496.051 2336.06 5037.86 34 0 0 
37 27 14 3804.37 476.991 2327.38 5013.57 33 0 0 
38 27 14 3779.53 453.248 2326.28 4775.04 32 0 0 
39 28 14 3771.17 461.335 2309.83 4730.97 32 0 0 
40 29 14 3758.84 449.495 2309.34 4729.61 32 0 0 
41 30 14 3763.4 461.335 2302.06 4683.39 32 0 0 
41 30 14 3703.19 469.454 2233.74 4467.29 31 0 0 
42 30 14 3702.15 469.454 2232.69 4472.87 31 0 0 
42 31 14 3702.15 473.128 2229.02 4472.87 31 0 0 
43 31 14 3688.73 459.978 2228.75 4406.37 30 0 0 
43 32 14 3687.92 459.978 2227.94 4392.37 30 0 0 
45 33 14 3687.92 464.12 2223.8 4392.37 30 0 0 
45 33 14 3641.27 442.793 2198.48 4203.64 28 0 0 
46 34 14 3573.2 440.585 2132.61 3938.34 28 0 0 
47 35 14 3549.12 428.185 2120.93 3674.37 27 0 0 
48 36 14 3549.12 430.919 2118.2 3671.63 27 0 0 
49 36 14 3549.12 431.789 2117.33 3671.63 27 0 0 
49 36 14 3544.45 433.562 2110.89 3746.46 27 0 0 
50 37 14 3532.29 435.837 2096.45 3557.8 26 0 0 
51 38 14 3528.91 437.627 2091.28 3569.51 26 0 0 
51 38 14 3534.75 481.408 2053.34 3550.53 26 0 0 
52 39 14 3524.96 476.142 2048.82 3549.79 26 0 0 
53 39 14 3533.4 495.369 2038.03 3541.1 26 0 0 
55 40 14 3526.64 495.369 2031.27 3759.78 26 0 0 
56 41 14 3526.64 498.072 2028.57 3759.78 26 0 0 
57 42 14 3494.13 498.825 1995.3 3757.25 25 0 0 
59 43 14 3494.13 500.994 1993.14 3757.25 25 0 0 
60 44 14 3463.27 470.245 1993.02 3330.94 23 0 0 
62 45 14 3436.5 458.012 1978.49 3330.94 23 0 0 
62 46 14 3436.5 460.715 1975.79 3330.94 23 0 0 
67 50 14 3418.19 460.715 1957.47 3149.42 23 0 0 
70 52 14 3405.53 465.325 1940.2 3041.98 23 0 0 
71 52 14 3405.53 467.534 1938 3041.98 23 0 0 
71 53 14 3391.32 467.534 1923.79 2860.82 23 0 0 
72 53 14 3355.07 452.516 1902.55 2555.76 22 0 0 
72 54 14 3351.51 460.866 1890.65 2475.36 21 0 0 
78 58 14 3342.05 465.955 1876.09 2401.72 20 0 0 
80 60 14 3343.49 471.924 1871.57 2413 20 0 0 
82 61 14 3220.62 440.161 1780.45 1769.84 20 0 0 
87 65 14 3166.66 418.517 1748.14 1643.78 20 0 0 
88 65 14 3189.44 444.742 1744.7 1935.83 20 0 0 
88 66 14 3228.95 485.394 1743.56 1921.85 19 0 0 
97 73 14 3226.18 485.394 1740.79 1905.85 19 0 0 
108 81 14 3153.92 427.057 1726.87 1804.3 19 0 0 
117 89 14 3162.98 437.987 1724.99 1736.86 17 0 0 
118 90 14 3160.98 437.987 1723 1746.32 17 0 0 
143 109 14 3160.98 438.33 1722.65 1746.32 17 0 0 
150 114 14 3160.1 438.497 1721.61 1686.85 17 0 0 
181 138 14 3159.29 457.316 1701.97 1746.59 17 0 0 
183 140 14 3177.82 483.758 1694.06 1805.7 17 0 0 
192 147 14 3174.54 483.758 1690.78 1703.14 17 0 0 
195 150 14 3185.91 498.331 1687.58 1830.65 17 0 0 
240 188 14 3185.91 499.898 1686.01 1830.65 17 0 0 
246 192 14 3169.32 500.977 1668.34 1783.95 17 0 0 
248 193 14 3107.24 439.374 1667.86 1420.66 16 0 0 
248 194 14 3100.53 433.357 1667.18 1348.32 16 0 0 
259 203 14 3100.53 436.841 1663.69 1348.32 16 0 0 
266 208 14 3086.39 429.464 1656.92 1260.27 16 0 0 
281 222 14 3086.01 429.464 1656.54 1236.48 16 0 0 
296 234 14 3083.32 429.408 1653.91 1226.4 15 0 0 
309 246 14 3077.24 429.408 1647.84 1258.37 15 0 0 
320 255 14 3076.67 431.342 1645.33 1243.55 15 0 0 
324 258 14 3077.24 433.707 1643.54 1258.37 15 0 0 
335 268 14 3067.75 433.707 1634.04 1207 15 0 0 
335 268 14 3046.68 424.529 1622.15 1243.55 15 0 0 
337 270 14 3043.66 422.484 1621.18 1243.55 15 0 0 
344 276 14 3058.73 438.592 1620.14 1243.55 15 0 0 
349 281 14 3055.71 436.547 1619.17 1243.55 15 0 0 
351 282 14 3066.2 449.478 1616.72 1254.04 15 0 0 
355 286 14 3053.3 445.29 1608.01 1202.96 14 0 0 
367 296 14 3053.22 445.29 1607.93 1202.96 14 0 0 
368 297 14 3071.92 472.29 1599.63 1202.96 14 0 0 
378 305 14 3068.05 474.699 1593.36 1219.57 14 0 0 
378 306 14 3078.06 486.501 1591.56 1219.57 14 0 0 
382 309 14 3084.74 495.513 1589.23 1281.28 14 0 0 
386 312 14 3078.06 492.668 1585.39 1219.57 14 0 0 
396 321 14 3062.01 484.711 1577.3 1219.57 14 0 0 
459 377 14 3043.07 471.182 1571.89 1233.67 14 0 0 
464 380 14 3055.69 484.711 1570.98 1223.65 14 0 0 
480 394 14 3044.73 475.615 1569.11 1229.99 14 0 0 
506 417 14 3047.42 493.814 1553.6 1175.3 14 0 0 
513 423 14 3046.26 493.814 1552.44 1175.3 14 0 0 
515 424 14 3046.26 522.006 1524.25 1175.3 14 0 0 
516 425 14 2992.18 487.451 1504.72 1175.3 14 0 0 
527 435 14 2983.33 487.451 1495.88 1175.3 14 0 0 
1101 937 14 2990.01 498.616 1491.4 1237.01 14 0 0 
1286 1097 14 2990.7 500.109 1490.59 1237.01 14 0 0 
1311 1118 14 2994.01 503.451 1490.56 1243.63 14 0 0 
1372 1171 14 2994.01 503.658 1490.35 1243.63 14 0 0 
1423 1216 14 2994.01 505.726 1488.28 1243.63 14 0 0 
1835 1581 14 2986.36 504.217 1482.15 1160.27 14 0 0 
1894 1634 14 2984.01 504.217 1479.8 1143.22 14 0 0 
1903 1641 14 2988.96 515.083 1473.88 1205.22 14 0 0 
1909 1646 14 2988.96 515.17 1473.79 1205.22 14 0 0 
1910 1648 14 2988.1 515.083 1473.02 1233.8 14 0 0 
1912 1649 14 2988.1 515.17 1472.93 1233.8 14 0 0 
2018 1741 14 2974.13 504.962 1469.17 1219.83 14 0 0 
2143 1853 14 2964.68 496.505 1468.18 1208.48 14 0 0 
2147 1856 14 2964.68 496.785 1467.9 1208.48 14 0 0 
2330 2012 14 2967.93 500.68 1467.25 1210.71 14 0 0 
2352 2030 14 2967.93 502.126 1465.81 1210.88 14 0 0 
2730 2348 14 2941.92 479.18 1462.74 1182.67 14 0 0 
2730 2348 14 2940.35 483.18 1457.17 1182.67 14 0 0 
2732 2350 14 2938.8 482.491 1456.31 1182.67 14 0 0 
2732 2350 14 2939.15 483.18 1455.97 1182.67 14 0 0 
3025 2602 14 2940.25 486.088 1454.16 1182.92 14 0 0 
3034 2610 14 2940.02 488.07 1451.95 1185.7 14 0 0 
3044 2618 14 2937.72 486.977 1450.75 1170.29 13 0 0 
3132 2693 14 2923.47 474.636 1448.83 1127.32 13 0 0 
3161 2716 14 2833.23 388.984 1444.25 1325.94 13 0 0 
4175 3590 14 2833.65 391.149 1442.5 1326.36 13 0 0 
5688 4894 14 2826.16 388.942 1437.22 1319.05 13 0 0 
