Agent: 0ids: 9 34 46 41 1 15 10 47 13 29 20 21 31 44 0 40 48 2 32 12 
Agent: 1ids: 40 27 49 25 22 3 14 32 18 45 36 6 9 30 46 41 26 42 5 0 4 47 31 34 38 13 8 15 48 12 1 28 2 29 17 43 39 37 10 
Agent: 2ids: 41 12 26 0 28 14 29 31 46 40 25 9 47 22 
Agent: 3ids: 44 17 27 37 29 23 38 11 13 46 0 45 6 12 24 30 7 21 31 5 48 4 2 26 42 14 34 10 40 16 28 1 25 9 49 3 8 19 15 22 43 33 47 35 
Agent: 4ids: 20 18 31 4 28 21 47 23 48 16 43 1 30 39 45 38 24 0 6 36 2 7 37 42 13 49 41 3 46 44 26 40 5 15 9 19 17 12 29 35 8 22 34 25 33 14 11 
Agent: 5ids: 18 4 25 43 13 36 33 10 0 1 
Agent: 6ids: 10 27 17 19 35 30 1 33 42 16 
Agent: 7ids: 1 31 11 4 14 13 23 37 44 3 36 7 28 16 32 20 48 10 
Agent: 8ids: 12 16 43 21 3 47 4 6 30 33 13 24 28 29 31 26 48 27 
Agent: 9ids: 45 19 29 8 37 6 36 22 39 18 5 24 27 10 34 3 35 16 26 40 2 41 1 33 28 20 15 17 46 23 31 14 9 12 32 21 4 43 44 25 30 13 47 38 
Agent: 10ids: 33 23 5 31 0 16 39 49 25 22 
Agent: 11ids: 23 37 12 43 7 14 44 10 41 28 35 3 22 1 42 4 45 38 40 24 33 9 32 0 18 25 46 13 48 20 
Agent: 12ids: 25 2 
Agent: 13ids: 34 40 5 48 2 29 47 28 39 12 25 3 49 36 43 8 37 9 10 21 17 30 18 23 24 6 15 16 26 7 44 4 14 31 
Agent: 14ids: 47 27 25 5 26 16 24 40 22 20 41 0 7 33 30 35 11 44 43 10 14 32 38 13 46 42 8 15 23 18 28 39 4 34 21 49 36 12 17 3 31 9 37 19 48 45 
Agent: 15ids: 45 35 30 7 43 37 26 17 29 6 40 32 44 21 48 15 8 18 9 1 20 38 10 27 31 34 22 39 24 16 13 3 25 0 33 
Agent: 16ids: 7 45 44 37 27 49 0 21 
Agent: 17ids: 48 26 2 29 7 13 21 44 15 5 42 3 47 40 0 32 14 22 33 38 34 1 46 11 16 45 41 25 12 27 18 30 37 31 9 6 39 8 17 35 
Agent: 18ids: 5 10 7 9 32 24 6 42 20 1 2 43 31 4 46 34 27 
Agent: 19ids: 27 9 43 4 35 31 1 33 12 24 21 25 34 14 29 23 37 26 45 41 13 39 49 32 38 36 47 28 17 6 3 44 20 11 40 
Agent: 20ids: 49 33 13 44 21 6 10 5 0 4 22 14 23 37 39 11 42 1 48 17 47 46 
Agent: 21ids: 35 28 36 48 
Agent: 22ids: 47 29 1 26 5 39 24 12 27 9 19 7 13 10 32 40 
Agent: 23ids: 9 35 49 27 29 37 39 17 5 31 16 22 1 4 34 42 23 46 41 32 18 19 13 38 40 33 2 
Agent: 24ids: 34 47 40 39 4 17 0 23 2 43 10 8 26 14 19 29 31 41 30 11 35 38 25 28 37 16 1 36 42 
Agent: 25ids: 7 4 38 33 24 28 12 49 40 14 5 26 3 25 45 9 
Agent: 26ids: 49 39 13 6 5 47 8 17 24 1 12 34 20 14 31 30 32 11 15 2 10 44 35 25 
Agent: 27ids: 0 21 5 26 37 27 44 14 16 29 13 46 17 11 9 49 12 40 4 20 32 45 19 7 35 39 42 33 43 34 36 41 6 30 23 1 38 18 22 24 47 10 48 
Agent: 28ids: 10 38 18 25 29 2 17 32 47 31 1 48 12 9 26 24 36 39 27 45 35 5 41 8 20 30 
Agent: 29ids: 28 46 47 34 7 43 10 12 15 45 48 8 13 
Agent: 30ids: 10 13 37 6 4 14 23 7 36 12 0 34 19 3 9 25 22 29 11 15 45 32 8 21 5 27 40 39 44 33 20 
Agent: 31ids: 10 45 9 38 16 22 40 30 3 12 35 44 37 46 1 24 26 17 4 
Agent: 32ids: 39 33 45 4 48 42 14 20 34 35 25 23 19 26 
Agent: 33ids: 24 42 10 7 3 35 44 
Agent: 34ids: 31 29 34 6 18 40 8 15 13 1 41 33 36 2 22 
Agent: 35ids: 41 24 27 5 30 38 42 15 10 37 3 13 8 35 34 17 6 9 0 32 29 49 26 11 16 25 40 4 7 28 33 19 22 23 20 43 21 36 46 45 2 48 12 18 44 14 
Agent: 36ids: 19 41 39 16 44 9 4 34 2 
Agent: 37ids: 33 12 7 19 5 14 39 35 23 22 41 11 43 18 28 34 16 
Agent: 38ids: 22 43 11 2 17 42 33 14 44 41 35 27 5 40 18 37 26 4 1 21 38 47 24 23 28 30 3 6 9 
Agent: 39ids: 9 22 8 41 6 16 
Agent: 40ids: 16 42 10 13 27 49 30 3 9 31 24 1 25 32 47 45 46 17 11 0 29 8 23 
Agent: 41ids: 19 16 6 7 29 47 0 41 43 26 34 38 8 40 23 48 33 3 31 
Agent: 42ids: 8 24 38 23 5 19 21 20 40 10 25 27 37 7 49 35 
Agent: 43ids: 9 17 
Agent: 44ids: 14 12 36 7 29 10 34 46 21 49 35 5 19 27 25 43 20 6 17 1 45 33 23 11 16 9 4 3 2 
Agent: 45ids: 27 10 46 38 49 39 13 40 35 34 42 29 18 6 30 44 25 19 11 43 3 28 7 1 48 26 21 8 12 5 
Agent: 46ids: 7 22 39 19 26 29 18 34 
Agent: 47ids: 39 21 31 20 38 28 30 42 27 14 3 7 43 5 40 35 44 4 47 12 48 16 11 13 45 36 34 37 0 26 18 8 23 10 33 32 1 19 29 6 17 
Agent: 48ids: 17 39 28 0 41 5 30 33 6 11 36 27 18 2 13 19 12 46 42 
Agent: 49ids: 24 20 8 48 16 46 40 47 38 5 1 3 7 33 12 45 19 11 44 27 39 29 30 26 32 
0 0 14 6514.89 694.096 4820.79 38414 90 320 4 
1 0 14 5226.13 435.011 3791.12 17701.3 56 185 3 
2 1 14 5186.04 435.011 3751.03 17489.1 56 185 3 
2 1 14 5104.01 431.28 3672.73 16415.2 53 185 3 
3 1 14 5073.3 574.194 3499.11 13749.8 53 85 3 
3 1 14 5103.28 610.46 3492.82 13854 53 75 1 
3 1 14 5095.1 607.322 3487.78 13285.4 51 75 1 
3 1 14 5070.86 607.322 3463.54 13382 51 75 1 
4 1 14 5046.69 659.354 3387.34 13151.5 51 75 1 
4 1 14 4993.23 609.888 3383.34 12744.5 50 71 1 
4 2 14 4986.17 604.65 3381.52 12659 50 71 1 
4 2 14 4984 612.836 3371.16 12659 50 71 1 
5 2 14 5002.48 675.689 3326.79 14084.5 48 71 2 
5 2 14 4965.79 675.689 3290.1 13753.6 48 71 2 
6 3 14 4960.6 679.238 3281.36 13573.7 48 71 2 
7 4 14 4904.94 665.175 3239.76 12670.7 47 51 2 
9 5 14 4787.73 598.551 3189.18 11129.6 46 28 2 
9 5 14 4677.8 579.71 3098.09 10306.7 44 12 2 
9 6 14 4663.19 571.055 3092.14 10328.5 44 12 2 
10 6 14 4633.31 569.71 3063.6 10149.4 43 12 2 
10 6 14 4515.15 539.784 2975.37 8981.93 41 2 1 
10 6 14 4515.15 543.784 2971.37 8981.93 41 2 1 
11 7 14 4502.96 543.784 2959.18 8454.19 41 2 1 
11 7 14 4430.32 535.274 2895.05 8334.45 40 2 1 
12 8 14 4339.03 535.274 2803.76 7775.48 40 2 1 
13 9 14 4330.18 546.332 2783.85 7584.62 40 2 1 
13 9 14 4323.86 546.332 2777.53 7540.81 40 2 1 
14 9 14 4283.96 539.325 2744.63 7337.89 40 2 1 
14 10 14 4263.69 523.668 2740.02 7162.95 40 2 1 
14 10 14 4213.89 548.684 2665.2 7032.3 40 2 1 
15 10 14 4213.89 548.687 2665.2 7032.3 40 2 1 
15 11 14 4185.21 548.687 2636.52 6868.41 40 2 1 
19 14 14 4185.21 561.124 2624.09 6803.78 39 2 1 
22 16 14 4185.21 573.08 2612.13 6803.78 39 2 1 
23 17 14 4180.63 573.08 2607.55 6774.92 39 2 1 
23 17 14 4145.27 545.873 2599.4 6602.27 38 2 1 
24 18 14 4062.96 552.85 2510.11 6370.86 38 2 1 
25 19 14 4061.57 553.096 2508.47 6362.46 38 2 1 
25 19 14 4079.86 579.881 2499.98 6452.55 38 2 1 
27 21 14 4067.78 579.103 2488.68 6322.7 38 2 1 
29 22 14 4067.78 585.075 2482.71 6322.7 38 2 1 
29 23 14 4059.87 583.454 2476.42 6291.06 38 2 1 
29 23 14 4055.29 583.454 2471.84 6262.2 38 2 1 
30 23 14 4041.04 601.52 2439.52 6262.2 38 2 1 
31 24 14 4033.3 601.52 2431.78 6208.56 38 2 1 
31 25 14 4028.97 601.52 2427.45 6191.24 38 2 1 
32 25 14 4047.13 625.629 2421.5 6153.9 37 0 0 
32 25 14 4038.3 628.657 2409.64 6086.9 37 0 0 
34 27 14 4038.25 628.657 2409.59 6089.86 37 0 0 
35 28 14 4022.7 618.358 2404.34 5834.94 37 0 0 
35 28 14 4045.86 642.184 2403.68 6089.86 37 0 0 
36 28 14 4045.14 642.184 2402.96 6088.19 37 0 0 
37 29 14 4009.06 623.045 2386.02 6088.19 37 0 0 
38 30 14 3977.38 599.891 2377.49 5920.65 35 0 0 
39 31 14 3971.29 599.891 2371.4 5877.9 35 0 0 
47 39 14 3971.29 600.445 2370.84 5877.9 35 0 0 
48 39 14 3970.09 600.445 2369.65 5845.15 35 0 0 
48 40 14 3942.32 599.891 2342.43 5844.62 35 0 0 
49 41 14 3936.6 599.891 2336.7 5810.24 35 0 0 
51 42 14 3935.73 599.891 2335.84 5796.12 35 0 0 
52 44 14 3908.09 599.891 2308.2 5714.81 35 0 0 
54 45 14 3867.49 582.377 2285.12 5422.1 34 0 0 
57 48 14 3867.49 589.891 2277.6 5422.1 34 0 0 
57 48 14 3867.49 590.445 2277.05 5422.1 34 0 0 
59 49 14 3866.43 590.445 2275.99 5309.67 34 0 0 
59 49 14 3828 565.156 2262.85 5454.32 34 0 0 
61 51 14 3766.75 516.169 2250.58 5105.5 32 0 0 
62 52 14 3779.87 533.196 2246.67 4964.09 31 0 0 
63 53 14 3779.49 534.491 2244.99 4964.09 31 0 0 
63 53 14 3779.87 540.711 2239.16 4964.09 31 0 0 
64 54 14 3779.49 542.006 2237.48 4964.09 31 0 0 
64 54 14 3771.21 535.719 2235.49 4727.19 31 0 0 
65 55 14 3761.93 526.779 2235.15 4556.08 29 0 0 
67 57 14 3745.68 510.54 2235.14 4183.83 29 0 0 
68 57 14 3646.32 420.274 2226.05 4087.26 28 0 0 
68 58 14 3638.24 420.274 2217.97 4059.09 28 0 0 
69 58 14 3578.11 397.059 2181.05 3852.45 28 0 0 
69 58 14 3577.49 397.059 2180.43 3821.43 28 0 0 
72 61 14 3594.51 414.656 2179.85 3852.45 28 0 0 
73 61 14 3589.67 416.084 2173.59 3852.45 28 0 0 
75 63 14 3506.24 395.125 2111.11 3528.39 27 0 0 
76 65 14 3505.87 395.125 2110.75 3524.47 27 0 0 
78 66 14 3465.11 391.837 2073.27 3368.4 26 0 0 
78 67 14 3464.96 391.837 2073.12 3372.33 26 0 0 
79 67 14 3446.45 384.602 2061.85 3368.4 26 0 0 
80 68 14 3446.3 384.602 2061.7 3372.33 26 0 0 
80 68 14 3435.9 390.043 2045.85 3330.81 26 0 0 
80 68 14 3468 423.096 2044.9 3330.81 26 0 0 
81 69 14 3451.03 446.97 2004.06 3224.17 26 0 0 
82 70 14 3445.58 450.728 1994.85 3174.62 26 0 0 
83 70 14 3445.43 450.728 1994.7 3178.54 26 0 0 
85 72 14 3461.16 469.861 1991.3 3194.27 26 0 0 
85 72 14 3461.16 471.541 1989.62 3193.89 26 0 0 
86 73 14 3461.16 472.056 1989.1 3193.89 26 0 0 
86 73 14 3460.47 485.98 1974.49 3180.51 26 0 0 
87 74 14 3455.7 483.089 1972.61 3180.51 26 0 0 
88 75 14 3455.09 483.089 1972 3149.49 26 0 0 
90 77 14 3455.09 483.475 1971.61 3149.49 26 0 0 
95 81 14 3450.05 479.925 1970.13 3090.78 26 0 0 
96 82 14 3458.25 501.725 1956.52 3028.05 25 0 0 
97 83 14 3458.25 502.614 1955.63 3028.05 25 0 0 
101 86 14 3418.66 474.091 1944.57 2768.22 25 0 0 
102 87 14 3424.55 486.753 1937.8 2803.56 25 0 0 
102 87 14 3378.78 474.091 1904.69 2624.87 25 0 0 
103 88 14 3375.6 471.387 1904.21 2664.15 25 0 0 
104 89 14 3359.6 457.855 1901.74 2569.29 24 0 0 
107 92 14 3359.35 457.855 1901.49 2730.28 24 0 0 
109 93 14 3358.66 457.855 1900.8 2722.55 24 0 0 
112 96 14 3350.77 450.458 1900.31 2507.43 24 0 0 
112 96 14 3283.65 452.189 1831.46 2342.43 24 0 0 
116 99 14 3289.54 464.851 1824.69 2377.78 24 0 0 
120 102 14 3277.17 472.218 1804.95 2418.39 24 0 0 
122 104 14 3271.24 472.218 1799.02 2395.05 24 0 0 
122 104 14 3247.34 462.199 1785.14 2300.52 24 0 0 
135 115 14 3257.8 474.685 1783.11 2382.03 24 0 0 
135 116 14 3251.96 474.685 1777.28 2547.87 24 0 0 
135 116 14 3251 474.685 1776.32 2586.16 24 0 0 
150 130 14 3234.86 472.027 1762.83 2468.81 24 0 0 
154 133 14 3233.89 471.291 1762.6 2281.26 24 0 0 
154 133 14 3230.52 472.027 1758.49 2433.38 24 0 0 
156 135 14 3230.46 472.027 1758.43 2440.42 24 0 0 
156 135 14 3237.12 479.425 1757.69 2462.58 24 0 0 
158 136 14 3247.12 489.614 1757.51 2638.56 24 0 0 
161 140 14 3247.12 492.865 1754.26 2638.56 24 0 0 
168 146 14 3247.11 493.418 1753.7 2623.27 24 0 0 
169 146 14 3248.44 499.936 1748.51 2641.32 24 0 0 
169 147 14 3199.09 454.413 1744.67 2700.68 23 0 0 
169 147 14 3199.09 458.133 1740.95 2700.68 23 0 0 
171 149 14 3199.09 461.928 1737.16 2700.68 23 0 0 
171 149 14 3199.09 465.647 1733.44 2700.68 23 0 0 
173 150 14 3199.09 472.719 1726.37 2700.68 23 0 0 
174 151 14 3199.09 473.997 1725.09 2700.68 23 0 0 
185 162 14 3194.19 469.414 1724.78 2670.49 23 0 0 
191 167 14 3199.09 475.433 1723.65 2700.68 23 0 0 
198 173 14 3194.19 470.85 1723.34 2670.49 23 0 0 
203 177 14 3194.19 472.382 1721.81 2670.49 23 0 0 
207 181 14 3194.19 473.996 1720.2 2670.49 23 0 0 
214 187 14 3177.36 462.293 1715.07 2576.98 23 0 0 
216 188 14 3152.21 437.558 1714.65 2252.09 23 0 0 
220 191 14 3177.36 463.908 1713.45 2576.98 23 0 0 
228 198 14 3183.53 480.215 1703.31 2623.08 23 0 0 
260 224 14 3183.53 488.945 1694.58 2623.08 23 0 0 
275 237 14 3216.26 526.767 1689.5 2610.7 23 0 0 
279 240 14 3216.26 526.827 1689.44 2610.7 23 0 0 
283 244 14 3202.39 515.801 1686.59 2610.7 23 0 0 
304 263 14 3202.39 518.835 1683.55 2610.7 23 0 0 
312 270 14 3201.18 518.835 1682.35 2623.42 23 0 0 
324 280 14 3197.23 518.835 1678.39 2466.35 23 0 0 
415 359 14 3185.35 508.66 1676.69 2282.09 23 0 0 
419 363 14 3174.74 501.115 1673.62 2235.98 23 0 0 
419 363 14 3190.55 519.827 1670.73 2283.32 23 0 0 
427 369 14 3182.52 531.4 1651.12 2283.32 23 0 0 
428 371 14 3182.52 532.29 1650.23 2283.32 23 0 0 
432 374 14 3179.33 532.29 1647.04 2283.32 23 0 0 
433 375 14 3199.1 553.61 1645.49 2299.89 23 0 0 
450 389 14 3195.91 553.61 1642.3 2299.89 23 0 0 
455 394 14 3185.3 546.065 1639.23 2253.79 23 0 0 
474 410 14 3147.54 512.353 1635.19 1791.4 21 0 0 
474 410 14 3145.02 512.353 1632.66 1877.33 21 0 0 
542 471 14 3148.01 521.303 1626.71 1757.89 21 0 0 
551 478 14 3130.39 521.303 1609.09 1788.75 21 0 0 
552 479 14 3127.68 519.909 1607.77 1792.74 21 0 0 
556 483 14 3125.48 519.909 1605.57 1772.68 21 0 0 
559 487 14 3126.04 521.303 1604.73 1787.23 21 0 0 
567 494 14 3125.48 524.293 1601.19 1772.68 21 0 0 
574 500 14 3135.61 534.486 1601.12 1750 21 0 0 
580 504 14 3132.08 531.838 1600.25 1837.75 21 0 0 
580 505 14 3132.64 533.233 1599.4 1852.31 21 0 0 
622 543 14 3132.64 533.712 1598.92 1852.31 21 0 0 
647 566 14 3134.95 538.138 1596.82 1773.97 21 0 0 
678 593 14 3133.29 538.138 1595.15 1615.8 21 0 0 
682 597 14 3129.92 538.138 1591.78 1484.6 21 0 0 
711 622 14 3124.21 538.138 1586.08 1487.91 21 0 0 
842 738 14 3124.21 539.969 1584.25 1487.91 21 0 0 
858 754 14 3130.81 547.513 1583.3 1552.98 21 0 0 
861 756 14 3127.91 547.513 1580.4 1568.53 21 0 0 
1073 944 14 3127.12 547.513 1579.61 1453.42 21 0 0 
1112 980 14 3126.13 547.513 1578.62 1520.09 21 0 0 
1141 1005 14 3126.13 549.94 1576.19 1520.09 21 0 0 
1150 1013 14 3129.17 553.08 1576.09 1535.17 21 0 0 
1159 1021 14 3122.42 551.886 1570.53 1490.66 21 0 0 
1169 1029 14 3127.02 557.586 1569.43 1527.25 21 0 0 
1176 1036 14 3127.02 559.872 1567.15 1527.25 21 0 0 
1219 1074 14 3127.02 575.243 1551.78 1527.25 21 0 0 
1261 1111 14 3093.62 544.709 1548.91 1504.8 21 0 0 
1632 1440 14 3090.21 544.709 1545.5 1614.69 21 0 0 
1637 1444 14 3106.93 562.06 1544.87 1691.97 21 0 0 
1659 1463 14 3106.93 563.193 1543.73 1691.97 21 0 0 
1684 1486 14 3107.91 567.297 1540.62 1661.12 21 0 0 
1690 1491 14 3113.4 574.116 1539.29 1683.48 21 0 0 
1696 1497 14 3098.3 562.462 1535.84 1569.81 21 0 0 
1697 1497 14 3097.13 562.462 1534.67 1565.13 21 0 0 
1733 1531 14 3079.31 548.739 1530.57 1481.28 21 0 0 
1770 1565 14 3081.71 559.075 1522.63 1444.29 21 0 0 
2403 2133 14 3079.72 559.075 1520.64 1502.21 21 0 0 
3229 2875 14 3052.45 546.389 1506.06 1367.36 21 0 0 
3230 2875 14 3065.61 565.559 1500.06 1433.4 21 0 0 
3438 3060 14 3065.61 566.296 1499.32 1433.4 21 0 0 
3659 3256 14 3070.68 573.919 1496.76 1448.26 20 0 0 
