0 0 10 18778.1 5684.36 4093.71 150786 94 730 4 
0 0 10 17067.9 4490.43 3577.47 88176.2 63 430 4 
0 0 10 16923.9 4383.62 3540.24 87148.3 63 430 3 
0 0 10 16353.1 3884.74 3468.4 79516.6 62 410 4 
0 0 10 15093.3 2791.77 3301.54 52149.9 47 300 2 
7 4 10 14909.7 2990.96 2918.79 47478.5 47 200 2 
7 4 10 14871.1 2990.96 2880.11 46775.7 47 200 2 
11 7 10 14994 3144.76 2849.28 45814.4 47 200 2 
15 10 10 14813.3 2972.74 2840.54 44959.6 47 190 2 
28 21 10 14753.6 3005.53 2748.04 44876 46 180 2 
35 26 10 14241.5 2677.25 2564.23 36940.6 44 150 2 
48 36 10 13863.2 2433.14 2430.05 34395.2 43 150 3 
50 38 10 13863.1 2433.14 2429.95 34391.1 43 150 3 
64 49 10 13595.8 2249.88 2345.9 31473.4 41 150 3 
68 52 10 13519.7 2249.88 2269.83 30223.2 41 130 3 
70 53 10 13515 2249.88 2265.07 30235.9 41 120 3 
78 59 10 13174.1 1942.08 2232.01 26539.5 39 90 2 
169 129 10 13016.7 1809.87 2206.81 25299.9 38 90 2 
201 153 10 12730 2001.15 1728.85 21775.5 34 90 4 
351 272 10 12201.4 1648.98 1552.45 18747.9 29 90 4 
510 397 10 12274.5 1812.81 1461.72 19626 29 70 3 
968 755 10 11937.2 1687.58 1249.58 15045.5 29 30 2 
1011 789 10 11585.1 1348.42 1236.71 12486.6 28 30 1 
1015 792 10 11653.9 1446.94 1206.96 13526.7 27 20 1 
1051 821 10 11535.6 1373.45 1162.17 13425.1 25 20 1 
1073 839 10 11497.9 1337.5 1160.43 13060.6 25 20 1 
1078 843 10 11497.5 1337.5 1159.96 13062.7 25 20 1 
1279 1004 10 11635.3 1549.25 1086.1 12072.8 25 20 1 
1283 1007 10 11663.5 1587.63 1075.82 12772.5 25 10 1 
1320 1036 10 11511.9 1436.34 1075.61 10926.3 25 10 1 
1322 1038 10 11507.9 1436.34 1071.61 10924.3 25 10 1 
1345 1056 10 11485.5 1417.66 1067.82 11791.3 25 10 1 
1368 1075 10 11473.4 1413.84 1059.55 11407.6 21 10 1 
1372 1078 10 11468.7 1413.84 1054.83 11403.9 21 10 1 
1439 1132 10 11487.3 1472.97 1014.31 11526.7 21 0 0 
1446 1137 10 11508.5 1504.38 1004.12 12175.6 20 0 0 
5104 4099 10 10694.8 736.436 958.324 7948.58 10 0 0 
6042 4866 10 10256.6 319.455 937.129 3521.61 5 0 0 
6187 4983 10 10157.1 310.006 847.057 3363.23 4 0 0 
