0 0 10 18013.4 4967.45 4045.94 167959 89 920 3 
1 0 10 15496.7 3359.61 3137.11 74572.5 48 370 2 
1 0 10 15029.3 2961.83 3067.42 54002.9 44 350 3 
3 1 10 14901.7 2858.02 3043.7 52126.6 43 340 3 
4 1 10 14719.3 2699.88 3019.44 39460.7 42 240 4 
5 2 10 14706.4 2723.74 2982.64 38997.4 42 240 4 
5 2 10 14584.5 2627.76 2956.72 37698.6 41 240 4 
5 2 10 14496 2560.05 2935.97 38075.7 41 240 4 
7 4 10 14480.6 2560.05 2920.5 38707.2 41 240 4 
7 4 10 14404.2 2560.05 2844.18 37736 41 240 4 
7 4 10 14268.7 2460.63 2808.03 37318.1 41 240 4 
7 4 10 14219.9 2460.63 2759.3 37385 41 240 4 
9 5 10 14161.3 2442.02 2719.29 34040.1 39 180 4 
11 7 10 13908.3 2328.42 2579.87 30598.3 39 170 2 
11 7 10 13837.5 2294.6 2542.85 28473.5 38 140 2 
16 12 10 13720.2 2182.38 2537.82 33208.9 38 130 1 
17 12 10 13735.8 2230.93 2504.91 29467.6 37 130 1 
33 26 10 13556.3 2371.57 2184.7 26073.6 37 40 2 
33 26 10 13409.4 2276 2133.42 24935.8 37 20 2 
39 31 10 13430.2 2302.04 2128.18 24842.3 36 20 2 
41 33 10 13328.9 2208.22 2120.69 24159.5 35 10 1 
334 295 10 11399.1 1327.45 1071.69 14585.2 24 10 1 
335 296 10 11473.9 1438.37 1035.51 14238.8 23 0 0 
1299 1234 10 10237.8 326.549 911.26 2043.84 6 0 0 
1792 1722 10 10159 311.556 847.448 3739.05 6 0 0 
1892 1819 10 10153.9 311.556 842.318 3347.03 4 0 0 
1902 1829 10 10083 243.612 839.358 2574.99 3 0 0 
3516 3414 10 9828.94 0 828.937 0 0 0 0 
