0 0 10 17995.4 4756.56 4238.87 209716 93 840 2 
1 0 10 15647.1 3364.09 3282.96 54682.8 53 280 4 
14 9 10 15909.4 3663.28 3246.07 53899.7 53 170 4 
19 13 10 13770 2064.68 2705.32 33184.5 39 170 3 
25 19 10 13979.9 2282.33 2697.58 33865.9 39 130 3 
26 20 10 13813.5 2159.38 2654.11 35049.5 39 90 2 
111 91 10 12996.2 2176.03 1820.18 28833.5 38 90 4 
112 92 10 13021.8 2260.65 1761.11 28371.8 36 90 4 
279 237 10 12337.9 1751.04 1586.89 20761.7 33 80 2 
344 295 10 12309.3 1741.46 1567.83 23953.2 33 50 2 
380 327 10 12697.6 2137.52 1560.06 25552 33 50 2 
385 331 10 12699.4 2144.53 1554.85 25808.5 32 50 2 
386 332 10 12699.4 2149.02 1550.36 25581.5 31 50 2 
796 701 10 12101.4 2010.4 1090.97 20230.9 30 50 3 
798 703 10 12100.8 2010.4 1090.35 20224.4 30 50 3 
809 713 10 12004.3 1921.44 1082.89 19507.9 29 50 3 
925 823 10 10961.4 881.463 1079.98 9645.82 16 50 3 
950 847 10 10883.4 848.15 1035.3 8376.19 16 40 3 
1377 1265 10 10988.8 992.171 996.67 8093.54 14 40 1 
1752 1632 10 10278.6 335.798 942.805 5163.14 12 20 1 
1938 1824 10 10373.7 455.522 918.193 5961.76 9 10 1 
2513 2411 10 10356 449.983 906.062 3919.56 6 10 1 
4630 4580 10 10246.8 340.992 905.831 2642.46 5 0 0 
4677 4626 10 10088.6 185.359 903.227 1776.79 4 0 0 
