Agent: 0ids: 2 10 29 19 40 22 5 30 34 13 36 20 11 0 27 23 44 
Agent: 1ids: 31 
Agent: 2ids: 21 20 18 48 23 47 43 1 11 49 35 3 42 26 32 17 19 34 4 25 38 
Agent: 3ids: 38 46 31 17 18 33 0 9 49 27 26 16 12 5 37 11 
Agent: 4ids: 17 35 16 13 30 4 22 12 44 1 38 29 39 45 34 32 46 47 7 40 27 33 43 
Agent: 5ids: 12 11 45 3 38 30 44 42 39 32 49 14 0 13 20 41 36 28 9 35 25 48 18 26 2 1 24 23 47 29 43 17 5 21 4 6 31 46 15 34 7 
Agent: 6ids: 38 27 28 
Agent: 7ids: 48 27 14 13 8 19 1 21 44 46 28 10 32 45 39 35 47 43 37 31 18 4 15 42 49 
Agent: 8ids: 35 49 26 17 45 46 42 7 18 41 20 
Agent: 9ids: 44 14 9 20 34 28 31 29 6 41 19 40 8 24 38 32 5 30 
Agent: 10ids: 6 38 16 11 8 30 12 27 46 49 39 43 28 33 44 3 22 48 40 31 29 18 10 13 14 45 34 42 41 
Agent: 11ids: 49 45 27 7 6 17 2 5 3 42 46 39 0 11 37 
Agent: 12ids: 19 35 18 6 49 45 1 43 3 38 14 42 11 5 8 27 2 39 41 15 22 23 33 24 29 
Agent: 13ids: 10 4 3 23 49 16 35 7 30 34 27 1 37 20 42 8 12 26 6 29 17 45 38 36 19 5 39 13 11 33 46 40 22 31 48 2 
Agent: 14ids: 15 35 9 13 30 12 0 14 7 42 5 32 22 11 4 1 23 47 2 49 26 16 31 24 48 40 43 44 34 20 
Agent: 15ids: 15 29 2 21 20 17 9 23 16 39 30 0 46 13 28 6 31 4 37 41 14 12 44 45 19 40 10 49 42 35 18 24 43 5 11 26 47 36 32 1 27 33 25 48 8 34 7 
Agent: 16ids: 15 49 43 0 27 32 29 14 28 4 48 17 6 31 10 22 8 39 30 2 33 26 19 20 47 18 24 25 23 13 45 40 46 9 11 3 16 38 36 41 7 42 12 34 21 
Agent: 17ids: 25 44 19 47 31 33 10 1 22 28 48 34 49 45 32 37 38 43 20 39 12 42 8 11 30 2 15 40 26 0 3 17 36 35 
Agent: 18ids: 32 28 
Agent: 19ids: 41 17 25 47 40 38 
Agent: 20ids: 37 28 45 38 33 24 36 30 12 25 0 41 26 20 
Agent: 21ids: 24 20 31 12 14 3 7 26 46 15 21 19 36 44 8 30 45 18 5 35 4 1 34 16 43 2 25 
Agent: 22ids: 6 17 28 32 23 5 12 47 0 16 41 4 37 25 31 15 33 24 11 36 8 18 7 20 21 40 49 46 38 39 
Agent: 23ids: 38 32 29 7 42 15 2 36 20 28 5 12 
Agent: 24ids: 24 11 27 44 22 15 41 42 34 10 28 7 31 20 4 1 19 16 21 18 29 2 35 25 13 32 45 6 17 23 46 36 33 14 3 0 43 48 26 
Agent: 25ids: 3 14 28 41 
Agent: 26ids: 37 11 13 31 35 15 14 20 23 30 39 10 36 21 48 4 12 18 38 9 16 3 43 41 0 6 8 2 45 17 44 32 42 34 1 25 22 46 33 26 
Agent: 27ids: 11 15 4 34 38 28 26 23 17 9 36 30 41 13 45 37 
Agent: 28ids: 18 7 3 49 1 17 27 20 44 45 38 15 6 10 31 14 21 34 5 32 25 28 30 8 48 41 47 23 39 37 0 42 13 46 19 
Agent: 29ids: 31 0 7 13 
Agent: 30ids: 6 49 45 2 24 42 39 23 15 48 40 8 26 14 18 34 43 46 20 33 37 5 1 28 22 13 16 47 25 17 27 9 32 4 10 7 30 19 38 3 44 31 41 29 21 12 36 0 
Agent: 31ids: 37 18 38 41 21 14 28 42 43 0 7 15 49 45 9 47 23 48 13 11 39 16 27 4 33 2 3 17 19 32 
Agent: 32ids: 45 8 37 29 38 43 1 35 27 0 46 2 23 12 40 41 3 49 48 36 4 18 33 28 15 44 24 30 26 31 47 11 6 14 
Agent: 33ids: 26 3 32 45 15 2 46 44 21 12 
Agent: 34ids: 31 34 46 11 9 49 2 40 21 5 33 
Agent: 35ids: 41 3 34 43 1 20 33 13 31 12 38 30 21 19 16 26 37 45 27 18 
Agent: 36ids: 8 47 18 5 44 27 11 33 6 49 16 38 17 13 25 30 7 24 22 46 34 15 4 3 29 23 45 12 14 28 37 39 40 19 48 42 20 9 21 2 35 10 0 
Agent: 37ids: 20 31 12 17 8 44 49 16 43 5 42 46 35 
Agent: 38ids: 10 36 41 47 35 28 0 39 23 14 29 24 13 7 32 45 40 44 18 48 46 
Agent: 39ids: 8 15 29 35 44 5 25 20 36 17 0 26 14 27 31 49 38 19 6 46 24 45 23 
Agent: 40ids: 37 36 46 8 18 10 47 5 32 2 
Agent: 41ids: 38 44 13 11 7 41 14 34 35 20 37 5 0 27 36 49 24 18 16 9 40 1 17 42 39 6 46 10 8 48 
Agent: 42ids: 45 0 34 19 35 22 18 49 41 7 25 29 17 20 43 9 24 13 26 11 36 3 33 38 21 4 40 
Agent: 43ids: 36 33 27 35 2 28 34 40 11 42 13 15 17 14 45 38 20 44 48 9 39 4 37 30 25 18 5 26 16 
Agent: 44ids: 36 38 44 43 42 0 37 4 48 25 40 29 39 30 49 
Agent: 45ids: 28 17 15 13 34 14 47 0 21 45 37 29 12 32 25 9 33 6 46 1 40 36 43 31 23 38 3 44 4 39 2 22 42 49 8 35 19 
Agent: 46ids: 30 46 0 29 44 15 47 13 8 24 10 26 32 19 6 25 39 34 38 28 1 16 33 42 3 7 27 45 14 40 37 43 2 35 17 21 48 22 11 41 23 31 
Agent: 47ids: 37 28 41 27 25 17 43 19 5 24 34 36 16 2 20 29 40 32 3 1 45 30 26 23 18 8 0 44 46 7 39 38 11 12 
Agent: 48ids: 25 3 27 7 31 39 28 38 18 15 45 0 26 48 2 20 35 43 33 36 17 46 32 24 13 8 9 29 44 42 11 22 5 40 21 41 23 30 47 19 10 1 6 49 
Agent: 49ids: 4 32 45 34 39 21 23 36 33 49 22 7 24 
0 0 10 18439.7 5543.66 3896.05 153517 89 770 4 
0 0 10 15075.4 2691.84 3383.59 74327.5 46 480 2 
3 1 10 14490.8 2364.12 3126.66 65699.6 43 400 2 
5 3 10 14439.8 2397 3042.81 64338.9 43 390 2 
6 4 10 14438.3 2397 3041.3 66362.4 43 390 2 
7 4 10 14202.7 2273.5 2929.23 62656.4 42 380 2 
9 6 10 14199.8 2273.5 2926.25 62644 42 380 2 
9 6 10 14063.8 2271.61 2792.17 47399.7 40 340 3 
9 6 10 14038.6 2283.12 2755.5 47304.9 40 330 3 
13 9 10 13967.8 2216.81 2750.96 43963.9 40 320 3 
13 9 10 14045.4 2339.33 2706.12 46405.4 39 310 3 
15 11 10 13668.3 1977.92 2690.42 40627.1 39 250 3 
16 12 10 13851.2 2181.32 2669.9 42787.4 39 240 3 
17 13 10 13826.3 2181.32 2645 42559.8 39 240 3 
18 14 10 13830.2 2212.25 2617.99 41409.3 39 240 3 
19 14 10 13522.2 1990.07 2532.16 39751.5 38 240 3 
21 16 10 13450.5 1930.32 2520.21 37600.7 37 240 3 
23 17 10 13369.8 1851.11 2518.68 37139.9 37 240 3 
24 19 10 13257.6 1771.03 2486.58 34893.6 36 240 4 
26 20 10 13118.9 1692.31 2426.6 33066.6 36 230 4 
30 24 10 13243.7 1888.15 2355.6 26266.5 34 210 3 
46 38 10 13195.5 2057.33 2138.12 26504.1 34 170 2 
47 39 10 13219.1 2087.39 2131.69 26391.1 33 170 2 
53 44 10 12800.3 1764.64 2035.71 24139.7 32 150 2 
66 55 10 12832.8 1840.61 1992.18 28017.4 32 140 2 
68 56 10 12671.8 1730.56 1941.22 23659.4 30 140 2 
69 57 10 12671.8 1738.99 1932.79 23963.6 30 140 2 
71 60 10 12631 1738.32 1892.72 22347.4 30 140 2 
81 68 10 12690.1 1846.12 1843.95 22693.2 30 140 2 
133 113 10 12256 1865.68 1390.3 22478.7 30 130 2 
135 115 10 12233.4 1865.68 1367.77 22486.6 30 130 2 
143 122 10 11935.8 1602.12 1333.7 19100.1 30 100 4 
149 127 10 11818.3 1512.12 1306.19 17434.5 29 100 4 
151 129 10 11815.4 1512.12 1303.28 17419.7 29 100 4 
154 132 10 11815.4 1512.12 1303.27 17428 29 100 4 
158 135 10 11846.4 1570.05 1276.34 18754.3 26 100 4 
160 137 10 11842.3 1570.05 1272.21 18732 26 100 4 
198 172 10 11521.7 1276.58 1245.14 16215.6 25 60 4 
211 184 10 11440.4 1202.92 1237.47 14306.1 20 50 2 
220 193 10 11243 1037.96 1205.01 12900.6 19 50 3 
228 200 10 11167.5 991.616 1175.86 12573.4 18 40 2 
230 202 10 11164 991.616 1172.38 12561.2 18 40 2 
232 203 10 11232.8 1073.05 1159.77 13283.8 18 40 2 
243 213 10 11160.2 1046.15 1114.02 13540.6 18 40 2 
245 215 10 11199.1 1091.57 1107.49 12990.8 18 30 2 
272 241 10 11010.4 903.085 1107.34 10089.7 16 30 1 
279 247 10 10997.7 903.085 1094.62 10100.1 16 30 1 
399 367 10 11039.2 1085.82 953.387 8739.99 15 20 2 
958 934 10 10509.2 635.8 873.379 4123.45 7 20 1 
1131 1112 10 10456.1 610.116 846.017 4619.8 7 20 1 
1487 1476 10 10196 352.078 843.89 2826.88 6 20 1 
1748 1748 10 10384.9 541.8 843.115 3481.55 6 20 1 
2410 2432 10 10166.5 323.75 842.781 2719.88 5 10 1 
2450 2473 10 10190.1 348.009 842.08 2914.33 5 10 1 
3156 3202 10 9986.55 155.565 830.987 1371.88 2 0 0 
3486 3545 10 9894.49 65.5577 828.937 675.44 1 0 0 
3579 3639 10 9828.94 0 828.937 0 0 0 0 
