0 0 10 18308.1 4982.78 4325.36 114176 90 540 3 
0 0 10 16335.8 3882.92 3452.9 77093.7 56 430 3 
0 0 10 15539.7 3226.08 3313.66 68433.7 52 340 2 
0 0 10 14917.4 2874.89 3042.53 52700.6 46 260 2 
0 0 10 14912.5 2874.89 3037.62 51830.3 46 260 2 
3 1 10 14695.6 2691.6 3003.99 50082.9 45 260 2 
3 1 10 14674.1 2691.6 2982.5 49333.8 45 260 2 
4 2 10 14706.5 2776.82 2929.69 49569.2 45 260 2 
7 4 10 14520.7 2685.05 2835.62 44518.2 43 190 3 
8 5 10 14463.1 2640.6 2822.55 41730.7 42 180 4 
23 17 10 14055.5 2381.99 2673.49 41261.7 40 180 3 
23 17 10 13758.2 2267.45 2490.79 40072.4 39 180 3 
28 21 10 13750.8 2378.98 2371.85 38644.7 39 180 3 
34 25 10 13580.4 2293.02 2287.4 37531.4 38 180 2 
34 25 10 13472.9 2202.86 2270.07 35704 38 170 2 
36 26 10 13468 2202.86 2265.11 35750 38 170 2 
39 29 10 13294.3 2245.53 2048.73 36795.5 38 170 1 
47 35 10 12908.3 1935.73 1972.6 30538 33 170 3 
56 42 10 12750.6 1843.95 1906.61 30648.7 32 170 3 
189 145 10 12777.4 1989.59 1787.83 24311.3 31 170 4 
196 151 10 13067.2 2298.55 1768.68 22198.9 30 100 2 
365 284 10 12391.1 1888.1 1503.05 21203.8 29 80 3 
370 288 10 12364.1 1863.26 1500.8 21122.6 28 80 3 
380 296 10 11993.3 1497.94 1495.32 17142.5 24 50 2 
633 492 10 11885.7 1569.97 1315.71 15789.7 23 40 2 
645 502 10 11406.5 1248.43 1158.03 13171.1 23 40 1 
646 503 10 11573.2 1427.29 1145.92 12899.8 21 40 1 
651 507 10 11477.7 1336.55 1141.13 12210 20 40 1 
938 733 10 11694.2 1585.82 1108.39 11647.2 20 40 1 
950 743 10 11258.9 1163.13 1095.76 9589.13 20 40 1 
953 746 10 11257.9 1197.13 1060.81 9592.94 19 40 1 
2096 1665 10 11330.7 1311.28 1019.46 12802 19 10 1 
2226 1770 10 11197.1 1200.43 996.65 11509.8 19 10 1 
2237 1779 10 11233.5 1241.14 992.374 11825.4 19 10 1 
2343 1863 10 11089 1097.95 991.015 11128.5 19 10 1 
2754 2200 10 11025.1 1047.11 977.978 9885.45 15 10 1 
2790 2229 10 10925.4 1029.73 895.65 9110.47 15 10 1 
2797 2235 10 10925.4 1039.35 886.027 9110.47 15 10 1 
2803 2239 10 10980.3 1095.52 884.77 9529.86 15 10 1 
2879 2302 10 10853.9 971.261 882.641 8904.63 15 10 1 
2943 2355 10 10851 970.521 880.466 8298.71 15 10 1 
2958 2368 10 10759.9 881.068 878.833 8109.19 14 10 1 
3018 2417 10 10758.1 880.981 877.143 7629.8 14 10 1 
3784 3039 10 10256.2 381.899 874.269 3003.72 6 0 0 
3788 3042 10 10188.7 318.09 870.596 2784.4 5 0 0 
3793 3046 10 10183.4 316.453 866.917 2312.92 5 0 0 
3794 3047 10 10113.9 252.644 861.299 2085.92 4 0 0 
3797 3050 10 10113.2 254.387 858.799 2061.36 4 0 0 
3829 3076 10 10042.3 186.442 855.839 1289.31 3 0 0 
3985 3202 10 10108.3 255.575 852.714 1581.69 3 0 0 
3991 3207 10 10034.4 187.88 846.552 1432.56 2 0 0 
3994 3209 10 9942.74 97.1163 845.627 687.05 1 0 0 
4102 3296 10 9902.77 69.6366 833.129 486.815 1 0 0 
4563 3673 10 9896.57 66.2015 830.37 825.252 1 0 0 
4648 3745 10 9828.94 0 828.937 0 0 0 0 
