Agent: 0ids: 48 17 23 35 
Agent: 1ids: 34 18 30 32 24 19 43 49 4 12 8 5 27 37 14 
Agent: 2ids: 17 31 15 38 1 29 4 33 46 41 30 10 37 27 16 18 49 23 9 11 40 12 42 3 19 35 22 32 28 24 48 8 34 21 20 26 
Agent: 3ids: 42 40 3 10 41 23 34 12 13 27 38 16 5 33 0 2 30 48 7 22 46 37 1 6 43 45 4 17 36 28 25 49 8 39 32 11 15 47 9 29 26 18 20 35 21 14 
Agent: 4ids: 9 34 47 23 24 38 25 4 32 36 33 6 11 3 37 13 48 18 5 20 14 16 12 49 28 15 26 1 35 8 7 10 46 39 
Agent: 5ids: 23 8 2 13 7 36 45 37 35 29 3 31 17 38 21 27 49 16 15 4 18 44 43 48 6 32 9 0 22 20 42 26 12 24 25 30 34 10 41 47 5 33 46 28 
Agent: 6ids: 14 35 43 37 34 46 27 19 9 15 0 36 2 39 4 5 44 
Agent: 7ids: 18 27 19 24 7 38 17 48 23 29 8 25 14 46 6 11 33 5 15 42 9 21 34 45 40 10 13 43 39 36 47 2 
Agent: 8ids: 24 37 43 18 39 25 22 7 3 49 10 11 41 12 31 45 30 48 0 42 19 4 9 44 40 27 2 34 26 15 35 17 14 1 13 20 5 6 23 32 29 21 8 
Agent: 9ids: 2 14 1 0 31 6 7 10 34 24 4 29 8 39 33 3 11 40 45 35 13 27 46 15 47 37 38 30 12 5 9 48 16 23 32 26 20 21 49 18 28 22 25 44 42 43 41 36 17 
Agent: 10ids: 34 3 46 
Agent: 11ids: 1 23 20 45 31 16 27 36 4 39 17 7 19 2 48 33 14 0 15 9 30 5 43 
Agent: 12ids: 16 38 1 2 39 6 0 26 30 13 43 29 
Agent: 13ids: 18 42 28 5 2 46 31 1 25 7 3 10 44 36 29 24 14 40 22 15 32 19 48 0 8 13 45 33 30 27 38 20 16 26 23 43 
Agent: 14ids: 31 30 8 10 32 47 38 36 49 12 15 46 
Agent: 15ids: 40 33 5 11 19 8 31 32 14 3 34 30 25 44 6 46 12 37 
Agent: 16ids: 12 35 42 15 16 19 10 25 29 47 32 24 44 45 43 7 14 13 36 21 38 8 48 20 11 30 5 31 27 4 3 2 17 23 33 26 34 37 1 0 41 28 22 9 49 
Agent: 17ids: 19 3 18 7 0 12 15 
Agent: 18ids: 24 14 45 9 38 21 39 36 7 25 16 2 35 4 26 28 3 11 8 49 15 
Agent: 19ids: 36 2 39 17 31 
Agent: 20ids: 47 34 45 31 26 24 43 0 48 28 41 23 30 42 2 38 25 27 5 36 9 29 15 18 21 12 
Agent: 21ids: 38 42 29 28 36 41 35 21 49 11 3 24 46 
Agent: 22ids: 7 38 30 46 39 33 24 5 43 48 41 31 44 19 18 11 47 
Agent: 23ids: 8 27 17 10 14 20 33 18 15 21 11 46 29 7 42 28 4 16 23 3 48 37 40 36 45 35 49 24 19 38 
Agent: 24ids: 14 46 35 12 8 22 2 37 33 0 49 44 3 7 34 21 24 18 30 48 16 10 19 4 47 42 5 39 45 38 40 41 29 32 23 25 17 6 27 28 43 1 31 9 11 20 
Agent: 25ids: 38 27 35 33 43 37 18 22 13 2 4 25 19 1 48 46 10 49 16 28 7 11 15 47 9 39 32 34 44 20 5 12 8 24 
Agent: 26ids: 7 38 19 35 47 5 11 36 34 46 44 13 40 18 0 41 23 16 22 
Agent: 27ids: 45 
Agent: 28ids: 42 40 25 10 49 31 41 11 46 47 39 9 36 48 28 27 4 7 5 22 34 38 12 35 8 18 29 19 16 23 21 15 26 33 24 2 45 13 1 37 
Agent: 29ids: 15 5 22 32 13 45 18 42 27 39 10 44 40 47 20 1 41 31 38 17 6 25 2 46 14 23 37 8 43 34 12 48 11 0 3 26 24 49 4 9 19 
Agent: 30ids: 27 21 41 5 10 3 19 30 22 31 24 36 33 17 0 26 47 
Agent: 31ids: 12 48 38 21 44 37 13 39 32 14 2 20 11 7 1 4 19 40 22 10 17 49 33 29 15 5 42 3 26 27 23 35 25 46 36 31 6 47 
Agent: 32ids: 30 39 26 19 1 29 36 8 21 5 20 9 33 44 
Agent: 33ids: 34 32 30 14 9 47 26 20 43 16 
Agent: 34ids: 1 47 28 37 22 45 13 40 16 44 31 7 48 6 42 41 26 18 46 12 36 
Agent: 35ids: 46 45 48 36 1 2 29 41 49 31 32 25 47 22 21 33 23 44 20 19 9 37 4 38 12 34 39 18 11 35 26 6 13 15 16 40 30 0 28 5 7 3 14 17 
Agent: 36ids: 46 33 47 3 9 26 28 20 30 1 13 12 48 7 19 44 0 40 
Agent: 37ids: 38 13 28 8 14 30 36 27 39 47 20 19 40 21 49 6 18 31 37 23 22 24 2 15 29 7 32 34 42 1 11 9 
Agent: 38ids: 12 44 42 15 21 45 34 25 17 11 13 32 38 39 46 16 20 19 48 24 49 37 30 3 2 14 10 6 1 
Agent: 39ids: 30 28 18 7 19 17 41 6 10 0 3 40 22 42 13 11 44 33 45 27 36 21 47 37 16 4 46 31 48 8 25 12 23 29 20 35 9 
Agent: 40ids: 26 14 25 9 0 31 17 7 24 35 36 37 13 10 38 42 40 18 4 
Agent: 41ids: 1 21 35 49 9 48 38 41 8 3 10 6 20 7 24 23 25 0 30 28 39 11 42 2 17 34 33 13 45 43 47 40 31 15 19 26 16 44 
Agent: 42ids: 42 
Agent: 43ids: 18 3 28 44 42 9 4 19 46 7 33 47 25 16 48 22 26 
Agent: 44ids: 44 33 7 26 9 46 12 22 1 49 3 28 27 43 20 23 8 2 4 17 41 24 30 31 45 39 15 14 48 38 10 32 34 29 0 13 6 18 35 
Agent: 45ids: 23 43 48 25 44 27 31 47 17 32 38 
Agent: 46ids: 24 42 23 25 36 4 44 2 34 41 6 21 30 7 9 0 14 29 31 35 12 
Agent: 47ids: 43 42 8 1 14 30 26 36 48 35 49 12 47 22 37 41 4 15 40 45 33 11 44 13 0 16 20 29 34 38 7 18 24 
Agent: 48ids: 1 44 39 37 8 16 12 
Agent: 49ids: 44 46 1 48 37 8 0 39 20 
0 0 10 17165.2 4115.89 4049.27 122933 94 560 4 
0 0 10 17044.7 4421.78 3622.87 75519.5 63 390 3 
0 0 10 14391.3 2435.13 2956.17 61810.9 48 370 1 
3 1 10 14411.6 2489.62 2921.95 60030.8 48 360 1 
4 2 10 14346.6 2434.85 2911.75 59347.7 48 360 1 
6 3 10 13998.9 2165.48 2833.47 47388 45 250 2 
11 8 10 14256.3 2431.43 2824.85 52266.3 45 230 2 
15 11 10 13869.2 2092.54 2776.68 33778.2 44 210 3 
16 12 10 13808.3 2049.21 2759.1 33595.8 44 210 3 
18 13 10 13876.2 2180.47 2695.72 35636.1 44 200 3 
20 15 10 13817.1 2180.47 2636.65 35297.4 44 190 4 
22 17 10 13725.6 2099.3 2626.27 34433.5 43 190 4 
28 22 10 13503.9 2071.06 2432.85 28672.5 41 180 4 
28 23 10 13500.7 2071.06 2429.6 28655.4 41 180 4 
30 24 10 13402.3 1977.41 2424.88 28655.4 41 180 4 
50 42 10 13735.3 2771.7 1963.56 30968.7 41 110 3 
55 47 10 13687.2 2777.99 1909.23 31056.1 41 110 4 
58 49 10 13726.4 2834.97 1891.44 32011.9 41 70 2 
63 54 10 13222.9 2429.53 1793.41 26789.1 41 50 3 
65 56 10 13308.1 2540.76 1767.38 27425.8 40 20 1 
67 58 10 13207 2443.12 1763.91 26612.6 40 20 1 
67 58 10 13206.8 2443.12 1763.65 26618 40 20 1 
68 59 10 13278 2545.23 1732.75 27625.1 40 20 1 
69 60 10 13277.6 2545.23 1732.34 27635.4 40 20 1 
71 61 10 13202.7 2477.59 1725.11 27352.5 39 20 1 
77 66 10 13003 2387.58 1615.41 27162.3 39 20 1 
79 68 10 13002.1 2387.58 1614.49 27164.5 39 20 1 
137 122 10 12698.2 2293.86 1404.34 25203.5 38 20 1 
140 125 10 12523.3 2120.42 1402.88 24577.4 38 10 1 
154 138 10 12764.3 2382.88 1381.39 25134.2 38 10 1 
159 142 10 12764.1 2382.88 1381.25 25122.2 38 10 1 
162 145 10 12763.3 2382.88 1380.4 25123.1 38 10 1 
512 474 10 11496.7 1407.51 1089.24 12803.1 22 10 1 
618 576 10 11386.1 1320.04 1066.05 11541.8 20 10 1 
634 590 10 11204.1 1160.28 1043.82 10122.8 17 10 1 
768 716 10 10939.6 962.097 977.485 6619.59 11 0 0 
884 833 10 10602.4 702.413 900.007 5558.13 11 0 0 
1690 1645 10 10033.9 191.036 842.857 1556.66 2 0 0 
1698 1653 10 9984 150.548 833.451 702.831 1 0 0 
1701 1657 10 9906.87 77.1707 829.698 0 0 0 0 
1721 1678 10 9828.94 0 828.937 0 0 0 0 
