0 0 10 17507.4 4575.34 3932.01 83017.1 91 360 4 
10 5 10 14034.2 2086.72 2947.5 36171.6 43 220 3 
11 7 10 13727.1 2044.72 2682.39 37551.5 42 210 3 
11 7 10 13916.3 2274.69 2641.65 42044 42 210 2 
14 9 10 13854.1 2228.49 2625.56 40625.9 42 210 2 
14 10 10 13497.7 1873.59 2624.15 28891.1 41 200 3 
16 11 10 13592.6 2005.33 2587.27 29319.6 41 160 3 
18 12 10 13570.4 2167.2 2403.22 31112.8 41 140 4 
19 13 10 13428.3 2058.64 2369.68 29976 41 140 5 
20 13 10 13172.3 1875.21 2297.13 27804.4 41 100 4 
59 43 10 12997.9 1794.78 2203.15 26243.2 39 100 2 
60 44 10 13026.8 1837.44 2189.4 24192.1 39 20 1 
62 45 10 12668.1 1489.07 2179.02 21812.9 39 10 1 
591 458 10 13197.8 2488.31 1709.46 23218.5 37 10 1 
834 650 10 11795.4 1635.44 1159.96 16047.5 22 10 1 
895 699 10 11143.6 1193.49 950.078 10161.5 14 10 1 
1397 1103 10 10599.8 654.458 945.337 6487.19 9 0 0 
1417 1120 10 10542.9 658.343 884.604 7028.78 9 0 0 
3798 3050 10 10383 500.383 882.617 3104.67 5 0 0 
3834 3079 10 10191.5 329.513 861.937 2190.93 5 0 0 
3887 3123 10 10105.7 244.7 860.958 2157.58 4 0 0 
4275 3442 10 9976.59 132.75 843.843 1111.69 2 0 0 
4304 3466 10 9900.48 65.1231 835.362 328.071 1 0 0 
4714 3801 10 9897.45 66.2015 831.25 1036 1 0 0 
4726 3810 10 9896.82 66.9572 829.861 745.507 1 0 0 
4763 3840 10 9828.94 0 828.937 0 0 0 0 
