0 0 10 17142.9 3913.45 4229.41 122273 89 680 4 
0 0 10 15247.1 2951.82 3295.32 72394.3 54 360 2 
2 0 10 15853 3574.14 3278.81 62327.3 51 360 3 
3 1 10 15885.5 3615.46 3270.08 63494.4 51 360 3 
3 1 10 15820.8 3556.49 3264.34 62732 51 360 3 
3 1 10 15705.8 3452.37 3253.4 61578.7 50 360 3 
5 2 10 15371.2 3285.29 3085.9 62659.7 50 300 2 
6 3 10 15253.7 3194.63 3059.09 59903.1 49 290 2 
10 7 10 14556.8 2799.01 2757.81 39976.4 43 280 4 
11 8 10 14551.7 2799.01 2752.64 39944.9 43 280 4 
12 8 10 14524.9 2799.01 2725.88 39897.6 43 280 4 
12 9 10 14483.4 2786.61 2696.84 38692.6 43 260 4 
13 9 10 14379.1 2732.03 2647.09 41779.4 42 260 4 
14 10 10 14376.6 2732.03 2644.54 41783.3 42 260 4 
16 12 10 14234.6 2603.07 2631.56 41348.1 42 260 4 
20 15 10 13996.8 2499.18 2497.64 49142.1 41 250 2 
23 18 10 13901.2 2403.87 2497.36 48018.7 40 250 2 
23 18 10 13851.4 2403.87 2447.49 47362 40 250 2 
26 20 10 13708.2 2288.35 2419.84 34164.3 40 180 3 
26 20 10 13658.3 2288.35 2369.9 34401.7 40 180 3 
35 28 10 13574.9 2269.3 2305.62 33754.1 38 170 3 
36 29 10 13487 2197.34 2289.69 33271.7 37 160 3 
37 29 10 13337.7 2067.01 2270.73 30344.1 37 100 2 
38 30 10 13336.3 2067.01 2269.25 30341.7 37 100 2 
70 57 10 12359.9 1411.14 1948.79 20853.2 32 90 2 
113 93 10 11751.7 1070.48 1681.22 17126.5 31 90 3 
229 196 10 11872.3 1643.42 1228.88 19226.1 30 90 4 
288 251 10 11987.4 1770.21 1217.15 17493 29 90 3 
289 252 10 11900.2 1683.21 1216.98 16880.4 27 90 3 
295 257 10 11898.6 1683.21 1215.43 16883.1 27 90 3 
296 258 10 12005.1 1820.38 1184.76 17652 26 90 3 
298 260 10 12003.6 1820.38 1183.22 17654.6 26 90 3 
305 266 10 11885.2 1728.99 1156.16 16878.1 25 90 3 
306 267 10 11766.1 1637.12 1128.99 16031 24 90 3 
311 271 10 11672.9 1544.19 1128.73 15038.5 23 90 3 
341 300 10 11550.9 1440.96 1109.95 13151.4 23 90 4 
341 300 10 11573.5 1467.58 1105.95 13431.8 23 90 4 
342 301 10 11565.6 1467.58 1098.03 13392.3 23 90 4 
345 304 10 11376.4 1285.06 1091.32 12762.1 21 90 4 
347 306 10 11281.8 1194.21 1087.62 11968.3 20 90 4 
423 377 10 11203.5 1137.44 1066.1 10418.6 19 50 2 
693 632 10 10805 758.126 1046.84 6443.15 13 50 2 
695 633 10 10717.4 698.126 1019.25 5603.22 12 50 1 
708 647 10 10528 515.901 1012.11 4194.28 9 50 2 
723 661 10 10392.9 423.732 969.138 3440.29 8 50 1 
920 852 10 10401.8 445.738 956.013 3576.55 7 50 1 
935 868 10 10335.2 406.024 929.17 4033.14 6 50 1 
1028 961 10 10445.8 531.489 914.356 3662.29 6 40 2 
2422 2319 10 10126.7 213.956 912.771 1282.22 3 40 2 
3130 3012 10 10233.7 321.337 912.366 1555.03 3 30 1 
3133 3014 10 10166.4 257.832 908.53 1341.31 2 30 1 
3166 3046 10 10079.3 191.437 887.909 496.481 1 30 1 
4708 4551 10 9895.57 67.3556 828.211 291.674 1 0 0 
