0 0 10 17876.6 4788.81 4087.77 117995 92 400 4 
2 0 10 16921.4 4484.42 3437.01 75260.9 65 330 5 
4 1 10 16376.6 4095.26 3281.37 70404.5 62 330 5 
4 1 10 16142.3 3890.41 3251.86 68468.6 56 330 3 
5 2 10 14490.5 2487.45 3003.02 47794.4 45 240 3 
6 3 10 14450.2 2492.01 2958.22 46257.9 44 230 3 
6 3 10 14072.9 2257.29 2815.65 44336 44 230 4 
8 4 10 14077.9 2272.34 2805.51 44387.9 43 230 3 
9 5 10 14119.3 2394.91 2724.37 44408.6 41 210 3 
10 6 10 14117.4 2394.91 2722.45 44404.8 41 210 3 
10 6 10 14111 2406.78 2704.22 44369.9 41 200 3 
11 7 10 14072.8 2395.75 2677.04 44116.1 41 170 3 
12 8 10 14136.8 2480.96 2655.83 44380.9 41 160 2 
12 8 10 14125.8 2480.96 2644.85 45001.7 41 150 2 
13 8 10 14123.6 2480.96 2642.63 44979.8 41 150 2 
15 10 10 14123.6 2510.03 2613.56 44979.8 41 150 2 
15 10 10 14123.6 2528.07 2595.52 44979.8 41 150 2 
16 11 10 14118.3 2528.07 2590.2 44988.6 41 150 2 
18 12 10 13968.3 2395.24 2573.06 43560.7 40 150 2 
19 13 10 13875.4 2340.37 2534.98 43416.1 40 150 2 
21 15 10 13527.6 2323.94 2203.69 30687.6 36 80 2 
21 15 10 13525.6 2323.94 2201.7 30679.6 36 80 2 
22 16 10 13368.4 2183.66 2184.74 29095.9 32 50 2 
41 32 10 12372.3 1659.42 1712.88 19885.3 29 50 3 
42 33 10 12270.7 1559.97 1710.71 19663.3 28 50 3 
43 34 10 12267 1559.97 1707.02 19258.4 28 50 3 
44 35 10 12267 1562.14 1704.85 19258.4 28 50 3 
45 36 10 12261.8 1562.14 1699.7 19228.2 27 50 3 
60 48 10 12217.4 1575.78 1641.58 19309.8 27 20 1 
63 51 10 12289.7 1674.28 1615.43 19943.7 27 20 1 
64 52 10 12192 1580.71 1611.33 19854.7 27 20 1 
228 203 10 11727.9 1400.46 1327.4 15757.6 22 20 1 
230 205 10 11654 1352.73 1301.25 14894.2 22 20 1 
277 250 10 11364.6 1154.93 1209.62 12134.9 21 10 1 
303 276 10 11215.9 1091.21 1124.73 11077 21 10 1 
697 650 10 10321.2 397.792 923.447 4433.08 9 10 1 
700 653 10 10320.5 397.792 922.676 4429.87 9 10 1 
722 674 10 10552.1 635.511 916.628 4429.87 9 10 1 
732 683 10 10461.1 544.747 916.344 3522.66 8 10 1 
2827 2712 10 10228.5 313.755 914.72 3588.1 8 10 1 
2850 2734 10 10062.6 153.735 908.862 2474.6 6 10 1 
2901 2783 10 9928.58 63.8673 864.71 2044.63 5 10 1 
4152 4019 10 10291.2 429.576 861.578 3596.32 5 0 0 
4152 4019 10 10287 429.576 857.414 3619.83 5 0 0 
4503 4360 10 10212.9 364.237 848.687 2845.09 4 0 0 
4662 4515 10 10013.6 181.677 831.959 1036.98 3 0 0 
