0 0 10 18776.5 5712.89 4063.6 117345 83 770 4 
0 0 10 16280.1 4065.79 3214.29 73591.9 55 560 3 
1 0 10 15994.2 3852.95 3141.28 65476.5 54 500 3 
4 1 10 15890.9 3834.78 3056.1 65986.2 52 470 3 
5 2 10 15880.4 3834.78 3045.65 64303 52 430 3 
8 5 10 14857.7 2848.77 3008.91 48974.4 50 290 3 
13 9 10 15037.1 3140.18 2896.9 46269 49 220 2 
19 14 10 15014.2 3123.59 2890.64 45502.7 49 210 2 
27 21 10 13996.8 2657.71 2339.07 34393.2 43 150 4 
28 22 10 13994.4 2657.71 2336.69 34382.9 43 150 4 
28 22 10 13867 2558.31 2308.74 32708.1 42 130 3 
45 37 10 13672.4 2661.86 2010.54 28818.8 42 100 3 
48 39 10 13580 2572 2008.04 27739.2 41 90 3 
81 68 10 12971 2263.42 1707.58 23644 40 80 4 
124 105 10 12658.6 2016.64 1642 25900.5 39 60 2 
125 106 10 12609 1973.26 1635.76 25728.5 38 60 2 
255 222 10 12510.2 1896.69 1613.5 19956.5 26 60 2 
256 223 10 12509.7 1896.69 1613.05 19955.3 26 60 2 
287 251 10 11705.1 1294.35 1410.76 12458.2 23 30 2 
287 251 10 11653.5 1244.35 1409.16 12193.9 21 30 2 
1401 1272 10 11098.5 928.14 1170.32 7757.03 15 30 1 
1407 1279 10 11406.1 1323.34 1082.71 8744.87 13 30 2 
1571 1439 10 10594.3 564.272 1029.99 4500.42 10 20 1 
1713 1577 10 10341.3 360.272 981.03 3408.31 7 20 1 
1879 1735 10 10457 515.901 941.127 3416.84 7 20 1 
1896 1753 10 10485.2 547.172 938.073 3303.71 7 10 1 
1928 1784 10 10393.8 479.209 914.585 3192.76 6 10 1 
1934 1790 10 10390.2 479.209 911.027 3180.05 6 10 1 
2006 1861 10 10318.2 411.015 907.164 1877.43 4 10 1 
