Agent: 0ids: 15 34 33 30 20 23 31 28 32 43 24 26 11 49 22 27 45 9 38 17 46 0 12 44 3 40 37 
Agent: 1ids: 23 46 0 20 31 47 30 40 29 35 
Agent: 2ids: 30 3 6 49 11 28 7 9 10 16 44 2 34 5 14 42 
Agent: 3ids: 0 5 46 35 47 3 
Agent: 4ids: 6 33 20 23 40 38 19 25 15 26 28 5 16 1 43 34 11 
Agent: 5ids: 43 37 0 36 38 45 16 19 13 28 44 47 29 20 7 39 34 25 14 9 3 15 10 
Agent: 6ids: 24 31 7 44 33 5 35 36 43 32 48 4 17 22 29 38 13 47 23 37 27 28 21 20 1 
Agent: 7ids: 31 13 47 43 34 19 1 23 32 10 24 40 15 5 7 36 37 30 38 3 11 33 25 48 28 12 26 2 14 4 27 17 21 22 41 9 29 
Agent: 8ids: 6 2 23 29 
Agent: 9ids: 10 21 24 3 44 40 14 20 42 33 30 37 0 29 9 46 16 1 28 22 2 32 
Agent: 10ids: 44 6 22 21 43 42 9 11 1 19 26 5 46 32 39 33 2 47 4 24 38 36 40 12 25 
Agent: 11ids: 46 6 10 1 
Agent: 12ids: 40 30 5 37 31 32 16 19 27 13 43 17 12 35 15 0 28 3 36 26 14 2 
Agent: 13ids: 19 40 12 45 17 41 49 4 14 37 31 42 0 9 10 6 26 18 34 8 48 5 35 36 16 32 27 20 29 23 
Agent: 14ids: 37 38 16 32 3 42 2 1 5 40 26 24 15 29 43 27 8 4 35 31 49 19 
Agent: 15ids: 38 17 35 
Agent: 16ids: 9 37 49 41 23 5 45 24 6 14 10 39 22 0 38 35 25 
Agent: 17ids: 30 8 2 4 10 18 6 43 20 19 45 29 44 1 12 15 16 23 13 22 7 34 9 0 36 35 17 24 40 39 3 46 11 49 21 27 41 25 42 28 48 14 
Agent: 18ids: 2 27 33 11 6 39 32 37 46 7 29 24 30 3 28 19 34 35 48 10 26 44 38 23 31 21 49 36 4 14 45 15 22 8 1 25 13 47 17 41 43 
Agent: 19ids: 41 32 27 14 37 39 6 38 20 35 42 4 28 19 17 21 40 36 25 31 0 45 26 13 47 30 8 5 23 12 9 18 44 34 15 46 3 11 33 29 
Agent: 20ids: 1 38 21 16 34 43 33 6 36 25 17 39 13 37 41 32 49 44 29 20 27 45 35 19 2 14 31 3 15 24 46 0 30 
Agent: 21ids: 40 13 7 16 8 14 10 41 46 1 24 2 23 0 6 37 36 38 32 42 25 49 12 4 35 44 29 30 3 47 18 48 28 27 31 33 39 45 34 11 21 
Agent: 22ids: 34 10 44 11 24 8 3 4 7 18 41 33 0 43 9 31 15 25 26 13 1 30 47 21 37 45 5 42 36 40 17 12 14 16 49 27 32 22 29 23 39 46 2 35 28 19 20 38 6 
Agent: 23ids: 19 16 45 17 8 46 22 26 11 48 1 33 47 37 40 49 5 14 18 34 30 32 7 27 10 20 21 3 42 
Agent: 24ids: 0 24 11 10 39 29 17 20 32 33 9 37 18 49 36 2 16 3 45 23 15 
Agent: 25ids: 38 40 14 20 0 18 47 41 7 26 3 16 13 6 8 12 44 27 21 24 
Agent: 26ids: 40 21 31 
Agent: 27ids: 23 21 
Agent: 28ids: 13 16 44 6 19 4 32 7 36 12 46 1 8 49 2 
Agent: 29ids: 26 29 32 2 28 44 35 15 0 46 24 14 25 37 49 6 20 41 23 33 4 30 21 1 31 27 47 17 8 45 34 5 16 48 3 11 39 36 10 12 22 42 9 13 40 18 43 19 
Agent: 30ids: 33 27 34 4 48 28 29 3 17 47 16 31 21 15 41 43 7 38 13 20 30 19 36 2 14 45 0 40 24 49 42 6 44 32 9 
Agent: 31ids: 3 29 31 19 11 45 33 47 1 2 0 26 15 8 23 5 27 34 44 22 18 30 17 35 10 13 38 42 9 32 37 25 20 4 16 46 43 49 39 41 14 24 7 28 36 48 12 
Agent: 32ids: 26 29 37 30 14 23 22 
Agent: 33ids: 14 13 16 30 48 28 15 46 26 23 18 49 44 35 38 8 43 5 47 17 1 0 25 40 34 21 7 6 45 33 22 3 29 37 39 19 42 
Agent: 34ids: 22 21 42 47 39 15 32 35 41 11 34 49 
Agent: 35ids: 28 16 1 29 47 14 10 43 46 11 13 19 23 49 27 3 26 7 45 41 0 30 22 34 15 8 21 38 33 4 18 36 48 5 9 40 
Agent: 36ids: 23 7 45 29 1 11 27 43 24 3 33 47 8 42 49 20 32 17 30 35 9 6 15 4 25 2 39 10 0 14 48 38 12 37 40 22 36 41 26 44 
Agent: 37ids: 47 5 12 13 33 40 19 43 
Agent: 38ids: 39 21 22 20 25 5 13 10 48 34 6 49 40 18 47 38 19 16 9 42 1 32 31 37 43 28 29 24 35 23 30 36 0 11 33 8 15 44 7 27 
Agent: 39ids: 23 46 26 20 40 13 47 11 22 32 41 31 27 7 9 17 3 34 6 19 8 25 36 
Agent: 40ids: 37 5 2 3 20 1 24 4 35 7 32 40 47 41 17 28 34 0 19 12 49 38 29 8 
Agent: 41ids: 9 1 45 33 0 39 
Agent: 42ids: 42 20 41 14 7 13 34 36 49 16 29 47 43 3 8 18 35 10 12 22 39 26 15 40 2 38 24 27 5 28 44 6 33 48 23 0 
Agent: 43ids: 25 16 45 9 42 28 0 37 5 2 11 7 12 22 34 24 48 20 1 17 15 43 49 33 47 44 8 26 23 35 6 10 13 41 38 29 19 31 27 36 3 14 18 30 40 21 
Agent: 44ids: 25 29 39 36 6 22 31 43 38 48 5 18 16 46 27 33 40 7 4 24 
Agent: 45ids: 6 
Agent: 46ids: 32 9 13 0 24 28 45 4 17 20 48 
Agent: 47ids: 19 0 26 34 38 29 27 10 28 16 25 13 
Agent: 48ids: 3 7 24 10 32 12 2 15 4 11 49 40 33 26 17 20 13 48 46 22 19 14 45 
Agent: 49ids: 42 31 15 35 44 29 20 8 32 38 33 23 49 17 40 
0 0 10 16613 3570.49 4042.47 135201 94 650 2 
2 0 10 16741.8 4296.32 3445.47 73366.6 58 320 4 
4 1 10 15099.3 2832.07 3267.19 64707.2 53 300 4 
8 5 10 15658.2 3469.09 3189.08 51105.6 51 290 4 
15 11 10 13777.1 2277.2 2499.94 35784 42 290 3 
17 13 10 13729.4 2238.34 2491.03 35813.8 42 290 3 
17 13 10 13423.6 1933.09 2490.56 31285 38 210 3 
19 14 10 13324.2 1851.08 2473.11 30263 37 190 3 
21 16 10 13166.3 1713.08 2453.21 27994 37 180 3 
24 18 10 13119.3 1699.04 2420.27 27290.5 36 180 3 
26 21 10 13215.5 1851.68 2363.85 27505.4 36 170 3 
27 22 10 13226.2 1892.72 2333.44 27796.8 36 170 3 
28 22 10 13165.8 1851.68 2314.13 27611.7 36 170 3 
30 25 10 13274.1 1971.59 2302.55 28302.1 36 140 3 
34 27 10 13036.9 1746.9 2290.04 25259.6 32 120 3 
34 28 10 13000.9 1747.2 2253.73 23421.9 31 90 2 
50 41 10 12634.7 1654.21 1980.44 20835.5 30 60 2 
51 42 10 12532.7 1573.78 1958.96 20257.5 29 20 2 
64 53 10 12455.8 1649.82 1805.97 19383.2 29 20 1 
81 68 10 11919 1350.9 1568.12 14687.3 26 0 0 
83 69 10 11883.5 1317.49 1566.01 14254.5 26 0 0 
645 613 10 11156 1080.55 1075.47 9618.06 21 0 0 
872 840 10 11274.7 1208.49 1066.2 10039.7 18 0 0 
922 889 10 11100.5 1055.86 1044.64 8449.56 16 0 0 
1081 1048 10 11021.4 1007.76 1013.64 9991.65 16 0 0 
2884 2857 10 11148.2 1173.39 974.77 10468.5 15 0 0 
4294 4274 10 10933.7 984.699 948.952 9773.15 15 0 0 
4365 4343 10 10830.9 901.477 929.472 6944.36 14 0 0 
