0 0 19 5867.65 1210.44 3657.21 23865.8 93 128 2 
0 0 19 5175.3 1195.33 2979.97 11798.8 51 34 1 
1 0 19 5205.57 1274.29 2931.28 11362.7 44 9 1 
1 0 19 5007.95 1120.93 2887.03 8267.82 42 0 0 
5 1 19 5031.04 1151.29 2879.75 8048.35 42 0 0 
5 1 19 4827.17 1087.97 2739.2 8422.85 41 0 0 
7 2 19 4665.04 1025.89 2639.15 8565.31 40 0 0 
8 3 19 4652.32 1025.89 2626.43 8860 40 0 0 
10 3 19 4634.4 1028.28 2606.12 8478.71 39 0 0 
10 4 19 4630.31 1034.62 2595.69 8451.01 38 0 0 
10 4 19 4621.4 1034.62 2586.78 8176.39 38 0 0 
12 5 19 4625.75 1041.13 2584.63 8176.39 38 0 0 
12 5 19 4664.46 1141.39 2523.06 8032.58 38 0 0 
14 6 19 4658.77 1148.45 2510.33 8024.95 38 0 0 
15 7 19 4580.62 1110.61 2470.01 6019 37 0 0 
15 7 19 4410.05 1053.52 2356.54 5230.24 34 0 0 
15 7 19 4356.87 1043.32 2313.55 5059 31 0 0 
17 8 19 4383.94 1074.14 2309.79 5430.91 31 0 0 
17 8 19 4313.05 1016.43 2296.62 4769.13 30 0 0 
18 9 19 4311.16 1016.43 2294.73 4757.48 30 0 0 
19 9 19 4296.89 1002.75 2294.14 4736.97 29 0 0 
20 10 19 4317.03 1034.61 2282.42 4960.62 29 0 0 
25 13 19 4234.17 988.708 2245.46 2888.26 28 0 0 
29 15 19 4221.32 1008.55 2212.77 5003.02 27 0 0 
29 15 19 4165.93 971.497 2194.44 4214.72 27 0 0 
29 15 19 4134.41 962.339 2172.07 2842.79 26 0 0 
30 15 19 4134.41 968.216 2166.19 2842.79 26 0 0 
30 16 19 4098.94 937.728 2161.21 2684.97 26 0 0 
30 16 19 4134.41 977.884 2156.53 2798.3 25 0 0 
32 17 19 4071.93 937.576 2134.36 2979.94 25 0 0 
32 17 19 4068.5 953.282 2115.22 3158.85 25 0 0 
34 19 19 4074.51 978.099 2096.41 3536.7 25 0 0 
40 22 19 4024.86 994.606 2030.26 3529.15 25 0 0 
41 22 19 4013.36 986.18 2027.18 3365.64 24 0 0 
42 23 19 4055.17 1028.49 2026.68 3480.89 24 0 0 
43 24 19 4013.36 989.586 2023.77 3365.64 24 0 0 
44 24 19 4069.07 1050.24 2018.83 3471.17 24 0 0 
45 25 19 3963.41 1002.4 1961.02 2382.7 20 0 0 
45 25 19 3945.7 995.012 1950.69 2382.7 20 0 0 
116 73 19 3822.94 1079.91 1743.03 1358.66 20 0 0 
128 81 19 3747.48 1025.98 1721.5 2264.58 20 0 0 
138 88 19 3744.82 1032.21 1712.61 2233.31 20 0 0 
4788 3102 19 3759.76 1273.46 1486.3 1199.72 20 0 0 
5455 3531 19 3455.74 970.973 1484.77 1017.7 20 0 0 
5458 3533 19 3472.8 991.031 1481.77 1174.26 20 0 0 
5460 3535 19 3459.61 990.444 1469.17 966.919 20 0 0 
5468 3540 19 3465.13 998.227 1466.91 994.942 20 0 0 
5473 3543 19 3472.13 1005.98 1466.15 1035.36 20 0 0 
5477 3545 19 3526.74 1065.21 1461.52 1083.68 20 0 0 
5538 3585 19 3409.53 979.044 1430.48 1099.4 20 0 0 
5554 3596 19 3353.99 933.306 1420.68 1093.76 19 0 0 
