Agent: 0ids: 38 30 42 12 20 13 21 35 18 
Agent: 1ids: 16 21 7 34 36 26 11 19 4 41 39 42 1 
Agent: 2ids: 14 39 34 36 47 11 27 2 46 4 3 7 32 22 49 26 30 29 20 37 25 38 16 28 1 48 43 45 15 
Agent: 3ids: 0 6 38 44 7 21 5 36 13 2 19 35 40 23 11 46 49 37 39 14 47 31 17 42 34 12 30 48 28 29 3 18 41 9 25 16 43 32 15 10 8 22 20 33 4 27 45 
Agent: 4ids: 36 4 24 28 8 14 11 7 18 39 27 5 40 37 33 23 41 44 49 21 32 9 2 15 38 25 10 16 17 1 22 42 45 35 20 19 29 48 31 30 
Agent: 5ids: 23 18 4 44 28 14 41 25 38 43 45 16 33 31 21 15 
Agent: 6ids: 38 17 20 39 31 33 19 42 2 8 15 41 28 46 48 35 47 30 26 43 37 1 36 7 45 12 23 14 
Agent: 7ids: 2 
Agent: 8ids: 46 47 33 43 22 36 
Agent: 9ids: 20 40 44 10 
Agent: 10ids: 26 16 43 30 35 49 7 42 4 2 23 34 6 27 8 31 12 18 11 46 39 9 20 3 25 10 
Agent: 11ids: 4 37 22 48 49 7 1 32 17 12 30 31 34 9 27 13 3 39 2 41 47 19 40 6 38 23 5 18 33 21 44 14 36 15 11 24 20 28 10 26 46 43 45 42 29 0 16 25 
Agent: 12ids: 37 11 0 46 17 48 20 32 42 21 18 6 9 47 31 35 3 39 49 2 27 15 24 34 23 
Agent: 13ids: 1 43 31 2 33 29 38 12 
Agent: 14ids: 22 32 18 9 0 48 43 15 36 19 21 11 
Agent: 15ids: 40 42 11 46 23 18 28 
Agent: 16ids: 14 40 12 8 38 20 36 9 49 4 39 18 22 30 
Agent: 17ids: 43 35 33 32 44 36 5 45 27 40 38 1 18 39 16 3 11 37 31 17 20 19 14 26 47 22 7 48 15 41 
Agent: 18ids: 27 6 15 18 48 1 32 21 49 0 31 19 45 14 42 25 5 23 12 34 8 4 
Agent: 19ids: 7 19 18 10 49 28 14 17 22 35 31 8 38 
Agent: 20ids: 29 18 19 42 34 16 6 48 8 3 38 0 24 37 2 20 44 12 36 10 28 1 23 22 17 
Agent: 21ids: 4 46 11 33 41 24 22 20 23 10 37 43 45 31 39 30 12 47 15 19 3 7 48 13 49 
Agent: 22ids: 34 37 44 11 28 4 10 45 5 23 2 48 7 16 6 33 46 40 35 12 24 41 38 22 19 3 14 27 0 8 20 30 17 
Agent: 23ids: 15 48 42 39 16 3 44 22 6 34 45 26 49 2 4 46 43 35 5 38 25 7 10 
Agent: 24ids: 23 15 8 49 6 5 3 48 35 42 2 27 39 1 40 33 45 0 
Agent: 25ids: 44 49 17 31 39 16 36 25 0 41 35 4 6 21 18 43 2 14 38 11 24 19 33 27 26 
Agent: 26ids: 14 43 26 33 25 6 41 35 4 1 29 34 44 16 7 
Agent: 27ids: 10 19 13 1 
Agent: 28ids: 12 29 9 34 10 47 35 21 0 22 45 8 48 16 28 15 46 17 31 41 27 42 24 25 18 11 37 
Agent: 29ids: 22 16 33 20 35 7 28 49 47 12 24 11 38 8 40 26 
Agent: 30ids: 12 47 11 42 25 7 37 40 
Agent: 31ids: 6 7 4 31 28 38 49 9 3 30 39 36 22 47 24 20 17 26 13 15 46 33 41 45 21 23 35 48 16 1 0 25 18 32 19 14 12 5 44 34 8 43 42 29 10 
Agent: 32ids: 33 12 28 10 42 23 26 32 47 14 39 30 15 2 45 35 34 11 25 5 19 37 3 38 17 21 49 44 9 22 36 46 8 0 
Agent: 33ids: 44 31 33 15 2 40 14 8 7 18 38 1 36 32 20 29 25 45 35 24 46 47 19 26 34 17 
Agent: 34ids: 22 48 29 24 34 3 46 26 1 45 27 16 20 12 6 7 43 13 21 35 4 39 47 2 19 28 25 41 9 36 0 49 15 17 32 33 14 
Agent: 35ids: 42 16 1 30 47 15 38 14 49 44 3 48 17 4 26 45 9 39 19 32 18 11 8 25 13 22 28 37 10 43 35 2 36 
Agent: 36ids: 43 48 41 35 18 1 8 32 34 12 20 31 39 42 24 7 21 16 10 2 37 40 38 4 25 46 28 29 36 23 22 14 19 45 30 5 3 15 6 17 49 13 0 27 26 9 33 47 11 
Agent: 37ids: 32 36 39 17 49 12 4 14 47 21 42 10 29 44 46 43 48 13 20 34 0 7 38 3 19 30 9 35 27 23 26 40 41 28 31 33 15 1 45 2 5 37 6 22 25 11 
Agent: 38ids: 19 2 9 38 25 47 13 3 32 4 18 28 0 16 31 
Agent: 39ids: 2 49 9 32 42 18 36 48 3 4 13 24 23 44 6 7 26 5 34 10 0 8 45 11 39 25 
Agent: 40ids: 36 43 19 28 3 31 39 22 0 49 13 
Agent: 41ids: 10 46 2 42 18 25 29 28 14 40 
Agent: 42ids: 22 39 40 10 20 24 12 43 34 44 15 29 26 19 23 46 
Agent: 43ids: 48 12 2 37 25 41 35 7 17 9 11 21 22 34 33 49 47 3 4 26 28 13 
Agent: 44ids: 11 20 25 32 34 28 18 46 9 3 44 2 14 19 0 8 29 39 23 26 17 12 48 24 40 43 13 38 10 37 27 6 5 49 30 16 47 42 33 4 21 35 22 41 31 36 15 7 
Agent: 45ids: 16 39 24 49 25 46 41 36 44 34 19 11 20 8 4 14 31 
Agent: 46ids: 26 18 34 28 14 11 35 8 42 45 29 40 33 5 32 
Agent: 47ids: 27 49 34 35 21 26 22 45 31 46 33 24 3 17 
Agent: 48ids: 14 38 
Agent: 49ids: 35 16 49 0 37 26 48 2 31 9 19 
0 0 19 5753.31 1126.45 3626.87 34224.8 90 242 2 
0 0 19 5070.63 1236.57 2834.06 11604.4 46 0 0 
4 0 19 4789.53 1061.89 2727.65 8275.42 46 0 0 
5 1 19 4739.23 1178.85 2560.38 7396.85 39 0 0 
6 2 19 4665.06 1112.92 2552.14 7286.99 39 0 0 
6 2 19 4617.25 1082.54 2534.71 6813.14 38 0 0 
6 2 19 4611.16 1109.61 2501.55 6763.2 38 0 0 
7 2 19 4607.77 1133.26 2474.5 6630.04 37 0 0 
10 4 19 4646.52 1211.36 2435.16 6795.94 36 0 0 
10 4 19 4615.26 1191.77 2423.5 6492.63 35 0 0 
12 5 19 4488.13 1122.89 2365.24 6601.58 35 0 0 
13 6 19 4419.12 1166.21 2252.91 5488.93 35 0 0 
15 7 19 4170.09 1054.65 2115.44 5612.24 35 0 0 
15 7 19 4083.64 1006.8 2076.84 5535.61 35 0 0 
16 8 19 4053.66 1001.7 2051.96 5676.02 35 0 0 
19 9 19 3941.19 913.887 2027.31 2826.82 32 0 0 
19 9 19 3936.7 922.484 2014.21 2853.83 32 0 0 
20 10 19 3925.73 924.916 2000.82 2842.67 31 0 0 
22 11 19 3876.49 875.813 2000.68 3703.56 30 0 0 
22 11 19 3922.52 981.966 1940.55 3011.76 30 0 0 
24 12 19 3906.71 980.986 1925.72 2936.35 28 0 0 
27 14 19 3903.05 991.467 1911.59 3022.99 28 0 0 
28 15 19 3872.78 977.733 1895.05 2955.56 27 0 0 
52 29 19 3860.54 1184.15 1676.39 2115.28 27 0 0 
56 32 19 3843.92 1171.03 1672.89 1968.88 26 0 0 
86 51 19 3674.82 1060.09 1614.73 1734.2 26 0 0 
87 52 19 3750.28 1156.36 1593.93 1511.78 26 0 0 
87 52 19 3813.08 1238.46 1574.62 1605.93 26 0 0 
88 52 19 3641.51 1071.5 1570.01 1798.4 26 0 0 
103 63 19 3587.58 1037.03 1550.55 1675.39 26 0 0 
114 70 19 3587.58 1068.37 1519.21 1675.39 26 0 0 
125 78 19 3721.74 1203.2 1518.54 1842.62 26 0 0 
125 78 19 3683.26 1169.33 1513.93 1501.82 24 0 0 
135 84 19 3701.13 1187.65 1513.48 1436.88 24 0 0 
140 88 19 3685.09 1175.22 1509.87 1487.99 24 0 0 
142 90 19 3687.66 1178.59 1509.08 1453.91 24 0 0 
147 92 19 3683.52 1180.39 1503.13 1403 24 0 0 
174 110 19 3642.2 1148.65 1493.54 1408.5 24 0 0 
182 116 19 3642.2 1150.45 1491.75 1401.56 24 0 0 
184 117 19 3640.79 1154.23 1486.56 1310.44 24 0 0 
187 119 19 3658.14 1172.05 1486.08 1432.07 24 0 0 
188 120 19 3632.31 1146.24 1486.07 1352.73 24 0 0 
197 126 19 3672.49 1189.42 1483.07 1500.19 24 0 0 
217 139 19 3668.14 1188.24 1479.9 1454.89 24 0 0 
228 147 19 3634.68 1164.28 1470.4 1333.36 24 0 0 
243 157 19 3634.09 1164.98 1469.11 1334.6 24 0 0 
244 158 19 3634.68 1166.07 1468.61 1326.43 24 0 0 
269 174 19 3633.18 1166.07 1467.11 1347.47 24 0 0 
293 190 19 3534.47 1067.38 1467.1 1373.7 24 0 0 
304 198 19 3649.47 1183.17 1466.3 1506.98 24 0 0 
312 203 19 3540 1075.07 1464.92 1450.59 24 0 0 
360 235 19 3633.65 1169.67 1463.98 1433.83 24 0 0 
418 274 19 3663.7 1200.76 1462.94 1211.34 24 0 0 
423 277 19 3673.74 1225.93 1447.81 1253.18 24 0 0 
423 278 19 3764.18 1319.22 1444.96 1206.42 24 0 0 
596 392 19 3686.6 1245.92 1440.68 1513.98 22 0 0 
1008 661 19 3508.97 1092.91 1416.06 1599.4 22 0 0 
1085 712 19 3382.02 985.919 1396.1 1589.78 22 0 0 
1444 945 19 3308.66 934.991 1373.67 1543.77 22 0 0 
1467 960 19 3306.67 942.444 1364.23 1717.86 22 0 0 
1758 1149 19 3298.03 943.69 1354.34 1621.17 22 0 0 
2111 1381 19 3223.2 875.685 1347.52 1457.33 22 0 0 
2649 1733 19 3150.57 804.049 1346.52 1264.99 22 0 0 
2662 1742 19 3146.32 800.8 1345.52 1242.24 21 0 0 
2706 1772 19 3142.07 808.855 1333.22 1241.11 21 0 0 
2735 1791 19 3043.12 716.877 1326.24 1276.06 21 0 0 
3103 2035 19 3153.91 830.535 1323.37 1245.06 21 0 0 
