0 0 19 6554.1 1648.39 3905.72 26820.4 88 143 2 
0 0 19 5467.31 1176.56 3290.75 14677 51 86 2 
0 0 19 5127.79 1191 2936.79 10481.6 44 7 1 
4 1 19 5048.51 1407.06 2641.44 9419.02 42 3 1 
5 1 19 5032.36 1395.87 2636.49 8925.47 42 3 1 
7 3 19 4781.01 1228.5 2552.51 8527.86 39 0 0 
8 3 19 4732.43 1193.47 2538.96 8021.51 38 0 0 
10 4 19 4690.55 1161.58 2528.97 6012.72 38 0 0 
13 6 19 4704.65 1184.58 2520.06 6258.07 35 0 0 
14 7 19 4507.46 1251.82 2255.64 6162.24 35 0 0 
16 8 19 4399.45 1206.55 2192.91 5283.88 35 0 0 
26 14 19 4286.65 1095.52 2191.13 5455.07 34 0 0 
27 15 19 4274.42 1095.52 2178.9 5404.99 34 0 0 
28 15 19 4238.05 1087.3 2150.74 5146.02 34 0 0 
28 15 19 4234.74 1098.72 2136.02 4699.04 33 0 0 
31 17 19 4241.59 1110.21 2131.39 4705.89 33 0 0 
38 21 19 4113.24 998.583 2114.66 3790.34 33 0 0 
39 22 19 4191.04 1100.85 2090.19 3260.87 33 0 0 
41 23 19 4117.27 1055.74 2061.53 2792.48 32 0 0 
43 24 19 4052.53 1021.07 2031.46 2507.79 30 0 0 
49 27 19 3969.55 1026.01 1943.54 4030.34 30 0 0 
54 31 19 3863.8 922.599 1941.2 2422.73 29 0 0 
56 32 19 4069.45 1148.04 1921.42 3263.06 28 0 0 
56 32 19 4068.05 1161.14 1906.91 3486.9 28 0 0 
56 32 19 4055.74 1150.18 1905.55 3206.36 27 0 0 
59 34 19 3948.23 1077.14 1871.09 2959.3 25 0 0 
77 45 19 3827.87 1021.41 1806.46 2771.41 23 0 0 
77 46 19 3822.28 1020.9 1801.38 2831.46 23 0 0 
82 49 19 3711.9 911.711 1800.19 2740.15 22 0 0 
93 56 19 3660.63 884.091 1776.54 2456.21 22 0 0 
95 58 19 3785.83 1050.4 1735.43 1421.21 22 0 0 
98 60 19 3804.69 1097.28 1707.41 1497.29 22 0 0 
103 63 19 3820.29 1127.1 1693.19 1404.43 22 0 0 
145 90 19 3887.01 1205.72 1681.29 2107.18 21 0 0 
171 107 19 3732.23 1052.95 1679.28 1453.93 21 0 0 
244 156 19 3701.05 1089.49 1611.55 1424.12 21 0 0 
276 176 19 3632.51 1053.21 1579.3 1808.87 21 0 0 
286 184 19 3728.52 1149.9 1578.62 1745.17 21 0 0 
289 186 19 3626.8 1057.53 1569.26 1810.86 21 0 0 
1122 734 19 3709.38 1176.83 1532.55 1373.96 21 0 0 
1165 763 19 3777.1 1273.45 1503.65 1420.15 21 0 0 
1553 1017 19 3599.48 1104.24 1495.25 1128.59 20 0 0 
1562 1023 19 3549.07 1060.46 1488.61 1087.73 20 0 0 
1589 1042 19 3528.92 1079.85 1449.07 1112.11 19 0 0 
