0 0 19 6137.81 1327.27 3810.54 25633.8 92 154 1 
0 0 19 5293.61 1345.73 2947.88 12117.8 45 61 1 
2 0 19 4985.18 1181.15 2804.03 9798.08 38 29 2 
7 2 19 4831.52 1105.93 2725.59 8859.75 38 0 0 
10 3 19 4476.27 1129.33 2346.94 6381.1 38 0 0 
11 4 19 4460.67 1134.56 2326.11 6052.04 37 0 0 
11 4 19 4517.72 1192.4 2325.32 6505.44 36 0 0 
13 5 19 4421.57 1101.7 2319.87 5155.84 33 0 0 
18 7 19 4467.18 1174.95 2292.24 5173.79 33 0 0 
18 8 19 4391.57 1137.44 2254.13 5969.02 33 0 0 
21 9 19 4209.63 1083.36 2126.27 4161.79 33 0 0 
22 10 19 4217.21 1099.9 2117.31 4205.09 33 0 0 
23 10 19 4252.9 1152.1 2100.8 4216.96 31 0 0 
23 10 19 4223.99 1149.16 2074.83 4065.95 31 0 0 
23 10 19 4185.75 1135.88 2049.88 3827.76 31 0 0 
25 11 19 4185.75 1147.49 2038.27 3827.76 31 0 0 
25 12 19 4256.83 1220.77 2036.06 3723.83 30 0 0 
28 13 19 4160.48 1132.63 2027.86 3381.27 30 0 0 
28 13 19 4214.32 1191.58 2022.75 3413.73 30 0 0 
36 18 19 4004.88 1108.82 1896.05 2710.72 30 0 0 
37 19 19 4056.7 1187.6 1869.11 2656.21 29 0 0 
42 22 19 4056.7 1192.05 1864.65 2656.21 29 0 0 
44 23 19 4081.3 1221.47 1859.83 2410.23 27 0 0 
47 25 19 4081.3 1232.99 1848.31 2410.23 27 0 0 
49 26 19 4080.15 1232.99 1847.16 2406.14 27 0 0 
50 27 19 4016.11 1169.66 1846.45 2597.44 27 0 0 
53 28 19 4002.01 1173.78 1828.23 2545.27 27 0 0 
54 29 19 3986.29 1162.48 1823.82 2463.61 27 0 0 
60 33 19 3990.49 1212.96 1777.53 2493.22 26 0 0 
64 35 19 3938.72 1166.82 1771.9 2427.58 26 0 0 
69 39 19 3923.01 1155.52 1767.5 2345.92 26 0 0 
70 40 19 3935.8 1168.66 1767.14 2388.87 26 0 0 
70 40 19 3935.8 1179.36 1756.44 2399.62 26 0 0 
72 41 19 3969.33 1221.07 1748.27 2356.47 25 0 0 
78 45 19 3968.4 1230.05 1738.35 2362.58 25 0 0 
78 45 19 4016.13 1281.8 1734.33 2213.97 24 0 0 
80 46 19 4019.25 1295.11 1724.14 2205.36 24 0 0 
81 47 19 4018.22 1294.99 1723.23 2178.14 24 0 0 
85 49 19 4020.65 1297.77 1722.88 2192.29 24 0 0 
92 53 19 3974.31 1252.69 1721.63 2144.52 24 0 0 
98 57 19 4024.72 1305.26 1719.45 2273.37 24 0 0 
101 59 19 3944.26 1226.9 1717.37 2334.54 24 0 0 
105 61 19 4020.37 1307.85 1712.52 2263.9 24 0 0 
111 65 19 3924.2 1224.76 1699.44 2415.93 24 0 0 
115 67 19 3924.2 1228.54 1695.66 2413.93 24 0 0 
116 67 19 3926.63 1233.04 1693.59 2430.08 24 0 0 
120 69 19 3937.7 1253.79 1683.91 2443.24 24 0 0 
154 90 19 3941.89 1264.78 1677.11 2283.04 23 0 0 
222 133 19 3798.7 1220.48 1578.21 2010.53 23 0 0 
229 137 19 3866.88 1294.67 1572.21 1989.31 22 0 0 
231 139 19 3866.88 1306.28 1560.6 1982.25 22 0 0 
304 185 19 3706.89 1215.4 1491.49 1650.51 22 0 0 
311 189 19 3793.41 1320.89 1472.51 1456.08 22 0 0 
312 190 19 3639.17 1171.97 1467.21 1510.91 22 0 0 
364 224 19 3686.49 1235.57 1450.92 1563.54 22 0 0 
392 242 19 3687.23 1237.47 1449.76 1546.47 22 0 0 
407 251 19 3682.76 1237.47 1445.3 1527.34 22 0 0 
1369 855 19 3539.07 1095.87 1443.21 1624.69 22 0 0 
1373 858 19 3657.79 1216.05 1441.74 1392.77 21 0 0 
1395 871 19 3543.63 1102.69 1440.94 1584.61 21 0 0 
1546 966 19 3543.45 1133.52 1409.93 1536.66 21 0 0 
3298 2059 19 3573.44 1163.6 1409.83 1448.71 20 0 0 
3302 2061 19 3637.02 1232.91 1404.12 1448.71 20 0 0 
3311 2067 19 3583.14 1180.47 1402.67 1510.93 20 0 0 
3319 2072 19 3468.93 1078 1390.92 1460.4 20 0 0 
3449 2153 19 3478.63 1094.87 1383.76 1522.62 20 0 0 
3461 2161 19 3467.73 1092.38 1375.35 1435.69 20 0 0 
3549 2214 19 3460.02 1088.46 1371.56 1424.23 20 0 0 
