0 0 19 5987.44 1217.57 3769.87 22021.9 89 91 2 
1 0 19 5071.29 1292.39 2778.9 9798.5 43 9 1 
1 0 19 4915.37 1187.77 2727.6 8366.52 43 0 0 
13 5 19 4561.8 1208.63 2353.17 7292.39 40 0 0 
20 8 19 4405.52 1057.54 2347.98 5981.49 34 0 0 
20 8 19 4348.71 1027.13 2321.58 4890.42 33 0 0 
25 11 19 4330.59 1047.6 2282.99 3588.73 30 0 0 
27 12 19 4400.54 1142.58 2257.96 4464.21 30 0 0 
27 12 19 4391.9 1142.58 2249.32 4276.91 30 0 0 
29 13 19 4335.71 1112.94 2222.77 4038.28 30 0 0 
31 14 19 4310.19 1099.71 2210.48 3966.05 30 0 0 
33 15 19 4310.19 1100.81 2209.38 3935.22 30 0 0 
39 19 19 4225.78 1024.28 2201.5 4033.61 30 0 0 
39 19 19 4177.78 1030.77 2147.01 3918.27 30 0 0 
48 23 19 4263.62 1175.02 2088.6 3249.29 30 0 0 
57 28 19 4146.21 1081.31 2064.9 3569.82 29 0 0 
61 30 19 4158.79 1095.51 2063.27 3813.11 29 0 0 
62 31 19 4159.44 1116.07 2043.36 3835.4 29 0 0 
62 31 19 4218.7 1176.99 2041.71 3935.81 29 0 0 
73 37 19 4169.99 1154.82 2015.17 3822.17 29 0 0 
73 37 19 4109.11 1096.32 2012.8 4198.94 28 0 0 
73 37 19 4180.5 1173.88 2006.62 3925.71 28 0 0 
76 38 19 4153.06 1169.78 1983.28 3403.19 27 0 0 
80 41 19 4119.89 1137.71 1982.18 3233.33 27 0 0 
104 54 19 4163.62 1193.58 1970.04 2607.77 27 0 0 
109 57 19 4130.17 1340.99 1789.18 2891.42 27 0 0 
127 67 19 4130.17 1344.42 1785.74 2891.42 27 0 0 
146 77 19 3996.01 1248.86 1747.15 1882.36 27 0 0 
147 78 19 3758.02 1024.82 1733.2 2449.44 26 0 0 
152 81 19 3693.25 1014.1 1679.15 1720.09 26 0 0 
159 84 19 3783.04 1111.73 1671.31 1615.59 25 0 0 
222 119 19 3806.13 1143.64 1662.49 1779.9 25 0 0 
224 120 19 3806.13 1160.61 1645.52 1736.8 25 0 0 
236 127 19 3606.83 971.833 1635 1606.13 25 0 0 
249 134 19 3599.9 971.833 1628.06 1606.13 25 0 0 
263 142 19 3568.64 954.485 1614.15 1483.66 25 0 0 
263 142 19 3569.99 961.279 1608.71 1503.41 25 0 0 
333 181 19 3777.39 1191.32 1586.06 1748.14 25 0 0 
333 181 19 3782.64 1206.21 1576.43 1652.06 25 0 0 
346 189 19 3664.51 1091.67 1572.85 1715.97 25 0 0 
357 195 19 3664.12 1091.67 1572.45 1719.25 25 0 0 
383 209 19 3626.91 1057.05 1569.86 1541.52 24 0 0 
386 210 19 3652.9 1090.19 1562.71 1549.55 24 0 0 
597 325 19 3569.62 1059.34 1510.28 1465.8 24 0 0 
635 345 19 3538.36 1053.5 1484.86 1394.77 24 0 0 
701 382 19 3558.81 1076.15 1482.66 1474.91 24 0 0 
1086 598 19 3500.23 1037.62 1462.61 1465.06 23 0 0 
1173 648 19 3489.42 1036.42 1453 1472.5 23 0 0 
1862 1026 19 3405.73 963.29 1442.44 1514.02 23 0 0 
2691 1478 19 3611.25 1169.37 1441.88 1519.89 23 0 0 
2809 1542 19 3551.02 1120.05 1430.97 1297.34 23 0 0 
2813 1544 19 3551.02 1122.22 1428.8 1296.67 23 0 0 
2902 1592 19 3578 1165.03 1412.96 1469.5 23 0 0 
3433 1884 19 3382 1013.5 1368.5 1217.59 23 0 0 
