Agent: 0ids: 35 25 38 26 32 39 47 6 4 13 43 22 37 41 40 27 45 11 16 46 15 9 48 31 10 23 29 8 33 14 12 
Agent: 1ids: 39 21 11 5 4 8 6 48 33 38 3 49 42 12 18 19 40 13 2 7 44 9 45 29 36 24 14 20 28 31 0 1 26 32 27 35 
Agent: 2ids: 14 34 29 0 11 1 39 24 44 43 10 45 31 16 25 3 5 27 36 13 49 35 41 19 23 28 15 22 17 12 38 37 33 26 18 30 40 6 32 9 7 48 
Agent: 3ids: 11 8 34 33 1 3 14 42 37 26 7 15 47 49 39 46 4 23 25 32 22 43 2 27 17 12 40 35 9 13 48 24 5 0 45 30 28 21 10 6 20 
Agent: 4ids: 45 31 40 24 7 10 23 27 32 36 9 11 2 49 3 8 29 30 0 44 26 25 13 43 21 34 4 16 41 18 48 39 19 33 6 35 17 42 22 47 38 15 37 
Agent: 5ids: 33 23 22 10 41 30 45 2 40 25 34 15 1 48 42 4 5 21 0 19 44 26 7 12 18 35 36 31 20 8 24 46 14 43 47 29 9 37 11 
Agent: 6ids: 1 28 32 4 16 41 42 35 20 
Agent: 7ids: 39 23 35 17 32 45 40 5 15 4 30 11 3 16 2 25 14 28 44 22 0 43 38 8 26 1 12 7 31 20 6 41 49 19 9 46 21 48 
Agent: 8ids: 46 31 16 42 11 36 12 2 15 33 37 10 47 9 
Agent: 9ids: 2 43 35 34 13 7 30 45 48 21 36 27 22 26 44 38 16 3 46 40 49 5 4 8 23 41 20 1 19 37 9 39 0 12 33 32 10 31 29 25 6 14 18 17 24 11 15 47 
Agent: 10ids: 40 28 5 49 20 
Agent: 11ids: 5 35 1 46 11 22 23 24 43 13 33 10 44 41 39 20 0 30 27 49 34 14 40 28 4 21 6 3 7 16 48 
Agent: 12ids: 27 4 19 39 17 43 45 42 34 2 32 48 14 8 22 3 30 40 15 1 9 21 12 33 36 18 11 35 10 7 28 37 16 
Agent: 13ids: 11 46 13 9 30 24 12 18 22 17 2 16 21 42 40 37 
Agent: 14ids: 33 24 43 44 46 22 18 19 47 17 29 45 4 
Agent: 15ids: 14 13 11 2 0 37 31 22 44 21 1 32 30 29 35 43 8 18 5 20 3 6 42 34 7 45 38 16 25 46 28 26 
Agent: 16ids: 15 13 6 36 19 27 33 41 29 34 28 31 8 45 30 42 2 18 0 14 17 21 11 4 
Agent: 17ids: 41 18 29 40 4 19 3 27 36 45 46 37 20 
Agent: 18ids: 49 1 46 6 26 2 30 9 33 47 19 29 5 27 44 24 7 38 22 31 43 16 18 25 17 14 35 28 36 34 8 39 3 
Agent: 19ids: 27 33 17 47 9 24 4 35 41 28 48 6 40 23 12 3 15 22 1 25 46 0 49 31 30 43 38 16 39 2 5 11 37 8 13 21 19 10 42 32 7 29 18 20 
Agent: 20ids: 16 34 8 
Agent: 21ids: 7 45 20 4 3 2 19 26 43 37 1 35 13 16 40 25 
Agent: 22ids: 48 19 23 
Agent: 23ids: 23 44 24 42 41 15 27 35 36 47 49 12 4 37 18 22 26 21 43 13 34 33 7 46 31 14 19 16 17 30 28 45 32 8 9 5 20 38 6 25 29 1 3 40 48 10 2 11 0 
Agent: 24ids: 28 15 14 42 4 24 39 1 38 25 2 47 5 43 19 8 33 29 48 23 18 44 0 36 16 34 13 49 3 21 17 10 20 27 30 26 45 11 37 40 32 
Agent: 25ids: 25 3 23 36 18 34 38 42 16 1 44 28 13 19 8 41 45 0 
Agent: 26ids: 24 46 9 20 12 40 8 39 25 6 14 17 49 22 47 36 42 13 23 2 32 29 44 48 27 34 
Agent: 27ids: 12 44 36 19 11 27 21 39 14 22 23 28 3 2 25 5 17 47 18 30 32 9 38 8 13 37 29 40 4 20 6 35 49 34 1 26 16 33 
Agent: 28ids: 25 4 31 38 22 42 30 
Agent: 29ids: 2 
Agent: 30ids: 47 17 49 25 10 29 12 19 15 30 35 11 37 2 1 34 41 26 0 46 33 36 48 6 44 45 
Agent: 31ids: 6 40 7 19 13 34 5 29 45 46 24 9 21 20 33 15 35 12 39 1 30 14 17 3 
Agent: 32ids: 26 9 42 38 27 33 4 45 15 5 39 14 6 24 43 29 10 32 17 12 19 18 41 
Agent: 33ids: 3 45 40 31 26 1 37 14 23 33 39 47 
Agent: 34ids: 44 19 7 33 21 37 48 2 36 13 14 25 0 45 29 26 3 34 40 31 17 6 47 42 23 5 30 10 39 9 4 43 20 18 46 35 24 38 41 32 28 8 15 16 
Agent: 35ids: 40 12 29 41 5 18 22 28 32 10 19 7 6 17 30 31 24 36 15 9 8 0 38 13 47 25 2 1 48 49 21 35 26 11 3 39 46 42 44 14 45 34 23 33 27 16 43 
Agent: 36ids: 44 45 20 39 13 43 21 27 34 10 17 33 5 28 19 41 29 6 16 26 2 36 18 30 4 31 23 24 15 42 3 7 9 32 25 47 22 1 8 35 12 48 0 14 11 
Agent: 37ids: 20 28 38 15 33 39 13 21 
Agent: 38ids: 44 19 43 36 42 12 47 
Agent: 39ids: 5 47 18 26 38 1 34 40 0 46 28 6 11 48 20 
Agent: 40ids: 33 
Agent: 41ids: 35 48 0 16 6 19 27 24 34 2 31 7 38 14 17 39 28 42 10 11 12 30 41 29 26 4 22 36 33 8 5 23 
Agent: 42ids: 7 19 24 13 45 3 20 32 26 47 41 36 2 12 9 10 18 25 49 21 28 14 44 34 15 11 42 1 35 30 46 48 43 37 6 4 8 33 0 22 29 27 
Agent: 43ids: 13 29 43 17 49 48 46 30 33 39 20 31 42 44 28 7 41 6 2 47 45 12 23 8 9 5 22 36 
Agent: 44ids: 35 24 22 12 
Agent: 45ids: 19 14 16 
Agent: 46ids: 18 15 8 24 44 31 39 17 0 34 3 20 27 22 11 42 9 7 5 10 
Agent: 47ids: 23 10 26 41 37 1 44 4 20 45 36 47 40 5 24 48 13 18 32 2 21 16 22 9 28 17 15 31 
Agent: 48ids: 49 12 33 20 44 
Agent: 49ids: 34 12 44 33 3 47 24 16 0 27 19 38 40 5 7 32 
0 0 19 5877.02 1247.34 3629.68 35634.1 84 233 2 
1 0 19 5086.68 1333.74 2752.94 9740.73 48 21 1 
6 1 19 4583.27 1066.15 2517.12 7077.15 39 17 1 
8 3 19 4562.11 1054.62 2507.49 6787.34 38 5 1 
8 3 19 4511.25 1090.01 2421.24 5384.31 36 0 0 
8 3 19 4510.98 1090.01 2420.97 5401.52 36 0 0 
9 3 19 4433.93 1091.32 2342.62 5397.52 36 0 0 
11 4 19 4340.84 1033.55 2307.3 4642.64 36 0 0 
11 5 19 4331.54 1074.04 2257.5 4555.62 36 0 0 
13 6 19 4344.92 1094.15 2250.77 4890.16 36 0 0 
13 6 19 4312.58 1081.86 2230.72 4937.35 36 0 0 
15 7 19 4322.67 1096.32 2226.35 4980.36 36 0 0 
15 7 19 4449.41 1271.93 2177.48 5471.47 36 0 0 
17 8 19 4317.91 1204.8 2113.11 6017.21 36 0 0 
19 9 19 4264.95 1173.13 2091.83 6569.36 36 0 0 
20 10 19 4102.24 1017.62 2084.62 6115.05 35 0 0 
22 11 19 4100.64 1017.62 2083.02 6099.1 35 0 0 
22 11 19 4273.15 1220.43 2052.73 6164.7 34 0 0 
25 13 19 4257.77 1221.17 2036.6 5243.48 33 0 0 
26 13 19 4062.89 1030.81 2032.08 5908.11 33 0 0 
26 13 19 4061.9 1045.79 2016.11 4957.67 29 0 0 
29 16 19 4095.1 1088.97 2006.13 4952.28 29 0 0 
31 16 19 4034.95 1058.95 1976 4500.47 29 0 0 
31 17 19 4063.97 1088.97 1975 4824.57 29 0 0 
35 19 19 3929.87 993.006 1936.87 3547.92 28 0 0 
36 20 19 3978.38 1056.38 1922.01 3603.83 28 0 0 
38 21 19 3973.54 1056.38 1917.16 3643.23 28 0 0 
39 22 19 3995.37 1084.62 1910.75 3738.98 28 0 0 
41 23 19 3942.93 1051.15 1891.78 3256.11 28 0 0 
52 31 19 3781.04 928.35 1852.69 2884.05 28 0 0 
55 33 19 3784.64 964.602 1820.04 3025 28 0 0 
57 34 19 3837.23 1043 1794.22 3157.46 28 0 0 
64 38 19 3837.23 1044.31 1792.91 3157.46 28 0 0 
66 39 19 3841.81 1071.25 1770.57 3232.26 28 0 0 
68 41 19 3795.81 1031.78 1764.04 3103.32 25 0 0 
70 42 19 3793.28 1030.27 1763.01 3022.55 25 0 0 
72 43 19 3796.35 1038.43 1757.92 3025.61 25 0 0 
75 45 19 3795.93 1040.86 1755.07 3031.64 25 0 0 
84 51 19 3905.16 1150.41 1754.76 2964.26 24 0 0 
85 52 19 3905.16 1165.76 1739.4 2964.26 24 0 0 
86 53 19 3849.84 1124.35 1725.49 2964.26 24 0 0 
89 54 19 3838.91 1113.6 1725.32 2733.03 23 0 0 
90 55 19 3832.53 1110.87 1721.65 2842.01 23 0 0 
92 56 19 3832.53 1111.52 1721.01 2845.56 23 0 0 
93 57 19 3830.15 1109.56 1720.59 2764.64 23 0 0 
94 58 19 3827.8 1111.52 1716.28 2815.57 23 0 0 
95 58 19 3681.11 982.563 1698.55 2764.64 23 0 0 
97 60 19 3676.39 982.563 1693.82 2734.65 23 0 0 
130 83 19 3799.74 1130.91 1668.83 2304.88 23 0 0 
136 87 19 3756.51 1095.51 1661 2113.55 21 0 0 
181 118 19 3766.42 1149.42 1617.01 2031.02 21 0 0 
194 127 19 3762.4 1149.42 1612.98 2029.25 21 0 0 
920 609 19 3657.98 1054.39 1603.6 1924.42 21 0 0 
2014 1333 19 3812.2 1266.67 1545.53 2444.66 21 0 0 
6007 3960 19 3632.26 1115.31 1516.95 1297.8 21 0 0 
6009 3961 19 3586.8 1113.56 1473.24 1289.64 21 0 0 
6011 3963 19 3485.11 1066.62 1418.49 1265.43 20 0 0 
