0 0 19 5799.07 1244.53 3554.54 31168.5 91 297 3 
0 0 19 4861.55 1053.33 2808.23 8696.36 41 3 1 
1 0 19 4804.45 1046.74 2757.71 7600.54 41 0 0 
2 0 19 4718 1050.92 2667.08 5476.54 36 0 0 
3 0 19 4718 1082.89 2635.11 5476.54 36 0 0 
4 1 19 4620.61 1023.43 2597.18 4959.01 35 0 0 
6 2 19 4511.47 1059.04 2452.43 5031.46 34 0 0 
7 2 19 4491.52 1049.05 2442.46 5110.2 34 0 0 
7 2 19 4473.21 1054.8 2418.41 5278.79 34 0 0 
9 3 19 4452.58 1040.19 2412.39 4788.63 34 0 0 
11 4 19 4238.61 941.145 2297.46 3888.28 34 0 0 
12 5 19 4216.25 977.125 2239.13 3920.79 34 0 0 
13 6 19 4174.86 988.342 2186.51 3667.75 34 0 0 
23 12 19 4076.22 891.136 2185.08 3968.03 34 0 0 
27 14 19 4238.35 1057.91 2180.44 3181.43 31 0 0 
27 14 19 4217.11 1084.95 2132.16 3124.7 31 0 0 
29 15 19 4214.16 1084.95 2129.21 3112.68 31 0 0 
31 17 19 4087.87 1043.62 2044.25 2760.68 29 0 0 
33 18 19 3978.43 966.054 2012.38 2582.49 27 0 0 
40 22 19 4046.57 1051.85 1994.72 2962.61 27 0 0 
42 23 19 3981.85 1007.26 1974.6 2717.78 26 0 0 
54 30 19 3974.32 1064.89 1909.43 3276.34 25 0 0 
54 30 19 3957.7 1053.76 1903.95 3129.87 24 0 0 
90 54 19 3968.95 1137.25 1831.7 2076.3 23 0 0 
92 55 19 3925.13 1098.81 1826.32 1509.55 21 0 0 
139 85 19 3876.26 1119.22 1757.04 1854.08 21 0 0 
140 86 19 3713.16 996.545 1716.61 1830.92 21 0 0 
150 92 19 3712.87 1014.54 1698.33 1580.13 21 0 0 
154 95 19 3707.34 1029.18 1678.16 1529.36 21 0 0 
240 152 19 3683.7 1045.92 1637.78 1347.68 21 0 0 
283 181 19 3644.71 1033.52 1611.19 1593.68 21 0 0 
286 183 19 3563.67 960.681 1602.99 1609.94 21 0 0 
286 183 19 3535.61 936.906 1598.7 1553.45 20 0 0 
289 185 19 3532.72 936.906 1595.81 1591.23 20 0 0 
308 197 19 3509.69 929.591 1580.09 1719.55 20 0 0 
667 429 19 3731.2 1156.75 1574.45 1371.09 20 0 0 
698 450 19 3685.07 1144.05 1541.02 905.459 18 0 0 
4213 2777 19 3525.45 1053.1 1472.35 1070.93 18 0 0 
