Agent: 0ids: 45 20 29 14 10 19 24 7 35 40 26 18 23 37 5 44 6 41 38 31 16 39 2 11 3 47 36 22 43 30 13 4 28 8 46 34 12 42 15 17 49 25 21 
Agent: 1ids: 13 8 26 21 28 43 39 45 42 25 36 38 11 16 44 15 1 31 49 9 23 18 30 24 48 19 20 27 3 6 34 5 10 32 40 29 7 17 4 
Agent: 2ids: 8 11 19 34 10 32 16 4 39 40 14 
Agent: 3ids: 4 
Agent: 4ids: 22 38 43 13 19 35 29 6 24 31 14 34 10 48 1 4 5 25 27 46 8 42 36 47 17 26 37 2 32 40 39 16 45 11 3 9 30 
Agent: 5ids: 23 5 35 10 42 8 15 43 18 12 11 34 0 30 46 17 2 36 3 21 40 39 9 48 45 7 38 20 27 24 47 32 19 26 31 16 6 4 37 33 
Agent: 6ids: 20 11 37 44 31 16 24 36 35 29 22 15 23 26 45 28 13 49 18 25 21 8 1 47 48 9 39 7 42 10 43 27 
Agent: 7ids: 46 10 20 1 26 19 29 44 47 49 17 16 25 3 22 35 5 28 15 2 12 13 11 37 48 32 38 
Agent: 8ids: 3 
Agent: 9ids: 22 5 34 27 36 2 4 10 24 45 19 18 25 9 3 21 42 33 7 20 46 37 38 28 43 16 12 6 29 35 15 8 47 44 14 0 1 32 17 39 31 11 13 49 30 40 48 41 23 
Agent: 10ids: 34 29 16 11 28 3 45 42 43 37 4 24 31 48 27 6 20 17 19 36 25 1 12 38 39 41 26 
Agent: 11ids: 12 10 42 19 17 28 20 9 25 46 13 21 48 30 27 45 0 33 41 37 29 1 4 38 8 14 11 18 36 35 44 40 31 6 
Agent: 12ids: 26 34 12 44 48 40 20 29 
Agent: 13ids: 23 16 45 48 44 19 33 40 7 5 26 36 43 42 28 29 39 14 47 32 25 13 21 24 
Agent: 14ids: 10 31 27 3 34 4 45 44 20 23 
Agent: 15ids: 35 25 23 37 9 40 48 13 19 2 33 30 21 1 20 39 17 11 18 14 3 24 10 8 
Agent: 16ids: 45 
Agent: 17ids: 47 25 44 13 6 14 48 49 35 20 17 37 30 43 46 10 4 2 11 15 31 5 19 39 
Agent: 18ids: 29 25 35 28 15 13 0 17 1 36 8 40 31 6 11 22 43 49 48 20 38 42 44 10 26 18 41 24 2 9 33 19 16 4 30 27 45 39 34 7 14 47 32 37 21 46 12 3 
Agent: 19ids: 1 16 33 29 27 39 13 18 7 10 12 45 6 4 48 20 3 26 40 44 32 0 30 17 11 14 19 
Agent: 20ids: 24 15 48 30 29 7 36 14 21 13 42 3 45 19 32 34 4 12 40 39 11 44 18 5 49 0 27 16 17 1 22 10 26 38 25 37 28 6 20 47 
Agent: 21ids: 29 23 41 21 2 8 48 3 4 33 24 36 12 6 35 47 11 14 18 45 44 49 38 22 1 13 5 17 10 16 25 28 37 20 34 9 43 
Agent: 22ids: 36 0 32 48 6 15 27 4 41 28 22 25 1 23 10 44 13 33 29 37 42 9 19 34 18 21 35 38 31 26 11 5 16 45 2 20 47 39 49 12 8 46 30 7 14 40 24 3 
Agent: 23ids: 9 39 48 42 23 37 25 24 43 
Agent: 24ids: 41 1 19 9 0 30 31 33 13 42 2 18 14 36 45 38 8 22 3 40 35 43 44 7 28 16 17 47 27 26 12 6 21 11 29 39 23 4 49 32 24 20 37 48 10 15 34 25 
Agent: 25ids: 22 20 26 10 42 4 21 0 46 
Agent: 26ids: 42 18 23 32 49 20 46 15 16 40 13 22 1 2 9 39 44 47 17 8 28 
Agent: 27ids: 39 49 18 1 24 2 27 47 10 29 44 4 43 25 13 0 32 41 22 9 16 28 26 45 31 3 11 48 35 36 12 
Agent: 28ids: 4 9 10 42 39 
Agent: 29ids: 48 41 8 26 28 21 25 27 11 1 35 5 49 4 24 9 17 46 13 18 34 23 14 42 39 3 22 33 38 16 19 43 0 47 31 2 7 44 15 30 45 32 10 20 6 37 
Agent: 30ids: 36 6 17 47 4 26 46 30 12 37 21 35 
Agent: 31ids: 23 14 11 17 44 30 0 48 28 38 12 4 35 45 21 10 6 37 33 40 47 22 16 42 41 8 18 13 49 43 32 
Agent: 32ids: 28 29 21 8 3 26 24 34 1 16 45 46 17 43 40 18 22 32 49 36 31 41 11 19 44 39 15 7 5 13 37 47 35 30 38 23 14 10 9 48 27 
Agent: 33ids: 46 41 27 13 7 1 23 22 5 44 26 4 43 3 35 20 15 
Agent: 34ids: 24 49 37 15 11 13 25 20 9 6 16 22 21 14 5 8 47 23 44 33 43 7 1 40 18 35 27 41 39 12 32 34 30 17 
Agent: 35ids: 38 6 28 3 47 
Agent: 36ids: 19 10 25 24 28 30 40 14 16 43 48 42 20 27 6 12 2 45 17 36 3 7 32 5 33 44 37 39 
Agent: 37ids: 25 
Agent: 38ids: 37 0 26 43 10 9 7 18 11 32 42 6 29 44 21 
Agent: 39ids: 11 37 4 34 49 12 29 44 14 1 35 
Agent: 40ids: 26 49 39 36 
Agent: 41ids: 16 46 25 1 27 44 17 34 12 2 3 6 23 22 9 30 29 41 24 
Agent: 42ids: 15 2 0 30 48 43 34 7 44 47 38 22 36 4 8 45 9 23 10 32 1 25 27 41 13 35 20 24 16 49 39 18 29 31 46 19 6 
Agent: 43ids: 17 41 22 18 34 8 0 28 1 43 5 44 35 3 6 33 11 29 16 31 46 40 48 27 21 23 38 9 
Agent: 44ids: 24 4 14 22 30 2 46 43 21 49 33 20 47 7 32 27 18 45 1 10 38 
Agent: 45ids: 23 
Agent: 46ids: 1 48 14 3 2 15 45 13 8 22 38 43 17 42 28 6 40 44 11 26 10 12 30 16 49 39 18 
Agent: 47ids: 32 45 18 9 49 11 14 40 0 20 16 5 36 1 8 47 43 37 
Agent: 48ids: 21 7 46 47 15 13 35 
Agent: 49ids: 49 27 26 35 41 43 16 6 48 37 28 45 12 14 15 34 5 32 20 8 10 38 44 13 31 21 9 11 40 17 25 0 3 46 29 19 2 
0 0 19 6177.07 1442.59 3734.48 25835 92 185 2 
2 0 19 5252.92 1204.92 3047.99 12026 48 0 0 
2 0 19 5231.83 1202.96 3028.88 11814.8 48 0 0 
3 0 19 4942.73 1179.11 2763.62 9497.81 48 0 0 
4 0 19 5014.76 1267.44 2747.32 9237.81 48 0 0 
4 0 19 5067.26 1355.5 2711.75 10013.3 46 0 0 
4 0 19 5023.02 1367.67 2655.35 9787.46 46 0 0 
10 4 19 4859.21 1283.68 2575.53 9758.07 44 0 0 
15 7 19 4503.47 942.235 2561.23 5827.05 37 0 0 
17 9 19 4330.23 870.492 2459.73 5155.91 33 0 0 
19 10 19 4321.34 876.619 2444.72 5144.52 33 0 0 
20 10 19 4292.86 870.492 2422.36 4937.52 33 0 0 
21 11 19 4290.55 870.492 2420.06 4929.64 33 0 0 
22 12 19 4323 938.082 2384.92 5085.37 32 0 0 
25 14 19 4334.04 973.731 2360.31 3945.82 32 0 0 
27 15 19 4351.26 1039.33 2311.93 4803.22 32 0 0 
29 16 19 4354.07 1046.87 2307.2 4834.81 32 0 0 
32 18 19 4253.96 950.119 2303.84 3481.43 30 0 0 
32 18 19 4253.96 960.354 2293.6 3492.84 30 0 0 
37 21 19 4223.21 1063.11 2160.09 3294.95 29 0 0 
40 23 19 4246.31 1091.33 2154.98 3587.77 29 0 0 
44 25 19 4182.27 1032.48 2149.79 3316.64 29 0 0 
53 31 19 4125.46 989.079 2136.38 2672.03 28 0 0 
151 96 19 4153.81 1088.09 2065.71 3045.03 27 0 0 
163 104 19 3929.79 1261.98 1667.81 2153.26 27 0 0 
217 139 19 3824.53 1279.87 1544.65 2045.75 27 0 0 
374 245 19 3563.55 1060.68 1502.86 1945.62 25 0 0 
825 542 19 3690.15 1217.54 1472.62 1173.82 25 0 0 
852 560 19 3619.24 1182.14 1437.1 1545.69 25 0 0 
895 589 19 3457.38 1055 1402.37 1470.74 25 0 0 
994 657 19 3604.22 1202.32 1401.9 1683.13 25 0 0 
999 659 19 3603.66 1202.32 1401.34 1678.52 25 0 0 
1309 873 19 3667.84 1268.75 1399.08 2042.27 25 0 0 
1319 879 19 3566.51 1172.92 1393.59 2019.69 25 0 0 
1377 918 19 3488.55 1103.08 1385.47 1936.88 25 0 0 
1411 943 19 3491.07 1119.33 1371.74 2211.67 25 0 0 
1431 957 19 3488.21 1116.62 1371.59 2252.32 25 0 0 
1432 957 19 3493.32 1124.62 1368.7 2180.77 25 0 0 
1437 960 19 3498.24 1132.08 1366.16 2349.4 25 0 0 
1441 963 19 3498.24 1132.19 1366.05 2349.4 25 0 0 
1523 1018 19 3550.87 1190.76 1360.11 2358.34 25 0 0 
1565 1047 19 3520.29 1166.18 1354.1 2357.22 25 0 0 
1863 1248 19 3409.75 1057.26 1352.49 2310.31 25 0 0 
1912 1280 19 3416.5 1073.47 1343.03 2383.26 25 0 0 
6558 4356 19 3153.2 818.934 1334.26 1216.24 25 0 0 
