0 0 19 6037.83 1612.9 3424.94 33729.1 91 326 1 
0 0 19 4645.69 1224 2421.69 16519 41 241 1 
13 6 19 4532.65 1278.07 2254.57 8397.93 41 66 1 
40 20 19 4243.83 1033.48 2210.35 3758.59 29 0 0 
51 26 19 4246.76 1073.51 2173.26 3623.73 28 0 0 
53 27 19 4247.36 1087.09 2160.27 3505.79 28 0 0 
55 28 19 4253.11 1102.18 2150.93 3647.38 28 0 0 
56 29 19 4208.49 1067.49 2141 3692.48 27 0 0 
72 38 19 4159.45 1147.35 2012.1 2928.12 27 0 0 
72 38 19 4125.19 1118.49 2006.7 2627.11 26 0 0 
72 38 19 4119.81 1118.49 2001.33 2580.02 26 0 0 
72 38 19 4067.48 1087.31 1980.17 2496.48 26 0 0 
76 40 19 4001.73 1044.7 1957.03 1925.84 25 0 0 
97 51 19 3927.39 1119.69 1807.7 1959.52 25 0 0 
99 52 19 3929.73 1122.78 1806.95 1959.52 25 0 0 
106 56 19 3971.84 1183.52 1788.32 1918.94 24 0 0 
112 59 19 3928.09 1146.88 1781.21 1746.85 24 0 0 
132 69 19 3957.51 1181.82 1775.7 1820.93 24 0 0 
147 77 19 3893.23 1163.7 1729.53 1655.7 24 0 0 
147 77 19 3896.47 1171.32 1725.15 1699.1 24 0 0 
172 91 19 3726.53 1011.07 1715.46 1392.13 24 0 0 
202 107 19 3710.22 1020.72 1689.5 1402.72 24 0 0 
284 153 19 3838.56 1177.56 1661 1518.77 24 0 0 
332 179 19 3828.95 1235.32 1593.63 1293.45 24 0 0 
339 183 19 3812.16 1220.87 1591.29 1260.15 24 0 0 
349 189 19 3848.76 1259.2 1589.56 1516.8 23 0 0 
387 209 19 3881.36 1325.88 1555.48 1540.3 23 0 0 
404 219 19 3713.87 1160.8 1553.07 1508.6 23 0 0 
419 228 19 3704.07 1155.6 1548.47 1470.65 23 0 0 
419 228 19 3704.07 1160.75 1543.32 1470.65 23 0 0 
426 232 19 3758.74 1236.57 1522.17 1641.31 23 0 0 
427 233 19 3783.79 1263.79 1520 1830.09 23 0 0 
437 238 19 3750.77 1233.97 1516.79 1616.16 23 0 0 
651 358 19 3766.77 1259.76 1507.01 1599.88 23 0 0 
684 377 19 3750.49 1270.21 1480.28 1520.4 23 0 0 
1441 797 19 3742 1275.23 1466.77 1649.94 23 0 0 
2509 1389 19 3643.75 1183.25 1460.5 1493.08 23 0 0 
2540 1406 19 3641.47 1186.06 1455.42 1619.77 23 0 0 
2610 1445 19 3617.11 1174.51 1442.61 1605.2 23 0 0 
2716 1504 19 3625.06 1198.32 1426.75 1678.7 23 0 0 
4826 2667 19 3358.2 941.913 1416.29 1472.75 23 0 0 
7360 4058 19 3361.46 947.066 1414.39 1410.39 23 0 0 
7362 4059 19 3365.93 954.154 1411.77 1445.22 23 0 0 
7704 4247 19 3299.71 914.103 1385.6 1383.5 22 0 0 
