0 0 19 5781.89 1197.66 3584.22 21339.3 89 110 2 
0 0 19 5069.12 1093.16 2975.96 11748.1 46 75 1 
0 0 19 4907.47 1171.27 2736.2 9423.23 43 63 1 
0 0 19 4785.21 1119.41 2665.8 9187.81 43 63 1 
2 0 19 4873.46 1212.46 2661 6748.27 39 0 0 
2 0 19 4845.62 1201.38 2644.24 7153.95 38 0 0 
5 1 19 4816.69 1201.38 2615.31 7089.37 38 0 0 
5 1 19 4816.69 1238.93 2577.75 7089.37 38 0 0 
5 1 19 4813.52 1238.93 2574.59 6820.12 38 0 0 
6 2 19 4713.75 1164.83 2548.92 5915.34 35 0 0 
7 2 19 4713.95 1169.16 2544.79 5917.14 35 0 0 
8 3 19 4707.39 1177.43 2529.96 5917.89 35 0 0 
8 3 19 4638.78 1118.87 2519.91 6158.59 35 0 0 
8 3 19 4482.68 985.12 2497.56 5217.4 35 0 0 
12 5 19 4471.14 1113.05 2358.08 5509.45 35 0 0 
19 9 19 4482.19 1139.26 2342.93 6451.2 34 0 0 
21 10 19 4512.26 1266.6 2245.66 5210.17 34 0 0 
21 10 19 4494.78 1253.84 2240.94 4986.98 33 0 0 
25 12 19 4390.26 1189.45 2200.81 5126.69 31 0 0 
30 15 19 4332.93 1181.12 2151.82 5026.31 31 0 0 
118 65 19 4133.56 1210.72 1922.84 4581.94 31 0 0 
129 71 19 4142.99 1221.9 1921.09 3688.67 30 0 0 
140 77 19 4110.28 1257.77 1852.51 4592.8 30 0 0 
142 78 19 4119.98 1278.86 1841.12 4724.78 30 0 0 
143 79 19 4098.82 1268.64 1830.18 4647.39 30 0 0 
146 81 19 4121.79 1309.57 1812.22 4555.98 30 0 0 
148 82 19 4117.57 1309.57 1808 4545.2 30 0 0 
160 88 19 4014.07 1258.82 1755.25 2834.27 29 0 0 
160 88 19 3835.37 1095.64 1739.73 2700.41 29 0 0 
168 92 19 3844.71 1109.12 1735.59 2756.04 29 0 0 
172 94 19 3937.39 1216.88 1720.5 2712.74 29 0 0 
174 95 19 4019.44 1304.69 1714.76 2851.5 29 0 0 
194 106 19 3996.67 1294.68 1701.99 2016.77 29 0 0 
197 108 19 4026.66 1330.17 1696.49 2000.43 29 0 0 
203 111 19 3894.92 1206.54 1688.38 1702.79 27 0 0 
218 119 19 3906.16 1237.9 1668.26 1992.71 27 0 0 
221 121 19 3926.56 1266.63 1659.93 2011.82 27 0 0 
229 125 19 3896.71 1244.52 1652.19 2007.94 27 0 0 
271 148 19 3627.65 1021.62 1606.04 1501.34 24 0 0 
292 160 19 3394.49 856.22 1538.27 1454.77 24 0 0 
642 354 19 3536.72 1015.71 1521.01 1468.13 24 0 0 
650 358 19 3541.7 1028.69 1513.01 1495.61 24 0 0 
1412 783 19 3668.96 1191.71 1477.25 2459.89 24 0 0 
1439 798 19 3647.77 1187.71 1460.06 2563.9 24 0 0 
1956 1083 19 3591.13 1136.83 1454.3 1554.18 24 0 0 
1993 1103 19 3395.88 955.784 1440.09 1381.66 24 0 0 
2099 1163 19 3288.44 871.281 1417.16 1473.13 24 0 0 
2133 1181 19 3282.95 896.398 1386.55 1540.8 24 0 0 
2160 1196 19 3282.95 906.212 1376.74 1538.17 24 0 0 
3795 2093 19 3599.71 1223.27 1376.44 1689.71 24 0 0 
3926 2165 19 3588.61 1217.57 1371.04 1645.21 24 0 0 
4015 2214 19 3596.73 1226.24 1370.49 1781.13 24 0 0 
4902 2710 19 3386.12 1020.56 1365.55 1705.26 24 0 0 
4913 2715 19 3480.09 1116.53 1363.56 1666.64 24 0 0 
4972 2749 19 3471.73 1116.73 1355 1788.38 24 0 0 
5062 2798 19 3346.92 995.906 1351.02 1788.38 24 0 0 
5072 2804 19 3330.62 988.964 1341.66 1610.23 24 0 0 
5084 2810 19 3331.02 995.91 1335.11 1720.06 24 0 0 
