0 0 19 6193.89 1423.59 3770.31 22065.1 93 95 1 
1 0 19 5056.65 1320.28 2736.37 8844.22 41 37 1 
3 0 19 4633.46 1210.59 2422.87 6526.8 39 0 0 
4 1 19 4611.29 1195.61 2415.68 6474.71 39 0 0 
7 3 19 4583.93 1193.05 2390.88 7858.48 39 0 0 
9 4 19 4589.93 1214.21 2375.73 7816.85 39 0 0 
10 5 19 4580.53 1249.36 2331.18 7523.65 39 0 0 
14 7 19 4525.15 1216.32 2308.82 6941.46 38 0 0 
28 15 19 4600.19 1298.26 2301.94 5703.44 34 0 0 
30 16 19 4591.5 1301.52 2289.98 5703.44 34 0 0 
33 18 19 4525.31 1350.49 2174.82 6013.6 34 0 0 
33 18 19 4485.45 1327.75 2157.7 5558.12 34 0 0 
34 19 19 4506.9 1355.01 2151.89 6035.72 34 0 0 
38 21 19 4444.37 1365.21 2079.16 4132.36 32 0 0 
38 22 19 4404.9 1339.46 2065.44 3837.37 31 0 0 
45 26 19 4398.1 1355.57 2042.53 3821.94 31 0 0 
46 26 19 4394.7 1383.52 2011.17 3860.8 31 0 0 
49 28 19 4392.99 1383.52 2009.46 3845.7 31 0 0 
49 28 19 4360.44 1374.89 1985.56 3771.04 31 0 0 
55 31 19 4350.25 1368.18 1982.07 3485.8 30 0 0 
55 31 19 4341.99 1368.18 1973.81 3440.13 30 0 0 
55 31 19 4339.66 1377.95 1961.7 3485.81 30 0 0 
56 32 19 4247.16 1311.76 1935.4 3270.74 30 0 0 
60 35 19 4188.57 1298.62 1889.95 3000.02 30 0 0 
60 35 19 4175.06 1301.65 1873.42 2954.76 29 0 0 
64 37 19 4158.99 1291.81 1867.19 3047.51 28 0 0 
65 37 19 4157.96 1291.81 1866.15 3054.64 28 0 0 
66 38 19 4135.48 1279.13 1856.36 2751.49 28 0 0 
68 39 19 4165.71 1315.5 1850.21 2839.72 27 0 0 
68 40 19 4115.37 1268.63 1846.74 2765.19 26 0 0 
76 45 19 4099.84 1260.54 1839.3 2740.8 26 0 0 
77 45 19 4087.37 1303.63 1783.74 2310.36 26 0 0 
86 51 19 3998.88 1219.6 1779.28 3329.51 26 0 0 
94 57 19 4208.23 1432.39 1775.85 3552.91 26 0 0 
98 60 19 4024.53 1320.26 1704.27 3015.04 26 0 0 
98 60 19 4013.83 1309.71 1704.12 2873.91 26 0 0 
101 62 19 3977.85 1310.93 1666.93 2276.24 26 0 0 
101 62 19 3961.83 1297.42 1664.41 2169.7 26 0 0 
107 66 19 3925.42 1275.11 1650.31 2276.36 26 0 0 
109 67 19 3927.41 1290.29 1637.12 2231.28 26 0 0 
110 68 19 3900.96 1271.11 1629.85 2092.12 25 0 0 
112 69 19 3869.98 1245.62 1624.36 2092.12 25 0 0 
121 74 19 3916.98 1299.47 1617.51 1514.16 23 0 0 
140 87 19 3907.11 1296.23 1610.88 1693.35 22 0 0 
142 88 19 3786.63 1189.2 1597.44 1709.9 22 0 0 
175 110 19 3873.67 1282.13 1591.54 1684.3 22 0 0 
309 197 19 3855.4 1295.63 1559.77 1871.26 22 0 0 
313 199 19 3659.58 1115.58 1544 1449.72 22 0 0 
320 204 19 3697.35 1166.03 1531.31 1613.24 22 0 0 
340 218 19 3507.64 1014.81 1492.83 1448.67 22 0 0 
347 222 19 3507.64 1018.22 1489.42 1430.75 21 0 0 
371 238 19 3519.42 1039.26 1480.16 1586.52 21 0 0 
373 239 19 3519.42 1044.56 1474.86 1655.16 21 0 0 
819 538 19 3501.09 1041.69 1459.4 1368.89 21 0 0 
833 547 19 3501.75 1048.31 1453.44 1316.18 21 0 0 
866 569 19 3490.57 1040.96 1449.61 1330.73 21 0 0 
866 569 19 3490.57 1041.53 1449.03 1391.5 21 0 0 
1556 1030 19 3486.35 1041.05 1445.3 1176.74 21 0 0 
1600 1058 19 3484.38 1040.91 1443.46 1227.07 21 0 0 
2199 1450 19 3512.82 1071.29 1441.53 1287.3 21 0 0 
2207 1455 19 3504.09 1064.99 1439.1 1268.54 21 0 0 
2208 1456 19 3507.99 1081.94 1426.05 1302.1 21 0 0 
2733 1807 19 3613.46 1188.91 1424.55 1537.92 21 0 0 
5848 3855 19 3230.42 818.416 1412 1329.59 21 0 0 
