0 0 19 6132.84 1325.43 3807.41 23015.3 87 80 1 
0 0 19 4945.81 1117.96 2827.84 9600.74 46 0 0 
0 0 19 4962.3 1138.83 2823.47 9412.63 45 0 0 
8 2 19 4931.53 1110.96 2820.57 7105.01 39 0 0 
10 4 19 4631.17 1063.35 2567.82 6688.22 37 0 0 
11 4 19 4556.39 994.389 2562 6777.47 36 0 0 
12 5 19 4611.26 1060.96 2550.3 6573.14 36 0 0 
12 5 19 4593.95 1059.59 2534.35 6450.9 35 0 0 
13 5 19 4483.06 999.82 2483.24 6284.49 34 0 0 
15 7 19 4495.67 1031.98 2463.69 6109.95 32 0 0 
18 8 19 4417.3 1015.39 2401.91 5181.83 32 0 0 
31 17 19 4386.68 1134.43 2252.25 5966.12 31 0 0 
33 18 19 4161.71 1108.74 2052.96 3606.48 31 0 0 
35 19 19 4155.74 1105.05 2050.69 3585.82 31 0 0 
36 20 19 4088.88 1047.31 2041.56 4641.45 31 0 0 
36 20 19 4191.28 1153.79 2037.49 4286.21 31 0 0 
38 21 19 4120.27 1106.64 2013.62 4025.16 30 0 0 
42 24 19 4105.83 1096.96 2008.87 3899.1 29 0 0 
42 24 19 4172.56 1173.57 1998.99 3492.99 27 0 0 
44 25 19 4151.72 1161.98 1989.73 3181.32 27 0 0 
44 25 19 4145.58 1165.87 1979.71 3197.92 27 0 0 
51 29 19 4102.33 1126.41 1975.92 3746.08 27 0 0 
53 30 19 4108.22 1163.55 1944.67 2228.93 25 0 0 
55 32 19 4115.29 1172.8 1942.49 2282.17 24 0 0 
60 34 19 3987.77 1111.66 1876.12 2211.85 24 0 0 
61 35 19 3994.43 1138.23 1856.21 2325.07 24 0 0 
80 47 19 3858.42 1054.22 1804.19 1975.7 24 0 0 
83 49 19 3890.99 1098.35 1792.64 2033.2 24 0 0 
125 77 19 3906.08 1206.67 1699.42 2179.1 24 0 0 
127 78 19 3884.99 1210.32 1674.67 1847.84 24 0 0 
132 81 19 3823.07 1197.96 1625.11 2365.52 24 0 0 
151 93 19 3811.17 1202.74 1608.42 2127.26 24 0 0 
172 107 19 3732.64 1132.65 1599.99 1655.59 24 0 0 
178 111 19 3727.71 1132.65 1595.06 1661.32 24 0 0 
180 112 19 3741.98 1151 1590.98 1752.78 24 0 0 
181 113 19 3730.29 1141.05 1589.24 1652.5 24 0 0 
182 113 19 3744.48 1167.75 1576.73 1721.09 24 0 0 
182 113 19 3708.28 1135.24 1573.04 1690.01 24 0 0 
190 119 19 3708.28 1140.42 1567.86 1644.08 24 0 0 
211 132 19 3703.35 1140.42 1562.92 1649.81 24 0 0 
317 202 19 3710.32 1150.68 1559.64 1833.38 24 0 0 
349 222 19 3597.73 1070.14 1527.59 1673.78 24 0 0 
392 251 19 3302.38 846.784 1455.6 1965.76 24 0 0 
671 426 19 3453.49 1003.65 1449.84 1754.4 24 0 0 
1239 794 19 3448.09 1037.75 1410.35 1519.36 24 0 0 
1496 962 19 3544.4 1169.57 1374.82 1730.44 24 0 0 
