Agent: 0ids: 48 19 17 39 31 14 35 22 43 9 33 11 29 0 7 25 18 38 6 32 2 8 37 10 15 34 12 1 49 26 45 21 5 36 16 46 3 13 44 28 30 23 27 41 40 47 
Agent: 1ids: 14 11 8 31 1 4 7 0 12 44 2 15 38 25 49 3 45 21 42 37 48 6 33 46 28 17 9 24 30 32 39 23 10 18 13 43 36 40 29 27 34 47 
Agent: 2ids: 14 6 5 32 29 0 22 38 24 30 3 13 37 43 15 8 33 16 9 36 
Agent: 3ids: 6 2 26 38 31 43 45 3 20 25 14 15 44 46 4 7 13 35 8 9 19 11 24 42 28 36 12 16 5 40 49 21 0 32 37 30 23 47 
Agent: 4ids: 7 13 1 44 35 2 29 47 10 12 30 11 31 39 23 28 19 43 16 48 40 37 
Agent: 5ids: 36 49 7 38 1 
Agent: 6ids: 49 15 34 11 43 44 25 12 41 47 27 0 33 16 39 22 42 6 8 36 48 26 40 1 20 28 31 9 2 17 38 10 32 18 3 35 46 14 21 13 29 
Agent: 7ids: 27 48 22 13 40 33 14 41 5 23 46 21 32 
Agent: 8ids: 21 41 19 29 5 15 44 8 24 26 27 40 4 10 20 6 12 46 31 37 7 23 0 9 49 18 36 30 16 3 14 43 22 38 47 45 17 13 2 48 1 34 11 39 
Agent: 9ids: 29 2 46 34 32 20 36 41 37 15 1 23 33 35 40 24 22 21 
Agent: 10ids: 49 13 38 46 26 48 29 9 15 20 44 8 5 21 0 3 2 30 40 36 14 22 39 37 47 7 32 42 41 
Agent: 11ids: 10 6 26 28 8 32 19 49 39 34 25 16 46 47 24 11 33 17 37 13 44 15 3 27 29 31 9 35 
Agent: 12ids: 9 5 16 17 43 15 24 21 36 7 46 6 12 34 47 42 25 14 30 45 35 44 38 2 
Agent: 13ids: 36 10 43 6 42 18 29 32 48 11 7 1 13 
Agent: 14ids: 4 9 7 21 16 11 43 5 15 44 36 41 13 39 46 40 45 14 2 1 32 23 18 30 33 0 38 10 27 48 8 37 6 12 35 19 28 22 17 47 31 42 26 25 20 
Agent: 15ids: 42 24 23 41 12 
Agent: 16ids: 29 25 48 13 20 31 40 46 24 21 17 32 19 49 38 16 28 14 7 23 8 1 26 15 33 41 30 
Agent: 17ids: 24 
Agent: 18ids: 33 27 47 19 24 9 3 5 45 4 20 44 39 49 31 11 22 
Agent: 19ids: 7 42 23 10 16 29 15 1 34 45 18 38 31 21 5 46 9 39 26 
Agent: 20ids: 1 22 38 27 15 25 46 39 23 49 32 41 45 48 2 11 34 21 4 40 24 33 37 17 35 18 20 0 
Agent: 21ids: 12 3 49 20 25 36 5 14 34 29 11 10 48 24 21 8 13 31 42 27 17 2 26 6 16 
Agent: 22ids: 36 29 16 38 14 0 9 4 13 26 40 25 18 
Agent: 23ids: 8 44 23 43 30 37 19 47 27 0 26 11 18 
Agent: 24ids: 11 12 13 49 1 33 44 5 37 26 36 7 16 18 10 21 27 23 4 14 24 43 3 25 46 34 8 47 48 2 0 9 22 45 42 39 30 
Agent: 25ids: 26 29 12 49 5 43 39 42 15 24 21 11 4 25 40 9 48 31 
Agent: 26ids: 40 30 47 41 33 46 35 49 14 26 27 13 42 36 34 43 15 10 1 44 3 18 31 
Agent: 27ids: 41 10 36 7 22 6 49 1 32 21 27 26 12 46 18 0 44 5 37 39 42 38 14 33 47 45 35 40 34 30 13 17 
Agent: 28ids: 4 18 17 31 
Agent: 29ids: 21 25 5 9 15 7 39 31 
Agent: 30ids: 24 32 41 7 28 13 27 40 1 39 17 23 25 48 9 10 30 29 4 44 20 22 33 19 31 42 8 12 47 45 46 0 6 43 38 34 18 2 3 15 16 5 37 21 26 36 11 35 14 
Agent: 31ids: 36 39 3 19 9 20 38 30 22 13 1 16 33 37 24 42 0 18 11 49 31 4 32 46 
Agent: 32ids: 8 7 38 3 39 17 27 9 
Agent: 33ids: 22 6 4 46 
Agent: 34ids: 23 9 7 43 36 15 19 35 10 42 30 26 25 33 47 48 1 
Agent: 35ids: 21 26 40 48 35 15 46 39 29 9 1 13 16 45 30 23 37 6 42 28 49 33 44 47 36 5 2 
Agent: 36ids: 42 32 
Agent: 37ids: 10 11 31 19 29 36 1 35 38 15 37 5 12 46 3 
Agent: 38ids: 19 38 8 37 12 16 18 29 28 10 1 24 0 23 5 2 45 40 32 17 22 4 31 21 15 27 13 7 43 
Agent: 39ids: 31 18 35 28 3 38 48 12 33 7 39 8 32 14 46 25 26 44 30 2 22 41 13 10 0 15 1 4 49 23 6 40 19 9 21 17 11 37 43 29 5 16 20 27 45 47 24 36 
Agent: 40ids: 34 24 38 18 17 49 29 16 3 7 45 37 26 43 35 22 12 40 32 15 28 6 25 39 23 1 4 
Agent: 41ids: 27 26 22 15 28 35 3 37 43 7 44 0 5 30 6 14 33 13 46 24 16 29 11 42 8 38 47 31 48 18 41 23 40 12 17 25 20 19 1 45 49 
Agent: 42ids: 36 39 47 20 25 18 6 29 41 48 44 31 33 0 22 9 10 37 12 8 17 49 13 43 3 11 46 35 2 45 24 14 4 34 5 1 26 21 16 38 19 40 27 32 15 42 28 7 
Agent: 43ids: 3 10 1 34 30 32 12 13 11 27 31 8 18 4 9 35 45 7 23 2 21 14 46 20 29 42 38 25 37 28 6 24 44 40 47 33 36 48 19 5 16 43 49 39 
Agent: 44ids: 1 49 3 24 10 0 30 41 29 4 43 33 5 26 38 45 6 16 22 21 14 18 25 28 15 11 20 40 44 42 35 46 32 27 17 37 48 23 47 8 34 7 
Agent: 45ids: 0 6 12 30 46 14 13 5 35 25 48 19 39 44 28 29 34 4 11 16 18 32 9 22 42 26 41 8 1 38 24 43 36 
Agent: 46ids: 24 49 43 47 39 41 20 23 14 33 22 0 31 7 37 15 10 36 26 11 38 48 13 9 30 5 32 34 35 19 2 21 8 12 17 6 16 40 42 46 28 4 1 25 45 3 29 
Agent: 47ids: 2 14 17 3 
Agent: 48ids: 37 48 44 38 40 13 41 9 
Agent: 49ids: 5 25 37 41 17 36 43 10 23 3 44 15 
0 0 14 6414.27 824.108 4590.17 40848.5 93 483 2 
0 0 14 5399.33 516.098 3883.23 24131.9 59 378 3 
0 0 14 5467.35 607.241 3860.11 21544.3 58 218 3 
1 0 14 5196.32 458.716 3737.6 22503.4 53 160 2 
4 1 14 5194.05 457.626 3736.43 22572.6 53 160 2 
5 2 14 5165.45 458.716 3706.73 22440 53 160 2 
5 3 14 5182.74 555.44 3627.3 16376.4 53 159 2 
5 3 14 5170.64 555.44 3615.2 16090.5 52 159 2 
8 4 14 5148.09 555.44 3592.65 15689.4 52 159 2 
8 4 14 5105.29 544.44 3560.85 16487 50 125 2 
8 5 14 5079.66 544.44 3535.22 16183.8 50 125 2 
10 6 14 4817.05 496.196 3320.85 14027.3 49 118 2 
11 7 14 4771.86 478.87 3292.99 13508.9 49 84 2 
15 10 14 4578.1 514.699 3063.4 13008 48 83 1 
17 12 14 4181.75 456.2 2725.55 10503.4 41 23 2 
17 12 14 4107.92 461.611 2646.31 9955.89 41 13 2 
24 17 14 4110.51 534.172 2576.34 9738.87 41 6 2 
28 21 14 3912.62 503.132 2409.48 7759.5 39 4 2 
31 23 14 3838.62 453.042 2385.58 6191.71 39 1 1 
32 24 14 3838.72 462.029 2376.69 6146.33 39 1 1 
32 24 14 3820.75 453.042 2367.71 6110.49 39 1 1 
32 24 14 3820.75 458.885 2361.87 6110.49 39 1 1 
36 27 14 3741.35 452.77 2288.58 5496.98 38 1 1 
46 35 14 3724.73 450.287 2274.44 5522.53 36 1 1 
47 36 14 3724.73 459.275 2265.45 5522.53 36 1 1 
47 36 14 3713.22 459.275 2253.95 5208.35 35 1 1 
48 37 14 3713.15 459.275 2253.88 5208.35 35 1 1 
52 41 14 3689.37 462.4 2226.97 5156.9 35 1 1 
52 41 14 3655.78 456.305 2199.47 4871.91 34 1 1 
52 41 14 3647.64 459.723 2187.91 4871.91 34 1 1 
53 41 14 3643.64 459.723 2183.92 4849.62 34 1 1 
53 41 14 3643.55 459.723 2183.82 4895.19 34 1 1 
53 41 14 3633.54 459.723 2173.82 4838.62 34 1 1 
55 43 14 3631.22 459.723 2171.5 4829.33 34 1 1 
56 44 14 3598.55 448.977 2149.57 4523.34 33 1 1 
58 45 14 3594.98 448.977 2146.01 4526.05 33 1 1 
59 46 14 3566.64 444.257 2122.38 4477.72 33 1 1 
73 58 14 3513.2 476.478 2036.72 4008.08 33 1 1 
75 59 14 3463.91 464.983 1998.92 3762.2 32 0 0 
125 104 14 3353.64 517.151 1836.49 3223.68 30 0 0 
139 117 14 3344.68 510.927 1833.76 2662.42 29 0 0 
167 142 14 3398.13 586.414 1811.72 3004.48 29 0 0 
169 143 14 3397.88 586.414 1811.46 2966.21 29 0 0 
169 144 14 3364.1 569.862 1794.24 2896.09 29 0 0 
169 144 14 3362.52 569.862 1792.66 2904.82 29 0 0 
170 145 14 3360.59 569.862 1790.73 2883.72 29 0 0 
173 147 14 3377.78 592.695 1785.09 2947.83 29 0 0 
212 181 14 3326.71 561.504 1765.21 2923.92 29 0 0 
264 224 14 3248.98 487.801 1761.18 2132.09 28 0 0 
268 228 14 3281.31 537.629 1743.68 2698.63 28 0 0 
269 229 14 3289.21 552.557 1736.65 2792.8 28 0 0 
269 229 14 3289.21 553.428 1735.78 2792.8 28 0 0 
277 236 14 3131.08 443.973 1687.11 2967.8 28 0 0 
285 243 14 3135.31 456.123 1679.19 2826 27 0 0 
288 244 14 3135.31 456.993 1678.32 2826 27 0 0 
420 358 14 3195.43 547.119 1648.31 2183.53 27 0 0 
547 467 14 3155.42 582.704 1572.72 1703.29 27 0 0 
718 610 14 3099.15 532.194 1566.95 1970.57 27 0 0 
721 612 14 3104.16 546.313 1557.84 1981.28 27 0 0 
721 612 14 2997.08 482.837 1514.25 1997.26 27 0 0 
741 629 14 2980.42 468.436 1511.99 1953.21 27 0 0 
756 642 14 2988.28 476.801 1511.48 1942.28 27 0 0 
768 651 14 2980.53 470.872 1509.66 1923.91 27 0 0 
776 658 14 2975.67 467.186 1508.48 1904.57 27 0 0 
786 666 14 2992.45 484.227 1508.22 1913.71 27 0 0 
791 671 14 2981.98 479.85 1502.13 1907 27 0 0 
796 675 14 2989.58 491.841 1497.74 1907 27 0 0 
845 717 14 2986.24 492.633 1493.6 1971.97 27 0 0 
898 762 14 2986.24 492.997 1493.24 1971.97 27 0 0 
922 783 14 2986.18 492.997 1493.18 1959.38 27 0 0 
930 790 14 2980.91 489.311 1491.6 1950.67 27 0 0 
952 808 14 2971.14 489.471 1481.67 1928.18 27 0 0 
968 822 14 2971.14 490.267 1480.88 1928.18 27 0 0 
1011 858 14 2974.14 494.077 1480.07 1937.18 27 0 0 
1017 863 14 2974.14 494.55 1479.59 1937.18 27 0 0 
1054 894 14 2975.58 506.227 1469.35 1898.12 27 0 0 
1073 911 14 2974.59 506.936 1467.65 1905.11 27 0 0 
1155 980 14 2990.14 523.008 1467.13 1941.67 27 0 0 
1166 989 14 2990.07 523.008 1467.07 1929.08 27 0 0 
1324 1125 14 2929.92 472.422 1457.5 1407.22 27 0 0 
1333 1132 14 2928.75 472.422 1456.33 1403.71 27 0 0 
1336 1135 14 2920.66 472.422 1448.24 1380.24 27 0 0 
1338 1137 14 2917.37 472.422 1444.95 1407.97 26 0 0 
1343 1141 14 2916.85 472.422 1444.43 1407.97 26 0 0 
1344 1142 14 2916.66 472.422 1444.24 1404.76 26 0 0 
1347 1145 14 2916.14 472.422 1443.72 1404.76 26 0 0 
1351 1148 14 2907.37 467.381 1439.99 1372.07 26 0 0 
1357 1153 14 2906.85 467.381 1439.47 1372.07 26 0 0 
1387 1180 14 2906.14 467.381 1438.76 1368.86 26 0 0 
1528 1301 14 2751.44 316.174 1435.27 1403.94 26 0 0 
1531 1304 14 2757.1 322.975 1434.13 1495.8 26 0 0 
1538 1310 14 2757.1 323.317 1433.78 1495.8 26 0 0 
1543 1314 14 2744.12 311.867 1432.25 1384.13 26 0 0 
1546 1317 14 2744.1 311.867 1432.23 1365.94 26 0 0 
1658 1414 14 2888.61 456.758 1431.85 1307.79 26 0 0 
1663 1418 14 2901.35 472.392 1428.96 1303.9 26 0 0 
1730 1476 14 2898.47 474.256 1424.22 1363.83 26 0 0 
1750 1493 14 2898.47 478.53 1419.94 1350.13 25 0 0 
1852 1581 14 2864.65 450.088 1414.56 1221.42 23 0 0 
1866 1594 14 2853.64 443.817 1409.82 1162.88 23 0 0 
1878 1605 14 2856.02 454.701 1401.32 1230.5 23 0 0 
2206 1892 14 2848.67 450.394 1398.28 1241.07 23 0 0 
2217 1901 14 2847.75 450.394 1397.35 1241.07 23 0 0 
2624 2255 14 2870.66 494.071 1376.58 1253.38 23 0 0 
3027 2597 14 2867.39 508.67 1358.72 1172.09 23 0 0 
3047 2614 14 2871.54 517.799 1353.74 1161.37 23 0 0 
3077 2639 14 2857.04 504.432 1352.61 1175.96 23 0 0 
3349 2871 14 2849.7 499.841 1349.86 1165.73 23 0 0 
