0 0 14 6377.6 772.683 4604.92 42752.9 91 449 2 
0 0 14 5397.17 554.456 3842.71 21115.1 60 209 4 
2 0 14 5438.25 623.867 3814.38 20156.5 57 207 5 
3 0 14 5233.93 555.316 3678.61 14184.1 52 78 2 
22 15 14 4541.65 563.371 2978.28 10213 52 65 2 
35 25 14 4334.32 437.636 2896.69 8418.01 50 61 2 
41 29 14 4463.51 613.537 2849.97 8865.77 50 53 2 
45 32 14 4465.29 626.741 2838.55 10051.1 47 29 1 
58 41 14 4401.93 574.608 2827.32 9564.07 45 29 1 
71 51 14 4425.84 624.188 2801.65 10206.8 45 22 1 
76 54 14 4404.37 624.188 2780.18 9782.61 45 22 1 
114 82 14 3965.42 541.76 2423.66 5886.83 42 5 1 
126 91 14 3742.68 538.509 2204.17 5842.05 41 0 0 
128 92 14 3739 539.041 2199.96 5814.73 41 0 0 
162 117 14 3636.97 586.924 2050.04 4065.12 31 0 0 
168 121 14 3557.76 560.259 1997.5 3464.98 31 0 0 
241 175 14 3422.1 450.121 1971.98 2742.63 30 0 0 
242 176 14 3421.99 472.762 1949.23 2646.56 29 0 0 
244 178 14 3426.64 558.289 1868.35 3752.33 29 0 0 
342 248 14 3368.26 526.32 1841.94 2845.5 29 0 0 
342 248 14 3367.67 526.32 1841.35 2900.64 29 0 0 
342 248 14 3356.38 526.32 1830.06 2914.01 29 0 0 
637 462 14 3235.96 456.6 1779.36 2672.63 28 0 0 
738 536 14 3165.5 415.482 1750.02 1680.34 25 0 0 
764 556 14 3145.51 475.834 1669.68 1655.5 24 0 0 
1058 774 14 2990.61 427.266 1563.35 1858.02 24 0 0 
2362 1735 14 3079.29 521.218 1558.07 1369.62 24 0 0 
2385 1752 14 3006.85 456.688 1550.16 1109.99 23 0 0 
3556 2624 14 2934.17 405.268 1528.9 1427.68 23 0 0 
3601 2657 14 3038.09 524.082 1514.01 1283.89 23 0 0 
3638 2685 14 2915.33 449.159 1466.17 1372.53 23 0 0 
3950 2917 14 2853.3 407.789 1445.51 1330 23 0 0 
4926 3643 14 2858.1 422.127 1435.98 1138.11 23 0 0 
4995 3692 14 2875.58 443.161 1432.42 1237.6 23 0 0 
5002 3697 14 2882.35 450.111 1432.24 1349.83 23 0 0 
5086 3760 14 2855.01 431.935 1423.07 1102.8 23 0 0 
5164 3818 14 2859 449.314 1409.69 1349.2 23 0 0 
5165 3818 14 2827.93 421.314 1406.62 1006.3 23 0 0 
6370 4715 14 2749.8 344.579 1405.22 1652.32 23 0 0 
6375 4718 14 2734.38 329.442 1404.94 1458.84 23 0 0 
