0 0 14 6882.89 854.959 5027.93 38409.4 92 387 2 
7 2 14 4535.72 465.295 3070.43 10138.8 40 75 3 
7 2 14 4455.21 463.032 2992.18 9384.71 39 68 3 
11 4 14 4337.02 434.906 2902.12 8215.59 37 22 2 
12 5 14 4284.98 424.012 2860.97 7720.5 37 22 2 
14 6 14 4296.08 442.411 2853.67 7720.5 37 22 2 
25 13 14 3937.33 464.942 2472.39 7025.81 36 19 2 
26 13 14 3945.12 474.179 2470.94 7069.32 36 19 2 
29 15 14 3814.59 433.567 2381.02 5779.55 33 19 2 
31 16 14 3809.7 445.786 2363.91 5798.73 33 19 2 
32 17 14 3805.7 443.742 2361.96 5798.73 33 19 2 
33 18 14 3769.38 448.758 2320.62 5511.19 33 14 1 
45 25 14 3701.87 500.58 2201.29 4401.51 33 0 0 
70 40 14 3609.91 560.467 2049.44 3986.82 32 0 0 
70 40 14 3592.86 564.615 2028.25 3833.4 32 0 0 
71 41 14 3331.73 405.448 1926.28 3438.09 31 0 0 
126 76 14 3323.37 576.115 1747.26 2431.94 28 0 0 
133 81 14 3312.13 576.115 1736.02 2440.15 28 0 0 
193 120 14 3261.04 528.136 1732.9 2513.82 28 0 0 
196 122 14 3157.32 471.589 1685.74 2775.51 28 0 0 
199 123 14 3135.25 471.589 1663.66 2658.25 28 0 0 
199 124 14 3273.46 614.296 1659.16 2300.82 28 0 0 
200 124 14 3237.69 580.553 1657.13 2110.76 27 0 0 
383 242 14 3263.82 630.81 1633.01 2219.73 27 0 0 
780 505 14 3031.35 564.933 1466.42 2133.81 27 0 0 
1801 1174 14 3128.23 665.719 1462.51 1743.01 27 0 0 
1851 1207 14 3120.05 679.097 1440.96 1623.2 27 0 0 
1890 1233 14 2978.14 541.085 1437.06 1881.88 27 0 0 
1965 1284 14 3097.42 668.888 1428.53 1711.41 25 0 0 
2105 1375 14 3100.3 682.849 1417.45 1795.23 25 0 0 
2354 1541 14 3120.38 720.514 1399.87 2053.18 25 0 0 
5535 3643 14 3068.22 687.222 1381 1659.88 25 0 0 
