Agent: 0ids: 22 10 49 3 7 15 21 20 47 4 39 40 27 48 23 13 32 8 0 14 16 1 41 30 46 25 17 42 9 29 6 36 24 43 44 35 34 5 11 
Agent: 1ids: 39 25 8 2 5 11 6 21 18 31 37 30 7 42 41 26 19 3 10 29 
Agent: 2ids: 26 45 41 42 18 28 35 10 7 2 14 36 8 30 21 6 27 29 38 20 46 31 34 43 
Agent: 3ids: 3 5 40 21 28 43 38 36 44 9 42 6 19 30 46 33 29 49 31 15 20 16 8 1 35 39 24 14 26 18 34 13 32 27 2 10 0 11 45 25 41 23 37 48 17 47 22 7 4 
Agent: 4ids: 26 18 47 19 17 25 23 10 31 3 1 33 32 4 13 43 29 44 6 27 7 20 21 2 14 49 9 
Agent: 5ids: 11 29 48 44 8 13 4 18 15 2 22 14 30 41 37 0 47 43 12 26 25 17 3 34 6 46 
Agent: 6ids: 36 
Agent: 7ids: 42 10 13 30 11 14 24 25 43 35 48 36 5 6 21 9 19 37 39 12 23 4 18 32 34 45 27 47 46 49 17 8 3 2 15 33 40 1 41 20 7 29 31 0 26 44 
Agent: 8ids: 35 7 15 43 3 
Agent: 9ids: 35 30 33 19 41 4 40 42 21 22 20 6 24 
Agent: 10ids: 17 48 4 40 16 3 24 20 41 5 39 25 12 31 35 47 13 30 44 21 14 38 6 27 28 9 19 7 32 23 42 36 46 43 18 15 
Agent: 11ids: 19 4 35 49 23 8 38 29 10 46 48 42 25 11 1 20 31 45 36 26 33 39 47 27 41 28 40 15 7 44 3 37 0 24 6 
Agent: 12ids: 46 17 34 7 47 26 41 12 16 35 28 22 40 8 3 2 6 13 44 38 9 18 48 11 43 42 25 33 31 
Agent: 13ids: 48 37 7 46 44 15 2 31 28 43 
Agent: 14ids: 18 6 17 12 43 30 26 27 1 37 16 2 44 21 47 5 25 0 10 19 20 49 46 24 31 8 23 
Agent: 15ids: 14 21 43 6 42 
Agent: 16ids: 0 16 21 44 28 37 
Agent: 17ids: 23 4 22 31 48 49 2 27 0 35 18 5 47 9 42 21 10 
Agent: 18ids: 2 19 13 1 20 11 37 4 40 23 39 8 10 14 44 26 12 41 46 9 5 47 45 32 36 16 28 7 30 49 42 6 34 15 21 22 27 3 33 25 24 
Agent: 19ids: 7 
Agent: 20ids: 29 37 27 17 32 5 33 38 23 39 48 42 25 35 3 11 15 10 18 2 41 34 22 28 1 20 47 6 30 
Agent: 21ids: 35 29 11 18 34 21 8 0 13 33 39 1 15 24 27 47 20 40 5 31 
Agent: 22ids: 40 14 2 26 34 37 41 9 30 10 17 13 8 7 15 49 38 25 3 45 31 11 0 
Agent: 23ids: 37 38 2 20 47 35 28 41 5 9 17 48 46 39 22 44 11 0 21 49 45 30 34 32 27 3 14 19 1 43 16 42 33 18 8 15 40 24 26 
Agent: 24ids: 29 21 40 36 25 46 49 17 5 34 13 12 27 39 38 33 26 14 45 42 44 1 43 0 20 18 19 
Agent: 25ids: 13 7 15 35 10 5 4 28 6 49 25 20 46 44 1 32 45 40 30 16 19 23 17 27 24 2 26 36 22 18 43 21 33 9 0 34 31 14 8 37 41 38 12 48 39 11 47 42 3 
Agent: 26ids: 15 32 44 45 0 43 47 1 12 30 35 10 38 17 25 39 40 5 7 29 24 22 37 27 16 8 
Agent: 27ids: 19 35 16 11 1 9 24 20 18 22 23 37 33 5 2 39 47 44 30 10 36 43 45 13 12 27 42 31 21 28 17 32 26 4 48 6 29 25 15 38 34 46 49 40 0 
Agent: 28ids: 6 47 12 41 28 37 34 31 17 27 9 0 36 
Agent: 29ids: 20 47 40 33 24 39 15 19 45 11 43 34 1 17 8 5 10 9 22 23 
Agent: 30ids: 4 28 24 29 22 6 36 33 21 32 34 46 43 47 5 12 20 45 23 42 25 3 38 1 40 18 13 15 44 48 9 16 2 26 10 35 49 31 19 27 11 14 7 41 39 8 17 37 
Agent: 31ids: 37 29 4 36 15 30 24 6 32 13 19 39 8 3 34 22 9 7 2 26 17 43 25 40 16 27 12 35 44 38 10 5 11 47 14 45 31 28 48 1 0 
Agent: 32ids: 25 45 44 40 20 33 3 39 42 9 7 47 
Agent: 33ids: 16 1 17 42 15 26 33 44 47 5 35 11 4 8 14 10 45 34 46 7 37 32 13 30 41 18 12 
Agent: 34ids: 23 25 28 5 38 10 27 17 4 18 44 12 31 45 
Agent: 35ids: 35 31 12 44 27 6 42 47 11 21 28 45 36 13 10 41 17 18 43 40 49 37 3 30 22 7 33 23 25 46 8 24 38 19 4 14 9 48 1 0 5 20 29 2 32 39 34 16 
Agent: 36ids: 0 34 30 26 19 15 16 47 29 21 38 40 18 4 49 48 31 20 17 22 14 24 3 43 11 5 6 28 37 45 9 32 12 36 41 46 
Agent: 37ids: 33 14 28 15 9 38 20 26 3 49 45 36 44 
Agent: 38ids: 23 13 42 36 45 7 25 4 48 15 46 17 44 5 37 19 0 34 6 40 39 27 47 1 20 22 10 43 33 3 28 24 31 26 30 11 41 14 16 9 
Agent: 39ids: 8 42 20 41 9 30 15 4 32 21 14 18 47 22 
Agent: 40ids: 6 15 13 16 37 
Agent: 41ids: 17 11 10 14 15 20 27 0 2 1 25 29 42 48 6 28 38 9 34 12 46 36 45 26 41 37 39 31 22 47 5 24 49 23 43 3 21 40 19 
Agent: 42ids: 15 8 1 6 36 39 40 3 18 0 43 11 16 48 
Agent: 43ids: 42 2 43 30 25 27 22 47 40 31 33 
Agent: 44ids: 44 25 12 17 37 40 26 38 22 33 24 45 9 43 1 7 28 46 8 15 48 6 35 5 36 41 42 27 47 3 14 4 32 34 16 18 13 10 21 
Agent: 45ids: 22 32 48 15 41 42 46 17 27 25 34 6 35 5 38 9 23 16 39 45 13 19 43 26 21 28 36 0 3 30 40 49 31 24 14 12 
Agent: 46ids: 27 45 2 13 17 44 8 41 48 3 29 
Agent: 47ids: 36 15 19 22 29 18 
Agent: 48ids: 15 35 49 36 33 26 48 44 6 38 40 27 18 3 0 29 
Agent: 49ids: 10 45 46 43 16 13 11 21 34 42 17 28 
0 0 14 6210.82 687.961 4522.86 31665.4 93 338 4 
0 0 14 5253.65 549.676 3703.98 21639 59 281 3 
0 0 14 5195.41 673.627 3521.78 18728.9 59 176 3 
3 1 14 5175.29 680.246 3495.04 18587.8 59 176 3 
5 2 14 4922.79 666.091 3256.7 13792.4 50 163 3 
6 3 14 4775.91 578.2 3197.71 12550.7 46 126 3 
15 9 14 4471.4 527.785 2943.61 9113.01 38 64 3 
16 10 14 4446.88 547.724 2899.15 8915.75 37 56 2 
20 13 14 4051.98 444.617 2607.36 6488.6 35 51 1 
20 13 14 4027.22 434.535 2592.69 6270.81 34 51 1 
21 14 14 4014.82 422.974 2591.84 6042.25 33 51 1 
22 14 14 3920.76 382.329 2538.43 5921.48 33 51 1 
22 15 14 3922.53 395.234 2527.29 5959.97 33 51 1 
29 20 14 3850.71 431.254 2419.46 5178.02 33 51 1 
33 23 14 3816.9 409.725 2407.17 5013.62 32 51 1 
34 24 14 3817.65 410.692 2406.96 4612.77 29 51 1 
36 26 14 3810.21 414.745 2395.46 4581.65 29 41 1 
40 29 14 3712.1 415.09 2297.01 4099.47 28 31 1 
41 30 14 3635.3 417.493 2217.81 4107.34 28 31 1 
41 30 14 3580.63 409.82 2170.81 4038 28 31 1 
42 31 14 3585.8 421.291 2164.5 4075.54 28 31 1 
42 31 14 3543.03 410.812 2132.21 3710.8 28 31 1 
44 33 14 3531.33 403.543 2127.78 4004.29 28 31 1 
46 34 14 3526.16 402.401 2123.76 3966.74 28 31 1 
46 34 14 3513.93 392.071 2121.86 3873.14 28 31 1 
47 35 14 3548.43 435.434 2113 3671.1 27 31 1 
47 35 14 3497.86 393.976 2103.88 3776.89 27 16 2 
62 48 14 3469.44 444.251 2025.19 3217.75 27 11 1 
63 48 14 3423.24 409.683 2013.56 2997.02 27 11 1 
65 50 14 3427.74 422.588 2005.15 2997.02 27 11 1 
68 52 14 3456.99 491.721 1965.27 2555.66 26 11 1 
69 53 14 3394.01 437.626 1956.38 2472.24 25 11 1 
70 54 14 3385.63 430.012 1955.62 2341.29 25 11 1 
71 55 14 3381.61 430.224 1951.38 2362.91 25 11 1 
73 56 14 3377.63 430.224 1947.41 2358.04 25 11 1 
73 56 14 3365.79 430.224 1935.57 2334.3 25 0 0 
146 116 14 3120.86 465.531 1655.33 1629.47 25 0 0 
147 117 14 3120.34 465.531 1654.81 1622.44 25 0 0 
148 118 14 3110.85 460.6 1650.25 1664.88 25 0 0 
148 118 14 3126.12 487.423 1638.7 1679.42 25 0 0 
149 119 14 3114.19 479.396 1634.8 1657.97 25 0 0 
149 119 14 3091.49 465.531 1625.95 1460.25 25 0 0 
151 120 14 3104.19 479.396 1624.8 1624.71 25 0 0 
158 126 14 3108.81 500.184 1608.62 1668.92 25 0 0 
158 126 14 3107.8 504.729 1603.07 1664.75 25 0 0 
206 168 14 3210.75 623.525 1587.22 1747.25 25 0 0 
226 184 14 3207.23 623.525 1583.71 1631.77 25 0 0 
228 186 14 3185.14 607.505 1577.63 1704.34 25 0 0 
265 218 14 3148.51 584.558 1563.95 1838.1 25 0 0 
443 365 14 3019.35 475.058 1544.29 1593.53 20 0 0 
5337 4499 14 3077.29 534.966 1542.32 1729.39 20 0 0 
