0 0 14 7050.33 994.981 5055.35 31327.8 90 181 4 
0 0 14 5691.75 690.11 4001.64 15975.5 57 86 2 
11 8 14 5036.83 659.517 3377.31 14460.4 54 24 1 
34 24 14 4476.6 579.766 2896.84 10697.3 48 24 2 
36 25 14 4163.27 548.858 2614.41 8849.14 44 24 2 
52 37 14 4028.65 454.253 2574.4 7527.58 43 22 1 
72 51 14 3995.17 551.472 2443.7 7167.1 40 13 1 
90 64 14 3767.71 429.331 2338.38 4135.02 37 2 1 
91 65 14 3702.87 462.534 2240.34 3938.47 37 0 0 
136 99 14 3534.13 528.444 2005.69 3647.79 37 0 0 
136 99 14 3541.44 539.661 2001.77 3726.74 37 0 0 
171 124 14 3472.8 561.351 1911.45 3415.89 36 0 0 
172 124 14 3297.23 398.348 1898.88 3747.42 36 0 0 
184 133 14 3452.91 554.584 1898.32 3506.77 35 0 0 
188 136 14 3444.22 554.584 1889.63 3460.79 35 0 0 
192 139 14 3439.51 554.061 1885.45 3402.14 35 0 0 
212 154 14 3359.5 518.398 1841.1 2909.42 34 0 0 
234 170 14 3312.17 472.493 1839.68 2781.81 33 0 0 
260 188 14 3223.02 388.171 1834.85 3314.13 33 0 0 
260 188 14 3206.54 381.53 1825.01 3291.31 33 0 0 
275 199 14 3262.73 476.735 1785.99 2686.62 31 0 0 
282 204 14 3251.26 476.735 1774.52 2692.28 31 0 0 
288 209 14 3293.83 531.706 1762.12 2669.55 30 0 0 
325 236 14 3230.7 504.459 1726.24 3041.59 30 0 0 
338 245 14 3283.76 560.629 1723.13 2764.79 30 0 0 
348 253 14 3264.89 562.214 1702.67 2556.43 29 0 0 
374 272 14 3256.68 561.116 1695.57 2446.34 29 0 0 
395 287 14 3255.02 561.116 1693.91 2213.88 29 0 0 
400 291 14 3203.43 545.006 1658.42 2288.77 29 0 0 
406 295 14 3141.8 499.971 1641.83 1852.52 27 0 0 
432 314 14 3144.27 506.038 1638.23 1723.73 26 0 0 
434 316 14 3026.61 427.733 1598.87 1951.93 26 0 0 
460 334 14 3155.01 574.702 1580.31 2057.69 26 0 0 
466 339 14 3100.55 535.166 1565.38 1755.06 25 0 0 
485 353 14 2978.59 461.104 1517.49 1757.94 25 0 0 
526 384 14 2970.64 457.297 1513.35 1806.58 25 0 0 
526 384 14 2979.13 470.292 1508.84 1759.03 25 0 0 
528 385 14 2979.13 471.285 1507.85 1759.03 25 0 0 
543 396 14 2976.08 471.285 1504.79 1720.36 25 0 0 
551 402 14 2974.03 471.686 1502.35 1758.38 24 0 0 
556 406 14 2974.03 475.229 1498.81 1758.38 24 0 0 
575 420 14 2972.98 474.311 1498.67 1756.27 24 0 0 
660 483 14 2920.92 424.85 1496.07 1679.23 24 0 0 
677 495 14 2902.79 408.48 1494.31 1679.23 24 0 0 
711 521 14 2926.15 438.597 1487.55 1869.31 24 0 0 
841 616 14 2806.56 319.472 1487.09 1701.76 24 0 0 
882 647 14 2806.56 319.909 1486.65 1701.76 24 0 0 
898 658 14 2799.31 323.505 1475.8 1411.24 23 0 0 
900 659 14 2799.31 324.375 1474.93 1411.24 23 0 0 
909 666 14 2793.32 319.239 1474.08 1405.04 23 0 0 
999 731 14 2819.98 351.937 1468.04 1685.15 23 0 0 
1026 751 14 2798.33 339.078 1459.25 1512.55 23 0 0 
1083 793 14 2798.6 352.924 1445.67 1518.22 23 0 0 
1138 833 14 2873.86 428.718 1445.14 1392.29 23 0 0 
2513 1833 14 2997.11 562.01 1435.1 1357.34 23 0 0 
2527 1843 14 2899.96 467.797 1432.16 1423.65 23 0 0 
2665 1942 14 2899.93 468.933 1431 1451.68 23 0 0 
3932 2873 14 2879.58 455.793 1423.79 1393.36 23 0 0 
3938 2877 14 2879.45 455.874 1423.58 1389.68 23 0 0 
