0 0 14 6817.42 824.1 4993.32 87390.8 89 633 2 
0 0 14 5563.71 621.387 3942.32 29170 62 393 3 
0 0 14 5350.47 524.295 3826.17 22928 56 333 4 
0 0 14 5202.25 620.617 3581.63 20546 56 290 3 
1 0 14 5106.12 566.216 3539.91 19859.6 54 288 3 
3 1 14 4928.4 395.052 3533.35 11175.5 46 134 1 
3 1 14 4739.27 348.656 3390.61 10174.2 46 134 1 
9 6 14 4770.34 439.076 3331.26 10571.1 42 93 1 
10 7 14 4678.2 500.278 3177.92 10114.4 42 66 1 
11 8 14 4686.42 510.085 3176.33 10122.6 42 66 1 
12 8 14 4460.84 401.561 3059.28 8494.12 42 66 1 
12 8 14 4469.06 411.368 3057.69 8551.65 42 66 1 
12 9 14 4441.24 439.014 3002.23 8400.63 42 66 1 
13 9 14 4408.82 427.237 2981.59 7754.43 38 30 1 
35 26 14 4126.89 481.959 2644.93 7037.58 37 25 1 
54 41 14 3990.03 477.612 2512.42 6319.91 37 13 1 
79 60 14 3971.3 495.305 2476 6255.77 37 8 1 
117 91 14 3727.27 588.875 2138.39 6107.94 37 1 1 
119 92 14 3718.52 588.875 2129.65 6012.33 37 1 1 
172 135 14 3532.88 492.854 2040.03 3903.42 36 0 0 
172 135 14 3555.88 528.32 2027.56 4195.69 36 0 0 
174 136 14 3481.49 492.854 1988.64 3640.61 35 0 0 
178 140 14 3492.03 533.071 1958.96 3532.51 35 0 0 
179 141 14 3468.73 533.071 1935.66 3495.79 35 0 0 
192 151 14 3354.37 478.318 1876.06 3491.1 33 0 0 
193 152 14 3318.85 478.256 1840.6 3309.96 33 0 0 
193 152 14 3328.86 488.318 1840.54 3305.19 33 0 0 
193 152 14 3313.93 487.857 1826.08 3262.84 33 0 0 
194 152 14 3315.73 497.919 1817.81 3103.08 33 0 0 
201 158 14 3305.37 487.857 1817.52 3123.84 32 0 0 
207 163 14 3243.49 490.273 1753.22 2746.85 32 0 0 
214 169 14 3230.65 479.039 1751.61 2604.27 32 0 0 
235 186 14 3127.11 376.202 1750.91 2790.39 31 0 0 
239 190 14 3126.6 376.202 1750.39 2790.39 31 0 0 
239 190 14 3136.35 386.209 1750.14 2800.15 31 0 0 
242 192 14 3363.5 643.169 1720.33 3076.95 31 0 0 
242 192 14 3363.5 645.492 1718 3076.95 31 0 0 
247 196 14 3205.16 487.674 1717.49 3402.01 31 0 0 
249 198 14 3216.7 513.771 1702.93 2400.36 31 0 0 
252 200 14 3277.86 583.288 1694.57 2898.17 31 0 0 
273 217 14 3075.05 412.535 1662.52 2146.91 30 0 0 
273 217 14 3035.52 391.063 1644.46 2146.91 30 0 0 
277 220 14 3023.74 380.986 1642.75 2040.98 29 0 0 
278 221 14 3001.22 380.986 1620.23 1997.61 29 0 0 
281 224 14 2975.66 372.298 1603.36 1997.12 29 0 0 
296 237 14 3136.27 549.53 1586.74 2092.99 29 0 0 
297 238 14 3025.19 438.464 1586.73 2045.27 27 0 0 
312 251 14 2971.55 408.604 1562.95 1905.05 27 0 0 
322 259 14 3027.45 466.126 1561.32 2121.97 26 0 0 
322 259 14 3027.45 477.314 1550.13 2121.97 26 0 0 
365 295 14 3012.12 482.741 1529.38 2034.21 26 0 0 
370 300 14 3004.67 479.374 1525.29 1984.38 26 0 0 
390 316 14 2972.35 449.217 1523.13 1844.8 26 0 0 
482 393 14 2988.55 493.91 1494.64 1803.68 26 0 0 
520 426 14 2976.7 510.652 1466.04 1738.95 26 0 0 
520 426 14 2968.79 510.652 1458.14 1722.95 26 0 0 
521 427 14 2968.38 510.757 1457.62 1722.95 26 0 0 
600 494 14 2990.37 533.335 1457.03 1733.21 26 0 0 
820 680 14 2778.01 328.415 1449.6 1524.83 26 0 0 
831 690 14 2764.29 317.185 1447.11 1485.38 25 0 0 
881 732 14 2880.51 435.441 1445.06 1778.79 25 0 0 
888 737 14 2900.74 456.567 1444.17 1807.99 25 0 0 
900 748 14 2915.55 473.629 1441.92 1820.34 25 0 0 
905 752 14 2853.98 419.926 1434.06 1787.85 25 0 0 
1057 879 14 2822.47 406.693 1415.77 1702.19 25 0 0 
1225 1023 14 2827.52 412.67 1414.85 1735.97 25 0 0 
1243 1038 14 2814.7 414.837 1399.86 1678.24 25 0 0 
1473 1237 14 2710.37 311.158 1399.21 1595.02 25 0 0 
1493 1254 14 2829.74 434.937 1394.8 1779.4 25 0 0 
1852 1561 14 2739.28 347.854 1391.43 1984.29 25 0 0 
2550 2154 14 2848.74 460.331 1388.41 2044.59 25 0 0 
2597 2195 14 2847.3 459.048 1388.25 2031.15 25 0 0 
2611 2206 14 2856.46 475.449 1381.01 2016.35 25 0 0 
2618 2212 14 2854.22 475.449 1378.78 2001.03 25 0 0 
2705 2288 14 2852.78 475.393 1377.39 1987.58 25 0 0 
3005 2545 14 2857.11 480.512 1376.6 1877.86 25 0 0 
3076 2606 14 2857.38 480.925 1376.45 1708.57 25 0 0 
3153 2673 14 2850.1 476.547 1373.55 1705.05 25 0 0 
3359 2853 14 2843.8 473.659 1370.14 1700.86 25 0 0 
4699 3998 14 2749.49 381.356 1368.14 1700.3 25 0 0 
4715 4011 14 2847.77 483.303 1364.47 1817.43 25 0 0 
