0 0 14 6345.76 496.491 4849.27 43637.8 91 441 4 
1 0 14 5435.01 552.39 3882.62 20680.7 58 202 1 
3 1 14 5205.83 580.009 3625.82 16069.9 56 128 4 
4 2 14 5187.69 608.91 3578.78 16125.6 55 121 4 
9 6 14 4839.92 615.525 3224.39 14929 51 115 2 
11 7 14 4682.79 597.988 3084.81 14082.5 51 115 2 
11 7 14 4672.19 597.988 3074.2 14060 51 115 2 
14 8 14 4709.72 653.923 3055.8 14427.7 50 107 3 
15 9 14 4258.49 489.039 2769.45 9121.53 47 82 2 
15 10 14 4199.15 477.215 2721.94 8714.49 47 82 2 
16 10 14 4155.59 464.837 2690.76 7884.29 46 69 2 
17 11 14 4155.59 466.528 2689.07 7884.29 46 69 2 
20 13 14 4074.88 391.48 2683.4 7263.41 40 57 2 
26 18 14 4068.92 542.718 2526.2 7021.46 40 24 2 
38 27 14 3948 541.247 2406.76 6209.52 40 7 1 
38 27 14 3928.9 529.409 2399.49 5828.19 39 7 1 
39 28 14 3928.77 531.1 2397.67 5828.1 39 7 1 
39 28 14 3878.37 494.348 2384.03 5766.86 39 7 1 
40 29 14 3840.03 494.348 2345.68 5730.28 39 7 1 
43 31 14 3838.23 492.658 2345.57 5711.27 39 7 1 
43 31 14 3838.23 494.006 2344.22 5711.27 39 7 1 
44 32 14 3806.24 470.986 2335.25 5385.22 37 7 1 
62 46 14 3578.08 432.761 2145.32 4447.33 37 0 0 
67 50 14 3599.07 470.803 2128.26 3655.68 34 0 0 
68 51 14 3599.07 472.494 2126.57 3655.68 34 0 0 
69 51 14 3592.01 487.821 2104.19 3878.97 34 0 0 
70 52 14 3592.01 489.512 2102.5 3878.97 34 0 0 
71 52 14 3589.84 489.512 2100.33 3726.96 34 0 0 
75 55 14 3520.66 439.979 2080.68 3539.5 33 0 0 
75 56 14 3520.66 444.85 2075.81 3539.5 33 0 0 
75 56 14 3507.16 431.67 2075.49 3347.45 33 0 0 
76 57 14 3507.16 433.159 2074.01 3347.45 33 0 0 
86 65 14 3493.41 466.813 2026.6 3015.57 33 0 0 
101 77 14 3269.8 440.814 1828.99 2264.49 33 0 0 
102 78 14 3262.88 441.759 1821.12 2389.92 33 0 0 
103 79 14 3261.86 440.814 1821.04 2389.92 33 0 0 
104 79 14 3258.16 437.796 1820.37 2366.86 32 0 0 
105 80 14 3260.06 440.135 1819.92 2339.73 32 0 0 
106 81 14 3259.04 439.191 1819.85 2339.73 32 0 0 
109 83 14 3259.45 536.469 1722.98 2147.96 32 0 0 
110 84 14 3270.69 551.075 1719.61 2170.43 32 0 0 
115 88 14 3237.47 564.879 1672.59 1956 32 0 0 
116 88 14 3236.51 586.625 1649.89 1889.87 32 0 0 
118 90 14 3235.98 586.625 1649.35 1890.74 32 0 0 
119 90 14 3233.88 586.625 1647.25 1889.21 32 0 0 
119 91 14 3231.89 586.625 1645.26 1912.91 31 0 0 
127 97 14 3219.9 574.732 1645.17 1712.69 31 0 0 
129 99 14 3208.59 574.732 1633.86 1776.66 30 0 0 
131 101 14 3206.17 574.732 1631.44 1772.99 30 0 0 
132 102 14 3206.17 574.866 1631.31 1772.99 30 0 0 
138 107 14 3225.92 602.431 1623.49 1844.65 30 0 0 
138 107 14 3219.22 600.83 1618.39 1821.58 30 0 0 
142 110 14 3203.71 591.718 1612 1751.16 29 0 0 
144 112 14 3203.61 591.718 1611.89 1751.06 29 0 0 
154 120 14 3212.27 603.851 1608.42 1793.81 29 0 0 
155 121 14 3201.02 594.595 1606.43 1770.14 29 0 0 
304 244 14 3183.82 609.26 1574.56 2139.6 29 0 0 
354 286 14 3166.34 607.074 1559.26 2058.3 29 0 0 
443 359 14 3197.86 642.35 1555.51 2036.18 29 0 0 
445 361 14 3206.83 687.839 1518.99 2010.29 29 0 0 
447 362 14 3206.83 694.911 1511.92 2010.29 29 0 0 
454 368 14 3176.47 664.96 1511.51 2085 29 0 0 
463 376 14 3162.94 663.63 1499.31 2066.77 29 0 0 
473 384 14 3041.77 576.508 1465.26 2088.44 29 0 0 
485 395 14 3044.54 579.667 1464.87 2093.77 29 0 0 
488 397 14 3030.32 571.508 1458.81 2106.2 29 0 0 
503 410 14 3034.11 577.514 1456.59 2109.98 29 0 0 
517 421 14 3048.09 593.377 1454.71 2109.98 29 0 0 
519 422 14 3048.09 595.169 1452.92 2108.19 29 0 0 
528 430 14 3048.09 602.328 1445.76 2113.52 29 0 0 
532 433 14 3048.09 603.764 1444.32 2113.52 29 0 0 
535 436 14 3055.51 614.559 1440.95 2170.13 29 0 0 
539 439 14 3051.87 610.978 1440.89 2073.38 29 0 0 
541 442 14 3043.31 604.568 1438.74 2056.28 29 0 0 
556 454 14 3043.31 605.739 1437.57 2056.28 29 0 0 
805 665 14 3050.94 614.733 1436.21 2058.95 29 0 0 
819 677 14 3033.77 600.128 1433.64 1921.12 28 0 0 
926 765 14 2962.84 529.718 1433.12 1538.32 28 0 0 
936 773 14 2972.54 544.323 1428.21 1608.63 28 0 0 
940 776 14 2962.87 536.063 1426.81 1567.32 27 0 0 
948 784 14 2958.01 531.549 1426.46 1625.34 27 0 0 
948 784 14 2946.85 524.871 1421.98 1554.75 26 0 0 
1030 850 14 2957.83 536.037 1421.8 1682.14 26 0 0 
1047 864 14 2955.44 536.766 1418.67 1571.34 26 0 0 
1054 869 14 2955.44 537.994 1417.44 1563.34 26 0 0 
1071 884 14 2952.3 535.728 1416.57 1516.62 26 0 0 
1082 893 14 2950.28 535.728 1414.55 1516.38 26 0 0 
1133 934 14 2946.33 535.728 1410.6 1516.87 26 0 0 
1177 971 14 2957.32 546.894 1410.42 1638.53 26 0 0 
1190 981 14 2956.73 546.755 1409.97 1554.65 26 0 0 
1226 1010 14 2966.08 557.921 1408.16 1663.51 26 0 0 
3925 3285 14 2909.9 527.548 1382.35 1570.06 26 0 0 
3940 3298 14 2913.72 539.551 1374.17 1538.68 26 0 0 
3943 3300 14 2899.88 532.96 1366.92 1520.28 26 0 0 
3997 3347 14 2909.92 546.287 1363.63 1597.83 26 0 0 
3999 3348 14 2909.92 550.287 1359.63 1597.83 26 0 0 
4009 3357 14 2914.2 555.915 1358.29 1590.17 26 0 0 
4042 3386 14 2914.2 557.352 1356.85 1590.17 26 0 0 
4095 3431 14 2914.2 558.207 1356 1590.17 26 0 0 
4096 3431 14 2887.72 534.027 1353.7 1590.17 26 0 0 
