0 0 14 5914.33 518.831 4395.49 45090.3 91 566 4 
0 0 14 5261.45 594.101 3667.35 25354.4 57 446 2 
1 0 14 4984.46 395.782 3588.68 14789.3 52 256 2 
5 2 14 4758.94 605.309 3153.63 14003.1 47 221 4 
8 4 14 4621.74 580.717 3041.02 13023.1 47 215 3 
26 18 14 4437.11 455.043 2982.07 12006.4 46 162 3 
30 21 14 4511.7 660.795 2850.9 10337.5 46 90 3 
33 23 14 4394.55 569.118 2825.43 8580.36 46 47 2 
33 23 14 4372.78 554.397 2818.38 8250.09 45 45 1 
46 32 14 4318.32 606.562 2711.76 8413.09 44 36 2 
46 32 14 4303.88 636.803 2667.08 8297.6 44 36 2 
56 39 14 4130.75 477.031 2653.72 6851.42 41 31 1 
74 52 14 4114.97 488.983 2625.99 7129.84 40 21 2 
75 53 14 4087.22 469.754 2617.47 6757.25 39 3 1 
75 53 14 4055.95 506.281 2549.67 6585.57 38 3 1 
77 55 14 3927.81 485.287 2442.52 5784.16 38 2 1 
77 55 14 3911.06 470.827 2440.23 5909.07 37 2 1 
77 55 14 3911.06 472.593 2438.47 5909.07 37 2 1 
106 75 14 3627.47 428.906 2198.57 4546.86 36 0 0 
112 80 14 3583.75 395.059 2188.69 3799.85 33 0 0 
143 103 14 3511.39 426.197 2085.19 2891.04 30 0 0 
157 113 14 3436.65 465.893 1970.75 2660.14 30 0 0 
205 148 14 3410.76 448.936 1961.82 2675.87 30 0 0 
237 171 14 3446.48 610.904 1835.57 4088.69 30 0 0 
282 205 14 3378 597.372 1780.63 2779.88 30 0 0 
307 223 14 3258.23 573.749 1684.48 2315.78 28 0 0 
310 225 14 3257.37 573.749 1683.62 2318.54 28 0 0 
311 225 14 3258.23 581.075 1677.16 2315.78 28 0 0 
314 228 14 3245.43 570.799 1674.63 2375.15 28 0 0 
343 249 14 3261.15 592.885 1668.27 2279.22 28 0 0 
361 262 14 3258.86 598.785 1660.07 2466.82 28 0 0 
369 268 14 3261.64 603.954 1657.69 2497.65 28 0 0 
376 273 14 3251.3 602.228 1649.07 2450.43 28 0 0 
378 274 14 3236.03 597.073 1638.96 2441.71 27 0 0 
388 282 14 3222.7 591.217 1631.48 2251.8 27 0 0 
409 297 14 3221.8 591.217 1630.59 2372.78 27 0 0 
482 349 14 3217.33 600.183 1617.15 2078.61 27 0 0 
484 351 14 3217.33 601.072 1616.26 2078.61 27 0 0 
702 509 14 3192.63 633.021 1559.61 2077.02 27 0 0 
704 510 14 3191.01 633.021 1557.99 2087.53 27 0 0 
1213 881 14 3025.33 468.623 1556.7 2497.24 27 0 0 
1213 881 14 3026.08 470.018 1556.06 2512.75 27 0 0 
1229 893 14 3030.58 477.904 1552.67 2512.75 27 0 0 
1237 899 14 2982.43 435.917 1546.51 2386.5 26 0 0 
1270 923 14 2990.44 453.779 1536.67 2377.09 26 0 0 
1307 950 14 3003.25 470.75 1532.5 2460.09 26 0 0 
1314 955 14 2960.64 429.507 1531.13 2065.79 26 0 0 
1377 1001 14 2961.63 432.133 1529.49 2042.7 25 0 0 
1436 1045 14 3025.01 511.453 1513.56 2159.56 24 0 0 
1605 1170 14 2989.89 477.997 1511.9 2087.35 23 0 0 
1612 1174 14 2964.81 461.491 1503.32 2035.21 23 0 0 
1828 1334 14 3055.25 553.932 1501.32 1584.71 23 0 0 
1841 1343 14 3134.8 641.176 1493.63 2254.36 23 0 0 
1841 1343 14 2962.06 489.289 1472.77 1648.61 23 0 0 
1954 1425 14 3018.57 546.379 1472.19 1556.43 23 0 0 
1974 1440 14 2956.42 508.416 1448 1639.84 23 0 0 
1996 1455 14 2941.16 515.272 1425.89 1621.35 23 0 0 
2003 1460 14 2943.51 519.708 1423.8 1601.11 23 0 0 
2012 1468 14 2943.51 525.368 1418.14 1601.11 23 0 0 
2314 1689 14 2922.96 526.578 1396.38 1537.36 23 0 0 
2354 1717 14 2874.52 490.748 1383.77 1389.37 23 0 0 
2844 2078 14 2915.18 535.741 1379.44 1471.97 23 0 0 
3412 2500 14 2898.47 521.751 1376.72 1519.61 23 0 0 
5689 4183 14 2872.35 495.737 1376.61 1190.18 23 0 0 
5718 4205 14 2871.59 495.737 1375.85 1200.39 23 0 0 
5753 4231 14 2869.62 494.343 1375.28 1186.39 23 0 0 
5754 4232 14 2869.63 495.036 1374.59 1164 23 0 0 
5775 4247 14 2869.35 496.266 1373.08 1150.1 23 0 0 
5965 4389 14 2868.45 496.596 1371.85 1271.35 23 0 0 
6386 4702 14 2961.72 590.96 1370.76 1489.52 23 0 0 
