0 0 14 6601.73 952.471 4649.26 23830.5 90 77 3 
13 8 14 4994.69 532.663 3462.03 13331.4 48 77 1 
19 13 14 4593.51 440.94 3152.57 9885.3 48 27 1 
44 33 14 4240.28 575.873 2664.41 8143.02 39 21 2 
61 47 14 3811.3 504.885 2306.42 6007.3 37 0 0 
79 61 14 3724.01 474.691 2249.32 5423.71 37 0 0 
91 70 14 3759.57 589.168 2170.4 4312.08 37 0 0 
93 71 14 3758.01 589.014 2169 4309.31 37 0 0 
93 71 14 3758.01 589.168 2168.84 4309.31 37 0 0 
123 95 14 3487.73 578.505 1909.22 3947.72 35 0 0 
124 96 14 3489.51 581.532 1907.98 3851.13 35 0 0 
132 102 14 3502.64 613.972 1888.67 3583.66 35 0 0 
133 103 14 3484.42 598.748 1885.67 3382.56 35 0 0 
138 107 14 3458.94 576.089 1882.85 3465.8 35 0 0 
151 117 14 3413.33 559.503 1853.83 3479.81 35 0 0 
167 130 14 3362.39 514.06 1848.33 2562.35 31 0 0 
167 131 14 3345.26 501.143 1844.12 2546.22 30 0 0 
212 167 14 3332.75 524.41 1808.34 2399.85 30 0 0 
237 188 14 3286.32 506.557 1779.76 2043.56 29 0 0 
253 201 14 3308.38 539.069 1769.31 2257.54 26 0 0 
255 202 14 3308.38 539.411 1768.96 2257.54 26 0 0 
493 403 14 3163.96 521.779 1642.18 2205.41 26 0 0 
517 424 14 3147.36 544.907 1602.45 1781.17 25 0 0 
522 428 14 3132.11 531.471 1600.64 1732.41 25 0 0 
724 597 14 3068.19 487.376 1580.81 1823.6 25 0 0 
725 598 14 3068.19 490.684 1577.51 1823.6 25 0 0 
825 683 14 3030.15 477.006 1553.15 1894.45 25 0 0 
833 689 14 3022.15 477.006 1545.15 1846.67 25 0 0 
864 715 14 2973.96 446.5 1527.46 1706.96 23 0 0 
1039 863 14 2923.58 480.601 1442.97 1427.42 23 0 0 
1213 1013 14 2800.61 379.262 1421.34 1252.85 23 0 0 
1215 1016 14 2796.93 378.248 1418.68 1256.58 22 0 0 
1264 1059 14 2808.21 391.379 1416.83 1240.01 22 0 0 
1264 1059 14 2805.58 391.379 1414.2 1259.55 22 0 0 
1819 1543 14 2839.39 429.875 1409.51 1498.98 22 0 0 
1832 1553 14 2839.73 434.948 1404.79 1500.02 22 0 0 
1930 1640 14 2744.73 340.794 1403.93 1544.94 22 0 0 
1932 1641 14 2740.73 352.376 1388.35 1552.02 22 0 0 
2546 2176 14 2643.73 260.748 1382.99 1398.35 22 0 0 
2546 2176 14 2643.73 265.134 1378.6 1398.35 22 0 0 
2553 2182 14 2644.45 270.303 1374.15 1401.23 22 0 0 
2913 2490 14 2717.31 346.953 1370.36 1474.52 22 0 0 
3280 2808 14 2726.14 356.256 1369.89 1534.16 22 0 0 
3985 3417 14 2651.8 283.115 1368.69 1393.85 22 0 0 
4036 3461 14 2735.43 368.782 1366.65 1337.47 22 0 0 
4107 3524 14 2661.75 295.421 1366.33 1411.92 22 0 0 
4128 3541 14 2661.75 296.175 1365.58 1418.92 22 0 0 
4138 3550 14 2735.43 370.654 1364.78 1330.47 22 0 0 
4215 3617 14 2735.43 373.725 1361.71 1337.47 22 0 0 
4261 3657 14 2752.29 394.265 1358.02 1414.94 22 0 0 
4932 4242 14 2658.02 300.721 1357.3 1494.7 22 0 0 
5008 4307 14 2658.37 301.409 1356.96 1495.73 22 0 0 
