0 0 14 6505.99 895.539 4610.45 36292 95 439 3 
0 0 14 5302.71 526.218 3776.49 17273.1 57 105 3 
3 0 14 4941.49 540.284 3401.21 14535.3 56 64 3 
3 0 14 4831.62 532.515 3299.1 12840 51 56 2 
10 6 14 4528.59 506.656 3021.93 9751.14 48 31 2 
12 7 14 4495.51 519.217 2976.3 9261.18 47 31 2 
13 8 14 4327.1 499.806 2827.29 8601.95 45 25 2 
17 12 14 4287.08 483.217 2803.87 7214.74 43 9 2 
17 12 14 4290.72 487.6 2803.12 7206.69 42 9 2 
20 14 14 4105.54 445.999 2659.54 7318.4 42 2 1 
27 20 14 4039.35 414.974 2624.37 7499.89 41 0 0 
31 23 14 4075.26 472.848 2602.41 7443.26 41 0 0 
32 24 14 4070.83 472.848 2597.99 7492.78 41 0 0 
34 25 14 4008.68 483.919 2524.76 6774.94 39 0 0 
35 26 14 4019.94 496.946 2523 6930.89 39 0 0 
56 43 14 3872.25 437.362 2434.89 5065.17 36 0 0 
90 70 14 3861.86 427.869 2434 4702.82 36 0 0 
94 73 14 3849.98 430.869 2419.11 4482.9 35 0 0 
95 74 14 3836.57 435.324 2401.25 4440.42 35 0 0 
95 74 14 3818.82 430.869 2387.95 4412.9 35 0 0 
101 78 14 3814.21 440.028 2374.19 4446.35 35 0 0 
102 79 14 3617.96 522.411 2095.55 4414.47 35 0 0 
104 80 14 3596.76 507.535 2089.23 4165.15 34 0 0 
144 110 14 3520.02 449.218 2070.8 4511.96 34 0 0 
181 138 14 3591.92 529.956 2061.97 4356.31 34 0 0 
183 140 14 3532.92 499.954 2032.97 3641.1 32 0 0 
194 148 14 3350.14 419.793 1930.35 3835.95 30 0 0 
212 163 14 3377.57 457.709 1919.86 3443.41 29 0 0 
230 178 14 3385.33 480.888 1904.44 3216.55 29 0 0 
233 180 14 3366.34 490.862 1875.48 3088.47 29 0 0 
235 182 14 3365.91 500.235 1865.68 2999.78 29 0 0 
237 183 14 3356.1 502.832 1853.27 3010.63 29 0 0 
250 193 14 3237.77 472.543 1765.22 2153.29 28 0 0 
250 193 14 3254.62 492.005 1762.61 2130.42 26 0 0 
251 194 14 3240.86 485.4 1755.46 1778.77 25 0 0 
253 196 14 3240.86 486.468 1754.39 1778.77 25 0 0 
273 212 14 3072.37 344.237 1728.13 2097.9 25 0 0 
273 212 14 3052.75 359.441 1693.31 1962.57 24 0 0 
280 218 14 2990.52 342.142 1648.38 1727.93 24 0 0 
283 220 14 3010.5 390.469 1620.03 1928.68 24 0 0 
300 235 14 3026.45 408.498 1617.95 1855.85 24 0 0 
318 250 14 2977.16 394.459 1582.7 1483.89 24 0 0 
336 265 14 2985.22 409.387 1575.84 1586.96 24 0 0 
342 270 14 2985.17 412.327 1572.84 1586.96 24 0 0 
348 275 14 2974.01 409.646 1564.36 1492.5 23 0 0 
368 292 14 2973.82 414.943 1558.88 1492.5 23 0 0 
373 296 14 2973.85 424.447 1549.4 1569.78 23 0 0 
468 374 14 3131.67 587.398 1544.27 1450.43 23 0 0 
507 406 14 3104.68 574.005 1530.67 1529.02 23 0 0 
662 535 14 3116.32 587.126 1529.2 1773.4 22 0 0 
901 737 14 3120.26 601.037 1519.22 1749.57 22 0 0 
1042 858 14 3096.22 606.142 1490.07 1609.5 21 0 0 
1345 1114 14 2965.78 534.731 1431.05 1785.99 21 0 0 
1351 1119 14 2963.4 534.731 1428.66 1778.06 21 0 0 
1868 1560 14 2918.87 490.314 1428.55 1289.85 21 0 0 
2324 1950 14 2941.27 534.652 1406.62 1585.18 21 0 0 
2425 2037 14 2945.52 561.911 1383.61 1633.75 21 0 0 
2440 2049 14 2945.52 563.98 1381.54 1633.75 21 0 0 
2968 2506 14 2787.22 406.82 1380.4 1524.51 21 0 0 
2996 2531 14 2777.54 400.323 1377.21 1507.51 21 0 0 
3093 2615 14 2807.31 440.783 1366.53 1693.16 21 0 0 
3117 2638 14 2794.89 440.755 1354.14 1664.38 21 0 0 
3361 2847 14 2783.53 430.56 1352.97 1706.21 21 0 0 
3430 2907 14 2770.07 418.929 1351.14 1646.7 21 0 0 
3568 3022 14 2761.71 413.364 1348.35 1626.71 21 0 0 
