0 0 14 6830.48 991.928 4838.56 27539.7 94 87 2 
2 0 14 5610.39 651.514 3958.88 14855.9 58 25 2 
2 0 14 5477.1 596.845 3880.26 14357.8 54 25 2 
15 10 14 4548.89 569.862 2979.03 9659.23 45 22 2 
17 12 14 4449.59 471.527 2978.06 8042.63 45 17 1 
18 13 14 4449.59 508.278 2941.31 8042.63 45 17 1 
20 14 14 4158.83 447.028 2711.8 7029.69 36 6 1 
29 21 14 3751.37 442.902 2308.47 4699.65 32 4 1 
31 22 14 3718.69 476.448 2242.24 4575 32 0 0 
32 23 14 3701.64 466.397 2235.24 4537.92 32 0 0 
33 24 14 3710.47 479.419 2231.05 4322.11 31 0 0 
33 24 14 3665.34 445.013 2220.32 4316.08 30 0 0 
36 26 14 3617.61 437.386 2180.22 5066.01 29 0 0 
36 26 14 3469.74 321.599 2148.14 4157.2 26 0 0 
37 27 14 3468.78 321.599 2147.18 4170.24 26 0 0 
41 30 14 3444.12 320.885 2123.24 3334.53 26 0 0 
43 32 14 3429.48 357.545 2071.94 4547.03 26 0 0 
46 34 14 3407.91 375.231 2032.68 4513.13 26 0 0 
58 44 14 3182.97 333.778 1849.19 1824.49 26 0 0 
59 45 14 3159.89 330.509 1829.38 1345.7 25 0 0 
60 46 14 3152.87 331.591 1821.28 1342.7 25 0 0 
82 64 14 3125.66 328.88 1796.78 2094.72 25 0 0 
83 65 14 3161.08 368.73 1792.35 1677.26 24 0 0 
84 65 14 3077.71 324.271 1753.43 1132.1 24 0 0 
85 66 14 3075.29 324.271 1751.02 1123.69 24 0 0 
87 68 14 3051.9 319.333 1732.56 1009.56 22 0 0 
88 69 14 3069.95 359.467 1710.48 1047.01 22 0 0 
89 69 14 3067.95 359.467 1708.48 1043.01 22 0 0 
106 83 14 3068.89 404.257 1664.63 1342.92 21 0 0 
584 484 14 2904.49 357.35 1547.14 1109.1 21 0 0 
584 485 14 2911.38 378.252 1533.13 1138.38 21 0 0 
592 491 14 2888.52 360.167 1528.35 975.828 21 0 0 
741 618 14 2865.28 452.862 1412.42 993.709 21 0 0 
746 623 14 2865.28 455.028 1410.26 993.709 21 0 0 
747 625 14 2861.95 459.028 1402.93 990.379 21 0 0 
813 681 14 2898.88 500.099 1398.78 1043.42 21 0 0 
818 685 14 2868.53 472.616 1395.92 1088.85 21 0 0 
