Agent: 0ids: 20 34 4 46 45 41 11 1 24 0 7 5 37 48 40 6 32 26 44 8 42 23 33 36 
Agent: 1ids: 31 32 18 2 13 6 7 30 47 40 0 15 4 29 41 20 9 12 26 27 8 22 25 43 3 11 
Agent: 2ids: 40 5 19 36 32 44 8 6 15 46 35 22 48 14 20 24 18 3 17 7 33 39 31 42 0 9 23 49 29 2 30 45 43 16 41 25 10 34 26 21 11 28 37 1 12 4 38 27 13 
Agent: 3ids: 35 1 15 44 14 3 5 0 49 43 
Agent: 4ids: 41 23 
Agent: 5ids: 46 4 28 48 34 0 29 35 2 9 18 44 30 8 22 32 31 14 24 15 3 12 45 41 11 47 10 38 19 39 25 1 42 6 33 20 21 43 23 27 40 36 5 16 17 7 37 
Agent: 6ids: 13 29 31 14 10 1 3 41 37 20 26 33 12 8 17 32 34 21 35 39 22 40 46 44 28 4 5 25 16 18 23 47 19 
Agent: 7ids: 8 33 18 44 
Agent: 8ids: 44 45 15 24 4 13 0 35 41 32 23 3 25 27 31 36 
Agent: 9ids: 2 28 45 47 21 43 11 18 30 8 16 33 44 39 5 12 6 3 7 24 22 41 35 0 10 
Agent: 10ids: 48 49 6 8 29 7 20 10 25 39 30 45 42 27 47 46 1 13 19 23 15 
Agent: 11ids: 47 22 46 18 39 23 14 45 2 38 8 1 21 0 48 11 29 24 12 44 37 3 19 25 31 28 43 27 9 17 6 13 42 34 5 15 26 33 30 32 41 49 
Agent: 12ids: 15 32 35 0 16 5 19 43 3 45 20 2 29 39 6 34 26 28 24 27 14 18 23 7 36 30 13 31 40 1 
Agent: 13ids: 32 2 5 17 14 20 33 12 30 28 4 35 29 39 9 23 10 41 37 46 3 34 6 11 15 40 8 1 48 21 13 44 18 27 24 7 36 38 
Agent: 14ids: 15 34 45 4 31 21 41 0 46 11 10 25 28 42 29 22 18 5 30 37 19 26 33 17 8 27 49 3 47 14 23 
Agent: 15ids: 2 36 45 17 40 24 0 49 47 23 42 43 25 5 32 28 3 37 20 48 46 4 9 27 15 38 16 29 6 26 30 34 10 14 31 11 8 22 35 39 12 7 1 41 19 44 21 18 13 
Agent: 16ids: 8 2 19 6 41 48 10 37 17 22 11 35 47 14 29 13 30 34 40 44 4 
Agent: 17ids: 15 37 45 30 34 39 24 44 2 28 43 38 29 1 47 12 18 8 48 22 3 49 5 42 
Agent: 18ids: 18 32 27 38 19 11 21 16 46 10 24 3 13 39 5 7 0 8 48 6 37 49 43 34 26 28 1 9 42 15 33 
Agent: 19ids: 18 28 31 33 3 25 21 24 
Agent: 20ids: 40 29 17 
Agent: 21ids: 30 38 43 37 39 47 2 22 15 5 7 36 44 42 20 12 46 24 17 8 40 
Agent: 22ids: 35 24 5 38 45 34 1 23 19 10 27 22 48 2 17 3 43 30 20 18 41 9 32 8 44 26 14 33 39 6 37 13 49 7 47 15 36 28 4 46 21 12 
Agent: 23ids: 16 49 15 28 32 26 
Agent: 24ids: 17 44 12 3 9 46 39 7 29 25 27 15 47 6 23 36 22 0 49 
Agent: 25ids: 32 42 30 39 38 23 6 1 25 12 34 41 10 21 26 14 49 18 29 44 46 2 48 45 
Agent: 26ids: 24 48 5 31 36 13 40 20 16 30 44 10 43 23 21 39 22 6 46 42 25 
Agent: 27ids: 48 33 45 23 7 0 15 22 20 39 16 2 37 10 26 4 11 27 36 44 13 25 31 3 43 46 29 9 24 32 42 14 41 34 38 6 5 17 1 
Agent: 28ids: 38 28 32 35 37 46 42 13 41 45 18 4 7 6 2 26 40 14 17 11 8 31 24 49 43 5 29 25 33 16 47 0 1 22 48 
Agent: 29ids: 40 19 11 41 2 30 43 
Agent: 30ids: 30 20 26 5 13 14 35 
Agent: 31ids: 12 14 46 26 35 48 3 7 16 20 49 44 17 23 22 24 19 33 45 21 40 15 
Agent: 32ids: 34 43 8 6 0 11 37 29 24 39 4 42 36 17 2 14 35 7 15 
Agent: 33ids: 7 35 47 37 48 21 9 8 5 15 2 36 38 20 41 11 6 29 23 17 27 49 43 32 42 0 34 39 33 24 31 14 19 4 26 
Agent: 34ids: 6 4 30 35 25 32 18 26 37 2 27 8 10 34 12 31 28 46 17 19 7 43 40 3 49 0 33 29 23 15 44 16 42 48 38 5 21 14 20 9 22 45 13 11 1 36 39 24 41 
Agent: 35ids: 47 40 26 38 4 11 3 9 27 33 1 0 44 
Agent: 36ids: 25 39 28 13 6 4 46 35 30 29 15 34 22 41 2 27 40 24 21 8 31 19 3 26 44 33 47 20 1 49 42 12 16 0 14 
Agent: 37ids: 9 12 14 3 46 5 30 8 29 41 26 18 49 35 27 43 10 42 2 4 33 21 47 24 45 0 15 28 23 7 1 31 34 
Agent: 38ids: 5 17 37 19 22 7 33 36 0 28 25 46 35 3 21 30 49 
Agent: 39ids: 29 
Agent: 40ids: 28 8 46 19 42 20 32 49 1 21 2 12 7 45 14 16 31 37 48 15 17 35 0 4 43 11 33 18 44 10 26 36 27 3 41 6 47 29 23 25 13 34 
Agent: 41ids: 19 37 48 
Agent: 42ids: 34 24 4 27 9 40 20 37 47 8 21 10 3 7 18 0 16 39 36 22 1 5 28 46 33 12 15 35 29 31 14 38 48 42 26 19 44 49 17 6 32 23 30 25 2 43 45 
Agent: 43ids: 8 19 9 49 37 42 34 40 32 22 33 11 20 1 2 10 47 13 48 17 46 39 30 16 
Agent: 44ids: 11 14 0 47 13 17 2 22 41 1 12 23 25 39 34 18 35 4 42 20 38 48 43 7 9 46 
Agent: 45ids: 9 19 39 25 13 23 1 45 15 31 10 44 26 14 36 33 32 29 22 41 40 
Agent: 46ids: 1 4 6 14 30 3 28 37 11 47 25 40 0 12 31 35 42 17 2 33 8 18 7 20 29 23 34 24 48 45 38 26 10 9 46 19 36 15 16 41 
Agent: 47ids: 31 34 21 47 1 22 3 44 28 30 40 5 18 17 11 37 8 14 0 48 45 26 33 25 4 2 23 38 32 46 10 16 20 41 27 43 29 9 12 6 24 36 49 42 
Agent: 48ids: 6 20 13 15 45 
Agent: 49ids: 20 35 8 28 25 15 2 31 18 3 40 26 36 11 17 38 27 24 23 32 1 43 30 16 39 14 44 10 22 12 13 42 6 45 
0 0 14 6519.72 939.766 4579.95 34677.1 94 268 3 
2 0 14 5547.69 651.838 3895.85 19884.8 54 191 3 
2 0 14 5248.76 481.184 3767.57 14554.9 52 108 3 
5 2 14 5199.81 587.304 3612.51 14790.4 52 92 2 
9 5 14 4852.45 581.317 3271.13 12860.6 52 82 2 
11 7 14 4800.41 581.317 3219.1 12521.8 52 73 2 
13 8 14 4799.87 581.317 3218.56 12561.3 52 73 2 
16 11 14 4535.55 566.509 2969.04 11180.7 50 66 2 
18 13 14 4521.5 646.846 2874.66 10231.3 49 66 1 
19 13 14 4375.2 508.266 2866.93 10531.9 46 56 2 
20 14 14 4338.06 498.08 2839.98 10416.5 46 56 2 
27 19 14 4292.32 516.294 2776.02 9087.55 46 44 3 
28 21 14 4276.07 507.476 2768.59 10241.6 46 33 1 
29 22 14 4315.97 590.456 2725.52 10227.3 46 33 1 
32 23 14 4307.15 585.053 2722.1 9666.64 46 18 2 
35 26 14 4321.35 605.486 2715.86 9700.9 46 13 1 
35 26 14 4269.59 596.59 2673 8994.39 43 13 1 
43 32 14 4030.53 588.495 2442.03 7108.85 43 4 1 
55 43 14 3869.01 556.906 2312.1 7250.14 38 0 0 
58 45 14 3814.48 530.012 2284.47 6613.56 37 0 0 
58 45 14 3775.45 504.511 2270.94 6037.4 35 0 0 
58 45 14 3720.92 477.616 2243.31 5455.35 34 0 0 
60 47 14 3730.93 490.053 2240.88 5455.35 34 0 0 
62 49 14 3659.06 428.473 2230.59 5232.51 33 0 0 
63 49 14 3648.06 423.415 2224.65 5192.51 33 0 0 
65 51 14 3649.31 426.077 2223.23 5238.74 33 0 0 
65 51 14 3652.97 430.088 2222.89 5214.07 33 0 0 
66 52 14 3619.82 425.902 2193.92 4859.33 32 0 0 
69 54 14 3606.68 428.894 2177.79 5144.37 32 0 0 
71 56 14 3570.32 432.306 2138.01 4423.31 32 0 0 
71 57 14 3563.94 432.203 2131.74 4202.37 32 0 0 
71 57 14 3563.94 432.306 2131.64 4202.37 32 0 0 
77 61 14 3559.94 429.542 2130.4 4166.37 32 0 0 
90 73 14 3433.99 430.294 2003.7 3814.36 31 0 0 
95 77 14 3424.91 476.993 1947.92 3877.55 30 0 0 
95 77 14 3424.91 479.3 1945.61 3877.55 30 0 0 
96 79 14 3426.55 497.135 1929.41 4121.24 30 0 0 
105 86 14 3428.83 532.791 1896.04 4083.24 30 0 0 
105 86 14 3430.41 544.021 1886.39 4193.27 30 0 0 
106 87 14 3432.39 550.406 1881.98 4193.27 30 0 0 
108 88 14 3420.89 550.309 1870.58 4193.27 30 0 0 
109 89 14 3411.13 541.39 1869.74 3843.11 29 0 0 
110 90 14 3398.72 531.272 1867.45 3730.09 28 0 0 
111 91 14 3398.56 531.272 1867.28 3733.48 28 0 0 
116 95 14 3383.65 531.272 1852.38 3637.99 28 0 0 
117 96 14 3378.69 531.272 1847.41 3622.07 28 0 0 
118 97 14 3373.21 527.032 1846.17 3416.84 28 0 0 
119 97 14 3368.04 535.887 1832.15 3528.92 28 0 0 
122 100 14 3372.55 543.272 1829.27 3518.2 28 0 0 
123 101 14 3369.28 549.559 1819.72 3610.81 28 0 0 
124 102 14 3369.28 551.728 1817.56 3610.81 28 0 0 
124 102 14 3361.09 552.442 1808.65 3479.85 28 0 0 
124 103 14 3363.14 561.559 1801.58 3506.93 28 0 0 
130 107 14 3320.7 525.268 1795.43 3101.5 28 0 0 
131 109 14 3353.6 579.343 1774.26 3512.38 28 0 0 
137 113 14 3343.96 570.13 1773.83 3308.64 28 0 0 
140 116 14 3345.02 571.371 1773.65 3381.76 28 0 0 
142 118 14 3296.77 549.878 1746.9 2953.8 28 0 0 
143 118 14 3307.74 574.488 1733.25 2953.73 28 0 0 
147 122 14 3331.92 609.393 1722.53 3002.03 28 0 0 
215 179 14 3186.12 560.1 1626.02 2341.9 27 0 0 
224 187 14 3205.01 579.108 1625.9 2358.89 27 0 0 
226 189 14 3190.86 569.021 1621.84 2269.07 26 0 0 
231 193 14 3015.29 422.245 1593.04 2450.02 26 0 0 
231 194 14 3004.19 420.188 1584 2420.85 26 0 0 
231 194 14 2983.67 420.188 1563.48 2299.62 26 0 0 
232 194 14 2983.67 421.059 1562.61 2299.62 26 0 0 
239 200 14 2976.28 421.059 1555.22 2277.5 26 0 0 
271 227 14 2975.2 435.959 1539.24 2305.92 26 0 0 
283 237 14 2975.16 435.959 1539.2 2309.77 26 0 0 
285 239 14 2975.16 437.587 1537.57 2324.14 26 0 0 
288 242 14 2974.86 454.212 1520.65 2309.18 26 0 0 
308 259 14 2974.86 455.037 1519.83 2309.18 26 0 0 
310 261 14 2972.06 457.331 1514.73 2302.27 26 0 0 
327 275 14 2974.35 468.505 1505.85 2323.95 26 0 0 
329 277 14 3039.96 550.262 1489.7 2253.4 26 0 0 
331 279 14 3037.16 551.568 1485.59 2231.73 26 0 0 
425 360 14 3050.85 566.282 1484.57 2257.92 26 0 0 
427 362 14 3050.85 567.453 1483.4 2257.92 26 0 0 
589 501 14 3036.23 580.065 1456.17 2076.51 25 0 0 
3067 2656 14 3076.72 635.956 1440.77 1499.34 24 0 0 
4237 3676 14 2950.29 516.969 1433.33 1509.28 24 0 0 
4739 4105 14 2936.2 511.938 1424.26 1755.32 24 0 0 
