Agent: 0ids: 15 2 3 33 49 19 44 10 39 26 36 29 20 5 11 4 48 22 27 32 16 
Agent: 1ids: 22 31 11 23 21 18 1 38 
Agent: 2ids: 45 19 25 24 3 1 44 
Agent: 3ids: 45 24 44 35 15 17 46 43 37 
Agent: 4ids: 7 13 6 34 15 22 10 41 43 30 17 42 14 12 46 18 21 20 5 26 8 27 11 36 45 33 1 24 16 48 44 31 47 3 37 25 40 
Agent: 5ids: 0 29 18 25 
Agent: 6ids: 25 23 28 36 49 15 43 10 21 22 38 32 31 24 35 14 7 11 16 47 1 41 19 26 39 17 18 46 45 34 44 4 2 40 20 37 9 5 
Agent: 7ids: 5 37 20 16 30 12 31 48 32 40 41 43 46 21 11 45 33 2 1 22 44 29 47 9 15 7 13 6 18 38 36 4 0 3 14 42 8 25 28 39 34 24 26 35 
Agent: 8ids: 34 46 26 10 41 9 11 13 36 3 12 37 38 22 18 6 17 7 39 2 14 4 1 27 21 48 20 32 
Agent: 9ids: 7 19 14 40 6 3 35 43 47 41 15 39 10 2 18 0 30 
Agent: 10ids: 30 6 1 0 12 31 14 9 45 26 33 18 41 4 38 13 3 
Agent: 11ids: 21 19 7 37 9 45 23 47 15 41 18 31 39 4 29 26 
Agent: 12ids: 3 5 32 7 12 18 2 28 46 40 30 25 42 6 34 45 31 8 43 41 36 35 16 29 27 1 22 
Agent: 13ids: 25 11 14 6 19 43 5 49 7 34 17 23 3 24 13 27 41 32 44 37 31 20 9 1 16 15 28 12 4 35 0 30 33 8 26 22 40 47 21 10 2 18 38 
Agent: 14ids: 30 5 
Agent: 15ids: 17 28 23 24 30 43 42 12 26 38 32 45 11 41 18 48 14 37 15 49 20 13 34 33 9 0 7 10 44 
Agent: 16ids: 44 2 3 31 45 11 42 25 18 47 20 26 13 10 36 5 19 17 0 12 41 24 43 30 14 4 23 37 49 21 32 34 6 29 33 39 9 22 1 8 38 7 46 15 48 40 16 
Agent: 17ids: 24 42 35 29 34 41 37 20 16 3 28 12 18 33 0 49 19 15 48 27 6 26 10 13 7 4 25 44 23 32 38 9 39 31 17 43 8 2 14 1 22 5 36 47 40 11 46 30 
Agent: 18ids: 44 38 5 49 19 3 13 
Agent: 19ids: 26 42 40 10 32 21 14 6 9 34 7 16 1 35 
Agent: 20ids: 15 18 41 20 23 3 47 0 1 9 12 36 8 10 30 26 34 44 40 29 11 6 46 24 
Agent: 21ids: 17 6 12 42 46 7 44 25 35 39 
Agent: 22ids: 20 15 47 
Agent: 23ids: 48 34 38 49 21 32 10 15 8 18 40 37 20 7 11 0 2 33 42 9 6 46 47 27 13 23 17 4 25 45 39 3 28 1 5 30 16 14 22 12 36 
Agent: 24ids: 43 31 33 21 36 4 8 19 37 28 26 39 6 1 16 23 12 5 22 46 29 27 7 48 11 20 
Agent: 25ids: 46 14 40 47 27 44 36 43 25 30 12 31 0 45 37 18 11 8 26 39 41 28 20 10 49 32 4 34 5 23 29 33 24 22 21 38 35 15 1 48 9 13 16 6 7 2 17 3 
Agent: 26ids: 29 46 19 13 42 34 28 35 33 11 45 8 1 21 16 41 3 14 49 22 47 12 31 20 44 38 32 25 10 2 27 40 39 0 43 5 17 30 24 
Agent: 27ids: 6 29 10 2 12 26 49 21 37 31 16 8 41 24 
Agent: 28ids: 24 33 6 5 35 28 13 16 11 38 40 17 37 36 21 47 15 29 49 42 
Agent: 29ids: 22 31 7 3 
Agent: 30ids: 40 26 3 45 20 14 27 11 47 48 42 21 8 7 5 4 35 12 43 38 18 33 39 15 36 30 29 13 32 
Agent: 31ids: 14 32 47 22 23 11 13 45 25 6 4 42 26 1 43 18 29 34 28 37 9 41 20 21 49 33 8 27 44 10 
Agent: 32ids: 32 7 19 2 29 23 34 4 12 3 16 6 10 9 45 14 28 33 48 38 25 42 27 43 24 11 8 47 22 15 
Agent: 33ids: 15 5 49 13 17 41 47 24 3 25 2 11 32 34 16 22 48 43 45 19 1 33 23 39 40 26 46 18 14 30 6 0 29 27 10 38 12 44 42 28 20 
Agent: 34ids: 40 22 6 10 17 36 44 43 32 35 48 45 20 26 
Agent: 35ids: 6 22 21 15 14 24 7 36 19 25 30 44 4 11 48 13 49 1 27 43 23 9 8 20 28 42 3 47 39 31 46 2 
Agent: 36ids: 39 3 11 29 
Agent: 37ids: 25 34 41 20 15 21 
Agent: 38ids: 35 44 10 29 39 28 48 12 26 19 36 33 34 40 49 43 15 45 47 31 22 32 14 9 5 38 4 11 27 6 7 3 0 30 18 24 25 42 21 17 2 
Agent: 39ids: 28 32 7 26 15 5 46 11 
Agent: 40ids: 34 49 30 2 46 13 44 11 18 6 22 5 20 36 39 16 19 3 10 15 25 31 27 32 40 41 26 8 43 45 7 9 4 21 48 12 33 17 29 28 
Agent: 41ids: 46 37 25 35 14 41 40 28 4 38 9 8 39 29 16 43 20 21 
Agent: 42ids: 0 20 14 1 12 4 42 
Agent: 43ids: 27 24 42 30 
Agent: 44ids: 47 41 26 22 1 3 34 13 4 40 8 46 24 18 14 21 11 39 43 9 36 28 44 19 5 10 2 7 0 15 33 38 30 12 17 37 32 20 6 45 27 31 29 
Agent: 45ids: 10 2 36 11 14 47 9 24 37 19 6 46 48 22 15 23 30 3 29 33 40 21 20 41 16 38 27 8 32 5 
Agent: 46ids: 18 1 46 37 9 3 4 48 17 33 34 44 7 31 41 14 35 10 22 29 15 0 2 43 19 8 45 
Agent: 47ids: 28 25 10 30 38 42 1 19 46 43 6 12 2 35 48 9 18 41 47 49 40 4 17 33 36 7 13 22 27 31 21 44 14 16 45 8 29 0 20 34 39 15 26 24 23 37 32 
Agent: 48ids: 20 11 7 
Agent: 49ids: 1 34 44 17 0 12 14 42 35 49 31 9 43 39 25 40 22 8 
0 0 10 19061.4 5684.93 4376.42 139161 91 690 3 
0 0 10 15768 3596.18 3171.85 79715.9 55 450 3 
1 0 10 14738.5 2734.05 3004.43 49039.3 46 410 4 
6 3 10 14621.1 2641.19 2979.88 42632 45 320 3 
6 4 10 14384.6 2456.89 2927.66 41462 43 290 4 
8 6 10 14379.4 2456.89 2922.49 41435.4 43 290 4 
8 6 10 14288.8 2434.71 2854.1 40176.4 43 280 4 
10 7 10 14202.9 2399.04 2803.83 40670.6 42 250 4 
11 8 10 14159 2403.54 2755.45 41447.6 42 240 4 
13 10 10 14044.5 2325.95 2718.56 38936.5 42 240 4 
15 12 10 14075.1 2446.13 2628.98 41520.9 42 230 4 
16 13 10 14004.2 2446.13 2558.03 40439 42 230 4 
18 15 10 13235.9 1745.52 2490.37 30529.3 34 190 3 
19 16 10 13131 1647.74 2483.24 30312.9 33 180 2 
23 19 10 12879.6 1488.86 2390.72 22245.1 33 150 2 
26 22 10 13039 1727.14 2311.9 23036.8 32 150 2 
28 24 10 12456.2 1251.27 2204.95 19287.1 27 150 2 
42 36 10 12302.2 1166.12 2136.04 16749.9 27 70 1 
43 38 10 12176.3 1076.01 2100.25 15699.1 26 70 2 
44 38 10 12174.4 1076.01 2098.43 15671.5 26 70 2 
62 55 10 12159.4 1146.15 2013.28 15701.5 26 50 2 
72 64 10 11888.6 924.264 1964.34 15104.1 26 30 1 
75 66 10 11887.4 924.264 1963.16 15106.9 26 30 1 
77 69 10 11960.5 1034.57 1925.96 15358.8 26 30 1 
83 74 10 11905.1 1032.28 1872.87 15305 26 30 1 
86 76 10 11904 1032.28 1871.69 15307.8 26 30 1 
110 99 10 11609.1 742.033 1867.07 11971.9 20 0 0 
112 101 10 11635.7 774.677 1861.02 12218.1 20 0 0 
116 104 10 11634.3 774.677 1859.62 12227 20 0 0 
117 105 10 11629.2 784.249 1844.93 12247.8 20 0 0 
127 114 10 11624.1 834.771 1789.32 12241 20 0 0 
159 145 10 11480.1 759.183 1720.88 10812.1 19 0 0 
162 147 10 11480.1 763.576 1716.49 11051.7 19 0 0 
167 152 10 11475.9 763.576 1712.35 11369.3 19 0 0 
168 153 10 11422 711.808 1710.24 10786 19 0 0 
173 157 10 11461.8 763.576 1698.18 10902.5 19 0 0 
196 179 10 11415.1 747.102 1668.04 11170.5 19 0 0 
200 184 10 11314.1 653.085 1661.04 9746.17 19 0 0 
205 188 10 11269.1 609.075 1660.03 9366.89 19 0 0 
211 194 10 11186.4 602.661 1583.73 9176.41 17 0 0 
225 206 10 11185.2 602.661 1582.55 9179.2 17 0 0 
266 242 10 11185.2 607.617 1577.6 9179.2 17 0 0 
275 251 10 11087.3 555.378 1531.88 8179.26 17 0 0 
289 263 10 11080.5 588.332 1492.17 8468.64 14 0 0 
351 322 10 11121 636.489 1484.47 8468.64 14 0 0 
351 322 10 11057.2 588.332 1468.85 8456.81 14 0 0 
367 336 10 11052.8 588.332 1464.47 8466.49 14 0 0 
383 352 10 11041.8 608.504 1433.26 8537.42 14 0 0 
388 357 10 11005.1 589.36 1415.79 7713.64 14 0 0 
395 363 10 11045.6 637.517 1408.09 7713.64 14 0 0 
408 376 10 11131.6 727.916 1403.67 7904.05 14 0 0 
415 383 10 11128.1 727.916 1400.23 7902.19 14 0 0 
417 384 10 11155.8 760.74 1395.05 7904.05 14 0 0 
418 385 10 11199.7 816.576 1383.13 7149.22 13 0 0 
419 387 10 11167.3 816.576 1350.76 7081.83 12 0 0 
421 388 10 11163.9 816.576 1347.32 7079.97 12 0 0 
434 401 10 11163.9 816.594 1347.3 7079.97 12 0 0 
435 402 10 11017.8 670.604 1347.15 7079.97 12 0 0 
466 432 10 11163.9 818.097 1345.8 7079.97 12 0 0 
626 587 10 11071.1 781.282 1289.81 6208.78 11 0 0 
684 645 10 10925 635.31 1289.65 6208.78 11 0 0 
894 850 10 10737.5 458.373 1279.11 4464.78 9 0 0 
953 907 10 10644.3 365.434 1278.84 3652.89 7 0 0 
957 911 10 10599 320.6 1278.42 3451.16 6 0 0 
959 912 10 10598.8 320.6 1278.22 3441.16 6 0 0 
960 914 10 10597.6 320.6 1276.99 3445.73 6 0 0 
969 923 10 10596.6 320.6 1276.01 3455.92 6 0 0 
972 926 10 10596.4 320.6 1275.84 3457.17 6 0 0 
981 935 10 10594.4 320.6 1273.82 3729.03 6 0 0 
1011 964 10 10550.2 315.151 1235.08 3334.74 6 0 0 
1082 1033 10 10544.2 315.151 1229.05 3168.09 6 0 0 
2664 2596 10 10530.5 315.151 1215.3 3356.32 6 0 0 
2789 2722 10 10431.6 221.12 1210.49 2791.82 5 0 0 
2798 2731 10 10430.3 221.12 1209.22 2792.02 5 0 0 
2798 2732 10 10513 361.105 1151.86 3111.06 5 0 0 
2812 2744 10 10377.9 226.735 1151.18 3111.06 5 0 0 
2856 2787 10 10457.8 307.521 1150.32 3111.06 5 0 0 
2899 2828 10 10485.5 343.511 1142.04 3111.06 5 0 0 
3282 3205 10 10509.4 375.387 1133.97 3303.06 5 0 0 
3358 3280 10 10831.4 698.174 1133.24 3303.06 5 0 0 
3369 3290 10 10554.3 445.758 1108.56 3303.06 5 0 0 
3372 3293 10 10544.1 448.207 1095.86 3684.58 5 0 0 
3402 3323 10 10596.1 502.027 1094.04 3684.58 5 0 0 
3412 3332 10 10587.8 502.027 1085.79 3778.58 5 0 0 
3415 3336 10 10584.5 507.472 1077.05 3919.69 5 0 0 
3421 3340 10 10570.2 507.758 1062.47 3919.69 5 0 0 
3443 3363 10 10478.4 417.118 1061.3 2938.93 4 0 0 
3452 3372 10 10426.4 365.513 1060.91 2938.93 4 0 0 
3453 3373 10 10317.2 262.288 1054.92 2938.93 4 0 0 
3544 3466 10 10325.7 271.377 1054.28 2938.93 4 0 0 
3549 3471 10 10344.7 329.478 1015.19 2938.93 4 0 0 
3561 3483 10 10284.7 329.478 955.189 2938.93 4 0 0 
4396 4342 10 10281.3 327.779 953.504 2935.54 4 0 0 
4397 4343 10 10141 187.871 953.175 2746.93 4 0 0 
4418 4365 10 10186.8 234.493 952.315 2746.93 4 0 0 
4426 4373 10 10214.4 263.684 950.676 2746.93 4 0 0 
4484 4432 10 10214.4 263.801 950.559 2746.93 4 0 0 
4611 4559 10 10121.6 173.473 948.147 1951.27 3 0 0 
4925 4882 10 10113.6 193.944 919.608 2237.27 3 0 0 
4978 4936 10 10020.1 103.856 916.255 1444.39 2 0 0 
4981 4939 10 10012.5 106.725 905.787 1546.27 2 0 0 
