0 0 10 18542.7 5536.05 4006.69 85141.5 88 290 4 
7 4 10 16142.8 3731.56 3411.26 58673.5 56 260 4 
7 4 10 16021 3724.88 3296.15 56217.9 55 250 4 
9 6 10 15706.1 3739.04 2967.07 57918.7 51 240 4 
28 21 10 14733.8 2785.27 2948.58 44195.4 45 240 3 
29 22 10 14405.4 2781.63 2623.78 42100.8 44 240 4 
30 23 10 14508.8 2899.02 2609.81 43974 44 210 4 
30 23 10 14427.1 2822.13 2605 43189.6 44 200 4 
32 25 10 14039.7 2451.99 2587.68 36317.7 41 200 3 
33 25 10 14092.5 2516.7 2575.82 36940.2 41 160 2 
36 27 10 13983.9 2432.36 2551.52 34656.6 41 140 3 
38 29 10 13964.3 2432.36 2531.92 35505 41 140 3 
41 32 10 13952.3 2451.41 2500.86 34763.6 40 100 3 
41 32 10 13949.8 2451.41 2498.35 34748.9 40 100 3 
41 32 10 13915.8 2451.41 2464.39 34325.2 40 100 4 
45 35 10 14073.3 2653.73 2419.58 34721.2 40 90 4 
46 36 10 13929.5 2537.17 2392.37 34124.2 39 90 3 
55 42 10 13068.8 1778.64 2290.14 26740.1 32 70 3 
55 43 10 13163.2 1875.54 2287.65 25786.4 32 70 3 
56 43 10 13074.8 1824.05 2250.74 24484.2 31 70 3 
62 48 10 12851.6 1602.72 2248.92 22494.2 31 60 4 
63 49 10 12731.2 1489.44 2241.71 22009.9 30 60 2 
66 51 10 12725.8 1489.44 2236.34 21998.1 30 60 2 
67 52 10 12677.7 1489.44 2188.3 22209.6 30 40 2 
98 76 10 12496.3 1356.76 2139.56 19672 27 40 1 
101 78 10 12340.7 1347.12 1993.53 17850.3 23 40 2 
101 78 10 12313.6 1325.52 1988.04 17677.3 23 40 2 
107 83 10 12306.2 1344.27 1961.96 15674.1 22 30 2 
112 87 10 12235.3 1311.27 1924.01 15567.9 22 20 2 
115 89 10 12235.3 1311.67 1923.6 15567.9 22 20 2 
118 91 10 12341.2 1462.71 1878.48 17031.7 22 10 1 
118 92 10 12084.8 1216.06 1868.78 14158.7 22 10 1 
119 92 10 12098.1 1239.51 1858.59 14214.3 21 0 0 
120 93 10 11943.3 1099 1844.26 14214.3 21 0 0 
130 100 10 12010 1232.83 1777.19 13988.7 21 0 0 
141 108 10 11929.7 1175.83 1753.89 13597.4 20 0 0 
142 109 10 11927.5 1175.83 1751.69 13590.1 20 0 0 
147 113 10 11925.8 1175.83 1749.97 13595.5 20 0 0 
152 117 10 11829.2 1111.32 1717.87 12796.1 20 0 0 
187 143 10 11699.9 1024.83 1675.02 11181.5 17 0 0 
188 144 10 11694.6 1073.4 1621.17 11539.6 17 0 0 
188 145 10 11691.8 1073.4 1618.4 11530.5 17 0 0 
189 145 10 11692.9 1102.09 1590.78 11530.5 17 0 0 
190 146 10 11691 1121.37 1569.59 11527.2 16 0 0 
194 149 10 11691 1124.11 1566.86 11527.2 16 0 0 
196 150 10 11653 1129.73 1523.32 11362.2 16 0 0 
197 151 10 11503.5 1051.88 1451.63 9881.9 15 0 0 
197 152 10 11499.7 1051.88 1447.81 9648.4 15 0 0 
197 152 10 11497.4 1051.88 1445.55 9647.73 15 0 0 
198 152 10 11460.4 1051.88 1408.47 9984.14 15 0 0 
198 152 10 11456.4 1051.88 1404.5 9509.37 15 0 0 
213 165 10 11261.2 858.685 1402.5 7561.7 14 0 0 
319 248 10 11301.2 967.779 1333.42 7714.7 13 0 0 
330 257 10 11223.9 897.757 1326.15 7127.52 12 0 0 
410 320 10 10733.3 440.779 1292.51 6255.37 11 0 0 
415 324 10 10823.6 537.238 1286.32 6220.01 9 0 0 
520 410 10 10818.4 592.004 1226.41 4792.27 8 0 0 
620 491 10 10704.9 483.975 1220.95 4792.27 8 0 0 
776 619 10 10499 284.476 1214.49 4408.48 7 0 0 
801 640 10 10579.4 392.505 1186.92 4417.5 7 0 0 
814 650 10 10617.6 436.782 1180.79 4597.4 7 0 0 
815 651 10 10614 436.782 1177.25 4593.51 7 0 0 
1565 1265 10 10650.7 481.229 1169.49 4593.51 7 0 0 
1845 1495 10 10394.8 233.103 1161.67 3534.91 6 0 0 
1850 1500 10 10386.3 233.103 1153.2 3528.89 6 0 0 
1898 1539 10 10454 304.995 1149.03 3788.93 6 0 0 
1914 1552 10 10420.6 277.38 1143.22 3708.14 6 0 0 
2016 1635 10 10416.2 277.38 1138.86 3708.14 6 0 0 
2116 1715 10 10343.1 213.602 1129.53 2965.5 6 0 0 
