0 0 10 18949.3 5898.67 4050.61 132561 92 600 3 
1 0 10 15625.3 3395.84 3229.51 58744.6 55 330 4 
2 0 10 15822.4 3603.39 3218.99 60024.1 55 280 3 
3 1 10 15187.2 3058.94 3128.23 51658.8 51 190 3 
5 2 10 15025.5 3006.49 3019.02 50131.5 49 190 3 
7 4 10 15015.6 3154.66 2860.93 47168.9 48 190 2 
19 14 10 14625.6 2789.31 2836.28 44339.1 48 180 3 
30 24 10 14767.5 2937.71 2829.83 50672.7 44 180 2 
31 24 10 14088.1 2466.24 2621.87 37114.3 44 170 3 
34 27 10 13811.4 2243.68 2567.74 36823.8 39 170 2 
40 32 10 13797.2 2323.09 2474.16 35757.5 39 170 4 
45 37 10 13402 1931.1 2470.91 30055.9 37 140 4 
45 37 10 13351.4 1898.03 2453.35 30652.4 37 130 4 
49 40 10 13154.3 1808.05 2346.23 29572.1 37 130 3 
52 43 10 13750.9 2416.38 2334.5 33213.9 37 130 2 
52 43 10 13749.1 2416.38 2332.68 33196.5 37 130 2 
52 43 10 13179 1850.87 2328.16 25771.9 35 110 3 
54 46 10 13044.9 1726.39 2318.48 23994.9 34 90 3 
56 47 10 13027.4 1727.61 2299.82 23902 34 80 2 
57 48 10 13027.4 1799.41 2228.02 24213.3 34 80 2 
65 56 10 12922.5 1696.01 2226.52 23801.7 33 60 2 
65 56 10 12922 1696.01 2225.96 23799 33 60 2 
66 56 10 12809.6 1589.28 2220.31 22043.3 33 60 2 
66 56 10 12793.6 1589.28 2204.37 21985.8 33 60 2 
68 58 10 12942.4 1746.4 2196.03 24040 33 50 2 
68 58 10 12932.9 1746.4 2186.51 24012.8 33 50 2 
70 60 10 12919.7 1746.4 2173.26 23995.3 33 50 2 
87 76 10 12908.9 1782.42 2126.43 23522.3 33 50 2 
99 86 10 12649.1 1568.49 2080.6 21300.5 27 50 2 
101 87 10 12636.8 1559.48 2077.34 21300.5 27 50 2 
102 89 10 12614.4 1568.49 2045.92 21216.4 27 40 2 
103 89 10 12601.3 1576.96 2024.38 20702.7 27 40 2 
104 90 10 12628 1628.3 1999.68 21274.7 27 40 2 
107 93 10 12619.9 1628.3 1991.58 21231 27 40 2 
108 94 10 12563.9 1628.3 1935.59 21085 27 40 2 
130 113 10 12271.6 1380.83 1890.78 18645.5 27 10 1 
139 121 10 12255.1 1380.17 1874.95 18898.5 26 0 0 
141 124 10 12254.7 1380.17 1874.57 18875.6 26 0 0 
143 126 10 12254.6 1380.17 1874.38 18911.5 26 0 0 
152 134 10 12149.1 1298.92 1850.22 17305.3 25 0 0 
153 135 10 12140.7 1298.92 1841.74 17238.8 25 0 0 
154 136 10 12140 1298.92 1841.04 17241.2 25 0 0 
158 139 10 12131.9 1298.92 1832.94 17197.6 25 0 0 
159 140 10 11994.4 1172.84 1821.54 16702.2 24 0 0 
182 161 10 11940.4 1122.99 1817.45 16406.2 24 0 0 
182 161 10 11940.1 1122.99 1817.08 16419.3 24 0 0 
185 163 10 11937.8 1122.99 1814.8 16414.4 24 0 0 
193 171 10 11891.1 1077.93 1813.19 15812.6 23 0 0 
193 172 10 11949 1158.44 1790.6 15884.7 23 0 0 
209 186 10 11669.6 959.334 1710.28 12360.4 20 0 0 
210 187 10 11405.1 793.889 1611.19 10968.4 18 0 0 
210 187 10 11403.6 793.889 1609.76 10965.3 18 0 0 
211 188 10 11387.6 793.889 1593.68 10952.4 18 0 0 
212 189 10 11324.1 736.385 1587.7 9787.53 17 0 0 
214 191 10 11322.2 736.385 1585.84 9789.53 17 0 0 
215 192 10 11324.1 740.198 1583.89 9787.53 17 0 0 
224 201 10 11265.6 693.7 1571.95 9631.99 16 0 0 
224 201 10 11263.8 693.7 1570.15 9626.19 16 0 0 
227 204 10 11231.3 664.01 1567.33 9528.66 16 0 0 
227 204 10 11257.6 734.509 1523.07 9626.19 16 0 0 
259 235 10 11072.4 559.516 1512.91 8102.68 15 0 0 
275 251 10 11069.6 559.516 1510.05 8097.33 15 0 0 
554 520 10 11193.7 683.813 1509.92 8844.04 14 0 0 
561 528 10 11102.9 593.696 1509.17 8566.87 14 0 0 
562 529 10 11108.9 610.858 1498.07 8576.23 14 0 0 
565 532 10 11108.3 610.858 1497.44 8579.44 14 0 0 
629 593 10 11025.7 535.254 1490.41 7701.46 13 0 0 
635 598 10 11024.9 535.254 1489.65 7697.96 13 0 0 
646 609 10 10934.1 457.363 1476.77 6803.06 12 0 0 
652 615 10 10932.3 457.363 1474.97 6797.26 12 0 0 
739 699 10 10824.8 350.422 1474.42 6093.19 11 0 0 
846 805 10 10837.4 395.804 1441.58 6265.75 11 0 0 
887 845 10 10836.7 395.804 1440.92 6262.52 11 0 0 
903 860 10 10819.4 380.035 1439.38 6237.68 11 0 0 
928 884 10 10878.2 443.787 1434.39 6221.04 11 0 0 
939 894 10 10830.2 396.787 1433.4 6221.04 11 0 0 
947 903 10 10815 382.865 1432.17 6221.04 11 0 0 
965 920 10 10814.6 382.865 1431.78 6217.4 11 0 0 
1023 978 10 10708.4 276.881 1431.47 5730.39 11 0 0 
1061 1017 10 10814.6 383.333 1431.32 6217.4 11 0 0 
1130 1086 10 10797.9 367.096 1430.81 6194.94 11 0 0 
1357 1312 10 10797.9 367.564 1430.34 6194.94 11 0 0 
1368 1323 10 10706.8 276.618 1430.17 5503.16 11 0 0 
