0 0 10 17329.8 4336.23 3993.62 96475.2 89 580 3 
1 0 10 15691.1 3428.65 3262.45 74137.1 57 390 3 
1 0 10 15734 3531.32 3202.7 70534.9 56 390 3 
5 2 10 15364.7 3344.66 3020.04 62197.9 52 300 3 
7 3 10 15388.5 3386.95 3001.53 61144.8 52 290 4 
7 4 10 15309.5 3369.74 2939.72 62346.6 52 290 3 
10 6 10 14973.2 3165.55 2807.61 48751.9 50 200 3 
14 10 10 14365.8 2605.06 2760.79 51411.8 44 200 2 
15 10 10 14408 2694.57 2713.4 51623.7 43 190 4 
17 12 10 14130.8 2669.15 2461.67 39876.6 42 180 4 
18 13 10 13898.5 2483.95 2414.57 35643.1 40 160 4 
26 20 10 13638 2301.51 2336.49 31759.6 39 100 4 
29 22 10 13638 2307.56 2330.43 31458.7 38 100 4 
30 23 10 13682.3 2380.04 2302.24 31573 38 100 4 
32 25 10 13677 2380.04 2296.98 31537.4 38 100 4 
34 26 10 13672.7 2380.04 2292.64 31522.4 38 100 4 
35 28 10 13587.6 2295.58 2292.05 31530 38 90 3 
36 29 10 13561 2291.39 2269.59 30966.9 38 90 3 
37 30 10 13543.8 2377.72 2166.11 28572.6 36 70 3 
38 30 10 13543.2 2377.72 2165.52 28570.5 36 70 3 
38 31 10 13537.3 2377.72 2159.57 28629.6 36 70 3 
40 32 10 13536.7 2377.72 2158.97 28620.6 36 70 3 
41 33 10 13533.6 2377.72 2155.92 28618.3 36 70 3 
41 33 10 13534.9 2397.92 2136.97 28620.8 36 60 3 
43 35 10 13530.6 2397.92 2132.64 28605.8 36 60 3 
43 35 10 13522.6 2444.3 2078.32 28588.6 36 60 3 
44 36 10 13590.5 2565.24 2025.23 30784.7 36 50 2 
46 38 10 13587.5 2569.42 2018.07 30587.1 36 40 1 
57 47 10 13296.7 2323.38 1973.29 29583.5 35 40 1 
66 55 10 12900.8 2051.4 1849.39 25236.4 32 30 2 
68 56 10 12839.1 2018 1821.09 24477.2 32 10 1 
71 59 10 12743.6 1949.32 1794.26 23181 31 10 1 
72 59 10 12825.3 2039.64 1785.66 23192.1 31 10 1 
72 60 10 12820.7 2039.64 1781.03 23208.3 31 10 1 
73 61 10 12817.8 2039.64 1778.15 23203.6 31 10 1 
75 62 10 12641.1 1863.1 1778.03 21410.2 29 0 0 
86 72 10 12536.8 1797.67 1739.11 21394.2 27 0 0 
92 77 10 12456 1717.44 1738.59 19700.7 26 0 0 
93 78 10 12455.4 1717.44 1737.92 19703.9 26 0 0 
93 79 10 12452.5 1717.44 1735.07 19687.2 26 0 0 
95 80 10 12451.8 1717.44 1734.41 19690.3 26 0 0 
96 81 10 12428.1 1717.44 1710.69 19626.7 26 0 0 
97 82 10 12337.3 1639.12 1698.15 19387.3 26 0 0 
97 83 10 12090.2 1454.42 1635.83 17426.1 25 0 0 
99 84 10 12089.6 1454.42 1635.17 17425.9 25 0 0 
100 85 10 12088.9 1454.42 1634.51 17429 25 0 0 
101 85 10 12088.3 1454.42 1633.92 17424.1 25 0 0 
104 88 10 12042.1 1445.94 1596.16 16648.6 25 0 0 
107 90 10 12039.2 1445.94 1593.3 16644.4 25 0 0 
109 93 10 12033.7 1445.94 1587.73 16646.9 25 0 0 
115 98 10 12017.7 1449.8 1567.86 16105.5 23 0 0 
117 100 10 12012.1 1449.8 1562.28 16107.9 23 0 0 
117 100 10 11983.4 1449.8 1533.65 16021.4 23 0 0 
126 108 10 11890.8 1372.76 1518.02 15607.9 22 0 0 
129 110 10 11886.8 1372.76 1514.03 15592 22 0 0 
130 112 10 11885.7 1372.76 1512.9 15587.3 22 0 0 
136 119 10 11876.2 1365.29 1510.9 13425.8 20 0 0 
138 120 10 11727.3 1233.98 1493.28 12964 20 0 0 
147 129 10 11676.7 1229.33 1447.35 12970.9 19 0 0 
149 131 10 11673.7 1229.33 1444.35 12968.4 19 0 0 
151 132 10 11669.7 1229.33 1440.35 12966.4 19 0 0 
160 141 10 11668.3 1229.33 1438.99 12960.8 19 0 0 
160 141 10 11664.6 1229.33 1435.26 12979.8 19 0 0 
161 141 10 11683.4 1252.57 1430.84 12972.8 19 0 0 
174 155 10 11667.3 1240.85 1426.42 12965.6 19 0 0 
187 167 10 11669.3 1248.16 1421.15 12965.6 19 0 0 
268 244 10 11228.7 812.038 1416.7 9165.88 14 0 0 
271 247 10 11228.2 812.038 1416.13 9161.26 14 0 0 
387 354 10 10900.6 493.958 1406.61 5745.01 11 0 0 
482 441 10 10893 496.123 1396.83 5544.22 10 0 0 
490 448 10 10883.1 487.469 1395.59 5507.32 10 0 0 
502 459 10 10891.2 496.123 1395.09 5542.82 10 0 0 
521 477 10 10887 496.123 1390.93 5562.05 10 0 0 
676 624 10 10866.4 491.223 1375.21 5197.16 10 0 0 
689 636 10 10809.1 435.291 1373.8 5353.95 10 0 0 
723 668 10 10891.2 519.048 1372.11 5353.95 10 0 0 
844 784 10 10724.7 382.566 1342.08 4373.79 10 0 0 
879 818 10 10917.6 582.718 1334.86 5549.35 10 0 0 
885 824 10 10734.6 420.197 1314.42 3643.22 9 0 0 
889 828 10 10573.4 328.261 1245.14 3310.23 8 0 0 
904 843 10 10509.1 273.073 1236.01 3306.23 8 0 0 
923 860 10 10508.9 273.073 1235.78 3303.89 8 0 0 
1284 1208 10 10345.8 122.626 1223.22 2158.27 6 0 0 
1406 1328 10 10335.8 122.626 1213.21 2102.06 5 0 0 
1421 1343 10 10334.8 122.626 1212.18 2105.76 5 0 0 
2217 2127 10 10334.8 163.784 1171.03 2105.76 5 0 0 
2732 2630 10 10254.6 86.9288 1167.63 1515.36 4 0 0 
3023 2919 10 10242 86.9288 1155.05 1761.11 4 0 0 
3112 3005 10 10253.1 109.292 1143.84 1236.88 3 0 0 
3136 3030 10 10305.1 162.677 1142.45 1236.88 3 0 0 
3609 3494 10 10264 122.255 1141.72 1240.65 3 0 0 
3769 3650 10 10299.5 168.616 1130.86 1526.42 3 0 0 
3934 3815 10 10201.4 89.0972 1112.31 1635.71 3 0 0 
3948 3829 10 10176 89.0972 1086.9 1635.71 3 0 0 
3981 3862 10 10159.4 89.0972 1070.35 1635.71 3 0 0 
4012 3893 10 10153.8 89.0972 1064.67 1420.17 3 0 0 
4508 4387 10 10145.3 89.0972 1056.18 1321.62 3 0 0 
