0 0 10 19363.6 6060.32 4303.23 178052 94 850 2 
10 7 10 14507.8 2778.2 2729.6 38572.8 43 160 4 
10 7 10 14531.4 2811.2 2720.23 39094.4 43 160 4 
10 7 10 14374.9 2718.93 2655.95 37474.5 42 140 4 
12 9 10 14168.9 2611.75 2557.19 34932.6 42 120 4 
13 10 10 14095.6 2604.93 2490.7 32709.4 42 110 4 
14 11 10 14169.1 2723.78 2445.33 32786.8 42 90 3 
17 13 10 13753.5 2336.58 2416.96 31888.2 37 90 3 
37 31 10 13608.8 2243.78 2365.04 24200.2 33 90 2 
43 36 10 13147.8 1885.46 2262.35 20266.8 29 90 2 
47 40 10 12948.6 1812.12 2136.46 20054.5 29 60 2 
53 45 10 12885.3 1770.16 2115.1 20050.7 29 60 2 
53 45 10 12728.2 1658.47 2069.69 19264.8 29 60 2 
61 52 10 13061.8 2002.96 2058.83 22107 29 60 2 
63 53 10 13057.1 2002.96 2054.11 22106.7 29 60 2 
65 55 10 12487.1 1459.2 2027.93 16863.9 28 50 1 
66 56 10 12333.9 1343.61 1990.3 15674.4 27 50 1 
69 58 10 12323.6 1343.61 1979.97 15501.2 26 50 1 
70 59 10 12286.1 1318.97 1967.13 15233 26 50 1 
71 60 10 12378.4 1434.55 1943.81 16071.1 26 50 1 
73 61 10 12354 1428.1 1925.85 16308.6 26 50 1 
100 84 10 11969.3 1142.64 1826.68 15560.4 25 50 1 
102 86 10 12024.5 1233.08 1791.41 15404.9 24 50 3 
113 95 10 12027.8 1281.32 1746.46 14683.8 23 40 2 
115 97 10 11998.9 1266.03 1732.87 14346.8 23 40 2 
115 97 10 11878.5 1163.34 1715.19 13486 22 40 2 
117 98 10 11871.3 1163.34 1707.97 13440.4 22 40 2 
120 101 10 11893.1 1198.95 1694.19 13506.6 22 40 2 
121 102 10 11691.1 1076.64 1614.5 11850.3 21 20 2 
123 104 10 11685.9 1076.64 1609.25 11829.4 21 20 2 
124 105 10 11665.4 1085.62 1579.73 11730.2 20 10 1 
124 105 10 11617.5 1077.86 1539.62 11486.8 20 10 1 
130 110 10 11616.4 1077.86 1538.58 11482.6 20 10 1 
133 112 10 11559.5 1021.53 1537.98 10590.6 19 10 1 
133 112 10 11476.5 947.731 1528.74 10326.6 18 10 1 
143 121 10 11610.1 1124.18 1485.96 11749.8 18 10 1 
177 153 10 11309.4 832.267 1477.17 9101.2 15 10 1 
246 219 10 11075.7 618.483 1457.22 6976.76 11 0 0 
254 226 10 11092.7 638.153 1454.55 6887.99 10 0 0 
255 227 10 11002.3 552.67 1449.61 6657.31 10 0 0 
256 228 10 10934.4 485.793 1448.56 6657.31 10 0 0 
267 238 10 10959.1 514.634 1444.51 6681.05 10 0 0 
271 242 10 10889.3 464.398 1424.92 6444.57 10 0 0 
299 268 10 10909.3 485.793 1423.46 6603.33 10 0 0 
316 284 10 10863.5 442.307 1421.18 6601.97 10 0 0 
352 319 10 10903.1 485.793 1417.26 6503.92 10 0 0 
356 323 10 10943.3 578.274 1365.06 7454.27 10 0 0 
365 332 10 10851 488.266 1362.74 6431.27 9 0 0 
371 338 10 10903.5 580.084 1323.41 6483.75 9 0 0 
395 361 10 10750.2 433.654 1316.5 6484.05 9 0 0 
397 363 10 10747.1 433.654 1313.47 6483.75 9 0 0 
417 383 10 10747 433.654 1313.31 6264.91 9 0 0 
434 400 10 10756.1 443.781 1312.3 5675.83 9 0 0 
435 401 10 10753.3 444.397 1308.94 5776.8 8 0 0 
436 402 10 10657 354.25 1302.73 5038.25 7 0 0 
440 405 10 10654.9 354.25 1300.64 5175.1 7 0 0 
446 411 10 10625.1 355.192 1269.94 5129.33 7 0 0 
447 412 10 10614.5 355.192 1259.33 5317.03 7 0 0 
473 437 10 10497.5 256.487 1240.98 4428.02 6 0 0 
478 443 10 10494.7 256.487 1238.23 4346.49 6 0 0 
480 444 10 10494.6 256.487 1238.09 4387.28 6 0 0 
482 447 10 10489.6 256.487 1233.16 4440.85 6 0 0 
499 464 10 10489.5 256.487 1233 4446.02 6 0 0 
504 469 10 10486.6 256.487 1230.1 4439.39 6 0 0 
523 487 10 10486 256.487 1229.49 4440.85 6 0 0 
543 507 10 10484 256.487 1227.51 4321.21 6 0 0 
667 629 10 10551.3 324.355 1226.96 4622.32 6 0 0 
688 651 10 10482.6 256.487 1226.13 4205.22 6 0 0 
700 664 10 10478.6 256.487 1222.16 4135.25 6 0 0 
710 674 10 10455.4 236.082 1219.33 4029.78 6 0 0 
738 701 10 10475.1 256.487 1218.65 4130.08 6 0 0 
746 710 10 10471.2 256.487 1214.67 4056.85 6 0 0 
769 734 10 10496.9 282.951 1213.99 4094.48 6 0 0 
771 736 10 10505 304.832 1200.14 4287.28 6 0 0 
778 743 10 10464.3 278.369 1185.98 4287.28 6 0 0 
783 748 10 10457.4 278.369 1179.06 4175.19 6 0 0 
785 750 10 10453.9 278.369 1175.55 4170.02 6 0 0 
825 788 10 10648.4 475.208 1173.19 4351.48 6 0 0 
1060 1022 10 10519.3 346.236 1173.02 4351.48 6 0 0 
1118 1081 10 10493.6 320.888 1172.72 4388.09 6 0 0 
2017 1979 10 10428.4 257.964 1170.42 3985 6 0 0 
2034 1996 10 10428.3 257.964 1170.35 3986.71 6 0 0 
2061 2023 10 10354.5 190.096 1164.42 3985 6 0 0 
2185 2144 10 10351.3 190.096 1161.24 3957.2 6 0 0 
2548 2511 10 10437.6 277.702 1159.85 3957.2 6 0 0 
3914 3879 10 10439.3 281.461 1157.85 4091.4 6 0 0 
4043 4007 10 10439.2 282.616 1156.6 4019.54 6 0 0 
4086 4048 10 10436.1 282.616 1153.46 4016.4 6 0 0 
4190 4152 10 10417.2 282.616 1134.62 4074.55 6 0 0 
4235 4197 10 10388.3 282.616 1105.66 4049.88 6 0 0 
4328 4290 10 10383.6 282.616 1101 3929.73 6 0 0 
4700 4666 10 10351.1 250.31 1100.74 3758.5 6 0 0 
