0 0 10 19762.3 6577.37 4184.93 136159 92 460 3 
0 0 10 15830.2 3508.75 3321.5 58447.8 53 230 4 
5 3 10 14888.9 2919.56 2969.33 46628.8 44 230 3 
6 3 10 14884.6 2919.56 2965.01 46625.3 44 230 3 
6 3 10 14709.6 2875.06 2834.54 44685.4 43 220 4 
8 5 10 14098.4 2289.55 2808.83 41718.6 43 160 3 
9 6 10 14280.7 2481.55 2799.12 42968.1 43 130 3 
21 15 10 14167.8 2415.85 2751.94 38333.8 43 130 4 
23 16 10 13840.3 2249.89 2590.39 34439.8 38 130 3 
35 26 10 13292.9 1716.78 2576.14 28034.6 35 110 2 
42 31 10 13270.3 1710.57 2559.75 28319.9 35 110 3 
47 35 10 13223.2 1698.16 2525.06 27354.4 33 70 2 
55 41 10 13134.1 1610.93 2523.17 25842.1 33 70 3 
55 41 10 13190.6 1670.94 2519.61 25061.9 33 70 4 
56 41 10 13178.6 1681.74 2496.81 24989.9 33 70 4 
63 47 10 12995.7 1560.35 2435.32 22539.9 33 60 4 
67 50 10 13148.7 1840.61 2308.12 24686.9 33 40 2 
70 52 10 12640.1 1574.35 2065.79 20946.1 31 30 2 
78 59 10 12565.2 1518.52 2046.71 20290.9 30 30 2 
78 59 10 12565 1518.52 2046.46 20294.7 30 30 2 
79 59 10 12561.1 1539.38 2021.72 19742.9 29 30 2 
197 151 10 12656.1 1839.06 1817 19132.8 28 10 1 
198 152 10 12644.2 1839.06 1805.09 19108.9 28 10 1 
204 156 10 12599.2 1803.14 1796.08 18271.8 28 0 0 
206 158 10 12598.2 1803.14 1795.04 18267.8 28 0 0 
209 160 10 12549.1 1804.99 1744.12 17919.9 28 0 0 
257 199 10 12115.3 1379.81 1735.45 15132.5 21 0 0 
372 286 10 11720.7 990.512 1730.21 11035.2 17 0 0 
373 287 10 11653.5 990.512 1663.03 11256 17 0 0 
433 334 10 11581.4 927.918 1653.49 8906.53 14 0 0 
437 336 10 11547.3 914.766 1632.56 8828.34 13 0 0 
437 337 10 11564.7 948.357 1616.31 9153.05 13 0 0 
446 344 10 11615.8 1001.24 1614.6 9243.22 13 0 0 
453 349 10 11565.7 952.566 1613.12 8974.21 13 0 0 
466 360 10 11359.7 749.15 1610.58 8923.85 13 0 0 
492 380 10 11359.3 753.358 1605.95 8743.57 13 0 0 
546 423 10 11258.6 655.173 1603.45 8234.95 13 0 0 
573 444 10 11152.1 622.444 1529.7 7935.4 13 0 0 
737 571 10 10924.9 421.819 1503.11 5910.62 9 0 0 
742 575 10 10923.7 421.819 1501.84 5908.19 9 0 0 
745 578 10 10923.7 422.788 1500.87 5908.19 9 0 0 
757 587 10 11012.8 521.668 1491.08 5852.15 9 0 0 
758 588 10 10911.6 421.819 1489.79 5682.37 9 0 0 
777 604 10 11106.4 651.09 1455.3 6033.86 9 0 0 
786 611 10 10859.7 404.45 1455.25 5697.04 9 0 0 
789 613 10 11107.4 661.619 1445.78 5970.69 9 0 0 
836 651 10 10707.2 270.664 1436.51 4521.05 7 0 0 
848 661 10 10794.7 359.888 1434.86 4521.05 7 0 0 
912 713 10 10789.2 356.942 1432.3 4521.05 7 0 0 
1086 850 10 10623.7 233.209 1390.52 4410.3 7 0 0 
1208 948 10 10611.2 233.528 1377.7 4131.75 7 0 0 
1232 967 10 10656.7 284.692 1371.98 4131.75 7 0 0 
1233 968 10 10604 235.687 1368.27 4011.19 7 0 0 
1233 968 10 10650.6 284.692 1365.95 4307.8 7 0 0 
1246 979 10 10592.3 229.503 1362.85 4131.75 7 0 0 
1249 981 10 10575.8 236.999 1338.84 4147.33 6 0 0 
1280 1005 10 10699.5 361.735 1337.74 4343.33 6 0 0 
1290 1012 10 10699.5 372.28 1327.2 4343.33 6 0 0 
1364 1073 10 10657.2 369.52 1287.69 4147.33 6 0 0 
1370 1078 10 10681.4 427.415 1254 4147.33 6 0 0 
1417 1117 10 10547.1 294.893 1252.19 4147.33 6 0 0 
1449 1142 10 10598.1 350.082 1248.06 4147.33 6 0 0 
1489 1174 10 10589.2 350.082 1239.11 4057.66 6 0 0 
1493 1178 10 10589.8 360.463 1229.3 3784.54 6 0 0 
1608 1270 10 10711.9 513.965 1197.96 4062.64 6 0 0 
1652 1306 10 10710.9 513.965 1196.98 4057.66 6 0 0 
1814 1436 10 10659.2 462.878 1196.33 4057.66 6 0 0 
1843 1460 10 10659.2 470.356 1188.85 4057.66 6 0 0 
1860 1474 10 10595.5 423.889 1171.63 4062.64 6 0 0 
1882 1491 10 10594.5 423.889 1170.65 4057.66 6 0 0 
2114 1680 10 10594.5 430.223 1164.32 4057.66 6 0 0 
