Agent: 0ids: 14 9 16 35 31 12 36 17 6 1 15 24 25 49 13 34 48 7 10 29 20 0 33 38 19 41 21 18 26 30 28 32 23 27 43 11 47 46 39 4 3 
Agent: 1ids: 33 14 23 21 18 15 45 41 3 17 43 48 27 49 32 19 7 34 2 26 30 22 36 10 38 44 40 31 39 
Agent: 2ids: 20 
Agent: 3ids: 18 0 12 36 31 42 19 40 37 24 20 46 22 34 16 41 14 11 15 32 27 48 5 13 44 3 29 
Agent: 4ids: 6 46 41 29 17 3 40 8 38 5 9 34 7 13 30 
Agent: 5ids: 4 48 11 19 16 8 31 38 36 24 23 13 33 35 37 41 44 14 45 27 42 26 20 17 6 10 46 12 
Agent: 6ids: 32 38 37 20 31 19 30 11 29 17 27 2 1 28 5 8 7 46 22 49 34 47 41 26 15 10 39 42 14 35 45 18 48 13 12 
Agent: 7ids: 12 44 37 47 26 21 38 35 48 9 0 31 25 3 19 16 45 5 7 40 34 22 20 41 27 43 6 11 17 29 4 42 28 14 49 46 39 30 24 18 32 2 23 1 36 
Agent: 8ids: 44 27 49 26 22 13 46 20 14 28 19 31 6 36 39 16 48 34 35 38 24 43 15 29 18 23 10 30 45 41 9 8 12 5 0 3 1 32 47 37 40 21 33 2 
Agent: 9ids: 23 4 35 10 
Agent: 10ids: 47 1 49 5 3 9 26 15 21 22 33 13 8 29 31 25 34 12 44 10 42 0 
Agent: 11ids: 44 0 19 23 18 2 28 34 17 36 22 42 26 45 30 9 35 15 49 3 27 7 48 46 4 13 32 37 11 5 39 25 16 33 31 40 41 24 12 8 21 10 38 43 1 14 
Agent: 12ids: 35 28 9 29 10 
Agent: 13ids: 10 32 36 14 33 39 30 12 35 19 9 40 37 41 16 26 11 43 38 3 0 29 5 21 13 27 20 6 45 34 25 44 
Agent: 14ids: 49 15 29 8 40 5 11 16 39 33 26 13 0 17 27 30 38 22 45 31 41 7 1 47 14 2 4 21 34 23 46 36 44 28 12 24 9 
Agent: 15ids: 32 44 10 14 49 42 7 4 19 9 24 29 15 2 0 3 30 18 8 43 35 28 26 5 40 1 48 12 20 17 16 22 
Agent: 16ids: 19 17 46 32 7 44 41 36 21 29 2 48 12 37 20 4 39 18 1 
Agent: 17ids: 26 21 47 1 20 25 8 30 48 12 23 45 27 16 2 49 29 19 13 14 44 10 9 41 46 17 36 43 15 35 11 5 18 37 4 3 
Agent: 18ids: 43 30 35 1 16 
Agent: 19ids: 47 16 22 1 39 21 0 13 32 2 30 19 46 5 43 9 24 42 14 4 49 38 11 27 26 33 34 17 45 28 15 37 31 6 25 18 8 20 23 35 3 7 41 12 40 29 36 
Agent: 20ids: 10 8 7 45 0 22 37 1 17 49 44 30 13 2 14 18 15 21 31 16 9 39 34 28 46 3 20 38 
Agent: 21ids: 12 20 1 36 43 15 0 45 4 13 30 6 
Agent: 22ids: 19 47 10 32 45 14 36 31 5 39 4 44 18 26 6 11 40 49 41 0 48 24 16 29 27 9 33 38 22 34 25 28 8 15 46 23 2 13 42 37 3 21 30 7 43 1 35 
Agent: 23ids: 12 44 48 40 11 13 31 3 5 43 1 0 22 35 42 33 21 16 38 17 9 24 15 39 
Agent: 24ids: 46 32 48 20 4 24 
Agent: 25ids: 38 18 37 45 
Agent: 26ids: 0 28 45 8 46 9 20 43 18 34 35 16 22 31 32 3 38 23 12 36 6 15 42 25 26 17 13 21 44 41 30 11 5 40 24 19 39 7 2 
Agent: 27ids: 29 1 7 28 14 8 39 20 9 3 43 23 32 
Agent: 28ids: 15 36 44 24 9 17 37 41 3 18 45 8 48 38 11 34 20 43 25 29 12 10 31 1 21 27 4 30 28 49 39 42 6 5 13 
Agent: 29ids: 41 2 33 32 8 40 28 19 6 30 37 46 38 49 
Agent: 30ids: 25 18 13 11 23 1 31 3 14 28 26 33 15 19 47 38 5 35 21 49 2 40 12 27 
Agent: 31ids: 41 32 46 25 20 37 31 29 49 0 23 16 35 7 28 22 17 
Agent: 32ids: 22 9 37 4 
Agent: 33ids: 4 2 8 44 15 29 32 18 36 38 43 33 0 16 20 26 5 42 12 7 45 25 9 17 19 27 49 35 3 30 47 28 13 23 48 6 1 31 
Agent: 34ids: 7 25 6 26 14 27 29 37 36 40 9 11 49 8 32 41 28 42 38 44 13 12 33 35 21 22 10 47 1 24 16 48 30 5 0 34 19 4 3 23 20 15 39 17 31 46 18 43 
Agent: 35ids: 40 35 17 44 49 28 31 10 48 7 15 1 32 13 38 25 20 34 45 37 22 26 46 43 6 0 23 16 19 29 33 42 18 36 3 
Agent: 36ids: 18 15 11 9 26 29 36 31 38 16 8 1 6 7 34 30 43 27 22 10 39 17 0 32 37 2 4 41 45 5 35 25 46 23 40 42 24 21 20 28 49 48 33 12 14 3 
Agent: 37ids: 8 3 25 39 2 
Agent: 38ids: 49 47 12 20 34 5 25 35 1 6 37 18 48 
Agent: 39ids: 19 33 44 12 39 20 46 24 17 13 14 11 0 21 8 29 6 25 40 34 5 22 10 1 3 37 2 15 28 4 41 27 9 47 32 35 18 7 43 26 30 38 23 45 31 42 
Agent: 40ids: 20 5 47 2 48 39 37 8 6 4 12 41 49 25 27 19 7 17 15 26 0 36 11 43 34 16 42 40 44 9 
Agent: 41ids: 48 12 39 6 17 5 29 40 18 24 45 13 46 28 11 16 38 37 3 25 14 49 41 22 35 32 31 10 30 26 
Agent: 42ids: 48 
Agent: 43ids: 29 14 24 35 8 6 4 13 25 37 20 49 2 27 3 44 48 7 41 39 21 18 36 17 45 31 23 10 33 0 19 26 30 12 34 43 
Agent: 44ids: 0 26 16 6 11 12 28 29 32 2 41 47 7 31 22 14 45 40 17 46 42 49 
Agent: 45ids: 15 32 49 46 25 42 44 0 27 33 41 2 17 43 12 47 7 26 11 29 8 48 16 21 14 1 10 30 45 
Agent: 46ids: 3 45 36 23 10 13 37 33 32 44 0 21 6 41 47 39 29 12 19 35 42 15 34 9 24 5 22 38 8 16 20 26 43 11 2 18 1 48 28 40 49 25 14 17 
Agent: 47ids: 33 48 3 19 17 16 5 13 21 49 9 32 4 31 11 37 2 1 44 25 12 35 40 41 22 28 27 18 10 45 15 7 29 23 6 42 46 8 
Agent: 48ids: 18 16 10 29 38 14 42 45 43 31 6 37 15 41 48 23 12 30 44 21 34 8 33 7 22 49 
Agent: 49ids: 18 46 24 1 32 23 36 19 17 29 12 16 45 15 14 33 4 7 47 44 0 5 40 27 26 21 28 22 34 49 3 20 8 13 37 25 11 
0 0 10 17551.4 4330.07 4221.31 114500 90 560 5 
0 0 10 16460.4 3736.86 3723.58 73609.9 56 400 4 
1 0 10 15704.3 3441.52 3262.76 77419.9 51 400 3 
3 1 10 15590 3327.66 3262.34 56908 49 290 5 
3 1 10 15654.4 3454.61 3199.74 56783 48 290 5 
4 1 10 15598.1 3406.75 3191.36 55543.7 48 280 5 
4 2 10 15391.9 3202.46 3189.4 51802.7 46 250 5 
5 3 10 15391.5 3202.46 3189.06 51801.9 46 250 5 
6 4 10 15272.9 3148.45 3124.47 52301.7 46 250 5 
7 4 10 14566.4 2651.68 2914.68 40917.8 43 190 3 
8 5 10 14528.8 2717.9 2810.92 37505.9 43 150 3 
8 5 10 14148.5 2394.67 2753.83 31175.4 43 150 3 
10 7 10 14106.3 2370.09 2736.17 30606.3 42 110 3 
12 9 10 14011.4 2362.93 2648.52 30081.9 42 80 3 
14 10 10 14002.9 2386.05 2616.83 29995.7 41 70 2 
14 10 10 13909.6 2293.66 2615.99 29532.6 41 70 2 
14 11 10 13842.6 2293.66 2548.98 30244 41 70 2 
15 11 10 13883.9 2420.83 2463.08 29552.3 41 70 2 
20 16 10 13919 2478.43 2440.56 29310.2 40 70 2 
20 16 10 13801.1 2434.95 2366.18 29515.8 40 70 2 
26 21 10 13454.2 2152.13 2302.11 25368.9 37 10 1 
29 24 10 13321.6 2117.78 2203.85 24970.4 36 10 1 
32 26 10 13119.7 1996.87 2122.82 23149.8 35 10 1 
34 28 10 13189.1 2078.3 2110.84 24519.3 35 10 1 
34 28 10 12968.3 1868.69 2099.59 21939.4 33 10 1 
35 29 10 12991.3 1916.42 2074.93 22416.4 33 10 1 
37 31 10 12881.9 1828.6 2053.34 21683 32 10 1 
38 32 10 12866.2 1828.6 2037.63 21624.2 32 10 1 
39 33 10 12863.7 1828.6 2035.06 21612.8 32 10 1 
41 34 10 12785.9 1781.6 2004.33 20654.4 32 10 1 
42 35 10 12910.3 1917.61 1992.72 22758.2 32 10 1 
44 37 10 12909.4 1917.61 1991.75 22755.2 32 10 1 
48 40 10 12779 1820.55 1958.45 20984.6 31 0 0 
48 41 10 12744.6 1788.86 1955.76 20523.2 31 0 0 
50 42 10 12595 1643.89 1951.11 20408.9 31 0 0 
52 44 10 12364 1460.97 1903.02 16889.2 27 0 0 
52 44 10 12359.2 1460.97 1898.24 16891.1 27 0 0 
54 45 10 12187.8 1370.97 1816.8 15135.8 27 0 0 
56 48 10 12072.6 1274.49 1798.08 13903.9 27 0 0 
63 53 10 12163.8 1397.55 1766.21 14481.6 24 0 0 
141 127 10 11308.4 786.46 1521.96 9542.39 23 0 0 
158 143 10 11389.4 882.269 1507.1 10936.7 20 0 0 
168 153 10 11376.4 869.951 1506.5 9841.32 19 0 0 
171 156 10 11288.3 782.951 1505.36 9466.78 17 0 0 
173 158 10 11287.5 782.951 1504.56 9468.36 17 0 0 
186 169 10 11213.4 715.942 1497.5 8648.93 17 0 0 
186 169 10 11103.2 617.35 1485.86 7768.77 16 0 0 
193 175 10 11099.7 617.35 1482.39 7707.42 15 0 0 
200 182 10 11095 617.35 1477.61 7709.28 15 0 0 
205 187 10 11092.5 617.35 1475.18 7710.24 15 0 0 
213 195 10 11091.1 617.35 1473.78 7698.85 15 0 0 
217 198 10 11074.6 617.35 1457.22 7673.26 15 0 0 
225 206 10 11074.5 617.35 1457.1 7664.22 15 0 0 
245 224 10 11143.2 694.03 1449.14 7827.79 15 0 0 
248 228 10 11132 692.188 1439.81 7827.79 15 0 0 
257 236 10 11130.7 692.188 1438.48 7815.72 15 0 0 
258 237 10 11117.2 692.188 1425.04 7841.68 15 0 0 
386 358 10 11221.5 821.877 1399.59 7560.99 14 0 0 
387 359 10 11218.7 821.877 1396.82 7548.09 14 0 0 
408 379 10 11148.2 760.153 1388.03 7745.31 14 0 0 
433 402 10 10964.6 581.024 1383.57 6652.57 13 0 0 
437 406 10 10962 580.146 1381.82 6553.95 13 0 0 
439 408 10 11054.9 676.426 1378.43 6730.84 13 0 0 
441 409 10 10978.6 604.881 1373.68 6521.53 12 0 0 
566 527 10 10981.2 621.143 1360.07 6524.19 12 0 0 
721 674 10 10872.6 524.817 1347.74 6087.3 12 0 0 
745 696 10 10779.2 431.596 1347.57 5162.39 11 0 0 
986 920 10 10754.1 410.945 1343.19 5137.36 11 0 0 
999 933 10 10707.4 371.623 1335.77 5231.36 11 0 0 
1038 969 10 10692.3 365.641 1326.63 5231.36 11 0 0 
1053 983 10 10830.4 505.135 1325.29 5231.36 11 0 0 
1063 992 10 10830.7 505.878 1324.84 5235.94 11 0 0 
1066 995 10 10830.4 505.878 1324.55 5231.36 11 0 0 
1094 1021 10 10869.9 546.251 1323.63 5231.36 11 0 0 
1123 1049 10 10921.9 600.071 1321.81 5231.36 11 0 0 
1351 1267 10 10760.4 459.217 1301.14 4943.43 11 0 0 
1354 1270 10 10797.5 498.96 1298.58 4943.43 11 0 0 
1368 1284 10 10755.7 459.217 1296.45 4925.22 11 0 0 
1486 1397 10 10779.3 486.832 1292.49 4925.22 11 0 0 
1487 1398 10 10757.8 486.832 1270.94 4816.57 11 0 0 
1525 1434 10 10653 387.284 1265.74 4957.64 11 0 0 
1563 1470 10 10715.2 450.21 1265.03 5293.14 11 0 0 
1586 1492 10 10712.6 448.562 1264.07 5481.37 11 0 0 
1614 1520 10 10616 355.514 1260.45 4931.61 10 0 0 
1633 1539 10 10578.2 327.899 1250.26 4931.61 10 0 0 
1644 1548 10 10606.1 361.463 1244.64 4766 10 0 0 
1659 1563 10 10609.6 365.921 1243.67 4633.11 10 0 0 
1883 1781 10 10636.7 394.439 1242.27 4954.82 10 0 0 
2502 2382 10 10593.3 351.115 1242.18 4546.16 9 0 0 
2508 2389 10 10681.2 459.061 1222.18 4700.12 9 0 0 
2520 2400 10 10567.9 351.115 1216.75 4791.55 9 0 0 
2535 2414 10 10556.8 352.681 1204.09 4698.6 9 0 0 
2560 2438 10 10602 407.87 1194.09 4804.23 9 0 0 
2573 2452 10 10599.4 407.87 1191.52 4799.32 9 0 0 
2626 2504 10 10599.4 412.572 1186.82 4799.32 9 0 0 
2661 2539 10 10507.5 322.457 1185.04 4326.99 9 0 0 
2717 2592 10 10597.3 412.572 1184.72 4543.82 9 0 0 
2728 2602 10 10596.4 412.572 1183.78 4546.16 9 0 0 
2767 2639 10 10537.9 358.477 1179.43 4546.16 9 0 0 
2790 2662 10 10446 268.361 1177.64 4073.84 9 0 0 
2875 2740 10 10357.4 193.98 1163.47 3398.96 7 0 0 
2931 2795 10 10391.7 230.91 1160.83 3528.72 7 0 0 
2933 2798 10 10356.9 201.034 1155.85 3398.96 7 0 0 
2951 2815 10 10355.7 201.034 1154.62 3398.96 7 0 0 
3022 2882 10 10433.3 282.465 1150.83 3535.81 7 0 0 
3231 3087 10 10344.1 200.05 1144.08 3513.57 6 0 0 
3321 3174 10 10561.4 429.07 1132.3 3730.81 6 0 0 
3368 3220 10 10609.7 483.165 1126.57 3839.61 6 0 0 
3656 3502 10 10610.5 485.157 1125.33 3760.37 6 0 0 
3675 3522 10 10610.5 485.157 1125.32 3753.54 6 0 0 
3826 3671 10 10611.6 487.937 1123.7 3754.71 6 0 0 
3997 3837 10 10605.6 487.937 1117.66 3725.01 6 0 0 
4363 4200 10 10374.3 285.269 1089.02 3722.68 6 0 0 
4376 4212 10 10374.3 287.713 1086.58 3722.68 6 0 0 
4454 4290 10 10223.7 139.675 1084.06 2821.17 5 0 0 
4519 4353 10 10222.6 139.675 1082.95 2818.17 5 0 0 
4716 4547 10 10220.1 141.041 1079.01 2806.17 5 0 0 
4940 4767 10 10244.9 168.656 1076.23 2806.17 5 0 0 
