0 0 10 18163.5 5084.37 4079.14 103378 91 540 4 
1 0 10 16633 4168.55 3464.46 64582 58 320 2 
2 0 10 15717.5 3417.42 3300.06 61826.4 54 290 2 
2 0 10 15554.3 3303.69 3250.64 58568.7 53 250 2 
2 0 10 15527.3 3303.69 3223.65 58963 53 250 2 
4 1 10 15350.9 3194.09 3156.77 56049 52 250 2 
6 4 10 15482 3357.46 3124.54 53316.1 47 240 3 
7 4 10 14652.1 2532.27 3119.81 61659.3 45 240 3 
10 7 10 14741.5 2930.28 2811.18 43535.5 45 180 3 
10 7 10 14588.1 2787.45 2800.69 41205.5 44 170 3 
10 7 10 14546.3 2775.04 2771.22 40096.3 44 150 3 
14 10 10 14542 2781.85 2760.18 39710 44 150 3 
21 17 10 14597 2862.65 2734.39 42078.3 44 150 4 
23 18 10 14016.3 2433.91 2582.39 31970.7 42 60 3 
23 18 10 14015.4 2433.91 2581.47 31972.6 42 60 3 
27 22 10 13919.8 2425.83 2493.98 31546.6 41 50 3 
29 24 10 13732.3 2280.26 2452.08 30591.4 39 40 3 
31 26 10 13641.1 2218.31 2422.79 29736.7 38 40 3 
32 27 10 13677.1 2278.35 2398.72 30285 38 30 2 
41 34 10 13350.1 1977.19 2372.9 26405.3 34 30 1 
52 44 10 13502.6 2269.44 2233.14 28102.7 34 20 2 
52 44 10 13482.4 2269.44 2212.92 28138.3 34 20 2 
56 47 10 13566.6 2358.6 2207.95 28260.9 34 20 2 
58 49 10 13009.5 1809.41 2200.12 23585.6 33 20 2 
62 52 10 13012.3 1855.38 2156.94 23594 33 10 1 
66 56 10 12722.6 1629.49 2093.1 21638.1 31 10 1 
84 72 10 12650.6 1747.06 1903.56 20931.7 30 10 1 
107 92 10 11950 1057 1893.04 13243.9 24 0 0 
118 101 10 11876 1111.31 1764.65 12693.7 21 0 0 
118 101 10 11865.1 1103.35 1761.74 13128.7 21 0 0 
129 111 10 11730.7 1012.4 1718.33 12135.5 21 0 0 
132 113 10 11805 1110.52 1694.44 11689.2 21 0 0 
143 123 10 11697.6 1008.39 1689.25 11033.3 20 0 0 
157 137 10 11587.7 913.39 1674.32 10930 18 0 0 
159 138 10 11587.7 928.665 1659.04 10930 18 0 0 
161 140 10 11587.6 928.665 1658.98 10966.7 18 0 0 
161 140 10 11557.1 928.665 1628.42 10856.1 18 0 0 
163 142 10 11536.4 912.148 1624.3 10817.2 18 0 0 
163 142 10 11623.2 999.148 1624 10455.2 18 0 0 
163 142 10 11515.4 913.39 1602.03 11423.2 18 0 0 
170 148 10 11465.2 895.384 1569.85 11106.3 18 0 0 
170 148 10 11464.9 895.384 1569.53 11096 18 0 0 
186 163 10 11541.5 1008.36 1533.15 11179.9 17 0 0 
206 183 10 11541 1029.14 1511.89 12002 17 0 0 
207 185 10 11539.7 1029.14 1510.52 12003.9 17 0 0 
209 185 10 11606.4 1096.52 1509.89 12261.8 17 0 0 
210 187 10 11538.3 1029.14 1509.17 12030.8 17 0 0 
212 189 10 11392.1 929.91 1462.22 11565.9 17 0 0 
234 210 10 11319.7 867.53 1452.21 10740.1 16 0 0 
240 215 10 11373.7 933.347 1440.39 11099.8 16 0 0 
242 217 10 11459.7 1020.35 1439.33 11099.8 16 0 0 
244 219 10 11312.9 888.764 1424.18 11941.2 16 0 0 
245 220 10 11311.4 888.764 1422.66 11948.1 16 0 0 
246 221 10 11311.3 890.107 1421.16 11939.8 16 0 0 
252 227 10 11222.3 801.35 1420.96 11628.4 15 0 0 
252 227 10 11222.2 801.35 1420.8 11620.1 15 0 0 
256 231 10 11273.7 854.418 1419.23 11621.5 15 0 0 
258 234 10 11272.5 854.418 1418.07 11575.3 15 0 0 
259 234 10 11272.1 854.418 1417.71 11628.4 15 0 0 
261 236 10 11267.3 854.418 1412.83 11655.4 15 0 0 
263 238 10 11266 854.418 1411.55 11644.3 15 0 0 
264 239 10 11265.6 854.418 1411.15 11654 15 0 0 
282 257 10 11222.3 816.129 1406.14 10780.1 15 0 0 
292 267 10 11187.7 805.415 1382.25 11620.1 15 0 0 
296 271 10 11186.1 805.415 1380.73 11627 15 0 0 
297 272 10 11179.2 826.563 1352.65 11583.7 15 0 0 
304 278 10 11077.5 742.619 1334.91 10170.5 15 0 0 
307 281 10 10924 595.38 1328.58 8488.64 15 0 0 
322 296 10 10984.7 658.375 1326.29 9937.26 15 0 0 
344 318 10 11012.4 704.196 1308.23 9671.9 13 0 0 
362 336 10 10949.8 649.008 1300.77 9673.29 13 0 0 
366 340 10 10948.6 649.008 1299.61 9627.14 13 0 0 
369 343 10 10994.7 704.196 1290.53 9662.4 13 0 0 
380 353 10 10929.4 649.008 1280.35 9547.63 13 0 0 
380 354 10 10927.7 649.008 1278.67 9546.24 13 0 0 
386 360 10 11023.6 749.56 1274.04 9678.78 13 0 0 
389 362 10 11018.5 749.56 1268.96 9392.41 13 0 0 
817 780 10 10494.2 276.653 1217.52 4647.33 10 0 0 
818 781 10 10493.9 276.653 1217.21 4656.12 10 0 0 
1777 1749 10 10555.6 349.583 1206.01 3649.48 8 0 0 
1825 1797 10 10498.8 295.763 1203.02 3266.25 8 0 0 
2061 2030 10 10496.7 295.763 1200.97 3792.43 8 0 0 
2066 2036 10 10496.3 295.763 1200.51 3767.9 8 0 0 
2135 2105 10 10495.3 295.763 1199.55 3778.38 8 0 0 
2254 2222 10 10495.3 295.763 1199.49 3778.38 8 0 0 
