0 0 10 17997.8 4897.57 4100.26 184267 94 720 3 
0 0 10 15809.2 3298.27 3510.93 112551 56 570 2 
0 0 10 15675.1 3366.95 3308.18 63107.1 53 390 2 
3 1 10 15360.7 3095.54 3265.2 48678.5 47 290 3 
5 2 10 15256.1 3081.18 3174.91 46992.4 46 290 3 
6 3 10 15162.2 2999.95 3162.24 45660.6 45 290 3 
6 4 10 14928.7 2774.7 3154.05 43383.5 45 180 4 
6 4 10 14939.6 2832.83 3106.78 43431 44 150 3 
7 4 10 14855.4 2777.63 3077.77 43190.5 43 150 3 
7 4 10 14726.8 2686.88 3039.87 41147.2 42 150 2 
8 5 10 14289.2 2360.67 2928.49 39479.8 40 150 2 
9 6 10 14222.1 2358.31 2863.75 39024.2 39 150 2 
10 7 10 14194.5 2358.31 2836.16 38918.1 39 150 2 
12 9 10 14191.4 2358.31 2833.12 38944.4 39 150 2 
13 10 10 14103.2 2274.3 2828.86 37128.8 38 140 2 
36 29 10 13354.2 2055.29 2298.93 28309.2 36 140 2 
40 34 10 13243.6 1944.84 2298.77 25916.8 34 140 2 
41 34 10 13191.6 1909.51 2282.04 27452.8 34 140 3 
42 35 10 13162.6 1909.51 2253.13 27363.5 34 140 3 
43 35 10 13266.5 2014.76 2251.77 26324.4 34 130 3 
44 36 10 13047.4 1814.96 2232.48 25890.2 33 110 3 
48 40 10 12851.5 1667.43 2184.07 24167.5 32 110 3 
58 49 10 13060.9 1897.84 2163.03 25744.1 32 30 1 
61 51 10 12964.6 1852.1 2112.46 24453.4 31 20 1 
61 52 10 12927.2 1819.1 2108.12 24212.4 31 20 1 
62 53 10 12860 1757.42 2102.54 23834.7 30 20 1 
63 54 10 12816 1757.42 2058.63 23556.3 30 20 1 
78 67 10 12640.5 1644.36 1996.1 20771.5 30 0 0 
82 71 10 12732 1737.66 1994.37 21523.8 30 0 0 
89 77 10 12725.1 1737.87 1987.23 21395.7 30 0 0 
91 78 10 12723 1737.87 1985.08 21411.8 30 0 0 
91 79 10 12555.2 1587.49 1967.74 20098.7 28 0 0 
93 80 10 12560.4 1635.87 1924.54 19563.8 27 0 0 
95 82 10 12505.8 1598.22 1907.53 19222.9 27 0 0 
97 84 10 12500.7 1598.22 1902.52 19220.1 27 0 0 
101 87 10 12362.6 1483.52 1879.1 19287.1 27 0 0 
102 88 10 12413 1534.58 1878.45 17116 26 0 0 
103 89 10 12470 1603.01 1867.02 17482 26 0 0 
103 89 10 12400.8 1534.58 1866.22 17101.3 26 0 0 
104 90 10 12397.6 1534.58 1863.01 17109 26 0 0 
104 90 10 12395.3 1534.58 1860.69 17106.9 26 0 0 
105 91 10 12329.2 1468.84 1860.39 16293 25 0 0 
106 92 10 12324.2 1468.84 1855.37 16290.2 25 0 0 
107 93 10 12322.2 1468.84 1853.4 16286.8 25 0 0 
111 96 10 12229.8 1401.2 1828.57 16012.4 24 0 0 
114 98 10 12229.8 1405.81 1823.95 16012.4 24 0 0 
115 99 10 12185.8 1403.88 1781.9 15617.1 24 0 0 
118 102 10 12092.2 1313.87 1778.32 14489.5 22 0 0 
118 103 10 12091.6 1313.87 1777.68 14499.7 22 0 0 
119 103 10 12089.6 1341.56 1748.04 14548.4 22 0 0 
123 107 10 12075.3 1332.83 1742.49 14910.8 22 0 0 
125 108 10 12072.7 1360.51 1712.21 14969.7 22 0 0 
149 130 10 12068.3 1359.91 1708.38 14919.7 22 0 0 
154 135 10 11956.7 1268.52 1688.21 13700.6 21 0 0 
156 137 10 11905.5 1295.72 1609.81 13399.2 21 0 0 
158 139 10 11843.6 1239.43 1604.17 12679.2 20 0 0 
161 141 10 12072.9 1473.4 1599.54 14932.7 20 0 0 
161 142 10 11846.1 1265.48 1580.61 13321.1 20 0 0 
185 163 10 11272.7 706.076 1566.65 10616.3 16 0 0 
187 165 10 11272.5 706.076 1566.41 10615.9 16 0 0 
189 166 10 11271.4 706.076 1565.32 10624.2 16 0 0 
190 167 10 11342.2 777.791 1564.42 11454.5 16 0 0 
194 172 10 11341.1 777.791 1563.34 11462.9 16 0 0 
222 198 10 11207.4 670.806 1536.57 10834 16 0 0 
223 198 10 11285.5 756.256 1529.2 11128.7 16 0 0 
227 202 10 11210 700.174 1509.85 10206.6 15 0 0 
237 211 10 11180.6 712.655 1467.92 10721.1 15 0 0 
266 238 10 10983.8 539.619 1444.2 8519.41 13 0 0 
272 244 10 10981.2 539.619 1441.63 8516.93 13 0 0 
293 263 10 10888.3 447.981 1440.29 7817.59 12 0 0 
309 279 10 10898.7 495.1 1403.59 7778.34 12 0 0 
343 310 10 11003.4 609.227 1394.17 7535.46 12 0 0 
347 313 10 10999.4 617.19 1382.21 7398.51 12 0 0 
351 317 10 10951.4 570.19 1381.21 7398.51 12 0 0 
493 451 10 10564.2 187.798 1376.45 4799.05 8 0 0 
495 453 10 10677.4 301.562 1375.86 4799.05 8 0 0 
496 454 10 10596.2 221.68 1374.52 5105.88 8 0 0 
497 455 10 10648 279.716 1368.28 5105.88 8 0 0 
498 456 10 10556 187.798 1368.16 4814.88 8 0 0 
515 473 10 10608.8 241.011 1367.8 5042.66 8 0 0 
568 523 10 10643.3 277.193 1366.06 5111.55 8 0 0 
577 531 10 10607 241.011 1366.01 5050.17 8 0 0 
585 539 10 10605.9 241.011 1364.9 5051.82 8 0 0 
652 604 10 10722.1 360.739 1361.37 5056.95 8 0 0 
653 604 10 10718.3 360.739 1357.54 5049.45 8 0 0 
658 610 10 10762.5 407.597 1354.88 5049.45 8 0 0 
664 615 10 10761.5 407.597 1353.93 5047.79 8 0 0 
687 637 10 10599.9 252.794 1347.08 5047.79 8 0 0 
711 660 10 10713 366.558 1346.48 5047.79 8 0 0 
917 858 10 10661 314.952 1346.09 5047.79 8 0 0 
1003 939 10 10700.7 356.847 1343.89 4844.81 8 0 0 
1018 953 10 10700.6 356.847 1343.75 4893.15 8 0 0 
1019 954 10 10699.3 356.847 1342.46 4938.67 8 0 0 
1021 956 10 10629.8 324.159 1305.67 4589.38 7 0 0 
1042 975 10 10628.3 324.159 1304.14 4586.58 7 0 0 
1056 989 10 10549.3 263 1286.26 4586.58 7 0 0 
1060 993 10 10543.9 267.967 1275.98 4379.93 7 0 0 
1064 997 10 10552.4 340.449 1211.91 4573.61 7 0 0 
1079 1010 10 10741.2 533.275 1207.95 5084.85 7 0 0 
1082 1013 10 10620.2 412.683 1207.5 4135.89 6 0 0 
1108 1038 10 10619.7 412.683 1207 4021.6 6 0 0 
1113 1042 10 10700.1 504.399 1195.71 4881.97 6 0 0 
1113 1043 10 10599.2 495.066 1104.15 4075.24 6 0 0 
1118 1047 10 10680.3 586.782 1093.53 4959.89 6 0 0 
1122 1050 10 10557.2 496.745 1060.46 4959.89 6 0 0 
1128 1057 10 10440.2 402.338 1037.83 4054.83 5 0 0 
1133 1061 10 10439.8 402.338 1037.41 3869.76 5 0 0 
1133 1061 10 10424.6 408.576 1016 4054.83 5 0 0 
1134 1062 10 10333.5 347.599 985.914 3025.76 4 0 0 
1148 1076 10 10228.9 244.058 984.871 3031.15 4 0 0 
1153 1080 10 10366.3 381.994 984.277 3031.15 4 0 0 
1279 1203 10 10228.9 245.14 983.789 3031.15 4 0 0 
1304 1227 10 10366.3 383.076 983.195 3031.15 4 0 0 
1306 1229 10 10314.3 331.47 982.804 3031.15 4 0 0 
1356 1277 10 10226 267.603 958.349 2447.61 3 0 0 
1377 1296 10 10221.1 264.967 956.104 2447.61 3 0 0 
1384 1303 10 10115.1 164.939 950.113 2447.61 3 0 0 
1442 1359 10 10141.4 223.42 918.018 2447.61 3 0 0 
1448 1364 10 10118.7 201.235 917.454 2447.61 3 0 0 
1456 1372 10 10146.2 234.56 911.682 2447.61 3 0 0 
2119 2032 10 10165.3 283.816 881.434 2447.61 3 0 0 
2193 2107 10 10124.8 243.752 881.038 2407.15 3 0 0 
2209 2121 10 10124.8 249.39 875.399 2407.15 3 0 0 
2210 2122 10 10148.4 284.583 863.812 2407.15 3 0 0 
2236 2147 10 10056.6 193.865 862.742 1710.75 2 0 0 
2258 2169 10 10031.9 169.888 862.047 1710.75 2 0 0 
2330 2240 10 9963.74 117.6 846.137 840.871 1 0 0 
2343 2253 10 9865.55 27.4797 838.069 0 0 0 0 
2390 2300 10 9828.94 0 828.937 0 0 0 0 
