Agent: 0ids: 29 33 35 18 27 17 30 31 11 
Agent: 1ids: 10 36 19 40 46 
Agent: 2ids: 48 25 49 20 31 13 45 12 1 41 18 9 46 44 27 11 42 23 21 8 36 28 15 7 34 14 
Agent: 3ids: 7 32 17 8 24 14 40 
Agent: 4ids: 11 6 46 13 39 37 5 31 22 0 34 28 45 26 20 25 44 10 9 12 41 7 17 32 24 35 19 23 14 30 33 40 3 1 2 16 27 48 36 8 15 43 47 29 21 4 
Agent: 5ids: 45 25 20 6 16 1 35 27 32 23 44 22 4 39 43 36 29 0 34 3 13 46 8 10 12 15 19 18 41 30 5 21 38 42 47 31 48 40 37 7 2 9 24 28 26 49 11 33 14 
Agent: 6ids: 22 40 19 6 47 17 0 21 43 39 37 5 14 48 3 38 32 1 45 49 25 11 
Agent: 7ids: 23 29 20 3 42 14 32 38 45 6 44 34 1 0 31 28 7 41 36 39 12 26 9 4 48 5 35 40 22 10 37 27 16 30 43 
Agent: 8ids: 24 23 4 39 14 2 15 48 42 41 40 19 5 27 3 21 20 18 0 6 11 38 13 26 10 29 28 1 45 22 16 31 37 47 9 34 35 7 25 12 8 49 33 46 36 44 
Agent: 9ids: 10 38 
Agent: 10ids: 35 37 13 5 25 4 7 26 16 22 42 31 24 9 
Agent: 11ids: 14 47 29 23 31 12 30 
Agent: 12ids: 42 25 34 27 31 21 1 41 0 33 15 12 3 28 39 13 37 47 7 40 
Agent: 13ids: 46 24 17 7 40 16 2 47 1 39 23 25 27 34 11 30 13 14 38 36 21 18 26 49 42 29 3 28 0 15 
Agent: 14ids: 32 17 35 30 10 31 28 29 39 40 23 9 2 33 47 1 15 44 14 41 20 26 6 21 18 0 4 13 27 42 7 
Agent: 15ids: 19 38 40 1 3 15 6 31 17 0 2 48 36 44 39 10 9 28 
Agent: 16ids: 19 10 20 34 32 49 40 41 21 18 8 28 13 
Agent: 17ids: 35 13 6 29 45 24 16 47 26 37 2 
Agent: 18ids: 3 29 5 33 0 2 13 38 15 17 23 31 16 10 34 8 22 40 45 36 32 24 14 44 48 12 46 4 26 11 18 
Agent: 19ids: 38 0 14 20 25 10 17 29 33 11 
Agent: 20ids: 14 48 37 31 44 32 24 34 45 0 11 5 46 42 39 4 8 30 23 16 35 19 15 12 7 43 25 9 49 
Agent: 21ids: 27 40 29 42 19 16 21 14 10 35 26 15 31 37 45 5 4 30 13 23 17 12 18 0 
Agent: 22ids: 19 8 18 1 4 43 29 3 32 13 7 27 20 14 44 30 5 39 22 45 2 21 46 36 41 25 42 37 38 11 15 10 33 49 23 0 16 47 31 9 6 12 35 34 17 48 28 40 
Agent: 23ids: 30 
Agent: 24ids: 43 0 33 32 29 9 21 3 41 25 19 28 2 7 31 34 13 47 49 27 42 17 37 5 23 
Agent: 25ids: 38 4 26 6 13 1 17 36 
Agent: 26ids: 14 4 42 3 23 37 0 30 32 40 22 7 12 20 6 49 29 44 
Agent: 27ids: 37 33 23 40 42 19 46 24 12 14 7 20 29 36 2 34 45 22 
Agent: 28ids: 34 43 18 5 38 6 3 35 24 42 
Agent: 29ids: 36 20 38 24 7 6 37 42 26 2 23 12 22 18 19 41 29 27 49 8 4 5 
Agent: 30ids: 12 33 24 44 28 13 34 49 29 8 9 1 3 4 48 39 21 47 32 15 40 43 23 
Agent: 31ids: 49 35 3 20 36 17 44 
Agent: 32ids: 31 1 20 6 44 22 36 28 3 19 11 27 8 49 43 4 21 7 26 
Agent: 33ids: 4 13 3 8 5 17 9 
Agent: 34ids: 3 18 4 39 46 42 49 27 33 8 1 21 9 23 25 35 26 5 36 20 10 
Agent: 35ids: 19 4 11 7 44 22 41 45 20 18 12 13 25 9 1 24 38 49 43 31 37 42 40 15 
Agent: 36ids: 33 49 25 43 6 8 3 0 45 35 48 18 44 1 26 13 15 24 38 14 11 16 42 19 28 37 22 2 39 12 21 23 47 
Agent: 37ids: 16 
Agent: 38ids: 25 37 30 13 9 5 49 1 16 38 41 29 45 20 32 31 19 7 33 12 47 23 15 43 24 27 39 21 40 35 14 34 42 18 46 6 17 
Agent: 39ids: 0 38 33 8 39 24 10 35 23 32 43 20 22 5 18 12 26 16 6 21 34 2 17 14 46 37 7 25 47 4 42 45 41 9 44 30 31 1 15 28 48 40 49 36 11 27 3 13 19 
Agent: 40ids: 37 12 33 27 13 45 49 28 26 18 47 32 38 4 21 14 42 20 5 9 34 3 43 0 44 22 41 25 31 46 16 36 
Agent: 41ids: 25 44 18 16 30 31 9 40 42 20 15 6 36 37 28 45 38 39 47 1 26 22 33 13 4 14 12 34 27 
Agent: 42ids: 17 9 41 19 7 23 39 6 44 47 4 8 10 26 28 48 3 36 45 37 14 35 30 1 22 13 43 25 20 49 
Agent: 43ids: 28 32 36 6 4 17 
Agent: 44ids: 40 22 33 
Agent: 45ids: 27 20 45 22 13 17 48 33 10 9 11 8 12 15 16 
Agent: 46ids: 8 26 38 27 40 39 44 45 1 2 24 48 22 42 49 16 36 34 6 23 
Agent: 47ids: 39 37 41 12 
Agent: 48ids: 10 45 7 48 30 2 40 49 0 38 33 24 47 9 3 15 22 29 16 
Agent: 49ids: 21 29 25 39 38 14 33 45 34 41 27 31 20 3 0 49 9 42 
0 0 10 18499.8 5541.67 3958.11 165405 90 750 3 
0 0 10 16202.9 3784.63 3418.23 87565.8 54 610 2 
0 0 10 15913.8 3566.33 3347.51 85909.7 51 610 2 
2 0 10 15096.8 2988.95 3107.84 52335.4 47 350 3 
2 0 10 14651.1 2578.48 3072.63 47295 45 240 3 
6 3 10 14868.2 2797.5 3070.68 46318.8 45 230 1 
6 4 10 14867.4 2816.01 3051.44 49623.6 43 200 1 
9 6 10 14804.5 2816.01 2988.54 48704.7 43 200 1 
11 7 10 14406.2 2495.78 2910.44 33824.9 43 130 2 
26 20 10 13811.1 2424.04 2387.06 33204.6 42 130 3 
28 22 10 13671.2 2357.46 2313.72 33372.9 40 130 3 
30 24 10 13559.9 2274.94 2284.93 30943.3 39 120 4 
51 42 10 12654.5 1713.23 1941.28 22985.9 34 90 3 
54 45 10 12997.6 2118.83 1878.76 22628.1 32 60 2 
76 66 10 12803.9 1930.77 1873.13 21498.2 30 20 2 
96 83 10 12533.8 1733.18 1800.62 21032.1 28 10 1 
115 102 10 12194.5 1406.36 1788.09 15967.8 24 0 0 
116 102 10 12191.4 1406.36 1785.02 15433.8 24 0 0 
118 104 10 12171.8 1406.36 1765.48 15419.4 24 0 0 
124 110 10 12001 1268.4 1732.61 13585.5 23 0 0 
127 112 10 12001 1268.4 1732.59 13618.9 23 0 0 
129 115 10 11963.4 1339.72 1623.72 13441.4 22 0 0 
131 117 10 11908.9 1295.06 1613.86 13503.9 22 0 0 
133 119 10 11817.3 1248.35 1568.98 12762.2 21 0 0 
137 122 10 11725.9 1158.35 1567.52 11715.7 20 0 0 
139 124 10 11713.3 1158.35 1554.99 11711.3 20 0 0 
142 127 10 11676.3 1129.46 1546.84 12226.1 20 0 0 
145 129 10 11671.9 1129.46 1542.41 12183.8 20 0 0 
153 137 10 11598.2 1056.91 1541.27 11679.5 19 0 0 
154 138 10 11521.6 984.005 1537.6 11196.6 19 0 0 
156 139 10 11520.9 984.005 1536.88 11194.5 19 0 0 
157 140 10 11573.6 1038.66 1534.94 11040.6 19 0 0 
159 142 10 11420.2 892.813 1527.39 10445.6 19 0 0 
161 143 10 11415.8 892.813 1522.96 10403.3 19 0 0 
169 151 10 11298.7 808.425 1490.24 9429.75 19 0 0 
171 153 10 11415.6 937.615 1477.95 10122 19 0 0 
226 203 10 11226.9 755.559 1471.31 8852.45 16 0 0 
229 206 10 11217.6 758.932 1458.67 9033.93 16 0 0 
258 232 10 11269.6 813.589 1456.01 8877.93 16 0 0 
284 256 10 11361.6 907.558 1454.05 8626.99 15 0 0 
285 257 10 11318.9 866.977 1451.94 8392.86 15 0 0 
286 258 10 11320.8 898.643 1422.13 8423.12 15 0 0 
289 261 10 11345.7 948.82 1396.92 8335.04 15 0 0 
294 265 10 11299.5 911.136 1388.36 7887.82 14 0 0 
300 270 10 11241 862.608 1378.35 7270.48 14 0 0 
320 289 10 11183.7 812.443 1371.29 6726.7 12 0 0 
324 293 10 10937.2 567.511 1369.74 6726.7 12 0 0 
329 297 10 11173.7 812.443 1361.21 6767.37 12 0 0 
338 306 10 11144.7 787.398 1357.34 6744.55 12 0 0 
350 317 10 11033.1 678.078 1355.04 6593.94 12 0 0 
351 318 10 11124.6 771.629 1352.93 6835.7 12 0 0 
370 336 10 10859 517.789 1341.24 6061.01 12 0 0 
373 339 10 10781.2 445.069 1336.12 6055.96 12 0 0 
376 342 10 10749.4 445.069 1304.31 6532.63 12 0 0 
444 408 10 10651.4 369.117 1282.28 4038.49 9 0 0 
446 410 10 10537.3 285.185 1252.1 3778.86 8 0 0 
653 618 10 10420.8 187.673 1233.08 2423.29 5 0 0 
739 707 10 10413.1 187.673 1225.46 2450.64 5 0 0 
831 802 10 10416.1 191.471 1224.6 2526.07 5 0 0 
836 808 10 10415.9 191.471 1224.47 2529.64 5 0 0 
1106 1088 10 10518.6 318.059 1200.52 2523.64 5 0 0 
1111 1093 10 10386.7 187.436 1199.31 2089.35 5 0 0 
1117 1098 10 10386.5 187.436 1199.09 2078.55 5 0 0 
1129 1111 10 10382.7 187.436 1195.23 1951.11 5 0 0 
1130 1112 10 10357.8 187.436 1170.38 2095.54 5 0 0 
1133 1115 10 10357.4 187.436 1169.94 2114.27 5 0 0 
1133 1115 10 10354.3 187.436 1166.87 2107.06 5 0 0 
1136 1118 10 10350.4 187.436 1162.97 2103.06 5 0 0 
1144 1128 10 10348.3 187.436 1160.85 2088.96 5 0 0 
1198 1183 10 10344 187.436 1156.55 2088.96 5 0 0 
1298 1285 10 10334.6 187.436 1147.13 2061.6 5 0 0 
