0 0 10 18564.3 5470.9 4093.38 95465.1 89 490 4 
1 0 10 16727.7 4187.76 3539.98 78550.6 60 320 4 
1 0 10 15518.3 3321.45 3196.86 55769.4 52 290 3 
3 1 10 15378.5 3206.32 3172.18 54207.9 49 250 3 
4 2 10 15324 3220.08 3103.93 52929.6 48 240 3 
11 7 10 14627 2743.64 2883.4 40771 45 180 4 
19 14 10 14110.5 2238.83 2871.67 37595.9 41 150 2 
28 22 10 14068.2 2445.94 2622.23 41564 41 150 1 
29 23 10 13982.4 2361.38 2621.07 39629.2 41 140 1 
29 23 10 13847.2 2300.24 2546.99 37680.7 41 100 1 
32 26 10 13686.3 2279.54 2406.79 30540.9 40 100 2 
33 26 10 13657.1 2311.19 2345.88 31040.3 40 100 3 
38 30 10 13573.4 2276.84 2296.59 28881.3 39 100 2 
38 31 10 13572.9 2276.84 2296.02 28817.5 39 100 2 
38 31 10 13571.4 2276.84 2294.56 28925.1 39 100 2 
39 31 10 13558.8 2264.96 2293.83 28440.8 39 80 3 
39 32 10 13556.8 2264.96 2291.8 28484.6 39 80 3 
41 33 10 13528.3 2285.01 2243.26 30088.7 39 70 1 
42 34 10 13512.1 2285.01 2227.06 30042.1 39 70 1 
43 35 10 13431 2286.02 2145.03 28526.5 39 50 2 
59 49 10 13287.5 2189.58 2097.96 27510.9 39 50 1 
64 53 10 13130 2039.21 2090.79 27293.8 33 50 1 
64 53 10 13082.9 2008.06 2074.81 26721.5 33 50 1 
68 56 10 13110.2 2043.01 2067.17 26042 33 40 1 
69 58 10 12902.6 1861.85 2040.78 24984 32 30 1 
79 66 10 12752.6 1721.2 2031.37 25133.6 30 20 1 
80 67 10 12718 1721.2 1996.78 25029.3 30 20 1 
82 69 10 12717.1 1721.2 1995.9 25024.9 30 20 1 
97 83 10 12656.9 1752.39 1904.51 23958.7 29 10 1 
102 86 10 12655.3 1752.39 1902.9 23953.5 29 10 1 
102 86 10 12617.3 1752.39 1864.87 22834.8 29 0 0 
104 88 10 12607.8 1752.39 1855.45 22660.5 29 0 0 
105 89 10 12607.8 1752.39 1855.43 22765.3 29 0 0 
107 90 10 12587.5 1752.39 1835.14 22532 29 0 0 
107 91 10 12584.5 1752.39 1832.1 22531.7 29 0 0 
108 91 10 12583.2 1752.39 1830.81 22526.9 29 0 0 
110 93 10 12677.8 1853.94 1823.82 22944.6 29 0 0 
111 94 10 12571.3 1752.39 1818.86 21720.7 29 0 0 
112 94 10 12524.4 1711.43 1813.01 21447 29 0 0 
115 97 10 12523.6 1711.43 1812.13 21442.6 29 0 0 
116 98 10 12520.5 1711.43 1809.03 21442.1 29 0 0 
116 99 10 12524.4 1727.03 1797.41 21447 29 0 0 
124 106 10 12368.9 1576.64 1792.21 21483.4 28 0 0 
214 187 10 11769.5 1304.83 1464.64 16061 23 0 0 
224 196 10 11754.7 1333.95 1420.79 16729.2 22 0 0 
256 225 10 11742 1331.33 1410.71 14093.7 20 0 0 
273 240 10 11573.6 1166.57 1407.01 12649.3 20 0 0 
279 246 10 11506.3 1100.94 1405.41 12584.9 19 0 0 
283 249 10 11506.1 1100.94 1405.12 12631.7 19 0 0 
336 299 10 11130 800.388 1329.59 9398.87 17 0 0 
341 304 10 11227.1 922.516 1304.54 11217.6 16 0 0 
379 339 10 10812.9 517.288 1295.57 7947.03 13 0 0 
382 343 10 10811.8 517.288 1294.48 7958.64 13 0 0 
388 349 10 10810.6 517.288 1293.35 7450.09 13 0 0 
398 359 10 10800.9 517.288 1283.64 7114.95 13 0 0 
440 400 10 10803.8 522.848 1280.9 6837.61 12 0 0 
451 411 10 10803.8 524.65 1279.1 6837.61 12 0 0 
468 427 10 10807 531.494 1275.5 6853.85 12 0 0 
473 432 10 10807 531.58 1275.42 6853.85 12 0 0 
477 436 10 10807 551.471 1255.53 6853.85 12 0 0 
494 453 10 10808.3 552.852 1255.47 6837 12 0 0 
598 553 10 10646.6 405.563 1241.02 5250.56 11 0 0 
600 556 10 10646.6 406.672 1239.91 5250.16 11 0 0 
606 561 10 10643.2 406.672 1236.55 5228.28 11 0 0 
623 577 10 10642.7 406.672 1236 5242.25 11 0 0 
655 608 10 10826.8 592.317 1234.49 5856.99 11 0 0 
657 610 10 10826.8 592.317 1234.45 5851.08 11 0 0 
662 615 10 10742.3 511.593 1230.68 5146.96 10 0 0 
665 618 10 10736.7 511.593 1225.11 5143.6 10 0 0 
798 745 10 10645.6 420.733 1224.86 4464.13 10 0 0 
820 768 10 10550 325.851 1224.12 4034.5 9 0 0 
873 820 10 10640 415.969 1224.05 4034.5 9 0 0 
885 832 10 10703.7 480.93 1222.78 4034.5 9 0 0 
955 900 10 10727.6 506.462 1221.13 4034.5 9 0 0 
1061 1002 10 10779.6 560.282 1219.3 4034.5 9 0 0 
1062 1003 10 10527.9 312.311 1215.61 4034.5 9 0 0 
1277 1213 10 10619 403.722 1215.31 4614.13 9 0 0 
1520 1457 10 10383.8 171.303 1212.46 3087.67 5 0 0 
1536 1472 10 10429.7 226.296 1203.4 3087.67 5 0 0 
1540 1476 10 10423.8 226.296 1197.46 3077.9 5 0 0 
2372 2301 10 10393 209.288 1183.76 2967.72 5 0 0 
2375 2303 10 10391.2 209.288 1181.94 2968.77 5 0 0 
2418 2345 10 10374.4 205.507 1168.87 2956.02 5 0 0 
2420 2347 10 10372.3 205.507 1166.77 2958.81 5 0 0 
2424 2351 10 10371.6 205.507 1166.04 2947.25 5 0 0 
2444 2371 10 10371.5 205.507 1166.02 2945.97 5 0 0 
2450 2377 10 10370.2 205.507 1164.69 2953.87 5 0 0 
2778 2703 10 10308.9 144.99 1163.93 2953.87 5 0 0 
2887 2812 10 10223.5 59.6063 1163.88 2451.23 4 0 0 
3225 3152 10 10218.8 59.6063 1159.19 2458.7 4 0 0 
3328 3254 10 10220.8 64.5818 1156.21 2650.75 4 0 0 
3354 3279 10 10218.3 64.5818 1153.75 2654.27 4 0 0 
3356 3281 10 10223.2 133.582 1089.57 2727.45 4 0 0 
3357 3282 10 10218.5 131.197 1087.31 2636.47 4 0 0 
3361 3286 10 10217.8 131.197 1086.59 2629.26 4 0 0 
