0 0 10 18417.3 5161.69 4255.58 95035.3 86 410 5 
0 0 10 15753.9 3334.26 3419.62 55868.6 52 310 4 
2 0 10 15124 3204.6 2919.4 46121.5 52 90 3 
2 0 10 15213.3 3372.74 2840.54 47080.3 52 60 2 
4 1 10 15213.3 3403.58 2809.7 47080.3 52 50 1 
32 23 10 13612.8 2172.12 2440.65 30193.7 44 50 2 
34 24 10 13612.7 2172.12 2440.62 30805.1 43 50 2 
50 37 10 13297.8 2062.34 2235.5 26897.5 34 40 2 
50 37 10 13118.4 1913.21 2205.24 26383.9 34 40 2 
67 50 10 12926.1 1747.91 2178.23 22526.1 30 20 1 
69 51 10 12717 1608.98 2108 21095.7 30 20 1 
105 78 10 13063 2003.84 2059.2 24696.1 30 10 1 
107 79 10 13017 2005.91 2011.05 24286.6 29 10 1 
115 86 10 12826.4 1868 1958.42 20817 27 0 0 
123 92 10 12384.8 1456.68 1928.12 16214 24 0 0 
123 92 10 12292.2 1365.68 1926.55 15834 24 0 0 
132 99 10 12260.6 1411.45 1849.17 16500.4 23 0 0 
134 101 10 12256.9 1411.45 1845.47 16482.3 23 0 0 
136 102 10 12252.1 1411.45 1840.63 16446.3 23 0 0 
137 102 10 12250.2 1411.45 1838.77 16442.3 23 0 0 
140 105 10 12134.5 1351.89 1782.6 15068.2 22 0 0 
143 107 10 12112 1351.89 1760.11 14955.9 22 0 0 
143 107 10 12104.5 1351.89 1752.57 15028.8 22 0 0 
150 112 10 12021.2 1309.75 1711.42 14236.7 21 0 0 
160 121 10 11978.6 1297.72 1680.85 13845.5 21 0 0 
160 121 10 12014.7 1364.96 1649.73 14209.1 21 0 0 
165 124 10 11884.2 1261.14 1623.02 13557.6 21 0 0 
185 139 10 11811.3 1200.04 1611.24 12816.8 18 0 0 
189 142 10 11808 1200.04 1607.92 12813.9 18 0 0 
189 142 10 11805.4 1200.04 1605.38 12838.3 18 0 0 
195 147 10 11727.9 1139.85 1588.07 12131 18 0 0 
206 155 10 11693.6 1108.56 1585.01 11812.6 17 0 0 
215 161 10 11680.1 1112.37 1567.73 10993.6 15 0 0 
216 162 10 11373.4 852.701 1520.67 9610.64 13 0 0 
217 163 10 11371.3 860.263 1511.09 9674.17 13 0 0 
231 174 10 11327.3 860.263 1467.05 9553.76 13 0 0 
270 205 10 11235.2 772.474 1462.75 8731.92 12 0 0 
279 211 10 11253 797.921 1455.06 8640.36 12 0 0 
290 220 10 11122.7 679.149 1443.57 8052.34 11 0 0 
292 221 10 11083.5 679.149 1404.34 8030.31 11 0 0 
297 225 10 11083.5 682.831 1400.65 8030.31 11 0 0 
348 265 10 11009.7 622.373 1387.29 7018.67 10 0 0 
358 273 10 11002.5 619.47 1383.06 6544.62 9 0 0 
372 284 10 10986 606.163 1379.81 6433.23 9 0 0 
413 315 10 10835.8 461.067 1374.76 5344.49 9 0 0 
417 318 10 10850.1 492.569 1357.57 6251.01 9 0 0 
468 359 10 10846.1 492.569 1353.56 6250.39 9 0 0 
472 362 10 10841.4 492.569 1348.88 6242.57 9 0 0 
491 376 10 10824.3 492.569 1331.76 6251.01 9 0 0 
531 409 10 10820.3 492.569 1327.76 6250.39 9 0 0 
566 437 10 10820.3 493.005 1327.32 6250.39 9 0 0 
626 485 10 10811.6 492.569 1319.06 6241.94 9 0 0 
629 487 10 10807.6 492.569 1314.99 6235.72 9 0 0 
646 500 10 10777.2 492.569 1284.66 6117.73 9 0 0 
675 524 10 10770.6 492.569 1278 6111.81 9 0 0 
790 616 10 10770.6 493.005 1277.57 6111.81 9 0 0 
865 675 10 10780 503.995 1275.98 6199.96 9 0 0 
923 721 10 10793 519.112 1273.89 6199.96 9 0 0 
926 723 10 10759.5 503.995 1255.5 6125.62 9 0 0 
976 765 10 10772.5 519.112 1253.41 6125.62 9 0 0 
1109 871 10 10741.7 503.995 1237.66 6200.97 9 0 0 
1578 1245 10 10689.1 466.961 1222.14 6080.01 9 0 0 
2090 1655 10 10589.6 395.071 1194.56 5243.62 8 0 0 
