0 0 19 6136.63 1292.31 3844.31 29297.2 94 126 2 
1 0 19 5056.07 1207.82 2848.24 8251.3 43 0 0 
7 2 19 4939.78 1130.28 2809.5 9119.19 41 0 0 
7 2 19 4908.36 1110.91 2797.45 8878.23 38 0 0 
8 2 19 4832.03 1048.57 2783.46 6791.58 36 0 0 
8 3 19 4708.25 1002.1 2706.14 5680.68 31 0 0 
9 3 19 4494.98 937.981 2556.99 5754.74 29 0 0 
10 4 19 4458.73 919.822 2538.91 5773.18 29 0 0 
10 4 19 4421.03 892.583 2528.45 5952.41 28 0 0 
12 5 19 4426.1 905.954 2520.14 5396.88 28 0 0 
13 6 19 4420.3 924.428 2495.87 5246.3 27 0 0 
16 8 19 4384.97 949.834 2435.14 5030.11 27 0 0 
16 8 19 4360.37 936.611 2423.76 4812.02 26 0 0 
18 9 19 4312.05 949.583 2362.47 4428.89 26 0 0 
20 10 19 4302.4 945.736 2356.67 4445.79 25 0 0 
21 10 19 4320.65 973.133 2347.52 4212.18 25 0 0 
26 14 19 4251.07 969.091 2281.98 4457.72 25 0 0 
28 14 19 4149.22 880.368 2268.85 3533.43 25 0 0 
33 18 19 4233.43 1016.87 2216.56 3473.81 22 0 0 
34 19 19 4140.22 1029.87 2110.35 2272.18 19 0 0 
36 20 19 4115.42 1019.86 2095.57 2136.93 18 0 0 
38 21 19 4091.78 1019.86 2071.93 1929.95 18 0 0 
40 23 19 4095.66 1024.33 2071.33 2023.06 17 0 0 
40 23 19 4095.66 1036.43 2059.22 2023.06 17 0 0 
41 23 19 4113.31 1055.38 2057.93 2111.07 17 0 0 
42 24 19 4035.47 1005.82 2029.65 1765.78 17 0 0 
46 26 19 4080.24 1066.91 2013.33 2155.25 17 0 0 
48 27 19 4033.82 1038.72 1995.1 2016.1 17 0 0 
56 33 19 3892.27 943.128 1949.15 1335.04 13 0 0 
56 33 19 3881.24 933.11 1948.13 1190.93 12 0 0 
57 34 19 3872.46 930.902 1941.56 1062.72 12 0 0 
58 35 19 3884.32 963.485 1920.83 1067.31 12 0 0 
58 35 19 3875.68 957.566 1918.12 959.627 12 0 0 
65 39 19 3829.65 914.933 1914.71 890.867 11 0 0 
73 44 19 3856.38 948.498 1907.88 805.068 10 0 0 
228 149 19 3767.89 864.041 1903.85 395.388 6 0 0 
231 151 19 3742.15 839.623 1902.53 313.546 4 0 0 
231 151 19 3731.25 829.59 1901.66 265.987 4 0 0 
256 168 19 3721.42 823.837 1897.59 265.987 4 0 0 
268 176 19 3727.68 836.048 1891.63 265.987 4 0 0 
269 177 19 3731.25 842.709 1888.54 265.987 4 0 0 
408 271 19 3748.92 861.211 1887.71 342.062 4 0 0 
623 414 19 3684.92 797.699 1887.22 185.803 3 0 0 
633 421 19 3694.12 809.611 1884.5 234.121 3 0 0 
657 436 19 3679.42 803.342 1876.08 149.027 3 0 0 
665 442 19 3688.62 815.254 1873.36 197.345 3 0 0 
721 480 19 3680.71 812.486 1868.23 197.345 3 0 0 
732 487 19 3637.47 799.02 1838.45 197.345 3 0 0 
790 528 19 3670.04 832.076 1837.96 128.167 3 0 0 
796 532 19 3671.43 839.804 1831.62 173.059 3 0 0 
813 543 19 3664.38 834.05 1830.33 182.217 3 0 0 
817 546 19 3679.95 852.869 1827.08 182.217 3 0 0 
830 555 19 3677.68 852.869 1824.81 201.647 3 0 0 
835 558 19 3679.48 854.702 1824.78 172.472 3 0 0 
991 666 19 3665.88 844.221 1821.66 146.242 3 0 0 
1000 672 19 3665.88 852.209 1813.67 164.956 3 0 0 
1006 676 19 3665.88 852.483 1813.4 164.956 3 0 0 
1025 690 19 3644.13 842.309 1801.83 164.956 3 0 0 
1133 765 19 3610.57 810.68 1799.89 204.26 3 0 0 
1156 781 19 3615.22 818.152 1797.07 204.26 3 0 0 
1205 813 19 3679.45 899.358 1780.1 201.245 3 0 0 
2836 1944 19 3645.11 868.14 1776.97 81.5507 2 0 0 
2863 1963 19 3643.78 883.659 1760.12 80.2195 2 0 0 
2870 1967 19 3651.2 902.026 1749.17 80.2195 2 0 0 
2962 2031 19 3700.9 954.282 1746.62 128.537 2 0 0 
3848 2646 19 3613.82 867.942 1745.88 183.826 2 0 0 
4452 3053 19 3646.07 914.127 1731.95 25.6778 1 0 0 
4453 3053 19 3594.47 873.769 1720.7 25.6778 1 0 0 
4498 3084 19 3545.84 828.219 1717.63 86.066 1 0 0 
4700 3223 19 3600.79 885.091 1715.7 86.066 1 0 0 
4890 3357 19 3534.82 823.428 1711.39 86.066 1 0 0 
4927 3384 19 3533.13 824.57 1708.56 86.066 1 0 0 
