0 0 19 6346.31 1502.14 3844.18 23609.6 92 14 1 
1 0 19 5039.06 1094.88 2944.18 12032.9 44 0 0 
7 2 19 4809.91 1067.26 2742.65 8601.48 41 0 0 
7 2 19 4796.09 1064.55 2731.54 8266.91 41 0 0 
7 2 19 4734.04 1054.95 2679.09 7784.18 39 0 0 
13 5 19 4710.08 1126.8 2583.28 6790.27 34 0 0 
17 7 19 4688.72 1106.59 2582.13 7336.14 30 0 0 
17 7 19 4692.32 1125.69 2566.62 7376.76 30 0 0 
21 10 19 4628.1 1105.78 2522.32 6977.32 30 0 0 
24 11 19 4463.16 989.095 2474.06 5993.43 27 0 0 
25 12 19 4417.93 957.603 2460.33 5429.15 26 0 0 
25 12 19 4406.54 975.593 2430.95 5428.56 26 0 0 
27 13 19 4409.24 1027.38 2381.86 4829.2 26 0 0 
29 14 19 4335.09 970.726 2364.36 4426.76 25 0 0 
30 15 19 4335.09 970.836 2364.25 4426.76 25 0 0 
30 15 19 4343.86 989.81 2354.05 4431.69 25 0 0 
31 15 19 4296.1 998.414 2297.68 3705.13 24 0 0 
32 16 19 4280.01 991.961 2288.05 3705.13 24 0 0 
35 18 19 4316.71 1065.46 2251.24 3722.56 22 0 0 
36 18 19 4293.81 1057.96 2235.85 3651.8 22 0 0 
36 18 19 4150.8 937.211 2213.58 3144.77 21 0 0 
38 19 19 4142.72 946.857 2195.86 3106.27 21 0 0 
39 20 19 4127.29 944.03 2183.26 2911.09 19 0 0 
40 20 19 4110.97 949.582 2161.39 2911.09 19 0 0 
43 22 19 4032.41 914.65 2117.76 2843.47 18 0 0 
45 23 19 4031.94 947.645 2084.29 2842.42 18 0 0 
54 28 19 3982.74 907.922 2074.82 2263.94 16 0 0 
54 29 19 3954.36 880.699 2073.66 2545.55 16 0 0 
56 30 19 3926.95 869.345 2057.61 2172.73 16 0 0 
61 32 19 3924.02 870.543 2053.48 2137.29 15 0 0 
62 33 19 3895.27 870.543 2024.73 2044.77 15 0 0 
90 49 19 3848.36 834.236 2014.13 1489.84 13 0 0 
91 49 19 3843.4 834.811 2008.59 1436.13 13 0 0 
95 51 19 3821.51 826.854 1994.65 1026.74 13 0 0 
97 53 19 3826.41 846.118 1980.29 1003.36 13 0 0 
98 53 19 3808.69 865.294 1943.4 945.559 13 0 0 
101 55 19 3827.62 895.031 1932.59 1025.2 13 0 0 
116 62 19 3845.19 922.607 1922.58 966.946 13 0 0 
119 64 19 3820.75 904.571 1916.18 1011.34 13 0 0 
121 65 19 3787.65 879.801 1907.85 826.198 11 0 0 
131 71 19 3821.18 920.85 1900.33 826.198 11 0 0 
140 76 19 3766.34 874.062 1892.28 810.387 11 0 0 
143 77 19 3731.73 858.066 1873.66 872.91 11 0 0 
154 83 19 3729.51 875.668 1853.84 785.119 10 0 0 
164 89 19 3719.22 871.375 1847.85 718.351 10 0 0 
169 92 19 3711.02 871.375 1839.64 741.417 10 0 0 
178 97 19 3707.12 871.375 1835.74 694.211 10 0 0 
211 114 19 3706.91 878.356 1828.55 816.73 10 0 0 
343 187 19 3648.23 822.108 1826.12 526.377 8 0 0 
353 193 19 3662.36 860.08 1802.28 562.333 8 0 0 
355 194 19 3645.31 850.063 1795.24 456.282 7 0 0 
359 196 19 3661.97 911.412 1750.56 492.883 7 0 0 
454 249 19 3649.87 907.285 1742.58 437.054 7 0 0 
479 263 19 3657.65 920.152 1737.5 495.521 7 0 0 
510 281 19 3657.65 929.492 1728.16 495.521 7 0 0 
580 319 19 3631.4 906.283 1725.12 413.626 7 0 0 
767 424 19 3642.45 925.466 1716.98 413.539 6 0 0 
1167 644 19 3692.17 982.858 1709.31 343.334 5 0 0 
1360 749 19 3637.06 928.017 1709.05 342.125 5 0 0 
1430 788 19 3686.1 979.378 1706.72 311.437 5 0 0 
2286 1261 19 3688.78 983.887 1704.89 267.861 5 0 0 
3479 1919 19 3649.14 956.404 1692.74 246.18 3 0 0 
3495 1928 19 3649.14 961.621 1687.52 246.18 3 0 0 
3917 2163 19 3665.17 982.031 1683.14 149.139 2 0 0 
3962 2187 19 3641.09 961.547 1679.55 149.139 2 0 0 
4143 2286 19 3621.18 947.149 1674.03 149.139 2 0 0 
8413 4626 19 3602.61 930.362 1672.25 47.7279 1 0 0 
