0 0 19 6026.49 1403.24 3623.25 19412 87 39 3 
0 0 19 4788.41 928.476 2859.94 8963.23 43 34 2 
4 1 19 4566.42 901.811 2664.61 7253.61 36 33 1 
5 1 19 4719.63 1064.92 2654.72 8109.19 36 0 0 
5 1 19 4729.63 1087.84 2641.8 8269.48 36 0 0 
5 1 19 4705.46 1087.84 2617.63 7762.49 36 0 0 
7 2 19 4579.43 1044.82 2534.61 6812.49 31 0 0 
8 3 19 4519.69 1036 2483.69 6335.03 30 0 0 
8 3 19 4514.55 1036 2478.55 6226.74 30 0 0 
9 3 19 4516.25 1056.97 2459.29 5936.77 29 0 0 
10 4 19 4485.6 1028.1 2457.5 5985.89 28 0 0 
15 7 19 4415.02 980.984 2434.04 5015.29 27 0 0 
17 8 19 4354.12 959.413 2394.71 4033.58 26 0 0 
18 9 19 4346.65 964.006 2382.65 4033.58 26 0 0 
18 9 19 4231.26 924.871 2306.39 4508.12 24 0 0 
20 10 19 4175.34 902.768 2272.57 4388.06 23 0 0 
20 10 19 4171.73 921.377 2250.36 4343.94 22 0 0 
22 11 19 4154.98 926.64 2228.34 4298.94 21 0 0 
23 12 19 4149.21 926.64 2222.57 4147.44 21 0 0 
43 25 19 4113.92 907.745 2206.17 3462.06 18 0 0 
45 26 19 4185.16 986.206 2198.96 3602.44 18 0 0 
54 33 19 4185.16 986.609 2198.55 3602.44 18 0 0 
55 33 19 4185.16 991.665 2193.5 3602.44 18 0 0 
61 37 19 4176.88 989.805 2187.08 3271.07 18 0 0 
64 39 19 4171.38 989.805 2181.58 2999.3 18 0 0 
64 39 19 4169.1 990.034 2179.06 2986.04 18 0 0 
65 40 19 4185.05 1006.8 2178.24 3645.23 18 0 0 
67 41 19 4141.72 1004.77 2136.94 3523.02 18 0 0 
71 44 19 4104.81 969.189 2135.62 2956.8 17 0 0 
73 46 19 4104.42 969.189 2135.23 2968.24 17 0 0 
76 48 19 4067.98 969.216 2098.76 2738.51 17 0 0 
80 51 19 4057.02 969.216 2087.8 2701.28 17 0 0 
81 51 19 4054.73 969.216 2085.51 2628.89 17 0 0 
88 56 19 4030.66 951.719 2078.94 2296.75 16 0 0 
88 56 19 3948.57 953.636 1994.94 2123.72 16 0 0 
131 86 19 3856.1 861.391 1994.71 1745.1 14 0 0 
203 137 19 3897.05 905.46 1991.59 1619.99 13 0 0 
235 159 19 3871.79 881.268 1990.52 1502.57 11 0 0 
239 161 19 3871.79 894.316 1977.47 1502.57 11 0 0 
261 177 19 3891.13 915.048 1976.08 1515.09 11 0 0 
273 186 19 3892.98 925.415 1967.57 1537.89 11 0 0 
278 190 19 3900.31 939.876 1960.43 1328.13 11 0 0 
320 218 19 3891.26 939.007 1952.25 1356.23 9 0 0 
320 218 19 3877.82 939.007 1938.81 1306.11 9 0 0 
323 221 19 3853.96 921.636 1932.32 1306.11 9 0 0 
347 238 19 3813.95 883.46 1930.49 1358.78 9 0 0 
351 240 19 3818.55 902.542 1916.01 1306.11 9 0 0 
443 304 19 3780.99 870.258 1910.73 493.253 7 0 0 
452 310 19 3763.91 867.583 1896.33 502.949 7 0 0 
605 412 19 3734.9 842.402 1892.49 411.509 6 0 0 
632 430 19 3717.27 825.636 1891.63 384.644 6 0 0 
638 434 19 3744.33 853.829 1890.5 320.236 6 0 0 
654 444 19 3769.26 890.065 1879.2 307.004 6 0 0 
665 451 19 3705.29 841.868 1863.42 380.932 6 0 0 
667 452 19 3719.69 868.148 1851.54 424.375 6 0 0 
830 561 19 3653.57 807.365 1846.21 325.022 5 0 0 
898 608 19 3658.27 813.199 1845.08 319.19 5 0 0 
899 609 19 3658.27 817.134 1841.14 325.022 5 0 0 
907 614 19 3658.27 818.33 1839.94 331.19 5 0 0 
1036 702 19 3682.1 851.997 1830.1 277.338 5 0 0 
1043 707 19 3682.1 852.919 1829.18 277.338 5 0 0 
1056 715 19 3713.45 885.52 1827.93 335.202 5 0 0 
1065 721 19 3649.92 822.226 1827.69 271.507 5 0 0 
1123 760 19 3659.31 835.897 1823.41 259.093 5 0 0 
1509 1025 19 3633.28 813.395 1819.88 306.521 4 0 0 
1578 1073 19 3613.18 794.615 1818.57 306.521 4 0 0 
1599 1087 19 3621.02 809.876 1811.15 306.521 4 0 0 
1609 1094 19 3626.79 817.08 1809.71 368.388 4 0 0 
1638 1115 19 3626.79 819.881 1806.91 368.388 4 0 0 
2329 1593 19 3586.83 786.25 1800.58 296.115 3 0 0 
2437 1666 19 3602.14 803.58 1798.56 288.956 3 0 0 
3012 2072 19 3603.88 819.962 1783.92 105.22 2 0 0 
3074 2114 19 3616.56 848.223 1768.34 157.164 2 0 0 
3843 2653 19 3643.52 879.065 1764.45 105.22 2 0 0 
3863 2666 19 3643.52 881.768 1761.75 105.22 2 0 0 
4074 2807 19 3657.94 897.292 1760.65 105.22 2 0 0 
4105 2829 19 3632.55 879.743 1752.81 105.22 2 0 0 
4138 2852 19 3632.55 885.063 1747.49 105.22 2 0 0 
4223 2908 19 3629.28 884.881 1744.4 105.22 2 0 0 
5612 3871 19 3637.09 894.644 1742.45 142.472 2 0 0 
5756 3969 19 3628.83 886.477 1742.35 142.472 2 0 0 
6043 4173 19 3620.94 885.641 1735.3 144.77 2 0 0 
6079 4198 19 3630.21 902.918 1727.29 134.882 2 0 0 
6293 4345 19 3608.53 881.803 1726.72 109.811 2 0 0 
6330 4371 19 3607.95 885.865 1722.09 109.811 2 0 0 
