0 0 19 5750.97 1085.68 3665.28 28903 88 195 2 
0 0 19 4937.21 922.632 3014.58 12535.4 45 25 2 
1 0 19 5196.56 1194.14 3002.42 11738.6 45 0 0 
3 0 19 5169.34 1324.76 2844.58 11043.2 45 0 0 
3 0 19 5189.76 1363.09 2826.67 11274.7 45 0 0 
5 1 19 4942.58 1200.27 2742.3 9099.98 43 0 0 
5 1 19 4924.52 1217.93 2706.59 9275.79 41 0 0 
7 2 19 4816.86 1150.71 2666.15 8469.06 39 0 0 
7 2 19 4791.33 1177.36 2613.97 8173.79 38 0 0 
7 2 19 4757.46 1183.47 2573.99 8507.17 38 0 0 
10 4 19 4628.55 1055.11 2573.44 7499.65 36 0 0 
10 4 19 4614.61 1047.36 2567.25 7422.7 35 0 0 
11 4 19 4603.27 1087.45 2515.82 6617.1 35 0 0 
13 5 19 4534.98 1052.29 2482.7 5225.84 33 0 0 
13 6 19 4542.53 1060.65 2481.88 4835.78 31 0 0 
16 7 19 4466.21 1004.47 2461.75 4887.75 31 0 0 
19 9 19 4495.52 1055.58 2439.94 4829.83 31 0 0 
19 9 19 4546.75 1123.02 2423.74 4708.07 31 0 0 
20 10 19 4502.43 1130.26 2372.17 4965.3 31 0 0 
21 10 19 4412.45 1046.35 2366.1 4690.91 31 0 0 
21 10 19 4527.42 1173.4 2354.03 4401.08 29 0 0 
25 12 19 4408.29 1108.64 2299.65 3924.5 29 0 0 
25 12 19 4405.71 1114.6 2291.11 3858.11 28 0 0 
26 13 19 4372.46 1095.13 2277.34 3817.93 26 0 0 
30 15 19 4389.18 1139.97 2249.21 4101.83 26 0 0 
32 16 19 4389.18 1141.09 2248.09 4101.83 26 0 0 
32 16 19 4339.71 1137.92 2201.79 3824.76 26 0 0 
39 20 19 4339.87 1142.47 2197.4 3759.66 25 0 0 
42 22 19 4301.95 1107.47 2194.48 3539.03 25 0 0 
46 24 19 4239.32 1092.07 2147.25 4095.11 24 0 0 
50 26 19 4222.8 1080.52 2142.28 3092.17 23 0 0 
50 26 19 4192.96 1061.83 2131.13 3090.73 21 0 0 
53 28 19 4198.36 1078.19 2120.17 2970.68 21 0 0 
54 28 19 4095.69 1031.84 2063.85 2346.82 20 0 0 
62 33 19 4095.69 1039.58 2056.11 2350.48 19 0 0 
74 39 19 4052.07 1024.4 2027.67 2139.43 19 0 0 
89 47 19 3977.08 990.246 1986.84 1643.12 16 0 0 
114 61 19 3950.99 967.412 1983.58 1535.76 16 0 0 
117 63 19 3944.98 964.368 1980.61 1479.45 16 0 0 
133 72 19 3961.15 980.574 1980.57 1572.52 16 0 0 
137 74 19 3968.18 1018.21 1949.97 1638.15 16 0 0 
139 75 19 3980.08 1033.73 1946.35 1703.32 16 0 0 
140 76 19 3963.57 1029.74 1933.84 1631.6 16 0 0 
148 80 19 3968.34 1034.54 1933.8 1654.88 16 0 0 
151 82 19 3946.89 1019.73 1927.16 1515.53 16 0 0 
154 84 19 3902.28 997.211 1905.07 1369.1 15 0 0 
154 84 19 3902.28 997.454 1904.82 1368.1 15 0 0 
215 117 19 3791.81 935.318 1856.49 841.175 10 0 0 
217 118 19 3780.8 925.289 1855.51 744.513 9 0 0 
220 119 19 3765.83 925.289 1840.54 735.822 9 0 0 
298 163 19 3777.25 941.951 1835.3 707.424 9 0 0 
635 354 19 3738.91 907.828 1831.09 378.11 5 0 0 
681 379 19 3727.58 900.561 1827.02 381.963 5 0 0 
684 381 19 3747.88 926.502 1821.37 381.963 5 0 0 
861 478 19 3723.03 907.388 1815.64 382.46 5 0 0 
888 493 19 3702.2 888.98 1813.22 382.46 5 0 0 
977 542 19 3738.57 928.457 1810.11 465.125 5 0 0 
1043 579 19 3746.68 939.154 1807.53 377.647 5 0 0 
1060 588 19 3754.81 963.024 1791.78 358.819 5 0 0 
1147 636 19 3698.28 913.839 1784.44 358.819 5 0 0 
1166 646 19 3757.25 973.626 1783.62 363.708 5 0 0 
2009 1106 19 3720.3 940.561 1779.74 295.454 3 0 0 
2101 1157 19 3682.01 902.587 1779.42 295.454 3 0 0 
2151 1185 19 3682.01 906.137 1775.87 295.454 3 0 0 
2162 1192 19 3684.45 913.189 1771.26 300.342 3 0 0 
2631 1452 19 3662.22 904.121 1758.1 114.728 2 0 0 
2787 1537 19 3637.51 882.442 1755.07 114.728 2 0 0 
2847 1571 19 3707.6 954.516 1753.08 170.129 2 0 0 
2853 1574 19 3707.6 956.475 1751.13 170.129 2 0 0 
2958 1631 19 3688.17 937.497 1750.67 170.129 2 0 0 
3248 1790 19 3688.51 938.747 1749.76 113.665 2 0 0 
