Agent: 0ids: 25 3 43 23 29 22 20 0 8 38 13 15 5 11 49 47 32 48 27 40 6 36 24 16 39 7 35 42 41 34 14 37 26 33 46 17 9 45 44 12 30 19 1 
Agent: 1ids: 27 26 32 45 42 22 43 34 18 38 28 24 30 4 48 3 9 40 33 8 
Agent: 2ids: 41 15 16 1 44 46 11 24 7 19 18 20 36 14 3 22 33 31 48 8 34 49 4 38 12 45 21 9 23 2 42 5 25 47 39 6 10 30 28 0 35 32 37 
Agent: 3ids: 25 7 20 2 46 
Agent: 4ids: 28 22 34 21 1 39 31 8 27 35 2 11 17 24 44 29 47 14 23 0 20 5 38 33 25 49 13 41 16 7 6 42 15 32 26 45 40 12 4 18 48 19 30 37 3 43 
Agent: 5ids: 12 28 32 13 18 26 20 48 3 49 24 36 22 37 16 34 9 44 35 45 
Agent: 6ids: 17 34 
Agent: 7ids: 3 17 6 2 13 43 48 32 45 18 46 11 20 19 29 12 38 24 25 31 34 9 7 14 36 0 8 
Agent: 8ids: 36 15 46 9 21 8 11 0 45 38 5 7 31 35 19 47 34 27 18 24 20 29 
Agent: 9ids: 46 21 39 44 11 15 2 19 40 18 29 22 37 34 45 24 5 16 10 36 7 32 14 0 3 30 48 1 13 33 17 28 38 4 47 12 9 20 35 49 25 26 43 
Agent: 10ids: 0 26 11 29 25 8 28 48 15 6 2 32 13 37 23 9 22 46 33 38 12 49 41 5 43 20 35 4 7 45 18 27 
Agent: 11ids: 14 28 2 21 32 0 27 38 44 12 4 47 31 20 23 30 19 33 35 16 22 37 13 39 24 15 8 9 5 46 29 17 7 
Agent: 12ids: 7 40 45 44 1 16 37 41 36 18 4 32 8 31 17 23 24 15 35 49 29 27 22 20 0 19 10 21 12 30 14 13 34 39 42 33 9 
Agent: 13ids: 10 
Agent: 14ids: 7 16 8 27 47 26 23 49 1 9 30 38 4 48 2 36 34 42 5 33 46 3 40 20 19 31 35 17 22 14 
Agent: 15ids: 8 11 41 42 12 3 38 20 26 47 31 10 33 14 23 17 2 1 43 34 44 22 5 40 21 45 4 27 25 13 15 29 
Agent: 16ids: 35 18 14 33 16 25 0 23 27 30 24 4 1 34 2 6 38 47 45 32 43 40 9 44 7 21 10 
Agent: 17ids: 45 0 
Agent: 18ids: 10 23 11 1 28 43 38 48 46 6 20 37 18 44 49 5 39 25 45 13 2 15 14 21 0 16 34 30 24 41 27 36 19 12 47 35 8 31 26 
Agent: 19ids: 12 20 15 21 27 25 6 11 35 14 48 26 29 33 2 5 17 9 
Agent: 20ids: 12 35 45 30 40 41 29 0 33 27 37 16 11 42 21 38 44 22 28 9 13 4 10 24 14 3 32 48 
Agent: 21ids: 7 0 19 34 37 4 16 12 8 15 29 49 48 30 33 2 5 27 17 42 21 46 1 
Agent: 22ids: 8 47 42 14 7 28 16 36 43 40 10 19 11 26 34 9 46 22 48 35 21 15 45 17 13 30 44 6 39 1 29 5 27 41 23 0 4 2 31 25 33 38 49 20 18 3 24 12 37 
Agent: 23ids: 27 34 26 33 48 0 28 13 1 24 18 44 9 49 37 25 12 19 6 8 42 40 16 20 10 41 14 31 5 46 36 17 43 11 23 35 29 3 32 
Agent: 24ids: 13 7 33 22 26 20 14 30 10 36 48 15 43 17 16 32 31 23 3 8 24 38 1 5 12 19 37 25 27 11 46 39 47 42 18 4 29 49 6 44 45 34 40 21 
Agent: 25ids: 45 6 25 1 29 15 38 28 43 48 3 47 18 4 13 12 24 42 20 27 26 21 19 5 31 30 37 7 33 16 23 9 8 44 
Agent: 26ids: 24 36 34 6 1 2 12 17 5 37 39 16 41 48 45 0 44 28 47 20 9 18 49 8 23 19 7 29 14 42 21 25 10 31 
Agent: 27ids: 46 2 41 39 48 22 6 
Agent: 28ids: 33 31 2 48 42 
Agent: 29ids: 48 15 32 37 25 20 12 42 21 0 47 5 18 23 45 33 4 40 3 
Agent: 30ids: 22 14 5 47 41 39 16 17 4 44 35 26 13 23 24 12 29 19 31 49 11 46 0 18 8 30 40 48 45 25 42 43 32 2 37 7 36 27 10 15 21 28 34 
Agent: 31ids: 44 21 47 32 41 17 29 26 38 12 6 16 0 1 13 14 22 45 33 9 34 28 15 
Agent: 32ids: 27 2 37 6 12 46 10 8 41 29 15 21 32 19 4 40 25 9 
Agent: 33ids: 17 5 15 27 38 47 3 21 48 32 1 20 7 26 8 33 39 35 12 24 28 31 4 46 40 22 42 37 19 16 23 30 14 25 18 45 
Agent: 34ids: 24 9 14 20 16 47 5 35 11 39 26 0 27 36 48 30 28 21 33 2 32 4 18 46 13 38 43 8 
Agent: 35ids: 24 37 29 0 30 7 13 2 33 19 17 12 43 22 36 11 34 32 35 27 5 21 44 
Agent: 36ids: 14 10 16 31 4 36 9 8 7 22 40 11 32 3 35 28 37 30 20 34 5 33 1 27 12 23 46 44 6 39 38 41 47 43 18 42 45 15 0 
Agent: 37ids: 11 24 45 9 35 12 30 25 27 34 2 48 37 1 23 43 14 7 0 17 13 38 15 33 6 21 26 39 8 4 10 36 47 31 41 22 20 16 49 44 5 32 42 40 3 18 29 28 
Agent: 38ids: 31 
Agent: 39ids: 35 43 14 45 18 44 25 40 1 32 5 46 3 6 4 15 2 17 12 24 20 
Agent: 40ids: 29 14 36 41 28 12 44 13 38 6 
Agent: 41ids: 38 32 43 13 21 46 39 4 33 6 8 23 24 45 14 35 10 47 27 26 7 36 12 
Agent: 42ids: 26 45 42 8 44 34 2 40 6 13 12 11 48 0 7 9 24 36 20 43 28 37 5 31 10 17 41 30 4 3 15 18 29 23 1 38 14 25 49 16 46 
Agent: 43ids: 20 16 22 0 43 31 5 15 12 4 13 8 
Agent: 44ids: 28 48 6 8 40 22 44 23 1 11 34 33 16 24 26 37 13 35 31 29 27 10 39 49 20 19 30 46 15 0 17 25 38 41 36 7 5 47 
Agent: 45ids: 43 49 2 41 0 32 15 39 21 3 16 29 5 27 34 4 1 47 28 48 24 45 17 8 31 
Agent: 46ids: 36 7 46 41 10 3 23 25 31 37 16 0 21 17 33 44 8 39 14 42 5 45 48 2 40 26 1 13 28 32 18 38 20 9 6 12 15 29 22 49 
Agent: 47ids: 33 24 42 35 17 22 12 23 4 16 
Agent: 48ids: 15 6 19 22 35 5 40 0 20 17 48 14 32 9 41 4 37 39 33 1 44 45 
Agent: 49ids: 14 24 10 3 34 38 44 26 13 49 47 25 31 
0 0 19 5847.7 1255.14 3592.56 21041.2 87 125 2 
0 0 19 4995 1105.13 2889.88 9566.84 46 0 0 
0 0 19 4928.67 1178.33 2750.34 9518.25 45 0 0 
1 0 19 4759.7 1088.75 2670.95 7393.93 38 0 0 
4 1 19 4738.4 1075 2663.4 7518.92 38 0 0 
5 1 19 4722 1081.51 2640.49 7385.26 38 0 0 
5 2 19 4622.48 1003.73 2618.75 7319.37 38 0 0 
5 2 19 4712.01 1109.15 2602.85 7359.16 38 0 0 
7 3 19 4788.43 1193.15 2595.27 6909.22 37 0 0 
8 3 19 4595.59 1058.99 2536.59 6242.01 37 0 0 
9 4 19 4529.12 1030.91 2498.21 5212.95 33 0 0 
10 5 19 4487.38 993.142 2494.24 5867.64 32 0 0 
10 5 19 4522.95 1031.75 2491.21 5164.35 32 0 0 
11 5 19 4525.81 1072.43 2453.38 5155.89 32 0 0 
12 6 19 4462.2 1012.41 2449.79 5394.55 30 0 0 
13 6 19 4455.11 1012.41 2442.7 5012.22 30 0 0 
13 7 19 4466.34 1024.49 2441.85 5419.53 30 0 0 
13 7 19 4454.87 1031.06 2423.81 5432.53 30 0 0 
15 8 19 4456.03 1042.9 2413.13 5530.18 30 0 0 
15 8 19 4444.52 1037.86 2406.66 4396.85 30 0 0 
16 9 19 4423.72 1025.77 2397.95 4335.53 29 0 0 
17 9 19 4272.3 950.187 2322.12 3773.55 27 0 0 
17 9 19 4279.99 1028.26 2251.73 3717.32 26 0 0 
17 10 19 4266.07 1028.26 2237.81 3711.24 26 0 0 
17 10 19 4255.22 1046.3 2208.92 3585.29 26 0 0 
19 11 19 4236.85 1035.93 2200.92 3525.21 26 0 0 
21 12 19 4248.7 1050.75 2197.95 3427.43 24 0 0 
22 13 19 4263.45 1074.94 2188.52 3427.43 24 0 0 
29 17 19 4253.41 1072.66 2180.75 3318.58 23 0 0 
30 18 19 4218.39 1052.74 2165.65 3269.27 23 0 0 
30 19 19 4201.81 1040.9 2160.91 3192.85 23 0 0 
31 19 19 4232.2 1072.66 2159.54 3297.36 23 0 0 
31 19 19 4230.22 1072.66 2157.57 3307.98 23 0 0 
31 19 19 4221.45 1076.77 2144.68 3266.27 23 0 0 
32 19 19 4205.11 1068.86 2136.25 3269.71 21 0 0 
32 20 19 4099.51 1015.82 2083.69 2435.27 20 0 0 
34 21 19 4095.77 1015.82 2079.95 2712.36 20 0 0 
34 21 19 4092.74 1015.82 2076.92 2390.38 20 0 0 
34 21 19 4074.46 1015.82 2058.64 2334.2 20 0 0 
36 22 19 4072.51 1015.82 2056.69 2429.64 20 0 0 
37 22 19 4091.26 1043.75 2047.51 2377.83 20 0 0 
39 24 19 4064.62 1023.98 2040.65 2298.07 19 0 0 
40 25 19 4036.56 1010.55 2026 2238.71 18 0 0 
41 26 19 4027.51 1010.55 2016.95 2195.7 18 0 0 
53 34 19 3985.6 986.632 1998.97 1918.81 17 0 0 
56 36 19 4010.26 1017.27 1992.98 1938.56 17 0 0 
57 37 19 4000.79 1013.69 1987.1 1920.43 17 0 0 
61 40 19 4000.5 1025.31 1975.18 1889.11 17 0 0 
67 44 19 3980.83 1014.06 1966.77 1810.91 17 0 0 
73 48 19 3897.78 961.478 1936.3 1018.85 15 0 0 
95 62 19 3910.21 974.301 1935.91 1141.98 14 0 0 
106 70 19 3847.06 924.316 1922.75 902.351 12 0 0 
117 78 19 3826.54 906.025 1920.51 833.015 11 0 0 
118 79 19 3823.03 917.198 1905.83 836.102 11 0 0 
123 82 19 3830.06 934.022 1896.04 864.956 11 0 0 
125 83 19 3812.17 919.919 1892.25 841.487 11 0 0 
127 85 19 3792.25 904.456 1887.8 792.486 11 0 0 
132 88 19 3792.25 915.234 1877.02 792.486 11 0 0 
182 123 19 3763.82 891.446 1872.38 782.609 11 0 0 
185 125 19 3770.89 902.165 1868.72 786.243 11 0 0 
186 126 19 3750.33 884.928 1865.4 688.167 11 0 0 
188 127 19 3758.39 909.547 1848.84 782.609 11 0 0 
191 129 19 3755.7 907.388 1848.31 677.123 11 0 0 
197 133 19 3755.7 920.018 1835.68 677.123 11 0 0 
205 139 19 3764.42 934.971 1829.45 705.898 11 0 0 
205 139 19 3752.43 930.176 1822.25 677.123 11 0 0 
224 151 19 3749.79 931.671 1818.12 656.771 11 0 0 
239 161 19 3749.79 942.873 1806.92 656.771 11 0 0 
366 249 19 3658 851.922 1806.08 436.385 8 0 0 
422 287 19 3668.04 867.438 1800.61 481.617 8 0 0 
657 444 19 3674.06 881.304 1792.76 326.68 5 0 0 
838 566 19 3700.39 917.221 1783.17 323.569 5 0 0 
851 575 19 3700.39 927.425 1772.97 308.386 5 0 0 
853 576 19 3694.41 921.662 1772.75 317.127 5 0 0 
857 579 19 3694.41 931.866 1762.55 301.943 5 0 0 
865 585 19 3671.01 909.867 1761.14 301.943 5 0 0 
1726 1185 19 3605.88 845.741 1760.14 102.285 3 0 0 
1749 1201 19 3611.69 857.082 1754.61 123.683 3 0 0 
1793 1232 19 3611.69 881.461 1730.23 123.683 3 0 0 
1801 1238 19 3611.69 885.148 1726.54 123.683 3 0 0 
1826 1256 19 3611.69 885.513 1726.18 123.683 3 0 0 
1904 1309 19 3611.69 891.465 1720.23 123.683 3 0 0 
1973 1357 19 3611.69 899.386 1712.3 187.818 3 0 0 
1980 1362 19 3628.27 921.451 1706.82 124.338 3 0 0 
3936 2709 19 3623.8 917.769 1706.03 70.8943 3 0 0 
