Agent: 0ids: 35 43 22 42 2 10 13 40 39 3 12 31 11 15 30 41 24 9 44 5 47 19 20 7 23 8 1 32 37 
Agent: 1ids: 41 3 31 40 38 18 39 33 0 6 14 1 15 17 32 37 29 11 34 42 28 35 2 19 46 20 7 45 24 23 44 13 47 21 30 49 43 16 10 26 4 27 
Agent: 2ids: 8 2 37 31 44 25 35 29 41 33 47 20 14 38 5 15 36 24 43 32 30 12 46 23 13 1 34 49 26 16 7 48 10 27 40 4 18 19 21 
Agent: 3ids: 24 3 30 2 47 41 29 40 25 16 18 6 45 10 5 0 4 34 19 27 37 12 9 31 14 42 48 11 36 32 21 
Agent: 4ids: 22 3 31 8 18 7 44 41 30 43 37 26 36 38 
Agent: 5ids: 9 10 33 13 38 37 0 11 29 49 25 3 23 8 35 18 48 39 17 34 27 28 4 31 21 7 24 44 43 19 16 32 41 5 14 30 36 45 42 2 12 26 46 1 20 
Agent: 6ids: 6 12 43 18 1 13 40 41 42 27 38 45 8 2 46 14 20 5 15 32 9 34 11 35 22 33 36 48 30 37 44 25 28 4 0 19 31 29 7 47 39 26 49 16 23 
Agent: 7ids: 16 23 29 48 3 7 46 6 10 8 22 4 5 31 27 42 39 33 38 
Agent: 8ids: 2 36 10 25 45 7 44 9 22 47 30 14 12 0 24 16 40 26 35 27 39 19 20 32 13 41 6 37 17 46 42 29 
Agent: 9ids: 18 34 14 1 25 6 33 44 35 5 42 40 16 29 23 2 15 13 30 
Agent: 10ids: 36 48 14 26 22 44 46 40 0 21 13 19 6 16 42 9 11 33 18 2 31 37 
Agent: 11ids: 16 47 29 43 10 24 42 19 17 26 35 25 31 14 
Agent: 12ids: 10 3 34 40 0 9 26 43 48 41 44 35 4 8 36 2 19 21 33 13 1 45 22 
Agent: 13ids: 15 26 23 5 30 20 12 14 24 42 13 21 37 1 17 3 0 6 4 38 16 47 27 49 33 18 11 
Agent: 14ids: 7 20 40 5 42 10 35 33 46 34 22 17 44 
Agent: 15ids: 11 46 34 41 19 2 33 23 29 5 31 25 7 4 38 13 47 45 22 
Agent: 16ids: 17 29 16 33 45 25 23 46 49 31 13 27 8 6 36 5 40 41 19 42 15 22 48 38 11 0 20 1 2 39 10 
Agent: 17ids: 4 
Agent: 18ids: 16 3 49 45 15 23 10 12 31 6 18 17 19 29 37 13 44 21 30 11 5 35 
Agent: 19ids: 47 8 49 46 22 17 30 37 27 7 13 24 5 2 15 9 40 31 48 33 3 6 21 44 12 16 26 41 45 1 29 36 18 39 23 42 0 34 
Agent: 20ids: 43 27 13 4 7 48 20 33 16 29 28 17 32 14 19 12 0 36 47 3 24 8 23 5 46 42 10 44 49 11 26 34 38 22 31 15 9 40 18 25 35 1 6 39 37 45 41 
Agent: 21ids: 23 3 38 48 47 15 32 25 29 28 46 8 13 18 27 10 16 6 7 39 2 41 24 0 1 17 35 40 30 22 21 31 37 4 12 36 14 45 20 44 
Agent: 22ids: 30 42 19 5 16 46 48 40 31 35 45 12 11 34 9 2 28 38 7 23 27 36 37 24 22 43 0 13 
Agent: 23ids: 11 39 
Agent: 24ids: 3 34 5 23 40 17 21 18 20 49 24 8 44 39 46 43 26 7 25 32 22 31 38 33 11 15 14 30 12 10 41 13 47 27 35 1 48 
Agent: 25ids: 29 45 48 13 30 38 12 20 32 10 
Agent: 26ids: 10 4 16 8 26 1 5 6 14 25 30 39 0 21 23 43 11 32 47 12 29 2 22 19 46 28 40 9 13 
Agent: 27ids: 29 0 32 21 17 30 34 42 6 8 20 1 37 18 33 26 47 23 12 49 4 11 28 10 3 43 38 48 46 13 41 9 40 27 15 35 
Agent: 28ids: 1 41 20 45 9 10 40 2 18 7 16 46 11 44 26 24 25 12 19 3 47 35 13 
Agent: 29ids: 6 15 48 45 36 38 30 10 12 21 9 28 31 18 23 1 20 5 27 7 44 22 14 42 8 41 2 49 13 33 25 39 32 11 35 47 17 34 40 29 26 19 
Agent: 30ids: 16 20 48 9 34 10 0 27 7 41 32 26 8 4 21 22 18 
Agent: 31ids: 28 25 5 45 43 15 46 30 4 11 47 37 20 44 41 12 21 49 9 23 38 18 17 16 
Agent: 32ids: 25 8 14 6 22 3 49 7 4 15 0 40 10 
Agent: 33ids: 23 5 2 28 11 13 20 6 45 8 19 22 25 38 36 9 24 49 16 3 0 44 27 31 12 17 14 37 34 26 48 
Agent: 34ids: 15 14 47 12 48 24 46 21 41 29 16 31 25 49 3 42 4 30 22 39 
Agent: 35ids: 6 11 18 
Agent: 36ids: 23 29 25 2 48 16 12 35 40 4 46 6 34 10 27 15 8 
Agent: 37ids: 45 10 46 13 14 18 19 30 21 44 12 31 32 16 47 25 8 29 0 5 28 24 26 3 23 41 35 42 20 
Agent: 38ids: 6 22 31 10 45 44 29 8 23 0 47 43 9 42 32 19 35 28 37 16 27 21 7 24 38 13 30 25 41 15 20 12 46 11 4 36 49 
Agent: 39ids: 38 8 27 14 37 46 5 31 32 20 3 9 11 10 43 4 39 
Agent: 40ids: 27 10 14 13 31 34 19 47 38 20 33 22 1 48 0 15 21 41 11 37 7 42 39 17 24 46 2 30 16 32 9 28 6 4 25 29 40 8 45 18 35 
Agent: 41ids: 42 48 36 40 19 5 
Agent: 42ids: 48 11 
Agent: 43ids: 15 49 29 13 0 8 34 24 
Agent: 44ids: 47 16 0 3 5 49 42 28 43 45 46 35 15 7 31 34 27 30 26 14 17 48 2 4 41 11 44 8 32 20 21 9 1 38 18 13 6 23 37 24 
Agent: 45ids: 13 1 3 20 41 48 34 26 38 43 5 6 40 31 11 32 24 49 0 21 16 46 30 23 17 45 27 25 37 44 15 4 29 9 33 39 2 7 36 28 12 35 10 8 14 42 18 22 
Agent: 46ids: 30 29 47 12 22 2 17 45 44 19 
Agent: 47ids: 9 40 31 22 3 25 16 2 
Agent: 48ids: 4 16 28 34 23 11 40 14 7 1 36 24 3 42 10 5 29 38 35 8 17 9 12 39 31 25 45 
Agent: 49ids: 14 1 11 16 18 25 38 7 44 28 35 46 8 31 36 10 15 12 
0 0 19 6283.88 1326.55 3957.33 21671.6 88 0 0 
0 0 19 5246.17 1170.14 3076.03 12383.6 50 0 0 
1 0 19 5182.75 1205.87 2976.89 11044.5 48 0 0 
3 0 19 5010.1 1076.67 2933.43 8356.25 47 0 0 
4 0 19 5167.2 1290.3 2876.91 10144.2 46 0 0 
4 1 19 4888.6 1113.2 2775.4 7059.02 44 0 0 
5 1 19 4641.77 947.321 2694.45 7931.79 37 0 0 
6 2 19 4593.19 960.08 2633.11 7689.66 36 0 0 
8 3 19 4566.13 970.867 2595.27 7623.64 36 0 0 
8 3 19 4520.92 970.867 2550.06 7465.73 36 0 0 
10 4 19 4332.36 874.258 2458.1 5370.28 32 0 0 
11 5 19 4322.9 892.603 2430.29 5079.96 32 0 0 
11 5 19 4323.53 901.24 2422.29 3851.33 31 0 0 
12 6 19 4312.94 930.032 2382.91 3854.05 30 0 0 
12 6 19 4310.94 930.032 2380.91 3980.75 30 0 0 
13 6 19 4294.42 949.243 2345.18 3859.55 29 0 0 
14 7 19 4287.12 949.243 2337.88 3849.63 29 0 0 
15 8 19 4247.87 938.847 2309.03 3440.57 28 0 0 
16 9 19 4247.87 943.137 2304.74 3440.57 28 0 0 
17 9 19 4257.29 963.428 2293.86 3462.44 28 0 0 
17 9 19 4260.72 970.387 2290.33 3478.16 28 0 0 
18 10 19 4258.84 970.387 2288.45 3507.89 28 0 0 
18 10 19 4208.33 938.561 2269.77 3461.11 27 0 0 
19 10 19 4193.27 977.293 2215.98 3159.91 27 0 0 
19 10 19 4169.31 972.789 2196.53 3072.59 26 0 0 
20 11 19 4155.24 962.953 2192.29 2771 25 0 0 
20 11 19 4149.67 961.095 2188.58 2915.38 25 0 0 
21 11 19 4148.22 961.095 2187.13 2948.74 25 0 0 
22 12 19 4150.18 965.599 2184.58 2974.2 25 0 0 
23 13 19 4129.28 951.078 2178.2 2584.79 24 0 0 
24 13 19 4083.95 916.005 2167.95 2409.1 24 0 0 
24 13 19 4101.89 955.182 2146.71 2439.05 24 0 0 
25 14 19 4083.95 939.909 2144.05 2392.46 23 0 0 
26 15 19 4072.03 928.141 2143.89 2301.89 23 0 0 
26 15 19 4085.9 946.316 2139.58 2380.7 22 0 0 
31 18 19 4039.26 908.093 2131.17 2105.04 21 0 0 
33 19 19 4004.05 875.81 2128.24 1923.77 21 0 0 
33 19 19 3996.5 887.436 2109.06 1981.13 21 0 0 
40 24 19 4042.41 943.063 2099.35 1992.83 20 0 0 
41 24 19 4008.42 909.842 2098.58 1765.9 18 0 0 
41 24 19 4008.42 910.493 2097.93 1778.01 18 0 0 
41 24 19 4004.53 910.493 2094.04 1893.81 18 0 0 
42 25 19 3989.66 910.493 2079.16 1836.91 18 0 0 
90 57 19 3939.68 862.454 2077.23 1127.79 12 0 0 
91 57 19 3932.67 877.991 2054.68 1100.86 12 0 0 
100 63 19 3897.48 868.552 2028.93 1055.6 12 0 0 
100 64 19 3919.93 901.343 2018.58 1107.81 12 0 0 
102 65 19 3901.9 894.661 2007.24 1102.18 12 0 0 
102 65 19 3885.31 883.487 2001.82 1016.83 12 0 0 
103 66 19 3853.83 859.862 1993.97 799.576 12 0 0 
104 66 19 3857.46 870.692 1986.76 784.408 11 0 0 
105 67 19 3854.33 875.137 1979.19 784.408 11 0 0 
106 68 19 3838.72 869.432 1969.29 651.288 11 0 0 
109 69 19 3796.49 862.051 1934.44 599.019 11 0 0 
119 76 19 3792.27 860.929 1931.34 599.019 11 0 0 
120 77 19 3736.24 806.626 1929.61 599.019 11 0 0 
124 79 19 3746.24 842.132 1904.1 716.358 11 0 0 
141 90 19 3570.21 728.347 1841.87 551.005 10 0 0 
211 138 19 3554.16 716.773 1837.39 534.2 9 0 0 
222 145 19 3623.25 787.403 1835.85 518.881 9 0 0 
228 149 19 3576.48 777.116 1799.37 518.881 9 0 0 
431 288 19 3671.61 875.908 1795.7 354.558 6 0 0 
435 291 19 3651.13 859.204 1791.93 407.018 6 0 0 
443 297 19 3616.21 827.899 1788.31 488.009 6 0 0 
446 299 19 3616.21 831.237 1784.97 452.98 6 0 0 
489 329 19 3607.31 825.873 1781.44 452.98 6 0 0 
495 333 19 3589.76 814.924 1774.83 452.98 6 0 0 
619 416 19 3623.18 857.554 1765.62 452.98 6 0 0 
1124 756 19 3633.23 873.19 1760.04 289.95 4 0 0 
1174 789 19 3629.75 877.119 1752.63 289.95 4 0 0 
1180 792 19 3629.75 878.865 1750.88 289.95 4 0 0 
1209 813 19 3629.75 880.996 1748.75 289.95 4 0 0 
1260 847 19 3629.75 882.446 1747.3 290.549 4 0 0 
1292 868 19 3616.45 875.399 1741.06 290.549 4 0 0 
1293 869 19 3621.51 893.967 1727.54 290.549 4 0 0 
1299 873 19 3601.59 877.81 1723.78 290.549 4 0 0 
1409 950 19 3621.51 897.845 1723.66 290.549 4 0 0 
1464 988 19 3632.2 920.464 1711.74 365.084 4 0 0 
1715 1159 19 3601.58 893.421 1708.16 358.48 4 0 0 
2380 1612 19 3604.7 899.935 1704.76 197.303 3 0 0 
2400 1625 19 3604.7 915.212 1689.48 197.303 3 0 0 
2418 1637 19 3635.06 946.41 1688.65 227.664 3 0 0 
2425 1643 19 3604.7 924.528 1680.17 197.303 3 0 0 
2436 1650 19 3584.84 905.237 1679.6 147.295 3 0 0 
2804 1904 19 3593.04 916.971 1676.07 147.295 3 0 0 
2806 1906 19 3593.04 918.943 1674.1 184.203 3 0 0 
3306 2249 19 3600.46 926.561 1673.9 147.295 3 0 0 
3322 2260 19 3600.46 928.532 1671.93 184.203 3 0 0 
3351 2281 19 3600.46 930.648 1669.81 183.603 3 0 0 
3622 2465 19 3594.09 927.693 1666.4 183.603 3 0 0 
3747 2549 19 3605.05 940.274 1664.78 183.603 3 0 0 
3764 2560 19 3595.66 935.149 1660.51 241.645 3 0 0 
4355 2961 19 3620.32 961.978 1658.34 241.645 3 0 0 
