Agent: 0ids: 13 9 47 30 28 41 1 12 15 16 8 34 35 40 5 26 31 7 10 48 
Agent: 1ids: 18 38 44 30 4 17 10 25 46 39 35 12 16 23 22 45 41 29 13 26 37 36 20 5 31 19 43 48 11 27 7 28 33 14 34 9 8 21 32 2 24 49 
Agent: 2ids: 8 26 30 17 5 48 9 43 45 10 41 47 11 37 2 49 6 14 0 32 44 21 15 25 27 39 3 34 22 23 19 29 18 35 33 16 36 46 13 
Agent: 3ids: 6 43 32 5 36 
Agent: 4ids: 49 33 38 35 15 
Agent: 5ids: 9 25 49 45 38 8 23 43 0 30 15 13 44 32 41 20 39 12 5 16 17 1 2 10 7 40 37 
Agent: 6ids: 16 26 12 47 21 7 17 46 38 43 25 8 34 9 44 3 0 6 33 45 23 14 24 19 
Agent: 7ids: 25 4 20 23 18 3 28 21 40 7 2 32 5 46 9 27 38 22 15 14 45 29 49 16 
Agent: 8ids: 17 22 26 45 49 5 23 20 46 25 7 40 31 1 
Agent: 9ids: 43 41 16 
Agent: 10ids: 47 0 18 37 9 42 24 36 44 16 39 43 30 6 27 4 1 5 32 3 10 7 13 14 33 49 38 28 
Agent: 11ids: 26 39 32 41 5 40 44 12 16 36 19 7 13 17 49 2 22 48 14 4 30 45 31 21 27 18 33 6 10 34 47 1 38 37 20 0 35 25 23 15 11 43 3 29 42 28 24 
Agent: 12ids: 49 8 40 9 36 12 42 27 24 41 18 21 0 13 15 39 14 43 33 2 3 28 17 46 5 1 
Agent: 13ids: 16 34 42 30 0 17 33 1 47 44 6 20 8 23 10 40 24 46 15 36 45 43 41 38 2 25 
Agent: 14ids: 6 24 8 46 33 47 11 48 14 42 0 34 
Agent: 15ids: 31 3 22 14 44 33 38 24 10 15 34 36 16 26 43 47 11 37 35 27 0 20 8 30 29 49 18 2 19 28 1 48 12 46 5 25 32 40 39 6 23 
Agent: 16ids: 9 29 25 1 47 26 24 14 32 45 35 19 
Agent: 17ids: 1 20 35 33 8 28 26 23 25 2 24 30 19 31 29 9 6 7 37 27 14 21 12 15 36 11 16 32 42 45 41 18 44 43 48 3 49 38 47 
Agent: 18ids: 4 34 0 44 2 46 14 38 29 47 31 21 22 3 32 19 39 5 17 10 27 33 49 23 11 35 13 43 9 45 36 25 
Agent: 19ids: 31 30 6 35 1 47 36 24 28 5 16 7 18 10 32 21 3 8 20 15 41 14 19 34 13 9 11 42 25 39 4 45 44 29 2 49 40 0 27 12 37 
Agent: 20ids: 29 39 42 5 10 40 37 27 47 26 8 3 33 43 49 7 14 0 30 23 28 6 22 24 41 12 19 16 32 20 31 2 35 
Agent: 21ids: 16 2 
Agent: 22ids: 2 29 49 24 35 39 28 18 27 15 43 14 30 5 6 16 47 20 
Agent: 23ids: 2 39 10 
Agent: 24ids: 42 19 
Agent: 25ids: 2 9 13 
Agent: 26ids: 24 40 14 17 48 47 10 37 5 41 23 39 7 15 20 0 9 18 6 12 34 13 28 30 42 46 21 33 31 49 25 32 22 11 2 43 35 
Agent: 27ids: 19 23 15 21 4 1 31 41 16 49 22 34 20 12 25 13 10 47 43 35 48 8 24 45 36 40 17 9 38 7 32 46 37 2 11 39 27 3 6 26 30 18 44 28 14 33 0 29 5 
Agent: 28ids: 17 
Agent: 29ids: 29 44 16 1 3 17 11 46 14 40 10 39 26 0 35 6 
Agent: 30ids: 5 30 45 10 22 20 23 27 40 2 38 16 4 14 12 44 24 13 46 35 34 
Agent: 31ids: 5 3 24 11 41 6 4 49 10 28 29 44 45 22 9 20 39 13 46 
Agent: 32ids: 31 47 12 21 15 27 35 6 49 33 20 22 25 3 5 8 13 28 19 48 34 0 30 17 23 45 36 24 18 7 32 11 46 9 4 2 29 
Agent: 33ids: 4 15 30 5 14 24 35 26 13 38 41 19 11 20 27 47 
Agent: 34ids: 48 34 23 16 20 41 31 21 26 10 14 4 12 6 33 28 43 
Agent: 35ids: 20 6 30 46 1 25 29 
Agent: 36ids: 43 1 11 34 22 36 17 15 19 45 20 5 40 49 47 12 42 2 31 9 14 23 24 6 4 3 26 7 32 41 29 10 18 28 27 21 48 0 44 
Agent: 37ids: 43 
Agent: 38ids: 38 45 44 29 36 27 22 4 40 2 12 3 20 47 37 48 19 26 28 49 1 33 23 17 41 14 34 10 32 46 21 16 35 18 13 30 
Agent: 39ids: 18 11 47 36 15 23 0 32 33 26 20 25 44 21 9 16 14 17 49 48 38 6 39 12 
Agent: 40ids: 3 16 44 33 41 32 34 49 5 48 9 30 
Agent: 41ids: 7 43 14 46 30 0 15 1 45 47 48 6 10 41 25 40 49 34 17 32 33 4 27 20 28 19 21 
Agent: 42ids: 27 39 26 43 29 14 33 13 10 5 36 12 42 11 22 2 40 35 
Agent: 43ids: 40 21 19 36 29 22 
Agent: 44ids: 44 41 21 33 1 7 6 4 12 0 39 24 49 10 35 13 29 19 17 37 
Agent: 45ids: 44 28 19 40 5 36 8 22 37 43 6 15 1 47 14 27 45 48 39 41 11 16 20 38 35 32 33 
Agent: 46ids: 6 35 25 45 39 
Agent: 47ids: 39 28 26 44 45 29 40 49 25 20 22 16 8 7 18 27 24 34 42 48 38 33 46 47 14 12 17 15 13 31 10 32 21 19 3 4 23 5 2 35 37 30 6 1 41 36 
Agent: 48ids: 37 23 48 36 49 30 43 32 2 4 10 21 33 27 25 18 20 39 15 24 7 14 45 0 35 38 26 41 29 34 1 47 6 5 3 
Agent: 49ids: 31 27 49 28 8 14 18 2 12 10 
0 0 19 5707.78 1058.11 3649.68 28859.1 91 148 4 
0 0 19 5233.25 1239.28 2993.97 13214.2 52 0 0 
0 0 19 5067.27 1168.09 2899.18 10168.7 44 0 0 
1 0 19 4732.49 1017.89 2714.6 6286.21 34 0 0 
1 0 19 4646.23 1048.92 2597.31 5977.96 34 0 0 
4 1 19 4606.07 1048.92 2557.15 5696.8 34 0 0 
4 1 19 4562.93 1079.49 2483.44 6162.35 32 0 0 
6 2 19 4530.23 1054.69 2475.54 5888.04 31 0 0 
7 2 19 4531.85 1057.22 2474.63 5457.74 30 0 0 
7 3 19 4492.55 1066.11 2426.44 5613.61 29 0 0 
8 3 19 4492.55 1066.64 2425.92 5613.61 29 0 0 
8 3 19 4473.16 1063.16 2410.01 5550.58 28 0 0 
9 4 19 4396.32 1030.37 2365.95 4816.91 26 0 0 
12 6 19 4360.8 1003.55 2357.25 4133.06 24 0 0 
12 6 19 4349.32 998.159 2351.16 4106.95 24 0 0 
12 6 19 4261.11 930.447 2330.67 3087.06 23 0 0 
27 15 19 4153.08 894.158 2258.92 3514.77 19 0 0 
29 16 19 4079.35 835.908 2243.44 1930.57 16 0 0 
29 17 19 4035.21 791.94 2243.27 1922.05 16 0 0 
30 17 19 4008.84 796.991 2211.85 1833.26 16 0 0 
30 17 19 3989.28 781.382 2207.9 2324.77 16 0 0 
31 18 19 4011.9 808.163 2203.74 1710 16 0 0 
33 19 19 4011.58 823.013 2188.57 1709.69 16 0 0 
34 19 19 3987.75 824.509 2163.24 1644.2 16 0 0 
50 30 19 3902.84 754.473 2148.37 1638.77 13 0 0 
51 31 19 3909.66 782.498 2127.16 1638.77 13 0 0 
51 31 19 3902.58 781.68 2120.9 1638.5 13 0 0 
52 32 19 3902.58 787.232 2115.35 1638.5 13 0 0 
52 32 19 3826.56 763.812 2062.75 1289.18 13 0 0 
56 34 19 3855.82 805.042 2050.78 1257.63 13 0 0 
56 34 19 3823 773.837 2049.16 1017.04 12 0 0 
56 34 19 3815.06 772.003 2043.05 1019.19 12 0 0 
57 35 19 3798.59 772.003 2026.58 827.629 11 0 0 
61 37 19 3761.86 758.355 2003.51 827.629 11 0 0 
62 38 19 3776.73 786.937 1989.79 892.272 10 0 0 
64 39 19 3748.51 767.469 1981.04 834.711 10 0 0 
66 40 19 3748.39 767.469 1980.92 788.467 10 0 0 
68 41 19 3814.63 880.454 1934.18 733.162 10 0 0 
69 42 19 3819.48 902.98 1916.5 717.808 10 0 0 
71 43 19 3786.65 871.208 1915.44 636.812 9 0 0 
75 46 19 3765.73 868.074 1897.65 604.419 9 0 0 
83 51 19 3771.2 881.124 1890.08 654.915 9 0 0 
110 69 19 3753.76 864.672 1889.09 608.251 8 0 0 
148 95 19 3737.55 874.986 1862.57 717.088 8 0 0 
250 166 19 3731 881.552 1849.45 473.946 6 0 0 
254 170 19 3718.21 869.001 1849.21 404.765 5 0 0 
254 170 19 3703.07 875.393 1827.68 433.752 5 0 0 
282 188 19 3698.47 870.979 1827.49 381.611 4 0 0 
285 190 19 3711.28 892.207 1819.07 406.261 4 0 0 
426 286 19 3704.32 892.078 1812.24 213.952 3 0 0 
447 300 19 3684.28 875.797 1808.49 213.952 3 0 0 
462 311 19 3704.32 898.478 1805.84 213.952 3 0 0 
472 317 19 3715.23 915.197 1800.03 247.471 3 0 0 
483 325 19 3713.69 929.757 1783.93 247.471 3 0 0 
539 362 19 3650.47 877.105 1773.36 247.471 3 0 0 
606 408 19 3644.63 872.158 1772.47 271.466 3 0 0 
608 410 19 3642.37 875.619 1766.76 280.937 3 0 0 
652 440 19 3633.3 880.219 1753.08 280.937 3 0 0 
725 492 19 3540.04 787.166 1752.88 280.937 3 0 0 
751 510 19 3520.84 779.332 1741.5 280.937 3 0 0 
1056 723 19 3656.82 920.959 1735.87 210.922 2 0 0 
2572 1792 19 3672.72 939.212 1733.5 73.4538 1 0 0 
2919 2033 19 3702.55 973.88 1728.67 73.4538 1 0 0 
5846 4050 19 3620.98 913.23 1707.75 103.022 1 0 0 
6137 4251 19 3591.3 884.296 1707 91.5856 1 0 0 
6214 4305 19 3591.3 887.703 1703.59 91.5856 1 0 0 
6257 4334 19 3591.3 888.681 1702.61 91.5856 1 0 0 
