0 0 19 6185.27 1563.46 3621.81 23757.1 87 156 1 
0 0 19 5175.92 1225.14 2950.78 11420.7 50 37 1 
0 0 19 5186.15 1317.6 2868.55 11517.8 50 18 1 
1 0 19 5010.12 1182.14 2827.98 9922.81 43 0 0 
7 2 19 4734.47 1061.82 2672.66 9045.36 39 0 0 
7 3 19 4742.18 1081.96 2660.22 8835.43 39 0 0 
7 3 19 4709.44 1061.64 2647.8 8734.98 39 0 0 
8 3 19 4673.22 1025.76 2647.46 8071.36 37 0 0 
8 3 19 4611.06 1009.25 2601.81 6747.09 35 0 0 
8 3 19 4610.32 1066.62 2543.7 6725.82 34 0 0 
9 4 19 4625.08 1097.06 2528.02 6638.57 34 0 0 
9 4 19 4630.94 1126.22 2504.72 6941.41 33 0 0 
9 4 19 4610.98 1128.89 2482.09 6915.53 33 0 0 
12 6 19 4596.29 1138.87 2457.42 6488.51 30 0 0 
14 7 19 4596.72 1139.93 2456.79 6381.59 29 0 0 
14 7 19 4604.58 1149.68 2454.91 6386.38 29 0 0 
16 8 19 4548.78 1141.17 2407.61 5866.36 29 0 0 
16 8 19 4446.12 1092.47 2353.65 5050.14 28 0 0 
17 9 19 4320.79 992.042 2328.74 4805.87 28 0 0 
18 9 19 4305.93 1000.55 2305.38 4805.87 28 0 0 
19 10 19 4241.01 1014.9 2226.11 4168.69 28 0 0 
21 11 19 4201.2 1089.65 2111.54 4011.41 27 0 0 
22 12 19 4179.22 1093.79 2085.43 4014.15 27 0 0 
37 21 19 4147.62 1082.25 2065.36 3459.89 24 0 0 
41 24 19 3982.36 946.604 2035.75 2286.37 23 0 0 
44 26 19 3948.8 931.31 2017.49 1824.05 21 0 0 
44 26 19 3947.51 931.31 2016.2 1825.85 21 0 0 
48 28 19 3985.48 980.336 2005.14 2719.48 21 0 0 
50 29 19 3976.87 988.79 1988.08 2638.91 21 0 0 
52 31 19 3894.93 963.157 1931.77 1582.35 20 0 0 
54 32 19 3920.32 1002.55 1917.77 1788.85 20 0 0 
54 32 19 3883.86 976.183 1907.68 1553.01 20 0 0 
56 33 19 3852.28 944.901 1907.38 1591.71 20 0 0 
58 34 19 3812.25 918.514 1893.74 1538.43 20 0 0 
59 35 19 3812.22 918.514 1893.7 1539.09 20 0 0 
61 36 19 3831.31 938.382 1892.93 1725.28 20 0 0 
61 36 19 3810.55 929.936 1880.61 1504.44 19 0 0 
61 36 19 3810.55 936.571 1873.97 1516.85 19 0 0 
130 84 19 3777.06 918.721 1858.34 1145.84 12 0 0 
131 84 19 3748.26 896.839 1851.42 1145.84 12 0 0 
142 91 19 3637.67 788.608 1849.07 1169.91 11 0 0 
143 92 19 3637.67 789.54 1848.13 1169.91 11 0 0 
143 92 19 3650.26 805.29 1844.97 1169.91 11 0 0 
143 92 19 3617.06 794.853 1822.21 1173.07 11 0 0 
190 123 19 3679.68 858.626 1821.05 629.879 7 0 0 
197 128 19 3685.05 864.853 1820.2 663.187 7 0 0 
203 132 19 3701.52 881.967 1819.55 663.187 7 0 0 
208 136 19 3686.23 869.133 1817.1 654.028 7 0 0 
242 160 19 3702.72 888.812 1813.91 647.216 7 0 0 
245 162 19 3698.2 886.329 1811.87 604.993 7 0 0 
246 163 19 3676.24 872.604 1803.64 604.993 7 0 0 
264 175 19 3680.94 878.554 1802.39 625.277 7 0 0 
269 178 19 3640.47 840.042 1800.43 571.685 7 0 0 
285 189 19 3674.78 882.505 1792.27 604.993 7 0 0 
286 190 19 3688.05 897.986 1790.06 604.993 7 0 0 
294 195 19 3692.75 903.936 1788.81 625.277 7 0 0 
295 196 19 3688.45 901.51 1786.94 604.993 7 0 0 
317 211 19 3678.58 899.342 1779.24 668.946 7 0 0 
337 224 19 3644 866.36 1777.64 649.472 7 0 0 
354 236 19 3700.74 932.574 1768.17 424.688 6 0 0 
378 252 19 3669.44 911.404 1758.03 443.086 6 0 0 
437 291 19 3699.67 944.091 1755.58 479.416 6 0 0 
452 302 19 3704.37 950.041 1754.33 499.7 6 0 0 
493 329 19 3701.93 950.041 1751.89 494.812 6 0 0 
585 391 19 3691.86 941.58 1750.28 414.751 6 0 0 
589 393 19 3691.86 943.799 1748.06 437.404 6 0 0 
764 510 19 3670.91 927.87 1743.04 404.054 5 0 0 
790 527 19 3640.5 904.318 1736.18 404.054 5 0 0 
815 544 19 3670.91 939.256 1731.66 404.054 5 0 0 
887 593 19 3627.48 902.808 1724.68 302.629 5 0 0 
938 628 19 3669.9 948.803 1721.09 321.651 5 0 0 
941 630 19 3614.48 896.251 1718.23 384.215 5 0 0 
944 632 19 3611.85 895.553 1716.3 359.525 5 0 0 
947 634 19 3623.55 908.617 1714.94 409.094 5 0 0 
973 652 19 3618.85 908.078 1710.77 356.502 5 0 0 
980 656 19 3603.74 894.578 1709.17 302.629 5 0 0 
997 668 19 3629.39 928.753 1700.63 346.237 5 0 0 
1070 719 19 3627.17 927.89 1699.28 401.017 5 0 0 
6944 4695 19 3655.41 957.119 1698.29 198.508 3 0 0 
6946 4697 19 3618.7 921.469 1697.23 109.807 3 0 0 
6949 4698 19 3687.01 990.354 1696.66 198.508 3 0 0 
