0 0 19 5828.87 1053.15 3775.72 22436.9 93 63 2 
0 0 19 5515.14 1389.45 3125.69 11328.4 53 0 0 
1 0 19 5191.7 1163.68 3028.02 10992.3 46 0 0 
1 0 19 5133.03 1219.53 2913.5 8942.62 42 0 0 
1 0 19 4958.09 1089.39 2868.7 8780.76 41 0 0 
2 0 19 4825.48 962.218 2863.26 7937.67 38 0 0 
2 0 19 4753.89 956.38 2797.51 7721.38 35 0 0 
2 0 19 4792.89 1011.04 2781.86 7702.6 35 0 0 
2 0 19 4651.68 943.274 2708.41 7275.44 32 0 0 
4 1 19 4665.73 961.483 2704.25 6871.9 31 0 0 
4 1 19 4619.92 944.35 2675.58 6871.9 31 0 0 
5 2 19 4546.94 940.971 2605.96 4692.23 30 0 0 
6 2 19 4471.75 912.396 2559.35 4409.34 28 0 0 
7 2 19 4473.36 944.294 2529.06 4409.34 28 0 0 
8 3 19 4394.31 884.287 2510.02 3310.87 26 0 0 
9 3 19 4293.48 864.615 2428.86 2775.59 25 0 0 
11 5 19 4248.08 822.599 2425.48 2811.74 25 0 0 
14 6 19 4206.37 833.901 2372.47 2618.14 21 0 0 
16 7 19 4217.11 882.135 2334.97 2627.89 21 0 0 
18 8 19 4180.72 862.93 2317.79 3264.26 21 0 0 
19 8 19 4196.72 935.083 2261.64 2641.56 21 0 0 
21 10 19 4176.06 930.221 2245.84 2534.49 21 0 0 
22 10 19 4095.48 880.451 2215.03 2497.75 20 0 0 
22 10 19 4081.19 870.95 2210.25 2316.66 19 0 0 
42 21 19 4053.8 852.158 2201.65 1977.14 18 0 0 
47 23 19 4083.79 887.755 2196.03 2020.93 18 0 0 
49 24 19 4053 871.457 2181.54 1929.42 17 0 0 
49 24 19 4036.2 860.029 2176.17 1853.3 17 0 0 
52 25 19 4011.72 848.539 2163.18 1804.19 17 0 0 
55 27 19 3987.83 827.152 2160.68 1833.74 17 0 0 
59 29 19 3992.14 832.919 2159.22 1760.42 17 0 0 
128 65 19 4016.79 927.014 2089.78 1555.53 14 0 0 
262 135 19 3945.96 896.852 2049.11 1307.22 12 0 0 
272 141 19 3949.81 901.555 2048.26 1442.19 12 0 0 
278 144 19 3921.34 958.972 1962.37 914.193 12 0 0 
400 207 19 3780.29 820.046 1960.24 348.372 6 0 0 
403 209 19 3761.59 804.859 1956.73 339.071 6 0 0 
440 228 19 3799.04 859.159 1939.88 400.619 6 0 0 
461 239 19 3775.27 836.753 1938.52 380.033 6 0 0 
473 246 19 3753.8 818.462 1935.34 325.065 6 0 0 
511 265 19 3763.65 846.695 1916.95 284.957 5 0 0 
515 267 19 3774.18 869.089 1905.09 284.957 5 0 0 
535 278 19 3755.97 858.025 1897.94 284.957 5 0 0 
645 334 19 3736.54 841.248 1895.29 311.49 5 0 0 
651 337 19 3736.54 841.358 1895.18 311.49 5 0 0 
706 367 19 3741.68 864.029 1877.66 282.401 5 0 0 
713 371 19 3740.5 864.029 1876.47 319.381 5 0 0 
740 386 19 3734.5 860.162 1874.33 319.381 5 0 0 
756 394 19 3732.87 862.514 1870.36 252.82 5 0 0 
777 405 19 3722.07 868.882 1853.19 252.82 5 0 0 
866 450 19 3701.77 848.909 1852.86 446.399 5 0 0 
958 497 19 3650.78 822.796 1827.98 410.585 5 0 0 
1454 767 19 3668.57 849.049 1819.52 215.984 4 0 0 
1539 811 19 3647.62 844.165 1803.46 211.308 4 0 0 
1540 811 19 3647.62 846.281 1801.34 211.308 4 0 0 
1572 828 19 3646.93 850.134 1796.8 215.984 4 0 0 
1606 846 19 3649.03 857.703 1791.33 282.46 4 0 0 
1624 855 19 3669.44 882.018 1787.42 215.984 4 0 0 
1626 856 19 3671.54 885.369 1786.17 282.46 4 0 0 
1626 856 19 3669.44 888.636 1780.8 215.984 4 0 0 
1671 878 19 3669.44 905.07 1764.37 215.984 4 0 0 
5133 2700 19 3665.25 903.826 1761.42 354.347 4 0 0 
5191 2730 19 3602.66 843.919 1758.74 366.587 4 0 0 
6750 3549 19 3578.68 827.937 1750.75 22.0145 2 0 0 
6776 3563 19 3565.59 822.677 1742.91 22.0145 2 0 0 
6898 3629 19 3565.59 822.755 1742.83 23.6113 2 0 0 
8784 4617 19 3666.31 927.229 1739.08 20.4217 2 0 0 
8786 4617 19 3661.43 923.409 1738.02 20.4217 2 0 0 
8830 4641 19 3668.62 930.72 1737.9 103.534 2 0 0 
8839 4646 19 3651.34 918.191 1733.15 20.4217 2 0 0 
8845 4649 19 3668.62 940.135 1728.49 94.1544 2 0 0 
8946 4702 19 3664.75 938.641 1726.11 88.5424 2 0 0 
8954 4706 19 3639.7 923.227 1716.47 88.5424 2 0 0 
8961 4711 19 3671.57 957.089 1714.48 88.5424 2 0 0 
8975 4718 19 3646.9 938.62 1708.28 88.5424 2 0 0 
9165 4816 19 3646.9 939.204 1707.7 88.5424 2 0 0 
9167 4818 19 3646.9 941.041 1705.86 88.5424 2 0 0 
9180 4825 19 3652.33 948.724 1703.61 95.9815 2 0 0 
9194 4831 19 3651.71 948.171 1703.54 95.9815 2 0 0 
9232 4851 19 3679.1 978.904 1700.2 88.5424 2 0 0 
9250 4861 19 3676.98 977.46 1699.52 88.5424 2 0 0 
9423 4950 19 3679.1 983.341 1695.76 127.48 2 0 0 
9433 4956 19 3679.1 988.32 1690.78 79.1623 2 0 0 
