0 0 19 6020.39 1345.54 3674.85 15534.6 88 0 0 
4 0 19 5216.36 1270.96 2945.4 11231.9 48 0 0 
5 1 19 5223.47 1286.75 2936.72 11198.6 48 0 0 
6 1 19 5137.46 1252.58 2884.88 10380.4 48 0 0 
6 1 19 5089.75 1223.86 2865.9 9472.69 46 0 0 
7 2 19 5162.22 1399.77 2762.46 10189.7 45 0 0 
7 2 19 5141.31 1421.58 2719.73 9933.73 44 0 0 
8 3 19 4850.55 1275.83 2574.71 8598.86 41 0 0 
12 5 19 4371 817.582 2553.41 4396.91 26 0 0 
14 6 19 4366.82 816.855 2549.97 4057.04 26 0 0 
15 7 19 4359.66 863.948 2495.72 4021.05 25 0 0 
17 8 19 4356.14 862.897 2493.24 3944.8 25 0 0 
17 8 19 4323.9 851.937 2471.96 3637.5 23 0 0 
19 9 19 4294.48 822.678 2471.8 3492.95 23 0 0 
20 10 19 4303.7 857.463 2446.24 3470.56 23 0 0 
22 11 19 4240.55 812.449 2428.1 3371.94 22 0 0 
25 13 19 4242.12 838.73 2403.39 3422.31 22 0 0 
26 13 19 4262.39 862.021 2400.37 3469.44 22 0 0 
26 14 19 4272.85 874.128 2398.72 3579.91 22 0 0 
27 14 19 4234.74 850.471 2384.26 3579.91 22 0 0 
36 20 19 4219.84 842.585 2377.26 2795.77 21 0 0 
36 20 19 4064.56 812.553 2252 2182.25 21 0 0 
56 33 19 4180.74 932.769 2247.97 2749.37 17 0 0 
67 40 19 4124.07 879.836 2244.24 2631.39 16 0 0 
75 45 19 4082.74 852.379 2230.36 2452.6 16 0 0 
76 46 19 4088.44 872.515 2215.92 2842.62 16 0 0 
77 47 19 4077.32 865.795 2211.53 2757.05 16 0 0 
78 47 19 4047.72 841.006 2206.71 2265.18 16 0 0 
79 48 19 4078.45 875.779 2202.67 2763.72 16 0 0 
86 53 19 4065.44 879.4 2186.04 3115.5 16 0 0 
87 54 19 4040.91 860.778 2180.13 2809.35 16 0 0 
88 54 19 4028.47 874.261 2154.21 2733.25 16 0 0 
112 70 19 3892.26 739.264 2153 1207.14 13 0 0 
114 72 19 3836.76 717.8 2118.96 988.544 13 0 0 
114 72 19 3839.13 728.77 2110.36 1010.6 13 0 0 
115 73 19 3843.42 739.248 2104.17 1025.24 13 0 0 
120 75 19 3822.27 739.248 2083.03 910.542 13 0 0 
122 77 19 3820.77 744.562 2076.2 1025.46 13 0 0 
123 77 19 3832.37 762.922 2069.45 983.556 13 0 0 
125 79 19 3832.37 763.45 2068.92 949.772 13 0 0 
127 80 19 3800.35 753.121 2047.23 825.747 11 0 0 
128 80 19 3783.82 741.987 2041.84 795.191 11 0 0 
133 83 19 3733.13 730.203 2002.92 627.362 10 0 0 
150 95 19 3758.05 770.416 1987.64 671.041 9 0 0 
172 109 19 3781.13 796.843 1984.29 514.941 9 0 0 
184 117 19 3675.81 696.2 1979.61 497.368 9 0 0 
191 121 19 3710.86 748.069 1962.79 515.095 8 0 0 
209 132 19 3726.07 771.881 1954.19 515.663 8 0 0 
210 134 19 3724.29 773.28 1951.01 513.795 8 0 0 
211 134 19 3747.46 797.944 1949.52 513.795 8 0 0 
217 138 19 3745.22 801.935 1943.28 489.502 8 0 0 
283 183 19 3720.03 780.751 1939.28 355.401 8 0 0 
293 189 19 3700.76 773.79 1926.97 354.136 8 0 0 
381 249 19 3700.35 777.033 1923.32 409.924 8 0 0 
391 255 19 3738.36 821.349 1917.01 413.169 8 0 0 
401 263 19 3755.47 839.017 1916.45 445.687 7 0 0 
411 269 19 3740.6 829.264 1911.34 411.441 7 0 0 
415 273 19 3750.68 841.561 1909.12 465.179 7 0 0 
420 276 19 3725.5 819.233 1906.26 361.383 7 0 0 
439 289 19 3736.01 835.557 1900.45 415.121 7 0 0 
466 308 19 3714.36 818.031 1896.33 344.079 6 0 0 
474 314 19 3706.75 811.429 1895.32 319.786 6 0 0 
475 315 19 3714.36 819.068 1895.29 344.079 6 0 0 
481 319 19 3681.3 799.476 1881.82 323.88 6 0 0 
484 321 19 3681.3 807.712 1873.59 344.079 6 0 0 
490 325 19 3654.12 786.977 1867.14 305.724 6 0 0 
490 325 19 3674.33 807.432 1866.9 310.63 6 0 0 
748 499 19 3726.98 870.879 1856.1 292.315 6 0 0 
774 516 19 3678.48 827.235 1851.24 281.194 6 0 0 
1048 705 19 3675.2 838.392 1836.8 296.123 5 0 0 
1052 707 19 3665.05 836.506 1828.54 209.702 5 0 0 
1086 732 19 3651.6 825.907 1825.69 208.483 5 0 0 
1090 735 19 3635.16 827.079 1808.08 212.021 5 0 0 
1148 774 19 3633.21 837.327 1795.88 208.483 5 0 0 
1163 785 19 3633.21 837.846 1795.36 208.483 5 0 0 
1165 787 19 3633.21 850.849 1782.36 208.483 5 0 0 
1179 796 19 3660.05 880.384 1779.66 208.483 5 0 0 
1186 801 19 3675.83 908.757 1767.07 231.225 5 0 0 
1189 803 19 3673.56 907.047 1766.52 209.105 5 0 0 
1195 808 19 3673.56 912.512 1761.05 209.105 5 0 0 
1209 819 19 3639.74 899.407 1740.33 209.105 5 0 0 
1267 859 19 3632.46 899.407 1733.05 210.438 5 0 0 
1306 886 19 3608.22 886.584 1721.64 190.147 5 0 0 
1333 905 19 3627.82 911.526 1716.29 329.462 5 0 0 
1374 932 19 3629.45 918.27 1711.18 333.759 5 0 0 
1383 939 19 3590.23 889.404 1700.83 250.531 5 0 0 
1481 1005 19 3588.57 888.972 1699.6 109.861 4 0 0 
1503 1019 19 3588.57 889.37 1699.21 138.893 4 0 0 
1503 1020 19 3588.57 894.438 1694.14 109.861 4 0 0 
1505 1021 19 3598.6 904.489 1694.11 149.461 4 0 0 
1802 1224 19 3573.4 879.79 1693.61 109.861 4 0 0 
1813 1232 19 3605.85 929.962 1675.89 109.861 4 0 0 
1956 1330 19 3605.94 931.416 1674.52 109.861 4 0 0 
2055 1398 19 3573.7 901.765 1671.94 113.547 4 0 0 
2094 1426 19 3573.7 906.559 1667.14 113.547 4 0 0 
2237 1522 19 3602.5 956.061 1646.44 113.547 4 0 0 
2372 1608 19 3551.76 911.906 1639.86 113.547 4 0 0 
2681 1822 19 3630.5 991.845 1638.66 113.547 4 0 0 
2703 1838 19 3608.09 976.056 1632.04 113.547 4 0 0 
