0 0 19 5985.85 1241.48 3744.37 27562.5 87 204 2 
3 0 19 5159.98 1085.8 3074.18 10927.3 43 1 1 
3 0 19 5068.67 1108.57 2960.1 10189.8 40 1 1 
4 1 19 4996.79 1061.26 2935.52 9110.41 40 1 1 
5 1 19 4807.65 978.082 2829.57 8291.31 38 0 0 
5 1 19 4811.01 1040.41 2770.59 8210.65 37 0 0 
6 2 19 4760.29 1000.36 2759.92 7935.33 36 0 0 
7 2 19 4746.59 1004.65 2741.94 8375.94 36 0 0 
7 2 19 4724.19 993.688 2730.5 6420.99 36 0 0 
8 3 19 4711.93 993.688 2718.25 6436.62 36 0 0 
9 4 19 4716.84 1053.01 2663.83 6106.61 35 0 0 
9 4 19 4779.81 1124.85 2654.96 6348.31 35 0 0 
12 5 19 4657.2 1011.34 2645.86 5986.03 35 0 0 
12 5 19 4740.29 1124.85 2615.45 6195.04 35 0 0 
12 5 19 4680.59 1104.32 2576.27 6021.1 35 0 0 
13 6 19 4548.01 1013.87 2534.14 4852.72 34 0 0 
13 6 19 4508.59 1022.52 2486.07 4634.46 33 0 0 
16 8 19 4522.79 1068.44 2454.35 5273.88 31 0 0 
17 8 19 4518.49 1096.55 2421.94 5181.91 31 0 0 
17 8 19 4526.7 1119.8 2406.9 5190.33 31 0 0 
18 9 19 4486.41 1103.68 2382.73 5084.87 31 0 0 
22 12 19 4385.75 1052.91 2332.85 4139.94 30 0 0 
30 17 19 4302.53 1074.85 2227.69 4133.92 30 0 0 
32 18 19 4298.56 1087.86 2210.7 4131.27 29 0 0 
39 22 19 4120.73 911.737 2208.99 3251.83 26 0 0 
41 23 19 4088.47 908.815 2179.66 3113.59 26 0 0 
41 23 19 4084.91 908.635 2176.28 3105.59 25 0 0 
42 24 19 4044.27 870.526 2173.75 3045.34 25 0 0 
43 24 19 4042.66 881.527 2161.13 3046 25 0 0 
43 25 19 4018.61 868.921 2149.69 3117.09 25 0 0 
44 25 19 3951.41 859.085 2092.32 2444.33 23 0 0 
45 26 19 3906.46 851.171 2055.28 2242.06 22 0 0 
46 26 19 3917.78 885.788 2031.99 2129.27 21 0 0 
49 28 19 3925.5 896.553 2028.94 2175.52 21 0 0 
50 29 19 3939.94 919.359 2020.58 2204.06 21 0 0 
56 33 19 3927.83 928.701 1999.12 2092.64 19 0 0 
58 34 19 3917.62 928.701 1988.91 2085.64 19 0 0 
58 35 19 3924.83 956.701 1968.13 2085.64 19 0 0 
62 37 19 3920.31 961.396 1958.92 2085.64 19 0 0 
94 59 19 3848.29 904.617 1943.67 1525.41 14 0 0 
98 62 19 3825.96 932.984 1892.98 1482.44 14 0 0 
98 62 19 3818.03 963.725 1854.31 1482.8 14 0 0 
104 66 19 3771.49 929.842 1841.65 918.784 12 0 0 
104 66 19 3750.02 915.314 1834.7 881.898 12 0 0 
124 80 19 3715.76 881.67 1834.09 772.581 10 0 0 
129 84 19 3706.18 880.385 1825.8 658.214 9 0 0 
132 86 19 3706.18 883.316 1822.87 658.214 9 0 0 
133 87 19 3728.62 906.331 1822.29 680.651 9 0 0 
155 102 19 3700.58 883.281 1817.3 482.05 8 0 0 
161 106 19 3706.01 894.295 1811.72 561.355 8 0 0 
167 110 19 3706.01 895.242 1810.77 542.411 8 0 0 
168 111 19 3706.01 915.973 1790.04 561.355 8 0 0 
174 114 19 3701.93 917.525 1784.41 584.228 8 0 0 
177 116 19 3701.93 928.127 1773.81 584.228 8 0 0 
239 159 19 3699.61 935.126 1764.49 654.693 8 0 0 
245 162 19 3699.47 935.126 1764.35 654.611 8 0 0 
428 288 19 3692.98 936.455 1756.52 561.788 7 0 0 
439 295 19 3692.98 939.462 1753.51 597.868 7 0 0 
479 322 19 3691.14 939.439 1751.7 516.189 7 0 0 
673 455 19 3675.55 924.603 1750.94 523.814 7 0 0 
680 460 19 3680.53 936.727 1743.8 578.132 7 0 0 
694 469 19 3676.19 936.727 1739.47 569.153 7 0 0 
713 482 19 3678.64 947.329 1731.31 574.042 7 0 0 
753 511 19 3678.64 955.17 1723.47 572.796 7 0 0 
763 518 19 3678.64 960.665 1717.97 572.796 7 0 0 
766 520 19 3678.64 970.441 1708.2 572.796 7 0 0 
2070 1408 19 3624.34 921.714 1702.62 204.919 4 0 0 
2088 1421 19 3621.11 936.336 1684.78 175.068 4 0 0 
2453 1674 19 3595.46 912.924 1682.54 75.2682 3 0 0 
2543 1737 19 3663.82 982.723 1681.09 169.247 3 0 0 
2659 1816 19 3645.95 965.005 1680.95 200.303 3 0 0 
2684 1833 19 3631.22 955.472 1675.75 169.247 3 0 0 
2801 1911 19 3639.72 973.206 1666.51 134.786 3 0 0 
2969 2025 19 3646.47 986.528 1659.95 169.461 3 0 0 
2994 2043 19 3617.63 960.82 1656.81 84.6022 3 0 0 
3001 2048 19 3617.63 969.965 1647.66 115.143 3 0 0 
3021 2061 19 3627.63 988.771 1638.85 169.461 3 0 0 
3022 2062 19 3632.59 995.83 1636.76 115.143 3 0 0 
