0 0 19 5903.73 1257.91 3645.83 25586.5 87 63 3 
0 0 19 5079.81 1098.8 2981.01 9764.11 43 0 0 
1 0 19 4984.06 1204.24 2779.82 7411.67 42 0 0 
1 0 19 4968.05 1233.58 2734.48 7239.69 41 0 0 
2 0 19 4924.61 1214.01 2710.6 7005.69 41 0 0 
5 1 19 4810.27 1163.05 2647.22 6849.39 40 0 0 
6 1 19 4893.31 1259.05 2634.26 6769.42 39 0 0 
16 8 19 4543.27 938.477 2604.79 5945.61 29 0 0 
18 9 19 4443.95 894.838 2549.11 5115.87 29 0 0 
18 9 19 4442.03 894.838 2547.19 5136.2 29 0 0 
19 10 19 4345.68 831.861 2513.82 5143.54 29 0 0 
23 12 19 4316.14 858.719 2457.42 4978.17 28 0 0 
24 13 19 4214.91 837.942 2376.97 4633.45 28 0 0 
31 18 19 4279.28 956.028 2323.25 3683.59 23 0 0 
33 19 19 4280.95 967.488 2313.47 3733 23 0 0 
34 20 19 4219.79 939.771 2280.02 3046.86 22 0 0 
37 22 19 4145.6 875.879 2269.72 2649.39 20 0 0 
38 23 19 4117.42 861.244 2256.17 2614.29 20 0 0 
44 26 19 4034.9 854.935 2179.97 1371.45 16 0 0 
50 30 19 4034.9 860.34 2174.56 1371.45 16 0 0 
50 31 19 4021.73 849.005 2172.73 1296.68 15 0 0 
50 31 19 3999.25 838.911 2160.34 1220.11 15 0 0 
68 43 19 3987.02 875.891 2111.13 1249.37 15 0 0 
69 44 19 3924.04 818.114 2105.93 1071.08 15 0 0 
78 49 19 3898.95 816.047 2082.91 1052.51 14 0 0 
89 57 19 3865.33 791.42 2073.91 815.105 11 0 0 
114 74 19 3893.25 824.573 2068.68 836.312 11 0 0 
114 74 19 3868.11 807.949 2060.16 773.441 11 0 0 
132 86 19 3845.99 818.6 2027.39 865.854 11 0 0 
152 99 19 3859.72 835.537 2024.18 680.542 9 0 0 
154 100 19 3826.69 811.074 2015.61 627.236 9 0 0 
183 121 19 3800.28 805.284 1995 590.94 8 0 0 
230 152 19 3758.74 764.13 1994.61 591.929 8 0 0 
230 152 19 3757.75 779.377 1978.37 590.94 8 0 0 
406 271 19 3845.17 910.485 1934.69 485.28 7 0 0 
591 399 19 3772.59 841.146 1931.45 382.985 5 0 0 
592 399 19 3772.59 847.39 1925.2 382.985 5 0 0 
793 541 19 3743.38 818.232 1925.15 290.402 5 0 0 
815 556 19 3750.11 832.789 1917.32 281.351 4 0 0 
818 558 19 3725.04 819.974 1905.07 281.351 4 0 0 
827 564 19 3706.28 802.781 1903.5 250.088 4 0 0 
859 586 19 3729.71 827.87 1901.84 261.116 4 0 0 
862 587 19 3730.16 832.789 1897.37 278.634 4 0 0 
864 589 19 3730.16 849.025 1881.13 278.634 4 0 0 
874 596 19 3724.73 845.661 1879.07 226.642 4 0 0 
877 598 19 3730.16 857.923 1872.23 278.634 4 0 0 
891 609 19 3699.66 829.298 1870.36 226.097 4 0 0 
895 611 19 3699.66 844.838 1854.82 213.656 4 0 0 
906 619 19 3685.8 831.829 1853.97 190.194 4 0 0 
916 625 19 3731.86 881.759 1850.1 199.033 3 0 0 
1106 757 19 3689.16 849.882 1839.28 138.63 3 0 0 
1139 780 19 3673.67 839.476 1834.19 87.7101 3 0 0 
1140 780 19 3677.78 850.856 1826.92 235.505 3 0 0 
1228 841 19 3704.32 880.037 1824.29 18.7083 1 0 0 
1240 849 19 3669.23 848.457 1820.78 18.7083 1 0 0 
1242 851 19 3705.7 895.413 1810.29 62.6015 1 0 0 
1258 862 19 3679.89 882.664 1797.23 62.6015 1 0 0 
1278 875 19 3677.4 884.809 1792.59 62.6015 1 0 0 
1499 1027 19 3677.4 887.085 1790.32 62.6015 1 0 0 
2234 1535 19 3653.38 872.222 1781.16 62.6015 1 0 0 
2268 1559 19 3615.17 853.824 1761.34 62.6015 1 0 0 
2324 1598 19 3615.17 864.143 1751.02 62.6015 1 0 0 
2338 1607 19 3588.55 838.923 1749.62 62.6015 1 0 0 
2398 1649 19 3586.88 838.79 1748.09 62.6015 1 0 0 
2418 1662 19 3602.43 866.314 1736.11 62.6015 1 0 0 
3545 2451 19 3657.96 923.447 1734.52 62.6015 1 0 0 
3562 2462 19 3633.38 902.607 1730.77 62.6015 1 0 0 
3564 2463 19 3633.78 906.13 1727.65 62.6015 1 0 0 
