0 0 14 6463.12 775.961 4687.15 36467 90 457 3 
0 0 14 5470 646.293 3823.71 16954.2 59 109 3 
4 2 14 5105.85 494.117 3611.74 17581.1 51 98 2 
4 2 14 5078.9 494.117 3584.79 17137.1 51 98 2 
5 3 14 5017.88 478.689 3539.19 16819.9 50 98 2 
7 4 14 5019.6 489.577 3530.02 16652.9 50 80 2 
9 6 14 4944.85 479.515 3465.33 15951.3 49 51 3 
12 8 14 4427.2 493.759 2933.44 8904.94 44 25 1 
17 12 14 4283.09 363.658 2919.43 7539.6 39 21 1 
19 14 14 4307.5 393.383 2914.11 7757.9 37 15 1 
21 15 14 4236.87 393.383 2843.48 7609.99 37 5 1 
22 16 14 4233 400.808 2832.19 7609.99 37 5 1 
48 38 14 4029.64 458.924 2570.72 5602.51 36 0 0 
48 38 14 3992.34 453.032 2539.31 5524.9 35 0 0 
51 40 14 3943.15 410.976 2532.18 5407.05 34 0 0 
51 40 14 3943.16 412.483 2530.67 5385.47 34 0 0 
56 44 14 3933.93 407.206 2526.73 5632.74 34 0 0 
68 54 14 3845.64 403.867 2441.77 4453.69 32 0 0 
86 69 14 3741.26 386.651 2354.61 3819.85 28 0 0 
88 71 14 3721.38 382.607 2338.77 3602.81 28 0 0 
94 75 14 3685.74 347.307 2338.43 3632.01 27 0 0 
96 77 14 3671.16 342.588 2328.57 3611.36 27 0 0 
96 77 14 3666.13 343.277 2322.86 3383.21 27 0 0 
98 79 14 3694.4 418.654 2275.74 3746.51 25 0 0 
98 79 14 3694.4 419.549 2274.85 3746.52 25 0 0 
98 79 14 3698.87 433.626 2265.25 3746.52 25 0 0 
101 81 14 3700.3 447.985 2252.32 3771.34 25 0 0 
102 82 14 3561.78 386.293 2175.48 3455.49 25 0 0 
103 83 14 3562.29 386.982 2175.31 3455.49 25 0 0 
105 84 14 3524.48 397.742 2126.74 2711.21 22 0 0 
107 86 14 3520.71 401.934 2118.77 2577.85 22 0 0 
107 86 14 3526.91 411.474 2115.44 2596.17 22 0 0 
107 86 14 3526.91 411.863 2115.05 2596.47 22 0 0 
108 86 14 3482.55 399.235 2083.31 2809.22 22 0 0 
110 88 14 3489.34 415.764 2073.58 3020.49 22 0 0 
112 90 14 3476.13 414.981 2061.14 3007.28 22 0 0 
112 90 14 3423.86 381.387 2042.48 2734.64 21 0 0 
112 90 14 3423.86 381.775 2042.09 2734.94 21 0 0 
114 91 14 3427.65 387.392 2040.26 2734.64 21 0 0 
114 91 14 3416.66 385.104 2031.55 2660.72 20 0 0 
115 92 14 3414.38 385.104 2029.27 2681.3 20 0 0 
115 92 14 3414.38 385.586 2028.79 2681 20 0 0 
115 92 14 3414.38 385.974 2028.4 2681.3 20 0 0 
117 94 14 3398.75 385.974 2012.78 2645.94 20 0 0 
118 94 14 3398.75 386.125 2012.63 2645.64 20 0 0 
118 95 14 3402.75 398.715 2004.04 2645.94 20 0 0 
121 97 14 3379.93 383.972 1995.96 2166.49 18 0 0 
126 102 14 3358.81 374.058 1984.75 1954.01 17 0 0 
127 103 14 3323.5 360.123 1963.38 1989.35 17 0 0 
130 105 14 3329.41 370.265 1959.14 1988.75 17 0 0 
130 105 14 3329.71 370.954 1958.75 1989.35 17 0 0 
131 106 14 3320.78 370.954 1949.82 1961.48 17 0 0 
131 106 14 3297.28 357.938 1939.35 1890.31 16 0 0 
132 106 14 3297.59 358.627 1938.96 1890.91 16 0 0 
133 107 14 3268.03 338.199 1929.83 1650.49 16 0 0 
133 107 14 3268.33 338.887 1929.44 1651.1 16 0 0 
135 109 14 3257.96 331.346 1926.61 1757.79 15 0 0 
135 109 14 3257.96 332.217 1925.74 1757.79 15 0 0 
136 110 14 3262.97 354.408 1908.57 1757.79 15 0 0 
136 110 14 3262.97 355.279 1907.7 1757.79 15 0 0 
137 111 14 3270.15 371.955 1898.19 1757.79 15 0 0 
139 112 14 3255.09 371.955 1883.13 1757.79 15 0 0 
150 122 14 3240.51 365.837 1874.67 1764.21 15 0 0 
151 123 14 3216.67 344.91 1871.76 1520.04 14 0 0 
151 123 14 3223 358.839 1864.16 1589.64 14 0 0 
152 123 14 3225.62 362.839 1862.79 1602.78 14 0 0 
152 124 14 3220.56 362.839 1857.72 1627.15 14 0 0 
153 125 14 3209.61 362.839 1846.77 1518.56 14 0 0 
155 126 14 3212.69 366.61 1846.08 1518.56 14 0 0 
169 138 14 3152.95 329.002 1823.94 1189.44 14 0 0 
169 138 14 3152.88 331.127 1821.76 1189.37 14 0 0 
170 139 14 3153.52 334.795 1818.73 1189.37 14 0 0 
217 179 14 3134.62 332.456 1802.16 1067.13 11 0 0 
219 180 14 3133.35 337.258 1796.1 1065.87 11 0 0 
219 180 14 3139 348.229 1790.77 1097.44 11 0 0 
221 182 14 3134.74 346.86 1787.88 1067.25 11 0 0 
221 183 14 3133.34 375.676 1757.67 1065.86 11 0 0 
223 184 14 3109.69 370.578 1739.12 1080.16 11 0 0 
709 608 14 3075.08 338.51 1736.57 648.701 8 0 0 
719 617 14 3041.27 312.315 1728.96 575.514 8 0 0 
746 640 14 3063.5 336.402 1727.1 648.186 8 0 0 
748 642 14 3063.5 340.155 1723.34 648.186 8 0 0 
748 642 14 3070.75 349.397 1721.35 648.186 8 0 0 
749 643 14 3077.06 358.668 1718.39 648.186 8 0 0 
789 677 14 3069.2 352.862 1716.34 581.098 8 0 0 
790 677 14 3069.2 353.13 1716.07 581.098 8 0 0 
835 716 14 3059.39 347.396 1712 619.395 8 0 0 
841 721 14 3058.98 347.502 1711.48 619.395 8 0 0 
850 729 14 3058.98 351.042 1707.94 619.395 8 0 0 
1089 939 14 3045.49 339.953 1705.54 482.368 7 0 0 
1091 941 14 3054.18 349.506 1704.67 482.368 7 0 0 
1095 944 14 3049.73 350.372 1699.36 482.213 7 0 0 
1102 950 14 3052.13 353.506 1698.62 482.97 7 0 0 
1141 983 14 3040.48 345.527 1694.95 477.45 7 0 0 
1143 985 14 3051.37 359.302 1692.07 482.213 7 0 0 
1171 1009 14 3046.69 354.795 1691.89 446.217 7 0 0 
1174 1012 14 3044.77 356.508 1688.26 482.862 7 0 0 
1536 1336 14 3047.88 362.389 1685.49 514.094 7 0 0 
1747 1523 14 3024.62 341.895 1682.73 390.308 7 0 0 
1775 1548 14 3031.56 349.671 1681.89 486.722 7 0 0 
1775 1548 14 3028.91 349.671 1679.24 486.722 7 0 0 
1775 1549 14 3028.91 352.861 1676.05 486.722 7 0 0 
1874 1635 14 2985.9 310.747 1675.16 422.812 6 0 0 
2337 2051 14 2986.05 310.985 1675.07 371.687 6 0 0 
2356 2067 14 2965.34 294.25 1671.09 390.45 6 0 0 
2361 2071 14 2962.57 294.25 1668.32 374.45 6 0 0 
2362 2072 14 2962.92 294.938 1667.98 374.45 6 0 0 
2363 2073 14 2956.97 295.472 1661.5 390.45 6 0 0 
2363 2073 14 2952.21 292.236 1659.97 385.687 6 0 0 
2386 2094 14 2955.03 295.472 1659.56 376.45 6 0 0 
2390 2097 14 2954.2 295.472 1658.73 374.45 6 0 0 
2588 2270 14 2931.74 273.171 1658.57 375.919 6 0 0 
2590 2272 14 2927.53 273.166 1654.36 375.919 6 0 0 
2596 2276 14 2924.34 273.166 1651.17 372.73 6 0 0 
2613 2290 14 2923.13 272.543 1650.59 375.919 6 0 0 
2617 2294 14 2924.52 281.543 1642.97 377.305 6 0 0 
2687 2353 14 2924.5 281.543 1642.95 374.115 6 0 0 
3394 2975 14 2976.88 338.771 1638.11 320.08 5 0 0 
3394 2976 14 2956.87 320.952 1635.92 297.466 5 0 0 
3411 2989 14 2968.15 333.141 1635.01 274.675 5 0 0 
3412 2990 14 2966.99 333.141 1633.85 274.675 5 0 0 
3412 2991 14 2966.65 338.083 1628.56 297.289 5 0 0 
3448 3022 14 2971.27 342.741 1628.53 318.493 5 0 0 
3450 3023 14 2979.71 351.326 1628.39 318.493 5 0 0 
3451 3024 14 2979.71 352.299 1627.41 318.493 5 0 0 
3461 3034 14 2968.51 342.456 1626.06 304.493 5 0 0 
3472 3043 14 2965.68 345.918 1619.76 304.493 5 0 0 
3686 3231 14 2961.55 345.37 1616.18 281.187 5 0 0 
3712 3255 14 2976.01 360.722 1615.29 294.196 5 0 0 
