0 0 14 6680.16 733.984 4946.17 35420.3 89 356 3 
1 0 14 5394.44 468.445 3926 21213.7 57 254 2 
1 0 14 5136.4 523.534 3612.87 16043 52 223 5 
4 1 14 4921.43 478.151 3443.27 12462.1 52 19 1 
5 2 14 4904.2 467.48 3436.72 11534.9 50 9 1 
5 2 14 4864.16 442.021 3422.14 11059.9 49 9 1 
5 2 14 4799.65 442.021 3357.63 10821.7 49 0 0 
6 3 14 4752.18 442.021 3310.15 10727.3 49 0 0 
7 4 14 4665.47 457.999 3207.48 9443.09 48 0 0 
9 5 14 4643.15 457.999 3185.16 9317.91 48 0 0 
9 5 14 4542.25 462.845 3079.41 8834.1 42 0 0 
18 13 14 4441.45 400.15 3041.3 7754.97 42 0 0 
20 15 14 4374.48 400.15 2974.33 7593.02 42 0 0 
25 18 14 3947.5 398.733 2548.77 5146.58 39 0 0 
31 23 14 3991.82 461.384 2530.43 5618.54 37 0 0 
32 24 14 3991.61 461.384 2530.22 5623.38 37 0 0 
33 25 14 3985.76 461.586 2524.18 5598.66 37 0 0 
34 25 14 3961.84 461.586 2500.26 5849.74 37 0 0 
36 27 14 3991.38 521.614 2469.77 5630.08 36 0 0 
37 29 14 3975.98 510.854 2465.12 5580.69 36 0 0 
38 29 14 3979.91 519.984 2459.93 5616.59 35 0 0 
38 29 14 3942.26 503.464 2438.8 5495.99 35 0 0 
38 29 14 3916.06 492.705 2423.35 5215.26 35 0 0 
39 30 14 3929.02 532.334 2396.68 5234.76 35 0 0 
39 30 14 3833.57 493.505 2340.07 5233.77 34 0 0 
39 30 14 3818.97 483.365 2335.6 5219.16 34 0 0 
39 30 14 3774.64 483.365 2291.27 5120.54 34 0 0 
40 31 14 3802.34 523.408 2278.93 5337.37 34 0 0 
44 34 14 3749.35 489.701 2259.65 4481.77 33 0 0 
44 34 14 3696.55 492.905 2203.64 4899.93 33 0 0 
67 53 14 3661.78 458.385 2203.39 4339.75 27 0 0 
69 54 14 3656.87 458.385 2198.49 4319.34 27 0 0 
69 55 14 3654.84 472.533 2182.31 4175.42 27 0 0 
72 57 14 3629.01 465.94 2163.07 3939.01 26 0 0 
76 60 14 3625.83 467.298 2158.53 3935.83 26 0 0 
78 61 14 3576.42 451.955 2124.46 3377.05 24 0 0 
78 61 14 3571.54 453.941 2117.6 3372.17 24 0 0 
78 62 14 3567.15 458.772 2108.38 3367.78 24 0 0 
80 63 14 3488.54 443.651 2044.89 3091.81 24 0 0 
81 64 14 3488.54 444.624 2043.92 3091.81 24 0 0 
97 77 14 3411.03 378.299 2032.73 2698.32 21 0 0 
109 87 14 3354.74 331.746 2022.99 2282.92 19 0 0 
110 87 14 3351.05 331.746 2019.3 2303.76 19 0 0 
110 88 14 3293.03 336.507 1956.52 2107.8 19 0 0 
133 107 14 3319.13 369.895 1949.23 1885.78 17 0 0 
134 108 14 3317.93 377.563 1940.37 1902.56 17 0 0 
143 115 14 3299.2 371.433 1927.76 1820.3 17 0 0 
147 118 14 3296.09 369.895 1926.19 1847.22 17 0 0 
155 125 14 3288.27 381.396 1906.88 1789.68 17 0 0 
183 149 14 3259.65 359.455 1900.2 1585.45 15 0 0 
237 194 14 3250.08 350.196 1899.88 1532.09 12 0 0 
241 198 14 3238.78 346.521 1892.26 1398.11 12 0 0 
243 199 14 3237.76 350.196 1887.57 1397.09 12 0 0 
267 219 14 3235.76 352.162 1883.6 1277.99 11 0 0 
277 227 14 3205.01 334.416 1870.59 1292.71 11 0 0 
278 228 14 3137.83 327.982 1809.85 956.12 11 0 0 
279 229 14 3117.93 327.982 1789.95 1015.21 11 0 0 
281 230 14 3117.93 328.852 1789.08 1015.21 11 0 0 
284 233 14 3118.53 337.251 1781.28 1015.21 11 0 0 
303 250 14 3106.43 326.172 1780.25 1012.33 11 0 0 
346 287 14 3118.06 339.923 1778.13 994.559 10 0 0 
362 302 14 3117.8 360.287 1757.51 945.783 10 0 0 
371 310 14 3120.5 365.451 1755.05 935.152 10 0 0 
371 310 14 3119.62 364.762 1754.85 934.269 10 0 0 
372 310 14 3119.23 364.762 1754.47 946.071 10 0 0 
376 314 14 3119.62 366.435 1753.18 934.269 10 0 0 
377 315 14 3119.23 366.435 1752.79 946.071 10 0 0 
381 318 14 3116.94 364.87 1752.07 956.702 10 0 0 
448 377 14 3081.28 331.071 1750.21 1030.64 9 0 0 
451 379 14 3080.77 331.071 1749.69 1030.64 9 0 0 
490 414 14 3065.88 325.796 1740.09 875.982 9 0 0 
597 505 14 3066.97 328.488 1738.48 922.872 9 0 0 
600 508 14 3065.81 328.488 1737.32 922.872 9 0 0 
606 514 14 3063.36 329.462 1733.89 922.872 9 0 0 
627 531 14 3059.06 326.335 1732.73 922.872 9 0 0 
627 532 14 3058.18 325.646 1732.53 921.988 9 0 0 
629 533 14 3059.06 327.309 1731.75 922.872 9 0 0 
640 542 14 3057.9 330.557 1727.34 922.872 9 0 0 
1711 1477 14 3068.37 342.063 1726.31 1023.8 9 0 0 
1711 1477 14 3068.37 342.065 1726.31 1023.8 9 0 0 
1712 1478 14 3059.22 335.517 1723.7 930.676 9 0 0 
1722 1486 14 3058.79 342.063 1716.73 912.198 9 0 0 
1722 1487 14 3050.41 342.063 1708.35 761.8 9 0 0 
1761 1521 14 3049.09 341.92 1707.17 791.601 9 0 0 
1762 1522 14 3064.08 357.366 1706.71 853.423 9 0 0 
1785 1544 14 3038.7 339.03 1699.67 720.495 9 0 0 
1801 1557 14 3034.98 339.027 1695.95 680.047 9 0 0 
1855 1605 14 3034.98 339.146 1695.83 680.047 9 0 0 
2132 1847 14 3017.73 322.708 1695.02 820.626 9 0 0 
2132 1848 14 3017.73 322.71 1695.01 820.626 9 0 0 
2134 1849 14 3016.81 322.71 1694.1 809.715 9 0 0 
2137 1852 14 3018.16 327.954 1690.21 840.163 9 0 0 
2471 2139 14 3010.22 321.075 1689.14 664.1 9 0 0 
2482 2149 14 3039.33 351.105 1688.23 727.275 9 0 0 
2488 2154 14 3039.33 357.539 1681.79 727.275 9 0 0 
3970 3455 14 3024.2 345.703 1678.5 760.847 8 0 0 
3971 3455 14 3024.09 346.821 1677.27 760.847 8 0 0 
4006 3486 14 3017.08 341.314 1675.76 749.504 8 0 0 
4094 3564 14 3012.96 338.34 1674.62 732.888 8 0 0 
4097 3566 14 3012.96 342.272 1670.69 732.888 8 0 0 
4106 3574 14 3012.96 342.667 1670.29 732.888 8 0 0 
4129 3595 14 3012.96 343.537 1669.42 732.888 8 0 0 
4131 3596 14 3029.39 363.874 1665.52 759.875 8 0 0 
4132 3597 14 3029.39 364.745 1664.64 759.875 8 0 0 
4152 3615 14 3029.39 365.088 1664.3 759.875 8 0 0 
4187 3646 14 3016.67 356.413 1660.26 732.888 8 0 0 
4190 3649 14 3016.67 358.566 1658.11 732.888 8 0 0 
4246 3699 14 3011.64 357.338 1654.3 711.997 8 0 0 
4250 3701 14 3011.64 358.566 1653.08 711.997 8 0 0 
4253 3704 14 3006.21 359.746 1646.46 691.08 8 0 0 
5189 4516 14 2958.59 313.866 1644.72 399.148 7 0 0 
5190 4517 14 2964.75 321.264 1643.49 415.318 7 0 0 
5191 4518 14 2964.75 323.417 1641.34 415.318 7 0 0 
5263 4580 14 2974.31 335.084 1639.22 399.754 7 0 0 
5282 4596 14 2970.13 331.676 1638.46 437.029 7 0 0 
5283 4596 14 2972.01 336.058 1635.95 399.754 7 0 0 
5286 4599 14 2969.84 336.058 1633.78 389.754 7 0 0 
5288 4602 14 2969.84 336.929 1632.91 389.754 7 0 0 
5291 4604 14 2972.07 341.007 1631.06 410.148 7 0 0 
5295 4607 14 2968.16 338.897 1629.26 399.465 7 0 0 
