0 0 14 6647.05 1029.3 4617.74 30090.4 91 268 3 
0 0 14 5582.97 691.623 3891.35 17299.4 61 58 3 
3 1 14 5056.95 467.613 3589.34 12753.6 54 26 1 
5 2 14 4997.08 439.528 3557.55 12185.1 53 23 1 
14 10 14 4450.06 546.858 2903.21 9287.53 46 7 1 
15 10 14 4442.27 546.858 2895.41 9187.46 46 2 1 
15 11 14 4454.05 569.023 2885.03 9264.89 46 2 1 
16 11 14 4420.62 540.858 2879.76 8826.59 45 2 1 
16 11 14 4398.36 540.858 2857.51 8595.48 45 2 1 
17 12 14 4383.78 540.858 2842.92 8517.33 45 2 1 
17 12 14 4186 485.944 2700.05 8825.93 45 2 1 
20 14 14 4157.89 475.903 2681.99 8471.74 45 2 1 
21 15 14 4129.13 475.903 2653.22 8439.42 45 2 1 
22 16 14 4025.32 379.249 2646.07 5943.04 42 0 0 
22 16 14 3945.44 379.108 2566.34 5717.67 41 0 0 
24 17 14 3870.21 368.873 2501.34 5488.15 40 0 0 
26 19 14 3870.21 375.887 2494.32 5488.15 40 0 0 
27 20 14 3847.64 425.629 2422.01 4903.28 39 0 0 
27 20 14 3843.55 424.456 2419.1 4884.4 38 0 0 
27 20 14 3843.55 428.259 2415.29 4884.4 38 0 0 
29 21 14 3853.55 439.034 2414.52 4966.75 38 0 0 
29 21 14 3836.69 431.09 2405.6 4884.4 38 0 0 
30 21 14 3867.68 463.768 2403.91 4700.12 38 0 0 
30 22 14 3852.59 463.768 2388.82 4683.13 38 0 0 
33 24 14 3797.46 420.854 2376.6 4348.12 37 0 0 
33 24 14 3797.15 420.854 2376.3 4381.2 37 0 0 
33 24 14 3734.16 370.667 2363.49 4254.7 34 0 0 
34 24 14 3714.18 354.196 2359.98 4110.75 32 0 0 
34 24 14 3614.78 366.128 2248.65 3831.52 31 0 0 
35 25 14 3602.02 364.803 2237.22 3684.61 31 0 0 
35 26 14 3588.55 364.803 2223.74 3649.66 30 0 0 
38 28 14 3578.45 358.185 2220.27 3529.19 29 0 0 
38 28 14 3575.68 358.185 2217.5 3524.55 29 0 0 
38 28 14 3522.09 342.243 2179.85 3273.9 29 0 0 
40 29 14 3459.91 343.553 2116.36 2939.55 29 0 0 
41 30 14 3435.12 330.757 2104.37 2792.49 28 0 0 
47 34 14 3432.61 330.752 2101.86 2759.41 27 0 0 
47 35 14 3420.67 329.447 2091.23 2743.28 27 0 0 
48 36 14 3420.79 332.729 2088.06 2770.55 27 0 0 
49 36 14 3420.12 353.569 2066.55 2727.63 27 0 0 
49 36 14 3396.9 338.665 2058.23 2504.51 26 0 0 
55 41 14 3367.57 318.259 2049.31 2242.96 26 0 0 
56 42 14 3325.97 319.391 2006.58 2168.24 24 0 0 
58 44 14 3316.34 324.475 1991.87 2164.14 23 0 0 
60 46 14 3311.27 324.475 1986.79 2163.47 23 0 0 
61 46 14 3303.87 325.855 1978.02 1982.98 23 0 0 
63 48 14 3301.47 327.161 1974.31 1980.58 23 0 0 
63 48 14 3294.77 325.855 1968.91 1941.09 23 0 0 
74 57 14 3299.82 336.407 1963.41 2043.37 22 0 0 
74 57 14 3284.88 344.571 1940.31 1959.46 21 0 0 
74 57 14 3282.48 345.877 1936.6 1957.06 21 0 0 
75 58 14 3273.62 345.877 1927.74 1931.8 21 0 0 
78 61 14 3279.36 352.694 1926.67 1959.75 21 0 0 
79 61 14 3257.77 345.702 1912.07 1921.93 21 0 0 
80 62 14 3250.64 350.14 1900.5 1926.74 21 0 0 
87 68 14 3255.61 356.843 1898.77 1931.3 21 0 0 
94 74 14 3255.13 356.843 1898.29 2039.66 21 0 0 
96 75 14 3255.13 359.574 1895.55 2039.66 21 0 0 
96 75 14 3244.8 351.568 1893.23 1997.8 21 0 0 
100 79 14 3234.25 368.056 1866.2 1966.17 21 0 0 
120 96 14 3234.23 368.056 1866.17 1976.19 21 0 0 
182 148 14 3196.12 336.665 1859.45 1930.67 19 0 0 
183 148 14 3201.08 348.665 1852.41 1656.21 19 0 0 
186 151 14 3178.77 340.124 1838.65 1568.78 19 0 0 
186 151 14 3155.71 335.551 1820.16 1448.08 18 0 0 
188 153 14 3155.21 335.551 1819.66 1451.75 18 0 0 
189 153 14 3163.52 347.203 1816.32 1516.75 18 0 0 
190 154 14 3162.35 350.203 1812.15 1515.58 18 0 0 
231 187 14 3126.38 316.046 1810.34 894.348 13 0 0 
231 188 14 3121.38 322.814 1798.57 889.348 13 0 0 
268 218 14 3099.35 303.614 1795.74 892.9 12 0 0 
287 234 14 3107.63 323.361 1784.27 832.323 12 0 0 
287 234 14 3091.28 322.672 1768.61 811.204 12 0 0 
287 234 14 3091.63 323.361 1768.27 811.204 12 0 0 
292 238 14 3095.95 328.684 1767.27 823.226 12 0 0 
293 239 14 3096.3 329.373 1766.93 823.226 12 0 0 
297 242 14 3097.34 338.286 1759.05 824.611 12 0 0 
297 243 14 3097.68 338.975 1758.71 824.611 12 0 0 
306 251 14 3097.34 341.72 1755.62 824.611 12 0 0 
308 252 14 3097.34 341.748 1755.59 824.611 12 0 0 
320 262 14 3088.7 338.286 1750.41 783.145 12 0 0 
320 262 14 3089.04 338.975 1750.07 783.145 12 0 0 
322 264 14 3089.04 349.589 1739.45 783.145 12 0 0 
324 266 14 3089.04 353.051 1735.99 783.145 12 0 0 
461 384 14 3091.18 363.985 1727.19 793.404 12 0 0 
463 386 14 3090.8 363.985 1726.82 793.404 12 0 0 
471 394 14 3081.44 363.985 1717.46 788.214 12 0 0 
488 407 14 3079.05 363.581 1715.47 788.214 12 0 0 
496 414 14 3052.21 348.612 1703.6 747.408 12 0 0 
500 418 14 3048.29 348.612 1699.67 770.25 12 0 0 
502 420 14 3040.8 342.339 1698.46 755.971 11 0 0 
506 423 14 3038.58 342.339 1696.24 759.018 11 0 0 
511 427 14 3050.17 358.138 1692.03 770.608 11 0 0 
534 447 14 3059.99 374.514 1685.48 732.225 11 0 0 
711 601 14 3033 360.266 1672.74 748.221 11 0 0 
717 606 14 3026.51 355.265 1671.24 743.818 11 0 0 
720 609 14 3042.91 376.556 1666.36 742.566 11 0 0 
873 740 14 3041.86 375.661 1666.2 701.936 10 0 0 
873 740 14 3041.86 376.004 1665.86 701.936 10 0 0 
874 741 14 3042.85 379.761 1663.09 711.647 10 0 0 
891 756 14 3045.37 393.103 1652.26 813.558 10 0 0 
894 758 14 3038.49 393.075 1645.41 827.01 10 0 0 
896 761 14 3038.49 393.103 1645.38 827.01 10 0 0 
950 807 14 3036.79 398.718 1638.07 823.61 10 0 0 
958 814 14 3036.15 398.718 1637.43 786.815 10 0 0 
975 829 14 3039.35 404.61 1634.74 823.61 10 0 0 
1004 855 14 3039.35 408.828 1630.52 823.61 10 0 0 
