0 0 14 6742.87 882.828 4860.04 42021.8 94 401 4 
3 0 14 5308.5 578.171 3730.33 20554.7 54 168 3 
3 1 14 5278.75 586.874 3691.88 20406.3 54 168 3 
4 1 14 5114.36 473.738 3640.62 17665.2 52 126 2 
4 1 14 5081.79 455.796 3625.99 17268.7 52 109 2 
4 2 14 5051.12 455.796 3595.32 17064.7 52 109 2 
5 3 14 5051.12 463.613 3587.5 17056.8 52 109 2 
6 3 14 4905.36 446.31 3459.05 16191.5 48 108 3 
6 3 14 4810.47 445.945 3364.53 15653.1 47 98 2 
7 4 14 4802.58 445.867 3356.71 15653.1 47 98 2 
7 4 14 4799.65 455.33 3344.32 13770.7 46 70 1 
14 9 14 4620.65 373.451 3247.2 12234 44 66 3 
18 13 14 4355.68 552.696 2802.99 11297.3 43 64 1 
18 13 14 4280.46 552.696 2727.77 10052.2 42 48 2 
20 14 14 4136.16 439.693 2696.47 8064.63 42 32 1 
21 15 14 4084.05 417.375 2666.68 7334.73 39 32 1 
22 15 14 4081.77 417.375 2664.39 7392.35 39 32 1 
22 16 14 4065.25 442.344 2622.9 6867.73 38 32 1 
23 16 14 4073.33 454.126 2619.21 7750.34 37 32 1 
24 17 14 3961.35 410.128 2551.23 6799.09 36 22 1 
24 18 14 3946.75 399.589 2547.16 6769.88 36 22 1 
25 18 14 3947.21 405.726 2541.49 6779.06 36 22 1 
25 18 14 3920.62 421.975 2498.64 6745.68 36 22 1 
64 49 14 3852.47 367.832 2484.64 5787.96 26 0 0 
78 61 14 3827.23 369.889 2457.34 5155.19 25 0 0 
90 70 14 3802.86 355.347 2447.51 4893.2 24 0 0 
91 71 14 3689.34 351.911 2337.43 4198.22 24 0 0 
106 83 14 3706.72 369.548 2337.17 4494.74 23 0 0 
110 86 14 3713.71 377.066 2336.64 4494.74 23 0 0 
111 87 14 3673.76 365.012 2308.75 4239.43 23 0 0 
111 88 14 3684.59 377.066 2307.53 4282.75 23 0 0 
111 88 14 3560.11 365.012 2195.1 3487.09 23 0 0 
111 88 14 3570.94 377.066 2193.87 3530.41 23 0 0 
112 89 14 3567.38 377.066 2190.32 3516.18 23 0 0 
122 97 14 3531.9 364.351 2167.55 2969.38 21 0 0 
123 98 14 3531.9 404.793 2127.11 2969.38 21 0 0 
135 109 14 3502.32 397.536 2104.78 3203.81 18 0 0 
138 112 14 3477.29 376.993 2100.3 2904.59 17 0 0 
139 112 14 3472.68 373.284 2099.39 2904.59 17 0 0 
139 112 14 3460.72 369.284 2091.43 2694.32 17 0 0 
140 113 14 3477.29 388.03 2089.26 2904.59 17 0 0 
140 113 14 3470.32 388.03 2082.29 2867.89 17 0 0 
142 115 14 3430.16 388.03 2042.13 2679.27 17 0 0 
145 117 14 3425.55 384.321 2041.23 2679.27 17 0 0 
166 135 14 3425.47 389.49 2035.98 2679.27 17 0 0 
176 144 14 3433.17 397.524 2035.65 2350.01 17 0 0 
181 148 14 3424.96 389.49 2035.47 2679.27 17 0 0 
201 166 14 3419.24 389.49 2029.75 2769.89 17 0 0 
203 167 14 3403.66 380.806 2022.86 2548.42 17 0 0 
228 189 14 3378.45 363.617 2014.83 2357.22 17 0 0 
229 189 14 3378.45 366.734 2011.72 2357.22 17 0 0 
231 191 14 3378.45 370.529 2007.92 2357.22 17 0 0 
232 191 14 3378.28 377.337 2000.94 2350.57 17 0 0 
238 197 14 3378.28 377.589 2000.69 2350.57 17 0 0 
304 254 14 3327.99 340.166 1987.83 1795.95 15 0 0 
335 281 14 3308.48 338.459 1970.02 1934.72 15 0 0 
347 291 14 3308.48 341.576 1966.9 1934.72 15 0 0 
423 358 14 3326.84 360.14 1966.7 2083.35 14 0 0 
426 360 14 3326.06 367.173 1958.89 2081.02 14 0 0 
433 366 14 3337.23 380.908 1956.32 2081.02 14 0 0 
435 369 14 3328.03 373.818 1954.22 2120.52 14 0 0 
436 369 14 3317.59 373.818 1943.78 2046.88 14 0 0 
440 374 14 3317.5 379.251 1938.25 2040.4 14 0 0 
442 375 14 3314.46 379.251 1935.21 2045.72 14 0 0 
566 479 14 3264.52 333.442 1931.07 1392.81 12 0 0 
572 485 14 3274.53 348.047 1926.48 1392.81 12 0 0 
575 488 14 3274.51 348.047 1926.46 1420.66 12 0 0 
580 492 14 3273.37 348.047 1925.32 1392.81 12 0 0 
582 494 14 3264.81 348.047 1916.76 1375.7 12 0 0 
727 622 14 3263.83 347.216 1916.61 1149.98 10 0 0 
731 625 14 3252.16 357.646 1894.51 1320.06 10 0 0 
741 634 14 3185.87 297.509 1888.36 1002.01 10 0 0 
814 700 14 3207.74 346.481 1861.26 1123.1 10 0 0 
842 725 14 3216.67 355.575 1861.09 1123.1 10 0 0 
843 725 14 3216.67 355.918 1860.75 1123.1 10 0 0 
853 734 14 3187.91 350.135 1837.77 1059.62 10 0 0 
937 807 14 3225.1 389.494 1835.61 1124.33 10 0 0 
938 808 14 3225.1 390.365 1834.74 1124.33 10 0 0 
965 832 14 3187.3 361.087 1826.21 1106.58 10 0 0 
1027 887 14 3205.97 395.179 1810.79 1112.8 10 0 0 
1036 896 14 3215.97 409.784 1806.19 1112.8 10 0 0 
1041 900 14 3191.47 395.179 1796.29 1310.39 10 0 0 
