0 0 14 6448.85 839.484 4609.36 39808.1 91 474 3 
2 0 14 5417.13 628.207 3788.92 15139.5 58 55 2 
7 3 14 4823.47 381.849 3441.62 13160.6 50 49 2 
9 5 14 4550.87 406.564 3144.31 10525.1 44 47 2 
9 5 14 4477.19 437.343 3039.85 9957 44 47 2 
10 6 14 4437.09 437.343 2999.75 9559.16 44 7 2 
27 18 14 4390.51 397.141 2993.37 8009.75 40 4 1 
29 20 14 4318.3 433.544 2884.76 7818.35 40 0 0 
32 22 14 4300.84 432.688 2868.16 8219.69 38 0 0 
33 24 14 4258.22 429.985 2828.23 8026.96 38 0 0 
35 25 14 4291.03 511.873 2779.16 7957.03 38 0 0 
38 27 14 4291.03 520.222 2770.81 7957.03 38 0 0 
45 32 14 4129.16 397.297 2731.87 7752.81 37 0 0 
45 32 14 4118.73 397.297 2721.44 7430.06 37 0 0 
49 35 14 4114.61 394.407 2720.21 7425.94 37 0 0 
51 36 14 4002.44 404.082 2598.36 6081.16 36 0 0 
57 41 14 3924.23 393.52 2530.71 6205.31 36 0 0 
58 42 14 3899.19 432.026 2467.16 6258.02 36 0 0 
60 43 14 3870.48 439.833 2430.65 5295.43 35 0 0 
85 62 14 3765.54 460.268 2305.27 4736.04 33 0 0 
85 62 14 3701.2 444.616 2256.59 4366.24 33 0 0 
87 64 14 3659.56 457.574 2201.99 4052.6 32 0 0 
100 73 14 3707.58 525.893 2181.69 4230.3 31 0 0 
107 78 14 3576.68 474.909 2101.77 3540.55 30 0 0 
109 80 14 3510.74 475.25 2035.49 3219.13 29 0 0 
112 82 14 3489.3 475.25 2014.04 3195.68 29 0 0 
114 83 14 3481.89 475.25 2006.64 3173.48 29 0 0 
121 88 14 3435.45 472.94 1962.51 3063.69 28 0 0 
159 116 14 3291.79 361.588 1930.2 1925.82 20 0 0 
159 116 14 3275.21 367.203 1908.01 1980.08 20 0 0 
160 117 14 3265.85 367.203 1898.64 1874.11 20 0 0 
160 117 14 3227.35 347.205 1880.14 1638.89 20 0 0 
163 120 14 3223.91 345.731 1878.18 1602 19 0 0 
166 122 14 3220.43 346.867 1873.56 1577.44 18 0 0 
167 122 14 3197.53 333.678 1863.86 1521.96 18 0 0 
168 123 14 3197.53 336.366 1861.17 1521.96 18 0 0 
170 124 14 3165.85 338.042 1827.8 1043.84 18 0 0 
504 373 14 3084.87 259.082 1825.79 689.59 7 0 0 
521 385 14 3074 254.579 1819.42 696.107 7 0 0 
547 405 14 3072.55 254.579 1817.97 696.107 7 0 0 
624 463 14 3059.38 242.711 1816.67 657.505 7 0 0 
693 514 14 3024.12 228.146 1795.97 419.13 6 0 0 
694 514 14 3024.12 229.71 1794.41 419.13 6 0 0 
709 525 14 3022.6 229.71 1792.89 419.13 6 0 0 
719 532 14 3021.12 229.71 1791.41 425.746 6 0 0 
721 534 14 3015.7 229.71 1785.99 419.13 6 0 0 
2683 1972 14 3050.56 266.721 1783.84 386.526 5 0 0 
2752 2023 14 3048.46 267.452 1781.01 375.196 5 0 0 
2774 2040 14 3048.46 268.576 1779.89 375.196 5 0 0 
2786 2049 14 3048.46 270.14 1778.32 375.196 5 0 0 
2995 2205 14 3062.6 285.083 1777.52 367.975 5 0 0 
3075 2264 14 3071.04 305.592 1765.44 374.591 5 0 0 
3129 2304 14 3046.42 300.38 1746.05 367.975 5 0 0 
3218 2370 14 3066.29 324.15 1742.14 377.976 5 0 0 
3221 2372 14 3066.29 325.33 1740.96 377.976 5 0 0 
3263 2405 14 3061.61 330.135 1731.48 377.789 5 0 0 
3264 2405 14 3061.8 336.273 1725.53 377.976 5 0 0 
3863 2851 14 3007.11 281.673 1725.43 336.734 4 0 0 
3864 2852 14 3002.37 282.844 1719.53 331.999 4 0 0 
4211 3111 14 2974.52 256.509 1718.01 214.874 3 0 0 
4245 3136 14 2975.91 258.169 1717.74 214.874 3 0 0 
4259 3146 14 2975.91 258.998 1716.91 214.874 3 0 0 
4308 3183 14 2975.91 259.34 1716.57 214.874 3 0 0 
4321 3192 14 2967.9 253.371 1714.53 214.874 3 0 0 
4465 3300 14 2968.78 257.98 1710.8 214.874 3 0 0 
4476 3309 14 2963.23 253.706 1709.52 198.657 3 0 0 
4576 3385 14 2967.14 258.052 1709.09 201.025 3 0 0 
4591 3396 14 2964.13 259.766 1704.37 201.025 3 0 0 
4591 3396 14 2961.9 259.766 1702.13 244.743 3 0 0 
4610 3410 14 2961.9 260.937 1700.96 244.743 3 0 0 
4630 3425 14 2961.9 267.708 1694.19 244.743 3 0 0 
4645 3436 14 2960.74 267.708 1693.03 244.743 3 0 0 
4766 3527 14 2951.54 260.2 1691.34 237.334 3 0 0 
4815 3562 14 2955.87 275.033 1680.84 237.334 3 0 0 
4828 3571 14 2959.29 278.557 1680.73 241.269 3 0 0 
4831 3574 14 2959.99 284.695 1675.3 241.456 3 0 0 
4843 3582 14 2959.99 285.875 1674.12 241.456 3 0 0 
4857 3593 14 2955.66 285.875 1669.79 241.456 3 0 0 
4864 3598 14 2951.54 282.984 1668.56 237.334 3 0 0 
5025 3717 14 2951.54 286.779 1664.76 237.334 3 0 0 
5158 3817 14 2947.97 284.894 1663.07 241.456 3 0 0 
5182 3835 14 2943.5 281.314 1662.18 237.334 3 0 0 
5186 3837 14 2943.5 282.494 1661 237.334 3 0 0 
5218 3860 14 2944.66 286.289 1658.37 237.334 3 0 0 
