0 0 14 6478.28 869.336 4608.94 27728.1 96 266 4 
3 0 14 4900.14 432.919 3467.22 14757.3 48 178 3 
4 1 14 4854.3 425.935 3428.37 13413.5 47 163 2 
5 2 14 4798.27 448.374 3349.89 12209.3 47 137 2 
6 2 14 4795 448.374 3346.63 12143.6 47 127 2 
7 3 14 4770.71 458.509 3312.21 11535.5 47 125 2 
8 4 14 4765.44 550.643 3214.8 11771.5 47 125 2 
9 5 14 4694.05 522.963 3171.09 11469.2 47 125 2 
9 5 14 4596.55 448.429 3148.12 11564 44 103 2 
9 5 14 4585.58 445.347 3140.23 11564 44 103 2 
9 5 14 4500.83 490.668 3010.17 10829.2 44 103 2 
10 6 14 4471.34 479.717 2991.63 10392.8 44 103 2 
12 7 14 4343.83 374.68 2969.15 9842.87 42 27 2 
13 8 14 4331.04 378.66 2952.38 9964.41 42 27 2 
13 8 14 4330.99 378.66 2952.33 9906.06 42 27 2 
15 10 14 4274.19 421.255 2852.94 8400.15 41 12 1 
21 13 14 4204.55 411.38 2793.17 7220.8 41 0 0 
44 29 14 4106.06 459.801 2646.26 6678.33 35 0 0 
44 30 14 4070.1 425.981 2644.12 6572.42 34 0 0 
44 30 14 4057.71 415.181 2642.53 6366.79 33 0 0 
44 30 14 4052.46 419.782 2632.68 6340.73 33 0 0 
45 31 14 4017.71 415.181 2602.53 5964.89 33 0 0 
49 33 14 4022.11 419.782 2602.33 6274.2 33 0 0 
49 33 14 4017.35 419.782 2597.57 6295.62 33 0 0 
49 33 14 3911.3 428.808 2482.5 5405.17 32 0 0 
50 34 14 3867.15 424.394 2442.75 5008.19 31 0 0 
50 34 14 3823.71 431.75 2391.96 4961.04 31 0 0 
56 38 14 3690.42 367.65 2322.77 4362.06 28 0 0 
59 40 14 3694.23 371.523 2322.71 4384.94 28 0 0 
68 46 14 3685.28 420.402 2264.88 3842.25 26 0 0 
68 46 14 3662.7 415.051 2247.65 3743.65 26 0 0 
68 46 14 3662.7 418.77 2243.93 3743.65 26 0 0 
73 50 14 3652.53 430.433 2222.09 3612.85 24 0 0 
77 52 14 3627.33 409.568 2217.76 3444.24 24 0 0 
78 53 14 3620.19 405.357 2214.83 3637.82 24 0 0 
81 55 14 3593.61 405.357 2188.25 3689.32 24 0 0 
81 55 14 3575.07 405.357 2169.71 3566.16 24 0 0 
87 59 14 3521.07 361.953 2159.11 3201.59 24 0 0 
88 60 14 3522.89 364.619 2158.27 3304.49 24 0 0 
88 60 14 3511.34 361.166 2150.18 3296.98 24 0 0 
98 67 14 3515.68 377.384 2138.3 2853.25 22 0 0 
100 68 14 3507.63 377.384 2130.25 2850.32 22 0 0 
100 68 14 3505.83 377.384 2128.44 2837.92 22 0 0 
102 70 14 3442.94 339.669 2103.27 2726.65 20 0 0 
104 71 14 3437.1 339.443 2097.66 2684.71 20 0 0 
105 72 14 3417.52 339.443 2078.08 2435.45 20 0 0 
107 74 14 3362.43 310.319 2052.11 2331.57 19 0 0 
110 75 14 3330.33 322.691 2007.64 2256.99 18 0 0 
111 76 14 3339.47 351.815 1987.66 2260.04 18 0 0 
121 83 14 3288.74 304.971 1983.77 2040.12 17 0 0 
131 90 14 3287.59 304.038 1983.55 2005.82 17 0 0 
131 90 14 3291.97 342.474 1949.49 2164.27 17 0 0 
150 104 14 3279.48 356.357 1923.12 1848.57 17 0 0 
153 106 14 3277.66 356.357 1921.3 1746.74 17 0 0 
156 108 14 3277.24 388.055 1889.18 1804.88 17 0 0 
290 203 14 3175.17 286.23 1888.94 1657.21 15 0 0 
295 207 14 3137.21 258.156 1879.05 1440.27 14 0 0 
317 222 14 3120.87 262.455 1858.42 1345.28 13 0 0 
326 229 14 3141.59 284.685 1856.9 1338.83 13 0 0 
327 229 14 3141.59 287.992 1853.59 1338.83 13 0 0 
333 234 14 3078.36 275.965 1802.39 1046.76 11 0 0 
334 235 14 3069.24 276.698 1792.55 1081.74 11 0 0 
342 240 14 3064.49 276.322 1788.17 1000.44 10 0 0 
345 242 14 3084.65 297.096 1787.55 1000.44 10 0 0 
345 243 14 3046.1 275.096 1771 941.86 10 0 0 
347 244 14 3044.93 275.096 1769.83 940.689 10 0 0 
348 245 14 3052.61 295.189 1757.42 940.689 10 0 0 
350 246 14 3038.45 293.535 1744.92 940.689 10 0 0 
353 248 14 3034.52 293.535 1740.99 940.689 10 0 0 
453 319 14 3040.35 311.234 1729.12 951.043 9 0 0 
453 319 14 3039.15 311.234 1727.91 948.634 9 0 0 
591 418 14 3044.21 320.541 1723.67 702.324 9 0 0 
645 457 14 3041.84 319.28 1722.56 698.744 9 0 0 
649 460 14 3030.95 308.864 1722.08 918.745 9 0 0 
651 462 14 3030.95 308.882 1722.07 918.745 9 0 0 
654 464 14 3030.95 309.734 1721.21 918.745 9 0 0 
816 582 14 3042.21 321.497 1720.71 842.229 8 0 0 
828 591 14 3037.72 323.243 1714.48 851.67 8 0 0 
829 591 14 3038.16 324.402 1713.76 851.67 8 0 0 
830 592 14 3033.66 323.243 1710.42 851.67 8 0 0 
871 622 14 2979.69 276.794 1702.89 733.57 7 0 0 
985 705 14 3041.75 339.622 1702.13 591.419 7 0 0 
988 707 14 3039.62 340.09 1699.53 707 7 0 0 
990 708 14 3038.44 340.09 1698.35 707 7 0 0 
1382 987 14 2997.13 301.107 1696.03 662.339 6 0 0 
1462 1044 14 2992.26 296.926 1695.33 669.102 6 0 0 
1518 1084 14 2992.68 301.107 1691.58 550.703 6 0 0 
1519 1085 14 2992.68 301.933 1690.75 550.703 6 0 0 
1582 1131 14 2992.68 302.803 1689.88 550.703 6 0 0 
1646 1177 14 2992.68 312.254 1680.43 550.703 6 0 0 
1659 1186 14 3001.02 326.905 1674.11 477.617 6 0 0 
1666 1191 14 3001.02 327.374 1673.64 477.617 6 0 0 
2145 1536 14 2954.55 281.385 1673.16 263.798 5 0 0 
2162 1549 14 2932.18 261.297 1670.88 240.297 4 0 0 
2262 1621 14 2925.91 263.349 1662.56 236.297 4 0 0 
2313 1659 14 2921.96 263.817 1658.14 236.297 4 0 0 
2313 1659 14 2907.64 250.822 1656.82 236.297 4 0 0 
2333 1673 14 2903.15 249.663 1653.48 236.297 4 0 0 
2441 1750 14 2944.39 291.704 1652.69 267.198 3 0 0 
2520 1807 14 2946.03 293.964 1652.07 268.423 3 0 0 
2534 1817 14 2943.07 293.964 1649.1 253.737 3 0 0 
2546 1826 14 2939.18 292.847 1646.33 249.849 3 0 0 
2562 1836 14 2952.33 307.482 1644.84 252.512 3 0 0 
2816 2018 14 2933.3 289.369 1643.93 248.277 3 0 0 
2848 2041 14 2933.3 290.24 1643.06 248.277 3 0 0 
