0 0 14 6397.97 718.741 4679.23 24807.1 91 136 2 
3 1 14 5269.77 490.054 3779.72 18204.9 59 124 2 
4 1 14 5139.55 426.37 3713.18 17681.5 57 116 2 
5 2 14 5139.55 426.417 3713.14 17681.5 57 116 2 
8 4 14 4759.33 607.106 3152.23 11835.7 47 91 2 
9 5 14 4621.37 605.842 3015.53 10111.7 47 80 1 
12 8 14 4621.37 605.93 3015.44 10111.7 47 80 1 
14 9 14 4604.55 605.93 2998.62 10067.5 47 80 1 
18 12 14 4384.33 591.189 2793.14 10846.7 47 59 3 
21 14 14 4267.08 587.686 2679.4 9657.11 47 57 2 
24 17 14 4210.31 650.7 2559.61 7403.56 45 47 2 
24 17 14 4196.38 650.7 2545.68 7333.47 45 47 2 
25 18 14 4197.53 655.893 2541.64 7375.84 45 47 2 
27 19 14 4100.75 559.364 2541.39 6596.86 45 11 2 
49 36 14 3862.68 521.83 2340.85 6308.11 33 6 1 
49 36 14 3809.86 497.742 2312.12 5891.19 31 6 1 
49 36 14 3752.45 497.742 2254.7 5477.53 31 3 1 
60 45 14 3747.24 497.392 2249.85 4649 29 0 0 
60 45 14 3730.6 502.714 2227.89 4601.38 28 0 0 
63 47 14 3706.89 501.802 2205.09 4339.96 28 0 0 
63 47 14 3637.06 446.31 2190.75 4035.25 26 0 0 
64 48 14 3653.86 500.15 2153.71 4146.14 26 0 0 
64 48 14 3653.86 501.039 2152.82 4146.14 26 0 0 
68 51 14 3528.19 410.634 2117.55 3083.03 24 0 0 
69 52 14 3524.61 442.667 2081.94 3791.8 23 0 0 
69 52 14 3500.93 442.667 2058.26 3737.27 23 0 0 
69 52 14 3467.06 421.914 2045.14 3311.31 22 0 0 
104 79 14 3451.35 430.692 2020.66 3339.43 18 0 0 
118 90 14 3390.86 394.585 1996.28 2919.09 18 0 0 
119 90 14 3390.86 395.475 1995.39 2919.09 18 0 0 
125 95 14 3386.66 410.153 1976.51 2870.74 18 0 0 
127 96 14 3373.88 409.264 1964.62 2836.88 18 0 0 
127 96 14 3373.88 410.153 1963.73 2836.88 18 0 0 
128 97 14 3356.58 407.607 1948.97 2836.88 18 0 0 
129 98 14 3348.97 403.762 1945.21 2836.88 18 0 0 
129 98 14 3348.94 406.718 1942.22 2764.8 18 0 0 
130 99 14 3348.94 407.607 1941.33 2764.8 18 0 0 
130 99 14 3347.22 407.607 1939.61 2741.53 18 0 0 
131 99 14 3350.63 411.959 1938.67 2764.8 18 0 0 
131 99 14 3323.81 397.209 1926.6 2626.72 18 0 0 
137 104 14 3308.1 385.124 1922.98 2758.48 17 0 0 
149 114 14 3291.18 371.124 1920.06 2475.08 16 0 0 
151 116 14 3278.33 371.124 1907.2 2452.29 16 0 0 
152 117 14 3280.16 400.738 1879.42 2452.29 16 0 0 
152 117 14 3268.18 402.406 1865.78 2449.1 16 0 0 
153 118 14 3268.18 403.295 1864.89 2449.1 16 0 0 
154 119 14 3268.86 404.519 1864.34 2452.5 16 0 0 
174 135 14 3259.66 396.913 1862.75 2419.98 15 0 0 
176 136 14 3259.66 402.852 1856.81 2419.98 15 0 0 
177 137 14 3259.66 403.648 1856.01 2419.98 15 0 0 
182 142 14 3242.38 403.648 1838.74 2276.94 15 0 0 
246 195 14 3225.96 404.192 1821.76 1862.92 14 0 0 
405 328 14 3181.75 376.33 1805.42 1315.84 11 0 0 
412 334 14 3139.83 376.33 1763.5 1240.55 11 0 0 
418 339 14 3138.6 376.33 1762.27 1306.77 11 0 0 
446 362 14 3110.43 377.019 1733.41 979.193 11 0 0 
451 366 14 3110.65 381.938 1728.71 966.81 11 0 0 
451 367 14 3107.58 379.026 1728.55 991.929 11 0 0 
451 367 14 3110.14 381.938 1728.2 966.81 11 0 0 
523 427 14 3077.17 357.462 1719.7 767.451 10 0 0 
528 431 14 3044.95 331.513 1713.44 722.981 9 0 0 
563 460 14 3034.77 328.586 1706.18 677.392 9 0 0 
564 461 14 3034.77 329.757 1705.01 677.392 9 0 0 
579 474 14 3035.99 345.894 1690.1 652.171 8 0 0 
609 498 14 3005.6 331.007 1674.59 582.315 8 0 0 
609 498 14 3002.95 331.007 1671.94 582.315 8 0 0 
617 505 14 3009.53 364.357 1645.17 558.652 8 0 0 
618 507 14 2994.33 361.976 1632.35 558.652 8 0 0 
3137 2634 14 2963.17 333.34 1629.83 514.354 7 0 0 
3250 2729 14 2956.19 327.342 1628.85 473.876 7 0 0 
3257 2735 14 2954.29 327.342 1626.95 457.348 7 0 0 
3279 2753 14 2955.32 333.34 1621.98 498.748 7 0 0 
3741 3144 14 2898.13 276.443 1621.69 368.649 6 0 0 
3750 3152 14 2898.13 277.614 1620.52 368.649 6 0 0 
3769 3169 14 2908.54 291.2 1617.34 456.337 6 0 0 
3779 3177 14 2908.54 292.371 1616.17 456.337 6 0 0 
3787 3183 14 2908.89 293.06 1615.83 456.337 6 0 0 
5634 4758 14 2923.33 308.684 1614.64 452.807 6 0 0 
5642 4765 14 2923.33 309.555 1613.77 452.807 6 0 0 
5871 4958 14 2923.63 311.623 1612.01 371.528 6 0 0 
