0 0 14 6675.96 830.362 4845.6 40676.7 89 357 3 
0 0 14 5851.12 736.888 4114.23 20031.4 65 152 3 
2 0 14 5278.18 484.028 3794.15 17442.5 56 132 2 
2 0 14 5243.18 496.997 3746.18 18349 54 128 3 
6 3 14 4553.87 605.802 2948.06 9678.25 46 128 4 
7 4 14 4523.35 668.206 2855.15 10570 46 65 4 
9 5 14 4475.7 667.338 2808.36 10199.2 45 62 4 
9 5 14 4426.54 683.218 2743.32 9032.53 45 28 3 
9 5 14 4390.51 660.656 2729.85 8990.08 45 28 3 
10 6 14 4303.65 588.507 2715.14 8821.07 45 28 3 
11 7 14 4283.05 577.918 2705.13 8792.58 45 28 3 
12 7 14 4414.53 709.75 2704.78 9075.66 45 28 3 
13 8 14 4257.2 644.746 2612.46 8382.06 41 24 3 
14 9 14 4259.42 664.178 2595.24 8500.26 41 13 3 
15 10 14 4167.27 580.786 2586.49 7840.6 41 3 2 
15 10 14 4090.7 585.617 2505.08 7685.88 40 3 2 
16 11 14 4041.32 572.865 2468.45 7041.02 39 2 1 
16 11 14 4020.6 562.417 2458.18 6973.18 39 2 1 
18 12 14 3963.77 527.982 2435.78 6463.41 38 2 1 
19 13 14 3958.28 527.982 2430.3 6491.62 38 2 1 
19 13 14 3888.36 527.982 2360.38 6214.47 38 2 1 
20 14 14 3887.6 528.527 2359.07 6265.07 38 2 1 
20 14 14 3856.44 540.982 2315.46 6182.55 38 2 1 
22 16 14 3685.59 429.762 2255.83 4391.98 37 0 0 
22 16 14 3683.8 429.762 2254.04 4383.04 37 0 0 
24 17 14 3690.01 449.836 2240.18 4555.9 37 0 0 
25 18 14 3713.7 476.07 2237.63 5287.77 36 0 0 
27 20 14 3611.44 425.72 2185.72 4159.38 35 0 0 
27 20 14 3576.51 401.433 2175.08 3853.04 33 0 0 
29 21 14 3557.6 472.95 2084.65 3713.53 33 0 0 
32 23 14 3492.34 418.09 2074.25 3341.5 30 0 0 
34 24 14 3488.82 418.763 2070.06 3341.5 30 0 0 
36 26 14 3429.66 390.527 2039.13 2942.58 30 0 0 
36 26 14 3413.9 389.09 2024.81 2821.12 30 0 0 
36 26 14 3412.89 400.24 2012.65 2821.12 30 0 0 
43 32 14 3399.3 459.238 1940.06 2628.81 30 0 0 
46 34 14 3384.95 459.238 1925.71 2583.54 30 0 0 
46 34 14 3375.78 460.238 1915.54 2603.94 30 0 0 
48 36 14 3375.69 463.439 1912.25 2600.57 30 0 0 
48 36 14 3382.24 471.127 1911.12 2611.5 30 0 0 
49 37 14 3371.83 463.439 1908.39 2569.07 30 0 0 
53 40 14 3375.72 473.41 1902.31 2514.65 29 0 0 
53 40 14 3366.7 473.41 1893.29 2487.38 29 0 0 
54 41 14 3368.81 478.169 1890.64 2573.9 28 0 0 
56 43 14 3364.95 478.169 1886.78 2542.4 28 0 0 
59 45 14 3360.99 478.169 1882.82 2548.79 28 0 0 
65 50 14 3370.65 488.454 1882.2 2566.05 28 0 0 
66 51 14 3364.01 483.746 1880.26 2564.35 28 0 0 
79 62 14 3335.98 472.156 1863.83 2352.11 25 0 0 
80 63 14 3332.87 472.156 1860.72 2345.79 25 0 0 
83 65 14 3329.15 472.156 1857 2314.92 25 0 0 
84 66 14 3328.64 472.156 1856.48 2314.92 25 0 0 
85 67 14 3329.21 472.994 1856.22 2302.31 25 0 0 
90 71 14 3309.72 458.392 1851.32 2366.76 24 0 0 
90 71 14 3306 458.392 1847.61 2335.89 24 0 0 
91 72 14 3308.75 464.203 1844.55 2337.24 24 0 0 
93 73 14 3312.47 471.081 1841.39 2368.12 24 0 0 
93 74 14 3310.77 477.096 1833.67 2355.86 24 0 0 
94 74 14 3307.87 477.489 1830.38 2378.76 24 0 0 
95 75 14 3307.35 477.489 1829.86 2378.76 24 0 0 
96 77 14 3307.35 484.999 1822.35 2378.76 24 0 0 
115 93 14 3298.32 477.112 1821.21 2297.33 24 0 0 
116 94 14 3289.2 470.234 1818.97 2294.18 24 0 0 
118 95 14 3289.2 477.112 1812.09 2294.18 24 0 0 
126 101 14 3283.52 474.656 1808.87 2271.26 24 0 0 
127 102 14 3272.1 467.778 1804.32 2230.04 24 0 0 
127 102 14 3284.77 480.742 1804.03 2277.48 24 0 0 
127 102 14 3284.77 487.62 1797.15 2277.48 24 0 0 
129 105 14 3273.34 480.742 1792.6 2236.26 24 0 0 
130 105 14 3273.34 487.62 1785.72 2236.26 24 0 0 
132 107 14 3270.11 497.251 1772.86 2203.24 24 0 0 
176 144 14 3263.1 497.251 1765.85 2135.38 24 0 0 
184 151 14 3256.72 497.251 1759.46 2145.79 24 0 0 
184 151 14 3251.46 496.781 1754.68 2064.3 24 0 0 
188 154 14 3212.77 492.162 1720.61 1757.3 23 0 0 
300 249 14 3156.03 438.696 1717.33 1110.83 15 0 0 
307 255 14 3151.47 438.696 1712.78 1101.72 15 0 0 
310 257 14 3149.55 438.696 1710.85 1089.72 15 0 0 
394 330 14 3137 430.589 1706.41 1150.48 13 0 0 
416 349 14 3156.51 456.487 1700.02 1100.21 12 0 0 
510 430 14 3170.59 472.682 1697.91 1078.44 12 0 0 
521 439 14 3167.72 471.689 1696.04 1057.75 12 0 0 
523 440 14 3167.56 471.689 1695.87 1070.98 12 0 0 
530 446 14 3167.56 472.682 1694.87 1070.98 12 0 0 
560 471 14 3163.43 471.689 1691.74 1038.44 12 0 0 
561 473 14 3168.85 478.364 1690.48 1023.84 12 0 0 
563 475 14 3168.85 479.357 1689.49 1023.84 12 0 0 
568 479 14 3151.22 462.851 1688.36 1006.2 12 0 0 
637 537 14 3168.56 482.261 1686.3 1010.26 12 0 0 
642 542 14 3151.28 466.444 1684.83 992.975 12 0 0 
995 838 14 3172.65 488.769 1683.88 1161.75 12 0 0 
1082 911 14 3158.78 476.727 1682.06 1060.44 12 0 0 
1084 912 14 3158.61 476.727 1681.89 1073.67 12 0 0 
1085 913 14 3158.78 479.498 1679.28 1060.44 12 0 0 
1095 922 14 3158.61 479.498 1679.12 1073.67 12 0 0 
1095 922 14 3158.78 481.651 1677.13 1060.44 12 0 0 
1097 924 14 3158.61 481.651 1676.96 1073.67 12 0 0 
1118 941 14 3158.78 488.533 1670.25 1060.44 12 0 0 
1166 982 14 3148.8 479.478 1669.33 1163.06 12 0 0 
1168 983 14 3149.15 480.166 1668.98 1163.41 12 0 0 
1182 996 14 3148.8 481.365 1667.44 1163.06 12 0 0 
1186 999 14 3148.63 481.365 1667.27 1176.29 12 0 0 
1192 1004 14 3138.96 476.706 1662.26 1156.33 12 0 0 
1193 1005 14 3138.96 481.365 1657.6 1156.33 12 0 0 
1222 1029 14 3151.7 495.98 1655.72 1176.64 12 0 0 
1229 1035 14 3151.7 497.342 1654.36 1176.64 12 0 0 
1240 1044 14 3142.64 489.409 1653.24 1176.64 12 0 0 
1318 1113 14 3146.85 494.396 1652.45 1165.21 12 0 0 
1323 1118 14 3137.79 486.463 1651.32 1165.21 12 0 0 
1323 1118 14 3131.83 489.409 1642.43 1181.71 12 0 0 
1360 1149 14 3129.72 488.048 1641.67 1080.76 12 0 0 
1372 1159 14 3129.72 489.409 1640.31 1080.76 12 0 0 
2199 1862 14 3064.98 432.396 1632.58 603.488 11 0 0 
2200 1864 14 3069.47 452.87 1616.6 704.152 11 0 0 
2203 1866 14 3080.49 464.87 1615.62 752.394 11 0 0 
2203 1866 14 3066.71 456.87 1609.84 704.152 11 0 0 
2228 1887 14 3055.25 448.651 1606.6 675.416 10 0 0 
2228 1887 14 3055.6 449.34 1606.26 675.763 10 0 0 
2236 1895 14 3055.6 450.701 1604.9 675.763 10 0 0 
5177 4348 14 2976.95 372.582 1604.37 459.749 7 0 0 
5218 4382 14 2967.89 364.739 1603.15 460.752 7 0 0 
5256 4414 14 2974.54 372.582 1601.95 460.752 7 0 0 
5362 4503 14 2974.54 372.977 1601.56 460.752 7 0 0 
5410 4543 14 2985.74 384.672 1601.06 447.523 7 0 0 
5468 4593 14 2986.43 385.843 1600.58 432.175 7 0 0 
5474 4598 14 2985.57 385.843 1599.72 460.752 7 0 0 
5536 4651 14 2985.57 386.29 1599.28 460.752 7 0 0 
5554 4666 14 2985.57 387.476 1598.09 460.752 7 0 0 
5680 4774 14 2995.14 398.401 1596.74 427.471 7 0 0 
5682 4775 14 2999.41 404.814 1594.6 431.741 7 0 0 
5878 4942 14 2999.8 405.439 1594.36 418.512 7 0 0 
5880 4943 14 2999.63 405.439 1594.19 431.741 7 0 0 
5907 4966 14 2995.9 404.814 1591.09 431.741 7 0 0 
