Agent: 0ids: 33 22 37 11 17 39 10 20 26 49 8 34 41 46 48 18 47 45 19 36 5 2 32 43 3 38 29 15 16 27 23 14 4 30 25 9 1 31 
Agent: 1ids: 43 22 21 6 40 12 24 44 35 
Agent: 2ids: 18 27 37 13 3 39 28 21 7 6 40 19 35 24 25 31 1 49 29 17 
Agent: 3ids: 3 34 11 2 19 38 14 5 41 29 25 42 23 43 44 33 
Agent: 4ids: 37 2 42 1 40 21 13 8 34 23 35 9 17 6 
Agent: 5ids: 3 21 10 31 37 38 33 49 41 35 11 2 4 1 47 26 46 19 14 48 16 8 34 13 7 24 29 43 12 0 
Agent: 6ids: 11 19 29 4 40 28 38 42 
Agent: 7ids: 24 35 3 23 45 41 33 10 38 
Agent: 8ids: 6 40 
Agent: 9ids: 8 35 26 7 19 14 36 39 33 38 45 29 9 49 10 22 16 20 18 34 25 15 44 46 24 11 48 4 31 13 40 37 2 32 
Agent: 10ids: 27 35 6 7 33 21 24 3 23 11 19 43 39 49 26 5 18 48 20 4 38 8 9 0 28 44 2 14 16 1 31 36 13 22 45 15 29 40 47 
Agent: 11ids: 45 21 13 6 28 30 
Agent: 12ids: 20 32 29 49 
Agent: 13ids: 20 49 21 1 27 10 18 13 35 46 30 4 44 12 43 23 7 16 28 19 6 22 25 40 15 37 8 48 42 
Agent: 14ids: 30 27 31 0 14 15 20 47 36 19 46 25 43 28 35 16 1 48 18 41 21 45 10 38 49 33 37 29 39 13 2 23 17 
Agent: 15ids: 39 31 47 13 44 8 27 22 2 23 49 26 45 35 9 25 
Agent: 16ids: 34 32 9 31 21 44 10 47 40 43 42 38 23 1 20 19 24 41 29 28 22 17 13 37 36 48 39 8 27 15 3 14 12 11 18 45 30 7 0 46 6 16 2 26 25 4 35 5 49 
Agent: 17ids: 19 46 0 20 43 48 6 1 28 23 14 27 30 38 3 10 12 4 26 22 41 29 8 32 31 11 39 36 35 7 42 21 5 24 49 45 2 37 15 18 
Agent: 18ids: 16 33 13 0 25 21 29 17 35 18 42 49 37 6 41 39 24 3 38 30 28 26 32 40 22 11 1 43 44 27 4 46 34 14 15 36 10 19 47 2 20 7 9 8 31 48 5 45 
Agent: 19ids: 40 31 13 24 35 49 
Agent: 20ids: 0 27 28 3 23 15 12 9 7 45 31 11 47 17 49 
Agent: 21ids: 34 28 33 26 12 23 11 7 38 4 20 42 9 10 43 47 2 32 3 14 13 39 19 41 25 45 6 40 5 27 46 8 24 15 1 16 36 37 29 0 22 49 21 
Agent: 22ids: 4 34 42 21 12 7 1 2 15 6 45 16 13 23 8 
Agent: 23ids: 43 24 38 37 41 3 17 13 44 1 14 27 0 18 33 25 8 28 16 42 31 26 7 30 12 32 47 34 22 4 23 
Agent: 24ids: 48 21 9 27 41 28 1 37 10 49 43 19 2 38 35 15 11 46 34 0 39 20 42 25 
Agent: 25ids: 5 6 
Agent: 26ids: 0 26 
Agent: 27ids: 24 38 31 22 11 17 37 41 29 40 39 
Agent: 28ids: 31 32 35 28 11 39 20 40 3 12 16 6 15 34 22 0 45 
Agent: 29ids: 38 2 37 12 21 27 11 17 32 48 35 16 
Agent: 30ids: 35 17 20 33 10 14 44 43 24 16 23 46 34 39 11 15 22 6 28 1 25 12 18 41 2 7 30 26 3 13 21 9 8 36 31 40 49 48 47 38 27 32 19 29 
Agent: 31ids: 22 12 6 32 33 19 29 28 18 24 43 30 26 45 40 42 9 16 0 38 25 47 5 34 8 4 20 39 46 14 44 3 35 10 37 11 21 
Agent: 32ids: 25 35 34 
Agent: 33ids: 10 30 0 34 7 
Agent: 34ids: 12 14 10 
Agent: 35ids: 37 24 28 5 33 17 18 0 47 2 20 9 46 43 12 48 7 10 25 19 6 11 31 15 30 14 45 39 
Agent: 36ids: 37 35 29 17 
Agent: 37ids: 9 32 15 25 46 5 20 6 17 7 11 1 33 0 44 14 39 27 43 29 16 40 34 23 28 36 12 4 41 13 37 10 21 22 47 
Agent: 38ids: 39 21 2 32 3 17 33 24 19 30 8 10 0 12 18 7 48 11 5 31 46 34 42 22 49 
Agent: 39ids: 22 7 48 8 40 4 12 29 31 23 10 16 14 17 35 13 2 26 49 27 36 47 37 41 11 43 30 44 15 1 25 42 5 21 6 0 3 24 32 38 19 45 9 39 18 34 20 
Agent: 40ids: 29 41 20 38 26 31 8 16 0 13 36 24 46 47 5 6 4 49 
Agent: 41ids: 30 29 27 9 10 15 37 17 45 25 24 1 5 26 2 33 41 19 16 40 44 12 47 6 38 34 39 31 14 
Agent: 42ids: 20 39 4 19 12 6 25 28 23 10 26 2 40 
Agent: 43ids: 34 7 12 35 3 5 4 24 45 19 8 48 16 20 27 28 15 30 26 
Agent: 44ids: 14 40 31 32 30 42 18 2 23 13 9 10 39 33 21 19 37 48 41 38 47 25 28 44 27 15 7 49 
Agent: 45ids: 17 18 5 9 25 36 21 16 38 34 8 33 46 32 43 48 13 3 22 14 49 0 4 12 40 44 42 6 28 37 41 10 24 19 7 11 23 30 35 31 29 20 2 45 1 47 15 26 
Agent: 46ids: 25 20 34 13 30 9 47 22 1 42 24 26 11 12 10 41 5 17 14 4 0 43 32 37 31 19 
Agent: 47ids: 41 40 2 4 10 36 13 17 34 38 23 6 49 29 32 39 7 24 46 8 9 35 14 26 20 19 18 22 15 3 16 42 45 1 
Agent: 48ids: 21 27 18 29 11 36 26 2 48 25 47 22 38 30 0 8 15 37 40 44 12 34 14 39 5 4 32 45 
Agent: 49ids: 27 4 19 18 24 6 35 44 49 43 0 37 20 42 30 10 2 1 33 13 34 
0 0 14 6911.03 1093.41 4817.62 29227 91 153 3 
0 0 14 5252.25 669.507 3582.74 16942.4 52 131 3 
3 1 14 4953.44 393.614 3559.83 16943.3 50 130 2 
4 2 14 4983.9 444.985 3538.91 14105.2 50 30 2 
14 9 14 4405.9 455.884 2950.02 9717.79 44 12 2 
16 11 14 4366.78 443.379 2923.4 9316.75 43 4 1 
19 13 14 4331.97 410.747 2921.23 9299.67 42 4 1 
19 13 14 4332.38 413.971 2918.41 9299.67 42 4 1 
23 17 14 4265.22 441.432 2823.79 8473.59 42 0 0 
25 18 14 4236.25 458.752 2777.5 8579.41 42 0 0 
25 19 14 4214.99 454.141 2760.85 8478.15 41 0 0 
30 23 14 4065.54 434.352 2631.19 7292.72 40 0 0 
32 24 14 4064.41 440.484 2623.92 7292.72 40 0 0 
33 25 14 4032.43 440.484 2591.95 7043.87 40 0 0 
33 25 14 4024.71 440.484 2584.22 6908.98 39 0 0 
35 26 14 4031.56 461.537 2570.03 6931.34 39 0 0 
35 26 14 3965.43 432.004 2533.42 6476.67 38 0 0 
36 27 14 3952.65 427.391 2525.26 6544.97 38 0 0 
36 28 14 3930.83 417.525 2513.31 6169.79 37 0 0 
38 29 14 3930.79 417.525 2513.27 6235.68 37 0 0 
40 31 14 3928.77 417.525 2511.24 6254 37 0 0 
40 31 14 3939.45 432.184 2507.26 6288.81 37 0 0 
41 32 14 3886.61 412.086 2474.52 6011.5 37 0 0 
50 39 14 3852.18 451.183 2400.99 4489.04 35 0 0 
51 40 14 3824.95 451.183 2373.77 4564.81 35 0 0 
52 41 14 3813.1 451.183 2361.92 4482.04 35 0 0 
53 41 14 3789.66 455.443 2334.22 4483.59 35 0 0 
53 41 14 3800.24 467.478 2332.76 4564.81 35 0 0 
53 42 14 3798.7 466.319 2332.38 4557.08 35 0 0 
53 42 14 3779.05 475.507 2303.54 4626.43 35 0 0 
56 44 14 3778.37 475.507 2302.86 4618.65 35 0 0 
56 44 14 3720.56 460.537 2260.02 4169.65 35 0 0 
58 46 14 3650.81 441.136 2209.67 3864.56 33 0 0 
61 49 14 3652.15 443.295 2208.85 3898.46 33 0 0 
62 49 14 3697.88 511.705 2186.17 4143.95 33 0 0 
98 79 14 3449.42 291.849 2157.57 2950.06 22 0 0 
98 79 14 3447.21 291.849 2155.36 2902.29 22 0 0 
99 80 14 3441.66 294.254 2147.4 2849.78 22 0 0 
101 82 14 3422.11 282.901 2139.2 2729.02 21 0 0 
102 83 14 3420.71 282.901 2137.81 2723.44 21 0 0 
106 86 14 3412.86 283.056 2129.8 2673.09 21 0 0 
106 86 14 3411.46 283.056 2128.41 2667.5 21 0 0 
108 88 14 3375.77 269.736 2106.03 2600.45 20 0 0 
110 90 14 3347.05 252.901 2094.15 2404.93 20 0 0 
115 93 14 3338.29 248.653 2089.64 2356.25 20 0 0 
116 95 14 3337.31 249.812 2087.49 2356.25 20 0 0 
116 95 14 3337.88 250.697 2087.18 2368.07 20 0 0 
117 95 14 3327.52 250.697 2076.83 2125.34 20 0 0 
119 97 14 3338.5 263.937 2074.56 2327.43 20 0 0 
119 97 14 3296.13 250.697 2045.44 2090.91 20 0 0 
119 98 14 3296.13 252.596 2043.54 2090.91 20 0 0 
149 121 14 3275.61 236.774 2038.84 1870.63 17 0 0 
154 126 14 3289.72 251.541 2038.18 1862.06 17 0 0 
154 126 14 3289.72 252.431 2037.29 1862.06 17 0 0 
155 127 14 3288.34 254.033 2034.3 1860.67 17 0 0 
160 131 14 3263.23 244.108 2019.12 1619.26 17 0 0 
161 131 14 3247.94 235.171 2012.77 1771.37 17 0 0 
165 135 14 3265.15 286.979 1978.17 1865.92 17 0 0 
168 138 14 3228.19 286.979 1941.21 1801.68 17 0 0 
170 140 14 3228.19 288.186 1940.01 1801.68 17 0 0 
172 141 14 3228.14 288.186 1939.95 1891.08 17 0 0 
172 141 14 3243.72 304.252 1939.47 2016.26 17 0 0 
173 142 14 3222.26 288.186 1934.08 1649.52 17 0 0 
180 148 14 3222.33 308.297 1914.04 1660.61 17 0 0 
212 176 14 3187.78 297.217 1890.56 1667.21 16 0 0 
217 180 14 3179.36 306.939 1872.42 1635.41 16 0 0 
217 180 14 3187.78 325.675 1862.11 1667.21 16 0 0 
222 184 14 3189.17 334.675 1854.49 1668.6 16 0 0 
249 208 14 3167.81 314.882 1852.93 1572.82 16 0 0 
249 209 14 3168.35 324.07 1844.28 1574.45 16 0 0 
263 221 14 3171.31 334.623 1836.69 1587.02 16 0 0 
276 232 14 3169.89 333.733 1836.16 1689.12 16 0 0 
280 236 14 3130.71 323.181 1807.53 1424.62 16 0 0 
280 236 14 3130.5 327.139 1803.37 1424.62 16 0 0 
281 237 14 3128.77 332.752 1796.01 1424.62 16 0 0 
282 237 14 3128.77 333.641 1795.12 1424.62 16 0 0 
285 240 14 3130.15 335.57 1794.58 1426.01 16 0 0 
287 242 14 3130.15 342.714 1787.44 1426.01 16 0 0 
295 249 14 3129.6 344.319 1785.28 1426.01 16 0 0 
300 253 14 3123.51 342.714 1780.8 1417.19 16 0 0 
302 255 14 3128.44 351.838 1776.61 1418.93 16 0 0 
303 256 14 3127.88 351.838 1776.04 1429.73 16 0 0 
313 264 14 3127.33 353.443 1773.89 1429.73 16 0 0 
318 269 14 3128.15 356.684 1771.47 1430 16 0 0 
357 301 14 3127.56 361.451 1766.11 1326.38 15 0 0 
367 310 14 3119.09 361.451 1757.63 1363.5 15 0 0 
389 329 14 3118.52 361.451 1757.07 1374.31 15 0 0 
389 329 14 3109.81 360.562 1749.24 1326.38 15 0 0 
397 336 14 3109.24 360.562 1748.68 1337.19 15 0 0 
402 341 14 3109.24 361.451 1747.79 1337.19 15 0 0 
430 366 14 3101.84 355.975 1745.87 1312.21 15 0 0 
431 366 14 3101.7 361.031 1740.67 1312.21 15 0 0 
435 370 14 3101.14 361.031 1740.11 1323.02 15 0 0 
455 388 14 3095.3 361.031 1734.27 1323.02 15 0 0 
457 389 14 3092.45 369.992 1722.46 1290.81 15 0 0 
459 391 14 3090.81 372.576 1718.24 1283.16 15 0 0 
477 407 14 3078.53 363.941 1714.59 1346.97 14 0 0 
486 415 14 3068 371.215 1696.78 1346.97 14 0 0 
486 416 14 3068 371.243 1696.75 1346.97 14 0 0 
494 422 14 3067.48 371.243 1696.24 1346.97 14 0 0 
494 423 14 3067.27 372.709 1694.56 1346.97 14 0 0 
499 427 14 3067.27 381.576 1685.7 1346.97 14 0 0 
502 429 14 3067.01 381.576 1685.43 1334.24 14 0 0 
504 431 14 3067.56 387.173 1680.39 1334.24 14 0 0 
511 437 14 3066.4 387.173 1679.23 1334.24 14 0 0 
1841 1621 14 3059.63 381.362 1678.27 1209.13 12 0 0 
1872 1649 14 3059.63 382.224 1677.4 1209.13 12 0 0 
1877 1653 14 3069.64 392.275 1677.36 1209.13 12 0 0 
1878 1654 14 3069.64 392.303 1677.33 1209.13 12 0 0 
1882 1659 14 3068.48 392.303 1676.17 1209.13 12 0 0 
1897 1671 14 3068.45 409.281 1659.17 1301.4 12 0 0 
4027 3548 14 3008.82 350.894 1657.92 1145 11 0 0 
4027 3548 14 3008.82 351.784 1657.03 1145 11 0 0 
4041 3560 14 3008.55 351.784 1656.76 1132.26 11 0 0 
4044 3563 14 3008.55 352.531 1656.02 1132.26 11 0 0 
4048 3566 14 3014.77 360.098 1654.67 1132.26 11 0 0 
4089 3601 14 3012.28 360.098 1652.19 1145 11 0 0 
4230 3723 14 3009.12 363.701 1645.42 1145 11 0 0 
4230 3724 14 3008.86 363.701 1645.16 1132.26 11 0 0 
4231 3725 14 3009.12 364.447 1644.68 1145 11 0 0 
4231 3725 14 3008.86 364.447 1644.41 1132.26 11 0 0 
4233 3727 14 3008.86 365.337 1643.52 1132.26 11 0 0 
4363 3839 14 3016.1 376.201 1639.9 1169.37 11 0 0 
4366 3841 14 3009.7 376.201 1633.5 1141.85 11 0 0 
4414 3883 14 3009.43 378.367 1631.07 1129.11 11 0 0 
4434 3900 14 3001.29 375.401 1625.89 1103.22 11 0 0 
5208 4577 14 2998.01 375.68 1622.33 1086.08 11 0 0 
