Agent: 0ids: 42 41 21 46 49 40 7 19 15 39 23 37 3 29 11 31 28 16 2 27 48 32 20 6 17 12 13 33 34 
Agent: 1ids: 46 5 42 48 0 35 45 30 33 16 18 4 38 28 43 44 9 15 3 2 32 22 12 39 31 14 36 21 49 27 19 26 23 37 17 40 29 13 47 24 
Agent: 2ids: 39 35 40 0 29 7 
Agent: 3ids: 38 26 37 30 14 40 12 20 23 47 27 22 13 2 35 44 11 31 39 16 25 15 10 45 7 41 36 34 18 1 43 6 8 19 32 48 28 3 29 9 42 21 46 5 
Agent: 4ids: 32 26 46 24 35 13 48 40 42 47 18 
Agent: 5ids: 36 24 43 40 42 34 27 45 48 13 19 18 10 30 22 9 46 16 47 32 29 28 17 7 3 38 44 41 0 1 25 12 6 4 
Agent: 6ids: 30 40 36 11 2 22 12 
Agent: 7ids: 33 19 28 26 25 17 8 27 38 1 40 12 11 36 34 21 2 14 16 15 32 35 7 48 47 41 0 3 23 24 
Agent: 8ids: 48 28 8 27 49 39 36 10 0 22 40 6 47 44 
Agent: 9ids: 22 11 28 14 8 27 25 4 35 45 39 12 44 26 0 13 37 41 9 16 36 34 33 46 7 10 
Agent: 10ids: 1 6 26 24 15 7 35 29 46 41 10 40 37 42 25 33 12 36 38 20 34 48 
Agent: 11ids: 34 5 4 12 2 47 9 
Agent: 12ids: 39 9 13 11 37 12 44 42 0 36 25 19 28 21 
Agent: 13ids: 29 15 25 28 23 36 7 48 44 43 14 12 
Agent: 14ids: 11 13 23 7 19 48 29 14 38 21 33 40 8 35 3 46 39 25 
Agent: 15ids: 5 13 40 2 4 3 43 21 37 22 15 28 46 36 10 16 0 30 8 41 47 26 
Agent: 16ids: 4 20 37 15 47 11 16 26 43 28 9 22 24 19 25 39 21 3 18 1 7 32 8 40 33 13 12 6 23 45 48 0 2 10 29 38 41 49 46 5 30 14 35 
Agent: 17ids: 32 34 33 
Agent: 18ids: 19 42 38 47 40 27 23 15 9 16 26 2 46 18 
Agent: 19ids: 25 30 20 34 28 2 42 32 33 35 27 3 11 26 18 21 45 36 4 29 15 16 40 46 48 22 24 49 43 8 7 5 
Agent: 20ids: 24 39 27 0 28 22 31 
Agent: 21ids: 49 6 30 37 45 2 1 19 25 11 8 26 16 28 31 18 9 12 23 39 27 29 20 42 48 17 36 35 22 47 44 15 34 38 7 
Agent: 22ids: 46 48 17 1 3 28 34 44 30 41 43 15 21 40 23 5 24 11 32 36 19 47 25 49 10 27 39 42 8 6 9 14 26 
Agent: 23ids: 24 47 21 4 0 16 20 30 43 22 25 41 12 
Agent: 24ids: 16 47 39 13 5 17 42 27 0 8 23 38 14 22 41 2 11 25 46 35 33 10 12 45 19 24 44 29 4 6 3 31 1 21 30 49 36 7 48 
Agent: 25ids: 32 44 6 3 25 38 33 15 0 
Agent: 26ids: 35 33 34 47 31 39 26 28 17 5 46 3 1 20 7 12 0 27 30 38 42 13 
Agent: 27ids: 0 7 10 25 37 8 1 39 19 38 26 5 16 49 34 4 23 6 33 42 14 36 31 32 9 17 41 13 46 11 44 45 48 18 29 20 2 43 3 24 35 28 40 47 30 12 27 22 15 
Agent: 28ids: 32 0 7 43 49 12 
Agent: 29ids: 13 45 40 6 22 41 42 4 47 2 18 23 7 16 44 49 5 25 39 15 12 8 14 46 34 1 36 48 33 10 31 3 
Agent: 30ids: 19 34 48 30 36 45 11 33 24 15 18 12 16 49 40 38 32 9 25 29 6 
Agent: 31ids: 10 20 
Agent: 32ids: 18 46 9 35 41 11 1 44 16 17 15 24 42 22 21 27 34 14 32 49 30 10 
Agent: 33ids: 42 32 4 8 14 3 13 18 46 9 44 25 16 12 49 23 10 15 24 38 0 6 
Agent: 34ids: 23 11 21 
Agent: 35ids: 0 34 18 2 21 14 
Agent: 36ids: 5 11 
Agent: 37ids: 22 41 31 1 32 27 48 13 29 43 16 7 9 20 
Agent: 38ids: 13 40 3 43 36 34 38 12 0 24 17 16 6 42 10 7 48 26 21 18 1 32 2 39 9 27 15 33 20 30 49 28 4 
Agent: 39ids: 34 
Agent: 40ids: 9 47 0 8 10 22 23 12 7 17 42 21 28 49 43 45 26 1 14 13 16 19 27 35 44 32 38 25 15 48 
Agent: 41ids: 23 36 13 19 48 40 35 28 10 43 12 31 33 4 11 44 26 6 16 17 18 2 42 30 41 22 15 5 34 14 37 49 3 32 7 21 1 38 45 46 20 25 0 9 47 39 27 24 8 
Agent: 42ids: 33 35 26 2 43 5 17 15 18 6 19 44 46 21 42 39 14 3 25 12 41 20 32 29 9 45 48 36 7 34 47 13 28 23 49 22 16 0 10 11 38 31 24 4 
Agent: 43ids: 20 38 31 30 6 36 14 27 43 5 15 13 3 4 16 49 33 26 47 22 48 46 39 41 21 9 0 1 25 2 24 18 42 12 35 28 11 8 44 19 
Agent: 44ids: 9 1 35 12 23 0 38 40 19 15 39 28 27 30 13 45 48 16 10 18 43 11 49 32 17 44 36 42 25 21 14 26 8 3 46 20 7 37 6 4 34 29 41 2 
Agent: 45ids: 24 38 6 30 0 10 46 1 45 48 15 11 14 12 49 39 5 31 42 21 36 9 20 47 7 32 22 27 40 17 34 18 
Agent: 46ids: 24 23 30 3 43 10 21 6 45 16 37 11 46 0 
Agent: 47ids: 24 1 3 45 7 15 8 44 18 12 34 38 4 27 43 26 0 46 47 10 13 28 21 39 11 6 35 41 31 25 40 30 37 42 23 17 33 20 22 
Agent: 48ids: 34 49 5 2 20 32 43 37 19 45 9 36 17 33 23 12 7 21 4 35 6 25 28 46 27 13 8 
Agent: 49ids: 41 33 26 22 25 12 43 46 31 11 34 40 36 27 32 
0 0 14 6700.34 827.474 4872.87 41441.6 89 395 4 
0 0 14 5614.26 616.759 3997.5 21892.5 61 63 3 
3 1 14 5571.1 673.447 3897.66 19890.6 58 61 2 
5 2 14 5409.1 543.656 3865.44 17371 53 48 1 
8 4 14 5408.44 543.656 3864.78 16740.8 53 35 1 
9 6 14 4504.13 468.377 3035.76 10335 46 29 1 
12 8 14 4466.13 468.377 2997.75 10202.7 45 29 1 
13 8 14 4372.62 415.204 2957.42 8498.64 40 17 1 
13 9 14 4379.93 424.598 2955.33 8783.4 40 0 0 
16 11 14 4245.27 428.769 2816.5 6470.01 39 0 0 
22 15 14 4093.2 427.918 2665.28 5849.75 39 0 0 
26 19 14 4107.5 482.447 2625.06 6367.11 34 0 0 
26 19 14 4096.92 481.852 2615.06 6331.39 34 0 0 
27 20 14 4067.28 481.852 2585.43 6175.28 34 0 0 
27 20 14 4067.28 482.447 2584.84 6175.28 34 0 0 
36 27 14 4043.37 482.776 2560.59 5995.44 33 0 0 
37 27 14 3950.04 451.782 2498.25 5540.56 33 0 0 
41 31 14 3871.6 455.415 2416.18 5262.93 30 0 0 
42 32 14 3855.18 466.956 2388.23 5201.69 30 0 0 
46 35 14 3831.67 465.354 2366.32 4805.16 30 0 0 
49 38 14 3796.84 462.531 2334.31 4458.83 28 0 0 
50 38 14 3792.59 462.531 2330.06 4385.65 27 0 0 
56 43 14 3760.94 451.485 2309.46 3850.96 26 0 0 
58 45 14 3756.53 453.408 2303.13 4002.07 26 0 0 
60 47 14 3735.17 432.223 2302.95 3603.6 25 0 0 
62 48 14 3728.07 432.223 2295.85 3456.3 25 0 0 
62 48 14 3700.66 434.905 2265.75 3578.79 25 0 0 
67 52 14 3674.88 442.2 2232.68 3386.2 25 0 0 
67 52 14 3491.28 403.393 2087.88 2738.85 22 0 0 
69 54 14 3474.66 406.393 2068.27 2738.85 22 0 0 
74 59 14 3452.67 386.812 2065.86 2658.8 21 0 0 
80 63 14 3440.25 386.578 2053.67 2580.16 20 0 0 
88 71 14 3459.28 411.754 2047.52 2590.49 20 0 0 
90 72 14 3457.32 411.754 2045.57 2613.19 20 0 0 
92 74 14 3463.58 421.527 2042.05 2582.02 20 0 0 
93 75 14 3444.01 405.079 2038.93 2408.02 20 0 0 
94 76 14 3448.32 414.852 2033.47 2399.55 20 0 0 
96 77 14 3447.81 414.852 2032.96 2377.92 20 0 0 
98 79 14 3438.75 405.878 2032.87 2408.02 20 0 0 
121 99 14 3404.62 399.951 2004.67 2392.27 20 0 0 
125 103 14 3406.01 405.648 2000.36 2393.66 20 0 0 
127 105 14 3410.09 411.787 1998.3 2422.24 20 0 0 
129 106 14 3408.01 416.89 1991.11 2466.38 20 0 0 
131 107 14 3407.32 417.285 1990.03 2466.38 20 0 0 
131 108 14 3402.91 417.285 1985.63 2466.38 20 0 0 
135 111 14 3378.1 421.637 1956.46 2220.73 19 0 0 
136 112 14 3376.72 423.239 1953.48 2219.35 19 0 0 
136 112 14 3378.1 428.239 1949.86 2220.73 19 0 0 
141 116 14 3335.38 428.239 1907.14 1920.65 19 0 0 
142 117 14 3325.05 418.188 1906.86 1910.32 19 0 0 
174 145 14 3275.48 369.287 1906.2 1746.68 17 0 0 
178 149 14 3286.17 387.506 1898.66 1792.29 17 0 0 
183 153 14 3289.32 409.092 1880.23 1746.58 17 0 0 
187 156 14 3285.68 409.092 1876.58 1839.31 17 0 0 
214 180 14 3255.35 393.348 1862 1502.49 16 0 0 
218 185 14 3229.13 381.844 1847.28 1375.14 15 0 0 
219 185 14 3218.8 371.792 1847.01 1364.81 15 0 0 
228 193 14 3229.13 384.969 1844.16 1375.14 15 0 0 
230 195 14 3235.66 397.927 1837.74 1375.14 15 0 0 
271 229 14 3162.28 348.521 1813.76 983.107 14 0 0 
274 231 14 3158.09 348.521 1809.57 918.678 14 0 0 
274 232 14 3138.99 336.741 1802.25 846.862 14 0 0 
274 232 14 3136.36 339.302 1797.06 846.862 14 0 0 
276 233 14 3132.17 339.678 1792.5 821.33 14 0 0 
277 234 14 3111.77 329.626 1782.15 798.176 14 0 0 
279 235 14 3117.64 337.513 1780.13 804.046 14 0 0 
296 251 14 3117.64 354.351 1763.29 796.612 13 0 0 
332 282 14 3077.61 321.748 1755.86 707.597 11 0 0 
342 291 14 3070.92 320.638 1750.29 707.597 11 0 0 
346 295 14 3077.46 333.596 1743.86 707.597 11 0 0 
347 296 14 3076.62 333.596 1743.03 707.597 11 0 0 
351 299 14 3083.33 341.483 1741.85 713.467 11 0 0 
351 299 14 3063.23 333.596 1729.63 710.75 11 0 0 
354 302 14 3066.38 337.223 1729.16 710.75 11 0 0 
365 311 14 3048.81 333.596 1715.21 706.244 11 0 0 
371 317 14 3054.68 341.483 1713.19 712.113 11 0 0 
469 401 14 3057.95 346.448 1711.5 658.779 10 0 0 
529 452 14 3037.22 327.574 1709.65 585.442 9 0 0 
532 454 14 3027.1 317.523 1709.58 575.32 9 0 0 
537 459 14 3021.63 319.688 1701.94 579.573 9 0 0 
542 463 14 3020.83 319.688 1701.15 608.21 9 0 0 
547 468 14 3010.71 311.082 1699.63 598.087 9 0 0 
549 469 14 3005.98 312.253 1693.72 593.353 9 0 0 
554 474 14 3005.98 315.025 1690.95 593.353 9 0 0 
566 485 14 3004.86 315.898 1688.96 583.243 9 0 0 
566 485 14 3004.86 318.67 1686.19 583.243 9 0 0 
567 486 14 3003.64 317.836 1685.8 580.804 9 0 0 
576 493 14 3013.33 336.375 1676.96 606.289 9 0 0 
1801 1559 14 3002.99 329.523 1673.47 392.624 6 0 0 
1808 1565 14 2996 326.523 1669.48 392.624 6 0 0 
1819 1575 14 2995.21 326.523 1668.68 421.261 6 0 0 
1909 1655 14 2995.21 327.854 1667.35 421.261 6 0 0 
1979 1715 14 2996.42 330.886 1665.53 392.624 6 0 0 
1982 1718 14 2995.62 330.886 1664.73 421.261 6 0 0 
2042 1769 14 2995.21 330.649 1664.56 421.261 6 0 0 
2057 1782 14 2995.21 330.991 1664.21 421.261 6 0 0 
2194 1900 14 2983.16 330.886 1652.27 421.261 6 0 0 
2209 1914 14 2982.75 330.991 1651.76 421.261 6 0 0 
3054 2650 14 2996.77 346.831 1649.94 421.261 6 0 0 
3267 2839 14 2996.77 348.395 1648.37 421.261 6 0 0 
3415 2965 14 2987.3 340.924 1646.37 421.261 6 0 0 
4525 3924 14 3006.82 362.26 1644.56 445.081 6 0 0 
4527 3926 14 2999.47 355.584 1643.89 427.131 6 0 0 
4532 3930 14 2993.6 354.425 1639.18 421.261 6 0 0 
5191 4503 14 3013.95 377.907 1636.04 425.995 6 0 0 
