Agent: 0ids: 22 8 15 43 35 12 49 21 16 23 19 2 48 9 32 18 6 31 33 17 38 27 34 
Agent: 1ids: 3 27 24 22 28 20 16 36 33 23 5 38 15 32 47 25 21 42 17 26 7 11 30 31 18 40 34 48 44 9 10 46 37 49 2 8 14 1 6 
Agent: 2ids: 48 42 24 36 18 
Agent: 3ids: 32 41 48 36 18 43 30 27 2 37 38 39 44 33 13 15 9 49 35 21 25 17 29 12 6 46 4 7 14 10 11 20 19 40 
Agent: 4ids: 14 22 33 25 6 45 11 35 42 5 2 7 38 46 40 3 21 37 23 31 43 8 28 0 49 36 
Agent: 5ids: 2 31 29 16 0 36 5 35 21 41 1 13 20 33 4 34 11 46 48 26 9 15 3 43 40 44 7 47 6 25 49 42 30 17 37 19 
Agent: 6ids: 6 28 41 11 31 18 19 21 3 40 32 42 48 38 9 49 
Agent: 7ids: 14 21 
Agent: 8ids: 34 18 25 14 19 7 36 28 0 29 27 43 35 39 48 9 41 12 23 45 3 49 37 46 20 38 4 
Agent: 9ids: 16 5 22 0 2 43 45 37 1 20 12 27 26 33 11 23 31 14 7 24 46 3 32 6 39 44 17 8 47 9 40 34 13 48 15 38 30 25 49 35 
Agent: 10ids: 34 43 7 4 27 30 19 42 14 
Agent: 11ids: 44 7 30 0 29 49 47 12 3 41 21 27 14 16 25 19 10 
Agent: 12ids: 42 39 26 8 
Agent: 13ids: 11 
Agent: 14ids: 26 11 41 32 45 21 18 13 17 16 31 8 38 28 0 1 42 5 44 19 2 35 47 20 40 34 23 4 7 48 39 27 6 22 3 12 33 9 10 
Agent: 15ids: 15 17 10 27 42 21 8 14 16 46 45 47 29 24 20 9 13 5 19 34 33 18 2 26 38 22 41 6 0 49 1 7 11 3 40 37 
Agent: 16ids: 9 39 29 37 19 8 18 25 26 43 22 11 34 38 0 47 10 35 49 30 48 17 46 31 13 7 32 42 1 5 15 21 28 4 27 45 3 2 14 41 12 20 36 40 
Agent: 17ids: 30 24 8 15 19 20 47 
Agent: 18ids: 37 46 38 39 12 28 34 2 29 49 4 43 31 27 5 18 8 36 
Agent: 19ids: 9 13 29 
Agent: 20ids: 33 41 34 36 20 9 30 21 11 16 18 27 31 44 29 49 40 0 1 39 17 24 38 2 19 
Agent: 21ids: 4 40 27 9 34 11 26 10 37 42 3 15 29 47 33 48 30 44 
Agent: 22ids: 39 31 40 2 11 17 30 0 43 20 6 47 14 33 44 13 34 21 29 1 49 16 10 38 23 46 35 25 3 15 24 27 4 22 48 5 8 9 42 36 28 
Agent: 23ids: 36 44 34 7 27 45 28 4 47 5 30 9 19 1 8 23 39 25 15 3 42 11 26 18 32 16 37 35 24 49 41 29 0 31 13 14 6 2 22 17 21 38 48 46 33 
Agent: 24ids: 33 24 36 45 15 23 21 17 43 11 27 47 18 20 8 28 1 5 42 7 40 19 49 14 46 31 22 34 16 39 25 
Agent: 25ids: 46 35 36 5 22 44 29 2 15 28 8 23 10 3 45 20 17 4 47 12 26 18 24 31 27 39 33 42 25 32 21 7 38 34 0 1 16 41 30 49 14 43 37 13 48 
Agent: 26ids: 37 9 41 33 
Agent: 27ids: 24 41 19 37 26 9 4 23 1 11 21 8 6 47 20 46 14 13 2 33 7 34 40 3 48 22 29 12 31 10 38 43 25 15 36 17 44 32 16 35 
Agent: 28ids: 26 16 38 14 23 33 48 5 41 9 20 46 4 45 28 18 2 30 25 36 47 42 29 10 17 39 22 37 21 1 
Agent: 29ids: 30 36 11 14 35 39 10 4 1 7 43 40 0 23 16 13 15 41 44 38 26 46 32 20 9 24 45 47 
Agent: 30ids: 7 43 15 18 13 19 6 41 36 45 48 28 25 31 40 44 3 35 42 23 5 14 1 4 17 49 2 12 20 10 
Agent: 31ids: 48 3 23 24 26 19 44 0 33 16 9 28 35 38 11 46 14 30 27 5 41 6 39 15 
Agent: 32ids: 45 22 8 1 42 5 21 24 32 11 44 3 23 34 9 16 38 12 48 29 
Agent: 33ids: 49 11 31 41 2 16 28 24 35 42 46 3 22 19 32 21 45 14 33 47 40 38 5 48 7 27 25 15 0 12 30 17 6 29 23 4 10 36 43 44 13 
Agent: 34ids: 13 43 5 10 42 11 38 44 40 17 28 15 0 23 3 22 14 46 25 29 33 35 21 24 
Agent: 35ids: 48 16 42 38 24 46 26 2 5 34 20 29 31 39 28 1 3 40 21 25 37 0 43 27 49 22 14 
Agent: 36ids: 28 12 1 10 41 18 40 8 2 7 25 11 20 44 32 24 42 30 47 6 39 49 15 4 27 3 31 46 14 29 33 
Agent: 37ids: 5 36 31 27 22 48 20 39 49 16 13 18 8 47 44 2 25 11 9 12 32 41 33 37 10 45 38 14 40 34 1 17 
Agent: 38ids: 42 0 24 21 35 16 14 
Agent: 39ids: 21 40 14 8 30 45 12 11 9 6 33 16 
Agent: 40ids: 27 33 43 3 8 49 31 36 17 28 23 35 24 10 38 6 14 16 21 41 40 25 18 
Agent: 41ids: 36 17 9 10 4 
Agent: 42ids: 22 36 25 30 11 10 41 23 43 24 2 47 42 44 0 35 26 5 8 7 34 3 
Agent: 43ids: 11 43 39 21 1 35 26 2 5 20 48 15 49 8 42 
Agent: 44ids: 4 37 14 3 7 39 44 23 33 5 12 46 22 45 
Agent: 45ids: 23 27 1 3 38 41 48 20 49 32 17 21 31 42 40 37 25 2 10 30 43 26 13 
Agent: 46ids: 17 29 20 0 34 47 
Agent: 47ids: 10 24 45 36 20 11 41 3 16 38 32 13 22 18 17 35 15 25 49 
Agent: 48ids: 8 2 22 14 15 30 45 11 31 4 38 13 
Agent: 49ids: 1 31 46 9 12 15 37 42 47 43 28 13 45 4 33 18 49 17 32 2 25 29 35 30 3 20 36 14 40 27 23 6 41 38 44 34 10 21 19 7 16 22 5 0 
0 0 14 6873.61 893.697 4979.91 34163.6 96 235 3 
0 0 14 5800.25 691.997 4108.25 21596.8 62 156 3 
2 0 14 5537.49 739.743 3797.75 18561.5 56 116 3 
6 3 14 4812.91 479.894 3333.01 14435.7 51 107 3 
7 4 14 4777.8 479.894 3297.91 13969.3 51 106 4 
8 5 14 4777.8 527.163 3250.64 13969.3 51 97 4 
9 5 14 4674.27 445.127 3229.14 11478 51 46 1 
9 5 14 4554.08 445.127 3108.95 10869.1 50 46 1 
10 6 14 4554.08 458.536 3095.54 10869.1 50 32 1 
18 13 14 4229.94 508.898 2721.04 9557.73 39 30 1 
24 18 14 4212.95 508.898 2704.05 9210.31 39 10 1 
26 20 14 4143.79 484.943 2658.84 8579.69 37 0 0 
28 22 14 4077.66 469.361 2608.3 7725.96 36 0 0 
34 26 14 4040.73 454.632 2586.09 6664.67 33 0 0 
35 27 14 4036.52 457.934 2578.59 6769.44 33 0 0 
35 27 14 4039.7 482.884 2556.81 6156.97 33 0 0 
37 29 14 3925.6 371.151 2554.45 5825.79 30 0 0 
38 29 14 3872.11 365.169 2506.94 5404.61 30 0 0 
40 31 14 3866.17 365.169 2501 5906.77 30 0 0 
40 31 14 3829.06 342.27 2486.79 5768.31 30 0 0 
42 33 14 3824.25 367.893 2456.36 5768.31 30 0 0 
44 34 14 3813.76 374.516 2439.24 5555.47 29 0 0 
46 36 14 3802.61 368.161 2434.45 5363.58 28 0 0 
47 37 14 3746.72 366.762 2379.95 5138.05 28 0 0 
48 38 14 3739.92 366.762 2373.16 5108.78 28 0 0 
51 40 14 3731.81 366.762 2365.05 5108.78 28 0 0 
51 41 14 3728.18 371.281 2356.9 5309.89 28 0 0 
52 41 14 3734.18 381.735 2352.45 5069.9 28 0 0 
53 42 14 3734.18 382.605 2351.57 5069.9 28 0 0 
53 42 14 3706.34 366.762 2339.58 4746.77 28 0 0 
55 44 14 3695.75 356.915 2338.83 4532.22 27 0 0 
59 46 14 3695.75 357.786 2337.96 4532.22 27 0 0 
59 46 14 3695.75 361.096 2334.65 4532.22 27 0 0 
63 50 14 3576.4 365.705 2210.7 3769.94 27 0 0 
64 51 14 3557.59 355.49 2202.1 3707.31 25 0 0 
66 52 14 3549.57 369.27 2180.3 3603.35 25 0 0 
67 53 14 3546.55 370.669 2175.88 3603.35 25 0 0 
67 54 14 3546.28 370.669 2175.61 3601.75 25 0 0 
68 54 14 3546.55 376.311 2170.24 3603.35 25 0 0 
68 55 14 3543.57 374.366 2169.2 3647.61 25 0 0 
70 56 14 3507.05 358.399 2148.65 3544.13 25 0 0 
71 57 14 3506.78 358.399 2148.38 3542.52 25 0 0 
90 73 14 3517.71 376.274 2141.43 2634.02 24 0 0 
90 74 14 3510.4 376.653 2133.75 2601.46 24 0 0 
119 99 14 3467.16 335.739 2131.43 2774.33 19 0 0 
120 100 14 3456 330.213 2125.78 2774.33 19 0 0 
123 102 14 3457.97 349.523 2108.45 2774.33 19 0 0 
124 103 14 3464.58 362.564 2102.02 2774.33 19 0 0 
125 104 14 3453.41 362.009 2091.4 2774.33 19 0 0 
158 132 14 3419.77 336.085 2083.68 2448.08 19 0 0 
158 132 14 3419.77 344.51 2075.26 2448.08 19 0 0 
174 146 14 3402.07 327.791 2074.28 2215.7 17 0 0 
175 147 14 3384.93 316.622 2068.31 2212.54 17 0 0 
180 152 14 3388.6 333.244 2055.36 2214.39 16 0 0 
185 156 14 3367.42 316.705 2050.72 2160.72 16 0 0 
192 162 14 3364.28 316.181 2048.1 2147.4 16 0 0 
195 164 14 3327.71 322.129 2005.58 2029.24 16 0 0 
198 166 14 3315.74 310.602 2005.14 1947.13 15 0 0 
200 168 14 3300.65 344.636 1956.01 1932.04 15 0 0 
201 170 14 3298.67 347.238 1951.43 1932.04 15 0 0 
202 170 14 3298.67 348.076 1950.6 1932.04 15 0 0 
205 173 14 3300.65 352.663 1947.99 1932.04 15 0 0 
208 175 14 3290.34 344.114 1946.22 2164.94 15 0 0 
208 175 14 3298.79 355.266 1943.52 2164.94 15 0 0 
215 181 14 3221.72 330.075 1891.65 1552.51 15 0 0 
231 196 14 3243.73 353.9 1889.83 1833.68 15 0 0 
243 207 14 3251.91 375.188 1876.72 2007.74 15 0 0 
299 256 14 3220.54 369.391 1851.14 1648.35 14 0 0 
299 256 14 3211.78 370.546 1841.23 1681.93 14 0 0 
300 257 14 3211.78 372.231 1839.55 1681.93 14 0 0 
303 259 14 3208 370.016 1837.99 1558.61 14 0 0 
310 265 14 3211.78 375.002 1836.78 1681.93 14 0 0 
339 290 14 3222.14 387.864 1834.28 1722.88 14 0 0 
354 303 14 3189.13 376.309 1812.82 1681.93 14 0 0 
358 308 14 3179.72 377.348 1802.38 1662.39 14 0 0 
582 497 14 3205.79 406.439 1799.35 1400.11 13 0 0 
585 499 14 3188.36 391.946 1796.42 1366.25 13 0 0 
593 507 14 3188.36 393.19 1795.17 1366.25 13 0 0 
602 514 14 3183.8 395.062 1788.74 1366.25 13 0 0 
607 519 14 3174.91 389.393 1785.52 1344.48 13 0 0 
608 520 14 3180.11 395.062 1785.05 1370.47 13 0 0 
1200 1028 14 3082.01 344.219 1737.79 808.059 10 0 0 
1202 1029 14 3068.79 344.219 1724.57 808.059 10 0 0 
1202 1030 14 3075 355.05 1719.95 808.059 10 0 0 
1206 1033 14 3054.42 342.208 1712.21 808.059 10 0 0 
1211 1037 14 3056.42 353.178 1703.24 808.059 10 0 0 
1218 1044 14 3053.06 356.768 1696.29 808.059 10 0 0 
1222 1047 14 3048 353.178 1694.82 808.059 10 0 0 
3972 3456 14 3000.03 308.991 1691.04 477.208 6 0 0 
3974 3458 14 3001.23 330.755 1670.48 471.312 6 0 0 
3991 3473 14 3000.07 330.755 1669.32 471.312 6 0 0 
3997 3479 14 3000.07 337.711 1662.36 471.312 6 0 0 
4005 3486 14 2996.75 337.711 1659.04 435.349 6 0 0 
4027 3506 14 2993.04 335.908 1657.13 402.538 6 0 0 
4033 3511 14 2991.81 337.711 1654.1 403.807 6 0 0 
4204 3665 14 2989.21 338.55 1650.66 469.113 6 0 0 
4206 3666 14 2989.21 338.893 1650.32 469.113 6 0 0 
4208 3669 14 2988.7 338.893 1649.8 469.113 6 0 0 
4226 3685 14 2988 338.651 1649.35 467.897 6 0 0 
4261 3716 14 2987.48 338.309 1649.17 467.897 6 0 0 
4261 3716 14 2987.48 338.651 1648.83 467.897 6 0 0 
4292 3744 14 2992.66 344.311 1648.35 467.897 6 0 0 
4632 4047 14 2981.02 336.408 1644.61 481.472 6 0 0 
4668 4080 14 2981.26 338.214 1643.04 481.472 6 0 0 
4743 4148 14 2981.2 338.214 1642.99 445.463 6 0 0 
4779 4181 14 2986.38 343.874 1642.51 445.463 6 0 0 
4780 4182 14 2986.27 344.991 1641.28 445.463 6 0 0 
4815 4213 14 2988.75 350.459 1638.29 445.463 6 0 0 
4842 4238 14 2989.86 351.819 1638.04 446.678 6 0 0 
4895 4286 14 2980.5 344.412 1636.09 465.862 6 0 0 
4904 4294 14 2944.22 309.936 1634.28 482.56 6 0 0 
4912 4301 14 2944.96 310.781 1634.18 465.862 6 0 0 
4915 4304 14 2948.05 318.492 1629.56 465.862 6 0 0 
4924 4311 14 2938.12 311.241 1626.88 465.862 6 0 0 
4938 4324 14 2941.21 318.953 1622.25 465.862 6 0 0 
5079 4450 14 2951.92 329.836 1622.08 465.862 6 0 0 
5125 4490 14 2951.92 331.673 1620.24 465.862 6 0 0 
5161 4522 14 2933.13 318.577 1614.55 465.862 6 0 0 
5168 4528 14 2934.15 326.28 1607.87 456.494 6 0 0 
