0 0 14 6576.8 979.042 4597.76 27575.6 93 206 3 
0 0 14 5333.33 573.943 3759.39 15626.4 56 110 1 
6 3 14 5201.45 590.021 3611.43 13884.2 55 34 1 
6 3 14 5213.93 648.424 3565.51 13931.6 55 34 1 
15 10 14 4872.57 710.748 3161.82 12380.3 49 29 2 
17 11 14 4787.96 716.741 3071.22 12172.2 47 28 2 
18 12 14 4761.85 723.452 3038.39 12002.6 47 28 2 
19 12 14 4490.21 547.755 2942.45 9512.71 47 13 1 
30 21 14 4426.36 524.485 2901.87 8206.87 42 1 1 
33 23 14 4234.75 360.097 2874.66 6327.47 36 0 0 
33 24 14 4234.21 360.097 2874.11 6113.25 36 0 0 
36 25 14 4170.36 336.683 2833.68 6020.7 33 0 0 
36 25 14 4045.13 341.683 2703.45 5436.04 32 0 0 
36 26 14 3982.88 341.683 2641.2 5135.3 32 0 0 
37 26 14 3982.88 345.403 2637.48 5135.3 32 0 0 
37 26 14 3978.92 351.332 2627.59 5129.02 32 0 0 
38 27 14 3978.92 352.186 2626.73 5129.02 32 0 0 
39 27 14 3964.19 379.532 2584.66 5200.36 32 0 0 
47 34 14 3917.07 372.981 2544.09 4949.56 32 0 0 
49 35 14 3863.06 383.835 2479.22 4777.54 32 0 0 
50 35 14 3831.98 379.532 2452.45 4786.63 32 0 0 
50 36 14 3752.52 376.532 2375.99 4488.42 32 0 0 
57 40 14 3759.04 407.788 2351.25 4579.72 32 0 0 
61 43 14 3746.44 397.831 2348.61 4461.34 31 0 0 
61 43 14 3743.22 397.831 2345.39 4447.52 31 0 0 
61 43 14 3752.47 419.838 2332.63 4502.96 30 0 0 
62 44 14 3747.53 415.007 2332.52 4577.75 30 0 0 
66 47 14 3741.67 435.254 2306.41 4431.01 28 0 0 
68 48 14 3687.02 425.253 2261.77 4300.92 26 0 0 
71 50 14 3685.47 425.253 2260.22 4304.6 26 0 0 
72 51 14 3658.72 425.253 2233.47 4436.08 26 0 0 
75 53 14 3665.25 433.991 2231.26 4436.08 26 0 0 
82 58 14 3659.8 430.939 2228.86 4420.89 26 0 0 
84 60 14 3654.03 430.084 2223.94 4136.42 26 0 0 
87 62 14 3610.25 410.138 2200.11 4258.02 25 0 0 
88 63 14 3572.07 398.441 2173.63 3575.47 25 0 0 
90 64 14 3457.43 348.524 2108.91 3277.64 22 0 0 
96 69 14 3469.53 383.337 2086.2 3268.34 22 0 0 
96 69 14 3460.97 383.337 2077.63 3255.69 22 0 0 
100 71 14 3459.49 383.337 2076.16 3230.02 22 0 0 
100 71 14 3459.57 388.168 2071.41 3230.1 22 0 0 
100 72 14 3453.05 399.949 2053.1 3135.1 22 0 0 
101 72 14 3448.8 399.949 2048.85 3111.34 22 0 0 
102 73 14 3440.43 399.949 2040.48 3135.1 22 0 0 
117 84 14 3425.55 385.657 2039.89 2934.56 22 0 0 
118 85 14 3427.76 401.086 2026.67 2961.38 22 0 0 
134 96 14 3422.04 414.862 2007.18 3123.22 22 0 0 
145 105 14 3384.44 381.469 2002.97 2660.32 21 0 0 
158 114 14 3312.5 310.947 2001.55 2267.83 19 0 0 
158 114 14 3312.5 311.986 2000.51 2267.83 19 0 0 
168 121 14 3293.8 297.616 1996.19 2191.7 18 0 0 
168 121 14 3293.8 300.568 1993.24 2191.7 18 0 0 
171 122 14 3263.79 287.792 1976 1919.76 17 0 0 
186 134 14 3232.52 300.365 1932.15 1744.27 15 0 0 
191 137 14 3227.52 296.216 1931.3 1744.27 15 0 0 
194 140 14 3267.69 340.538 1927.16 1783.88 15 0 0 
196 141 14 3266.6 340.538 1926.06 1783.88 15 0 0 
196 141 14 3258.09 340.538 1917.55 1769.82 15 0 0 
197 142 14 3252.36 345.593 1906.77 1769.82 15 0 0 
222 161 14 3217.92 321.962 1895.96 1712.2 14 0 0 
226 163 14 3217.92 322.804 1895.12 1712.2 14 0 0 
228 165 14 3197.99 313.828 1884.16 1718.43 14 0 0 
229 165 14 3186.66 308.694 1877.97 1701.56 14 0 0 
229 166 14 3173.8 298.049 1875.76 1661.38 14 0 0 
243 176 14 3180.46 310.528 1869.93 1592.22 14 0 0 
251 182 14 3166.29 310.618 1855.67 1718.57 14 0 0 
251 182 14 3105.32 258.306 1847.01 1079.45 14 0 0 
298 218 14 3174.94 329.653 1845.29 1560.59 13 0 0 
314 229 14 3134.85 311.789 1823.06 1324.05 12 0 0 
333 244 14 3136.63 313.617 1823.01 1096.81 11 0 0 
339 248 14 3109.97 294.767 1815.2 1096.81 11 0 0 
357 261 14 3127.61 325.522 1802.09 1144.51 11 0 0 
357 261 14 3121.82 328.6 1793.22 1121.65 11 0 0 
358 261 14 3121.82 331.725 1790.09 1121.65 11 0 0 
359 262 14 3121.71 331.869 1789.84 1121.65 11 0 0 
359 263 14 3106.76 327.626 1779.13 1121.65 11 0 0 
363 265 14 3119.09 345.314 1773.77 1123.41 11 0 0 
366 267 14 3116.19 344.341 1771.85 1149.54 11 0 0 
366 267 14 3116.19 345.314 1770.88 1149.54 11 0 0 
373 272 14 3074.64 308.577 1766.06 1096.81 11 0 0 
374 273 14 3066.13 308.577 1757.55 1082.76 11 0 0 
649 477 14 3081.19 326.046 1755.14 768.991 8 0 0 
660 485 14 3065.81 311.241 1754.57 759.537 8 0 0 
665 489 14 3062.81 310.25 1752.56 759.537 8 0 0 
710 522 14 3070.88 331.138 1739.75 762.12 8 0 0 
1227 905 14 3004.51 266.726 1737.78 280.341 5 0 0 
1227 905 14 3004.85 267.414 1737.44 280.341 5 0 0 
1393 1031 14 2981.91 255.119 1726.79 280.341 5 0 0 
1394 1032 14 2978.01 256.236 1721.77 280.341 5 0 0 
1480 1097 14 2972.79 253.919 1718.87 335.734 5 0 0 
1480 1097 14 2972.68 255.036 1717.64 335.734 5 0 0 
1694 1258 14 2970.53 253.684 1716.85 273.421 5 0 0 
1734 1288 14 2962.3 251.38 1710.92 269.648 5 0 0 
1757 1305 14 2962.3 251.723 1710.58 269.648 5 0 0 
1761 1308 14 2957.54 248.527 1709.01 269.648 5 0 0 
1777 1320 14 2956.59 248.185 1708.4 269.648 5 0 0 
