0 0 10 18480.3 5365.15 4115.18 119507 91 620 4 
0 0 10 15773.4 3344.14 3429.21 74723.7 55 570 4 
1 0 10 16354.8 3876.87 3477.93 98353 53 620 2 
1 0 10 15411.1 3184.79 3226.28 57506.7 48 410 3 
1 0 10 15431.3 3238.69 3192.58 56756.3 47 460 3 
1 0 10 14966.6 2857.94 3108.62 54680.1 44 460 3 
2 0 10 14777 2681.32 3095.64 54268.8 43 460 3 
3 1 10 14694.6 2623.48 3071.1 52254.2 41 450 3 
8 5 10 14510.7 2451.19 3059.49 49137.3 39 440 3 
8 5 10 14421.2 2352.99 3068.18 47101.6 38 420 3 
12 8 10 14086.1 2265.64 2820.5 50861 37 470 2 
14 10 10 13983.4 2173.51 2809.88 50062 36 470 2 
18 13 10 13705.4 1975.18 2730.26 46205.2 35 430 2 
22 16 10 13729.3 1976.18 2753.17 45165.9 34 420 2 
24 17 10 13585.1 1909.18 2675.88 41620 33 410 2 
26 19 10 13631.8 1881.43 2750.4 41106.8 32 360 2 
29 21 10 13388.3 1752.65 2635.7 37121.8 31 340 2 
32 24 10 13391.9 1797.57 2594.31 36286.3 30 320 2 
39 30 10 13247.2 1703.09 2544.12 33810.9 29 310 3 
43 33 10 13125.5 1594.89 2530.59 33047.6 28 320 3 
54 41 10 12976.1 1517.41 2458.72 31027.6 27 320 3 
57 44 10 12883.9 1393.29 2490.62 29167.8 26 300 3 
64 49 10 12722.7 1264.91 2457.83 27861.1 24 330 2 
76 58 10 12639.9 1198.86 2441.02 25914.5 23 300 2 
83 64 10 12480.4 1104.9 2375.53 24235.6 22 270 2 
101 77 10 12241.3 955.535 2285.74 22409.7 21 250 2 
106 81 10 12147.4 855.975 2291.38 20299.9 20 240 2 
198 153 10 12043.8 765.618 2278.19 18497.2 19 220 2 
225 173 10 11917.2 639.222 2278.01 16806.4 18 200 2 
253 195 10 11795.6 534.573 2261.03 15169 17 180 2 
271 209 10 11650.3 437.749 2212.6 13880.1 16 170 2 
416 318 10 11680.7 437.749 2242.95 15611.5 15 170 2 
511 391 10 11625.2 420.758 2204.46 15703.9 14 160 1 
573 438 10 11533.4 411.568 2121.86 13994.7 13 120 1 
2300 1770 10 11424.3 378.195 2046.13 12899 12 110 1 
4158 3196 10 11293.1 384.071 1909.05 11269.3 11 100 1 
4536 3492 10 11274.8 434.483 1840.28 11149.6 10 100 1 
