0 0 10 17373.1 4206.91 4166.19 131959 90 670 4 
0 0 10 16899.4 4289.39 3609.96 94135.5 56 430 2 
0 0 10 16824.1 4289.39 3534.69 90728.5 55 440 2 
1 0 10 16520.4 4037.79 3482.63 107506 54 690 2 
1 0 10 15499.9 2988.85 3511.07 101328 46 610 2 
1 0 10 15384.4 2886.15 3498.27 99839.9 45 600 2 
3 1 10 15293.2 2777.81 3515.42 95894.1 44 570 2 
4 1 10 15194.9 2687 3507.94 94242.1 43 550 2 
4 2 10 14799 2535.28 3263.7 88099.5 40 430 1 
5 3 10 14493.7 2265.66 3228.05 84414.5 39 440 1 
7 4 10 14164.4 1992.92 3171.46 61441.7 38 420 2 
7 4 10 14066.3 1928.34 3138.01 58629.7 37 420 2 
9 6 10 14023.8 1928.34 3095.43 55353.2 36 400 2 
10 6 10 13811.7 1695.22 3116.51 56760 35 390 2 
12 8 10 13880.7 1765.67 3115.01 50839.8 34 340 2 
13 9 10 13890.7 1739.43 3151.26 50768.9 33 340 2 
16 12 10 13738.4 1798.7 2939.71 53434.2 32 360 2 
18 13 10 13552.3 1706.18 2846.14 49001.1 31 350 2 
21 16 10 13303.6 1488.04 2815.56 48135.5 30 360 3 
31 24 10 13234.4 1531.46 2702.93 48210.6 29 360 3 
34 26 10 13214.1 1560.02 2654.12 42698.1 28 290 3 
43 35 10 13064.1 1448.59 2615.53 39472.5 27 270 3 
51 41 10 12970.9 1357.88 2613.05 36894.6 26 240 3 
53 42 10 12912.3 1300.49 2611.79 36587.7 25 240 3 
65 53 10 12456.2 1099.23 2357.02 17972.7 23 140 4 
81 67 10 12500.6 1044.06 2456.51 19783.6 22 180 4 
91 76 10 12221.2 905.775 2315.45 15095.8 21 140 4 
107 91 10 12126 790.188 2335.82 13886 20 130 4 
111 95 10 12202.5 903.311 2299.18 14618 19 140 4 
128 110 10 12018.5 813.166 2205.31 12819.6 18 110 4 
138 120 10 11953.7 757.775 2195.95 12601.3 17 140 4 
271 241 10 11841.9 621.633 2220.31 11893 16 140 4 
810 714 10 11739 537.872 2201.13 10674.5 15 120 4 
1146 1011 10 11620.5 455.994 2164.51 9657.14 14 100 4 
2005 1772 10 11627.8 432.699 2195.08 9664.62 13 80 4 
