Agent: 0ids: 31 49 17 10 34 30 11 5 21 0 45 15 42 36 14 20 48 9 37 8 3 24 6 41 40 29 33 
Agent: 1ids: 25 17 4 32 
Agent: 2ids: 13 
Agent: 3ids: 33 19 20 26 30 4 6 16 22 37 38 29 40 44 3 21 7 27 17 12 2 11 1 45 
Agent: 4ids: 48 3 
Agent: 5ids: 45 35 22 4 47 27 14 
Agent: 6ids: 12 28 39 11 43 27 10 32 14 21 23 4 46 26 
Agent: 7ids: 28 35 44 38 26 48 23 20 24 32 4 34 18 0 37 19 22 
Agent: 8ids: 15 16 2 3 14 31 49 33 10 6 43 46 0 27 44 28 34 39 
Agent: 9ids: 8 31 44 45 0 17 37 20 33 10 12 28 29 35 15 26 2 46 48 47 38 34 25 23 41 7 39 18 32 5 43 30 16 40 42 19 22 49 14 3 24 13 1 36 27 21 4 11 6 
Agent: 10ids: 12 37 42 6 21 17 35 29 0 10 15 33 43 4 18 48 45 31 49 7 8 32 11 36 28 3 
Agent: 11ids: 22 8 41 49 29 13 17 3 19 14 33 
Agent: 12ids: 29 9 39 27 24 4 20 14 18 6 38 33 46 37 16 49 44 12 25 35 11 10 41 26 21 19 2 36 0 8 5 17 15 43 1 13 28 47 45 42 40 7 34 
Agent: 13ids: 22 36 10 5 16 
Agent: 14ids: 25 9 17 42 20 33 47 37 18 12 6 36 27 5 34 38 1 46 43 10 49 28 23 15 44 32 40 29 35 0 3 31 30 16 7 8 21 24 19 48 13 26 41 11 39 45 2 22 4 
Agent: 15ids: 24 13 5 45 48 44 49 25 11 40 4 31 21 20 9 18 34 14 38 8 33 16 7 22 42 12 2 23 36 
Agent: 16ids: 41 34 46 45 25 22 9 7 23 10 6 20 12 49 47 4 15 29 28 40 11 39 5 37 13 18 35 31 16 1 21 19 43 3 36 26 24 
Agent: 17ids: 31 33 1 15 9 47 32 30 16 28 35 49 13 
Agent: 18ids: 10 34 1 47 29 48 35 31 26 36 16 0 33 30 18 8 15 7 41 12 32 28 49 19 9 23 24 5 40 22 14 25 27 6 37 43 38 39 45 21 46 44 13 17 2 4 42 11 
Agent: 19ids: 32 13 28 1 30 41 5 2 
Agent: 20ids: 7 24 30 22 15 25 42 6 46 4 44 0 38 8 32 11 10 3 14 33 37 28 1 13 27 47 21 12 40 
Agent: 21ids: 45 5 10 28 15 7 49 42 23 48 38 31 1 17 47 46 12 40 8 9 20 30 0 3 24 11 32 22 39 18 37 36 41 27 25 16 6 
Agent: 22ids: 8 14 42 19 38 30 36 4 34 6 7 5 24 29 44 3 49 37 48 18 16 26 45 31 43 17 27 47 21 28 32 10 39 11 
Agent: 23ids: 15 4 14 42 18 6 39 20 12 16 49 7 
Agent: 24ids: 8 14 42 27 5 44 48 49 31 34 40 9 0 45 12 7 47 20 19 23 35 38 1 43 33 28 30 24 37 3 32 
Agent: 25ids: 8 2 40 21 10 35 17 30 36 20 38 9 6 48 45 46 49 27 1 33 34 13 31 11 41 24 14 0 3 29 47 32 28 23 25 16 42 18 
Agent: 26ids: 4 27 49 32 22 30 9 46 7 3 39 20 14 42 38 10 33 2 0 29 15 37 28 47 18 31 40 44 13 17 35 41 11 19 26 1 16 48 24 23 6 34 36 5 
Agent: 27ids: 32 48 1 29 14 37 13 10 35 23 34 28 46 8 49 11 19 6 36 0 43 40 30 3 20 17 42 41 47 2 5 38 12 16 
Agent: 28ids: 42 28 11 12 14 41 21 10 34 4 33 23 0 7 48 13 40 44 43 27 25 
Agent: 29ids: 36 8 
Agent: 30ids: 24 15 0 2 45 1 46 25 31 34 27 26 4 18 21 10 41 14 36 13 33 38 9 40 43 29 42 39 6 11 16 32 22 7 44 47 37 3 35 5 30 8 23 48 
Agent: 31ids: 0 32 6 15 23 41 3 35 5 49 42 33 43 24 34 25 30 28 46 12 20 21 10 36 38 39 2 14 13 29 11 17 1 37 16 27 9 44 31 18 48 26 40 47 45 4 
Agent: 32ids: 8 14 31 29 27 21 20 32 22 44 42 17 11 36 39 6 33 2 37 26 0 1 19 30 38 15 45 16 40 7 12 13 48 43 35 10 9 41 4 49 28 46 47 25 23 3 5 
Agent: 33ids: 0 27 30 11 23 7 49 40 42 29 48 2 13 36 38 19 39 6 31 26 20 35 43 24 25 22 37 15 17 46 4 12 14 1 21 33 47 5 
Agent: 34ids: 13 46 7 36 15 47 28 27 20 19 32 18 34 42 9 17 1 41 12 23 31 3 29 11 
Agent: 35ids: 2 20 29 7 40 3 27 12 6 48 10 49 24 39 9 0 36 4 37 21 8 16 
Agent: 36ids: 29 40 5 12 4 23 15 32 2 17 18 0 38 25 9 37 6 3 27 43 28 7 10 14 11 30 21 16 19 13 47 20 36 24 33 
Agent: 37ids: 19 32 30 39 43 20 46 7 18 36 42 29 21 17 4 26 14 16 34 13 25 15 38 22 3 10 0 31 11 49 33 12 47 23 37 2 41 8 45 48 6 9 44 27 35 24 40 5 28 
Agent: 38ids: 42 11 9 7 26 3 5 30 34 48 33 49 18 40 2 15 25 6 23 1 32 46 44 36 13 38 14 4 35 41 10 20 45 31 19 16 22 17 37 
Agent: 39ids: 38 31 27 14 45 16 43 9 2 5 6 23 21 4 
Agent: 40ids: 27 48 41 12 15 14 21 3 
Agent: 41ids: 22 37 42 23 48 29 43 20 39 47 36 49 10 13 40 31 0 46 
Agent: 42ids: 38 41 28 14 5 
Agent: 43ids: 42 45 0 48 21 8 19 4 34 46 3 32 33 14 2 12 29 47 28 13 35 22 30 38 27 39 9 1 10 23 20 49 18 
Agent: 44ids: 19 45 10 16 4 43 
Agent: 45ids: 11 27 7 28 37 20 5 12 48 3 39 15 26 22 18 6 16 41 13 35 47 1 49 17 32 21 45 44 4 24 9 23 34 42 
Agent: 46ids: 35 15 4 19 26 11 28 47 23 48 5 29 27 33 21 38 22 3 46 18 49 37 14 42 45 1 39 12 40 2 
Agent: 47ids: 40 26 42 38 43 9 41 33 12 49 7 4 35 25 45 13 46 11 36 32 0 15 14 28 24 2 3 20 39 37 19 5 
Agent: 48ids: 47 35 20 9 5 19 
Agent: 49ids: 15 5 47 21 24 23 46 31 11 6 
0 0 10 18050.9 4899.85 4151.09 105302 87 410 3 
0 0 10 15099.6 2828.17 3271.41 60013 45 320 3 
1 0 10 15039.2 2844.09 3195.07 59592.8 44 350 4 
3 1 10 14942.9 2743.37 3199.56 56447.7 43 340 4 
5 2 10 14715.7 2547.99 3167.68 54461.7 42 320 3 
5 2 10 14591.7 2452.06 3139.66 53091 41 320 3 
5 3 10 14496.7 2362.06 3134.63 51461.7 40 320 3 
8 5 10 14330.5 2271.96 3058.55 49820.2 39 300 3 
12 8 10 14263.2 2132.67 3130.55 47511.7 38 300 2 
12 9 10 14217.3 2099.47 3117.79 47254.9 37 300 2 
12 9 10 14124.1 2005.8 3118.28 46173.3 36 300 2 
15 12 10 14168.6 2043.45 3125.14 43759.5 35 280 2 
18 14 10 13968 2026.1 2941.91 39409.6 34 330 3 
19 15 10 13936.7 1926.85 3009.81 39408.7 33 330 3 
24 19 10 13955.8 1836.18 3119.65 38737.3 32 330 3 
29 24 10 13830 1769.72 3060.29 36440 31 300 3 
31 26 10 13666.4 1642.84 3023.58 36107.2 30 290 3 
57 49 10 13470.5 1537.79 2932.74 33933.1 29 290 3 
65 56 10 13268.9 1445.09 2823.76 30909.3 28 290 3 
71 61 10 13115.7 1353.75 2761.93 29423.6 27 280 3 
83 72 10 12990.7 1260.82 2729.85 28293.3 26 280 3 
89 78 10 12964 1213.3 2750.75 26852.7 25 280 4 
93 81 10 12845.4 1118.87 2726.52 25904.2 24 280 4 
96 84 10 12701.7 1081.23 2620.49 25043 23 300 4 
104 91 10 12619.2 991.844 2627.4 21664.5 22 270 3 
105 92 10 12578.6 1023.32 2555.29 23504 21 320 3 
107 94 10 12451.2 1064.16 2387.08 21512.5 20 300 3 
126 110 10 12299.2 986.952 2312.28 20537.6 19 230 3 
127 111 10 12088.3 932.701 2155.61 18188.5 18 170 3 
134 117 10 11886.7 889.129 1997.55 16992.6 17 170 2 
136 119 10 11757.6 797.349 1960.26 15308 16 170 2 
138 121 10 11648.2 661.266 1986.97 14559.1 15 180 2 
142 124 10 11442.4 548.075 1894.28 13499.3 14 180 2 
155 137 10 11291.1 453.52 1837.57 11613.9 13 160 2 
198 179 10 11227.7 320.137 1907.53 10082.5 12 150 2 
204 185 10 11168.5 264.441 1904.1 8698.31 11 130 2 
403 367 10 11051.7 322.594 1729.06 7240.27 10 80 1 
799 731 10 11029.3 288.206 1741.13 6485.28 9 80 1 
819 750 10 10865.8 207.453 1658.32 4978.56 8 110 2 
1311 1239 10 10823.7 207.453 1616.27 4396.52 7 70 2 
