0 0 10 16911.6 3582.93 4328.7 169937 88 840 3 
0 0 10 16662.9 4002.32 3660.55 102869 62 650 3 
0 0 10 16246.4 3816.19 3430.19 95872.6 61 610 3 
1 0 10 16446 4027.5 3418.5 81655.3 56 570 3 
1 0 10 16133.8 3770.34 3363.5 78752.7 54 550 3 
1 0 10 15722.3 3621.09 3101.2 63807.1 52 420 3 
1 0 10 15956.5 3545.75 3410.71 129078 50 770 2 
2 0 10 15903.4 3449.62 3453.76 124766 49 740 2 
3 1 10 15795.5 3358.99 3436.49 119745 48 740 2 
4 1 10 15690.3 3229.46 3460.85 115362 47 720 2 
5 2 10 15581.2 3153.72 3427.45 113319 46 700 2 
6 3 10 15489.8 3025.64 3464.13 109124 45 700 2 
6 3 10 15285 2909.59 3375.41 105009 44 690 2 
7 4 10 15182.8 2789.57 3393.28 100742 43 670 2 
9 6 10 14637.9 2387.56 3250.31 55576.8 40 560 3 
11 8 10 14537.3 2294.91 3242.37 53385.7 39 550 3 
12 9 10 14224.2 2104.4 3119.8 50779.3 38 530 3 
15 11 10 14094.3 1990.95 3103.31 48790.5 37 520 3 
16 12 10 13999.3 1883.47 3115.83 46832.6 36 470 3 
17 13 10 13804.7 1687.45 3117.27 45291.6 35 460 3 
18 14 10 13786.3 1690.87 3095.42 44070.3 34 470 3 
18 14 10 13421.4 1509.3 2912.07 38709.1 32 400 2 
19 15 10 13213.5 1370.59 2842.93 36375.3 31 390 2 
23 18 10 13116.7 1326.26 2790.48 35420.2 30 390 2 
24 19 10 13022.6 1326.26 2696.3 36717.2 29 400 2 
29 24 10 12924.1 1234.87 2689.25 34373.3 28 390 2 
30 24 10 12871.8 1186.72 2685.04 32018.9 27 350 2 
33 27 10 12763.4 1110.55 2652.87 30802.8 26 330 2 
34 28 10 12712.7 1126.89 2585.78 30402.9 25 330 2 
36 29 10 12621.7 1079.93 2541.78 28428.1 24 320 2 
37 31 10 12555.6 1024.35 2531.29 27625.6 23 350 2 
64 55 10 12404.6 996.544 2408.03 25232.6 22 280 2 
69 60 10 12258.4 925.581 2332.79 22539.2 21 260 2 
73 64 10 12172.3 894.059 2278.29 20987 20 260 2 
82 72 10 12009.9 820.325 2189.55 18300.9 19 220 2 
119 106 10 11918.1 725.661 2192.4 16626.5 18 170 2 
157 142 10 11826.7 661.997 2164.73 15021.1 17 170 2 
163 148 10 11719.4 549.193 2170.17 13101.6 16 170 2 
218 198 10 11762.9 549.193 2213.68 12045.5 15 160 2 
