Agent: 0ids: 5 8 7 46 47 4 41 25 
Agent: 1ids: 16 14 19 46 24 42 38 11 
Agent: 2ids: 28 48 26 37 34 1 44 33 22 8 41 25 15 12 0 29 11 43 36 13 5 9 7 3 27 18 16 39 35 47 20 30 2 6 38 49 23 
Agent: 3ids: 46 4 34 2 42 14 28 43 1 49 23 11 29 38 16 21 17 48 25 9 7 30 5 19 8 18 35 26 12 47 6 22 24 31 44 3 32 36 40 45 33 20 15 41 39 0 
Agent: 4ids: 42 7 17 41 35 28 1 45 20 44 32 19 37 34 29 27 8 36 6 26 0 12 16 43 24 11 3 46 10 
Agent: 5ids: 0 
Agent: 6ids: 14 3 16 40 13 15 37 23 9 30 29 0 26 19 38 35 45 10 46 47 21 25 4 6 12 27 20 18 33 34 31 17 43 5 32 24 48 7 42 11 44 36 1 2 28 41 8 
Agent: 7ids: 18 36 47 13 31 43 35 19 9 10 40 27 22 29 41 38 32 16 12 26 1 42 45 8 7 49 39 48 6 28 23 25 5 17 11 30 
Agent: 8ids: 49 24 13 31 2 35 45 21 15 30 36 14 25 44 1 8 22 29 11 43 40 38 46 47 48 17 20 5 41 
Agent: 9ids: 45 15 25 26 1 17 14 13 32 7 20 38 2 36 29 21 48 23 30 33 44 40 18 41 22 47 12 11 42 39 31 
Agent: 10ids: 19 5 29 25 11 26 24 38 30 45 46 22 0 23 13 14 32 31 6 15 27 35 47 17 9 8 48 43 36 37 41 1 34 18 10 44 42 7 21 3 4 28 20 49 33 12 16 39 40 
Agent: 11ids: 32 45 23 9 1 25 42 8 26 16 22 
Agent: 12ids: 36 26 49 48 10 12 34 2 31 37 15 46 38 8 28 14 25 5 9 44 16 33 0 30 23 3 41 42 13 19 
Agent: 13ids: 15 5 39 13 19 3 1 45 16 10 18 48 29 17 44 23 2 22 37 4 24 6 40 38 32 7 31 27 20 46 30 14 42 
Agent: 14ids: 7 44 47 20 0 36 14 38 25 10 34 33 11 16 45 17 32 39 19 8 42 4 37 15 48 27 12 31 46 18 2 22 3 6 49 21 29 40 30 13 41 28 26 35 43 24 
Agent: 15ids: 32 36 30 28 16 39 0 44 15 18 4 38 6 19 
Agent: 16ids: 15 26 11 13 12 17 19 14 22 1 8 2 41 34 5 44 27 
Agent: 17ids: 1 8 22 41 26 9 21 
Agent: 18ids: 9 4 42 25 35 24 38 5 19 17 13 7 32 3 37 23 12 28 16 44 
Agent: 19ids: 13 42 46 18 36 17 44 41 1 
Agent: 20ids: 23 4 8 39 6 26 46 29 18 24 0 10 37 21 27 14 28 5 15 25 33 30 45 31 9 41 36 49 7 1 11 22 12 48 2 19 44 34 
Agent: 21ids: 33 9 12 46 24 17 13 8 47 37 43 45 34 42 20 0 11 18 22 14 30 39 2 31 48 3 32 1 6 26 38 7 36 23 25 16 27 10 5 15 35 21 44 40 28 4 41 19 49 
Agent: 22ids: 10 28 18 47 13 29 8 40 48 5 1 32 15 3 38 24 30 46 26 16 6 7 43 42 0 
Agent: 23ids: 8 9 35 25 30 49 23 24 42 22 36 2 0 48 5 46 16 41 40 29 20 47 7 39 4 14 37 10 18 34 38 
Agent: 24ids: 42 5 1 38 25 12 10 18 21 31 7 15 33 27 28 4 46 34 43 23 45 11 24 29 47 49 16 44 17 6 40 8 20 30 22 
Agent: 25ids: 41 27 29 31 3 45 10 39 
Agent: 26ids: 24 2 18 22 1 10 27 23 19 8 48 11 31 9 4 
Agent: 27ids: 15 22 5 21 12 40 7 41 35 
Agent: 28ids: 29 24 9 39 22 36 4 48 5 15 7 13 30 49 8 31 34 12 35 14 19 25 16 0 11 26 46 37 43 
Agent: 29ids: 27 48 7 30 36 47 26 34 35 17 44 41 5 4 49 15 33 31 28 18 25 
Agent: 30ids: 0 41 9 23 44 3 43 29 48 5 18 7 32 20 16 19 45 8 15 24 27 34 11 25 4 6 26 1 39 30 21 12 17 10 49 14 42 28 36 31 33 35 22 13 46 37 
Agent: 31ids: 5 13 3 2 48 26 32 14 29 31 21 4 42 45 8 30 1 9 24 43 16 17 22 25 27 38 35 33 36 37 23 
Agent: 32ids: 12 48 9 42 2 25 49 38 19 29 0 40 45 31 13 6 30 37 17 24 36 21 39 14 47 4 44 23 34 43 16 11 3 1 20 28 7 33 18 10 5 27 32 46 15 35 8 26 22 
Agent: 33ids: 6 29 47 19 45 17 21 46 9 18 
Agent: 34ids: 17 16 41 28 10 15 33 13 9 25 18 12 27 24 38 35 49 36 44 39 5 22 21 11 8 32 3 26 6 29 2 0 1 31 40 4 43 7 46 34 
Agent: 35ids: 0 46 20 37 40 
Agent: 36ids: 15 47 5 1 43 17 13 4 26 39 45 42 34 30 12 20 40 18 41 2 36 35 21 9 11 29 6 7 
Agent: 37ids: 23 24 37 15 41 26 
Agent: 38ids: 29 38 30 31 18 3 8 41 39 28 36 17 46 40 45 22 15 11 4 10 16 35 21 27 47 6 14 44 42 43 32 
Agent: 39ids: 20 3 43 15 28 
Agent: 40ids: 14 
Agent: 41ids: 31 30 39 45 0 49 46 27 17 38 44 10 5 15 33 26 9 14 21 20 34 43 3 8 22 29 19 41 11 24 16 25 6 47 35 13 
Agent: 42ids: 13 24 26 32 15 40 47 27 2 9 12 34 19 18 45 39 42 22 48 10 30 31 16 4 37 23 21 14 1 0 11 7 20 6 28 29 
Agent: 43ids: 8 6 12 18 17 2 37 25 3 49 28 16 15 34 11 10 22 48 0 4 38 29 9 35 33 14 36 13 
Agent: 44ids: 7 17 37 42 16 
Agent: 45ids: 44 23 17 28 5 40 41 30 46 14 36 47 13 22 9 38 16 33 37 35 18 12 11 42 48 4 1 24 20 8 45 32 6 39 34 10 26 3 27 15 21 43 
Agent: 46ids: 25 49 43 9 14 32 5 28 27 0 8 21 31 23 29 48 11 4 44 26 24 36 15 46 33 22 2 7 3 39 18 17 19 20 30 12 1 45 10 47 16 41 
Agent: 47ids: 39 25 27 9 8 12 2 44 26 29 21 46 15 18 19 30 28 31 
Agent: 48ids: 44 39 16 25 23 6 20 18 8 46 11 19 33 24 15 34 48 3 30 35 43 17 42 
Agent: 49ids: 32 5 19 27 4 44 34 10 3 24 37 13 26 25 36 
0 0 10 18375.8 5299.28 4076.5 125465 87 600 4 
0 0 10 16055.2 3620.95 3434.27 78370.4 52 470 3 
0 0 10 15441.2 3072.81 3368.38 74898.7 51 350 2 
2 0 10 15729.3 3424.99 3304.32 78059.6 48 610 3 
4 1 10 15491.3 3384.02 3107.25 77443.1 47 580 3 
4 1 10 15364.9 3264.74 3100.21 73789.5 46 570 3 
5 2 10 15244.9 3163.64 3081.23 70854.6 45 550 3 
7 4 10 15141.2 3067.62 3073.62 72234.4 44 570 3 
7 4 10 15189.6 3067.62 3121.93 72220.3 43 570 3 
8 4 10 14891.7 2787.41 3104.26 74601.3 42 570 3 
9 5 10 14699.8 2714.47 2985.33 60515.2 41 530 4 
10 7 10 14570.5 2615.45 2955.02 58649.6 40 510 4 
13 9 10 14512.2 2575.15 2937.08 57955.1 39 490 4 
14 10 10 14231.3 2359.55 2871.76 56768.5 36 480 2 
16 11 10 13902.2 2141.35 2760.84 31455.5 35 230 3 
18 14 10 13603.9 1921.58 2682.35 29221.2 33 200 3 
20 15 10 13516.1 1905.56 2610.54 29837.2 32 220 3 
21 16 10 13382.4 1815.09 2567.26 27894.9 31 210 3 
21 16 10 13186.8 1724.99 2461.86 26933.7 29 210 3 
25 19 10 13031.1 1629.96 2401.1 24785.1 28 210 3 
27 22 10 12975.1 1560.42 2414.72 23298.4 27 210 3 
30 24 10 12848 1438.78 2409.23 21806.8 26 200 3 
34 28 10 12629.4 1257.13 2372.26 20537.9 25 200 2 
36 29 10 12562.8 1194.07 2368.73 20258.5 24 200 2 
47 40 10 12511.9 1124.21 2387.64 19718.2 23 180 2 
54 46 10 12456.1 1087.32 2368.82 19268.8 22 180 2 
126 109 10 12347 995.152 2351.83 17874.6 21 170 2 
133 116 10 12253.5 903.718 2349.79 17017.8 20 170 3 
275 247 10 12148.4 771.718 2376.67 16572 19 180 3 
292 262 10 12017.1 666.768 2350.3 15074 18 160 2 
365 326 10 11884.9 568.652 2316.29 13412.7 17 150 2 
408 362 10 11834.3 587.01 2247.3 12958.1 16 170 2 
442 391 10 11768.3 549.696 2218.56 11866.2 15 170 2 
459 406 10 11619.9 516.922 2102.95 11741.7 14 200 3 
568 497 10 11466.7 467.666 1999.08 10619.5 13 180 3 
932 795 10 11300.9 408.983 1891.9 9704.43 12 210 2 
