0 0 10 17967.9 4665.85 4302.09 128616 91 690 3 
0 0 10 14958.4 2457.02 3501.39 88880.1 53 620 3 
1 0 10 14938 2476.74 3461.21 84177.3 50 550 3 
2 0 10 15155.6 3155.9 2999.65 62066.1 45 380 2 
4 1 10 15024.5 3052.98 2971.56 59416.3 44 380 3 
5 2 10 14450.2 2595.89 2854.29 50433.3 42 350 4 
6 3 10 14362.8 2586.82 2775.97 44843.4 41 350 4 
7 4 10 14265.1 2495.04 2770.06 42540.1 40 340 4 
8 4 10 14028.5 2340.5 2687.96 52894.3 39 440 3 
9 5 10 13949.9 2250.16 2699.76 51669.9 38 440 3 
10 6 10 13808.3 2123.65 2684.68 48299.2 37 400 3 
11 7 10 13714.3 2079.42 2634.86 48064.1 36 420 3 
12 8 10 13618.3 1994.6 2623.75 47112.2 35 480 3 
14 9 10 13484.2 1869.55 2614.64 44306.6 34 450 3 
16 11 10 13252.1 1679.74 2572.33 59353.7 33 480 2 
17 12 10 13194.6 1632.74 2561.81 58036.5 32 470 2 
17 12 10 13102.6 1541.97 2560.62 54335.3 31 470 2 
27 20 10 13001 1541.97 2458.98 51336.5 30 460 2 
30 23 10 12912.9 1454.58 2458.31 48294.1 29 460 2 
34 26 10 12820.8 1359.81 2460.97 45099 28 450 2 
36 28 10 12885.9 1488.21 2397.64 40337.3 27 420 2 
39 30 10 12744.4 1395.86 2348.56 37206.7 26 390 2 
40 32 10 12626.9 1303.69 2323.24 32887.4 25 340 2 
51 41 10 12517.3 1281.22 2236.04 32356.9 24 320 2 
61 50 10 12442.2 1152.29 2289.9 30421.5 23 310 2 
73 60 10 12349 1072.5 2276.55 28913 22 300 2 
73 60 10 12054.4 852.228 2202.2 26675.9 21 270 2 
74 61 10 12007.2 852.228 2155 24253.2 20 260 2 
81 67 10 11857.3 762.214 2095.1 23504.4 19 280 2 
165 139 10 11730 650.196 2079.79 21068 18 270 2 
251 213 10 11671.6 525.003 2146.6 19491.6 17 260 2 
266 227 10 11613.3 486.489 2126.77 17966.5 16 270 2 
275 235 10 11606.3 564.673 2041.58 15450.2 15 200 2 
296 253 10 11485 495.297 1989.67 14072.7 14 200 3 
316 271 10 11369.6 405.162 1964.4 13061.9 13 180 2 
490 426 10 11263 260.68 2002.34 11307.2 12 170 1 
