0 0 10 18300.1 4946.15 4353.96 156499 94 730 4 
0 0 10 16651 4047.97 3603 120324 55 710 2 
0 0 10 15676.7 3250.39 3426.34 62939.7 53 380 2 
0 0 10 15574 3133.5 3440.5 62140.8 52 380 2 
1 0 10 14851.3 2709.93 3141.4 69611.6 48 420 3 
3 1 10 14900.6 2709.93 3190.69 72047.5 47 430 3 
3 1 10 14695.9 2729.77 2966.11 84678.4 46 470 2 
3 1 10 14755.8 2729.77 3025.99 82534.1 45 460 2 
4 2 10 14644.4 2633.21 3011.23 81619.6 44 460 2 
4 2 10 14079.1 2134.73 2944.4 78485.2 42 390 1 
7 4 10 14444.5 2533.85 2910.63 76516.2 40 430 2 
7 4 10 13924.1 2091.02 2833.08 77190 39 420 2 
7 5 10 14110.8 2357.46 2753.34 74414.3 36 440 2 
9 6 10 13721.5 1988.99 2732.49 72024.5 35 380 1 
14 10 10 13705.7 1941.15 2764.57 68224 34 360 1 
14 11 10 13909.1 2097.48 2811.64 68362.5 33 390 1 
16 12 10 13763.9 2031.31 2732.64 64805.2 32 380 1 
18 14 10 13654.3 1936.04 2718.3 60527 31 340 1 
25 20 10 13557.2 1844.85 2712.34 57017.4 30 330 2 
27 22 10 13427.1 1753.35 2673.8 55523.3 29 320 1 
30 24 10 13293.1 1602.75 2690.38 54371.2 28 360 1 
32 25 10 13240.5 1607.06 2633.48 54208.5 27 350 1 
33 27 10 13100.4 1516.39 2583.98 50050.4 26 340 1 
35 28 10 12975.1 1428 2547.13 46745.2 25 330 1 
35 28 10 12866.5 1335.15 2531.37 43445.6 24 310 1 
38 30 10 12786.7 1301.21 2485.52 43940.4 23 320 1 
40 31 10 12666.5 1209.91 2456.64 40471.7 22 280 1 
45 36 10 12517.6 1010.66 2506.98 36753.6 21 260 1 
45 37 10 12360.7 978.325 2382.4 35874.9 20 260 1 
47 38 10 12260.8 890.982 2369.84 33362.2 19 250 1 
49 40 10 12160.2 799.246 2360.92 30724 18 240 1 
116 93 10 11937.9 721.039 2216.81 26804.4 17 250 1 
121 97 10 11897.6 697.599 2199.97 24734.6 16 190 1 
141 114 10 11792.2 642.371 2149.87 22476.9 15 170 1 
153 124 10 11639.2 546.934 2092.26 20157.3 14 160 1 
183 150 10 11570.7 520.686 2049.98 18156.3 13 150 2 
1963 1689 10 11434.2 570.299 1863.89 16000.2 12 170 2 
2069 1782 10 11103.3 402.26 1701.02 11495.3 11 150 1 
2083 1794 10 11036.6 384.254 1652.37 10025.6 10 130 1 
2153 1859 10 11043 385.434 1657.6 9352.74 9 90 1 
