0 0 10 18637.3 5519.83 4117.44 137703 86 700 4 
0 0 10 16495.3 4125.03 3370.26 99069.5 57 620 3 
0 0 10 16322.5 3638.94 3683.53 86784 55 450 3 
1 0 10 15732.2 3406.57 3325.65 54781.9 52 360 3 
1 0 10 15382.5 3009.67 3372.8 52040 51 280 4 
2 0 10 14616.6 2488.62 3127.95 60652.5 40 350 2 
4 1 10 14257.2 2193.09 3064.12 52017 37 340 2 
4 1 10 14162.7 2166.46 2996.25 49292.3 36 360 2 
5 1 10 14037.2 2038.66 2998.57 46385.7 35 330 2 
6 3 10 13774.4 1852.85 2921.6 41563.2 34 330 3 
8 4 10 13772.9 1852.85 2920.04 41498.6 33 340 3 
8 5 10 13632.6 1765.53 2867.09 39094.1 32 340 3 
9 5 10 13473 1625.8 2847.21 36454.1 31 320 3 
12 8 10 13370.6 1588.9 2781.72 35542.8 30 300 2 
13 9 10 13169.8 1515.39 2654.43 34686.4 29 300 2 
21 15 10 12990.7 1481.96 2508.76 32824.9 28 270 2 
27 19 10 12931.2 1473.43 2457.73 31967.2 27 280 2 
34 24 10 12752.4 1284.24 2468.11 29761.2 26 270 2 
37 27 10 12640.9 1207.42 2433.51 27646.1 25 220 2 
41 30 10 12679.1 1329.05 2350.06 22344.1 24 140 1 
41 30 10 12600.3 1260.3 2339.97 20769.9 23 110 1 
43 32 10 12413.6 1236.49 2177.15 19028.2 22 140 2 
45 33 10 12283.9 1022.07 2261.87 18616.9 21 140 1 
47 35 10 12115.8 939.509 2176.32 18012 20 140 1 
79 58 10 12017.6 845.612 2171.94 16800.8 19 140 1 
88 65 10 11912.2 788.76 2123.42 15352.2 18 150 2 
111 82 10 11730.8 718.141 2012.66 14126.1 17 130 2 
118 87 10 11694.4 741.58 1952.85 13929.7 16 120 2 
124 92 10 11556.9 684.085 1872.78 13240.9 15 120 2 
134 100 10 11495.2 696.151 1799.07 12881 14 130 2 
141 105 10 11370.4 696.151 1674.23 12886.3 13 140 1 
168 124 10 11360.4 728.768 1631.65 12387.5 12 140 1 
269 202 10 11359.3 663.077 1696.24 11622.1 11 140 1 
412 310 10 11290.5 637.452 1653.1 11197.9 10 140 1 
888 670 10 11036 628.902 1407.1 9165.5 9 130 1 
920 695 10 10916.8 565.518 1351.28 7222.21 8 120 1 
1670 1288 10 10818.2 464.067 1354.12 6090.55 7 100 1 
1727 1335 10 10786.5 417.132 1369.4 4899.53 6 80 1 
