0 0 10 19349.3 6197.32 4151.99 178657 91 790 2 
1 0 10 16138.8 3726.47 3412.37 101602 55 480 2 
1 0 10 15997.8 3582.85 3414.91 58081.9 54 350 4 
1 0 10 15887 3538.24 3348.72 85316.9 49 480 3 
3 0 10 14935.8 2904.19 3031.65 65271.6 44 460 2 
3 1 10 14893 2865.15 3027.84 62638 43 450 2 
4 1 10 14771.3 2966.98 2804.3 62283.3 42 390 3 
5 2 10 14756.3 2839.61 2916.71 59790.1 41 420 2 
9 5 10 14535.9 2643.82 2892.03 70945.7 40 510 2 
13 9 10 14412.6 2551.9 2860.69 67688.6 39 500 2 
14 10 10 14245.8 2395.44 2850.35 65845.4 38 510 2 
16 12 10 14147.2 2301.6 2845.65 63661.6 37 500 2 
17 12 10 14166.7 2301.6 2865.06 60509.9 36 470 2 
17 13 10 13627.9 1761.05 2866.84 53816.5 34 500 2 
27 21 10 13642.1 1670.5 2971.57 52090.3 33 500 2 
35 28 10 13621.3 1670.5 2950.83 51857.5 32 500 2 
39 31 10 13513.9 1574.45 2939.45 49022.8 31 500 2 
42 34 10 13407.4 1479.76 2927.63 46121.3 30 480 2 
46 37 10 13335.2 1415.76 2919.42 44224.8 29 470 2 
62 50 10 13179 1376.28 2802.68 41494.2 28 470 2 
65 53 10 13063.5 1271.76 2791.73 39259.6 27 440 2 
67 55 10 12973.8 1266.89 2706.93 37368.8 26 420 2 
79 64 10 12890.1 1321.13 2569.01 35319.7 25 380 2 
93 76 10 12719.2 1205.95 2513.28 32812.1 24 350 2 
122 100 10 12653.3 1255.06 2398.27 30590.5 23 320 2 
135 111 10 12517.7 1225.83 2291.91 28268.1 22 290 2 
146 120 10 12331.2 1137.05 2194.2 25280.9 21 290 2 
159 130 10 12261.1 1070.77 2190.31 23953.4 20 290 2 
182 147 10 11991.6 969.799 2021.78 20719.6 19 270 3 
185 150 10 11876.8 887.855 1988.94 19528.5 18 220 3 
189 153 10 11898.2 875.451 2022.74 19749.6 17 220 3 
200 162 10 11829 829.585 1999.43 18387 16 210 3 
213 173 10 11742.2 730.889 2011.26 16670.5 15 190 3 
227 186 10 11615.1 699.616 1915.46 14431.1 14 140 3 
237 195 10 11292.1 443.286 1848.79 11196.9 13 130 3 
307 251 10 11237.2 441.641 1795.51 10341 12 120 3 
323 265 10 11137.9 353.68 1784.17 9097.99 11 100 3 
331 272 10 11043.9 256.631 1787.28 7798.58 10 100 3 
370 304 10 10993.2 256.631 1736.59 6911.1 9 60 2 
2833 2399 10 10991.5 256.631 1734.91 5310.76 8 40 2 
