0 0 10 18917.8 5724.58 4193.26 111361 88 570 4 
0 0 10 15311 3017.18 3293.82 82726.2 47 530 2 
1 0 10 15132.5 2968.48 3164.07 79678.7 46 510 2 
1 0 10 15129.8 2968.48 3161.31 81473.1 45 520 2 
3 0 10 14854.8 2827.73 3027.1 101601 44 570 1 
4 1 10 14838.6 2827.73 3010.83 97009.7 43 560 1 
5 2 10 14622.3 2673.54 2948.75 59063 42 360 3 
5 2 10 14369.7 2522.51 2847.19 59758.9 39 430 2 
9 5 10 14035.7 2409.65 2626.04 41289.5 38 310 3 
10 6 10 13945.7 2319.61 2626.07 39725.1 37 310 3 
11 7 10 13974.6 2369.28 2605.34 45799.7 36 350 2 
14 9 10 13652.2 2067.12 2585.03 39930.1 35 290 3 
14 9 10 13858.9 2213.88 2645.06 51062 34 400 2 
15 10 10 13852.3 2213.88 2638.44 48635 33 390 2 
16 11 10 13672.6 2131.42 2541.13 48280 32 380 2 
18 12 10 13536.4 2041.4 2494.96 45137.9 31 380 2 
22 16 10 13429.4 1946.68 2482.75 42742 30 350 2 
27 20 10 13307.5 1859.39 2448.15 40329.8 29 340 2 
32 25 10 13166.8 1766.46 2400.38 38224.8 28 320 2 
35 28 10 13211.4 1761.18 2450.27 38729.4 27 320 2 
47 39 10 13135.8 1595.35 2540.47 36835.6 26 310 2 
65 54 10 12940.6 1504.8 2435.82 34105.9 25 300 2 
69 58 10 12885.5 1383.81 2501.68 32400.6 24 290 2 
70 59 10 12763.9 1293.81 2470.14 30016.3 23 280 2 
71 60 10 12655.3 1216.48 2438.83 27873.6 22 270 2 
76 64 10 12563.5 1143.4 2420.1 26054.2 21 220 2 
77 65 10 12448.5 1067.77 2380.74 24176 20 210 2 
81 68 10 12327.5 975.824 2351.69 22133.9 19 170 2 
99 83 10 12107.3 927.049 2180.27 19896.7 18 150 2 
115 97 10 12013.9 835.719 2178.16 18392 17 150 2 
124 105 10 11867.7 875.614 1992.04 16556.5 16 140 2 
130 110 10 11739.2 785.167 1954.02 15248.4 15 140 2 
142 121 10 11603.6 725.436 1878.18 14434.3 14 140 1 
553 485 10 11304.3 660.372 1643.98 9187.93 13 120 3 
603 532 10 11343.3 777.638 1565.66 9180.78 12 120 3 
642 567 10 11230.6 704.248 1526.37 8617.93 11 110 2 
