0 0 10 16911.9 3638.85 4273.05 154626 86 720 4 
0 0 10 15688.6 3301.31 3387.31 141980 54 720 2 
1 0 10 15614 3233.74 3380.27 111329 52 620 1 
2 0 10 15477 3143.17 3333.82 105921 51 600 1 
2 0 10 15519.1 3197.16 3321.95 104509 50 580 1 
3 0 10 15412.2 3048.11 3364.12 54940.3 49 300 3 
4 1 10 15499.3 3169.69 3329.56 78592.7 48 490 4 
4 1 10 15371.1 3042.59 3328.55 75223.3 47 470 4 
4 1 10 15274.2 2964.13 3310.08 72904.5 46 490 3 
5 2 10 14820.5 2660.99 3159.5 67381.7 45 450 3 
5 2 10 14758.7 2620.4 3138.3 64194.6 43 440 3 
7 3 10 14509 2427.99 3081 62895.3 42 460 2 
11 6 10 14352.3 2286.07 3066.26 62085.7 41 460 2 
11 6 10 14381.9 2287.43 3094.49 61254.4 40 450 2 
12 7 10 14287.6 2214.74 3072.82 58210.6 39 440 2 
15 10 10 14171.2 2122.13 3049.03 55181.5 38 420 2 
20 14 10 14072.1 2026.14 3045.93 54808.5 37 420 2 
22 15 10 13982 1935.37 3046.68 52843.6 36 410 2 
23 16 10 13944.7 1951.21 2993.45 51881.1 35 410 2 
24 17 10 13510.1 1604.57 2905.51 46907.2 34 320 1 
25 18 10 13306.2 1495.86 2810.34 45054.7 33 320 1 
26 19 10 13353.3 1589.78 2763.54 35184 32 320 2 
28 20 10 13241.2 1585.27 2655.9 33549.7 31 310 2 
28 20 10 13178.1 1499.27 2678.83 32760.7 30 310 2 
29 21 10 13056.9 1408.85 2648.08 31801.3 29 300 2 
32 23 10 12956.3 1472.65 2483.62 43602.4 28 330 1 
35 26 10 12886.6 1472.65 2413.92 43325.8 27 330 1 
38 29 10 12713.8 1383.92 2329.88 41805.6 26 330 1 
39 29 10 12614.5 1247.2 2367.33 38973.5 25 320 1 
40 30 10 12550 1212.86 2337.14 38537.4 24 340 1 
43 32 10 12491.8 1126.86 2364.99 36297.2 23 330 1 
51 40 10 12490.2 1126.86 2363.31 38099.7 22 360 1 
63 49 10 12396.7 1184.37 2212.3 34406.3 21 360 2 
74 58 10 12338.8 1103.18 2235.65 32382 20 330 2 
76 59 10 12248.8 1013.18 2235.59 29603.6 19 320 2 
86 67 10 12200.3 965.832 2234.47 27345.1 18 290 2 
99 77 10 12048.9 808.981 2239.88 24760.3 17 260 2 
141 109 10 11973.5 764.356 2209.14 22540.3 16 230 2 
146 113 10 11807.2 702.842 2104.37 20343.7 15 200 2 
170 131 10 11642.4 612.835 2029.58 17588.7 14 190 2 
203 157 10 11544.7 581.747 1962.95 15659.2 13 170 2 
1231 940 10 11492.3 558.667 1933.62 14131.5 12 180 2 
1237 945 10 11245.2 396.936 1848.27 11723.8 11 160 2 
2218 1695 10 11102.7 393.118 1709.56 10305.2 10 130 2 
