Agent: 0ids: 35 33 0 21 15 26 20 47 13 11 48 41 7 31 32 6 46 37 24 16 30 4 44 12 43 34 3 42 2 9 38 29 36 25 23 28 5 22 45 40 39 27 49 10 
Agent: 1ids: 45 11 16 
Agent: 2ids: 6 9 8 39 36 3 20 1 42 40 24 23 19 26 38 32 2 16 25 49 43 47 17 7 13 48 15 45 31 28 14 11 44 37 4 41 5 33 
Agent: 3ids: 24 2 16 47 48 10 
Agent: 4ids: 10 38 12 20 28 46 24 37 36 26 45 21 30 9 31 44 41 6 1 5 3 2 19 32 43 15 39 40 34 27 23 11 35 25 17 29 7 47 49 4 42 0 8 14 
Agent: 5ids: 23 16 31 27 43 2 37 9 45 6 26 13 35 41 49 7 29 0 
Agent: 6ids: 18 36 25 46 3 44 15 42 26 10 35 24 6 12 9 0 33 7 5 
Agent: 7ids: 1 28 5 25 14 29 17 48 46 19 12 23 38 37 24 32 6 15 8 13 49 3 44 16 31 26 22 39 36 20 33 27 
Agent: 8ids: 10 36 13 37 26 29 0 38 16 14 33 46 43 32 21 8 30 31 19 9 28 18 25 4 24 49 
Agent: 9ids: 10 41 37 34 13 12 31 26 40 49 38 18 11 24 23 42 5 45 28 46 14 21 44 7 32 29 17 36 20 1 8 16 25 39 9 2 6 35 47 22 19 4 3 27 15 0 
Agent: 10ids: 24 31 47 0 10 7 3 25 17 36 19 9 18 26 42 32 44 40 
Agent: 11ids: 9 31 8 23 43 20 29 24 33 15 0 42 11 13 47 48 46 5 44 26 36 38 6 28 22 35 2 16 25 19 7 27 14 17 32 30 4 40 34 45 1 
Agent: 12ids: 32 44 3 7 29 31 13 9 22 34 0 37 4 36 
Agent: 13ids: 34 28 12 9 2 18 22 25 23 48 20 38 29 6 
Agent: 14ids: 5 2 39 36 4 24 33 17 46 27 34 47 29 0 30 26 8 45 42 40 49 21 37 3 41 48 14 43 13 32 11 18 22 12 38 25 1 35 20 44 31 16 28 
Agent: 15ids: 46 34 3 36 33 22 40 35 37 
Agent: 16ids: 7 37 25 31 2 33 16 20 17 23 19 11 47 14 46 32 41 39 43 15 48 34 22 4 5 0 40 38 36 13 27 28 3 49 6 12 42 44 10 
Agent: 17ids: 9 45 38 14 34 28 22 31 20 36 16 26 48 44 3 49 11 37 17 40 32 8 24 4 47 30 41 42 46 
Agent: 18ids: 45 27 47 18 42 41 21 34 0 14 17 9 35 29 2 39 31 33 28 36 3 8 26 19 44 
Agent: 19ids: 10 0 28 21 3 22 34 39 8 19 4 
Agent: 20ids: 1 41 47 44 21 30 39 26 46 49 25 38 10 29 2 14 36 20 
Agent: 21ids: 13 19 37 26 49 45 30 7 38 32 23 6 11 10 42 31 9 35 17 28 41 5 0 46 27 
Agent: 22ids: 30 47 16 10 44 29 20 17 14 23 3 13 35 4 7 48 25 18 26 
Agent: 23ids: 12 8 38 25 
Agent: 24ids: 11 32 26 15 4 40 20 22 1 0 3 44 33 43 23 13 5 38 10 25 24 39 42 46 47 45 27 8 21 9 6 48 16 7 35 14 36 19 29 41 17 34 30 49 18 28 12 37 
Agent: 25ids: 46 4 49 1 2 35 28 42 39 9 26 24 32 43 29 38 20 17 33 12 3 41 45 0 31 22 27 16 8 13 19 14 48 7 18 37 47 30 44 15 21 25 5 40 36 10 
Agent: 26ids: 48 27 49 28 30 38 24 10 33 22 13 41 40 23 1 47 44 46 3 7 9 26 0 11 31 25 17 37 20 15 12 6 34 14 8 4 18 36 29 2 35 43 21 45 19 16 
Agent: 27ids: 27 24 7 35 47 33 30 42 4 43 37 1 
Agent: 28ids: 45 23 36 20 33 44 41 16 17 21 6 30 8 37 12 11 7 31 
Agent: 29ids: 32 22 25 14 21 
Agent: 30ids: 6 45 42 47 11 0 49 32 1 24 3 35 28 8 38 14 39 10 41 9 5 37 17 21 20 30 36 31 40 7 19 13 18 46 16 26 34 22 27 29 12 2 
Agent: 31ids: 43 20 13 47 40 46 22 16 33 28 17 4 38 10 48 25 2 32 34 36 44 31 39 11 37 3 26 35 1 19 30 15 7 0 41 49 9 8 21 6 42 24 27 23 18 
Agent: 32ids: 2 28 24 33 3 48 25 8 37 12 1 32 15 19 35 
Agent: 33ids: 46 16 18 33 48 26 35 47 44 2 21 8 23 27 5 36 11 43 29 7 28 25 31 15 4 9 1 39 0 20 3 17 30 45 38 37 
Agent: 34ids: 2 27 9 31 49 5 32 0 40 15 16 19 13 26 4 39 12 3 28 47 41 8 22 7 46 18 
Agent: 35ids: 4 22 6 21 28 47 46 26 45 1 11 
Agent: 36ids: 12 27 39 43 10 13 38 48 7 22 25 14 4 35 40 9 8 17 6 33 37 30 45 15 41 23 3 5 44 2 42 0 20 18 19 16 11 46 
Agent: 37ids: 2 34 40 
Agent: 38ids: 49 0 
Agent: 39ids: 27 5 9 39 
Agent: 40ids: 12 9 
Agent: 41ids: 46 24 32 49 35 25 15 42 4 13 0 18 5 40 22 33 21 28 16 30 23 11 29 1 20 2 7 36 3 10 8 27 48 37 39 41 6 
Agent: 42ids: 18 41 46 24 5 43 35 10 47 36 3 29 21 14 17 7 37 9 20 6 4 8 33 22 12 
Agent: 43ids: 20 2 42 10 22 43 38 9 15 25 37 45 6 18 26 48 12 39 0 4 8 21 32 24 23 7 28 3 30 41 33 19 16 27 17 36 5 31 29 49 46 11 
Agent: 44ids: 35 30 9 32 1 43 25 39 47 11 26 38 18 29 13 3 45 6 41 22 31 4 46 7 42 21 28 
Agent: 45ids: 38 36 37 43 25 4 20 39 33 3 23 47 44 29 9 48 35 49 45 24 28 11 17 2 19 42 22 12 16 31 7 5 40 
Agent: 46ids: 34 35 
Agent: 47ids: 30 39 7 12 9 16 20 11 25 21 37 22 42 1 
Agent: 48ids: 47 20 0 2 13 9 49 40 31 39 38 43 26 11 45 34 17 46 41 15 8 18 35 19 4 1 
Agent: 49ids: 37 40 11 46 28 33 44 14 48 15 5 6 39 45 26 12 27 9 2 38 30 21 4 35 34 24 7 42 32 31 47 19 23 29 18 43 20 1 
0 0 10 17714.7 4548.21 4166.51 92051 90 330 4 
0 0 10 15951.1 3520.83 3430.26 58988.1 51 320 4 
1 0 10 15086.4 2844.6 3241.84 51909.6 50 310 3 
1 0 10 14851.1 2652.41 3198.68 51343.6 47 330 3 
2 0 10 14760.8 2587.73 3173.05 49937.5 46 300 3 
2 0 10 14854.4 2770.24 3084.16 50135.2 45 330 3 
3 1 10 14669.8 2581.23 3088.53 47923.3 44 300 3 
5 2 10 14188.7 2157.32 3031.4 49095.4 43 350 3 
5 2 10 14236.7 2227.72 3009.03 47727.2 41 340 3 
7 4 10 13866.5 1985.57 2880.94 39846.4 38 270 3 
9 6 10 13749 1946.21 2802.84 39104.2 37 270 3 
9 6 10 13605.3 1810.69 2794.57 40983 35 350 3 
11 8 10 13453.6 1755.12 2698.47 39594.8 34 340 2 
13 9 10 13251.7 1644.59 2607.08 44761.3 33 430 2 
13 10 10 13115.5 1583.38 2532.12 42394.1 32 430 2 
14 10 10 12913.6 1446.25 2467.33 52668.8 29 410 1 
14 11 10 12858 1439.69 2418.33 49737.9 28 400 1 
20 16 10 12704.2 1337.04 2367.15 46311.2 27 390 1 
31 24 10 12611.4 1244.29 2367.1 43406.7 26 370 1 
31 25 10 12485.6 1152.17 2333.45 40397.3 25 350 1 
43 35 10 12450.1 1152.17 2297.91 37741.3 24 340 1 
45 37 10 12359 1058.67 2300.37 34886.2 23 340 1 
49 41 10 12252.7 965.439 2287.21 32391.1 22 270 1 
61 51 10 12160.4 876.882 2283.51 30210.1 21 260 1 
86 72 10 12089.5 824.297 2265.19 28113.5 20 230 1 
119 102 10 11866.6 569.211 2297.4 26025.5 19 220 1 
130 112 10 11803.7 569.211 2234.48 23698.7 18 200 1 
134 115 10 11703.4 475.235 2228.12 21665.7 17 190 1 
291 259 10 11610.6 483.254 2127.38 19881.8 16 150 1 
537 481 10 11451.5 402.885 2048.66 17062.5 15 120 1 
714 648 10 11347.4 313.054 2034.35 14867.7 14 130 1 
989 905 10 11151 202.955 1948.05 9987.87 13 160 1 
