0 0 19 5840.3 1225.31 3614.99 25964.8 86 194 2 
0 0 19 5144.97 1123.06 3021.91 14716 43 175 1 
0 0 19 5059.87 1287.98 2771.88 12927.7 40 160 1 
1 0 19 4944.69 1256.03 2688.66 12222.4 39 160 1 
4 1 19 4906.97 1256.03 2650.94 12032.6 38 173 1 
5 1 19 4809.18 1165.2 2643.98 11379.9 36 197 1 
6 2 19 4769.25 1121.94 2647.31 11165.9 34 197 1 
6 2 19 4757.63 1101.62 2656 10935.4 33 197 1 
11 4 19 4783.14 1092.89 2690.25 11119.5 32 185 1 
12 5 19 4781.34 1093.85 2687.49 11059.7 31 185 1 
13 6 19 4731.1 1053.14 2677.96 10533.9 30 177 1 
17 8 19 4698.72 1027.37 2671.35 9881.59 28 153 1 
24 12 19 4613.21 989.242 2623.97 6690.08 27 59 1 
31 16 19 4554.66 939.179 2615.48 6409.65 26 59 1 
41 22 19 4457.65 899.233 2558.42 4975.49 25 5 1 
44 23 19 4373.15 865.592 2507.56 5457.98 24 53 1 
45 24 19 4356.07 864.903 2491.17 5245.75 23 53 1 
47 25 19 4402.42 959.338 2443.08 8302.11 22 86 1 
51 28 19 4387.62 972.748 2414.88 7678.53 21 85 1 
55 30 19 4361.19 958.639 2402.55 7046.81 20 62 1 
58 31 19 4322.7 947.532 2375.17 6375.15 19 49 1 
59 32 19 4249.46 889.248 2360.21 5190.76 18 27 1 
60 32 19 4218.63 862.028 2356.6 5145.06 17 27 1 
67 36 19 4152.31 814.466 2337.85 4657.34 16 17 1 
70 38 19 4116.66 795.453 2321.2 4599.25 15 17 1 
76 41 19 4083.77 779.642 2304.13 4012.48 14 8 1 
125 67 19 4063.23 762.882 2300.35 3564.74 13 6 1 
193 104 19 4023.14 767.39 2255.75 2975.22 12 24 1 
287 155 19 4042.1 831.537 2210.56 2897.81 11 0 0 
288 155 19 3899.79 711.685 2188.11 1939.05 10 0 0 
300 161 19 3883.92 701.046 2182.87 1605.86 9 0 0 
314 169 19 3924.24 714.301 2209.94 1691.57 8 0 0 
1549 847 19 3884.61 708.377 2176.23 1337.08 7 0 0 
3786 2086 19 3843.69 680.898 2162.79 800.391 6 0 0 
