0 0 19 6009.44 1438.67 3570.77 25563.7 92 88 2 
0 0 19 5118.13 1277.02 2841.11 11372.4 45 69 1 
0 0 19 5092.66 1325.45 2767.21 11017.2 43 76 1 
1 0 19 4957.75 1017.99 2939.76 14932.8 39 148 1 
2 0 19 4844.2 1053.06 2791.14 13949.8 37 163 1 
6 2 19 4774.68 933.31 2841.37 7539.22 36 0 0 
7 2 19 4689.29 986.46 2702.83 11793.5 35 154 1 
7 2 19 4684.95 1035.71 2649.24 10982.3 34 154 1 
8 3 19 4631.18 967.659 2663.53 11631.6 31 164 1 
8 3 19 4634.78 998.225 2636.55 11250.6 30 160 1 
9 3 19 4608.74 991.911 2616.82 11138.1 29 148 1 
11 4 19 4601.04 1025.68 2575.36 11087.6 28 148 1 
13 6 19 4504.92 1015.6 2489.32 6179.89 27 58 1 
15 7 19 4524.05 1002.28 2521.77 10787.6 26 152 1 
17 8 19 4542.3 1018.9 2523.4 9864.7 25 146 1 
18 9 19 4538.6 1019.65 2518.95 9311.23 24 127 1 
21 11 19 4521.14 979.138 2542 9254.66 23 127 1 
46 27 19 4414.44 941.886 2472.55 7745.48 22 95 1 
57 33 19 4363.87 938.312 2425.56 7097.58 21 86 1 
60 35 19 4381.01 928.725 2452.28 7310.29 20 89 1 
83 50 19 4409.03 951.691 2457.34 7326.81 19 89 1 
92 55 19 4398.64 927.32 2471.32 6914.55 18 82 1 
166 103 19 4331.18 926.445 2404.73 6806.67 17 41 1 
181 113 19 4344.14 882.085 2462.05 5956.44 16 30 1 
187 117 19 4302.62 863.665 2438.96 5766.03 15 32 1 
212 134 19 4087.84 796.097 2291.75 2067.48 14 0 0 
249 158 19 4086.33 796.097 2290.24 1927.48 13 0 0 
269 171 19 4061.17 804.667 2256.5 1811.47 12 0 0 
310 197 19 4036.34 764.857 2271.48 1810.91 11 0 0 
358 227 19 4030.41 781.337 2249.07 1513.69 10 0 0 
575 364 19 4025.01 771.308 2253.7 1476.57 9 0 0 
823 520 19 3952.89 755.08 2197.81 1098.02 8 0 0 
2732 1712 19 3952.89 734.798 2218.1 1003 7 0 0 
3044 1904 19 3833.68 700.9 2132.78 492.065 6 0 0 
3101 1940 19 3802.77 716.703 2086.06 416.252 5 0 0 
4986 3154 19 3770.72 678.765 2091.96 263.741 4 0 0 
