0 0 19 5923.35 1148.48 3774.87 22230.2 82 24 1 
0 0 19 5042.71 985.94 3056.77 14424.6 44 66 1 
1 0 19 5062.61 1208.22 2854.39 10443.2 43 58 2 
1 0 19 5024.77 1156.16 2868.61 15694.4 42 250 1 
1 0 19 4875.72 1138.64 2737.08 8662.75 40 48 1 
1 0 19 4743.12 1058.92 2684.2 8985.47 37 103 1 
3 0 19 4660.11 1044.34 2615.78 8582.77 35 84 1 
3 0 19 4615.71 1065.09 2550.62 8235.93 34 88 1 
5 1 19 4566.13 1005.34 2560.79 7610.47 33 61 1 
6 2 19 4510.47 994.485 2515.98 6985.56 32 43 1 
9 4 19 4520.5 1034.66 2485.84 6707.35 31 43 1 
12 6 19 4488.76 1022.8 2465.96 6179.48 30 25 1 
15 7 19 4464.05 1049.72 2414.33 9392.58 29 200 1 
17 9 19 4420.83 998.244 2422.58 5537.6 28 60 2 
17 9 19 4421.37 990.934 2430.44 9309.97 27 215 1 
20 10 19 4405.61 980.159 2425.45 9060.73 26 189 1 
25 14 19 4396.23 963.049 2433.18 8968.83 25 189 1 
27 14 19 4362.89 972.433 2390.46 8835.35 24 202 1 
28 15 19 4295.69 962.119 2333.57 7513.45 23 182 1 
32 18 19 4268.51 936.733 2331.78 6937.7 22 159 1 
43 25 19 4264.46 914.275 2350.18 6650.46 21 146 1 
51 30 19 4226.62 932.413 2294.2 6538.52 20 146 1 
69 42 19 4203.02 922.017 2281 5958.32 19 131 1 
99 62 19 4145.76 917.792 2227.97 5347.78 18 101 1 
130 82 19 4146.59 901.386 2245.2 4920.96 17 88 1 
217 137 19 4120.87 920.358 2200.51 4404.27 16 81 1 
265 168 19 4097.71 904.374 2193.33 3904.26 15 70 1 
310 197 19 4080.8 888.366 2192.44 3797.71 14 70 1 
334 213 19 4076.81 874.495 2202.32 3768.65 13 70 1 
570 368 19 4076 865.957 2210.04 3749.89 12 70 1 
636 411 19 4014.84 827.674 2187.17 3293.1 11 58 1 
774 498 19 3999.18 821.343 2177.83 2833.5 10 47 1 
783 504 19 3989.05 796.554 2192.5 2708.35 9 47 1 
919 590 19 3949.06 775.851 2173.21 2228.58 8 18 1 
