0 0 19 6022.69 1261.79 3760.9 22278.1 90 72 3 
0 0 19 5187.34 1091.39 3095.95 9917.38 44 34 1 
0 0 19 5193.99 1166.02 3027.97 13492.6 41 152 1 
1 0 19 5037.21 1137.85 2899.37 13162 39 182 1 
4 1 19 5092.55 1192.58 2899.97 13351.5 38 152 1 
7 2 19 4902.23 1093.3 2808.92 11170.6 36 168 1 
9 3 19 4648.26 918.822 2729.43 10690.1 34 174 1 
9 4 19 4690.51 1058.7 2631.81 10371 33 174 1 
11 5 19 4543.36 932.512 2610.85 9523 32 174 1 
15 7 19 4667.24 901.552 2765.69 6562.08 31 0 0 
15 7 19 4703.48 959.67 2743.81 6499.97 30 0 0 
16 7 19 4546.85 894.771 2652.08 5846.2 28 0 0 
16 7 19 4535.45 872.377 2663.07 5587.6 27 0 0 
25 12 19 4535.45 873.581 2661.86 5508.32 26 2 1 
37 19 19 4425.46 855.625 2569.83 4488.15 25 14 1 
39 20 19 4452.93 929.759 2523.17 4664.79 24 0 0 
41 21 19 4430.93 900.46 2530.47 4450.59 23 0 0 
47 25 19 4430.93 882.145 2548.78 4434.37 22 0 0 
56 30 19 4404.88 847.206 2557.67 4265.35 21 0 0 
57 30 19 4429.76 863.16 2566.6 4070.64 19 0 0 
74 40 19 4369.18 832.455 2536.72 2975.26 18 0 0 
79 42 19 4346.49 821.859 2524.63 2822.58 17 0 0 
89 48 19 4210.65 760.918 2449.73 2289.77 15 0 0 
91 49 19 4190.55 728.657 2461.89 2136.6 14 0 0 
202 109 19 4157.14 746.4 2410.74 2085.9 13 0 0 
328 177 19 4155.31 765.448 2389.86 2012.27 12 0 0 
338 182 19 4157.01 783.785 2373.23 1910.66 11 0 0 
340 184 19 4083.69 762.664 2321.03 1767.43 10 0 0 
406 221 19 4057.8 759.452 2298.35 1660.34 9 0 0 
516 282 19 4047.6 765.73 2281.87 1527.34 8 0 0 
1087 605 19 4040.66 752.702 2287.96 1450.88 7 0 0 
1937 1080 19 4023.89 770.561 2253.33 1180.48 6 0 0 
6333 3490 19 3914.56 744.445 2170.11 707.759 5 0 0 
