0 0 19 5593.24 1021.2 3572.04 25417.6 88 163 2 
0 0 19 4933.99 997.213 2936.78 27223.3 53 337 1 
0 0 19 5090.24 1193.78 2896.46 10944.5 45 65 2 
1 0 19 5052.99 1170.71 2882.28 10594.3 44 85 2 
2 0 19 5138.99 1306.2 2832.79 16975.7 42 299 2 
3 0 19 4802.73 950.426 2852.31 10733.6 40 131 2 
3 0 19 4858.27 1053.04 2805.23 10957.6 39 114 2 
4 0 19 4818.27 1073.91 2744.36 10387.9 38 100 2 
6 1 19 4719.78 1059.87 2659.91 10634.3 36 133 1 
6 2 19 4698.01 1047.59 2650.42 11556.9 35 160 1 
8 3 19 4616 1037.34 2578.66 11484.9 34 160 1 
10 4 19 4605.73 1056.99 2548.74 10844.4 33 155 1 
11 4 19 4529.01 1067 2462.01 5673.45 32 0 0 
12 4 19 4514.6 1028.61 2485.99 5412.27 31 0 0 
13 5 19 4506.69 1067.45 2439.24 5232.23 30 0 0 
14 5 19 4432.79 1029.95 2402.84 4584.42 28 0 0 
16 7 19 4426.01 1033.39 2392.62 4479 27 0 0 
17 7 19 4270.96 928.714 2342.24 4235.19 26 0 0 
17 8 19 4311.41 913.76 2397.65 4679.14 25 0 0 
20 9 19 4270.01 952.528 2317.48 4386.83 24 0 0 
22 10 19 4306.51 949.769 2356.74 4505.84 23 0 0 
22 10 19 4249.82 925.913 2323.9 4414.58 22 0 0 
22 10 19 4210.62 906.4 2304.22 3625.02 20 0 0 
35 17 19 4144.14 798.166 2345.97 3589.39 19 0 0 
38 19 19 4116.22 853.633 2262.59 3160.4 18 0 0 
38 19 19 4058.26 845.598 2212.66 1589.73 17 0 0 
43 22 19 4022.14 835.517 2186.62 1502.4 16 0 0 
49 26 19 3975.4 805.96 2169.45 1340.82 14 0 0 
70 38 19 3960.79 794.757 2166.03 1205.92 13 0 0 
80 44 19 3869.94 773.563 2096.38 903.876 12 0 0 
91 50 19 3852.87 773.249 2079.62 856.389 11 0 0 
97 53 19 3870.45 754.093 2116.36 908.358 10 0 0 
188 104 19 3847.51 731.575 2115.94 745.023 9 0 0 
1064 574 19 3823.02 730.943 2092.08 640.911 8 0 0 
1255 678 19 3777.48 718.148 2059.33 527.371 7 0 0 
1567 849 19 3771.06 712.793 2058.26 479.993 6 0 0 
