0 0 19 5549.57 1159.75 3389.82 17237.8 80 42 2 
0 0 19 5106.68 1356.94 2749.74 13041.7 49 23 1 
0 0 19 4957.94 1150.66 2807.28 10232.4 40 47 1 
2 0 19 4892.86 1128.37 2764.49 9764.3 38 15 1 
2 0 19 4726.16 1071.16 2655 8922.18 36 20 1 
4 0 19 4646.99 1031.43 2615.56 7930.12 34 20 1 
5 1 19 4584.3 1027.44 2556.86 8141.86 33 20 1 
5 1 19 4668.52 935.257 2733.26 8827.64 32 42 1 
8 2 19 4646.06 951.592 2694.47 8639.42 30 42 1 
12 5 19 4491.19 966.893 2524.29 6828.79 29 25 1 
13 5 19 4483.79 969.893 2513.89 6639.1 28 25 1 
16 7 19 4407.99 965.078 2442.91 5681.54 27 21 1 
18 8 19 4297.6 959.384 2338.22 4632.3 26 8 1 
22 11 19 4229.54 968.792 2260.75 3560.24 24 0 0 
23 12 19 4188.92 929.187 2259.74 3457.66 23 0 0 
27 15 19 4148.91 909.267 2239.64 2692.51 22 0 0 
32 18 19 3999.75 855.365 2144.38 1863.77 20 0 0 
38 22 19 3940.3 791.032 2149.26 1771.82 18 0 0 
40 23 19 3920.7 791.533 2129.17 1765.4 17 0 0 
45 27 19 3920.7 799.652 2121.05 1736.52 16 0 0 
75 48 19 3909.51 793.398 2116.11 1659.27 15 0 0 
92 59 19 3906 791.275 2114.73 1500.73 14 0 0 
275 184 19 3927.62 761.86 2165.76 1428.29 13 0 0 
314 212 19 3900.7 741.157 2159.55 1308.33 12 0 0 
344 233 19 3910.24 769.383 2140.86 1229.53 11 0 0 
414 282 19 3840.68 744.832 2095.85 884.93 10 0 0 
567 385 19 3838.33 743.066 2095.26 712.273 9 0 0 
651 445 19 3817.45 710.156 2107.29 588.819 8 0 0 
1095 750 19 3783.67 716.194 2067.47 491.041 7 0 0 
3715 2510 19 3757.51 676.631 2080.88 392.821 6 0 0 
