Agent: 0ids: 47 5 20 24 12 26 41 31 
Agent: 1ids: 17 44 40 7 24 
Agent: 2ids: 30 15 3 42 49 1 23 16 11 22 7 0 20 38 
Agent: 3ids: 12 4 24 36 21 10 41 34 2 26 19 7 49 48 0 30 
Agent: 4ids: 24 21 0 2 4 5 7 10 9 36 20 46 1 26 45 12 14 
Agent: 5ids: 27 19 7 32 30 34 31 15 12 9 20 45 13 28 47 40 36 5 1 22 3 37 10 8 17 39 25 21 14 43 
Agent: 6ids: 22 40 
Agent: 7ids: 27 24 28 10 31 11 48 45 
Agent: 8ids: 25 36 21 29 34 49 17 12 30 44 13 26 11 22 8 4 2 14 40 37 24 18 6 38 
Agent: 9ids: 33 26 13 28 45 49 43 8 11 15 9 47 22 40 0 2 25 14 37 3 4 6 18 44 
Agent: 10ids: 46 35 13 43 41 31 2 49 4 19 38 16 14 24 40 0 37 42 20 44 17 28 45 10 7 3 33 9 34 26 27 36 5 15 8 6 25 11 18 47 39 12 
Agent: 11ids: 35 42 29 
Agent: 12ids: 5 27 4 41 24 14 22 13 34 47 28 33 19 39 25 7 35 6 9 0 1 12 37 31 45 23 44 30 32 8 11 17 29 40 3 2 46 16 43 15 49 38 20 18 
Agent: 13ids: 34 19 27 38 20 28 9 46 25 44 26 
Agent: 14ids: 25 29 16 49 14 47 23 39 30 19 20 33 9 24 37 42 36 28 46 2 31 0 13 44 41 17 11 32 22 43 40 10 1 12 38 26 48 5 45 8 
Agent: 15ids: 20 0 49 35 
Agent: 16ids: 8 21 11 32 49 14 44 5 27 47 42 22 13 24 29 46 4 34 38 40 10 45 20 6 3 23 17 2 37 15 33 7 12 1 36 30 26 31 48 0 
Agent: 17ids: 18 15 45 10 30 16 48 34 43 17 6 49 42 27 38 0 44 24 7 19 9 11 36 8 29 33 1 46 47 25 
Agent: 18ids: 22 31 27 12 32 35 28 44 42 2 41 
Agent: 19ids: 33 26 35 11 18 13 22 29 47 14 42 40 16 
Agent: 20ids: 35 20 19 30 13 41 31 39 48 18 17 11 27 5 24 33 47 1 32 0 46 9 43 21 22 42 16 23 38 44 7 40 45 10 25 26 2 4 
Agent: 21ids: 31 19 49 41 5 3 20 47 44 7 37 43 36 39 12 2 40 24 8 10 9 14 48 26 0 4 25 16 32 34 29 46 35 30 15 18 23 22 6 1 33 11 
Agent: 22ids: 5 1 37 7 45 26 38 22 47 42 46 48 4 35 16 34 12 10 39 18 24 25 13 3 2 44 43 19 30 8 36 
Agent: 23ids: 34 32 11 2 16 12 30 21 35 49 23 0 45 31 3 13 24 29 19 17 20 18 39 1 10 43 27 37 44 41 7 14 9 26 36 4 28 
Agent: 24ids: 6 26 3 30 28 14 49 39 36 10 1 37 2 42 38 47 44 12 22 11 19 27 40 15 31 46 4 25 
Agent: 25ids: 4 43 40 22 16 26 3 0 13 27 34 18 48 6 46 9 37 8 23 11 17 33 15 36 14 21 2 32 41 49 47 20 30 24 38 5 44 45 25 28 35 29 12 31 39 1 
Agent: 26ids: 46 17 36 3 48 39 0 30 9 32 29 44 22 49 25 43 27 
Agent: 27ids: 49 10 30 5 28 27 17 44 33 25 40 4 39 31 48 36 29 20 45 24 2 23 13 18 15 43 46 8 21 11 41 0 38 19 3 22 32 34 6 9 47 7 16 14 
Agent: 28ids: 46 17 34 18 15 7 29 14 20 24 33 32 19 11 2 6 26 28 0 8 16 30 25 
Agent: 29ids: 47 30 19 31 43 11 8 9 40 33 29 42 49 6 3 39 21 41 36 4 16 22 28 23 35 13 26 0 14 25 17 12 1 
Agent: 30ids: 36 4 26 38 33 32 11 28 
Agent: 31ids: 43 24 4 10 11 46 16 7 40 6 23 15 29 8 25 30 49 19 34 22 27 14 18 0 42 26 39 
Agent: 32ids: 28 32 38 34 25 5 17 47 43 14 
Agent: 33ids: 49 41 32 38 28 19 12 24 30 46 26 5 13 18 40 16 25 37 2 39 
Agent: 34ids: 22 27 46 35 2 49 21 33 4 8 24 17 1 28 29 11 20 3 38 12 44 13 39 40 0 14 16 34 5 48 47 18 32 6 25 9 31 42 
Agent: 35ids: 28 20 44 36 41 39 30 48 34 9 49 43 42 7 38 18 23 29 35 16 21 26 8 31 10 14 3 45 15 13 27 11 40 25 46 2 5 19 24 17 0 47 4 22 6 33 
Agent: 36ids: 29 37 49 47 33 7 41 24 16 34 5 
Agent: 37ids: 39 24 22 3 19 17 48 5 42 10 43 0 44 2 11 27 28 18 35 1 26 36 6 12 31 38 4 30 49 37 25 45 21 14 29 32 9 
Agent: 38ids: 29 8 21 14 23 27 
Agent: 39ids: 16 44 10 4 12 24 14 13 41 27 47 39 1 48 38 25 37 42 11 17 5 28 7 6 
Agent: 40ids: 40 29 
Agent: 41ids: 13 15 46 42 14 33 18 47 28 26 
Agent: 42ids: 27 38 11 
Agent: 43ids: 0 3 12 28 31 32 4 35 15 47 48 46 7 44 9 25 23 16 20 17 27 18 41 21 26 1 33 19 49 40 13 11 8 22 10 6 45 30 
Agent: 44ids: 3 13 44 4 8 40 11 30 39 42 41 38 28 29 22 25 24 12 14 36 6 49 15 18 9 34 45 16 48 5 1 35 43 33 26 19 23 7 37 17 20 46 27 21 31 2 32 10 
Agent: 45ids: 30 16 49 15 20 5 38 33 9 44 41 39 25 12 14 32 1 18 6 22 31 11 7 13 8 2 24 19 4 29 46 23 40 17 10 36 0 47 37 27 45 26 
Agent: 46ids: 44 14 29 3 
Agent: 47ids: 32 11 45 37 35 24 28 40 49 17 8 20 47 
Agent: 48ids: 22 30 1 19 15 10 37 16 0 43 39 41 42 28 2 21 17 14 26 27 25 18 48 45 4 44 
Agent: 49ids: 19 42 14 8 33 15 32 34 24 20 45 40 0 30 13 38 16 25 37 2 41 21 1 6 35 4 7 28 5 29 
0 0 19 5817.91 1328.05 3489.85 24785.2 93 92 1 
1 0 19 5197.67 1279.67 2918 9629.07 49 19 1 
1 0 19 4923.08 1114.08 2808.99 8390.14 45 19 1 
1 0 19 5014.58 1179.17 2835.41 7856.21 44 0 0 
1 0 19 5146.37 1238.4 2907.97 9418.88 43 0 0 
1 0 19 5137.51 1253.01 2884.5 9570.95 42 0 0 
2 0 19 4787.95 1034.87 2753.08 7608.07 35 0 0 
4 0 19 4778.11 1034.87 2743.24 7024.4 34 0 0 
6 1 19 4661.22 1019.8 2641.42 7612.58 31 15 1 
6 1 19 4654.81 1023.3 2631.51 7117.2 30 7 1 
8 3 19 4624.21 1018.97 2605.24 6700.33 29 26 1 
8 3 19 4603.93 999.041 2604.89 6505.64 28 26 1 
10 4 19 4462.82 966.329 2496.5 5804.8 27 1 1 
11 5 19 4336.16 889.562 2446.6 5565.76 26 1 1 
13 6 19 4360.82 911.578 2449.24 5106.69 25 0 0 
18 9 19 4374.97 911.977 2463 4596.05 24 0 0 
19 10 19 4376.33 928.328 2448 4599.75 23 0 0 
20 10 19 4372.97 927.93 2445.04 4487.26 22 0 0 
23 12 19 4358.67 907.807 2450.86 4397.04 21 0 0 
27 14 19 4340.28 887.938 2452.34 4367.97 20 0 0 
31 17 19 4280.39 859.51 2420.88 3846.83 19 0 0 
36 20 19 4147.69 794.21 2353.48 3174.66 18 0 0 
43 24 19 4107.16 771.364 2335.8 2898.64 17 0 0 
47 27 19 4107.16 798.962 2308.2 2881.43 16 0 0 
50 29 19 3999.52 776.453 2223.07 1787.18 14 0 0 
50 29 19 3959.87 765.339 2194.53 1462.67 13 0 0 
57 33 19 3957.53 752.593 2204.93 1428.76 12 0 0 
59 34 19 3945.32 755.882 2189.44 1441.35 11 0 0 
67 39 19 3945.73 740.706 2205.02 1279.09 10 0 0 
67 39 19 3922.74 740.706 2182.03 1165.94 9 0 0 
163 99 19 3877.15 726.965 2150.18 1024.04 8 0 0 
605 384 19 3862.72 716.869 2145.85 916.672 7 0 0 
737 470 19 3862.72 746.696 2116.02 894.907 6 0 0 
978 625 19 3706.27 703.366 2002.9 294.491 5 0 0 
1103 710 19 3696.25 721.298 1974.95 217.763 4 0 0 
1841 1209 19 3696.25 698.345 1997.9 202.439 3 0 0 
