Agent: 0ids: 39 15 41 17 22 30 6 40 27 26 25 20 36 18 33 10 24 37 5 47 32 42 12 34 46 23 45 29 13 44 2 
Agent: 1ids: 37 25 22 0 17 13 28 34 10 42 2 
Agent: 2ids: 1 13 21 33 32 25 8 20 26 39 35 48 17 23 3 49 45 16 44 18 31 47 43 46 28 19 36 2 0 22 38 11 4 12 40 6 42 27 9 15 7 14 29 
Agent: 3ids: 34 31 27 
Agent: 4ids: 46 37 34 14 11 19 8 13 26 44 36 45 43 42 17 41 3 18 48 39 7 21 25 10 4 38 12 33 31 0 28 16 27 9 22 40 5 15 35 49 47 
Agent: 5ids: 4 47 28 7 34 45 2 9 36 18 26 19 40 20 43 22 27 31 16 24 39 46 
Agent: 6ids: 22 
Agent: 7ids: 46 34 24 14 39 37 12 27 2 43 44 48 42 20 36 22 49 25 0 10 17 15 11 
Agent: 8ids: 42 20 8 14 11 44 43 3 2 12 35 24 37 29 17 13 46 5 39 28 36 15 40 
Agent: 9ids: 40 43 30 29 41 5 12 4 9 45 6 10 32 33 34 8 14 37 24 13 44 22 1 26 18 46 49 23 39 36 17 16 35 2 31 21 19 42 0 27 15 38 47 48 28 7 11 3 20 
Agent: 10ids: 15 36 40 22 24 33 34 32 29 30 37 21 2 47 13 26 39 8 38 28 19 11 3 1 49 0 43 16 10 4 14 25 46 6 44 27 45 20 41 31 48 5 18 42 12 17 23 
Agent: 11ids: 44 47 30 14 31 15 23 39 45 48 33 7 19 20 17 10 49 46 40 
Agent: 12ids: 9 24 23 37 39 25 3 45 42 8 48 41 29 43 31 6 21 20 2 36 40 17 26 30 
Agent: 13ids: 3 19 11 41 39 13 10 9 35 43 15 36 23 38 48 4 20 49 25 5 7 31 12 17 22 1 2 44 14 47 28 37 40 29 6 0 46 30 24 42 16 32 45 
Agent: 14ids: 31 40 2 22 14 27 1 12 42 6 49 3 44 19 10 20 15 39 11 35 43 38 23 29 18 32 25 26 24 4 47 
Agent: 15ids: 22 4 45 19 8 18 7 42 29 25 11 12 33 27 35 20 5 10 36 26 37 14 48 13 21 44 31 6 49 28 1 0 46 43 23 38 30 2 24 16 15 
Agent: 16ids: 9 23 33 5 27 26 31 30 20 7 35 38 40 3 46 29 42 13 
Agent: 17ids: 11 24 47 28 7 3 43 27 49 37 1 14 8 12 35 9 29 19 5 17 
Agent: 18ids: 35 27 0 13 4 45 2 48 47 43 30 3 36 21 10 29 18 49 24 1 14 32 37 34 20 11 31 28 16 23 7 15 5 38 12 9 6 41 42 25 22 
Agent: 19ids: 31 43 12 45 27 38 8 9 24 29 47 3 1 46 30 
Agent: 20ids: 16 38 42 2 11 3 21 17 45 25 33 34 20 39 5 8 10 49 9 44 15 26 6 41 22 40 14 0 48 23 18 30 43 1 19 35 24 
Agent: 21ids: 49 33 14 32 38 13 39 34 6 20 19 47 15 3 41 16 17 40 26 18 
Agent: 22ids: 25 24 27 41 21 19 2 42 29 36 37 28 33 16 35 47 34 45 40 8 
Agent: 23ids: 6 18 33 13 46 20 26 42 28 7 0 3 8 19 49 25 22 37 16 41 4 9 11 15 23 32 
Agent: 24ids: 14 44 21 19 1 4 28 20 6 18 40 29 13 46 12 9 5 43 45 8 33 35 11 39 34 16 48 25 41 0 15 17 23 47 
Agent: 25ids: 28 35 32 49 8 39 18 37 38 1 46 36 24 11 17 30 31 12 48 25 7 44 5 2 45 19 29 23 47 16 33 
Agent: 26ids: 47 5 21 4 43 32 25 37 10 31 22 45 44 15 2 49 40 11 18 28 24 14 39 13 34 29 3 48 38 33 17 19 16 35 30 26 23 
Agent: 27ids: 39 17 22 48 0 19 37 21 15 18 26 4 41 9 28 10 20 30 43 14 16 8 29 38 31 13 33 44 23 1 42 
Agent: 28ids: 44 16 10 9 39 46 22 41 11 0 18 40 5 12 3 7 13 15 19 35 21 34 30 37 47 26 31 24 6 48 33 27 43 
Agent: 29ids: 4 9 25 33 14 21 38 20 18 31 0 32 42 7 26 
Agent: 30ids: 42 22 41 47 30 5 8 49 21 23 11 37 4 17 44 14 
Agent: 31ids: 21 40 8 32 41 46 29 33 42 16 15 39 26 3 10 13 36 9 30 22 49 45 25 12 18 43 1 20 6 31 17 44 5 11 35 24 38 48 23 37 7 34 27 14 19 
Agent: 32ids: 24 10 41 45 38 49 30 15 42 14 36 22 37 16 29 8 40 2 6 
Agent: 33ids: 34 29 0 18 39 26 3 48 45 20 16 32 17 5 40 19 12 38 14 4 42 9 41 43 
Agent: 34ids: 32 38 28 31 46 26 12 35 22 2 1 40 21 8 18 49 17 13 19 23 16 24 
Agent: 35ids: 25 9 17 3 4 13 28 16 46 8 11 10 
Agent: 36ids: 24 31 46 41 19 45 1 34 16 27 8 40 43 6 33 15 12 14 26 17 10 25 47 38 11 20 44 28 22 29 7 37 2 18 
Agent: 37ids: 7 4 14 18 31 11 5 45 47 22 1 30 
Agent: 38ids: 49 37 20 41 14 9 25 34 40 19 24 13 15 16 42 43 11 26 38 7 27 12 2 22 5 17 45 3 39 30 48 44 23 8 28 6 18 4 10 46 
Agent: 39ids: 33 46 1 8 9 2 43 19 0 45 15 35 23 38 3 10 41 7 17 36 6 20 42 26 16 29 12 14 18 44 34 39 27 22 21 28 48 47 49 11 31 24 5 25 
Agent: 40ids: 22 18 11 30 27 14 25 44 24 6 38 46 28 26 48 3 32 17 13 39 2 49 12 16 35 0 43 21 40 29 1 19 7 9 42 33 10 8 
Agent: 41ids: 42 30 29 22 41 44 24 35 27 15 3 37 
Agent: 42ids: 23 40 31 39 25 16 1 47 26 3 9 15 20 29 24 38 7 14 19 
Agent: 43ids: 42 31 49 22 
Agent: 44ids: 48 7 0 21 17 15 2 8 5 16 20 33 38 22 26 13 44 30 3 35 43 36 11 39 28 49 47 45 40 6 23 46 34 27 37 24 10 18 9 19 12 29 42 25 4 1 14 
Agent: 45ids: 13 34 18 9 14 19 6 12 11 41 48 38 20 21 39 33 4 29 
Agent: 46ids: 12 49 36 41 48 5 0 14 38 45 32 
Agent: 47ids: 3 37 25 15 36 6 34 30 46 10 5 33 23 44 49 32 28 41 11 13 29 45 26 21 19 12 47 42 0 
Agent: 48ids: 8 9 37 
Agent: 49ids: 25 43 31 33 30 13 12 5 18 47 40 49 39 41 29 6 11 46 45 42 23 10 44 27 48 20 14 
0 0 19 5786.67 1277.04 3509.63 20417.6 86 46 3 
1 0 19 5088.91 1291.82 2797.09 10215.5 46 105 1 
1 0 19 5226.07 1286.27 2939.8 12806.6 44 80 1 
2 0 19 5188.86 1253.29 2935.57 12452.9 42 80 1 
5 1 19 5067.91 1257.49 2810.42 11487.1 41 102 1 
5 1 19 5073.22 1296.69 2776.53 11436.7 40 102 1 
7 2 19 4767.53 1056.56 2710.97 9538.59 38 66 1 
7 2 19 4770.86 1069.37 2701.49 9386.6 36 66 1 
8 3 19 4728.05 1107.71 2620.34 7019.02 34 12 1 
9 4 19 4697.62 1123.55 2574.08 7037.7 33 12 1 
10 4 19 4698.38 1111.06 2587.31 6997.91 32 12 1 
13 6 19 4625.75 1115.07 2510.68 6450.63 31 14 1 
16 8 19 4597.02 1113.31 2483.71 6467.34 30 14 1 
18 9 19 4559.25 1130.87 2428.38 6242.97 29 14 1 
19 9 19 4564.9 1117.21 2447.69 6244.19 28 14 1 
24 13 19 4451.16 1127.47 2323.69 5891.37 27 1 1 
28 15 19 4445.5 1087.08 2358.42 5571.79 26 0 0 
39 22 19 4445.59 1047.9 2397.69 5495.94 25 0 0 
39 22 19 4223.18 1026.57 2196.6 3392.2 24 0 0 
40 23 19 4151.46 1007.24 2144.22 3409.22 23 0 0 
49 28 19 4102.7 967.059 2135.64 3103.79 22 0 0 
56 32 19 4059.7 975.977 2083.72 2862.08 21 0 0 
64 38 19 4041.45 956.257 2085.19 2793.82 20 0 0 
73 43 19 3984.88 965.517 2019.36 2495.55 19 0 0 
73 43 19 3961.43 957.305 2004.12 2417.04 18 0 0 
87 52 19 3985.5 983.199 2002.3 2373.72 17 0 0 
102 61 19 3940.51 937.604 2002.91 2334.79 16 0 0 
136 83 19 3913.18 931.265 1981.92 2237.92 14 0 0 
145 89 19 3875.38 887.733 1987.65 1957.66 13 0 0 
311 195 19 3903 904.596 1998.41 1915.98 12 0 0 
392 246 19 3899.53 894.976 2004.55 1834.98 11 0 0 
745 472 19 3846.85 879.552 1967.3 1445.56 10 0 0 
956 602 19 3850.17 900.07 1950.1 796.302 9 0 0 
966 608 19 3739.44 838.422 1901.01 494.884 8 0 0 
1117 706 19 3728.75 810.154 1918.59 474.115 7 0 0 
1134 717 19 3727.35 805.04 1922.31 491.528 6 0 0 
1163 737 19 3731.02 799.77 1931.25 469.085 5 0 0 
1539 983 19 3719.59 783.439 1936.16 373.804 4 0 0 
1615 1033 19 3692.18 771.274 1920.9 265.586 3 0 0 
3972 2604 19 3678.6 745.82 1932.78 126.375 2 0 0 
