Agent: 0ids: 23 47 29 41 5 
Agent: 1ids: 21 31 45 32 11 42 7 37 33 3 16 2 25 43 13 39 40 28 17 27 18 1 15 24 14 46 8 
Agent: 2ids: 45 41 18 12 8 15 23 19 39 33 36 49 1 26 48 28 9 11 17 25 3 35 31 14 46 4 2 30 5 0 10 27 24 13 
Agent: 3ids: 9 14 24 
Agent: 4ids: 10 17 4 24 35 47 32 20 6 16 12 46 13 15 39 21 5 31 3 44 38 43 19 7 1 42 41 8 2 30 25 27 14 18 23 0 22 45 48 40 33 26 37 11 36 9 34 29 28 
Agent: 5ids: 44 20 15 7 29 10 43 31 30 12 6 25 16 39 35 27 14 42 19 13 28 47 1 0 24 5 17 
Agent: 6ids: 26 11 39 6 2 0 
Agent: 7ids: 4 32 29 1 40 39 47 20 37 17 0 31 8 2 18 43 12 21 27 16 34 26 19 
Agent: 8ids: 1 36 33 16 18 9 40 49 26 35 23 5 22 21 2 29 39 31 19 11 42 41 10 20 12 37 17 0 38 32 25 3 6 34 27 7 30 4 47 24 
Agent: 9ids: 6 47 12 
Agent: 10ids: 29 42 40 19 22 11 14 44 26 38 33 15 25 10 23 6 31 39 2 21 1 46 27 34 5 47 30 45 16 4 37 8 9 17 7 48 36 13 
Agent: 11ids: 8 42 23 13 35 37 25 21 33 48 41 9 22 14 20 46 1 49 45 5 15 16 19 17 32 38 7 39 34 26 0 44 11 6 12 27 28 10 43 29 2 18 36 24 31 30 3 40 
Agent: 12ids: 21 15 14 11 23 4 27 9 31 33 1 20 13 26 46 41 25 35 34 29 10 19 17 6 32 40 8 7 0 48 22 39 18 30 47 36 43 44 
Agent: 13ids: 48 32 28 13 47 42 16 40 
Agent: 14ids: 48 12 32 27 20 37 18 2 36 10 42 23 30 15 22 45 5 11 47 9 38 0 25 19 
Agent: 15ids: 8 32 10 35 20 13 19 30 11 29 41 46 44 38 23 37 45 12 24 3 2 43 7 31 14 1 49 
Agent: 16ids: 17 1 40 35 38 25 48 15 23 19 24 28 13 39 36 47 0 3 43 49 37 41 22 21 2 32 26 6 12 27 5 11 45 4 31 10 16 29 
Agent: 17ids: 45 2 3 28 33 8 41 46 12 39 19 26 37 5 30 44 27 40 43 6 49 34 13 14 22 21 
Agent: 18ids: 27 30 7 39 43 9 31 2 48 22 6 4 47 23 35 19 17 12 28 11 29 13 36 18 10 25 41 45 1 37 49 40 44 34 16 38 8 24 14 15 33 
Agent: 19ids: 26 19 43 0 46 14 7 30 20 1 5 10 27 25 35 32 39 4 8 37 12 41 21 24 44 38 29 49 2 45 47 42 15 
Agent: 20ids: 31 13 11 19 47 30 1 37 44 42 40 
Agent: 21ids: 46 3 37 48 11 31 45 38 33 28 
Agent: 22ids: 42 49 5 3 16 4 28 34 
Agent: 23ids: 22 6 5 38 35 48 
Agent: 24ids: 49 11 47 25 17 28 5 35 36 15 7 43 34 3 4 40 18 6 0 14 32 20 46 26 39 27 19 48 23 13 21 42 44 38 45 37 
Agent: 25ids: 17 38 40 47 48 10 41 14 49 25 23 44 2 26 45 4 15 0 12 29 22 33 27 1 6 18 20 32 28 42 37 46 7 39 5 21 3 43 8 35 16 9 31 
Agent: 26ids: 10 36 30 21 12 17 40 45 28 20 18 43 42 39 1 23 3 0 5 8 14 47 32 29 13 22 49 4 44 11 27 48 37 24 2 38 7 9 16 
Agent: 27ids: 47 48 9 4 41 1 36 28 35 22 46 12 39 30 27 40 6 25 49 34 32 38 21 11 37 19 13 18 15 42 8 
Agent: 28ids: 3 44 23 45 48 40 
Agent: 29ids: 32 3 19 12 6 48 8 31 28 40 5 20 21 34 29 26 44 
Agent: 30ids: 38 17 43 25 18 35 46 22 31 12 7 16 13 6 33 45 2 39 10 44 5 1 
Agent: 31ids: 47 7 37 22 26 14 40 48 15 24 34 44 1 8 13 38 32 20 2 35 0 39 42 16 10 3 5 45 23 43 30 28 29 36 46 12 11 9 21 
Agent: 32ids: 19 
Agent: 33ids: 13 36 34 41 48 11 20 15 
Agent: 34ids: 45 40 27 34 37 41 42 44 21 7 46 10 3 13 43 18 24 47 28 48 8 16 35 17 31 14 
Agent: 35ids: 23 49 6 15 22 32 41 0 43 11 33 40 18 14 17 7 12 46 4 38 25 
Agent: 36ids: 13 0 26 24 12 30 39 40 4 14 9 16 35 25 34 43 21 19 31 6 48 17 29 33 47 10 45 41 28 37 15 23 7 42 11 38 27 49 3 44 22 20 46 5 1 32 18 
Agent: 37ids: 1 44 21 5 36 34 16 28 7 49 12 42 40 31 6 3 43 2 10 8 22 37 11 9 24 48 32 0 38 35 45 
Agent: 38ids: 48 45 38 47 44 34 31 17 7 22 30 35 24 21 42 15 11 13 10 5 4 19 25 2 8 43 20 26 18 16 36 3 29 49 46 0 6 9 28 33 
Agent: 39ids: 38 40 
Agent: 40ids: 41 24 46 48 35 39 0 
Agent: 41ids: 11 20 22 37 4 41 25 15 7 5 27 30 38 10 19 18 3 46 36 8 9 39 42 34 26 32 6 35 31 49 21 13 47 28 2 
Agent: 42ids: 33 32 14 4 39 13 5 16 35 21 24 49 31 41 12 47 22 1 27 34 0 36 28 2 46 8 25 48 6 17 45 29 11 20 3 7 19 26 18 42 15 9 37 38 10 
Agent: 43ids: 20 37 6 33 12 22 13 16 5 25 0 15 27 40 28 47 43 10 32 42 3 46 19 18 2 1 14 30 8 7 26 34 41 11 39 49 36 21 17 9 35 38 44 45 
Agent: 44ids: 13 16 4 44 10 25 2 33 1 22 7 42 28 6 49 17 23 46 29 9 37 35 39 48 47 34 3 40 43 38 41 26 31 32 8 36 12 0 19 27 30 45 
Agent: 45ids: 37 35 44 5 41 18 45 23 3 42 38 20 
Agent: 46ids: 17 12 22 46 15 6 36 11 10 40 39 38 34 
Agent: 47ids: 22 9 15 26 27 42 25 3 32 35 12 19 49 
Agent: 48ids: 8 23 
Agent: 49ids: 9 7 4 48 33 3 45 19 26 27 15 37 41 32 23 43 20 36 35 14 31 21 49 0 11 30 24 38 2 47 5 42 28 29 46 18 16 12 40 10 25 1 39 
0 0 19 6092.62 1392.19 3700.42 18055.1 89 124 1 
0 0 19 5086.35 1175.94 2910.42 11992.2 45 102 1 
0 0 19 5307.32 1243.85 3063.46 12092.1 44 26 1 
1 0 19 5123.45 1145.15 2978.3 10141.4 40 26 1 
1 0 19 5039.12 1119.93 2919.18 10125.4 39 26 1 
1 0 19 5002.56 1142.18 2860.38 13232.2 37 115 1 
4 0 19 4915.38 1069.45 2845.93 12651.6 36 113 1 
7 2 19 4760.99 962.792 2798.2 8020.7 35 13 1 
8 3 19 4705.12 950.124 2754.99 7425.53 34 6 1 
8 3 19 4542.76 920.531 2622.23 10309.8 32 143 1 
9 4 19 4504.65 974.982 2529.67 10001.6 31 162 1 
12 5 19 4598.9 903.648 2695.25 6869.22 30 6 1 
15 7 19 4603.19 909.444 2693.74 6903.68 29 6 1 
18 8 19 4556.17 929.434 2626.73 5996.51 27 6 1 
20 10 19 4473.74 920.468 2553.27 5331.34 26 54 1 
20 10 19 4457.51 903.31 2554.2 5328.14 24 46 1 
22 11 19 4412.18 907.645 2504.53 5268.26 23 58 1 
23 11 19 4347.31 857.473 2489.84 5469.78 22 63 1 
34 18 19 4209.38 866.358 2343.03 2954.52 21 2 1 
34 18 19 4179.94 877.682 2302.25 3011.16 19 0 0 
66 36 19 4177.19 895.496 2281.69 2920.42 18 0 0 
84 46 19 4121.78 898.811 2222.96 2293.06 17 0 0 
113 65 19 4105.14 856.288 2248.85 2049.58 16 0 0 
121 69 19 4105.14 856.12 2249.02 1969.77 15 0 0 
137 79 19 4018.45 836.052 2182.4 1513.92 14 0 0 
171 100 19 4007.07 813.932 2193.14 1420.14 13 0 0 
183 107 19 3977.81 806.484 2171.33 1182.07 12 0 0 
187 110 19 3947.43 814.952 2132.47 1122.06 11 0 0 
215 128 19 3896.65 812.785 2083.87 883.025 10 0 0 
248 148 19 3894.61 845.347 2049.27 845.059 9 0 0 
270 162 19 3915.28 858.293 2056.98 802.151 8 0 0 
302 183 19 3895.01 851.924 2043.09 700.809 7 0 0 
327 199 19 3883.07 809.044 2074.02 568.302 6 0 0 
610 379 19 3871.07 791.204 2079.87 487.134 5 0 0 
1287 806 19 3860.99 771.434 2089.56 369.428 4 0 0 
4469 2682 19 3814.41 762.835 2051.58 279.428 3 0 0 
