0 0 19 6187.33 1283.34 3903.98 31680.3 88 155 3 
0 0 19 5254.09 1105.45 3148.64 17908.5 44 168 2 
0 0 19 5115.4 1050.38 3065.02 15200 43 169 2 
1 0 19 4997.05 1016.76 2980.29 15211.6 42 141 2 
1 0 19 4805.05 967.216 2837.84 6673.93 41 0 0 
2 0 19 4876.57 1162.66 2713.91 7838.47 38 27 1 
5 1 19 4809.07 1148.35 2660.72 7456.34 36 27 1 
6 1 19 4637.59 1044.23 2593.36 6008.95 34 27 1 
6 1 19 4566.66 996.19 2570.47 5642.18 30 27 1 
6 2 19 4578.52 1029.84 2548.67 5637.44 29 32 1 
7 2 19 4603.54 1044.6 2558.95 5458.36 28 32 1 
9 3 19 4582.2 1070.97 2511.23 5470.06 27 32 1 
11 5 19 4510.62 1091.08 2419.55 4945.8 25 32 1 
12 5 19 4490.68 1063.8 2426.88 4769.98 24 32 1 
12 5 19 4459.66 1035.8 2423.86 4620.94 23 32 1 
12 6 19 4448.77 1035.39 2413.38 4261.99 22 32 1 
15 7 19 4306.17 983.465 2322.71 3655 20 58 1 
19 9 19 4254.45 959.774 2294.68 3635.68 19 77 1 
22 11 19 4204.13 943.175 2260.96 3500.28 18 77 1 
29 16 19 4203.42 946.995 2256.42 3470.03 17 91 1 
35 20 19 4180.9 938.062 2242.84 3368.32 16 91 1 
45 26 19 4160.25 918.853 2241.4 2721.05 15 55 1 
50 29 19 4150.21 908.824 2241.38 2567.63 14 55 1 
58 34 19 4081.05 898.821 2182.23 2142.52 13 53 1 
120 72 19 4070.85 884.692 2186.15 1971.23 12 12 1 
131 79 19 4074.78 914.661 2160.12 1913.44 11 12 1 
190 116 19 4063.44 894.912 2168.53 1822.94 10 12 1 
266 163 19 4087.4 883.298 2204.1 1829.55 9 12 1 
746 452 19 4056.57 870.257 2186.32 1537.92 8 0 0 
