0 0 19 5593.62 1145.33 3448.3 25071.2 93 154 2 
0 0 19 5292.26 1340.08 2952.18 14473.4 46 33 2 
1 0 19 5122.37 1206.74 2915.63 9957.98 45 52 1 
1 0 19 5103.68 1122.86 2980.83 12945.7 43 38 1 
2 0 19 5115.02 1154.61 2960.41 10228.7 41 71 1 
2 0 19 4881.21 1104.83 2776.38 9070.61 38 71 1 
5 1 19 4849.17 1080.65 2768.53 8788.34 37 71 1 
6 1 19 4840.38 1061.13 2779.25 8551.9 36 71 1 
10 3 19 4846.84 989.434 2857.4 8620.78 35 71 1 
10 3 19 4822.66 973.861 2848.8 8540.55 34 71 1 
11 4 19 4812.42 1015.57 2796.85 8345.07 33 71 1 
12 4 19 4784.97 993.692 2791.28 8238.02 32 71 1 
15 6 19 4761.33 1031.89 2729.44 8017 31 71 1 
17 7 19 4636.73 946.129 2690.6 8520.87 30 111 1 
20 9 19 4636.73 919.692 2717.04 8492.57 29 111 1 
23 10 19 4523.41 950.387 2573.03 6265.75 27 49 1 
28 13 19 4498.1 932.928 2565.17 5861.18 26 62 1 
28 13 19 4476.03 898.52 2577.51 5933.38 25 60 1 
30 14 19 4443.55 899.038 2544.51 6291.62 24 72 1 
36 17 19 4363.65 844.597 2519.05 4096.03 23 0 0 
41 20 19 4390.24 850.059 2540.18 4266.67 22 0 0 
49 24 19 4362.59 839.737 2522.85 3984.04 21 0 0 
57 29 19 4211.32 793.383 2417.94 3946.46 20 0 0 
59 30 19 4179.05 766.621 2412.43 3100.1 19 0 0 
69 36 19 4174.92 764.125 2410.8 2852.38 18 0 0 
80 42 19 4146.98 773.119 2373.86 3125.2 17 0 0 
85 44 19 4121.97 777.981 2343.99 2536.39 16 2 1 
97 51 19 4131.07 801.214 2329.85 2565.74 15 0 0 
169 91 19 4102.91 792.599 2310.31 2432.65 14 16 1 
256 138 19 4041.84 739.542 2302.3 1945.04 13 1 1 
296 159 19 4018.85 722.275 2296.57 1880.02 12 1 1 
347 186 19 3946.8 706.654 2240.14 1444.13 11 0 0 
361 193 19 3944.17 724.735 2219.44 1399.53 10 0 0 
845 455 19 3905.99 703.445 2202.55 1083.01 9 0 0 
1401 751 19 3899.95 686.306 2213.65 992.907 8 0 0 
2443 1314 19 3885.09 680.409 2204.68 863.195 7 0 0 
2885 1553 19 3829.19 678.093 2151.09 542.833 6 0 0 
4175 2251 19 3792.69 706.314 2086.38 394.443 5 0 0 
4225 2279 19 3810.58 742.15 2068.43 311.928 4 0 0 
4392 2370 19 3799.52 753.719 2045.8 216.488 3 0 0 
