0 0 19 5757.53 1052.39 3705.14 26765.2 84 203 2 
0 0 19 5305.58 1281.61 3023.98 17885.9 44 183 2 
0 0 19 4647.94 1102.56 2545.38 8551.9 40 24 1 
2 0 19 4889.29 1211.39 2677.9 11590.4 39 92 1 
3 0 19 4772.61 1198.03 2574.58 9736.9 36 101 2 
4 1 19 4621.06 1103.49 2517.57 7152.04 34 27 2 
4 1 19 4589.15 1108.98 2480.17 6776 33 40 2 
4 1 19 4548.66 1094.86 2453.8 6239.06 32 32 2 
7 2 19 4524.64 1121.27 2403.37 5482.97 31 38 1 
8 2 19 4485.23 1103.32 2381.91 5465.41 30 38 1 
9 3 19 4465.31 1124.61 2340.7 5250.92 29 38 1 
11 4 19 4392.85 1096.76 2296.08 5090.18 28 38 1 
13 6 19 4422.02 1118.75 2303.28 5102.61 27 38 1 
22 12 19 4411.59 1113.39 2298.2 4969.75 26 38 1 
23 13 19 4407.45 1125.17 2282.28 4938.06 25 38 1 
33 19 19 4371.17 1116.33 2254.83 4480.67 24 18 1 
33 19 19 4359.38 1092.27 2267.11 4394.6 23 18 1 
35 20 19 4349.16 1061.83 2287.33 4067.66 22 18 1 
37 22 19 4311.21 1047.15 2264.07 3618.02 21 0 0 
38 22 19 4303.9 1033.64 2270.26 3574.94 20 0 0 
39 23 19 4302.32 1041.04 2261.29 3540.91 19 0 0 
47 28 19 4300.6 1036.16 2264.44 3501.75 18 0 0 
49 29 19 4215.99 1021.23 2194.76 2769.6 17 0 0 
54 32 19 4208.85 1010.6 2198.25 2596.93 16 0 0 
57 34 19 4170.18 970.651 2199.53 2370.08 15 0 0 
59 35 19 4087.17 943.198 2143.97 2136.26 14 0 0 
66 40 19 4072.95 898.646 2174.31 2151.52 13 0 0 
345 209 19 4048.67 896.546 2152.12 1866.92 12 0 0 
386 234 19 4048.67 901.523 2147.15 1780.81 11 0 0 
597 362 19 4048.67 901.969 2146.7 1735.03 10 0 0 
693 421 19 4143.6 899.189 2244.41 1915.94 9 0 0 
2204 1343 19 4148 890.829 2257.17 1726.59 8 0 0 
2376 1448 19 4034.63 861.054 2173.58 1090.42 7 0 0 
