Agent: 0ids: 32 40 0 42 36 43 24 37 10 4 25 35 29 2 8 1 22 11 17 13 9 
Agent: 1ids: 29 26 43 10 23 3 15 47 9 40 46 20 12 7 2 13 8 14 1 5 4 6 34 30 27 28 42 45 49 48 11 25 32 35 41 33 0 39 21 19 22 16 31 24 37 36 44 18 17 
Agent: 2ids: 18 40 11 24 43 48 6 30 49 35 4 13 42 45 46 25 9 14 33 34 39 31 19 8 36 7 23 44 5 3 38 20 0 1 27 
Agent: 3ids: 41 36 6 12 
Agent: 4ids: 12 38 17 45 25 27 30 13 20 47 44 28 7 39 16 42 1 35 34 43 0 19 9 18 8 
Agent: 5ids: 33 0 44 6 43 45 35 41 32 48 4 31 9 24 16 26 37 1 25 29 27 13 2 28 23 14 17 39 12 49 46 
Agent: 6ids: 40 46 43 24 12 31 19 29 32 16 17 7 37 25 42 21 49 35 15 13 2 11 47 8 4 20 36 0 41 45 18 48 27 39 33 5 38 23 
Agent: 7ids: 0 19 33 34 32 10 9 22 13 15 21 38 35 30 16 39 27 14 28 3 4 6 26 25 31 18 11 2 29 46 44 
Agent: 8ids: 36 32 49 23 18 37 41 25 11 
Agent: 9ids: 10 25 3 35 5 6 20 29 31 11 46 30 24 32 28 0 36 21 16 2 1 18 38 49 15 47 37 14 22 12 4 
Agent: 10ids: 29 25 17 4 37 47 36 18 27 21 11 23 5 40 44 13 19 14 28 9 7 12 24 38 49 16 15 41 32 30 31 42 33 
Agent: 11ids: 44 46 48 14 24 7 35 16 43 17 30 6 28 49 0 22 3 
Agent: 12ids: 31 39 1 15 
Agent: 13ids: 8 35 36 45 9 13 22 26 1 7 11 34 37 14 39 5 47 3 24 38 44 28 17 2 33 4 21 
Agent: 14ids: 10 5 42 20 13 29 1 40 27 0 12 2 9 14 32 11 6 24 17 28 47 34 45 19 8 31 37 36 7 33 23 22 3 48 18 21 44 
Agent: 15ids: 23 12 32 15 28 37 0 30 5 49 40 13 3 9 45 18 19 33 46 11 8 20 17 42 14 10 2 36 16 35 
Agent: 16ids: 43 22 10 35 4 19 46 40 24 27 23 44 32 36 11 39 18 17 33 13 6 45 30 38 21 1 15 20 8 47 25 48 5 41 2 0 3 34 14 16 37 26 12 9 49 31 
Agent: 17ids: 19 27 20 41 33 12 34 47 26 35 1 11 25 44 3 42 32 17 39 45 0 8 48 21 36 28 9 29 18 
Agent: 18ids: 43 22 0 45 47 41 5 
Agent: 19ids: 26 3 9 43 41 35 48 19 36 12 18 46 28 10 5 40 37 15 2 45 14 17 7 38 22 8 20 29 34 27 47 1 30 6 33 11 42 21 25 0 16 13 4 
Agent: 20ids: 29 40 3 22 20 23 24 43 37 
Agent: 21ids: 47 41 4 24 17 16 35 11 46 22 30 12 18 23 2 21 39 20 45 28 1 8 37 49 38 32 44 34 33 0 14 48 6 29 10 9 7 40 
Agent: 22ids: 25 3 10 22 28 36 0 38 9 41 11 47 27 4 37 45 40 30 2 12 23 33 21 24 
Agent: 23ids: 49 44 29 43 16 13 34 2 27 26 36 11 14 45 22 25 3 21 42 1 15 7 0 41 46 10 40 4 24 32 19 47 9 5 31 20 37 
Agent: 24ids: 46 36 14 22 40 
Agent: 25ids: 32 20 4 27 10 33 25 12 18 44 6 8 5 15 1 16 30 23 22 41 38 36 34 14 19 11 39 
Agent: 26ids: 25 24 37 41 27 38 4 39 31 9 36 28 0 40 45 12 35 8 32 15 47 10 14 26 43 48 33 29 21 46 22 20 44 23 34 3 11 49 18 1 19 7 16 42 13 
Agent: 27ids: 38 37 48 21 13 
Agent: 28ids: 49 44 2 48 27 36 8 9 37 45 0 4 24 31 6 26 14 17 15 29 43 30 40 19 42 41 21 1 20 13 32 23 22 10 
Agent: 29ids: 3 0 4 9 35 45 17 43 25 2 30 34 29 22 41 38 33 6 
Agent: 30ids: 45 4 9 15 46 39 6 8 27 5 34 21 25 2 37 20 
Agent: 31ids: 0 34 5 4 9 38 49 25 17 42 28 18 8 20 47 23 36 3 13 27 11 29 33 12 24 1 35 22 15 16 6 46 43 32 19 26 44 37 14 7 41 31 21 39 
Agent: 32ids: 4 10 36 29 12 37 5 24 34 43 47 13 39 30 22 33 16 6 25 9 18 26 31 35 21 46 1 27 40 38 14 48 8 44 23 42 32 11 28 
Agent: 33ids: 4 33 8 29 22 5 35 17 31 16 28 23 47 21 36 25 40 30 39 26 14 49 32 27 20 24 37 9 43 6 1 48 18 13 7 3 46 12 15 38 42 
Agent: 34ids: 8 0 24 18 23 37 30 21 39 11 1 14 4 19 3 32 16 48 44 36 5 46 41 12 49 9 17 28 40 33 7 26 43 31 34 13 42 10 22 45 20 15 25 2 47 29 35 6 
Agent: 35ids: 39 15 4 14 33 18 38 16 46 20 43 9 8 2 3 32 12 29 47 28 22 21 6 10 11 
Agent: 36ids: 38 9 27 46 22 49 31 41 24 5 16 48 39 13 11 43 35 4 15 34 28 40 6 3 1 21 10 7 37 30 32 
Agent: 37ids: 39 10 6 7 43 24 20 32 
Agent: 38ids: 43 19 0 7 3 8 
Agent: 39ids: 48 44 25 6 47 13 1 20 21 10 36 15 49 16 7 26 35 30 39 31 12 24 40 0 14 17 28 4 
Agent: 40ids: 2 7 42 46 
Agent: 41ids: 27 49 44 31 17 29 37 38 22 6 7 10 15 18 46 8 
Agent: 42ids: 15 28 30 27 34 10 43 31 20 45 14 1 11 5 13 38 32 37 6 42 35 19 0 21 36 3 48 44 47 9 24 7 29 17 4 33 12 25 49 16 40 22 26 41 8 39 46 
Agent: 43ids: 2 31 39 37 6 41 22 0 20 28 40 32 7 
Agent: 44ids: 2 27 24 42 49 22 46 9 45 29 26 21 
Agent: 45ids: 28 18 23 15 13 41 20 43 46 4 6 34 2 48 19 47 38 32 0 27 45 30 21 39 22 1 12 16 5 42 35 14 9 10 
Agent: 46ids: 32 49 35 30 8 0 21 47 23 15 22 3 44 18 11 25 42 9 
Agent: 47ids: 5 25 22 11 46 41 3 38 
Agent: 48ids: 35 4 7 24 47 16 12 41 21 2 0 38 
Agent: 49ids: 16 31 47 0 18 3 32 28 30 20 13 41 49 33 23 35 6 1 22 19 12 37 10 40 46 42 39 43 21 9 7 11 34 
0 0 14 6118.38 490.074 4628.3 40132.5 94 551 3 
0 0 14 5064.33 466.51 3597.82 21718.1 58 252 2 
0 0 14 5640.56 792.079 3848.48 29372.4 56 465 3 
1 0 14 5368.4 523.424 3844.98 24454.6 55 329 3 
1 0 14 5665.91 696.498 3969.41 26549.9 54 340 2 
1 0 14 5407.46 586.739 3820.72 23586.6 49 335 2 
4 1 14 5273.09 527.65 3745.44 30057.8 48 399 2 
4 1 14 5090.35 518.535 3571.82 25679.6 45 257 1 
4 1 14 5001.36 485.315 3516.04 25311.7 43 257 1 
6 3 14 4788.07 482.045 3306.02 12479.7 42 108 2 
6 3 14 4763.19 494.495 3268.69 12325.5 41 101 2 
6 3 14 4732.61 490.586 3242.02 11997.3 40 85 3 
7 3 14 4633.54 466.234 3167.31 18447.6 39 203 2 
7 4 14 4658.26 506.776 3151.48 21852 38 290 2 
8 4 14 4658.76 506.776 3151.98 21538.9 37 280 1 
11 7 14 4414.86 386.717 3028.14 14573.4 36 222 2 
11 7 14 4233.67 278.019 2955.65 11179.5 34 163 2 
12 8 14 4127.08 262.387 2864.69 13466 33 231 2 
14 9 14 3994.74 243.278 2751.47 12866.1 32 211 2 
14 9 14 4007.23 295.085 2712.14 7448.2 31 102 2 
15 10 14 3992.64 271.234 2721.41 11737.2 29 225 2 
17 11 14 3706.47 279.506 2426.97 6722.17 28 126 1 
21 15 14 3726.12 277.493 2448.63 7480.33 27 140 1 
24 17 14 3634.6 285.803 2348.8 3630.58 26 11 1 
25 18 14 3628.82 281.634 2347.19 3348.21 25 0 0 
31 22 14 3602.74 276.022 2326.72 3432.79 24 4 1 
47 37 14 3531.28 265.6 2265.68 2988.1 23 0 0 
66 52 14 3470.53 265.6 2204.93 2840.7 22 11 1 
68 54 14 3422.1 247.769 2174.33 2542.28 21 11 1 
71 57 14 3410.12 268.704 2141.41 2293.25 20 11 1 
72 58 14 3432.3 311.198 2121.1 3593.81 19 95 1 
72 58 14 3423.41 294.581 2128.83 3552.85 18 95 1 
73 58 14 3327.31 284.128 2043.18 1600.83 17 0 0 
82 66 14 3203.39 267.74 1935.65 1337.69 16 0 0 
85 68 14 3215.1 261.882 1953.21 1308.34 15 0 0 
89 71 14 3208.68 254.36 1954.32 1364.1 14 0 0 
244 198 14 3203.27 246.899 1956.37 1342.79 13 0 0 
347 283 14 3176.82 219.512 1957.31 1256.56 12 0 0 
452 375 14 3172.94 213.114 1959.82 1154.38 11 0 0 
1324 1136 14 3167.39 202.674 1964.71 1046.49 10 0 0 
1990 1709 14 3159.25 206.351 1952.9 950.039 9 3 1 
2668 2295 14 3150.23 200.823 1949.41 877.979 8 0 0 
