0 0 14 6318.92 1024.07 4294.86 31190 92 345 3 
0 0 14 5121.94 462.547 3659.39 23008.1 60 300 2 
0 0 14 5146.74 472.185 3674.55 23326.4 59 310 2 
1 0 14 5193.15 570.23 3622.92 23184.1 57 303 2 
1 0 14 5332.69 584.073 3748.61 25326.3 54 350 3 
1 0 14 5296.82 572.993 3723.82 21004.1 53 260 2 
1 0 14 5008.54 585.57 3422.97 36726.7 51 380 2 
2 0 14 4870.61 566.668 3303.94 17075.6 50 154 3 
2 0 14 4800.88 578.784 3222.09 16474.8 48 184 3 
4 1 14 4966.62 511.361 3455.26 18622.9 47 189 2 
4 1 14 4937.39 515.179 3422.21 13074.7 46 42 2 
4 1 14 4857.05 519.605 3337.44 12796.9 44 45 2 
6 2 14 4838.72 569.312 3269.41 12262.3 43 130 3 
7 3 14 4798.98 572.945 3226.03 13545.8 42 99 3 
10 6 14 4867.65 612.662 3254.98 13611.7 41 118 3 
11 7 14 4830.49 582.721 3247.77 13072 40 146 3 
12 7 14 4539.39 463.426 3075.96 11482.3 38 63 2 
13 8 14 4385.01 438.648 2946.37 9863.84 37 63 2 
13 8 14 4332.94 428.68 2904.26 9289.08 36 63 2 
14 9 14 4205.11 418.096 2787.02 7924.67 35 62 2 
18 12 14 4146.56 417.151 2729.41 7359.06 34 92 2 
18 12 14 4022.12 406.411 2615.7 6981.81 33 92 2 
18 12 14 4124.21 467.352 2656.86 9342.71 32 138 2 
19 13 14 3993.87 462.28 2531.59 8574.18 31 138 2 
22 16 14 3938.41 414.992 2523.41 8366.76 30 131 2 
25 18 14 3893.23 410.905 2482.33 8180.38 29 121 2 
25 19 14 3887.49 410.905 2476.58 8082.76 28 121 2 
48 38 14 3856.06 389.204 2466.85 7423.15 27 101 2 
66 54 14 3847.35 369.137 2478.21 7157.62 26 112 2 
74 61 14 3808.31 406.271 2402.04 7095.1 25 111 2 
76 62 14 3743.6 383.26 2360.34 6287.87 24 102 2 
80 65 14 3713.76 377.222 2336.54 5745.46 23 94 2 
89 73 14 3705.85 384.963 2320.88 5326.43 22 84 2 
95 78 14 3688.87 374.493 2314.38 4908.11 21 64 2 
105 87 14 3675.91 353.791 2322.12 4849.87 20 64 2 
168 140 14 3666.97 323.98 2342.99 4789.11 19 64 2 
186 155 14 3675.65 321.164 2354.49 4539.24 18 54 2 
215 178 14 3611.43 305.129 2306.3 3869.58 17 54 2 
221 183 14 3564.63 318.856 2245.78 3783.82 16 54 2 
286 240 14 3545.63 297.145 2248.48 3577.7 15 55 2 
296 249 14 3463.92 257.608 2206.31 3174.86 14 9 1 
549 466 14 3534.66 259.211 2275.45 4071.02 13 40 1 
970 834 14 3506.01 234.131 2271.88 3582.27 12 26 1 
1098 946 14 3479.3 229.692 2249.61 3070.93 11 26 1 
1133 976 14 3456.97 228.407 2228.56 2953.19 10 60 1 
1287 1108 14 3357.28 215.274 2142 2033.04 9 40 1 
3703 3230 14 3333.06 215.274 2117.79 1771.02 8 17 1 
