0 0 14 6747.36 825.671 4921.69 34085.1 92 348 2 
0 0 14 5667.72 610.247 4057.47 27276.4 55 389 2 
0 0 14 5479.91 521.6 3958.31 24963.8 52 369 2 
0 0 14 5128.15 446.432 3681.72 20300.8 51 278 3 
3 1 14 5039.88 462.956 3576.93 20043.8 49 290 2 
3 1 14 4934.73 452.908 3481.82 18724 48 287 2 
4 1 14 4828.59 419.531 3409.06 16935.5 47 257 2 
6 3 14 4823.49 419.531 3403.96 16339.8 46 247 2 
6 4 14 4777.31 419.019 3358.29 16242.8 44 237 2 
7 4 14 4773.94 468.019 3305.92 15927.1 43 237 2 
9 6 14 4748.31 466.429 3281.88 16619.9 42 267 2 
10 6 14 4628.21 455.82 3172.39 15547 41 267 2 
12 8 14 4557.31 497.723 3059.59 15550.2 40 343 2 
13 9 14 4462.74 508.709 2954.03 14337.3 39 332 2 
16 11 14 4332.91 506.267 2826.64 9792.49 38 147 2 
20 15 14 4296.55 494.331 2802.21 9434.76 37 163 2 
26 20 14 4179.12 463.571 2715.55 11240.5 36 234 2 
31 24 14 4169.26 450.786 2718.48 11118.4 35 234 2 
32 25 14 4146.31 450.786 2695.52 10368.2 34 204 2 
37 29 14 4104.59 450.786 2653.8 10158.1 33 204 2 
38 30 14 4080.28 454.369 2625.91 10017.1 32 204 2 
40 31 14 4054.52 449.378 2605.14 9282.36 31 190 2 
41 32 14 3987.72 449.875 2537.85 9000.2 30 188 2 
49 39 14 3895.97 406.426 2489.54 8696.97 28 210 2 
49 39 14 3858.47 393.292 2465.18 7941.91 27 183 2 
60 48 14 3599.83 340.37 2259.46 4776.24 26 124 2 
85 69 14 3646.49 279.927 2366.56 5989.73 25 124 2 
87 71 14 3613.94 279.927 2334.01 5649.97 24 92 2 
89 73 14 3573.27 246.178 2327.09 5258.35 23 94 2 
92 76 14 3490.65 246.98 2243.67 4254.36 22 72 2 
93 77 14 3480.48 238.172 2242.31 4180.81 21 72 2 
150 126 14 3466.4 236.281 2230.12 3816.83 20 37 2 
158 132 14 3450.66 235.479 2215.18 3377.42 19 47 2 
1205 1047 14 3436.06 196.937 2239.13 3023.1 18 26 2 
