0 0 14 5842.33 465.54 4376.79 30224.8 92 435 4 
0 0 14 5284.74 484.909 3799.83 20575.1 61 308 3 
1 0 14 5491.73 700.597 3791.13 21083.6 60 142 3 
1 0 14 5528.13 446.998 4081.13 18388.2 57 132 4 
1 0 14 5583.44 608.525 3974.91 23506.1 54 283 3 
1 0 14 5404.29 625.136 3779.16 21907.3 52 215 3 
1 0 14 5160.58 502.984 3657.59 21841.8 50 304 3 
3 0 14 5157.14 502.984 3654.15 21406 49 295 3 
4 1 14 5145.59 480.811 3664.78 20814.1 48 295 3 
5 2 14 5122.86 441.486 3681.37 20769.5 47 286 3 
6 2 14 4980.47 366.727 3613.75 17363.4 45 337 3 
7 3 14 4890.74 302.961 3587.78 17398.1 43 357 3 
7 3 14 4722.25 266.262 3455.99 14736.6 41 344 3 
7 3 14 4711.94 280.952 3430.99 14122.9 40 309 3 
8 5 14 4694.12 270.942 3423.18 13906 39 288 3 
11 6 14 4651.02 259.312 3391.71 13755.2 38 278 3 
12 8 14 4341.7 326.815 3014.89 11206.7 37 231 2 
14 9 14 4335.63 231.263 3104.36 9589.53 33 194 2 
15 9 14 4265.43 231.263 3034.17 9172.52 32 182 2 
19 12 14 4240.3 260.466 2979.83 9074.35 31 182 2 
20 14 14 4169.87 276.997 2892.87 8405.58 30 175 2 
37 26 14 4113.33 313.168 2800.16 7730.36 29 165 2 
42 30 14 4082.13 305.9 2776.23 7520.35 28 155 2 
45 32 14 3913.47 262.526 2650.95 8834.65 27 222 2 
47 34 14 3817.11 293.51 2523.6 6443.99 26 133 2 
49 36 14 3907.36 291.457 2615.9 7394.68 25 146 1 
50 36 14 3757.1 309.566 2447.54 5777.66 24 127 1 
51 37 14 3719.01 231.522 2487.48 5202.86 22 122 2 
59 43 14 3708.71 209.816 2498.89 4959.94 21 122 2 
74 55 14 3678.68 217.207 2461.47 5058.61 20 109 2 
90 68 14 3644.05 218.029 2426.02 4634.77 19 84 1 
160 125 14 3598.24 215.037 2383.2 4157.34 18 53 1 
280 219 14 3520.24 239.099 2281.14 3404.06 17 50 1 
399 314 14 3491.9 210.621 2281.28 3039.42 16 50 1 
528 419 14 3535.64 202.541 2333.1 3018.48 15 60 1 
1078 867 14 3478.15 199.986 2278.17 2649.34 14 40 1 
1981 1624 14 3511.97 238.844 2273.12 2413.51 13 40 1 
3924 3260 14 3468.66 239.786 2228.87 2189.92 12 29 1 
3999 3319 14 3345.05 252.194 2092.85 1530.43 11 0 0 
4019 3335 14 3335.97 276.043 2059.93 1953.95 10 0 0 
