Agent: 0ids: 30 
Agent: 1ids: 28 6 44 25 13 42 47 45 5 32 36 34 24 43 16 48 9 22 49 40 11 37 17 39 20 27 2 4 
Agent: 2ids: 19 12 1 4 28 39 13 27 24 33 38 44 17 35 5 14 42 32 40 43 2 9 
Agent: 3ids: 24 37 32 
Agent: 4ids: 20 46 19 7 6 25 43 8 29 41 0 31 18 32 15 37 34 1 42 13 17 4 22 38 44 30 39 45 3 36 49 12 28 24 27 10 33 
Agent: 5ids: 30 41 44 18 1 10 5 32 0 42 29 3 19 21 24 43 35 49 39 28 37 
Agent: 6ids: 31 43 37 28 16 17 12 4 11 33 45 6 25 46 41 18 34 36 39 47 5 13 19 1 30 10 24 14 48 
Agent: 7ids: 13 20 24 42 5 35 1 32 48 
Agent: 8ids: 33 5 35 11 37 2 9 8 19 25 
Agent: 9ids: 16 39 22 20 40 4 14 34 44 8 11 10 23 21 30 27 33 32 28 
Agent: 10ids: 25 
Agent: 11ids: 45 18 15 14 4 48 30 6 27 23 34 47 
Agent: 12ids: 3 0 20 5 45 42 23 16 38 43 35 11 9 17 28 31 15 41 26 10 12 36 33 1 21 13 34 47 39 18 22 40 8 37 6 44 7 30 24 32 25 46 14 2 19 29 49 27 
Agent: 13ids: 29 1 9 24 38 
Agent: 14ids: 39 31 16 19 34 
Agent: 15ids: 10 32 11 36 42 44 19 2 
Agent: 16ids: 22 47 4 24 13 9 40 5 2 27 12 49 
Agent: 17ids: 27 14 32 4 5 1 19 9 2 6 33 39 0 30 16 45 12 38 15 26 37 35 43 34 42 46 7 11 31 17 3 36 48 10 44 23 29 18 8 28 49 21 
Agent: 18ids: 36 2 28 27 16 15 32 49 35 46 30 44 
Agent: 19ids: 9 45 39 21 19 24 3 
Agent: 20ids: 8 3 29 24 31 15 13 25 48 5 38 10 39 17 37 34 30 18 28 32 19 23 35 4 47 40 7 12 42 
Agent: 21ids: 16 31 23 46 15 4 32 36 26 35 30 40 27 20 33 48 18 5 22 2 25 45 42 41 43 14 44 39 0 17 34 11 19 37 10 49 
Agent: 22ids: 25 2 43 23 20 7 10 19 40 3 49 14 28 48 39 6 31 15 13 34 24 5 36 27 47 12 33 29 30 26 18 35 41 16 42 38 4 17 32 
Agent: 23ids: 0 2 31 28 34 4 36 24 30 11 21 12 46 49 42 48 41 43 33 7 15 44 17 45 22 3 5 37 16 20 9 8 1 23 14 40 35 27 13 26 18 25 6 10 38 19 29 32 39 
Agent: 24ids: 21 9 26 40 7 31 48 33 39 27 45 22 37 2 14 10 8 47 44 34 35 11 5 0 23 
Agent: 25ids: 41 36 0 31 9 33 35 14 7 26 25 20 34 27 10 40 48 8 4 6 30 1 37 38 15 16 12 24 21 47 5 17 49 3 
Agent: 26ids: 10 16 48 43 37 24 31 41 33 19 0 17 40 15 34 20 23 32 3 13 39 9 18 11 38 30 44 28 25 8 14 29 46 21 35 7 42 5 45 22 1 49 
Agent: 27ids: 41 4 39 40 
Agent: 28ids: 30 39 23 18 49 2 13 9 19 21 11 22 35 24 47 6 25 5 
Agent: 29ids: 3 17 42 45 31 10 11 2 9 44 40 
Agent: 30ids: 20 42 1 9 17 29 43 19 25 14 15 41 4 39 7 46 2 23 45 8 35 22 3 10 47 37 12 13 31 26 18 21 6 44 0 38 11 27 28 30 40 49 32 34 5 16 48 36 24 
Agent: 31ids: 42 0 27 15 16 2 9 41 49 13 43 1 39 46 44 48 31 
Agent: 32ids: 13 42 32 47 35 29 41 11 31 9 39 21 7 12 28 
Agent: 33ids: 46 32 42 18 5 40 37 3 23 13 
Agent: 34ids: 17 43 35 34 3 42 5 49 45 11 44 46 25 28 21 0 1 20 37 2 7 27 19 29 38 13 22 16 39 33 9 4 48 24 6 12 36 47 31 18 41 23 
Agent: 35ids: 18 24 38 8 0 5 11 2 31 4 25 46 20 3 36 28 16 32 37 41 48 43 23 6 44 42 21 15 30 39 40 34 12 22 49 19 1 13 10 29 14 45 7 33 27 9 
Agent: 36ids: 4 14 12 35 41 0 32 22 40 47 15 20 24 49 9 38 34 11 29 17 18 46 
Agent: 37ids: 4 17 14 44 28 10 43 22 36 33 31 34 38 32 13 39 12 2 35 26 9 23 11 6 25 15 19 41 46 21 1 48 45 49 16 0 5 3 40 29 37 
Agent: 38ids: 19 30 3 22 21 32 
Agent: 39ids: 17 40 18 15 30 13 33 48 11 1 5 31 44 9 46 32 8 37 14 27 12 29 28 21 39 47 42 3 10 2 
Agent: 40ids: 5 38 48 17 8 
Agent: 41ids: 32 47 12 
Agent: 42ids: 47 14 37 27 19 35 15 11 18 29 3 25 6 4 22 33 13 2 10 48 9 
Agent: 43ids: 46 8 45 1 41 31 19 2 38 48 20 5 12 40 21 23 49 25 33 6 29 13 26 27 42 11 44 35 18 
Agent: 44ids: 21 19 26 30 47 49 14 20 15 48 16 38 41 11 33 0 12 36 23 43 25 27 35 10 3 28 44 24 17 13 8 45 29 22 37 32 34 1 6 2 
Agent: 45ids: 47 3 8 44 46 33 20 43 49 29 38 25 41 26 35 21 1 40 11 22 36 18 28 14 7 48 15 13 9 0 6 42 39 37 5 24 34 10 2 23 30 12 
Agent: 46ids: 28 40 48 12 43 7 33 37 45 0 41 26 47 11 6 34 49 1 5 3 14 24 30 27 39 18 23 29 32 20 10 38 21 8 44 15 13 17 25 9 16 35 31 42 2 19 36 
Agent: 47ids: 37 1 47 26 23 2 0 41 17 6 32 35 42 19 40 31 28 10 12 15 11 34 36 20 39 13 44 9 22 29 25 49 4 18 33 5 
Agent: 48ids: 3 20 47 38 11 36 49 17 
Agent: 49ids: 14 19 32 45 36 
0 0 14 6553.85 910.184 4643.66 34833.4 93 186 3 
0 0 14 5303.09 476.464 3826.63 30881.6 57 381 3 
1 0 14 4994.2 509.33 3484.87 19492.1 56 328 2 
1 0 14 4840.42 461.862 3378.56 14366.7 53 218 3 
2 0 14 5381.89 595.513 3786.37 26496.9 52 388 3 
3 1 14 5316.85 607.109 3709.75 26108.6 51 338 3 
5 2 14 5017.77 464.366 3553.4 24486.7 48 363 2 
5 2 14 4892.48 498.097 3394.38 13523 47 77 3 
5 2 14 4943.96 498.488 3445.47 13440 46 57 3 
5 2 14 4964.66 549.452 3415.21 14874.4 45 83 2 
5 3 14 4759.73 426.017 3333.71 13248.6 44 72 2 
6 3 14 4628.06 473.075 3154.99 14133.4 43 149 2 
8 5 14 4569.96 456.217 3113.74 11899.3 42 95 2 
9 5 14 4462.26 470.955 2991.31 10941.8 41 102 2 
9 6 14 4441.75 459.509 2982.25 10916.3 40 102 2 
11 8 14 4382.62 467.345 2915.27 10090.1 39 72 2 
12 8 14 4318.47 467.345 2851.13 9774.62 38 72 2 
12 8 14 4303.79 451.065 2852.73 9699.21 37 72 2 
16 12 14 4188.34 439.807 2748.53 9009.19 36 62 2 
19 14 14 4161.6 444.721 2716.87 8716.11 35 67 2 
23 17 14 4137.9 432.751 2705.15 8340.05 34 43 1 
26 20 14 4219.54 407.665 2811.88 8224.01 33 43 1 
27 20 14 4136.65 407.665 2728.99 7562.94 32 43 1 
27 21 14 4041.45 409.039 2632.41 6294.42 31 0 0 
29 22 14 3960.51 406.233 2554.28 6174.99 30 15 1 
29 22 14 3912.34 406.233 2506.1 6095.31 29 23 2 
43 34 14 3900.2 398.796 2501.41 6030.79 28 23 2 
49 39 14 3888.13 388.374 2499.76 5679.38 27 14 1 
50 40 14 3900.6 382.753 2517.85 5516.72 26 14 1 
50 40 14 3888.38 382.753 2505.63 5638.68 25 14 1 
67 55 14 3875.04 379.339 2495.71 5542.39 24 14 1 
79 66 14 3788.48 379.339 2409.14 4993.76 23 16 2 
80 67 14 3731.04 348.95 2382.09 4583.13 22 4 1 
96 80 14 3682.65 332.541 2350.11 4225.71 21 20 2 
130 109 14 3662.21 330.996 2331.22 4125.32 20 8 2 
141 118 14 3651.87 315.594 2336.28 3959.33 19 8 2 
144 120 14 3617.79 302.368 2315.42 3791.81 18 38 2 
154 128 14 3603.95 300.973 2302.98 3667 17 38 2 
164 137 14 3547.32 309.596 2237.73 3120.23 16 34 1 
167 140 14 3534.31 297.332 2236.98 2997.03 15 34 1 
206 174 14 3500.91 321.249 2179.66 2886.7 14 34 1 
313 263 14 3488.8 294.55 2194.25 2766.38 13 34 1 
330 277 14 3470.77 266.527 2204.24 2559.71 12 6 1 
2351 1966 14 3467.38 253.435 2213.95 2477.96 11 6 1 
2412 2018 14 3439.33 243.422 2195.91 1985.23 10 6 1 
2668 2228 14 3434.55 238.466 2196.08 1880.3 9 6 1 
2851 2380 14 3290.98 238.463 2052.52 1440.14 8 0 0 
