0 0 14 6711.83 800.132 4911.7 59270.8 86 714 3 
0 0 14 5799.65 612.485 4187.17 45575.1 61 668 3 
0 0 14 5589.89 499.593 4090.29 25683.3 60 235 3 
0 0 14 5545.67 482.027 4063.65 24605.6 59 215 3 
0 0 14 5492.2 595.982 3896.22 26731 57 448 3 
1 0 14 5392.01 557.814 3834.2 23236.2 53 242 3 
2 0 14 5194.52 595.43 3599.09 22336 51 232 3 
2 0 14 4994.74 585.023 3409.72 17956.2 50 190 3 
3 1 14 4962.04 569.64 3392.4 17307.7 49 170 3 
4 1 14 4878.72 552.858 3325.86 16714.5 48 158 2 
4 2 14 4861.6 561.021 3300.58 16718.7 47 158 2 
5 2 14 4751.01 561.021 3189.99 16015.2 46 176 2 
6 3 14 4604.85 596.593 3008.25 11346.7 45 84 1 
8 4 14 4547.68 556.813 2990.86 11534.9 44 70 2 
9 5 14 4524.48 538.217 2986.26 11202.6 43 80 2 
9 5 14 4409.43 477.587 2931.84 13859.2 42 172 2 
9 5 14 4322.29 445.159 2877.14 13176.8 40 192 2 
9 6 14 4303.1 426.841 2876.26 12482.9 39 172 2 
12 7 14 4279 417.868 2861.13 11619.8 38 162 2 
12 8 14 4261.11 417.868 2843.24 10998.9 37 152 2 
12 8 14 4225.8 407.854 2817.95 10791.9 36 145 2 
13 9 14 4144.73 422.908 2721.82 10394.7 34 144 2 
16 11 14 4087.5 418.574 2668.93 9553.86 33 129 1 
20 14 14 4076.02 392.278 2683.74 9136.93 32 115 1 
27 21 14 4115.33 382.2 2733.13 9135.74 31 115 1 
31 24 14 3885.14 407.32 2477.82 7450.64 30 63 2 
32 24 14 3806.31 395.128 2411.19 6089.45 29 51 1 
32 25 14 3760.4 395.128 2365.27 5917.19 28 51 1 
34 26 14 3760.4 409.239 2351.16 5909.89 27 51 1 
36 28 14 3698.89 388.637 2310.25 4901.35 26 25 1 
44 34 14 3683.84 378.563 2305.28 4421.95 25 15 1 
48 38 14 3666.08 327.313 2338.77 5524.47 24 76 2 
53 41 14 3681.11 333.451 2347.66 5145.43 23 46 2 
58 46 14 3686.08 333.451 2352.62 5105.43 22 46 2 
63 50 14 3641.73 311.1 2330.63 5021.05 21 46 2 
65 52 14 3675.46 314.025 2361.44 5224.72 20 44 2 
66 53 14 3626.22 298.124 2328.1 4817.4 19 16 2 
76 61 14 3616.17 281.907 2334.26 4390 18 16 2 
94 76 14 3664.62 276.47 2388.15 4186.69 17 21 1 
97 79 14 3645.63 264.599 2381.03 3788.93 16 0 0 
106 85 14 3628.4 240.496 2387.9 3682.53 15 0 0 
109 88 14 3560.31 234.47 2325.84 3165.18 14 5 1 
143 114 14 3513.15 218.601 2294.55 3004.16 13 5 1 
355 282 14 3472.88 217.659 2255.22 2581.18 12 0 0 
1606 1266 14 3317.48 227.589 2089.89 1845.41 11 0 0 
1614 1273 14 3301.44 187.939 2113.5 1546.66 10 0 0 
1616 1274 14 3250.49 187.939 2062.55 1380.79 9 0 0 
