0 0 14 6278.02 606.65 4671.37 27523.3 87 237 4 
0 0 14 5630.25 637.563 3992.68 26858.7 61 340 3 
0 0 14 5602.32 606.276 3996.05 26367.3 60 324 2 
0 0 14 5150.23 503.973 3646.25 22793.1 56 298 2 
0 0 14 5512.01 764.578 3747.43 24927.2 55 349 3 
1 0 14 4758.38 513.585 3244.8 30794.8 48 483 1 
4 1 14 4722.42 473.061 3249.36 29486.6 47 477 1 
5 2 14 4678.31 451.621 3226.68 30069.3 46 481 2 
5 2 14 4679.41 475.433 3203.98 28345.9 45 503 2 
5 2 14 4506.8 481.46 3025.34 15037.2 44 324 3 
6 3 14 4385.76 514.324 2871.43 13254.3 43 297 3 
7 4 14 4337.69 505.907 2831.79 12933.4 42 297 3 
8 4 14 4233.08 491.9 2741.18 12003.6 41 271 3 
10 6 14 4200.73 458.146 2742.58 11618.9 40 254 3 
12 8 14 4245.16 466.563 2778.6 11779.5 39 240 3 
13 8 14 4226.35 463.665 2762.69 11300.5 38 200 3 
17 12 14 4214.47 481.245 2733.23 10990 37 200 3 
19 13 14 4182.83 476.644 2706.18 10389.4 36 170 3 
21 14 14 4162.61 470.076 2692.53 10186.9 35 155 2 
37 28 14 4165.97 452.607 2713.36 9843.16 34 140 2 
48 37 14 4144.14 431.132 2713.01 9687.12 33 140 2 
50 39 14 4147.2 446.564 2700.64 9116.82 32 153 2 
56 44 14 4020.74 460.862 2559.88 7172.93 31 142 2 
59 47 14 3961.36 408.544 2552.82 6616.61 30 75 2 
61 48 14 3970.33 384.464 2585.87 6298.37 29 74 1 
64 51 14 3967.27 391.978 2575.29 6242.5 28 74 1 
66 53 14 3954.78 380.749 2574.03 5992.14 27 74 1 
68 54 14 3916.38 373.235 2543.14 5575.57 26 74 1 
70 56 14 3916.07 349.769 2566.3 5553.75 25 79 1 
73 59 14 3880.64 326.941 2553.7 5319.87 24 79 1 
73 59 14 3793.05 289.056 2503.99 5583.65 23 82 1 
75 60 14 3756.32 275.928 2480.39 5470.84 22 82 1 
82 66 14 3741.71 280.278 2461.43 5239.52 21 82 1 
110 88 14 3718.67 287.792 2430.88 4846.75 20 82 1 
125 101 14 3679.85 284.751 2395.1 4705.2 19 82 1 
130 105 14 3648.17 272.154 2376.01 4325.31 18 62 1 
130 105 14 3580.52 247.681 2332.84 3878.37 17 62 1 
136 110 14 3547.35 255.195 2292.16 3691.38 16 62 1 
344 276 14 3528.02 242.107 2285.91 3579.49 15 62 1 
388 310 14 3441.15 238.363 2202.79 2740.83 14 32 1 
760 609 14 3359.69 217.578 2142.11 2921.21 13 100 1 
2243 1829 14 3338.7 243.672 2095.03 2386.73 12 82 1 
2932 2392 14 3290.85 233.701 2057.15 1869.09 11 55 1 
