Agent: 0ids: 34 4 13 46 1 16 9 24 45 44 14 32 5 42 49 17 3 20 7 0 
Agent: 1ids: 34 39 38 18 30 13 32 40 14 47 5 
Agent: 2ids: 36 0 14 35 43 28 2 6 45 27 46 38 37 18 34 29 11 9 25 5 26 10 15 16 17 49 30 19 40 20 32 12 48 39 47 22 24 21 1 
Agent: 3ids: 9 15 28 37 13 35 7 2 44 4 23 43 26 45 18 
Agent: 4ids: 30 14 
Agent: 5ids: 39 8 49 37 34 48 46 19 21 22 38 20 26 45 43 44 40 18 0 41 12 2 7 33 3 15 42 13 11 47 32 27 25 1 28 31 36 6 30 24 14 16 9 17 
Agent: 6ids: 12 40 36 47 27 38 29 26 33 5 48 46 8 20 37 18 3 44 30 42 13 7 0 6 14 11 15 41 28 1 35 19 34 10 22 16 45 
Agent: 7ids: 23 42 7 41 18 43 45 10 11 38 35 26 27 13 15 
Agent: 8ids: 41 8 14 26 0 18 28 49 1 23 36 38 
Agent: 9ids: 49 14 12 21 40 20 23 2 6 19 39 45 4 38 29 10 
Agent: 10ids: 5 22 35 4 42 2 6 16 34 26 3 47 43 41 21 39 27 1 40 25 32 9 30 18 14 33 11 23 8 12 15 46 31 17 20 38 49 45 19 0 37 24 44 48 28 10 29 
Agent: 11ids: 5 49 33 17 11 38 8 35 22 28 43 40 
Agent: 12ids: 42 46 11 33 44 39 5 38 40 24 23 22 31 7 34 30 15 45 36 37 4 10 12 20 25 6 49 27 28 1 19 13 43 
Agent: 13ids: 36 16 
Agent: 14ids: 27 19 17 0 30 47 32 15 37 29 42 44 28 
Agent: 15ids: 28 38 16 25 27 26 24 23 15 31 45 36 3 18 5 41 21 0 7 33 20 12 9 48 14 43 30 49 37 40 39 1 29 22 2 17 35 11 13 6 19 47 8 42 4 10 32 
Agent: 16ids: 32 4 2 17 21 40 38 30 13 25 45 28 44 10 37 35 26 48 19 29 3 22 20 39 18 7 46 36 27 0 16 41 1 
Agent: 17ids: 4 20 37 38 7 3 47 11 1 33 34 18 48 6 26 14 46 2 5 35 30 13 42 25 40 39 28 32 10 27 8 41 16 9 22 45 24 19 17 43 21 31 44 12 15 49 29 
Agent: 18ids: 4 7 20 25 0 9 39 24 13 15 45 16 5 43 47 18 17 22 31 19 1 23 36 46 37 42 44 8 26 12 35 6 34 10 3 30 40 33 29 21 38 41 11 27 49 32 2 28 
Agent: 19ids: 46 31 
Agent: 20ids: 41 47 34 6 48 30 22 8 4 14 1 29 26 38 31 18 21 2 33 10 40 16 37 46 36 23 42 20 0 35 13 17 39 27 44 12 49 24 
Agent: 21ids: 38 8 32 14 34 13 39 
Agent: 22ids: 36 26 24 42 20 35 29 48 16 12 25 46 22 0 
Agent: 23ids: 9 29 6 16 19 35 15 44 42 12 33 40 47 2 46 48 38 23 49 30 27 39 
Agent: 24ids: 42 3 26 11 38 21 47 39 18 32 34 13 36 5 25 35 8 
Agent: 25ids: 48 12 
Agent: 26ids: 40 37 30 24 36 6 3 0 31 
Agent: 27ids: 30 46 3 36 29 18 27 42 11 45 31 8 
Agent: 28ids: 21 9 8 43 37 39 35 33 48 22 28 23 0 38 20 24 26 1 2 11 42 4 25 47 40 7 36 14 13 15 44 12 30 45 5 32 18 46 6 3 27 19 29 41 49 10 16 
Agent: 29ids: 27 12 45 40 29 32 5 10 1 13 21 37 6 22 
Agent: 30ids: 24 41 7 46 47 44 45 30 16 13 31 35 1 36 28 11 19 37 6 21 3 49 23 38 2 43 9 40 17 10 29 
Agent: 31ids: 42 38 46 26 17 0 47 35 41 25 19 
Agent: 32ids: 27 14 38 23 48 31 17 8 1 29 18 43 5 12 22 6 20 21 37 
Agent: 33ids: 8 12 38 48 7 31 11 34 16 4 6 5 46 10 47 43 37 23 15 28 9 41 21 0 45 1 35 30 17 
Agent: 34ids: 45 20 47 19 15 4 6 41 8 38 40 3 0 43 
Agent: 35ids: 20 39 37 29 5 32 26 36 13 1 42 33 27 40 43 7 16 15 49 10 12 46 23 9 
Agent: 36ids: 35 7 24 15 41 21 33 0 32 39 28 48 14 40 38 36 12 13 16 1 45 42 46 10 30 8 20 26 6 34 11 22 43 3 4 
Agent: 37ids: 29 8 2 4 30 22 48 40 15 41 5 21 47 12 34 27 49 26 
Agent: 38ids: 40 1 43 38 6 48 3 26 11 19 39 32 30 28 37 42 44 18 29 17 41 46 34 0 27 9 35 31 8 4 21 24 49 20 2 23 5 25 16 15 33 12 22 13 
Agent: 39ids: 24 23 22 27 26 39 32 13 46 25 3 41 47 1 20 8 37 0 45 28 6 33 31 11 30 
Agent: 40ids: 49 12 10 11 33 31 21 48 28 5 41 3 25 40 13 38 17 29 
Agent: 41ids: 7 1 38 
Agent: 42ids: 4 1 35 19 25 32 36 16 47 27 13 20 21 43 41 3 45 24 22 7 31 8 29 23 6 33 
Agent: 43ids: 3 22 15 46 12 30 26 16 31 5 17 24 4 11 32 27 41 43 28 49 37 34 20 38 48 9 39 42 23 8 21 18 47 40 19 
Agent: 44ids: 20 19 10 32 37 16 13 15 30 22 29 43 33 46 38 35 
Agent: 45ids: 35 49 15 38 25 1 28 48 42 4 22 9 13 37 32 46 6 45 27 24 16 26 44 7 33 17 36 21 5 10 34 2 29 41 47 14 18 3 23 30 12 40 0 19 39 8 11 43 
Agent: 46ids: 30 35 14 32 20 24 23 27 48 13 12 9 45 26 1 19 
Agent: 47ids: 8 33 41 43 20 39 10 45 31 6 
Agent: 48ids: 48 49 3 20 46 28 18 24 33 32 11 43 1 30 41 22 44 7 27 
Agent: 49ids: 41 47 13 7 39 1 8 48 23 4 0 20 15 45 21 5 25 
0 0 14 6498.63 635.852 4862.78 32524.6 95 244 3 
0 0 14 5403.33 572.698 3830.64 19044.9 57 227 2 
0 0 14 5469.68 625.324 3844.36 19805.6 54 142 3 
2 0 14 5117.06 455.357 3661.71 19406.8 53 210 2 
2 0 14 5033.28 403.84 3629.44 16609.3 49 210 3 
2 0 14 5051.62 386.657 3664.97 18408.3 48 233 2 
4 1 14 4949.44 375.503 3573.94 15645 47 153 2 
4 2 14 4937.72 404.795 3532.92 17335.3 45 243 2 
4 2 14 4832.33 383.091 3449.24 14818.4 43 177 1 
5 2 14 4781.94 351.989 3429.95 14735.6 42 168 2 
5 2 14 4648.76 331.966 3316.79 15043.2 41 188 2 
7 4 14 4674.26 335.87 3338.39 13933.4 39 175 2 
8 5 14 4570.79 322.715 3248.08 13282.1 38 205 2 
9 6 14 4510.27 326.299 3183.97 12175.8 37 205 2 
11 7 14 4488.79 312.695 3176.1 12028 36 205 2 
13 9 14 4436.46 302.691 3133.77 11471.8 35 205 2 
14 9 14 4244.04 250.816 2993.22 11550.3 33 286 2 
15 10 14 4165.5 276.347 2889.15 10263.4 32 230 2 
16 11 14 4119.48 270.63 2848.85 10099 31 230 2 
18 13 14 4049.96 288.325 2761.63 6208.5 29 104 1 
20 14 14 3973.82 272.708 2701.11 5737.9 28 99 1 
22 16 14 3922.91 267.287 2655.62 5593.06 27 99 1 
25 18 14 3808.43 250.444 2557.99 5219.13 25 141 1 
32 24 14 3798.21 259.628 2538.58 5131.35 24 111 1 
37 28 14 3818.64 259.628 2559.01 4893.2 23 88 1 
43 33 14 3808.45 215.794 2592.66 4790.13 22 88 1 
50 38 14 3679.14 232.188 2446.95 4241.27 21 103 1 
53 41 14 3670.71 221.412 2449.3 4204.64 20 103 1 
64 50 14 3664.59 228.579 2436.01 4116.87 19 103 1 
75 59 14 3642.72 219.178 2423.54 4098.95 18 134 1 
76 60 14 3548.56 223.586 2324.97 3766.36 17 135 1 
121 97 14 3663.78 214.559 2449.22 4126.8 16 129 1 
127 102 14 3511.08 245.334 2265.74 3769.62 15 136 1 
203 165 14 3513.22 292.479 2220.74 3718.96 14 120 1 
943 792 14 3416.55 256.177 2160.38 3309.96 13 113 1 
1415 1181 14 3408.67 206.88 2201.79 2815.66 12 103 1 
