0 0 14 6755.78 1024.04 4731.74 40589 94 339 3 
0 0 14 5464.98 591.654 3873.32 30236.1 60 385 3 
0 0 14 5498.27 609.843 3888.43 36684.2 59 482 3 
0 0 14 5222.29 520.494 3701.79 24405.4 58 344 2 
1 0 14 5613.67 659.572 3954.1 49588.1 56 552 2 
1 0 14 5255.12 657.619 3597.5 23574.5 49 340 3 
2 0 14 5177.43 657.619 3519.81 22734.9 48 340 3 
2 0 14 5156.71 657.619 3499.09 22789.5 47 340 3 
4 1 14 5249.41 502.972 3746.44 18095.4 46 249 3 
4 1 14 5094.09 499.085 3595.01 16667.3 45 229 3 
5 2 14 5063.64 471.098 3592.55 16163.6 44 239 3 
5 2 14 4935.83 450.904 3484.92 15452.2 43 210 4 
5 3 14 4814.97 450.442 3364.53 14174.8 42 176 3 
6 3 14 4659.2 456.47 3202.73 11915.7 41 155 2 
9 5 14 4594.73 454.453 3140.27 10525.2 40 132 2 
11 6 14 4513.6 394.886 3118.71 10439.7 39 132 2 
11 7 14 4413.7 394.886 3018.82 10078.9 37 132 2 
14 9 14 4404.77 378.914 3025.86 9929.24 36 132 2 
18 12 14 4298.65 345.505 2953.14 9253.29 34 93 1 
18 13 14 4200.41 315.43 2884.98 8163.51 33 86 1 
21 14 14 4190.29 315.43 2874.86 7626.23 32 77 1 
22 15 14 4178.59 294.983 2883.61 7267.34 31 80 1 
23 16 14 4117.35 324.337 2793.01 7058.21 29 80 1 
25 17 14 3927.87 286.148 2641.73 4566.82 28 3 1 
28 19 14 3932.99 301.124 2631.87 4605.95 26 3 1 
29 20 14 3824.61 289.231 2535.37 4108.88 25 0 0 
35 24 14 3730.55 289.231 2441.32 3774.54 24 0 0 
36 25 14 3707.17 273.656 2433.52 3629.79 23 0 0 
37 26 14 3617.37 273.136 2344.23 3357.99 22 0 0 
58 41 14 3660.41 287.462 2372.95 3474.42 21 0 0 
61 44 14 3671 283.808 2387.19 3427.33 20 0 0 
65 46 14 3592.88 274.685 2318.2 3076.49 19 0 0 
81 58 14 3581.57 266.088 2315.48 2929.6 18 12 1 
176 130 14 3537.27 261.374 2275.9 2822.98 17 12 1 
323 240 14 3468.96 240.877 2228.09 2487.71 16 12 1 
366 272 14 3539.68 240.877 2298.8 2693.96 15 12 1 
442 329 14 3527.62 223.047 2304.57 2485.43 14 9 1 
484 361 14 3520.91 223.516 2297.39 2464.05 13 9 1 
568 423 14 3450.36 207.143 2243.22 2031.21 12 9 1 
579 432 14 3450.6 186.728 2263.88 2089.26 11 0 0 
2996 2212 14 3396.08 188.319 2207.76 1944.49 10 0 0 
3038 2242 14 3220.63 175.632 2045 1360.99 9 32 1 
3145 2323 14 3215.55 169.84 2045.71 1357.34 8 32 1 
