0 0 14 6673.3 881.511 4791.79 27769.3 88 137 3 
0 0 14 5701.68 736.611 3965.07 23169.9 60 278 3 
0 0 14 5442.02 655.27 3786.75 24347.3 57 351 4 
0 0 14 5289.18 548.533 3740.65 16895.6 55 131 4 
1 0 14 5311.23 529.118 3782.11 22559.2 52 318 3 
1 0 14 5222.15 591.178 3630.97 21969.3 51 292 3 
1 0 14 5174.65 577.906 3596.75 19732.5 49 242 4 
2 0 14 5010.72 521.827 3488.9 16739.6 47 167 4 
4 1 14 4987.55 534.765 3452.79 16049.8 46 177 4 
5 2 14 4975.49 516.484 3459.01 15763.5 45 177 4 
5 2 14 4872.55 511.209 3361.34 14803.3 44 177 4 
6 2 14 4866.29 552.712 3313.58 15143.5 43 227 4 
8 4 14 4805.49 549.202 3256.29 14217.1 42 248 4 
11 6 14 4611.97 502.071 3109.9 13976.8 41 254 3 
14 9 14 4510.17 559.721 2950.45 12623.3 40 255 3 
15 10 14 4423.5 540.193 2883.31 11974.4 39 255 3 
18 12 14 4469.6 462.663 3006.94 12430.4 38 255 3 
20 14 14 4410.27 424.428 2985.84 11717.9 37 245 3 
21 15 14 4368.14 448.591 2919.55 11066.2 36 215 3 
34 25 14 4400.26 448.591 2951.67 10340.9 35 211 3 
38 28 14 4408.67 450.419 2958.25 10944.6 34 211 3 
42 31 14 4381.22 415.063 2966.16 10608.3 33 201 3 
42 32 14 4387.54 419.221 2968.32 10420.8 32 191 3 
45 34 14 4471.72 427.22 3044.5 11311.7 31 240 3 
46 34 14 4443.83 413.22 3030.61 10951.1 30 210 3 
56 42 14 4436.37 395.31 3041.06 11418.6 29 224 3 
60 45 14 4385.08 346.288 3038.79 10802.8 28 211 3 
66 49 14 4340.04 353.389 2986.66 10131.8 27 200 3 
72 54 14 4256.86 338.608 2918.25 9406.86 26 160 3 
104 78 14 4102.71 354.934 2747.78 8118 25 160 3 
107 81 14 3996.79 384.59 2612.2 6759.36 24 146 3 
109 82 14 4007.79 384.59 2623.2 6781.25 23 136 3 
114 86 14 3642.7 366.537 2276.16 4080.23 22 44 2 
117 88 14 3613.49 350.328 2263.16 3697.12 21 38 2 
128 96 14 3596.16 346.631 2249.53 3527.62 20 78 2 
139 106 14 3575.91 334.901 2241.01 3376.29 19 78 2 
142 109 14 3565.14 334.172 2230.97 3302.61 18 78 2 
145 112 14 3575 334.172 2240.83 3436.77 17 83 2 
152 117 14 3553.23 332.411 2220.82 3043.26 16 73 2 
162 126 14 3348.87 288.276 2060.59 2054.73 15 25 1 
164 127 14 3259.44 238.164 2021.28 1645.63 13 9 1 
168 130 14 3248.9 241.764 2007.14 1497.72 12 9 1 
172 133 14 3229.31 241.764 1987.55 1390.63 11 9 1 
372 300 14 3221.24 269.128 1952.11 1301.02 10 9 1 
383 308 14 3204.56 260.857 1943.71 1241.8 9 9 1 
423 339 14 3186.16 247.074 1939.08 1155.62 8 9 1 
