0 0 14 6588.27 700.228 4888.04 39726.8 91 471 2 
0 0 14 5730.3 579.735 4150.56 24061.8 56 260 2 
1 0 14 5564.89 559.693 4005.2 18306.2 55 177 2 
1 0 14 5284.53 603.68 3680.85 32581.3 54 430 2 
1 0 14 5241.68 546.334 3695.35 30066.6 47 397 2 
5 2 14 5153.74 510.784 3642.95 25293.4 45 387 2 
7 4 14 5105.37 535.826 3569.54 24640.6 44 357 2 
8 4 14 5096.59 533.86 3562.73 24418 43 360 2 
11 6 14 5085.74 502.555 3583.19 23145.3 42 354 2 
14 8 14 4968.75 486.467 3482.28 22788.6 41 361 2 
16 10 14 4846.98 478.804 3368.17 20369.5 39 329 2 
18 11 14 4719.97 453.674 3266.29 18177.6 38 269 2 
19 12 14 4771.36 453.674 3317.68 17524.5 37 269 2 
20 13 14 4649.77 451.148 3198.62 16473.4 36 277 2 
21 15 14 4544.69 380.608 3164.08 15294.4 35 241 2 
22 15 14 4541.97 370.113 3171.86 14643.4 34 221 2 
22 15 14 4453.79 392.285 3061.5 13890.8 33 221 2 
26 18 14 4418.37 381.403 3036.97 13676.1 32 230 2 
30 21 14 4349.8 366.403 2983.4 12665.6 31 200 2 
36 25 14 4108.41 357.06 2751.34 9594.55 30 184 1 
38 27 14 3912.74 330.789 2581.95 9979.87 29 186 2 
41 29 14 3957.97 319.691 2638.28 10166.2 28 192 2 
47 33 14 3961.37 342.189 2619.18 9893.23 27 172 2 
57 41 14 3942.42 335.011 2607.41 9381.65 26 180 2 
60 43 14 3917.03 322.093 2594.94 8778.48 25 171 2 
83 60 14 3850.79 310.779 2540.01 7675.53 24 173 1 
100 73 14 3838.89 292.182 2546.71 7180.08 23 173 1 
116 84 14 3613.06 282.993 2330.06 5879.02 22 175 1 
125 91 14 3542.21 273.508 2268.7 5164.11 21 182 1 
141 103 14 3525.45 228.928 2296.52 5076.84 20 182 1 
206 151 14 3523.29 212.908 2310.38 5128.28 19 179 1 
389 287 14 3506.28 231.82 2274.46 4547.86 18 198 1 
699 518 14 3415.41 240.928 2174.48 3428.27 16 148 1 
822 609 14 3376.9 239.684 2137.22 3008.53 15 125 1 
996 740 14 3331.6 228.631 2102.97 2831.98 14 125 1 
1545 1158 14 3341.49 211.524 2129.97 2674.93 13 125 1 
1672 1252 14 3282.51 208.431 2074.08 2605.23 12 125 1 
