0 0 14 6644.09 926.702 4717.39 33117.8 91 216 4 
0 0 14 5786.64 681.884 4104.76 19703.6 60 161 2 
0 0 14 5391.74 496.391 3895.35 22726.1 55 372 3 
0 0 14 5314.24 454.825 3859.42 21745.6 54 372 3 
1 0 14 5120.93 523.504 3597.43 33314.6 52 508 3 
1 0 14 5100.04 519.866 3580.17 32115.8 51 483 3 
1 0 14 5051.86 469.827 3582.04 31408.3 50 463 3 
4 1 14 5122.27 496.081 3626.19 33082.6 49 506 2 
4 1 14 5050.78 502.843 3547.93 30449.2 48 483 2 
6 3 14 4916.87 473.843 3443.03 30469.4 47 493 2 
8 4 14 4655.28 409.015 3246.27 14739 45 244 2 
9 5 14 4638.89 397.269 3241.63 14587 44 244 2 
13 7 14 4547.25 407.792 3139.46 13705.3 43 239 2 
13 8 14 4414.4 372.355 3042.05 8571.27 42 16 2 
15 9 14 4387.66 366.502 3021.16 8306.82 41 16 2 
17 10 14 4289.9 390.756 2899.15 7535.7 40 4 1 
21 13 14 4182.4 406.164 2776.23 10138.7 38 138 2 
27 17 14 4188.58 386.74 2801.84 10147.9 37 138 2 
28 18 14 4123.01 407.995 2715.02 10077.8 36 138 2 
31 20 14 4088.11 366.66 2721.45 9142.94 35 139 2 
36 23 14 4015.97 345.181 2670.79 7834.15 34 145 2 
48 31 14 3993.22 323.788 2669.43 7814.8 33 183 1 
49 32 14 3968.67 329.27 2639.4 7809.63 32 183 1 
62 42 14 3910.16 311.626 2598.54 7506.26 31 193 1 
68 45 14 3878.05 307.15 2570.9 6915.74 30 174 1 
81 54 14 3836.75 307.15 2529.6 7245.67 29 176 1 
88 59 14 3802.65 305.95 2496.7 6660.55 28 157 1 
93 63 14 3814.73 323.339 2491.39 6657.18 27 142 1 
94 63 14 3785.16 304.649 2480.51 6626.04 26 142 1 
102 69 14 3910.87 309.24 2601.63 6295.35 25 130 1 
107 73 14 3898.14 305.59 2592.55 6193.92 24 130 1 
122 82 14 3910.4 305.59 2604.81 6200.12 23 130 1 
125 84 14 3893.71 308.412 2585.29 6097.94 22 130 1 
160 106 14 3844.68 273.134 2571.55 5381.44 21 121 1 
311 208 14 3833.41 287.963 2545.45 4902.67 20 101 1 
317 212 14 3713.95 287.963 2425.99 4269.49 19 91 1 
365 246 14 3707.31 234.123 2473.19 4093.31 18 81 1 
370 250 14 3730.68 254.775 2475.91 4383.61 17 87 1 
379 255 14 3715.17 253.218 2461.95 4209.79 16 87 1 
463 312 14 3667.47 261.543 2405.92 4018.66 15 65 1 
478 323 14 3505.11 249.475 2255.64 2958.17 14 28 1 
502 339 14 3488.6 234.646 2253.95 3275.41 13 44 1 
1317 895 14 3472.42 231.633 2240.78 3204.07 12 44 1 
1585 1075 14 3407.91 236.018 2171.89 2668.11 11 34 1 
2703 1831 14 3365.85 224.983 2140.87 2540.68 10 0 0 
